 hdrupd8 vsn 1.6  A70821
******************************************************************
Executing IRAC science pipeline
******************************************************************
Pipeline executing sanity_datatype
sanity_datatype -i ../fos16.fits -t1 cdf/sanity_datatype1.tbl -t2 cdf/sanity_datatype2.tbl -o1 qa/sanity_datatype1.tbl -o2 qa/sanity_datatype2.tbl 
******************************************************************
Program Sanity_datatype is started .... Version 1.0, Sat Jan  9 14:56:16 2016
Input Image File = ../fos16.fits
Input Data Table 1 = cdf/sanity_datatype1.tbl
Input Data Table 2 = cdf/sanity_datatype2.tbl
Output Filename1 = qa/sanity_datatype1.tbl
Output Filename2 = qa/sanity_datatype2.tbl
Log File = stdout
I_Debug = 0
I_Verbose = 0
I_SuperVerbose = 0
Processing time: 0.080000 seconds
Program Sanity_datatype is done. Version 1.0, Sat Jan  9 14:56:16 2016


sanity_datatype   exit_value =   0    execution_time = 0.410s
******************************************************************
Pipeline executing qatool
qatool -i ../fos16.fits -n cdf/pn107.nl -nb QATOOLDCE -a /sos/sw/S19.2.0/STUDIO/downlink/include -o qa/DCE_qatool 
******************************************************************
qatool_parse_namelist: Information only: Namelist block-name = &QATOOLDCE
Program qatool, Version 6.0
Namelist File  = cdf/pn107.nl
Input File = ../fos16.fits
Output Data Filename Base = qa/DCE_qatool
Statistics Group = 0
Percent-Scaling Flag = 0
Calculation Type = 1
(set-up to do additional computations for four readout channels)
Number of Mean Absolute Deviations for Histogram Half-Width Coverage = 5
Number of Bins in Histograms = 41
Central fraction for trimmed average = 0.810000
Central fraction for trimmed std. dev. = 0.720000
Bad-pixel tolerance fraction = 0.340000
Statistics Box X position = 3
Statistics Box Y position = 4
Statistics Box X width = 27
Statistics Box Y height = 33
Input-Image Transpose Flag = 1
Unsigned Integer Flag = 0
Data-Plane Flag = 1
Number Edge Rows/Cols Skipped = 10
Keyword Prefix = dce
Ancillary Data-File Path = /sos/sw/S19.2.0/STUDIO/downlink/include
Verbose flag = 0
Super-verbose flag = 0
Debug flag = 0
Performed statistical and histogram calculations.
Program qatool: Status Message: 0x0000
Normal exit from Function 0x0000: LOG_WRITER
Processing time: 0.760000 seconds
Current date/time: Sat Jan  9 14:56:18 2016
Program qatool, version 6.0, terminated.

qatool   exit_value =   0    execution_time = 0.850s
******************************************************************
Pipeline executing sanity_check
sanity_check -i qa/DCE_qatool.tbl -o qa/sanity_check.tbl 
******************************************************************
Program Sanity_check is started .... Version 1.0, Sat Jan  9 14:56:21 2016

Input File = qa/DCE_qatool.tbl
Output = qa/sanity_check.tbl
Processing time: 0.020000 seconds
Current date/time: Sat Jan  9 14:56:21 2016
Program Sanity_check, version 1.0, terminated.

sanity_check   exit_value =   0    execution_time = 0.280s
******************************************************************
Pipeline executing abad_repair
abad_repair -i ../fos16.fits -o abad_repair.fits 
******************************************************************
Pipeline Module ABAD_REPAIR Version 1.2
Processing time Sat Jan  9 14:56:22 2016

ABAD_READ_DATA: A0752D00 = 0
status from read: 1
npixs = 65536
enter output with 0
files ../fos16.fits !abad_repair.fits 
open output [!abad_repair.fits]
comment [Sat Jan  9 14:56:22 2016]
Time = 0.050 seconds
exit code 0

abad_repair   exit_value =   0    execution_time = 0.100s
******************************************************************
Pipeline executing tranhead
tranhead -i abad_repair.fits -n cdf/pn107.nl -k /scr/S19.2.0/cdf/ctd/telemetry_dictionary.dat -a /sos/sw/S19.2.0/STUDIO/downlink/include -o tranhead.fits -t, cdf/Keyword_Include_List.dat 
******************************************************************

Program tranhead, Version 13.2
Namelist File  = cdf/pn107.nl
Input File = abad_repair.fits
Dictionary File = /scr/S19.2.0/cdf/ctd/telemetry_dictionary.dat
CTD Version String = 3.0.94S
Keyword-Include-List File = cdf/Keyword_Include_List.dat
Translated-Keyword File = tranhead.hdr
CSPICE leapseconds kernel = /scr/S19.2.0/cdf/spice/leapseconds.ker
CSPICE SCLK_SCET kernel = /scr/S19.2.0/cdf/spice/sclk_scet.ker
CSPICE Spitzer Ephemeris = /scr/S19.2.0/cdf/spice/sirtf.bsp
CSPICE Planets Ephemeris = /scr/S19.2.0/cdf/spice/de.bsp
Output File = tranhead.fits
Operation Type = 1
FITS-Header Comment Flag = 1
SCLK correction factor = 1.000380
Ignore Frames (1st) = -1
Ignore Frames (2nd and higher) = -1
Central fraction for trimmed average  = 0.900000
Central fraction for trimmed std. dev. = 0.900000
Gain = 3.710000
Gain_RdOutCh_1 = 3.710000
Gain_RdOutCh_2 = 3.710000
Gain_RdOutCh_3 = 3.710000
Gain_RdOutCh_4 = 3.710000
Ancillary Data-File Path = /sos/sw/S19.2.0/STUDIO/downlink/include
Verbose flag = 0
Super-verbose flag = 0
Debug flag = 0
Configured to perform forward FITS keyword translation.
tranhead Status Message: 0x0000
Normal exit from Function 0x0000: LOG_WRITER
A total of        0   NaN's were produced in the results.
Processing time: 0.340000 seconds
Current date/time: Sat Jan  9 14:56:23 2016
Program tranhead, version 13.2, terminated.

tranhead   exit_value =   0    execution_time = 0.450s
 hdrupd8 vsn 1.6  A70821


LabDark

chan, frametime, hdy, extrpt = 2, 2.00, F, 233
expid  adceid  repidx  =  181,  0,  0 

SkyDarkaor template time = 2
hdy  repidx =  F  0
expid  ext-repeat  =  181  233

******************************************************************
Pipeline executing caltrans
caltrans -n cdf/pn107.nl -m 2 -a 7 -b /scr7/S19.2.0/dlcaldata/irac -s tranhead.fits -o cal -u SUB -jk1 CHNLNUM -jv1 2 -ja1 N -ju1 0 -js1 flip -jk2 CHNLNUM;AFOWLNUM;AWAITPER;FRAMTIME;HDRMODE -jv2 2;8;184;2.00;F -ja2 N;N;N;N;S -ju2 0;0;0;0;0 -js2 sigma;cmask -jk3 CHNLNUM;AFOWLNUM;AWAITPER;FRAMTIME;HDRMODE -jv3 2;8;184;2.00;F -ja3 N;N;N;N;S -ju3 0;0;0;0;0 -js3 cmask -jk4 CHNLNUM -jv4 2 -ja4 N -ju4 0 -js4 cmask -jk5 CHNLNUM -jv5 2 -ja5 N -ju5 0 -js5 cmask -jk6 CHNLNUM -jv6 2 -ja6 N -ju6 0 -jk7 CHNLNUM;AFOWLNUM;AWAITPER -jv7 2;8;184 -ja7 N;N;N -ju7 0;0;0 -jk8 CHNLNUM;AFOWLNUM;AWAITPER -jv8 2;8;184 -ja8 N;N;N -ju8 0;0;0 -e CALTRANSsciSUB 
******************************************************************

Online Namelist file descriptor associated
Online namelist buffer loaded: length = 7422

Warning !:  Ancillary file #1  with full suffix filename  '/sos/archive/fallbacks/IRAC004600/SUB_2s_2sf8d1r1_ch2_v2.0.0_dark_sigma.fits'  NOT in archive/sandbox !!.
Proceed to the next suffix fileprocessing .....

Warning !:  Ancillary file #2  with full suffix filename  '/sos/archive/fallbacks/IRAC004600/SUB_2s_2sf8d1r1_ch2_v2.0.0_dark_cmask.fits'  NOT in archive/sandbox !!.
Proceed to the next suffix fileprocessing .....

Warning !:  Ancillary-suffix file #1: '/scr7/S19.2.0/dlcaldata/irac/fb1502_SUB_2s_2sf8d1r1_ch2_v2.0.0_dark_sigma.fits'  could NOT be identified on cache.
Processing continues ..... 


Warning !:  Ancillary-suffix file #2: '/scr7/S19.2.0/dlcaldata/irac/fb1502_SUB_2s_2sf8d1r1_ch2_v2.0.0_dark_cmask.fits'  could NOT be identified on cache.
Processing continues ..... 


Warning !:  Ancillary file #1  with full suffix filename  '/sos/archive/fallbacks/IRAC005300/lincal_b2_sa_011410_cmask.fits'  NOT in archive/sandbox !!.
Proceed to the next suffix fileprocessing .....

Warning !:  Ancillary-suffix file #1: '/scr7/S19.2.0/dlcaldata/irac/fb1579_lincal_b2_sa_011410_cmask.fits'  could NOT be identified on cache.
Processing continues ..... 

  Printing Log output to stdout...


Program CALTRANS, Version 4.0
Command-Line Namelist Filename  = cdf/pn107.nl
Command-Line Namelist Section = CALTRANSsciSUB
CalTrans Execution Mode  = 2
CalID = 7
Input Calibration Type list = pmask;labdark;skydark;lincal;sky_flat;fluxconv;muxbleed_lut;muxbleed_coeff
Input Calibration Rule list = 0;0;300;0;0;0;0;0
Input Generic Outfname list = pmask.fits;labdark.fits;skydark.fits;lincal.fits;skyflat.fits;fluxconv;muxbleed_lut;muxbleed_coeff
Science DCE Filename = tranhead.fits
CAL Destination Path = cal
Processing time: 0.460000 seconds
Current date/time: Sat Jan  9 14:56:39 2016
Program CALTRANS, version 4.0, terminated with status = 16

CalTrans exits with status = 16



caltrans   exit_value =  16    execution_time = 0.600s
******************************************************************
Pipeline executing insbposdom
insbposdom -i tranhead.fits -o insbposdom.fits 
******************************************************************
Pipeline Module INSBPOSDOM Version 1.1
Processing time Sat Jan  9 14:56:39 2016

Sat Jan  9 14:56:39 2016
Time = 0.030 seconds
exit code 0

insbposdom   exit_value =   0    execution_time = 0.080s
******************************************************************
Pipeline executing cvti2r4
cvti2r4 -i insbposdom.fits -a 0.5625 -b 0 -d cal/dmask_for_raw.fits -o cvti2r4.fits -m row 
******************************************************************
 SIRTF I*2-to-R*4 Data Cube Conversion program vsn 1.31 A61025
 Input file:  insbposdom.fits
 Using offset =    0.562500
 Using BLANK-fill value:   0
 Output file: cvti2r4.fits
 Missing-data pattern specified as rows

cvti2r4   exit_value =   0    execution_time = 0.330s
Image has barrel shift = 3
Computed truncation correction 0.5*(1-2^-ABARREL) = 0.5625
******************************************************************
Pipeline executing hdrupd8
hdrupd8 cvti2r4.fits -a cdf/hdrupd8_cubify.dat -d cdf/hdrupd8_planify.dat 
******************************************************************
 hdrupd8 vsn 1.6  A70821
 WARNING: keyword to be deleted not found: NAXIS3  

hdrupd8   exit_value =   0    execution_time = 0.320s
******************************************************************
Pipeline executing hdrupd8
hdrupd8 dmask.fits -a cdf/hdrupd8_cubify.dat -d cdf/hdrupd8_planify.dat 
******************************************************************
 hdrupd8 vsn 1.6  A70821
 WARNING: keyword to be deleted not found: NAXIS3  

hdrupd8   exit_value =   0    execution_time = 0.370s
******************************************************************
Pipeline executing iracwrapdet1
iracwrapdet1 -i cvti2r4.fits -n cdf/pn107.nl -p cal/pmask.fits -d dmask.fits -w wmask.fits -v 
******************************************************************
Pipeline Module IRACWRAPDET1 Version 1.4
Processing time Sat Jan  9 14:56:51 2016
iracwrapdet1_parse_args: Namelist File = 	cdf/pn107.nl
iracwrapdet1_parse_args: Pmask File = 	cal/pmask.fits
iracwrapdet1_parse_args: Dmask File = 	dmask.fits
iracwrapdet1_parse_args: Wmask File = 	wmask.fits
iracwrapdet1_parse_args: Input File = 	cvti2r4.fits
iracwrapdet1_parse_args: I_Verbose = 			1
chn 2 framtim 2.000000
iracwrapdet1_read_data: Data read from file:
cvti2r4.fits
iracwrapdet1_read_data: I_NX = 32
iracwrapdet1_read_data: I_NY = 32
iracwrapdet1_read_data: I_NZ = 64
iracwrapdet1_parse_namelist: Namelist File = 	cdf/pn107.nl
Coeff used: 55000.000000 55000.000000 55000.000000 55000.000000
iracwrapdet1_compute_results: Numerical Computations finished
Sat Jan  9 14:56:51 2016
iracwrapdet1_output: Results written to file(s).
Time = 0.010 seconds
iracwrapdet1_error_handler: Error Handler finished.
iracwrapdet1_exit: Memory Deallocated.
exit code 0

iracwrapdet1   exit_value =   0    execution_time = 0.050s
******************************************************************
Pipeline executing iracwrapdet2
iracwrapdet2 -i cvti2r4.fits -n cdf/pn107.nl -p cal/pmask.fits -d dmask.fits -w wmask.fits -a /sos/sw/S19.2.0/STUDIO/downlink/include 
******************************************************************

Program iracwrapdet2, Version 1.4
Namelist File  = cdf/pn107.nl
FITS Input Image = cvti2r4.fits
Pmask File = cal/pmask.fits
Dmask File = dmask.fits
Wmask File = mask.fits
M-Level       chan1     chan2     chan3     chan4
            55000.0   55000.0   55000.0   55000.0
Tolerance     chan1     chan2     chan3     chan4
             1200.0    1200.0    1200.0    1200.0
Pmask Maximum = 65535
Dmask Maximum = 65535
Ancillary Data-File Path = /sos/sw/S19.2.0/STUDIO/downlink/include
Verbose flag = 0
Super-verbose flag = 0
Debug flag = 0
iracwrapdet2 Status Message      0x0000
Normal exit from Function 0x0000: LOG_WRITER
Processing time: 0.150000 seconds
Current date/time: Sat Jan  9 14:56:52 2016
Program iracwrapdet2, version 1.4, terminated


iracwrapdet2   exit_value =   0    execution_time = 0.190s
******************************************************************
Pipeline executing iracwrapcorr
iracwrapcorr -i cvti2r4.fits -p cal/pmask.fits -d dmask.fits -w wmask.fits -o iracwrapcorr.fits 
******************************************************************
Pipeline Module IRACWRAPCORR Version 1.3
Processing time Sat Jan  9 14:56:52 2016
iracwrapcorr_parse_namelist: Information only: Namelist not specified.
Sat Jan  9 14:56:52 2016
Time = 0.040 seconds
exit code 0

iracwrapcorr   exit_value =   0    execution_time = 0.090s
******************************************************************
Pipeline executing iracnorm
iracnorm -i iracwrapcorr.fits -p cal/pmask.fits -d dmask.fits -o iracnorm.fits 
******************************************************************
Pipeline Module IRACWNORM Version 1.10
Processing time Sat Jan  9 14:56:53 2016

Sat Jan  9 14:56:53 2016
Time = 0.030 seconds
exit code 0

iracnorm   exit_value =   0    execution_time = 0.090s
******************************************************************
Pipeline executing iracebwc
iracebwc -i iracnorm.fits -n cdf/pn107.nl -p cal/pmask.fits -d dmask.fits -o iracebwc.fits 
******************************************************************
Pipeline Module IRACEBWC Version 1.2
Processing time Sat Jan  9 14:56:53 2016

Sat Jan  9 14:56:53 2016
Time = 0.040 seconds
exit code 0

iracebwc   exit_value =   0    execution_time = 0.080s
HDR mode   =  f
AOR Template Time     =  2
DCE Frame Time    =  2.00
EXTRpt     =  233
Frame NOBF =  0
From sub determine_delays:
   aottime = 2
   aordelay = 222.190359962807
   stellarmode = f
   expid=181
imdly = 1.35435999713897
frmdly = 1.35435999713897

Immed  Delay = 1.35435999713897
Frame  Delay = 1.35435999713897

 hdrupd8 vsn 1.6  A70821
 hdrupd8 vsn 1.6  A70821
 hdrupd8 vsn 1.6  A70821
 hdrupd8 vsn 1.6  A70821
 hdrupd8 vsn 1.6  A70821
 hdrupd8 vsn 1.6  A70821
 hdrupd8 vsn 1.6  A70821
******************************************************************
Pipeline executing darksubng
darksubng -i iracebwc.fits -a /sos/sw/S19.2.0/STUDIO/downlink/include -p cal/pmask.fits -d dmask.fits -o labdarksub.fits -cc cal/labdark.fits -v 
******************************************************************
/sos/sw/S19.2.0/STUDIO/downlink/bin/darksubng: namelist not given
/sos/sw/S19.2.0/STUDIO/downlink/bin/darksubng: input uncertainty image not given
/sos/sw/S19.2.0/STUDIO/downlink/bin/darksubng: output uncertainty image not given
/sos/sw/S19.2.0/STUDIO/downlink/bin/darksubng: WARNING no uncertainty calculations will be performed
/sos/sw/S19.2.0/STUDIO/downlink/bin/darksubng: Namelist               = []
/sos/sw/S19.2.0/STUDIO/downlink/bin/darksubng: Input image            = [iracebwc.fits]
/sos/sw/S19.2.0/STUDIO/downlink/bin/darksubng: Input uncertainty      = []
/sos/sw/S19.2.0/STUDIO/downlink/bin/darksubng: Output image           = [!labdarksub.fits]
/sos/sw/S19.2.0/STUDIO/downlink/bin/darksubng: Output uncertainty     = []
/sos/sw/S19.2.0/STUDIO/downlink/bin/darksubng: Dark                   = [cal/labdark.fits]
/sos/sw/S19.2.0/STUDIO/downlink/bin/darksubng: Pmask file             = [cal/pmask.fits]
/sos/sw/S19.2.0/STUDIO/downlink/bin/darksubng: Pmask fatality bitmask = [65536]
/sos/sw/S19.2.0/STUDIO/downlink/bin/darksubng: Dmask file             = [dmask.fits]
/sos/sw/S19.2.0/STUDIO/downlink/bin/darksubng: Dmask fatality bitmask = [65536]
/sos/sw/S19.2.0/STUDIO/downlink/bin/darksubng: Cmask file             = []
/sos/sw/S19.2.0/STUDIO/downlink/bin/darksubng: Cmask fatality bitmask = [65536]
/sos/sw/S19.2.0/STUDIO/downlink/bin/darksubng: Logfile                = []
/sos/sw/S19.2.0/STUDIO/downlink/bin/darksubng: Ancillary Path         = [/sos/sw/S19.2.0/STUDIO/downlink/include]
/sos/sw/S19.2.0/STUDIO/downlink/bin/darksubng: Uncertainty calculations will not be made
/sos/sw/S19.2.0/STUDIO/downlink/bin/darksubng: WARNING cal/labdark.fits has no BUNIT key
/sos/sw/S19.2.0/STUDIO/downlink/bin/darksubng: WARNING assuming cal/labdark.fits is in DN
/sos/sw/S19.2.0/STUDIO/downlink/bin/darksubng: WARNING cal/labdark.fits has no EXPTIME key
/sos/sw/S19.2.0/STUDIO/downlink/bin/darksubng: WARNING cal/labdark.fits has no GAIN keywords
/sos/sw/S19.2.0/STUDIO/downlink/bin/darksubng: compute - performing any unit conversions
/sos/sw/S19.2.0/STUDIO/downlink/bin/darksubng: compute - starting subtraction with masking 
/sos/sw/S19.2.0/STUDIO/downlink/bin/darksubng: Processing successful; Exiting

darksubng   exit_value =   0    execution_time = 0.140s
READ Noise !! =  9.4
******************************************************************
Pipeline executing snestimator
snestimator -i labdarksub.fits -n cdf/pn107.nl -a /sos/sw/S19.2.0/STUDIO/downlink/include -p cal/pmask.fits -d dmask.fits -on sig_snestimator.fits -g 3.71 -r 9.4 
******************************************************************
verbose 0

Program SNESTIMATOR, Version 1.5
Namelist File  = cdf/pn107.nl
Input FITS Image = labdarksub.fits
Noise Image = sig_snestimator.fits
Denominator type = IRAC_MODEL
Edge Pixels Excluded = 0
Gain Channel 1 = 3.710000 Channel 2 = 3.710000 Channel 3 = 3.710000 Channel 4 = 3.710000
Read Noise = 9.400000
Confusion Sigma = 0.000000
Ancillary Data-File Path = /sos/sw/S19.2.0/STUDIO/downlink/include
Verbose flag = 0
Super-verbose flag = 0
Debug flag = 0
snestimator Status Message      0x0000
Normal exit from Function 0x0000: LOG_WRITER
Processing time: 0.090000 seconds
Current date/time: Sat Jan  9 14:57:21 2016
Program SNESTIMATOR, version 1.5, terminated


snestimator   exit_value =   0    execution_time = 0.170s
******************************************************************
Pipeline executing darksubng
darksubng -i iracebwc.fits -iu sig_snestimator.fits -a /sos/sw/S19.2.0/STUDIO/downlink/include -p cal/pmask.fits -d dmask.fits -o labdarksub.fits -ou sig_labdarksub.fits -cc cal/labdark.fits -v 
******************************************************************
/sos/sw/S19.2.0/STUDIO/downlink/bin/darksubng: namelist not given
/sos/sw/S19.2.0/STUDIO/downlink/bin/darksubng: Namelist               = []
/sos/sw/S19.2.0/STUDIO/downlink/bin/darksubng: Input image            = [iracebwc.fits]
/sos/sw/S19.2.0/STUDIO/downlink/bin/darksubng: Input uncertainty      = [sig_snestimator.fits]
/sos/sw/S19.2.0/STUDIO/downlink/bin/darksubng: Output image           = [!labdarksub.fits]
/sos/sw/S19.2.0/STUDIO/downlink/bin/darksubng: Output uncertainty     = [!sig_labdarksub.fits]
/sos/sw/S19.2.0/STUDIO/downlink/bin/darksubng: Dark                   = [cal/labdark.fits]
/sos/sw/S19.2.0/STUDIO/downlink/bin/darksubng: Pmask file             = [cal/pmask.fits]
/sos/sw/S19.2.0/STUDIO/downlink/bin/darksubng: Pmask fatality bitmask = [65536]
/sos/sw/S19.2.0/STUDIO/downlink/bin/darksubng: Dmask file             = [dmask.fits]
/sos/sw/S19.2.0/STUDIO/downlink/bin/darksubng: Dmask fatality bitmask = [65536]
/sos/sw/S19.2.0/STUDIO/downlink/bin/darksubng: Cmask file             = []
/sos/sw/S19.2.0/STUDIO/downlink/bin/darksubng: Cmask fatality bitmask = [65536]
/sos/sw/S19.2.0/STUDIO/downlink/bin/darksubng: Logfile                = []
/sos/sw/S19.2.0/STUDIO/downlink/bin/darksubng: Ancillary Path         = [/sos/sw/S19.2.0/STUDIO/downlink/include]
/sos/sw/S19.2.0/STUDIO/downlink/bin/darksubng: Uncertainty calculations will be made
/sos/sw/S19.2.0/STUDIO/downlink/bin/darksubng: WARNING cal/labdark.fits has no BUNIT key
/sos/sw/S19.2.0/STUDIO/downlink/bin/darksubng: WARNING assuming cal/labdark.fits is in DN
/sos/sw/S19.2.0/STUDIO/downlink/bin/darksubng: WARNING cal/labdark.fits has no EXPTIME key
/sos/sw/S19.2.0/STUDIO/downlink/bin/darksubng: WARNING cal/labdark.fits has no GAIN keywords
/sos/sw/S19.2.0/STUDIO/downlink/bin/darksubng: compute - performing any unit conversions
/sos/sw/S19.2.0/STUDIO/downlink/bin/darksubng: compute - starting subtraction with masking 
/sos/sw/S19.2.0/STUDIO/downlink/bin/darksubng: Processing successful; Exiting

darksubng   exit_value =   0    execution_time = 0.190s
******************************************************************
Pipeline executing fowlinearize
fowlinearize -i1 labdarksub.fits -i3 sig_labdarksub.fits -n cdf/pn107.nl -a /sos/sw/S19.2.0/STUDIO/downlink/include -ip cal/pmask.fits -i2 cal/lincal.fits -id dmask.fits -o1 fowlinearize.fits -o2 sig_fowlinearize.fits -c 10 
******************************************************************

Program FOWLINEARIZE, Version 4.9
Namelist File  = cdf/pn107.nl
Input File 1 = labdarksub.fits
Input File 2 = cal/lincal.fits
Input File 3 = sig_labdarksub.fits
Model_Flag(1=quad. 2=cubic) = 1
Clock_Readout(10=sub-array, 200=full-array) = 10.000000
Input PMask Image = cal/pmask.fits
Unusable PMask Bits = 16384
Input DMask Image = dmask.fits
Unusable DMask Bits = 8192
Not-linearized DMask Bit = 4096
Not-linearized DMask Bit due to lincal-model saturation = 8192
Output File 1 = fowlinearize.fits
Output File 2 = sig_fowlinearize.fits
Ancillary Data-File Path = /sos/sw/S19.2.0/STUDIO/downlink/include
Verbose flag = 0
Super-verbose flag = 0
Debug flag = 0
Performed linearity correction.
Program fowlinearize: Status Message: 0x0000
Normal exit from Function 0x0000: LOG_WRITER
Processing time: 0.290000 seconds
Current date/time: Sat Jan  9 14:57:23 2016
Program FOWLINEARIZE, version 4.9, terminated.

fowlinearize   exit_value =   0    execution_time = 0.380s
Read Noise =  9.4
 hdrupd8 vsn 1.6  A70821
******************************************************************
Pipeline executing bgmodel
bgmodel -i fowlinearize.fits -n cdf/pn107.nl -h 
******************************************************************

Online Namelist file descriptor associated
Online namelist buffer loaded: length = 7422
bgmodel_log_writer: Printing Log output to stdout
bgmodel  Version 1.0
Namelist File  = cdf/pn107.nl
Input Image = fowlinearize.fits
Ephemeris = /scr7/S19.2.0/cdf/spice/sirtf.bsp
LeapSec Kernel = /scr7/S19.2.0/cdf/spice/leapseconds.ker
SPK Kernel = /scr7/S19.2.0/cdf/spice/de.bsp

bgmodel  Status Message      0x0000: No error.
Time = 0.070 seconds

Background exits with status = 0


bgmodel   exit_value =   0    execution_time = 0.130s
******************************************************************
Pipeline executing hdrupd8
hdrupd8 fowlinearize.fits -a addkeys.dat 
******************************************************************
 hdrupd8 vsn 1.6  A70821

hdrupd8   exit_value =   0    execution_time = 0.470s
SkyDk Med DN      = 16.56367 
Exposure time     = 1.92
SkyDk Med DN rate = 8.62691145833333
Flux Conv         = 0.1447 
SkyDk Med Flux    = 1.24831408802083
Image File = fowlinearize.fits 

 hdrupd8 vsn 1.6  A70821
 hdrupd8 vsn 1.6  A70821
 hdrupd8 vsn 1.6  A70821
 hdrupd8 vsn 1.6  A70821
 hdrupd8 vsn 1.6  A70821
******************************************************************
Pipeline executing darksubng
darksubng -i fowlinearize.fits -iu sig_fowlinearize.fits -a /sos/sw/S19.2.0/STUDIO/downlink/include -p cal/pmask.fits -d dmask.fits -o skydarksub.fits -ou sig_skydarksub.fits -cc cal/skydark.fits -v -c cal/skydark_cmask.fits 
******************************************************************
/sos/sw/S19.2.0/STUDIO/downlink/bin/darksubng: namelist not given
/sos/sw/S19.2.0/STUDIO/downlink/bin/darksubng: Namelist               = []
/sos/sw/S19.2.0/STUDIO/downlink/bin/darksubng: Input image            = [fowlinearize.fits]
/sos/sw/S19.2.0/STUDIO/downlink/bin/darksubng: Input uncertainty      = [sig_fowlinearize.fits]
/sos/sw/S19.2.0/STUDIO/downlink/bin/darksubng: Output image           = [!skydarksub.fits]
/sos/sw/S19.2.0/STUDIO/downlink/bin/darksubng: Output uncertainty     = [!sig_skydarksub.fits]
/sos/sw/S19.2.0/STUDIO/downlink/bin/darksubng: Dark                   = [cal/skydark.fits]
/sos/sw/S19.2.0/STUDIO/downlink/bin/darksubng: Pmask file             = [cal/pmask.fits]
/sos/sw/S19.2.0/STUDIO/downlink/bin/darksubng: Pmask fatality bitmask = [65536]
/sos/sw/S19.2.0/STUDIO/downlink/bin/darksubng: Dmask file             = [dmask.fits]
/sos/sw/S19.2.0/STUDIO/downlink/bin/darksubng: Dmask fatality bitmask = [65536]
/sos/sw/S19.2.0/STUDIO/downlink/bin/darksubng: Cmask file             = [cal/skydark_cmask.fits]
/sos/sw/S19.2.0/STUDIO/downlink/bin/darksubng: Cmask fatality bitmask = [65536]
/sos/sw/S19.2.0/STUDIO/downlink/bin/darksubng: Logfile                = []
/sos/sw/S19.2.0/STUDIO/downlink/bin/darksubng: Ancillary Path         = [/sos/sw/S19.2.0/STUDIO/downlink/include]
/sos/sw/S19.2.0/STUDIO/downlink/bin/darksubng: Uncertainty calculations will be made
/sos/sw/S19.2.0/STUDIO/downlink/bin/darksubng: compute - performing any unit conversions
/sos/sw/S19.2.0/STUDIO/downlink/bin/darksubng: compute - starting subtraction with masking 
/sos/sw/S19.2.0/STUDIO/downlink/bin/darksubng: Processing successful; Exiting

darksubng   exit_value =   0    execution_time = 0.200s
******************************************************************
Pipeline executing darkdrift
darkdrift -i skydarksub.fits -iu sig_skydarksub.fits -n cdf/pn107.nl -a /sos/sw/S19.2.0/STUDIO/downlink/include -o1 darkdrift.fits -o2 darkdriftcorr.fits -o3 darkdrift.tbl -ou sig_darkdrift.fits 
******************************************************************
Program darkdrift, Version 4.1
Namelist File  = cdf/pn107.nl
Input Image = skydarksub.fits
Input Uncertainty Image = sig_skydarksub.fits
Output Image 1 (corrected image) = darkdrift.fits
Output Image 2 (corrections) = darkdriftcorr.fits
Output Image 3 (uncertainties) = sig_darkdrift.fits
Output File 3 = darkdrift.tbl
Central fraction for trimmed average  = 0.900000
Central fraction for trimmed std. dev. = 0.900000
Time_Input = 0.250000
Time_Before = 0.000000
Time_After = 1.000000
Temp_Input = 270.000000
Temp_Before = 280.000000
Temp_After = 260.000000
Calculation Type = 1
Input-Image Transpose Flag = 1
Multiplicative-Correction Flag (Additive if zero) = 0
Readout Channel to exclude (none if zero) = 0
Data-Plane Flag = 1
Ancillary Data-File Path = /sos/sw/S19.2.0/STUDIO/downlink/include
Verbose flag = 0
Super-verbose flag = 0
Debug flag = 0
Dark-current offsets estimated from input image.

Detailed darkdrift calculational results:
...for data plane = 1
Darkdrift correction for readout-channel 1 = -0.627286
Darkdrift correction for readout-channel 2 = -0.052407
Darkdrift correction for readout-channel 3 = 0.440910
Darkdrift correction for readout-channel 4 = 0.238783
Darkdrift uncertainty for readout-channel 1 = 0.374849
Darkdrift uncertainty for readout-channel 2 = 0.374293
Darkdrift uncertainty for readout-channel 3 = 0.301749
Darkdrift uncertainty for readout-channel 4 = 0.301963
Trimmed average of values in readout-channel 1 = 6.960231
Trimmed average of values in readout-channel 2 = 7.535110
Trimmed average of values in readout-channel 3 = 8.028426
Trimmed average of values in readout-channel 4 = 7.826299
Darkdrift background term = 7.587517
...for data plane = 2
Darkdrift correction for readout-channel 1 = 0.611751
Darkdrift correction for readout-channel 2 = -0.384859
Darkdrift correction for readout-channel 3 = 0.164998
Darkdrift correction for readout-channel 4 = -0.391890
Darkdrift uncertainty for readout-channel 1 = 0.303730
Darkdrift uncertainty for readout-channel 2 = 0.303530
Darkdrift uncertainty for readout-channel 3 = 0.302419
Darkdrift uncertainty for readout-channel 4 = 0.302806
Trimmed average of values in readout-channel 1 = 5.413517
Trimmed average of values in readout-channel 2 = 4.416908
Trimmed average of values in readout-channel 3 = 4.966764
Trimmed average of values in readout-channel 4 = 4.409876
Darkdrift background term = 4.801766
...for data plane = 3
Darkdrift correction for readout-channel 1 = 0.102074
Darkdrift correction for readout-channel 2 = -0.364964
Darkdrift correction for readout-channel 3 = 0.036746
Darkdrift correction for readout-channel 4 = 0.226145
Darkdrift uncertainty for readout-channel 1 = 0.303887
Darkdrift uncertainty for readout-channel 2 = 0.303526
Darkdrift uncertainty for readout-channel 3 = 0.303531
Darkdrift uncertainty for readout-channel 4 = 0.303308
Trimmed average of values in readout-channel 1 = 5.018081
Trimmed average of values in readout-channel 2 = 4.551043
Trimmed average of values in readout-channel 3 = 4.952753
Trimmed average of values in readout-channel 4 = 5.142152
Darkdrift background term = 4.916007
...for data plane = 4
Darkdrift correction for readout-channel 1 = -0.285964
Darkdrift correction for readout-channel 2 = -0.555630
Darkdrift correction for readout-channel 3 = 0.405376
Darkdrift correction for readout-channel 4 = 0.436218
Darkdrift uncertainty for readout-channel 1 = 0.303109
Darkdrift uncertainty for readout-channel 2 = 0.304088
Darkdrift uncertainty for readout-channel 3 = 0.303294
Darkdrift uncertainty for readout-channel 4 = 0.303326
Trimmed average of values in readout-channel 1 = 5.225802
Trimmed average of values in readout-channel 2 = 4.956136
Trimmed average of values in readout-channel 3 = 5.917141
Trimmed average of values in readout-channel 4 = 5.947983
Darkdrift background term = 5.511765
...for data plane = 5
Darkdrift correction for readout-channel 1 = 0.339154
Darkdrift correction for readout-channel 2 = -0.219519
Darkdrift correction for readout-channel 3 = -0.055297
Darkdrift correction for readout-channel 4 = -0.064338
Darkdrift uncertainty for readout-channel 1 = 0.304265
Darkdrift uncertainty for readout-channel 2 = 0.303518
Darkdrift uncertainty for readout-channel 3 = 0.302894
Darkdrift uncertainty for readout-channel 4 = 0.300569
Trimmed average of values in readout-channel 1 = 5.927446
Trimmed average of values in readout-channel 2 = 5.368773
Trimmed average of values in readout-channel 3 = 5.532995
Trimmed average of values in readout-channel 4 = 5.523954
Darkdrift background term = 5.588292
...for data plane = 6
Darkdrift correction for readout-channel 1 = 0.044405
Darkdrift correction for readout-channel 2 = 0.042478
Darkdrift correction for readout-channel 3 = -0.000470
Darkdrift correction for readout-channel 4 = -0.086413
Darkdrift uncertainty for readout-channel 1 = 0.303248
Darkdrift uncertainty for readout-channel 2 = 0.302984
Darkdrift uncertainty for readout-channel 3 = 0.303359
Darkdrift uncertainty for readout-channel 4 = 0.303393
Trimmed average of values in readout-channel 1 = 5.666764
Trimmed average of values in readout-channel 2 = 5.664837
Trimmed average of values in readout-channel 3 = 5.621889
Trimmed average of values in readout-channel 4 = 5.535946
Darkdrift background term = 5.622359
...for data plane = 7
Darkdrift correction for readout-channel 1 = 0.396620
Darkdrift correction for readout-channel 2 = -0.371150
Darkdrift correction for readout-channel 3 = 0.285749
Darkdrift correction for readout-channel 4 = -0.311219
Darkdrift uncertainty for readout-channel 1 = 0.302988
Darkdrift uncertainty for readout-channel 2 = 0.303106
Darkdrift uncertainty for readout-channel 3 = 0.303232
Darkdrift uncertainty for readout-channel 4 = 0.303390
Trimmed average of values in readout-channel 1 = 6.029962
Trimmed average of values in readout-channel 2 = 5.262192
Trimmed average of values in readout-channel 3 = 5.919091
Trimmed average of values in readout-channel 4 = 5.322123
Darkdrift background term = 5.633342
...for data plane = 8
Darkdrift correction for readout-channel 1 = 0.036837
Darkdrift correction for readout-channel 2 = -0.508701
Darkdrift correction for readout-channel 3 = 0.257917
Darkdrift correction for readout-channel 4 = 0.213946
Darkdrift uncertainty for readout-channel 1 = 0.302975
Darkdrift uncertainty for readout-channel 2 = 0.370159
Darkdrift uncertainty for readout-channel 3 = 0.303358
Darkdrift uncertainty for readout-channel 4 = 0.302468
Trimmed average of values in readout-channel 1 = 5.770791
Trimmed average of values in readout-channel 2 = 5.225254
Trimmed average of values in readout-channel 3 = 5.991872
Trimmed average of values in readout-channel 4 = 5.947901
Darkdrift background term = 5.733954
...for data plane = 9
Darkdrift correction for readout-channel 1 = 0.209011
Darkdrift correction for readout-channel 2 = -0.808637
Darkdrift correction for readout-channel 3 = 0.038756
Darkdrift correction for readout-channel 4 = 0.560871
Darkdrift uncertainty for readout-channel 1 = 0.303753
Darkdrift uncertainty for readout-channel 2 = 0.302168
Darkdrift uncertainty for readout-channel 3 = 0.305558
Darkdrift uncertainty for readout-channel 4 = 0.227738
Trimmed average of values in readout-channel 1 = 6.058685
Trimmed average of values in readout-channel 2 = 5.041037
Trimmed average of values in readout-channel 3 = 5.888431
Trimmed average of values in readout-channel 4 = 6.410545
Darkdrift background term = 5.849674
...for data plane = 10
Darkdrift correction for readout-channel 1 = 0.198746
Darkdrift correction for readout-channel 2 = -0.341448
Darkdrift correction for readout-channel 3 = 0.160175
Darkdrift correction for readout-channel 4 = -0.017473
Darkdrift uncertainty for readout-channel 1 = 0.303237
Darkdrift uncertainty for readout-channel 2 = 0.302973
Darkdrift uncertainty for readout-channel 3 = 0.303188
Darkdrift uncertainty for readout-channel 4 = 0.302982
Trimmed average of values in readout-channel 1 = 5.989272
Trimmed average of values in readout-channel 2 = 5.449078
Trimmed average of values in readout-channel 3 = 5.950701
Trimmed average of values in readout-channel 4 = 5.773053
Darkdrift background term = 5.790526
...for data plane = 11
Darkdrift correction for readout-channel 1 = 0.090383
Darkdrift correction for readout-channel 2 = 0.116253
Darkdrift correction for readout-channel 3 = -0.362511
Darkdrift correction for readout-channel 4 = 0.155876
Darkdrift uncertainty for readout-channel 1 = 0.303351
Darkdrift uncertainty for readout-channel 2 = 0.303801
Darkdrift uncertainty for readout-channel 3 = 0.302975
Darkdrift uncertainty for readout-channel 4 = 0.303055
Trimmed average of values in readout-channel 1 = 6.028302
Trimmed average of values in readout-channel 2 = 6.054172
Trimmed average of values in readout-channel 3 = 5.575408
Trimmed average of values in readout-channel 4 = 6.093795
Darkdrift background term = 5.937919
...for data plane = 12
Darkdrift correction for readout-channel 1 = -0.034227
Darkdrift correction for readout-channel 2 = -0.439807
Darkdrift correction for readout-channel 3 = 0.431217
Darkdrift correction for readout-channel 4 = 0.042817
Darkdrift uncertainty for readout-channel 1 = 0.302979
Darkdrift uncertainty for readout-channel 2 = 0.229724
Darkdrift uncertainty for readout-channel 3 = 0.303132
Darkdrift uncertainty for readout-channel 4 = 0.303062
Trimmed average of values in readout-channel 1 = 6.090040
Trimmed average of values in readout-channel 2 = 5.684459
Trimmed average of values in readout-channel 3 = 6.555484
Trimmed average of values in readout-channel 4 = 6.167084
Darkdrift background term = 6.124267
...for data plane = 13
Darkdrift correction for readout-channel 1 = 0.396415
Darkdrift correction for readout-channel 2 = -0.056745
Darkdrift correction for readout-channel 3 = 0.004525
Darkdrift correction for readout-channel 4 = -0.344195
Darkdrift uncertainty for readout-channel 1 = 0.303768
Darkdrift uncertainty for readout-channel 2 = 0.302975
Darkdrift uncertainty for readout-channel 3 = 0.302254
Darkdrift uncertainty for readout-channel 4 = 0.303146
Trimmed average of values in readout-channel 1 = 6.254586
Trimmed average of values in readout-channel 2 = 5.801426
Trimmed average of values in readout-channel 3 = 5.862696
Trimmed average of values in readout-channel 4 = 5.513976
Darkdrift background term = 5.858171
...for data plane = 14
Darkdrift correction for readout-channel 1 = -0.038103
Darkdrift correction for readout-channel 2 = -0.261650
Darkdrift correction for readout-channel 3 = 0.067900
Darkdrift correction for readout-channel 4 = 0.231852
Darkdrift uncertainty for readout-channel 1 = 0.303101
Darkdrift uncertainty for readout-channel 2 = 0.303258
Darkdrift uncertainty for readout-channel 3 = 0.303207
Darkdrift uncertainty for readout-channel 4 = 0.303317
Trimmed average of values in readout-channel 1 = 5.895863
Trimmed average of values in readout-channel 2 = 5.672315
Trimmed average of values in readout-channel 3 = 6.001866
Trimmed average of values in readout-channel 4 = 6.165818
Darkdrift background term = 5.933965
...for data plane = 15
Darkdrift correction for readout-channel 1 = -0.198002
Darkdrift correction for readout-channel 2 = -0.229765
Darkdrift correction for readout-channel 3 = 0.287769
Darkdrift correction for readout-channel 4 = 0.139997
Darkdrift uncertainty for readout-channel 1 = 0.303497
Darkdrift uncertainty for readout-channel 2 = 0.304903
Darkdrift uncertainty for readout-channel 3 = 0.378313
Darkdrift uncertainty for readout-channel 4 = 0.302990
Trimmed average of values in readout-channel 1 = 5.500481
Trimmed average of values in readout-channel 2 = 5.468718
Trimmed average of values in readout-channel 3 = 5.986252
Trimmed average of values in readout-channel 4 = 5.838480
Darkdrift background term = 5.698483
...for data plane = 16
Darkdrift correction for readout-channel 1 = 0.141391
Darkdrift correction for readout-channel 2 = -0.418859
Darkdrift correction for readout-channel 3 = -0.087966
Darkdrift correction for readout-channel 4 = 0.365433
Darkdrift uncertainty for readout-channel 1 = 0.302840
Darkdrift uncertainty for readout-channel 2 = 0.304084
Darkdrift uncertainty for readout-channel 3 = 0.302969
Darkdrift uncertainty for readout-channel 4 = 0.303313
Trimmed average of values in readout-channel 1 = 5.724294
Trimmed average of values in readout-channel 2 = 5.164043
Trimmed average of values in readout-channel 3 = 5.494937
Trimmed average of values in readout-channel 4 = 5.948336
Darkdrift background term = 5.582903
...for data plane = 17
Darkdrift correction for readout-channel 1 = -0.337993
Darkdrift correction for readout-channel 2 = -0.410945
Darkdrift correction for readout-channel 3 = 0.656530
Darkdrift correction for readout-channel 4 = 0.092408
Darkdrift uncertainty for readout-channel 1 = 0.303505
Darkdrift uncertainty for readout-channel 2 = 0.304370
Darkdrift uncertainty for readout-channel 3 = 0.302964
Darkdrift uncertainty for readout-channel 4 = 0.302811
Trimmed average of values in readout-channel 1 = 5.264275
Trimmed average of values in readout-channel 2 = 5.191322
Trimmed average of values in readout-channel 3 = 6.258798
Trimmed average of values in readout-channel 4 = 5.694675
Darkdrift background term = 5.602267
...for data plane = 18
Darkdrift correction for readout-channel 1 = 0.239562
Darkdrift correction for readout-channel 2 = -0.341558
Darkdrift correction for readout-channel 3 = -0.273702
Darkdrift correction for readout-channel 4 = 0.375698
Darkdrift uncertainty for readout-channel 1 = 0.303980
Darkdrift uncertainty for readout-channel 2 = 0.305184
Darkdrift uncertainty for readout-channel 3 = 0.303127
Darkdrift uncertainty for readout-channel 4 = 0.302992
Trimmed average of values in readout-channel 1 = 6.531313
Trimmed average of values in readout-channel 2 = 5.950192
Trimmed average of values in readout-channel 3 = 6.018049
Trimmed average of values in readout-channel 4 = 6.667448
Darkdrift background term = 6.291751
...for data plane = 19
Darkdrift correction for readout-channel 1 = 0.060086
Darkdrift correction for readout-channel 2 = -0.196173
Darkdrift correction for readout-channel 3 = -0.050301
Darkdrift correction for readout-channel 4 = 0.186388
Darkdrift uncertainty for readout-channel 1 = 0.302997
Darkdrift uncertainty for readout-channel 2 = 0.303521
Darkdrift uncertainty for readout-channel 3 = 0.303784
Darkdrift uncertainty for readout-channel 4 = 0.302966
Trimmed average of values in readout-channel 1 = 5.924724
Trimmed average of values in readout-channel 2 = 5.668465
Trimmed average of values in readout-channel 3 = 5.814337
Trimmed average of values in readout-channel 4 = 6.051027
Darkdrift background term = 5.864638
...for data plane = 20
Darkdrift correction for readout-channel 1 = 0.310002
Darkdrift correction for readout-channel 2 = -0.283863
Darkdrift correction for readout-channel 3 = -0.052960
Darkdrift correction for readout-channel 4 = 0.026822
Darkdrift uncertainty for readout-channel 1 = 0.303487
Darkdrift uncertainty for readout-channel 2 = 0.302702
Darkdrift uncertainty for readout-channel 3 = 0.303205
Darkdrift uncertainty for readout-channel 4 = 0.303139
Trimmed average of values in readout-channel 1 = 6.319775
Trimmed average of values in readout-channel 2 = 5.725910
Trimmed average of values in readout-channel 3 = 5.956813
Trimmed average of values in readout-channel 4 = 6.036595
Darkdrift background term = 6.009773
...for data plane = 21
Darkdrift correction for readout-channel 1 = 0.017644
Darkdrift correction for readout-channel 2 = -0.058296
Darkdrift correction for readout-channel 3 = 0.103074
Darkdrift correction for readout-channel 4 = -0.062422
Darkdrift uncertainty for readout-channel 1 = 0.302979
Darkdrift uncertainty for readout-channel 2 = 0.302997
Darkdrift uncertainty for readout-channel 3 = 0.302974
Darkdrift uncertainty for readout-channel 4 = 0.302987
Trimmed average of values in readout-channel 1 = 6.095540
Trimmed average of values in readout-channel 2 = 6.019600
Trimmed average of values in readout-channel 3 = 6.180970
Trimmed average of values in readout-channel 4 = 6.015474
Darkdrift background term = 6.077896
...for data plane = 22
Darkdrift correction for readout-channel 1 = -0.115089
Darkdrift correction for readout-channel 2 = 0.316507
Darkdrift correction for readout-channel 3 = -0.516321
Darkdrift correction for readout-channel 4 = 0.314903
Darkdrift uncertainty for readout-channel 1 = 0.303108
Darkdrift uncertainty for readout-channel 2 = 0.302971
Darkdrift uncertainty for readout-channel 3 = 0.303368
Darkdrift uncertainty for readout-channel 4 = 0.302907
Trimmed average of values in readout-channel 1 = 5.474023
Trimmed average of values in readout-channel 2 = 5.905620
Trimmed average of values in readout-channel 3 = 5.072791
Trimmed average of values in readout-channel 4 = 5.904016
Darkdrift background term = 5.589113
...for data plane = 23
Darkdrift correction for readout-channel 1 = 0.453143
Darkdrift correction for readout-channel 2 = -0.803696
Darkdrift correction for readout-channel 3 = -0.040462
Darkdrift correction for readout-channel 4 = 0.391015
Darkdrift uncertainty for readout-channel 1 = 0.303720
Darkdrift uncertainty for readout-channel 2 = 0.302964
Darkdrift uncertainty for readout-channel 3 = 0.302980
Darkdrift uncertainty for readout-channel 4 = 0.303050
Trimmed average of values in readout-channel 1 = 6.245460
Trimmed average of values in readout-channel 2 = 4.988622
Trimmed average of values in readout-channel 3 = 5.751855
Trimmed average of values in readout-channel 4 = 6.183332
Darkdrift background term = 5.792317
...for data plane = 24
Darkdrift correction for readout-channel 1 = -0.027714
Darkdrift correction for readout-channel 2 = -0.115409
Darkdrift correction for readout-channel 3 = 0.441135
Darkdrift correction for readout-channel 4 = -0.298012
Darkdrift uncertainty for readout-channel 1 = 0.302978
Darkdrift uncertainty for readout-channel 2 = 0.304363
Darkdrift uncertainty for readout-channel 3 = 0.303224
Darkdrift uncertainty for readout-channel 4 = 0.303908
Trimmed average of values in readout-channel 1 = 5.707403
Trimmed average of values in readout-channel 2 = 5.619707
Trimmed average of values in readout-channel 3 = 6.176252
Trimmed average of values in readout-channel 4 = 5.437104
Darkdrift background term = 5.735116
...for data plane = 25
Darkdrift correction for readout-channel 1 = -0.087519
Darkdrift correction for readout-channel 2 = -0.467400
Darkdrift correction for readout-channel 3 = 0.562687
Darkdrift correction for readout-channel 4 = -0.007768
Darkdrift uncertainty for readout-channel 1 = 0.303465
Darkdrift uncertainty for readout-channel 2 = 0.304350
Darkdrift uncertainty for readout-channel 3 = 0.302812
Darkdrift uncertainty for readout-channel 4 = 0.303032
Trimmed average of values in readout-channel 1 = 5.646517
Trimmed average of values in readout-channel 2 = 5.266637
Trimmed average of values in readout-channel 3 = 6.296724
Trimmed average of values in readout-channel 4 = 5.726268
Darkdrift background term = 5.734036
...for data plane = 26
Darkdrift correction for readout-channel 1 = 0.582606
Darkdrift correction for readout-channel 2 = -0.378532
Darkdrift correction for readout-channel 3 = -0.162149
Darkdrift correction for readout-channel 4 = -0.041925
Darkdrift uncertainty for readout-channel 1 = 0.376869
Darkdrift uncertainty for readout-channel 2 = 0.302725
Darkdrift uncertainty for readout-channel 3 = 0.303078
Darkdrift uncertainty for readout-channel 4 = 0.303055
Trimmed average of values in readout-channel 1 = 6.528084
Trimmed average of values in readout-channel 2 = 5.566946
Trimmed average of values in readout-channel 3 = 5.783329
Trimmed average of values in readout-channel 4 = 5.903553
Darkdrift background term = 5.945478
...for data plane = 27
Darkdrift correction for readout-channel 1 = 0.283573
Darkdrift correction for readout-channel 2 = -0.242389
Darkdrift correction for readout-channel 3 = 0.083471
Darkdrift correction for readout-channel 4 = -0.124654
Darkdrift uncertainty for readout-channel 1 = 0.302975
Darkdrift uncertainty for readout-channel 2 = 0.231368
Darkdrift uncertainty for readout-channel 3 = 0.302992
Darkdrift uncertainty for readout-channel 4 = 0.303233
Trimmed average of values in readout-channel 1 = 6.253695
Trimmed average of values in readout-channel 2 = 5.727733
Trimmed average of values in readout-channel 3 = 6.053593
Trimmed average of values in readout-channel 4 = 5.845468
Darkdrift background term = 5.970123
...for data plane = 28
Darkdrift correction for readout-channel 1 = -0.267251
Darkdrift correction for readout-channel 2 = -0.341842
Darkdrift correction for readout-channel 3 = 0.475623
Darkdrift correction for readout-channel 4 = 0.133470
Darkdrift uncertainty for readout-channel 1 = 0.302977
Darkdrift uncertainty for readout-channel 2 = 0.303516
Darkdrift uncertainty for readout-channel 3 = 0.377423
Darkdrift uncertainty for readout-channel 4 = 0.303229
Trimmed average of values in readout-channel 1 = 5.734410
Trimmed average of values in readout-channel 2 = 5.659819
Trimmed average of values in readout-channel 3 = 6.477284
Trimmed average of values in readout-channel 4 = 6.135131
Darkdrift background term = 6.001661
...for data plane = 29
Darkdrift correction for readout-channel 1 = 0.342221
Darkdrift correction for readout-channel 2 = -0.295099
Darkdrift correction for readout-channel 3 = 0.329436
Darkdrift correction for readout-channel 4 = -0.376558
Darkdrift uncertainty for readout-channel 1 = 0.303614
Darkdrift uncertainty for readout-channel 2 = 0.302968
Darkdrift uncertainty for readout-channel 3 = 0.377764
Darkdrift uncertainty for readout-channel 4 = 0.303131
Trimmed average of values in readout-channel 1 = 6.008269
Trimmed average of values in readout-channel 2 = 5.370948
Trimmed average of values in readout-channel 3 = 5.995483
Trimmed average of values in readout-channel 4 = 5.289489
Darkdrift background term = 5.666047
...for data plane = 30
Darkdrift correction for readout-channel 1 = -0.037074
Darkdrift correction for readout-channel 2 = -0.058429
Darkdrift correction for readout-channel 3 = -0.018780
Darkdrift correction for readout-channel 4 = 0.114284
Darkdrift uncertainty for readout-channel 1 = 0.302985
Darkdrift uncertainty for readout-channel 2 = 0.305176
Darkdrift uncertainty for readout-channel 3 = 0.303404
Darkdrift uncertainty for readout-channel 4 = 0.302731
Trimmed average of values in readout-channel 1 = 5.459097
Trimmed average of values in readout-channel 2 = 5.437742
Trimmed average of values in readout-channel 3 = 5.477391
Trimmed average of values in readout-channel 4 = 5.610455
Darkdrift background term = 5.496171
...for data plane = 31
Darkdrift correction for readout-channel 1 = -0.328545
Darkdrift correction for readout-channel 2 = -0.174529
Darkdrift correction for readout-channel 3 = 0.333355
Darkdrift correction for readout-channel 4 = 0.169719
Darkdrift uncertainty for readout-channel 1 = 0.302969
Darkdrift uncertainty for readout-channel 2 = 0.302429
Darkdrift uncertainty for readout-channel 3 = 0.303061
Darkdrift uncertainty for readout-channel 4 = 0.302986
Trimmed average of values in readout-channel 1 = 5.014909
Trimmed average of values in readout-channel 2 = 5.168925
Trimmed average of values in readout-channel 3 = 5.676809
Trimmed average of values in readout-channel 4 = 5.513173
Darkdrift background term = 5.343454
...for data plane = 32
Darkdrift correction for readout-channel 1 = 0.033560
Darkdrift correction for readout-channel 2 = 0.017004
Darkdrift correction for readout-channel 3 = 0.108934
Darkdrift correction for readout-channel 4 = -0.159497
Darkdrift uncertainty for readout-channel 1 = 0.303228
Darkdrift uncertainty for readout-channel 2 = 0.302975
Darkdrift uncertainty for readout-channel 3 = 0.303421
Darkdrift uncertainty for readout-channel 4 = 0.302968
Trimmed average of values in readout-channel 1 = 5.922164
Trimmed average of values in readout-channel 2 = 5.905609
Trimmed average of values in readout-channel 3 = 5.997539
Trimmed average of values in readout-channel 4 = 5.729108
Darkdrift background term = 5.888605
...for data plane = 33
Darkdrift correction for readout-channel 1 = 0.247934
Darkdrift correction for readout-channel 2 = -0.167641
Darkdrift correction for readout-channel 3 = 0.206044
Darkdrift correction for readout-channel 4 = -0.286336
Darkdrift uncertainty for readout-channel 1 = 0.308433
Darkdrift uncertainty for readout-channel 2 = 0.305452
Darkdrift uncertainty for readout-channel 3 = 0.303049
Darkdrift uncertainty for readout-channel 4 = 0.302974
Trimmed average of values in readout-channel 1 = 6.024162
Trimmed average of values in readout-channel 2 = 5.608587
Trimmed average of values in readout-channel 3 = 5.982272
Trimmed average of values in readout-channel 4 = 5.489892
Darkdrift background term = 5.776228
...for data plane = 34
Darkdrift correction for readout-channel 1 = 0.271153
Darkdrift correction for readout-channel 2 = -0.261495
Darkdrift correction for readout-channel 3 = -0.014267
Darkdrift correction for readout-channel 4 = 0.004609
Darkdrift uncertainty for readout-channel 1 = 0.304256
Darkdrift uncertainty for readout-channel 2 = 0.302722
Darkdrift uncertainty for readout-channel 3 = 0.303054
Darkdrift uncertainty for readout-channel 4 = 0.302974
Trimmed average of values in readout-channel 1 = 6.037314
Trimmed average of values in readout-channel 2 = 5.504665
Trimmed average of values in readout-channel 3 = 5.751893
Trimmed average of values in readout-channel 4 = 5.770769
Darkdrift background term = 5.766160
...for data plane = 35
Darkdrift correction for readout-channel 1 = -0.238149
Darkdrift correction for readout-channel 2 = -0.291020
Darkdrift correction for readout-channel 3 = 0.353965
Darkdrift correction for readout-channel 4 = 0.175204
Darkdrift uncertainty for readout-channel 1 = 0.302977
Darkdrift uncertainty for readout-channel 2 = 0.303528
Darkdrift uncertainty for readout-channel 3 = 0.303067
Darkdrift uncertainty for readout-channel 4 = 0.302895
Trimmed average of values in readout-channel 1 = 5.713114
Trimmed average of values in readout-channel 2 = 5.660243
Trimmed average of values in readout-channel 3 = 6.305229
Trimmed average of values in readout-channel 4 = 6.126468
Darkdrift background term = 5.951264
...for data plane = 36
Darkdrift correction for readout-channel 1 = 0.275076
Darkdrift correction for readout-channel 2 = -0.476033
Darkdrift correction for readout-channel 3 = 0.128467
Darkdrift correction for readout-channel 4 = 0.072490
Darkdrift uncertainty for readout-channel 1 = 0.302450
Darkdrift uncertainty for readout-channel 2 = 0.305179
Darkdrift uncertainty for readout-channel 3 = 0.378718
Darkdrift uncertainty for readout-channel 4 = 0.302822
Trimmed average of values in readout-channel 1 = 6.239968
Trimmed average of values in readout-channel 2 = 5.488860
Trimmed average of values in readout-channel 3 = 6.093359
Trimmed average of values in readout-channel 4 = 6.037382
Darkdrift background term = 5.964892
...for data plane = 37
Darkdrift correction for readout-channel 1 = 0.374715
Darkdrift correction for readout-channel 2 = -0.585540
Darkdrift correction for readout-channel 3 = 0.275784
Darkdrift correction for readout-channel 4 = -0.064959
Darkdrift uncertainty for readout-channel 1 = 0.302845
Darkdrift uncertainty for readout-channel 2 = 0.303546
Darkdrift uncertainty for readout-channel 3 = 0.302969
Darkdrift uncertainty for readout-channel 4 = 0.303984
Trimmed average of values in readout-channel 1 = 6.107973
Trimmed average of values in readout-channel 2 = 5.147718
Trimmed average of values in readout-channel 3 = 6.009042
Trimmed average of values in readout-channel 4 = 5.668299
Darkdrift background term = 5.733258
...for data plane = 38
Darkdrift correction for readout-channel 1 = 0.224237
Darkdrift correction for readout-channel 2 = 0.055406
Darkdrift correction for readout-channel 3 = -0.137581
Darkdrift correction for readout-channel 4 = -0.142062
Darkdrift uncertainty for readout-channel 1 = 0.301549
Darkdrift uncertainty for readout-channel 2 = 0.302976
Darkdrift uncertainty for readout-channel 3 = 0.303233
Darkdrift uncertainty for readout-channel 4 = 0.264346
Trimmed average of values in readout-channel 1 = 5.779234
Trimmed average of values in readout-channel 2 = 5.610403
Trimmed average of values in readout-channel 3 = 5.417416
Trimmed average of values in readout-channel 4 = 5.412935
Darkdrift background term = 5.554997
...for data plane = 39
Darkdrift correction for readout-channel 1 = -0.094383
Darkdrift correction for readout-channel 2 = -0.760102
Darkdrift correction for readout-channel 3 = 0.581500
Darkdrift correction for readout-channel 4 = 0.272986
Darkdrift uncertainty for readout-channel 1 = 0.303249
Darkdrift uncertainty for readout-channel 2 = 0.303273
Darkdrift uncertainty for readout-channel 3 = 0.303536
Darkdrift uncertainty for readout-channel 4 = 0.303874
Trimmed average of values in readout-channel 1 = 5.442296
Trimmed average of values in readout-channel 2 = 4.776577
Trimmed average of values in readout-channel 3 = 6.118179
Trimmed average of values in readout-channel 4 = 5.809665
Darkdrift background term = 5.536679
...for data plane = 40
Darkdrift correction for readout-channel 1 = 0.432193
Darkdrift correction for readout-channel 2 = -0.299112
Darkdrift correction for readout-channel 3 = -0.130656
Darkdrift correction for readout-channel 4 = -0.002425
Darkdrift uncertainty for readout-channel 1 = 0.303488
Darkdrift uncertainty for readout-channel 2 = 0.302432
Darkdrift uncertainty for readout-channel 3 = 0.303379
Darkdrift uncertainty for readout-channel 4 = 0.303224
Trimmed average of values in readout-channel 1 = 6.120483
Trimmed average of values in readout-channel 2 = 5.389177
Trimmed average of values in readout-channel 3 = 5.557633
Trimmed average of values in readout-channel 4 = 5.685864
Darkdrift background term = 5.688289
...for data plane = 41
Darkdrift correction for readout-channel 1 = -0.035559
Darkdrift correction for readout-channel 2 = -0.002108
Darkdrift correction for readout-channel 3 = -0.049741
Darkdrift correction for readout-channel 4 = 0.087408
Darkdrift uncertainty for readout-channel 1 = 0.301798
Darkdrift uncertainty for readout-channel 2 = 0.298561
Darkdrift uncertainty for readout-channel 3 = 0.303132
Darkdrift uncertainty for readout-channel 4 = 0.302965
Trimmed average of values in readout-channel 1 = 5.832085
Trimmed average of values in readout-channel 2 = 5.865537
Trimmed average of values in readout-channel 3 = 5.817904
Trimmed average of values in readout-channel 4 = 5.955052
Darkdrift background term = 5.867645
...for data plane = 42
Darkdrift correction for readout-channel 1 = 0.004764
Darkdrift correction for readout-channel 2 = -0.288481
Darkdrift correction for readout-channel 3 = 0.034845
Darkdrift correction for readout-channel 4 = 0.248872
Darkdrift uncertainty for readout-channel 1 = 0.302585
Darkdrift uncertainty for readout-channel 2 = 0.303528
Darkdrift uncertainty for readout-channel 3 = 0.303290
Darkdrift uncertainty for readout-channel 4 = 0.303132
Trimmed average of values in readout-channel 1 = 5.936500
Trimmed average of values in readout-channel 2 = 5.643254
Trimmed average of values in readout-channel 3 = 5.966581
Trimmed average of values in readout-channel 4 = 6.180607
Darkdrift background term = 5.931736
...for data plane = 43
Darkdrift correction for readout-channel 1 = -0.031106
Darkdrift correction for readout-channel 2 = -0.105299
Darkdrift correction for readout-channel 3 = -0.078537
Darkdrift correction for readout-channel 4 = 0.214942
Darkdrift uncertainty for readout-channel 1 = 0.302976
Darkdrift uncertainty for readout-channel 2 = 0.303523
Darkdrift uncertainty for readout-channel 3 = 0.302987
Darkdrift uncertainty for readout-channel 4 = 0.302952
Trimmed average of values in readout-channel 1 = 6.045346
Trimmed average of values in readout-channel 2 = 5.971153
Trimmed average of values in readout-channel 3 = 5.997915
Trimmed average of values in readout-channel 4 = 6.291394
Darkdrift background term = 6.076452
...for data plane = 44
Darkdrift correction for readout-channel 1 = 0.022984
Darkdrift correction for readout-channel 2 = -0.201736
Darkdrift correction for readout-channel 3 = 0.172540
Darkdrift correction for readout-channel 4 = 0.006212
Darkdrift uncertainty for readout-channel 1 = 0.303102
Darkdrift uncertainty for readout-channel 2 = 0.228620
Darkdrift uncertainty for readout-channel 3 = 0.303452
Darkdrift uncertainty for readout-channel 4 = 0.302981
Trimmed average of values in readout-channel 1 = 5.834694
Trimmed average of values in readout-channel 2 = 5.609973
Trimmed average of values in readout-channel 3 = 5.984249
Trimmed average of values in readout-channel 4 = 5.817921
Darkdrift background term = 5.811709
...for data plane = 45
Darkdrift correction for readout-channel 1 = 0.163703
Darkdrift correction for readout-channel 2 = -0.466111
Darkdrift correction for readout-channel 3 = -0.056987
Darkdrift correction for readout-channel 4 = 0.359395
Darkdrift uncertainty for readout-channel 1 = 0.303230
Darkdrift uncertainty for readout-channel 2 = 0.303520
Darkdrift uncertainty for readout-channel 3 = 0.303552
Darkdrift uncertainty for readout-channel 4 = 0.303062
Trimmed average of values in readout-channel 1 = 5.717859
Trimmed average of values in readout-channel 2 = 5.088046
Trimmed average of values in readout-channel 3 = 5.497170
Trimmed average of values in readout-channel 4 = 5.913551
Darkdrift background term = 5.554156
...for data plane = 46
Darkdrift correction for readout-channel 1 = 0.012088
Darkdrift correction for readout-channel 2 = -0.080157
Darkdrift correction for readout-channel 3 = -0.072016
Darkdrift correction for readout-channel 4 = 0.140085
Darkdrift uncertainty for readout-channel 1 = 0.303359
Darkdrift uncertainty for readout-channel 2 = 0.301849
Darkdrift uncertainty for readout-channel 3 = 0.302892
Darkdrift uncertainty for readout-channel 4 = 0.303146
Trimmed average of values in readout-channel 1 = 5.484750
Trimmed average of values in readout-channel 2 = 5.392504
Trimmed average of values in readout-channel 3 = 5.400646
Trimmed average of values in readout-channel 4 = 5.612747
Darkdrift background term = 5.472662
...for data plane = 47
Darkdrift correction for readout-channel 1 = 0.252065
Darkdrift correction for readout-channel 2 = -0.656544
Darkdrift correction for readout-channel 3 = 0.187162
Darkdrift correction for readout-channel 4 = 0.217317
Darkdrift uncertainty for readout-channel 1 = 0.227861
Darkdrift uncertainty for readout-channel 2 = 0.302687
Darkdrift uncertainty for readout-channel 3 = 0.303373
Darkdrift uncertainty for readout-channel 4 = 0.303073
Trimmed average of values in readout-channel 1 = 5.951272
Trimmed average of values in readout-channel 2 = 5.042663
Trimmed average of values in readout-channel 3 = 5.886369
Trimmed average of values in readout-channel 4 = 5.916524
Darkdrift background term = 5.699207
...for data plane = 48
Darkdrift correction for readout-channel 1 = 0.015743
Darkdrift correction for readout-channel 2 = 0.111257
Darkdrift correction for readout-channel 3 = 0.053805
Darkdrift correction for readout-channel 4 = -0.180806
Darkdrift uncertainty for readout-channel 1 = 0.228267
Darkdrift uncertainty for readout-channel 2 = 0.302983
Darkdrift uncertainty for readout-channel 3 = 0.302962
Darkdrift uncertainty for readout-channel 4 = 0.303636
Trimmed average of values in readout-channel 1 = 5.305059
Trimmed average of values in readout-channel 2 = 5.400574
Trimmed average of values in readout-channel 3 = 5.343121
Trimmed average of values in readout-channel 4 = 5.108511
Darkdrift background term = 5.289316
...for data plane = 49
Darkdrift correction for readout-channel 1 = -0.275961
Darkdrift correction for readout-channel 2 = 0.106389
Darkdrift correction for readout-channel 3 = -0.205462
Darkdrift correction for readout-channel 4 = 0.375035
Darkdrift uncertainty for readout-channel 1 = 0.302693
Darkdrift uncertainty for readout-channel 2 = 0.305218
Darkdrift uncertainty for readout-channel 3 = 0.302976
Darkdrift uncertainty for readout-channel 4 = 0.303057
Trimmed average of values in readout-channel 1 = 5.391310
Trimmed average of values in readout-channel 2 = 5.773659
Trimmed average of values in readout-channel 3 = 5.461808
Trimmed average of values in readout-channel 4 = 6.042305
Darkdrift background term = 5.667270
...for data plane = 50
Darkdrift correction for readout-channel 1 = 0.077119
Darkdrift correction for readout-channel 2 = -0.719389
Darkdrift correction for readout-channel 3 = 0.615562
Darkdrift correction for readout-channel 4 = 0.026708
Darkdrift uncertainty for readout-channel 1 = 0.302962
Darkdrift uncertainty for readout-channel 2 = 0.303253
Darkdrift uncertainty for readout-channel 3 = 0.303458
Darkdrift uncertainty for readout-channel 4 = 0.303401
Trimmed average of values in readout-channel 1 = 6.050599
Trimmed average of values in readout-channel 2 = 5.254091
Trimmed average of values in readout-channel 3 = 6.589042
Trimmed average of values in readout-channel 4 = 6.000189
Darkdrift background term = 5.973480
...for data plane = 51
Darkdrift correction for readout-channel 1 = 0.089790
Darkdrift correction for readout-channel 2 = -0.261772
Darkdrift correction for readout-channel 3 = -0.011030
Darkdrift correction for readout-channel 4 = 0.183012
Darkdrift uncertainty for readout-channel 1 = 0.303764
Darkdrift uncertainty for readout-channel 2 = 0.302965
Darkdrift uncertainty for readout-channel 3 = 0.303060
Darkdrift uncertainty for readout-channel 4 = 0.302966
Trimmed average of values in readout-channel 1 = 6.105307
Trimmed average of values in readout-channel 2 = 5.753745
Trimmed average of values in readout-channel 3 = 6.004487
Trimmed average of values in readout-channel 4 = 6.198529
Darkdrift background term = 6.015517
...for data plane = 52
Darkdrift correction for readout-channel 1 = 0.154934
Darkdrift correction for readout-channel 2 = -0.096456
Darkdrift correction for readout-channel 3 = 0.140682
Darkdrift correction for readout-channel 4 = -0.199160
Darkdrift uncertainty for readout-channel 1 = 0.303104
Darkdrift uncertainty for readout-channel 2 = 0.304096
Darkdrift uncertainty for readout-channel 3 = 0.302982
Darkdrift uncertainty for readout-channel 4 = 0.302902
Trimmed average of values in readout-channel 1 = 5.911584
Trimmed average of values in readout-channel 2 = 5.660195
Trimmed average of values in readout-channel 3 = 5.897332
Trimmed average of values in readout-channel 4 = 5.557491
Darkdrift background term = 5.756650
...for data plane = 53
Darkdrift correction for readout-channel 1 = 0.123958
Darkdrift correction for readout-channel 2 = -0.002206
Darkdrift correction for readout-channel 3 = -0.239000
Darkdrift correction for readout-channel 4 = 0.117248
Darkdrift uncertainty for readout-channel 1 = 0.303772
Darkdrift uncertainty for readout-channel 2 = 0.302142
Darkdrift uncertainty for readout-channel 3 = 0.303116
Darkdrift uncertainty for readout-channel 4 = 0.302977
Trimmed average of values in readout-channel 1 = 5.624548
Trimmed average of values in readout-channel 2 = 5.498384
Trimmed average of values in readout-channel 3 = 5.261590
Trimmed average of values in readout-channel 4 = 5.617838
Darkdrift background term = 5.500590
...for data plane = 54
Darkdrift correction for readout-channel 1 = 0.471927
Darkdrift correction for readout-channel 2 = -0.402703
Darkdrift correction for readout-channel 3 = 0.245017
Darkdrift correction for readout-channel 4 = -0.314241
Darkdrift uncertainty for readout-channel 1 = 0.377545
Darkdrift uncertainty for readout-channel 2 = 0.302965
Darkdrift uncertainty for readout-channel 3 = 0.378150
Darkdrift uncertainty for readout-channel 4 = 0.302984
Trimmed average of values in readout-channel 1 = 5.934277
Trimmed average of values in readout-channel 2 = 5.059647
Trimmed average of values in readout-channel 3 = 5.707367
Trimmed average of values in readout-channel 4 = 5.148109
Darkdrift background term = 5.462350
...for data plane = 55
Darkdrift correction for readout-channel 1 = 0.111903
Darkdrift correction for readout-channel 2 = -0.354550
Darkdrift correction for readout-channel 3 = 0.182448
Darkdrift correction for readout-channel 4 = 0.060199
Darkdrift uncertainty for readout-channel 1 = 0.303370
Darkdrift uncertainty for readout-channel 2 = 0.302995
Darkdrift uncertainty for readout-channel 3 = 0.302976
Darkdrift uncertainty for readout-channel 4 = 0.303160
Trimmed average of values in readout-channel 1 = 5.621364
Trimmed average of values in readout-channel 2 = 5.154910
Trimmed average of values in readout-channel 3 = 5.691908
Trimmed average of values in readout-channel 4 = 5.569659
Darkdrift background term = 5.509460
...for data plane = 56
Darkdrift correction for readout-channel 1 = -0.011412
Darkdrift correction for readout-channel 2 = -0.065412
Darkdrift correction for readout-channel 3 = -0.251318
Darkdrift correction for readout-channel 4 = 0.328142
Darkdrift uncertainty for readout-channel 1 = 0.303505
Darkdrift uncertainty for readout-channel 2 = 0.301860
Darkdrift uncertainty for readout-channel 3 = 0.302978
Darkdrift uncertainty for readout-channel 4 = 0.303069
Trimmed average of values in readout-channel 1 = 5.795746
Trimmed average of values in readout-channel 2 = 5.741745
Trimmed average of values in readout-channel 3 = 5.555839
Trimmed average of values in readout-channel 4 = 6.135299
Darkdrift background term = 5.807157
...for data plane = 57
Darkdrift correction for readout-channel 1 = 0.086584
Darkdrift correction for readout-channel 2 = -0.273112
Darkdrift correction for readout-channel 3 = -0.239828
Darkdrift correction for readout-channel 4 = 0.426355
Darkdrift uncertainty for readout-channel 1 = 0.303232
Darkdrift uncertainty for readout-channel 2 = 0.303236
Darkdrift uncertainty for readout-channel 3 = 0.302890
Darkdrift uncertainty for readout-channel 4 = 0.303137
Trimmed average of values in readout-channel 1 = 5.938305
Trimmed average of values in readout-channel 2 = 5.578609
Trimmed average of values in readout-channel 3 = 5.611893
Trimmed average of values in readout-channel 4 = 6.278076
Darkdrift background term = 5.851721
...for data plane = 58
Darkdrift correction for readout-channel 1 = 0.099067
Darkdrift correction for readout-channel 2 = -0.267500
Darkdrift correction for readout-channel 3 = -0.067129
Darkdrift correction for readout-channel 4 = 0.235563
Darkdrift uncertainty for readout-channel 1 = 0.303977
Darkdrift uncertainty for readout-channel 2 = 0.302146
Darkdrift uncertainty for readout-channel 3 = 0.302977
Darkdrift uncertainty for readout-channel 4 = 0.302979
Trimmed average of values in readout-channel 1 = 0.932051
Trimmed average of values in readout-channel 2 = 0.565484
Trimmed average of values in readout-channel 3 = 0.765855
Trimmed average of values in readout-channel 4 = 1.068547
Darkdrift background term = 0.832984
...for data plane = 59
Darkdrift correction for readout-channel 1 = 0.379453
Darkdrift correction for readout-channel 2 = -0.720870
Darkdrift correction for readout-channel 3 = 0.210297
Darkdrift correction for readout-channel 4 = 0.131120
Darkdrift uncertainty for readout-channel 1 = 0.303384
Darkdrift uncertainty for readout-channel 2 = 0.254124
Darkdrift uncertainty for readout-channel 3 = 0.302738
Darkdrift uncertainty for readout-channel 4 = 0.302717
Trimmed average of values in readout-channel 1 = 6.446085
Trimmed average of values in readout-channel 2 = 5.345762
Trimmed average of values in readout-channel 3 = 6.276929
Trimmed average of values in readout-channel 4 = 6.197752
Darkdrift background term = 6.066632
...for data plane = 60
Darkdrift correction for readout-channel 1 = -0.217417
Darkdrift correction for readout-channel 2 = -0.108846
Darkdrift correction for readout-channel 3 = 0.307811
Darkdrift correction for readout-channel 4 = 0.018452
Darkdrift uncertainty for readout-channel 1 = 0.303615
Darkdrift uncertainty for readout-channel 2 = 0.302986
Darkdrift uncertainty for readout-channel 3 = 0.302975
Darkdrift uncertainty for readout-channel 4 = 0.303662
Trimmed average of values in readout-channel 1 = 5.266826
Trimmed average of values in readout-channel 2 = 5.375397
Trimmed average of values in readout-channel 3 = 5.792054
Trimmed average of values in readout-channel 4 = 5.502695
Darkdrift background term = 5.484243
...for data plane = 61
Darkdrift correction for readout-channel 1 = -0.009342
Darkdrift correction for readout-channel 2 = -0.113300
Darkdrift correction for readout-channel 3 = -0.152406
Darkdrift correction for readout-channel 4 = 0.275047
Darkdrift uncertainty for readout-channel 1 = 0.302975
Darkdrift uncertainty for readout-channel 2 = 0.302687
Darkdrift uncertainty for readout-channel 3 = 0.303247
Darkdrift uncertainty for readout-channel 4 = 0.302977
Trimmed average of values in readout-channel 1 = 5.417127
Trimmed average of values in readout-channel 2 = 5.313169
Trimmed average of values in readout-channel 3 = 5.274063
Trimmed average of values in readout-channel 4 = 5.701516
Darkdrift background term = 5.426469
...for data plane = 62
Darkdrift correction for readout-channel 1 = 0.450021
Darkdrift correction for readout-channel 2 = -0.210012
Darkdrift correction for readout-channel 3 = -0.092110
Darkdrift correction for readout-channel 4 = -0.147899
Darkdrift uncertainty for readout-channel 1 = 0.302726
Darkdrift uncertainty for readout-channel 2 = 0.304373
Darkdrift uncertainty for readout-channel 3 = 0.303393
Darkdrift uncertainty for readout-channel 4 = 0.302982
Trimmed average of values in readout-channel 1 = 5.994767
Trimmed average of values in readout-channel 2 = 5.334734
Trimmed average of values in readout-channel 3 = 5.452636
Trimmed average of values in readout-channel 4 = 5.396847
Darkdrift background term = 5.544746
...for data plane = 63
Darkdrift correction for readout-channel 1 = 0.430056
Darkdrift correction for readout-channel 2 = -0.577004
Darkdrift correction for readout-channel 3 = -0.098993
Darkdrift correction for readout-channel 4 = 0.245941
Darkdrift uncertainty for readout-channel 1 = 0.303364
Darkdrift uncertainty for readout-channel 2 = 0.304077
Darkdrift uncertainty for readout-channel 3 = 0.303093
Darkdrift uncertainty for readout-channel 4 = 0.302823
Trimmed average of values in readout-channel 1 = 6.059561
Trimmed average of values in readout-channel 2 = 5.052501
Trimmed average of values in readout-channel 3 = 5.530511
Trimmed average of values in readout-channel 4 = 5.875446
Darkdrift background term = 5.629505
...for data plane = 64
Darkdrift correction for readout-channel 1 = -0.154894
Darkdrift correction for readout-channel 2 = -0.026888
Darkdrift correction for readout-channel 3 = -0.358257
Darkdrift correction for readout-channel 4 = 0.540039
Darkdrift uncertainty for readout-channel 1 = 0.302987
Darkdrift uncertainty for readout-channel 2 = 0.228611
Darkdrift uncertainty for readout-channel 3 = 0.303939
Darkdrift uncertainty for readout-channel 4 = 0.302964
Trimmed average of values in readout-channel 1 = 5.213980
Trimmed average of values in readout-channel 2 = 5.341985
Trimmed average of values in readout-channel 3 = 5.010616
Trimmed average of values in readout-channel 4 = 5.908913
Darkdrift background term = 5.368874

Program darkdrift: Status Message: 0x0000
Normal exit from Function 0x0000: LOG_WRITER
darkdrift Warning: NaN's were produced in the results.
A total of     2013   NaN's were produced in the results.
Processing time: 12.240000 seconds
Current date/time: Sat Jan  9 14:58:05 2016
Program darkdrift, version 4.1, terminated.

darkdrift   exit_value =   0    execution_time = 12.340s
******************************************************************
Pipeline executing flatap
flatap -i darkdrift.fits -p cal/pmask.fits -f cal/skyflat.fits -ui sig_darkdrift.fits -uo sig_flatap.fits -d dmask.fits -o flatap.fits -c cal/skyflat_cmask.fits 
******************************************************************
Pipeline Module FLATAP Version 1.5
Processing time Sat Jan  9 14:58:06 2016

flatap_parse_namelist: Information only: Namelist not specified.
Sat Jan  9 14:58:06 2016
flatap_log_writer: Could not open Log File, using stdout
Flatap Version 1.5
Namelist File  = 
Input DCE = darkdrift.fits
Output DCE = !flatap.fits
Flatfield = cal/skyflat.fits
Input Uncertainty = sig_darkdrift.fits
Output Uncertainty = !sig_flatap.fits
Pmask File = cal/pmask.fits
Pmask Mask = 128
Dmask File = dmask.fits
Dmask Mask = 16384
Cmask File = cal/skyflat_cmask.fits
Cmask Mask = 256
Trans CAL File = 
Trans CAL CMask File = 
Processing Log File = 
Time =    0.22 seconds
*********************

Time = 0.220 seconds
exit code 0

flatap   exit_value =   0    execution_time = 0.310s
******************************************************************
Pipeline executing imfliprot
imfliprot -i flatap.fits -n cdf/pn107.nl -a /sos/sw/S19.2.0/STUDIO/downlink/include -o imfliprot.fits 
******************************************************************

imfliprot_log_writer: Printing Log output to stdout

Program imfliprot, Version 1.0
Namelist File  = cdf/pn107.nl
Input File = flatap.fits
Output File = imfliprot.fits
Image has been flipped
Image Rotation (degrees)  = 180
Ancillary Data-File Path = /sos/sw/S19.2.0/STUDIO/downlink/include
Verbose flag = 0
Debug flag = 0
imfliprot Status Message      0x0000: Normal exit from Function 0x0000: LOG_WRITER
Processing time: 0.200000 seconds
Current date/time: Sat Jan  9 14:58:07 2016
Program imfliprot, version 1.0, terminated.


imfliprot   exit_value =   0    execution_time = 0.250s
******************************************************************
Pipeline executing imfliprot
imfliprot -i sig_flatap.fits -n cdf/pn107.nl -a /sos/sw/S19.2.0/STUDIO/downlink/include -o sig_imfliprot.fits 
******************************************************************

imfliprot_log_writer: Printing Log output to stdout

Program imfliprot, Version 1.0
Namelist File  = cdf/pn107.nl
Input File = sig_flatap.fits
Output File = sig_imfliprot.fits
Image has been flipped
Image Rotation (degrees)  = 180
Ancillary Data-File Path = /sos/sw/S19.2.0/STUDIO/downlink/include
Verbose flag = 0
Debug flag = 0
imfliprot Status Message      0x0000: Normal exit from Function 0x0000: LOG_WRITER
Processing time: 0.200000 seconds
Current date/time: Sat Jan  9 14:58:07 2016
Program imfliprot, version 1.0, terminated.


imfliprot   exit_value =   0    execution_time = 0.250s
******************************************************************
Pipeline executing imfliprot
imfliprot -i dmask.fits -n cdf/pn107.nl -a /sos/sw/S19.2.0/STUDIO/downlink/include -o temp_dmask.fits 
******************************************************************

imfliprot_log_writer: Printing Log output to stdout

Program imfliprot, Version 1.0
Namelist File  = cdf/pn107.nl
Input File = dmask.fits
Output File = temp_dmask.fits
Image has been flipped
Image Rotation (degrees)  = 180
Ancillary Data-File Path = /sos/sw/S19.2.0/STUDIO/downlink/include
Verbose flag = 0
Debug flag = 0
imfliprot Status Message      0x0000: Normal exit from Function 0x0000: LOG_WRITER
Processing time: 0.060000 seconds
Current date/time: Sat Jan  9 14:58:08 2016
Program imfliprot, version 1.0, terminated.


imfliprot   exit_value =   0    execution_time = 0.110s
******************************************************************
Pipeline executing imfliprot
imfliprot -i fowlinearize.fits -n cdf/pn107.nl -a /sos/sw/S19.2.0/STUDIO/downlink/include -o temp_fowlinearize.fits 
******************************************************************

imfliprot_log_writer: Printing Log output to stdout

Program imfliprot, Version 1.0
Namelist File  = cdf/pn107.nl
Input File = fowlinearize.fits
Output File = temp_fowlinearize.fits
Image has been flipped
Image Rotation (degrees)  = 180
Ancillary Data-File Path = /sos/sw/S19.2.0/STUDIO/downlink/include
Verbose flag = 0
Debug flag = 0
imfliprot Status Message      0x0000: Normal exit from Function 0x0000: LOG_WRITER
Processing time: 0.100000 seconds
Current date/time: Sat Jan  9 14:58:08 2016
Program imfliprot, version 1.0, terminated.


imfliprot   exit_value =   0    execution_time = 0.140s
******************************************************************
Pipeline executing imfliprot
imfliprot -i sig_fowlinearize.fits -n cdf/pn107.nl -a /sos/sw/S19.2.0/STUDIO/downlink/include -o temp_sig_fowlinearize.fits 
******************************************************************

imfliprot_log_writer: Printing Log output to stdout

Program imfliprot, Version 1.0
Namelist File  = cdf/pn107.nl
Input File = sig_fowlinearize.fits
Output File = temp_sig_fowlinearize.fits
Image has been flipped
Image Rotation (degrees)  = 180
Ancillary Data-File Path = /sos/sw/S19.2.0/STUDIO/downlink/include
Verbose flag = 0
Debug flag = 0
imfliprot Status Message      0x0000: Normal exit from Function 0x0000: LOG_WRITER
Processing time: 0.090000 seconds
Current date/time: Sat Jan  9 14:58:09 2016
Program imfliprot, version 1.0, terminated.


imfliprot   exit_value =   0    execution_time = 0.140s
******************************************************************
Pipeline executing dntoflux
dntoflux -i imfliprot.fits -iu sig_imfliprot.fits -n cdf/pn107.nl -co 0 -c 0.1447 -u 0.0000 -a /sos/sw/S19.2.0/STUDIO/downlink/include -o1 dntoflux.fits -ou sig_dntoflux.fits -t 1 
******************************************************************

Program dntoflux, Version 4.2
Namelist File  = cdf/pn107.nl
Input Image = imfliprot.fits
Output File 1 = dntoflux.fits
Output Uncertainty Image = sig_dntoflux.fits
Operation flag = 0
Conversion factor = 0.144700
Input Uncertainty Image = sig_imfliprot.fits
Conversion-factor uncertainty = 0.000000
Output BUNIT setting = MJy/sr
Normalize-by-EXPTIME Flag = 1
EXPTIME = 1.920000
Data-Plane Flag = 1
Ancillary Data-File Path = /sos/sw/S19.2.0/STUDIO/downlink/include
Verbose flag = 0
Super-verbose flag = 0
Debug flag = 0
Terminating data-units-conversion program.
dntoflux Status Message: 0x0000
Normal exit from Function 0x0000: LOG_WRITER
dntoflux Probs Warning: NaN's were produced in the results.
A total of     4026   NaN's were produced in the results.
Processing time: 0.490000 seconds
Current date/time: Sat Jan  9 14:58:10 2016
Program dntoflux, version 4.2, terminated.

dntoflux   exit_value =   0    execution_time = 0.630s
******************************************************************
Pipeline executing qatool
qatool -i dntoflux.fits -n cdf/pn107.nl -nb QATOOLBCD -a /sos/sw/S19.2.0/STUDIO/downlink/include -o qa/BCD_qatool 
******************************************************************
qatool_parse_namelist: Information only: Namelist block-name = &QATOOLBCD
Program qatool, Version 6.0
Namelist File  = cdf/pn107.nl
Input File = dntoflux.fits
Output Data Filename Base = qa/BCD_qatool
Statistics Group = 0
Percent-Scaling Flag = 0
Calculation Type = 1
(set-up to do additional computations for four readout channels)
Number of Mean Absolute Deviations for Histogram Half-Width Coverage = 5
Number of Bins in Histograms = 41
Central fraction for trimmed average = 0.810000
Central fraction for trimmed std. dev. = 0.720000
Bad-pixel tolerance fraction = 0.900000
Statistics Box X position = 3
Statistics Box Y position = 4
Statistics Box X width = 20
Statistics Box Y height = 23
Input-Image Transpose Flag = 1
Unsigned Integer Flag = 0
Data-Plane Flag = 1
Number Edge Rows/Cols Skipped = 2
Keyword Prefix = bcd
Ancillary Data-File Path = /sos/sw/S19.2.0/STUDIO/downlink/include
Verbose flag = 0
Super-verbose flag = 0
Debug flag = 0
Performed statistical and histogram calculations.
Program qatool: Status Message: 0x0000
Normal exit from Function 0x0000: LOG_WRITER
Processing time: 1.350000 seconds
Current date/time: Sat Jan  9 14:58:12 2016
Program qatool, version 6.0, terminated.

qatool   exit_value =   0    execution_time = 1.450s
******************************************************************
Pipeline executing chkmask
chkmask dmask.fits -q qa/BCD_qatool.qa 
******************************************************************
 chkmask vsn 1.35 A40312
 
 No. of occurrences of the   2 status combinations:
   2269 occurrences of   256 (8)                                 
   7 occurrences of   16 (4)                                 
 
 Status Bit: No. of Pixels
   0:   0
   1:   0
   2:   0
   3:   0
   4:   7
   5:   0
   6:   0
   7:   0
   8:   2269
   9:   0
   10:   0
   11:   0
   12:   0
   13:   0
   14:   0
 

chkmask   exit_value =   0    execution_time = 0.360s
******************************************************************
Loading QA information for DCE and BCD product
Keyword APDUV1E not found in header
Keyword APDUV2E not found in header
Keyword APDUV3E not found in header
Keyword APDUI1E not found in header
Keyword APDUI2E not found in header
Keyword APDUI3E not found in header
Could not append keyword APDUV1E to QA file qa/DCE_qatool.qa
Could not append keyword APDUV2E to QA file qa/DCE_qatool.qa
Could not append keyword APDUV3E to QA file qa/DCE_qatool.qa
Could not append keyword APDUI1E to QA file qa/DCE_qatool.qa
Could not append keyword APDUI2E to QA file qa/DCE_qatool.qa
Could not append keyword APDUI3E to QA file qa/DCE_qatool.qa
******************************************************************
Pipeline executing qaloader
qaloader -i qa/DCE_qatool.qa -tablename qa_iracdce -o qa/qaloader.sql -role pipelineswrole 
******************************************************************
2016/01/09 14:58:16 BEGIN qaloader v1.13
 -i (QA_FILE) qa/DCE_qatool.qa
 -tablename (TABLENAME) qa_iracdce
 -o (SQL_FILE) qa/qaloader.sql
 -role (ROLE) pipelineswrole
Using metadata version 13.0b
table name=qa_iracdce

QA values ingested:
{-4.612935e+01} {}
dceAveFI_1       -4.612935e+01 
{-5.012425e+01} {}
dceAveR1_1       -5.012425e+01 
{-2.949203e+01} {}
dceAveR2_1       -2.949203e+01 
{-3.276903e+01} {}
dceAveR3_1       -3.276903e+01 
{-7.213207e+01} {}
dceAveR4_1       -7.213207e+01 
{-2.300000e+01} {-5.012425e+01}
dceMedFI_1       -2.300000e+01 
{3.017040e+02} {}
dceSdevFI_1      3.017040e+02 
{4.770400e+00} {}
dceDSclFI_1      4.770400e+00 
{-8.709000e+03} {}
dceMinFI_1       -8.709000e+03 
{1.400000e+01} {}
dceMaxFI_1       1.400000e+01 
{147809603} {}
DCEID            147809603 
{2} {-4.612935e+01}
CHNLNUM          2 
{0} {}
ADCEID           0 
{8} {}
AFOWLNUM         8 
{184} {}
AWAITPER         184 
{0} {}
AWEASIDE         0 
{1} {}
AREADMOD         1 
{27.699513} {}
AFPAT1B          27.699513 
{28.669623} {}
AFPAT2B          28.669623 
{0} {}
APEDSIG          0 
{0} {}
ATXSTAT          0 
{0} {}
AFLSTAT          0 
{4} {}
ASHSTAT          4 
{-3.5585} {}
AVRSTBEG         -3.5585 
{-3.056874} {}
AVDETBEG         -3.056874 
{-3.6191892} {}
AVGG1BEG         -3.6191892 
{-3.550644} {}
AVDDUBEG         -3.550644 
{0} {}
AVGGCBEG         0 
{21.047351} {}
ACTENDT          21.047351 
{19.270529} {}
AFPECTE          19.270529 
{22.64813} {}
AFPEATE          22.64813 
{23.516298} {}
ATCTEMPE         23.516298 
{21.01687} {}
ACETEMPE         21.01687 
{20.98639} {}
APDTEMPE         20.98639 
{27.671961} {}
ACATMP2E         27.671961 
2016/01/09 14:58:16 END   qaloader status=0

qaloader   exit_value =   0    execution_time = 0.090s
******************************************************************
Pipeline executing qaloader
qaloader -i qa/BCD_qatool.qa -tablename qa_iracdp -o qa/qaloader.sql 
******************************************************************
2016/01/09 14:58:17 BEGIN qaloader v1.13
 -i (QA_FILE) qa/BCD_qatool.qa
 -tablename (TABLENAME) qa_iracdp
 -o (SQL_FILE) qa/qaloader.sql
Using metadata version 13.0b
table name=qa_iracdp

QA values ingested:
{2.534819e+00} {}
bcdAveFI_1       2.534819e+00 
{3.999401e+00} {}
bcdAveUB_1       3.999401e+00 
{5.775460e-01} {}
bcdMedFI_1       5.775460e-01 
{6.824255e-01} {}
bcdMedUB_1       6.824255e-01 
{2.567081e+01} {}
bcdSdevFI_1      2.567081e+01 
{3.344932e+01} {}
bcdSdevUB_1      3.344932e+01 
{4.370500e-01} {}
bcdDSclFI_1      4.370500e-01 
{5.357341e-01} {}
bcdDSclUB_1      5.357341e-01 
{-2.136791e+00} {}
bcdMinFI_1       -2.136791e+00 
{-4.928034e-01} {}
bcdMinUB_1       -4.928034e-01 
{6.796656e+02} {}
bcdMaxFI_1       6.796656e+02 
{6.796656e+02} {}
bcdMaxUB_1       6.796656e+02 
{5.512754e-01} {}
bcdC68lFI_1      5.512754e-01 
{5.909778e-01} {}
bcdC68uFI_1      5.909778e-01 
{391693031} {}
DPID             391693031 
{2} {2.534819e+00}
CHNLNUM          2 
2016/01/09 14:58:17 END   qaloader status=0

qaloader   exit_value =   0    execution_time = 0.140s
******************************************************************
Pipeline executing dbaccess
dbaccess -e sodb qa/qaloader.sql 
******************************************************************
set role pipelineswrole;
set lock mode to wait 30;
EXECUTE PROCEDURE addQA_iracdce (147809603, NULL, NULL, 2, -4.612935e+01, 
-2.300000e+01, -5.012425e+01, -2.949203e+01, -3.276903e+01, -7.213207e+01, 
3.017040e+02, 4.770400e+00, -8.709000e+03, 1.400000e+01, 0, 8, 184, 0, 1, 
27.699513, 28.669623, 0, 0, 0, 4, -3.5585, -3.056874, -3.6191892, -3.550644, 0, 
21.047351, 19.270529, 22.64813, 23.516298, 21.01687, 20.98639, 27.671961, NULL, 
NULL, NULL, NULL, NULL, NULL);
EXECUTE PROCEDURE addQA_iracdp (391693031, NULL, NULL, 2, 2.534819e+00, 
3.999401e+00, 5.775460e-01, 6.824255e-01, 2.567081e+01, 3.344932e+01, 
4.370500e-01, 5.357341e-01, -2.136791e+00, -4.928034e-01, 6.796656e+02, 
6.796656e+02, 5.512754e-01, 5.909778e-01, NULL, NULL, NULL, NULL, NULL, NULL);
execute procedure setDceTimeParameters (147809603, 1037061815.274, "2012-11-11 00:37:14.948", 1.92, 2.00);

dbaccess   exit_value =   0    execution_time = 0.150s
******************************************************************
Finishing IRAC science pipeline processing
Could not copy cal/firstframe_corr.fits to /sbx10/S19.2.0/archive/proc/full/IRAC033400/bcd/4568/0046471424/2/0181/0000/17/01/1/cal/firstframe_corr.fits
Could not copy imask.fits to /sbx10/S19.2.0/archive/proc/full/IRAC033400/bcd/4568/0046471424/2/0181/0000/17/01/1/imask.fits
Could not copy muxbleedcorr.fits to /sbx10/S19.2.0/archive/proc/full/IRAC033400/bcd/4568/0046471424/2/0181/0000/17/01/1/muxbleedcorr.fits
Could not copy slremove.fits to /sbx10/S19.2.0/archive/proc/full/IRAC033400/bcd/4568/0046471424/2/0181/0000/17/01/1/slremove.fits
******************************************************************
PlScriptID 17 exiting Saturday, January  9, 2016  2:58:20 PM PST
Host: sopipe63
Local Processing Directory: /scr7/S19.2.0/IRAC033400/bcd/4568/0046471424/2/0181/0000/17/01/1
Sandbox Directory: /sbx10/S19.2.0/archive/proc/full/IRAC033400/bcd/4568/0046471424/2/0181/0000/17/01/1
Processing time: total 31.19 s (user 1.05, system 1.08, child user 17.86, child system 11.2)
Pipeline exit code: Normal exit (0)
******************************************************************
