 hdrupd8 vsn 1.6  A70821
******************************************************************
Executing IRAC science pipeline
******************************************************************
Pipeline executing sanity_datatype
sanity_datatype -i ../fos16.fits -t1 cdf/sanity_datatype1.tbl -t2 cdf/sanity_datatype2.tbl -o1 qa/sanity_datatype1.tbl -o2 qa/sanity_datatype2.tbl 
******************************************************************
Program Sanity_datatype is started .... Version 1.0, Sat Jan  9 14:57:20 2016
Input Image File = ../fos16.fits
Input Data Table 1 = cdf/sanity_datatype1.tbl
Input Data Table 2 = cdf/sanity_datatype2.tbl
Output Filename1 = qa/sanity_datatype1.tbl
Output Filename2 = qa/sanity_datatype2.tbl
Log File = stdout
I_Debug = 0
I_Verbose = 0
I_SuperVerbose = 0
Processing time: 0.070000 seconds
Program Sanity_datatype is done. Version 1.0, Sat Jan  9 14:57:20 2016


sanity_datatype   exit_value =   0    execution_time = 0.450s
******************************************************************
Pipeline executing qatool
qatool -i ../fos16.fits -n cdf/pn107.nl -nb QATOOLDCE -a /sos/sw/S19.2.0/STUDIO/downlink/include -o qa/DCE_qatool 
******************************************************************
qatool_parse_namelist: Information only: Namelist block-name = &QATOOLDCE
Program qatool, Version 6.0
Namelist File  = cdf/pn107.nl
Input File = ../fos16.fits
Output Data Filename Base = qa/DCE_qatool
Statistics Group = 0
Percent-Scaling Flag = 0
Calculation Type = 1
(set-up to do additional computations for four readout channels)
Number of Mean Absolute Deviations for Histogram Half-Width Coverage = 5
Number of Bins in Histograms = 41
Central fraction for trimmed average = 0.810000
Central fraction for trimmed std. dev. = 0.720000
Bad-pixel tolerance fraction = 0.340000
Statistics Box X position = 3
Statistics Box Y position = 4
Statistics Box X width = 27
Statistics Box Y height = 33
Input-Image Transpose Flag = 1
Unsigned Integer Flag = 0
Data-Plane Flag = 1
Number Edge Rows/Cols Skipped = 10
Keyword Prefix = dce
Ancillary Data-File Path = /sos/sw/S19.2.0/STUDIO/downlink/include
Verbose flag = 0
Super-verbose flag = 0
Debug flag = 0
Performed statistical and histogram calculations.
Program qatool: Status Message: 0x0000
Normal exit from Function 0x0000: LOG_WRITER
Processing time: 0.720000 seconds
Current date/time: Sat Jan  9 14:57:21 2016
Program qatool, version 6.0, terminated.

qatool   exit_value =   0    execution_time = 0.830s
******************************************************************
Pipeline executing sanity_check
sanity_check -i qa/DCE_qatool.tbl -o qa/sanity_check.tbl 
******************************************************************
Program Sanity_check is started .... Version 1.0, Sat Jan  9 14:57:25 2016

Input File = qa/DCE_qatool.tbl
Output = qa/sanity_check.tbl
Processing time: 0.020000 seconds
Current date/time: Sat Jan  9 14:57:26 2016
Program Sanity_check, version 1.0, terminated.

sanity_check   exit_value =   0    execution_time = 0.320s
******************************************************************
Pipeline executing abad_repair
abad_repair -i ../fos16.fits -o abad_repair.fits 
******************************************************************
Pipeline Module ABAD_REPAIR Version 1.2
Processing time Sat Jan  9 14:57:26 2016

ABAD_READ_DATA: A0752D00 = 0
status from read: 1
npixs = 65536
enter output with 0
files ../fos16.fits !abad_repair.fits 
open output [!abad_repair.fits]
comment [Sat Jan  9 14:57:26 2016]
Time = 0.050 seconds
exit code 0

abad_repair   exit_value =   0    execution_time = 0.110s
******************************************************************
Pipeline executing tranhead
tranhead -i abad_repair.fits -n cdf/pn107.nl -k /scr/S19.2.0/cdf/ctd/telemetry_dictionary.dat -a /sos/sw/S19.2.0/STUDIO/downlink/include -o tranhead.fits -t, cdf/Keyword_Include_List.dat 
******************************************************************

Program tranhead, Version 13.2
Namelist File  = cdf/pn107.nl
Input File = abad_repair.fits
Dictionary File = /scr/S19.2.0/cdf/ctd/telemetry_dictionary.dat
CTD Version String = 3.0.94S
Keyword-Include-List File = cdf/Keyword_Include_List.dat
Translated-Keyword File = tranhead.hdr
CSPICE leapseconds kernel = /scr/S19.2.0/cdf/spice/leapseconds.ker
CSPICE SCLK_SCET kernel = /scr/S19.2.0/cdf/spice/sclk_scet.ker
CSPICE Spitzer Ephemeris = /scr/S19.2.0/cdf/spice/sirtf.bsp
CSPICE Planets Ephemeris = /scr/S19.2.0/cdf/spice/de.bsp
Output File = tranhead.fits
Operation Type = 1
FITS-Header Comment Flag = 1
SCLK correction factor = 1.000380
Ignore Frames (1st) = -1
Ignore Frames (2nd and higher) = -1
Central fraction for trimmed average  = 0.900000
Central fraction for trimmed std. dev. = 0.900000
Gain = 3.710000
Gain_RdOutCh_1 = 3.710000
Gain_RdOutCh_2 = 3.710000
Gain_RdOutCh_3 = 3.710000
Gain_RdOutCh_4 = 3.710000
Ancillary Data-File Path = /sos/sw/S19.2.0/STUDIO/downlink/include
Verbose flag = 0
Super-verbose flag = 0
Debug flag = 0
Configured to perform forward FITS keyword translation.
tranhead Status Message: 0x0000
Normal exit from Function 0x0000: LOG_WRITER
A total of        0   NaN's were produced in the results.
Processing time: 0.310000 seconds
Current date/time: Sat Jan  9 14:57:27 2016
Program tranhead, version 13.2, terminated.

tranhead   exit_value =   0    execution_time = 0.440s
 hdrupd8 vsn 1.6  A70821


LabDark

chan, frametime, hdy, extrpt = 2, 2.00, F, 233
expid  adceid  repidx  =  63,  0,  0 

SkyDarkaor template time = 2
hdy  repidx =  F  0
expid  ext-repeat  =  63  233

******************************************************************
Pipeline executing caltrans
caltrans -n cdf/pn107.nl -m 2 -a 7 -b /scr1/S19.2.0/dlcaldata/irac -s tranhead.fits -o cal -u SUB -jk1 CHNLNUM -jv1 2 -ja1 N -ju1 0 -js1 flip -jk2 CHNLNUM;AFOWLNUM;AWAITPER;FRAMTIME;HDRMODE -jv2 2;8;184;2.00;F -ja2 N;N;N;N;S -ju2 0;0;0;0;0 -js2 sigma;cmask -jk3 CHNLNUM;AFOWLNUM;AWAITPER;FRAMTIME;HDRMODE -jv3 2;8;184;2.00;F -ja3 N;N;N;N;S -ju3 0;0;0;0;0 -js3 cmask -jk4 CHNLNUM -jv4 2 -ja4 N -ju4 0 -js4 cmask -jk5 CHNLNUM -jv5 2 -ja5 N -ju5 0 -js5 cmask -jk6 CHNLNUM -jv6 2 -ja6 N -ju6 0 -jk7 CHNLNUM;AFOWLNUM;AWAITPER -jv7 2;8;184 -ja7 N;N;N -ju7 0;0;0 -jk8 CHNLNUM;AFOWLNUM;AWAITPER -jv8 2;8;184 -ja8 N;N;N -ju8 0;0;0 -e CALTRANSsciSUB 
******************************************************************

Online Namelist file descriptor associated
Online namelist buffer loaded: length = 7422

Warning !:  Ancillary file #1  with full suffix filename  '/sos/archive/fallbacks/IRAC004600/SUB_2s_2sf8d1r1_ch2_v2.0.0_dark_sigma.fits'  NOT in archive/sandbox !!.
Proceed to the next suffix fileprocessing .....

Warning !:  Ancillary file #2  with full suffix filename  '/sos/archive/fallbacks/IRAC004600/SUB_2s_2sf8d1r1_ch2_v2.0.0_dark_cmask.fits'  NOT in archive/sandbox !!.
Proceed to the next suffix fileprocessing .....

Warning !:  Ancillary-suffix file #1: '/scr1/S19.2.0/dlcaldata/irac/fb1502_SUB_2s_2sf8d1r1_ch2_v2.0.0_dark_sigma.fits'  could NOT be identified on cache.
Processing continues ..... 


Warning !:  Ancillary-suffix file #2: '/scr1/S19.2.0/dlcaldata/irac/fb1502_SUB_2s_2sf8d1r1_ch2_v2.0.0_dark_cmask.fits'  could NOT be identified on cache.
Processing continues ..... 


Warning !:  Ancillary file #1  with full suffix filename  '/sos/archive/fallbacks/IRAC005300/lincal_b2_sa_011410_cmask.fits'  NOT in archive/sandbox !!.
Proceed to the next suffix fileprocessing .....

Warning !:  Ancillary-suffix file #1: '/scr1/S19.2.0/dlcaldata/irac/fb1579_lincal_b2_sa_011410_cmask.fits'  could NOT be identified on cache.
Processing continues ..... 

  Printing Log output to stdout...


Program CALTRANS, Version 4.0
Command-Line Namelist Filename  = cdf/pn107.nl
Command-Line Namelist Section = CALTRANSsciSUB
CalTrans Execution Mode  = 2
CalID = 7
Input Calibration Type list = pmask;labdark;skydark;lincal;sky_flat;fluxconv;muxbleed_lut;muxbleed_coeff
Input Calibration Rule list = 0;0;300;0;0;0;0;0
Input Generic Outfname list = pmask.fits;labdark.fits;skydark.fits;lincal.fits;skyflat.fits;fluxconv;muxbleed_lut;muxbleed_coeff
Science DCE Filename = tranhead.fits
CAL Destination Path = cal
Processing time: 0.520000 seconds
Current date/time: Sat Jan  9 14:57:43 2016
Program CALTRANS, version 4.0, terminated with status = 16

CalTrans exits with status = 16



caltrans   exit_value =  16    execution_time = 0.680s
******************************************************************
Pipeline executing insbposdom
insbposdom -i tranhead.fits -o insbposdom.fits 
******************************************************************
Pipeline Module INSBPOSDOM Version 1.1
Processing time Sat Jan  9 14:57:44 2016

Sat Jan  9 14:57:44 2016
Time = 0.030 seconds
exit code 0

insbposdom   exit_value =   0    execution_time = 0.080s
******************************************************************
Pipeline executing cvti2r4
cvti2r4 -i insbposdom.fits -a 0.5625 -b 0 -d cal/dmask_for_raw.fits -o cvti2r4.fits -m row 
******************************************************************
 SIRTF I*2-to-R*4 Data Cube Conversion program vsn 1.31 A61025
 Input file:  insbposdom.fits
 Using offset =    0.562500
 Using BLANK-fill value:   0
 Output file: cvti2r4.fits
 Missing-data pattern specified as rows

cvti2r4   exit_value =   0    execution_time = 0.390s
Image has barrel shift = 3
Computed truncation correction 0.5*(1-2^-ABARREL) = 0.5625
******************************************************************
Pipeline executing hdrupd8
hdrupd8 cvti2r4.fits -a cdf/hdrupd8_cubify.dat -d cdf/hdrupd8_planify.dat 
******************************************************************
 hdrupd8 vsn 1.6  A70821
 WARNING: keyword to be deleted not found: NAXIS3  

hdrupd8   exit_value =   0    execution_time = 0.330s
******************************************************************
Pipeline executing hdrupd8
hdrupd8 dmask.fits -a cdf/hdrupd8_cubify.dat -d cdf/hdrupd8_planify.dat 
******************************************************************
 hdrupd8 vsn 1.6  A70821
 WARNING: keyword to be deleted not found: NAXIS3  

hdrupd8   exit_value =   0    execution_time = 0.320s
******************************************************************
Pipeline executing iracwrapdet1
iracwrapdet1 -i cvti2r4.fits -n cdf/pn107.nl -p cal/pmask.fits -d dmask.fits -w wmask.fits -v 
******************************************************************
Pipeline Module IRACWRAPDET1 Version 1.4
Processing time Sat Jan  9 14:57:55 2016
iracwrapdet1_parse_args: Namelist File = 	cdf/pn107.nl
iracwrapdet1_parse_args: Pmask File = 	cal/pmask.fits
iracwrapdet1_parse_args: Dmask File = 	dmask.fits
iracwrapdet1_parse_args: Wmask File = 	wmask.fits
iracwrapdet1_parse_args: Input File = 	cvti2r4.fits
iracwrapdet1_parse_args: I_Verbose = 			1
chn 2 framtim 2.000000
iracwrapdet1_read_data: Data read from file:
cvti2r4.fits
iracwrapdet1_read_data: I_NX = 32
iracwrapdet1_read_data: I_NY = 32
iracwrapdet1_read_data: I_NZ = 64
iracwrapdet1_parse_namelist: Namelist File = 	cdf/pn107.nl
Coeff used: 55000.000000 55000.000000 55000.000000 55000.000000
iracwrapdet1_compute_results: Numerical Computations finished
Sat Jan  9 14:57:55 2016
iracwrapdet1_output: Results written to file(s).
Time = 0.030 seconds
iracwrapdet1_error_handler: Error Handler finished.
iracwrapdet1_exit: Memory Deallocated.
exit code 0

iracwrapdet1   exit_value =   0    execution_time = 0.070s
******************************************************************
Pipeline executing iracwrapdet2
iracwrapdet2 -i cvti2r4.fits -n cdf/pn107.nl -p cal/pmask.fits -d dmask.fits -w wmask.fits -a /sos/sw/S19.2.0/STUDIO/downlink/include 
******************************************************************

Program iracwrapdet2, Version 1.4
Namelist File  = cdf/pn107.nl
FITS Input Image = cvti2r4.fits
Pmask File = cal/pmask.fits
Dmask File = dmask.fits
Wmask File = mask.fits
M-Level       chan1     chan2     chan3     chan4
            55000.0   55000.0   55000.0   55000.0
Tolerance     chan1     chan2     chan3     chan4
             1200.0    1200.0    1200.0    1200.0
Pmask Maximum = 65535
Dmask Maximum = 65535
Ancillary Data-File Path = /sos/sw/S19.2.0/STUDIO/downlink/include
Verbose flag = 0
Super-verbose flag = 0
Debug flag = 0
iracwrapdet2 Status Message      0x0000
Normal exit from Function 0x0000: LOG_WRITER
Processing time: 0.130000 seconds
Current date/time: Sat Jan  9 14:57:56 2016
Program iracwrapdet2, version 1.4, terminated


iracwrapdet2   exit_value =   0    execution_time = 0.170s
******************************************************************
Pipeline executing iracwrapcorr
iracwrapcorr -i cvti2r4.fits -p cal/pmask.fits -d dmask.fits -w wmask.fits -o iracwrapcorr.fits 
******************************************************************
Pipeline Module IRACWRAPCORR Version 1.3
Processing time Sat Jan  9 14:57:56 2016
iracwrapcorr_parse_namelist: Information only: Namelist not specified.
Sat Jan  9 14:57:56 2016
Time = 0.040 seconds
exit code 0

iracwrapcorr   exit_value =   0    execution_time = 0.080s
******************************************************************
Pipeline executing iracnorm
iracnorm -i iracwrapcorr.fits -p cal/pmask.fits -d dmask.fits -o iracnorm.fits 
******************************************************************
Pipeline Module IRACWNORM Version 1.10
Processing time Sat Jan  9 14:57:56 2016

Sat Jan  9 14:57:56 2016
Time = 0.050 seconds
exit code 0

iracnorm   exit_value =   0    execution_time = 0.090s
******************************************************************
Pipeline executing iracebwc
iracebwc -i iracnorm.fits -n cdf/pn107.nl -p cal/pmask.fits -d dmask.fits -o iracebwc.fits 
******************************************************************
Pipeline Module IRACEBWC Version 1.2
Processing time Sat Jan  9 14:57:57 2016

Sat Jan  9 14:57:57 2016
Time = 0.040 seconds
exit code 0

iracebwc   exit_value =   0    execution_time = 0.080s
HDR mode   =  f
AOR Template Time     =  2
DCE Frame Time    =  2.00
EXTRpt     =  233
Frame NOBF =  0
From sub determine_delays:
   aottime = 2
   aordelay = 222.190359962807
   stellarmode = f
   expid=63
imdly = 1.45236004673004
frmdly = 1.45236004673004

Immed  Delay = 1.45236004673004
Frame  Delay = 1.45236004673004

 hdrupd8 vsn 1.6  A70821
 hdrupd8 vsn 1.6  A70821
 hdrupd8 vsn 1.6  A70821
 hdrupd8 vsn 1.6  A70821
 hdrupd8 vsn 1.6  A70821
 hdrupd8 vsn 1.6  A70821
 hdrupd8 vsn 1.6  A70821
******************************************************************
Pipeline executing darksubng
darksubng -i iracebwc.fits -a /sos/sw/S19.2.0/STUDIO/downlink/include -p cal/pmask.fits -d dmask.fits -o labdarksub.fits -cc cal/labdark.fits -v 
******************************************************************
/sos/sw/S19.2.0/STUDIO/downlink/bin/darksubng: namelist not given
/sos/sw/S19.2.0/STUDIO/downlink/bin/darksubng: input uncertainty image not given
/sos/sw/S19.2.0/STUDIO/downlink/bin/darksubng: output uncertainty image not given
/sos/sw/S19.2.0/STUDIO/downlink/bin/darksubng: WARNING no uncertainty calculations will be performed
/sos/sw/S19.2.0/STUDIO/downlink/bin/darksubng: Namelist               = []
/sos/sw/S19.2.0/STUDIO/downlink/bin/darksubng: Input image            = [iracebwc.fits]
/sos/sw/S19.2.0/STUDIO/downlink/bin/darksubng: Input uncertainty      = []
/sos/sw/S19.2.0/STUDIO/downlink/bin/darksubng: Output image           = [!labdarksub.fits]
/sos/sw/S19.2.0/STUDIO/downlink/bin/darksubng: Output uncertainty     = []
/sos/sw/S19.2.0/STUDIO/downlink/bin/darksubng: Dark                   = [cal/labdark.fits]
/sos/sw/S19.2.0/STUDIO/downlink/bin/darksubng: Pmask file             = [cal/pmask.fits]
/sos/sw/S19.2.0/STUDIO/downlink/bin/darksubng: Pmask fatality bitmask = [65536]
/sos/sw/S19.2.0/STUDIO/downlink/bin/darksubng: Dmask file             = [dmask.fits]
/sos/sw/S19.2.0/STUDIO/downlink/bin/darksubng: Dmask fatality bitmask = [65536]
/sos/sw/S19.2.0/STUDIO/downlink/bin/darksubng: Cmask file             = []
/sos/sw/S19.2.0/STUDIO/downlink/bin/darksubng: Cmask fatality bitmask = [65536]
/sos/sw/S19.2.0/STUDIO/downlink/bin/darksubng: Logfile                = []
/sos/sw/S19.2.0/STUDIO/downlink/bin/darksubng: Ancillary Path         = [/sos/sw/S19.2.0/STUDIO/downlink/include]
/sos/sw/S19.2.0/STUDIO/downlink/bin/darksubng: Uncertainty calculations will not be made
/sos/sw/S19.2.0/STUDIO/downlink/bin/darksubng: WARNING cal/labdark.fits has no BUNIT key
/sos/sw/S19.2.0/STUDIO/downlink/bin/darksubng: WARNING assuming cal/labdark.fits is in DN
/sos/sw/S19.2.0/STUDIO/downlink/bin/darksubng: WARNING cal/labdark.fits has no EXPTIME key
/sos/sw/S19.2.0/STUDIO/downlink/bin/darksubng: WARNING cal/labdark.fits has no GAIN keywords
/sos/sw/S19.2.0/STUDIO/downlink/bin/darksubng: compute - performing any unit conversions
/sos/sw/S19.2.0/STUDIO/downlink/bin/darksubng: compute - starting subtraction with masking 
/sos/sw/S19.2.0/STUDIO/downlink/bin/darksubng: Processing successful; Exiting

darksubng   exit_value =   0    execution_time = 0.140s
READ Noise !! =  9.4
******************************************************************
Pipeline executing snestimator
snestimator -i labdarksub.fits -n cdf/pn107.nl -a /sos/sw/S19.2.0/STUDIO/downlink/include -p cal/pmask.fits -d dmask.fits -on sig_snestimator.fits -g 3.71 -r 9.4 
******************************************************************
verbose 0

Program SNESTIMATOR, Version 1.5
Namelist File  = cdf/pn107.nl
Input FITS Image = labdarksub.fits
Noise Image = sig_snestimator.fits
Denominator type = IRAC_MODEL
Edge Pixels Excluded = 0
Gain Channel 1 = 3.710000 Channel 2 = 3.710000 Channel 3 = 3.710000 Channel 4 = 3.710000
Read Noise = 9.400000
Confusion Sigma = 0.000000
Ancillary Data-File Path = /sos/sw/S19.2.0/STUDIO/downlink/include
Verbose flag = 0
Super-verbose flag = 0
Debug flag = 0
snestimator Status Message      0x0000
Normal exit from Function 0x0000: LOG_WRITER
Processing time: 0.110000 seconds
Current date/time: Sat Jan  9 14:58:20 2016
Program SNESTIMATOR, version 1.5, terminated


snestimator   exit_value =   0    execution_time = 0.180s
******************************************************************
Pipeline executing darksubng
darksubng -i iracebwc.fits -iu sig_snestimator.fits -a /sos/sw/S19.2.0/STUDIO/downlink/include -p cal/pmask.fits -d dmask.fits -o labdarksub.fits -ou sig_labdarksub.fits -cc cal/labdark.fits -v 
******************************************************************
/sos/sw/S19.2.0/STUDIO/downlink/bin/darksubng: namelist not given
/sos/sw/S19.2.0/STUDIO/downlink/bin/darksubng: Namelist               = []
/sos/sw/S19.2.0/STUDIO/downlink/bin/darksubng: Input image            = [iracebwc.fits]
/sos/sw/S19.2.0/STUDIO/downlink/bin/darksubng: Input uncertainty      = [sig_snestimator.fits]
/sos/sw/S19.2.0/STUDIO/downlink/bin/darksubng: Output image           = [!labdarksub.fits]
/sos/sw/S19.2.0/STUDIO/downlink/bin/darksubng: Output uncertainty     = [!sig_labdarksub.fits]
/sos/sw/S19.2.0/STUDIO/downlink/bin/darksubng: Dark                   = [cal/labdark.fits]
/sos/sw/S19.2.0/STUDIO/downlink/bin/darksubng: Pmask file             = [cal/pmask.fits]
/sos/sw/S19.2.0/STUDIO/downlink/bin/darksubng: Pmask fatality bitmask = [65536]
/sos/sw/S19.2.0/STUDIO/downlink/bin/darksubng: Dmask file             = [dmask.fits]
/sos/sw/S19.2.0/STUDIO/downlink/bin/darksubng: Dmask fatality bitmask = [65536]
/sos/sw/S19.2.0/STUDIO/downlink/bin/darksubng: Cmask file             = []
/sos/sw/S19.2.0/STUDIO/downlink/bin/darksubng: Cmask fatality bitmask = [65536]
/sos/sw/S19.2.0/STUDIO/downlink/bin/darksubng: Logfile                = []
/sos/sw/S19.2.0/STUDIO/downlink/bin/darksubng: Ancillary Path         = [/sos/sw/S19.2.0/STUDIO/downlink/include]
/sos/sw/S19.2.0/STUDIO/downlink/bin/darksubng: Uncertainty calculations will be made
/sos/sw/S19.2.0/STUDIO/downlink/bin/darksubng: WARNING cal/labdark.fits has no BUNIT key
/sos/sw/S19.2.0/STUDIO/downlink/bin/darksubng: WARNING assuming cal/labdark.fits is in DN
/sos/sw/S19.2.0/STUDIO/downlink/bin/darksubng: WARNING cal/labdark.fits has no EXPTIME key
/sos/sw/S19.2.0/STUDIO/downlink/bin/darksubng: WARNING cal/labdark.fits has no GAIN keywords
/sos/sw/S19.2.0/STUDIO/downlink/bin/darksubng: compute - performing any unit conversions
/sos/sw/S19.2.0/STUDIO/downlink/bin/darksubng: compute - starting subtraction with masking 
/sos/sw/S19.2.0/STUDIO/downlink/bin/darksubng: Processing successful; Exiting

darksubng   exit_value =   0    execution_time = 0.200s
******************************************************************
Pipeline executing fowlinearize
fowlinearize -i1 labdarksub.fits -i3 sig_labdarksub.fits -n cdf/pn107.nl -a /sos/sw/S19.2.0/STUDIO/downlink/include -ip cal/pmask.fits -i2 cal/lincal.fits -id dmask.fits -o1 fowlinearize.fits -o2 sig_fowlinearize.fits -c 10 
******************************************************************

Program FOWLINEARIZE, Version 4.9
Namelist File  = cdf/pn107.nl
Input File 1 = labdarksub.fits
Input File 2 = cal/lincal.fits
Input File 3 = sig_labdarksub.fits
Model_Flag(1=quad. 2=cubic) = 1
Clock_Readout(10=sub-array, 200=full-array) = 10.000000
Input PMask Image = cal/pmask.fits
Unusable PMask Bits = 16384
Input DMask Image = dmask.fits
Unusable DMask Bits = 8192
Not-linearized DMask Bit = 4096
Not-linearized DMask Bit due to lincal-model saturation = 8192
Output File 1 = fowlinearize.fits
Output File 2 = sig_fowlinearize.fits
Ancillary Data-File Path = /sos/sw/S19.2.0/STUDIO/downlink/include
Verbose flag = 0
Super-verbose flag = 0
Debug flag = 0
Performed linearity correction.
Program fowlinearize: Status Message: 0x0000
Normal exit from Function 0x0000: LOG_WRITER
Processing time: 0.330000 seconds
Current date/time: Sat Jan  9 14:58:22 2016
Program FOWLINEARIZE, version 4.9, terminated.

fowlinearize   exit_value =   0    execution_time = 0.450s
Read Noise =  9.4
 hdrupd8 vsn 1.6  A70821
******************************************************************
Pipeline executing bgmodel
bgmodel -i fowlinearize.fits -n cdf/pn107.nl -h 
******************************************************************

Online Namelist file descriptor associated
Online namelist buffer loaded: length = 7422
bgmodel_log_writer: Printing Log output to stdout
bgmodel  Version 1.0
Namelist File  = cdf/pn107.nl
Input Image = fowlinearize.fits
Ephemeris = /scr1/S19.2.0/cdf/spice/sirtf.bsp
LeapSec Kernel = /scr1/S19.2.0/cdf/spice/leapseconds.ker
SPK Kernel = /scr1/S19.2.0/cdf/spice/de.bsp

bgmodel  Status Message      0x0000: No error.
Time = 0.070 seconds

Background exits with status = 0


bgmodel   exit_value =   0    execution_time = 0.140s
******************************************************************
Pipeline executing hdrupd8
hdrupd8 fowlinearize.fits -a addkeys.dat 
******************************************************************
 hdrupd8 vsn 1.6  A70821

hdrupd8   exit_value =   0    execution_time = 0.440s
SkyDk Med DN      = 16.56367 
Exposure time     = 1.92
SkyDk Med DN rate = 8.62691145833333
Flux Conv         = 0.1447 
SkyDk Med Flux    = 1.24831408802083
Image File = fowlinearize.fits 

 hdrupd8 vsn 1.6  A70821
 hdrupd8 vsn 1.6  A70821
 hdrupd8 vsn 1.6  A70821
 hdrupd8 vsn 1.6  A70821
 hdrupd8 vsn 1.6  A70821
******************************************************************
Pipeline executing darksubng
darksubng -i fowlinearize.fits -iu sig_fowlinearize.fits -a /sos/sw/S19.2.0/STUDIO/downlink/include -p cal/pmask.fits -d dmask.fits -o skydarksub.fits -ou sig_skydarksub.fits -cc cal/skydark.fits -v -c cal/skydark_cmask.fits 
******************************************************************
/sos/sw/S19.2.0/STUDIO/downlink/bin/darksubng: namelist not given
/sos/sw/S19.2.0/STUDIO/downlink/bin/darksubng: Namelist               = []
/sos/sw/S19.2.0/STUDIO/downlink/bin/darksubng: Input image            = [fowlinearize.fits]
/sos/sw/S19.2.0/STUDIO/downlink/bin/darksubng: Input uncertainty      = [sig_fowlinearize.fits]
/sos/sw/S19.2.0/STUDIO/downlink/bin/darksubng: Output image           = [!skydarksub.fits]
/sos/sw/S19.2.0/STUDIO/downlink/bin/darksubng: Output uncertainty     = [!sig_skydarksub.fits]
/sos/sw/S19.2.0/STUDIO/downlink/bin/darksubng: Dark                   = [cal/skydark.fits]
/sos/sw/S19.2.0/STUDIO/downlink/bin/darksubng: Pmask file             = [cal/pmask.fits]
/sos/sw/S19.2.0/STUDIO/downlink/bin/darksubng: Pmask fatality bitmask = [65536]
/sos/sw/S19.2.0/STUDIO/downlink/bin/darksubng: Dmask file             = [dmask.fits]
/sos/sw/S19.2.0/STUDIO/downlink/bin/darksubng: Dmask fatality bitmask = [65536]
/sos/sw/S19.2.0/STUDIO/downlink/bin/darksubng: Cmask file             = [cal/skydark_cmask.fits]
/sos/sw/S19.2.0/STUDIO/downlink/bin/darksubng: Cmask fatality bitmask = [65536]
/sos/sw/S19.2.0/STUDIO/downlink/bin/darksubng: Logfile                = []
/sos/sw/S19.2.0/STUDIO/downlink/bin/darksubng: Ancillary Path         = [/sos/sw/S19.2.0/STUDIO/downlink/include]
/sos/sw/S19.2.0/STUDIO/downlink/bin/darksubng: Uncertainty calculations will be made
/sos/sw/S19.2.0/STUDIO/downlink/bin/darksubng: compute - performing any unit conversions
/sos/sw/S19.2.0/STUDIO/downlink/bin/darksubng: compute - starting subtraction with masking 
/sos/sw/S19.2.0/STUDIO/downlink/bin/darksubng: Processing successful; Exiting

darksubng   exit_value =   0    execution_time = 0.210s
******************************************************************
Pipeline executing darkdrift
darkdrift -i skydarksub.fits -iu sig_skydarksub.fits -n cdf/pn107.nl -a /sos/sw/S19.2.0/STUDIO/downlink/include -o1 darkdrift.fits -o2 darkdriftcorr.fits -o3 darkdrift.tbl -ou sig_darkdrift.fits 
******************************************************************
Program darkdrift, Version 4.1
Namelist File  = cdf/pn107.nl
Input Image = skydarksub.fits
Input Uncertainty Image = sig_skydarksub.fits
Output Image 1 (corrected image) = darkdrift.fits
Output Image 2 (corrections) = darkdriftcorr.fits
Output Image 3 (uncertainties) = sig_darkdrift.fits
Output File 3 = darkdrift.tbl
Central fraction for trimmed average  = 0.900000
Central fraction for trimmed std. dev. = 0.900000
Time_Input = 0.250000
Time_Before = 0.000000
Time_After = 1.000000
Temp_Input = 270.000000
Temp_Before = 280.000000
Temp_After = 260.000000
Calculation Type = 1
Input-Image Transpose Flag = 1
Multiplicative-Correction Flag (Additive if zero) = 0
Readout Channel to exclude (none if zero) = 0
Data-Plane Flag = 1
Ancillary Data-File Path = /sos/sw/S19.2.0/STUDIO/downlink/include
Verbose flag = 0
Super-verbose flag = 0
Debug flag = 0
Dark-current offsets estimated from input image.

Detailed darkdrift calculational results:
...for data plane = 1
Darkdrift correction for readout-channel 1 = -0.153931
Darkdrift correction for readout-channel 2 = -0.255461
Darkdrift correction for readout-channel 3 = -0.029084
Darkdrift correction for readout-channel 4 = 0.438476
Darkdrift uncertainty for readout-channel 1 = 0.301446
Darkdrift uncertainty for readout-channel 2 = 0.299962
Darkdrift uncertainty for readout-channel 3 = 0.374981
Darkdrift uncertainty for readout-channel 4 = 0.302118
Trimmed average of values in readout-channel 1 = 7.611294
Trimmed average of values in readout-channel 2 = 7.509765
Trimmed average of values in readout-channel 3 = 7.736142
Trimmed average of values in readout-channel 4 = 8.203702
Darkdrift background term = 7.765226
...for data plane = 2
Darkdrift correction for readout-channel 1 = -0.011645
Darkdrift correction for readout-channel 2 = -0.430716
Darkdrift correction for readout-channel 3 = 0.188936
Darkdrift correction for readout-channel 4 = 0.253425
Darkdrift uncertainty for readout-channel 1 = 0.340759
Darkdrift uncertainty for readout-channel 2 = 0.303252
Darkdrift uncertainty for readout-channel 3 = 0.303062
Darkdrift uncertainty for readout-channel 4 = 0.302898
Trimmed average of values in readout-channel 1 = 4.766835
Trimmed average of values in readout-channel 2 = 4.347764
Trimmed average of values in readout-channel 3 = 4.967416
Trimmed average of values in readout-channel 4 = 5.031906
Darkdrift background term = 4.778480
...for data plane = 3
Darkdrift correction for readout-channel 1 = -0.047640
Darkdrift correction for readout-channel 2 = -0.145378
Darkdrift correction for readout-channel 3 = 0.120250
Darkdrift correction for readout-channel 4 = 0.072768
Darkdrift uncertainty for readout-channel 1 = 0.303110
Darkdrift uncertainty for readout-channel 2 = 0.307962
Darkdrift uncertainty for readout-channel 3 = 0.303140
Darkdrift uncertainty for readout-channel 4 = 0.302992
Trimmed average of values in readout-channel 1 = 5.146453
Trimmed average of values in readout-channel 2 = 5.048715
Trimmed average of values in readout-channel 3 = 5.314342
Trimmed average of values in readout-channel 4 = 5.266861
Darkdrift background term = 5.194093
...for data plane = 4
Darkdrift correction for readout-channel 1 = -0.133357
Darkdrift correction for readout-channel 2 = -0.211901
Darkdrift correction for readout-channel 3 = -0.087437
Darkdrift correction for readout-channel 4 = 0.432695
Darkdrift uncertainty for readout-channel 1 = 0.301417
Darkdrift uncertainty for readout-channel 2 = 0.302962
Darkdrift uncertainty for readout-channel 3 = 0.303375
Darkdrift uncertainty for readout-channel 4 = 0.302976
Trimmed average of values in readout-channel 1 = 5.192303
Trimmed average of values in readout-channel 2 = 5.113759
Trimmed average of values in readout-channel 3 = 5.238223
Trimmed average of values in readout-channel 4 = 5.758355
Darkdrift background term = 5.325660
...for data plane = 5
Darkdrift correction for readout-channel 1 = -0.202310
Darkdrift correction for readout-channel 2 = -0.305522
Darkdrift correction for readout-channel 3 = 0.178106
Darkdrift correction for readout-channel 4 = 0.329726
Darkdrift uncertainty for readout-channel 1 = 0.302982
Darkdrift uncertainty for readout-channel 2 = 0.302704
Darkdrift uncertainty for readout-channel 3 = 0.303546
Darkdrift uncertainty for readout-channel 4 = 0.303065
Trimmed average of values in readout-channel 1 = 5.389297
Trimmed average of values in readout-channel 2 = 5.286085
Trimmed average of values in readout-channel 3 = 5.769713
Trimmed average of values in readout-channel 4 = 5.921333
Darkdrift background term = 5.591607
...for data plane = 6
Darkdrift correction for readout-channel 1 = 0.089294
Darkdrift correction for readout-channel 2 = -0.109654
Darkdrift correction for readout-channel 3 = -0.150336
Darkdrift correction for readout-channel 4 = 0.170695
Darkdrift uncertainty for readout-channel 1 = 0.302979
Darkdrift uncertainty for readout-channel 2 = 0.302417
Darkdrift uncertainty for readout-channel 3 = 0.303376
Darkdrift uncertainty for readout-channel 4 = 0.340852
Trimmed average of values in readout-channel 1 = 5.879401
Trimmed average of values in readout-channel 2 = 5.680452
Trimmed average of values in readout-channel 3 = 5.639770
Trimmed average of values in readout-channel 4 = 5.960802
Darkdrift background term = 5.790106
...for data plane = 7
Darkdrift correction for readout-channel 1 = -0.253360
Darkdrift correction for readout-channel 2 = 0.119691
Darkdrift correction for readout-channel 3 = -0.125401
Darkdrift correction for readout-channel 4 = 0.259070
Darkdrift uncertainty for readout-channel 1 = 0.303370
Darkdrift uncertainty for readout-channel 2 = 0.302975
Darkdrift uncertainty for readout-channel 3 = 0.303067
Darkdrift uncertainty for readout-channel 4 = 0.302982
Trimmed average of values in readout-channel 1 = 5.482875
Trimmed average of values in readout-channel 2 = 5.855926
Trimmed average of values in readout-channel 3 = 5.610834
Trimmed average of values in readout-channel 4 = 5.995304
Darkdrift background term = 5.736235
...for data plane = 8
Darkdrift correction for readout-channel 1 = 0.064024
Darkdrift correction for readout-channel 2 = -0.594444
Darkdrift correction for readout-channel 3 = -0.332603
Darkdrift correction for readout-channel 4 = 0.863023
Darkdrift uncertainty for readout-channel 1 = 0.302981
Darkdrift uncertainty for readout-channel 2 = 0.304065
Darkdrift uncertainty for readout-channel 3 = 0.303298
Darkdrift uncertainty for readout-channel 4 = 0.303074
Trimmed average of values in readout-channel 1 = 5.425353
Trimmed average of values in readout-channel 2 = 4.766886
Trimmed average of values in readout-channel 3 = 5.028727
Trimmed average of values in readout-channel 4 = 6.224353
Darkdrift background term = 5.361330
...for data plane = 9
Darkdrift correction for readout-channel 1 = -0.549645
Darkdrift correction for readout-channel 2 = -0.204287
Darkdrift correction for readout-channel 3 = 0.420644
Darkdrift correction for readout-channel 4 = 0.333288
Darkdrift uncertainty for readout-channel 1 = 0.302973
Darkdrift uncertainty for readout-channel 2 = 0.304626
Darkdrift uncertainty for readout-channel 3 = 0.303462
Darkdrift uncertainty for readout-channel 4 = 0.303008
Trimmed average of values in readout-channel 1 = 5.282845
Trimmed average of values in readout-channel 2 = 5.628204
Trimmed average of values in readout-channel 3 = 6.253134
Trimmed average of values in readout-channel 4 = 6.165778
Darkdrift background term = 5.832490
...for data plane = 10
Darkdrift correction for readout-channel 1 = -0.145659
Darkdrift correction for readout-channel 2 = -0.311032
Darkdrift correction for readout-channel 3 = 0.296218
Darkdrift correction for readout-channel 4 = 0.160472
Darkdrift uncertainty for readout-channel 1 = 0.303106
Darkdrift uncertainty for readout-channel 2 = 0.302972
Darkdrift uncertainty for readout-channel 3 = 0.303127
Darkdrift uncertainty for readout-channel 4 = 0.302986
Trimmed average of values in readout-channel 1 = 5.535433
Trimmed average of values in readout-channel 2 = 5.370060
Trimmed average of values in readout-channel 3 = 5.977310
Trimmed average of values in readout-channel 4 = 5.841564
Darkdrift background term = 5.681092
...for data plane = 11
Darkdrift correction for readout-channel 1 = 0.233262
Darkdrift correction for readout-channel 2 = -0.337169
Darkdrift correction for readout-channel 3 = -0.074283
Darkdrift correction for readout-channel 4 = 0.178190
Darkdrift uncertainty for readout-channel 1 = 0.307396
Darkdrift uncertainty for readout-channel 2 = 0.302967
Darkdrift uncertainty for readout-channel 3 = 0.302996
Darkdrift uncertainty for readout-channel 4 = 0.301961
Trimmed average of values in readout-channel 1 = 5.985476
Trimmed average of values in readout-channel 2 = 5.415045
Trimmed average of values in readout-channel 3 = 5.677930
Trimmed average of values in readout-channel 4 = 5.930403
Darkdrift background term = 5.752214
...for data plane = 12
Darkdrift correction for readout-channel 1 = -0.139492
Darkdrift correction for readout-channel 2 = -0.326286
Darkdrift correction for readout-channel 3 = 0.282523
Darkdrift correction for readout-channel 4 = 0.183255
Darkdrift uncertainty for readout-channel 1 = 0.303339
Darkdrift uncertainty for readout-channel 2 = 0.302970
Darkdrift uncertainty for readout-channel 3 = 0.303044
Darkdrift uncertainty for readout-channel 4 = 0.302211
Trimmed average of values in readout-channel 1 = 5.457398
Trimmed average of values in readout-channel 2 = 5.270604
Trimmed average of values in readout-channel 3 = 5.879414
Trimmed average of values in readout-channel 4 = 5.780145
Darkdrift background term = 5.596890
...for data plane = 13
Darkdrift correction for readout-channel 1 = -0.257924
Darkdrift correction for readout-channel 2 = -0.261835
Darkdrift correction for readout-channel 3 = 0.126692
Darkdrift correction for readout-channel 4 = 0.393067
Darkdrift uncertainty for readout-channel 1 = 0.303102
Darkdrift uncertainty for readout-channel 2 = 0.300784
Darkdrift uncertainty for readout-channel 3 = 0.376079
Darkdrift uncertainty for readout-channel 4 = 0.303720
Trimmed average of values in readout-channel 1 = 5.427662
Trimmed average of values in readout-channel 2 = 5.423751
Trimmed average of values in readout-channel 3 = 5.812278
Trimmed average of values in readout-channel 4 = 6.078652
Darkdrift background term = 5.685586
...for data plane = 14
Darkdrift correction for readout-channel 1 = 0.056404
Darkdrift correction for readout-channel 2 = -0.341114
Darkdrift correction for readout-channel 3 = 0.202440
Darkdrift correction for readout-channel 4 = 0.082270
Darkdrift uncertainty for readout-channel 1 = 0.302314
Darkdrift uncertainty for readout-channel 2 = 0.302983
Darkdrift uncertainty for readout-channel 3 = 0.303126
Darkdrift uncertainty for readout-channel 4 = 0.303144
Trimmed average of values in readout-channel 1 = 5.574859
Trimmed average of values in readout-channel 2 = 5.177342
Trimmed average of values in readout-channel 3 = 5.720896
Trimmed average of values in readout-channel 4 = 5.600725
Darkdrift background term = 5.518455
...for data plane = 15
Darkdrift correction for readout-channel 1 = 0.111729
Darkdrift correction for readout-channel 2 = 0.239567
Darkdrift correction for readout-channel 3 = -0.131832
Darkdrift correction for readout-channel 4 = -0.219464
Darkdrift uncertainty for readout-channel 1 = 0.340581
Darkdrift uncertainty for readout-channel 2 = 0.302969
Darkdrift uncertainty for readout-channel 3 = 0.302934
Darkdrift uncertainty for readout-channel 4 = 0.302982
Trimmed average of values in readout-channel 1 = 5.729601
Trimmed average of values in readout-channel 2 = 5.857439
Trimmed average of values in readout-channel 3 = 5.486040
Trimmed average of values in readout-channel 4 = 5.398408
Darkdrift background term = 5.617872
...for data plane = 16
Darkdrift correction for readout-channel 1 = 0.315018
Darkdrift correction for readout-channel 2 = -0.216465
Darkdrift correction for readout-channel 3 = -0.331230
Darkdrift correction for readout-channel 4 = 0.232677
Darkdrift uncertainty for readout-channel 1 = 0.304391
Darkdrift uncertainty for readout-channel 2 = 0.302984
Darkdrift uncertainty for readout-channel 3 = 0.302963
Darkdrift uncertainty for readout-channel 4 = 0.302979
Trimmed average of values in readout-channel 1 = 6.268690
Trimmed average of values in readout-channel 2 = 5.737208
Trimmed average of values in readout-channel 3 = 5.622443
Trimmed average of values in readout-channel 4 = 6.186350
Darkdrift background term = 5.953673
...for data plane = 17
Darkdrift correction for readout-channel 1 = 0.116845
Darkdrift correction for readout-channel 2 = -0.114192
Darkdrift correction for readout-channel 3 = -0.260229
Darkdrift correction for readout-channel 4 = 0.257576
Darkdrift uncertainty for readout-channel 1 = 0.302711
Darkdrift uncertainty for readout-channel 2 = 0.229431
Darkdrift uncertainty for readout-channel 3 = 0.302978
Darkdrift uncertainty for readout-channel 4 = 0.302900
Trimmed average of values in readout-channel 1 = 5.724921
Trimmed average of values in readout-channel 2 = 5.493885
Trimmed average of values in readout-channel 3 = 5.347847
Trimmed average of values in readout-channel 4 = 5.865653
Darkdrift background term = 5.608076
...for data plane = 18
Darkdrift correction for readout-channel 1 = -0.097712
Darkdrift correction for readout-channel 2 = 0.157611
Darkdrift correction for readout-channel 3 = -0.136129
Darkdrift correction for readout-channel 4 = 0.076230
Darkdrift uncertainty for readout-channel 1 = 0.377467
Darkdrift uncertainty for readout-channel 2 = 0.303534
Darkdrift uncertainty for readout-channel 3 = 0.302983
Darkdrift uncertainty for readout-channel 4 = 0.227836
Trimmed average of values in readout-channel 1 = 5.766210
Trimmed average of values in readout-channel 2 = 6.021533
Trimmed average of values in readout-channel 3 = 5.727792
Trimmed average of values in readout-channel 4 = 5.940152
Darkdrift background term = 5.863922
...for data plane = 19
Darkdrift correction for readout-channel 1 = -0.349624
Darkdrift correction for readout-channel 2 = 0.231964
Darkdrift correction for readout-channel 3 = -0.297012
Darkdrift correction for readout-channel 4 = 0.414673
Darkdrift uncertainty for readout-channel 1 = 0.303099
Darkdrift uncertainty for readout-channel 2 = 0.302982
Darkdrift uncertainty for readout-channel 3 = 0.302986
Darkdrift uncertainty for readout-channel 4 = 0.303740
Trimmed average of values in readout-channel 1 = 5.573775
Trimmed average of values in readout-channel 2 = 6.155363
Trimmed average of values in readout-channel 3 = 5.626388
Trimmed average of values in readout-channel 4 = 6.338072
Darkdrift background term = 5.923399
...for data plane = 20
Darkdrift correction for readout-channel 1 = 0.119730
Darkdrift correction for readout-channel 2 = -0.355152
Darkdrift correction for readout-channel 3 = 0.054411
Darkdrift correction for readout-channel 4 = 0.181011
Darkdrift uncertainty for readout-channel 1 = 0.302974
Darkdrift uncertainty for readout-channel 2 = 0.302697
Darkdrift uncertainty for readout-channel 3 = 0.302973
Darkdrift uncertainty for readout-channel 4 = 0.303058
Trimmed average of values in readout-channel 1 = 5.868646
Trimmed average of values in readout-channel 2 = 5.393763
Trimmed average of values in readout-channel 3 = 5.803326
Trimmed average of values in readout-channel 4 = 5.929927
Darkdrift background term = 5.748916
...for data plane = 21
Darkdrift correction for readout-channel 1 = 0.042475
Darkdrift correction for readout-channel 2 = -0.115549
Darkdrift correction for readout-channel 3 = 0.062495
Darkdrift correction for readout-channel 4 = 0.010579
Darkdrift uncertainty for readout-channel 1 = 0.303485
Darkdrift uncertainty for readout-channel 2 = 0.304650
Darkdrift uncertainty for readout-channel 3 = 0.341318
Darkdrift uncertainty for readout-channel 4 = 0.303219
Trimmed average of values in readout-channel 1 = 6.089286
Trimmed average of values in readout-channel 2 = 5.931263
Trimmed average of values in readout-channel 3 = 6.109306
Trimmed average of values in readout-channel 4 = 6.057390
Darkdrift background term = 6.046811
...for data plane = 22
Darkdrift correction for readout-channel 1 = 0.245134
Darkdrift correction for readout-channel 2 = -0.481505
Darkdrift correction for readout-channel 3 = -0.162788
Darkdrift correction for readout-channel 4 = 0.399159
Darkdrift uncertainty for readout-channel 1 = 0.302972
Darkdrift uncertainty for readout-channel 2 = 0.303522
Darkdrift uncertainty for readout-channel 3 = 0.303447
Darkdrift uncertainty for readout-channel 4 = 0.303564
Trimmed average of values in readout-channel 1 = 5.860644
Trimmed average of values in readout-channel 2 = 5.134006
Trimmed average of values in readout-channel 3 = 5.452723
Trimmed average of values in readout-channel 4 = 6.014669
Darkdrift background term = 5.615510
...for data plane = 23
Darkdrift correction for readout-channel 1 = -0.116838
Darkdrift correction for readout-channel 2 = 0.025269
Darkdrift correction for readout-channel 3 = -0.061453
Darkdrift correction for readout-channel 4 = 0.153022
Darkdrift uncertainty for readout-channel 1 = 0.303726
Darkdrift uncertainty for readout-channel 2 = 0.302982
Darkdrift uncertainty for readout-channel 3 = 0.302879
Darkdrift uncertainty for readout-channel 4 = 0.303067
Trimmed average of values in readout-channel 1 = 5.616486
Trimmed average of values in readout-channel 2 = 5.758594
Trimmed average of values in readout-channel 3 = 5.671872
Trimmed average of values in readout-channel 4 = 5.886347
Darkdrift background term = 5.733325
...for data plane = 24
Darkdrift correction for readout-channel 1 = -0.030752
Darkdrift correction for readout-channel 2 = -0.233527
Darkdrift correction for readout-channel 3 = -0.011449
Darkdrift correction for readout-channel 4 = 0.275728
Darkdrift uncertainty for readout-channel 1 = 0.302961
Darkdrift uncertainty for readout-channel 2 = 0.302976
Darkdrift uncertainty for readout-channel 3 = 0.303132
Darkdrift uncertainty for readout-channel 4 = 0.303235
Trimmed average of values in readout-channel 1 = 6.017520
Trimmed average of values in readout-channel 2 = 5.814745
Trimmed average of values in readout-channel 3 = 6.036823
Trimmed average of values in readout-channel 4 = 6.324000
Darkdrift background term = 6.048272
...for data plane = 25
Darkdrift correction for readout-channel 1 = -0.224442
Darkdrift correction for readout-channel 2 = -0.352624
Darkdrift correction for readout-channel 3 = 0.023557
Darkdrift correction for readout-channel 4 = 0.553509
Darkdrift uncertainty for readout-channel 1 = 0.303858
Darkdrift uncertainty for readout-channel 2 = 0.302973
Darkdrift uncertainty for readout-channel 3 = 0.303123
Darkdrift uncertainty for readout-channel 4 = 0.302732
Trimmed average of values in readout-channel 1 = 5.464047
Trimmed average of values in readout-channel 2 = 5.335866
Trimmed average of values in readout-channel 3 = 5.712046
Trimmed average of values in readout-channel 4 = 6.241998
Darkdrift background term = 5.688489
...for data plane = 26
Darkdrift correction for readout-channel 1 = -0.252810
Darkdrift correction for readout-channel 2 = -0.110497
Darkdrift correction for readout-channel 3 = 0.240645
Darkdrift correction for readout-channel 4 = 0.122662
Darkdrift uncertainty for readout-channel 1 = 0.302970
Darkdrift uncertainty for readout-channel 2 = 0.301319
Darkdrift uncertainty for readout-channel 3 = 0.378472
Darkdrift uncertainty for readout-channel 4 = 0.303317
Trimmed average of values in readout-channel 1 = 5.905951
Trimmed average of values in readout-channel 2 = 6.048263
Trimmed average of values in readout-channel 3 = 6.399405
Trimmed average of values in readout-channel 4 = 6.281422
Darkdrift background term = 6.158760
...for data plane = 27
Darkdrift correction for readout-channel 1 = -0.257256
Darkdrift correction for readout-channel 2 = 0.043541
Darkdrift correction for readout-channel 3 = 0.384087
Darkdrift correction for readout-channel 4 = -0.170372
Darkdrift uncertainty for readout-channel 1 = 0.302969
Darkdrift uncertainty for readout-channel 2 = 0.302685
Darkdrift uncertainty for readout-channel 3 = 0.303296
Darkdrift uncertainty for readout-channel 4 = 0.303569
Trimmed average of values in readout-channel 1 = 5.385257
Trimmed average of values in readout-channel 2 = 5.686054
Trimmed average of values in readout-channel 3 = 6.026601
Trimmed average of values in readout-channel 4 = 5.472141
Darkdrift background term = 5.642513
...for data plane = 28
Darkdrift correction for readout-channel 1 = 0.102952
Darkdrift correction for readout-channel 2 = -0.516705
Darkdrift correction for readout-channel 3 = 0.113910
Darkdrift correction for readout-channel 4 = 0.299843
Darkdrift uncertainty for readout-channel 1 = 0.378448
Darkdrift uncertainty for readout-channel 2 = 0.302991
Darkdrift uncertainty for readout-channel 3 = 0.302997
Darkdrift uncertainty for readout-channel 4 = 0.302971
Trimmed average of values in readout-channel 1 = 5.959722
Trimmed average of values in readout-channel 2 = 5.340065
Trimmed average of values in readout-channel 3 = 5.970681
Trimmed average of values in readout-channel 4 = 6.156613
Darkdrift background term = 5.856770
...for data plane = 29
Darkdrift correction for readout-channel 1 = -0.136267
Darkdrift correction for readout-channel 2 = -0.068341
Darkdrift correction for readout-channel 3 = -0.041170
Darkdrift correction for readout-channel 4 = 0.245778
Darkdrift uncertainty for readout-channel 1 = 0.303355
Darkdrift uncertainty for readout-channel 2 = 0.303016
Darkdrift uncertainty for readout-channel 3 = 0.303127
Darkdrift uncertainty for readout-channel 4 = 0.303021
Trimmed average of values in readout-channel 1 = 5.587402
Trimmed average of values in readout-channel 2 = 5.655328
Trimmed average of values in readout-channel 3 = 5.682499
Trimmed average of values in readout-channel 4 = 5.969447
Darkdrift background term = 5.723669
...for data plane = 30
Darkdrift correction for readout-channel 1 = 0.121640
Darkdrift correction for readout-channel 2 = 0.219866
Darkdrift correction for readout-channel 3 = 0.003969
Darkdrift correction for readout-channel 4 = -0.345476
Darkdrift uncertainty for readout-channel 1 = 0.303229
Darkdrift uncertainty for readout-channel 2 = 0.302690
Darkdrift uncertainty for readout-channel 3 = 0.303199
Darkdrift uncertainty for readout-channel 4 = 0.301209
Trimmed average of values in readout-channel 1 = 5.572340
Trimmed average of values in readout-channel 2 = 5.670566
Trimmed average of values in readout-channel 3 = 5.454669
Trimmed average of values in readout-channel 4 = 5.105224
Darkdrift background term = 5.450700
...for data plane = 31
Darkdrift correction for readout-channel 1 = -0.405440
Darkdrift correction for readout-channel 2 = -0.512348
Darkdrift correction for readout-channel 3 = 0.507743
Darkdrift correction for readout-channel 4 = 0.410045
Darkdrift uncertainty for readout-channel 1 = 0.303084
Darkdrift uncertainty for readout-channel 2 = 0.302979
Darkdrift uncertainty for readout-channel 3 = 0.303462
Darkdrift uncertainty for readout-channel 4 = 0.302964
Trimmed average of values in readout-channel 1 = 5.486921
Trimmed average of values in readout-channel 2 = 5.380013
Trimmed average of values in readout-channel 3 = 6.400104
Trimmed average of values in readout-channel 4 = 6.302406
Darkdrift background term = 5.892361
...for data plane = 32
Darkdrift correction for readout-channel 1 = -0.078532
Darkdrift correction for readout-channel 2 = 0.231682
Darkdrift correction for readout-channel 3 = -0.192975
Darkdrift correction for readout-channel 4 = 0.039826
Darkdrift uncertainty for readout-channel 1 = 0.302836
Darkdrift uncertainty for readout-channel 2 = 0.229161
Darkdrift uncertainty for readout-channel 3 = 0.302965
Darkdrift uncertainty for readout-channel 4 = 0.302974
Trimmed average of values in readout-channel 1 = 5.540806
Trimmed average of values in readout-channel 2 = 5.851020
Trimmed average of values in readout-channel 3 = 5.426363
Trimmed average of values in readout-channel 4 = 5.659164
Darkdrift background term = 5.619338
...for data plane = 33
Darkdrift correction for readout-channel 1 = -0.378941
Darkdrift correction for readout-channel 2 = -0.173881
Darkdrift correction for readout-channel 3 = 0.166234
Darkdrift correction for readout-channel 4 = 0.386588
Darkdrift uncertainty for readout-channel 1 = 0.302977
Darkdrift uncertainty for readout-channel 2 = 0.303248
Darkdrift uncertainty for readout-channel 3 = 0.302985
Darkdrift uncertainty for readout-channel 4 = 0.303061
Trimmed average of values in readout-channel 1 = 5.151065
Trimmed average of values in readout-channel 2 = 5.356125
Trimmed average of values in readout-channel 3 = 5.696240
Trimmed average of values in readout-channel 4 = 5.916594
Darkdrift background term = 5.530006
...for data plane = 34
Darkdrift correction for readout-channel 1 = 0.117525
Darkdrift correction for readout-channel 2 = -0.147642
Darkdrift correction for readout-channel 3 = 0.548721
Darkdrift correction for readout-channel 4 = -0.518604
Darkdrift uncertainty for readout-channel 1 = 0.227894
Darkdrift uncertainty for readout-channel 2 = 0.305176
Darkdrift uncertainty for readout-channel 3 = 0.303887
Darkdrift uncertainty for readout-channel 4 = 0.302802
Trimmed average of values in readout-channel 1 = 6.044044
Trimmed average of values in readout-channel 2 = 5.778877
Trimmed average of values in readout-channel 3 = 6.475241
Trimmed average of values in readout-channel 4 = 5.407915
Darkdrift background term = 5.926519
...for data plane = 35
Darkdrift correction for readout-channel 1 = 0.060805
Darkdrift correction for readout-channel 2 = -0.515477
Darkdrift correction for readout-channel 3 = -0.151697
Darkdrift correction for readout-channel 4 = 0.606369
Darkdrift uncertainty for readout-channel 1 = 0.303489
Darkdrift uncertainty for readout-channel 2 = 0.302981
Darkdrift uncertainty for readout-channel 3 = 0.300720
Darkdrift uncertainty for readout-channel 4 = 0.303139
Trimmed average of values in readout-channel 1 = 5.642756
Trimmed average of values in readout-channel 2 = 5.066473
Trimmed average of values in readout-channel 3 = 5.430253
Trimmed average of values in readout-channel 4 = 6.188320
Darkdrift background term = 5.581950
...for data plane = 36
Darkdrift correction for readout-channel 1 = -0.062315
Darkdrift correction for readout-channel 2 = -0.048023
Darkdrift correction for readout-channel 3 = 0.121470
Darkdrift correction for readout-channel 4 = -0.011132
Darkdrift uncertainty for readout-channel 1 = 0.302980
Darkdrift uncertainty for readout-channel 2 = 0.303246
Darkdrift uncertainty for readout-channel 3 = 0.302886
Darkdrift uncertainty for readout-channel 4 = 0.302976
Trimmed average of values in readout-channel 1 = 5.418514
Trimmed average of values in readout-channel 2 = 5.432805
Trimmed average of values in readout-channel 3 = 5.602299
Trimmed average of values in readout-channel 4 = 5.469696
Darkdrift background term = 5.480828
...for data plane = 37
Darkdrift correction for readout-channel 1 = -0.236655
Darkdrift correction for readout-channel 2 = -0.119254
Darkdrift correction for readout-channel 3 = 0.345771
Darkdrift correction for readout-channel 4 = 0.010138
Darkdrift uncertainty for readout-channel 1 = 0.302838
Darkdrift uncertainty for readout-channel 2 = 0.302971
Darkdrift uncertainty for readout-channel 3 = 0.378708
Darkdrift uncertainty for readout-channel 4 = 0.303131
Trimmed average of values in readout-channel 1 = 5.359246
Trimmed average of values in readout-channel 2 = 5.476647
Trimmed average of values in readout-channel 3 = 5.941672
Trimmed average of values in readout-channel 4 = 5.606040
Darkdrift background term = 5.595901
...for data plane = 38
Darkdrift correction for readout-channel 1 = 0.068859
Darkdrift correction for readout-channel 2 = -0.509885
Darkdrift correction for readout-channel 3 = 0.003945
Darkdrift correction for readout-channel 4 = 0.437081
Darkdrift uncertainty for readout-channel 1 = 0.303105
Darkdrift uncertainty for readout-channel 2 = 0.302970
Darkdrift uncertainty for readout-channel 3 = 0.303456
Darkdrift uncertainty for readout-channel 4 = 0.303234
Trimmed average of values in readout-channel 1 = 5.776617
Trimmed average of values in readout-channel 2 = 5.197873
Trimmed average of values in readout-channel 3 = 5.711702
Trimmed average of values in readout-channel 4 = 6.144838
Darkdrift background term = 5.707757
...for data plane = 39
Darkdrift correction for readout-channel 1 = -0.004655
Darkdrift correction for readout-channel 2 = -0.298308
Darkdrift correction for readout-channel 3 = -0.039042
Darkdrift correction for readout-channel 4 = 0.342005
Darkdrift uncertainty for readout-channel 1 = 0.377157
Darkdrift uncertainty for readout-channel 2 = 0.302977
Darkdrift uncertainty for readout-channel 3 = 0.303944
Darkdrift uncertainty for readout-channel 4 = 0.303469
Trimmed average of values in readout-channel 1 = 5.451937
Trimmed average of values in readout-channel 2 = 5.158284
Trimmed average of values in readout-channel 3 = 5.417550
Trimmed average of values in readout-channel 4 = 5.798597
Darkdrift background term = 5.456592
...for data plane = 40
Darkdrift correction for readout-channel 1 = -0.285352
Darkdrift correction for readout-channel 2 = -0.109300
Darkdrift correction for readout-channel 3 = 0.039295
Darkdrift correction for readout-channel 4 = 0.355358
Darkdrift uncertainty for readout-channel 1 = 0.303101
Darkdrift uncertainty for readout-channel 2 = 0.303251
Darkdrift uncertainty for readout-channel 3 = 0.303466
Darkdrift uncertainty for readout-channel 4 = 0.303006
Trimmed average of values in readout-channel 1 = 5.504938
Trimmed average of values in readout-channel 2 = 5.680990
Trimmed average of values in readout-channel 3 = 5.829585
Trimmed average of values in readout-channel 4 = 6.145648
Darkdrift background term = 5.790290
...for data plane = 41
Darkdrift correction for readout-channel 1 = -0.088575
Darkdrift correction for readout-channel 2 = -0.021579
Darkdrift correction for readout-channel 3 = 0.001953
Darkdrift correction for readout-channel 4 = 0.108201
Darkdrift uncertainty for readout-channel 1 = 0.302962
Darkdrift uncertainty for readout-channel 2 = 0.302982
Darkdrift uncertainty for readout-channel 3 = 0.302956
Darkdrift uncertainty for readout-channel 4 = 0.339921
Trimmed average of values in readout-channel 1 = 6.003198
Trimmed average of values in readout-channel 2 = 6.070193
Trimmed average of values in readout-channel 3 = 6.093726
Trimmed average of values in readout-channel 4 = 6.199974
Darkdrift background term = 6.091773
...for data plane = 42
Darkdrift correction for readout-channel 1 = 0.157505
Darkdrift correction for readout-channel 2 = -0.192870
Darkdrift correction for readout-channel 3 = -0.073249
Darkdrift correction for readout-channel 4 = 0.108614
Darkdrift uncertainty for readout-channel 1 = 0.303353
Darkdrift uncertainty for readout-channel 2 = 0.302143
Darkdrift uncertainty for readout-channel 3 = 0.302966
Darkdrift uncertainty for readout-channel 4 = 0.302882
Trimmed average of values in readout-channel 1 = 5.638791
Trimmed average of values in readout-channel 2 = 5.288417
Trimmed average of values in readout-channel 3 = 5.408038
Trimmed average of values in readout-channel 4 = 5.589901
Darkdrift background term = 5.481287
...for data plane = 43
Darkdrift correction for readout-channel 1 = -0.001601
Darkdrift correction for readout-channel 2 = -0.207259
Darkdrift correction for readout-channel 3 = 0.120384
Darkdrift correction for readout-channel 4 = 0.088475
Darkdrift uncertainty for readout-channel 1 = 0.302872
Darkdrift uncertainty for readout-channel 2 = 0.302997
Darkdrift uncertainty for readout-channel 3 = 0.302962
Darkdrift uncertainty for readout-channel 4 = 0.302982
Trimmed average of values in readout-channel 1 = 5.875690
Trimmed average of values in readout-channel 2 = 5.670032
Trimmed average of values in readout-channel 3 = 5.997675
Trimmed average of values in readout-channel 4 = 5.965766
Darkdrift background term = 5.877291
...for data plane = 44
Darkdrift correction for readout-channel 1 = 0.243132
Darkdrift correction for readout-channel 2 = 0.035415
Darkdrift correction for readout-channel 3 = -0.312792
Darkdrift correction for readout-channel 4 = 0.034245
Darkdrift uncertainty for readout-channel 1 = 0.302695
Darkdrift uncertainty for readout-channel 2 = 0.228621
Darkdrift uncertainty for readout-channel 3 = 0.303046
Darkdrift uncertainty for readout-channel 4 = 0.302900
Trimmed average of values in readout-channel 1 = 5.715807
Trimmed average of values in readout-channel 2 = 5.508090
Trimmed average of values in readout-channel 3 = 5.159883
Trimmed average of values in readout-channel 4 = 5.506919
Darkdrift background term = 5.472675
...for data plane = 45
Darkdrift correction for readout-channel 1 = -0.249265
Darkdrift correction for readout-channel 2 = -0.188890
Darkdrift correction for readout-channel 3 = 0.264773
Darkdrift correction for readout-channel 4 = 0.173381
Darkdrift uncertainty for readout-channel 1 = 0.303228
Darkdrift uncertainty for readout-channel 2 = 0.303806
Darkdrift uncertainty for readout-channel 3 = 0.303533
Darkdrift uncertainty for readout-channel 4 = 0.302968
Trimmed average of values in readout-channel 1 = 5.313607
Trimmed average of values in readout-channel 2 = 5.373983
Trimmed average of values in readout-channel 3 = 5.827645
Trimmed average of values in readout-channel 4 = 5.736254
Darkdrift background term = 5.562872
...for data plane = 46
Darkdrift correction for readout-channel 1 = 0.152217
Darkdrift correction for readout-channel 2 = -0.078302
Darkdrift correction for readout-channel 3 = -0.359050
Darkdrift correction for readout-channel 4 = 0.285135
Darkdrift uncertainty for readout-channel 1 = 0.378468
Darkdrift uncertainty for readout-channel 2 = 0.302997
Darkdrift uncertainty for readout-channel 3 = 0.303125
Darkdrift uncertainty for readout-channel 4 = 0.302978
Trimmed average of values in readout-channel 1 = 6.187197
Trimmed average of values in readout-channel 2 = 5.956678
Trimmed average of values in readout-channel 3 = 5.675931
Trimmed average of values in readout-channel 4 = 6.320115
Darkdrift background term = 6.034980
...for data plane = 47
Darkdrift correction for readout-channel 1 = 0.115848
Darkdrift correction for readout-channel 2 = -0.002961
Darkdrift correction for readout-channel 3 = -0.226659
Darkdrift correction for readout-channel 4 = 0.113772
Darkdrift uncertainty for readout-channel 1 = 0.303720
Darkdrift uncertainty for readout-channel 2 = 0.302966
Darkdrift uncertainty for readout-channel 3 = 0.303139
Darkdrift uncertainty for readout-channel 4 = 0.302977
Trimmed average of values in readout-channel 1 = 5.858120
Trimmed average of values in readout-channel 2 = 5.739311
Trimmed average of values in readout-channel 3 = 5.515613
Trimmed average of values in readout-channel 4 = 5.856043
Darkdrift background term = 5.742272
...for data plane = 48
Darkdrift correction for readout-channel 1 = 0.035160
Darkdrift correction for readout-channel 2 = -0.205721
Darkdrift correction for readout-channel 3 = 0.079143
Darkdrift correction for readout-channel 4 = 0.091418
Darkdrift uncertainty for readout-channel 1 = 0.302847
Darkdrift uncertainty for readout-channel 2 = 0.300481
Darkdrift uncertainty for readout-channel 3 = 0.303056
Darkdrift uncertainty for readout-channel 4 = 0.302885
Trimmed average of values in readout-channel 1 = 5.460054
Trimmed average of values in readout-channel 2 = 5.219173
Trimmed average of values in readout-channel 3 = 5.504037
Trimmed average of values in readout-channel 4 = 5.516312
Darkdrift background term = 5.424894
...for data plane = 49
Darkdrift correction for readout-channel 1 = 0.032652
Darkdrift correction for readout-channel 2 = 0.018525
Darkdrift correction for readout-channel 3 = 0.001936
Darkdrift correction for readout-channel 4 = -0.053113
Darkdrift uncertainty for readout-channel 1 = 0.303626
Darkdrift uncertainty for readout-channel 2 = 0.230257
Darkdrift uncertainty for readout-channel 3 = 0.302899
Darkdrift uncertainty for readout-channel 4 = 0.302989
Trimmed average of values in readout-channel 1 = 5.831774
Trimmed average of values in readout-channel 2 = 5.817646
Trimmed average of values in readout-channel 3 = 5.801057
Trimmed average of values in readout-channel 4 = 5.746008
Darkdrift background term = 5.799121
...for data plane = 50
Darkdrift correction for readout-channel 1 = -0.226999
Darkdrift correction for readout-channel 2 = 0.028248
Darkdrift correction for readout-channel 3 = -0.089931
Darkdrift correction for readout-channel 4 = 0.288682
Darkdrift uncertainty for readout-channel 1 = 0.303488
Darkdrift uncertainty for readout-channel 2 = 0.303836
Darkdrift uncertainty for readout-channel 3 = 0.302971
Darkdrift uncertainty for readout-channel 4 = 0.303242
Trimmed average of values in readout-channel 1 = 5.371619
Trimmed average of values in readout-channel 2 = 5.626867
Trimmed average of values in readout-channel 3 = 5.508687
Trimmed average of values in readout-channel 4 = 5.887300
Darkdrift background term = 5.598618
...for data plane = 51
Darkdrift correction for readout-channel 1 = 0.192010
Darkdrift correction for readout-channel 2 = -0.431578
Darkdrift correction for readout-channel 3 = 0.281139
Darkdrift correction for readout-channel 4 = -0.041571
Darkdrift uncertainty for readout-channel 1 = 0.378575
Darkdrift uncertainty for readout-channel 2 = 0.303245
Darkdrift uncertainty for readout-channel 3 = 0.303051
Darkdrift uncertainty for readout-channel 4 = 0.303064
Trimmed average of values in readout-channel 1 = 5.924231
Trimmed average of values in readout-channel 2 = 5.300643
Trimmed average of values in readout-channel 3 = 6.013360
Trimmed average of values in readout-channel 4 = 5.690650
Darkdrift background term = 5.732221
...for data plane = 52
Darkdrift correction for readout-channel 1 = 0.021951
Darkdrift correction for readout-channel 2 = -0.308995
Darkdrift correction for readout-channel 3 = 0.095040
Darkdrift correction for readout-channel 4 = 0.192004
Darkdrift uncertainty for readout-channel 1 = 0.302984
Darkdrift uncertainty for readout-channel 2 = 0.303242
Darkdrift uncertainty for readout-channel 3 = 0.303453
Darkdrift uncertainty for readout-channel 4 = 0.303147
Trimmed average of values in readout-channel 1 = 5.582759
Trimmed average of values in readout-channel 2 = 5.251813
Trimmed average of values in readout-channel 3 = 5.655848
Trimmed average of values in readout-channel 4 = 5.752812
Darkdrift background term = 5.560808
...for data plane = 53
Darkdrift correction for readout-channel 1 = 0.011224
Darkdrift correction for readout-channel 2 = -0.285648
Darkdrift correction for readout-channel 3 = 0.129231
Darkdrift correction for readout-channel 4 = 0.145192
Darkdrift uncertainty for readout-channel 1 = 0.302838
Darkdrift uncertainty for readout-channel 2 = 0.304628
Darkdrift uncertainty for readout-channel 3 = 0.303047
Darkdrift uncertainty for readout-channel 4 = 0.303312
Trimmed average of values in readout-channel 1 = 5.460232
Trimmed average of values in readout-channel 2 = 5.163360
Trimmed average of values in readout-channel 3 = 5.578238
Trimmed average of values in readout-channel 4 = 5.594200
Darkdrift background term = 5.449007
...for data plane = 54
Darkdrift correction for readout-channel 1 = 0.073912
Darkdrift correction for readout-channel 2 = 0.215359
Darkdrift correction for readout-channel 3 = -0.429747
Darkdrift correction for readout-channel 4 = 0.140476
Darkdrift uncertainty for readout-channel 1 = 0.303102
Darkdrift uncertainty for readout-channel 2 = 0.302421
Darkdrift uncertainty for readout-channel 3 = 0.302977
Darkdrift uncertainty for readout-channel 4 = 0.341469
Trimmed average of values in readout-channel 1 = 6.088486
Trimmed average of values in readout-channel 2 = 6.229933
Trimmed average of values in readout-channel 3 = 5.584826
Trimmed average of values in readout-channel 4 = 6.155050
Darkdrift background term = 6.014574
...for data plane = 55
Darkdrift correction for readout-channel 1 = -0.084572
Darkdrift correction for readout-channel 2 = -0.412144
Darkdrift correction for readout-channel 3 = 0.236390
Darkdrift correction for readout-channel 4 = 0.260326
Darkdrift uncertainty for readout-channel 1 = 0.306070
Darkdrift uncertainty for readout-channel 2 = 0.302952
Darkdrift uncertainty for readout-channel 3 = 0.302968
Darkdrift uncertainty for readout-channel 4 = 0.303041
Trimmed average of values in readout-channel 1 = 5.321114
Trimmed average of values in readout-channel 2 = 4.993542
Trimmed average of values in readout-channel 3 = 5.642076
Trimmed average of values in readout-channel 4 = 5.666012
Darkdrift background term = 5.405686
...for data plane = 56
Darkdrift correction for readout-channel 1 = 0.207422
Darkdrift correction for readout-channel 2 = -0.125857
Darkdrift correction for readout-channel 3 = 0.243455
Darkdrift correction for readout-channel 4 = -0.325021
Darkdrift uncertainty for readout-channel 1 = 0.377929
Darkdrift uncertainty for readout-channel 2 = 0.304515
Darkdrift uncertainty for readout-channel 3 = 0.303145
Darkdrift uncertainty for readout-channel 4 = 0.302888
Trimmed average of values in readout-channel 1 = 5.983964
Trimmed average of values in readout-channel 2 = 5.650685
Trimmed average of values in readout-channel 3 = 6.019997
Trimmed average of values in readout-channel 4 = 5.451520
Darkdrift background term = 5.776542
...for data plane = 57
Darkdrift correction for readout-channel 1 = -0.270832
Darkdrift correction for readout-channel 2 = -0.315952
Darkdrift correction for readout-channel 3 = 0.234963
Darkdrift correction for readout-channel 4 = 0.351821
Darkdrift uncertainty for readout-channel 1 = 0.378460
Darkdrift uncertainty for readout-channel 2 = 0.302704
Darkdrift uncertainty for readout-channel 3 = 0.302976
Darkdrift uncertainty for readout-channel 4 = 0.303043
Trimmed average of values in readout-channel 1 = 5.163725
Trimmed average of values in readout-channel 2 = 5.118606
Trimmed average of values in readout-channel 3 = 5.669521
Trimmed average of values in readout-channel 4 = 5.786379
Darkdrift background term = 5.434558
...for data plane = 58
Darkdrift correction for readout-channel 1 = 0.218421
Darkdrift correction for readout-channel 2 = -0.594160
Darkdrift correction for readout-channel 3 = 0.026973
Darkdrift correction for readout-channel 4 = 0.348766
Darkdrift uncertainty for readout-channel 1 = 0.303467
Darkdrift uncertainty for readout-channel 2 = 0.229993
Darkdrift uncertainty for readout-channel 3 = 0.303220
Darkdrift uncertainty for readout-channel 4 = 0.266250
Trimmed average of values in readout-channel 1 = 0.911193
Trimmed average of values in readout-channel 2 = 0.098612
Trimmed average of values in readout-channel 3 = 0.719745
Trimmed average of values in readout-channel 4 = 1.041538
Darkdrift background term = 0.692772
...for data plane = 59
Darkdrift correction for readout-channel 1 = 0.024450
Darkdrift correction for readout-channel 2 = -0.531239
Darkdrift correction for readout-channel 3 = 0.351470
Darkdrift correction for readout-channel 4 = 0.155319
Darkdrift uncertainty for readout-channel 1 = 0.303097
Darkdrift uncertainty for readout-channel 2 = 0.301298
Darkdrift uncertainty for readout-channel 3 = 0.302812
Darkdrift uncertainty for readout-channel 4 = 0.302915
Trimmed average of values in readout-channel 1 = 5.354931
Trimmed average of values in readout-channel 2 = 4.799242
Trimmed average of values in readout-channel 3 = 5.681951
Trimmed average of values in readout-channel 4 = 5.485800
Darkdrift background term = 5.330481
...for data plane = 60
Darkdrift correction for readout-channel 1 = -0.216334
Darkdrift correction for readout-channel 2 = 0.092734
Darkdrift correction for readout-channel 3 = -0.128811
Darkdrift correction for readout-channel 4 = 0.252412
Darkdrift uncertainty for readout-channel 1 = 0.303648
Darkdrift uncertainty for readout-channel 2 = 0.302990
Darkdrift uncertainty for readout-channel 3 = 0.302890
Darkdrift uncertainty for readout-channel 4 = 0.303544
Trimmed average of values in readout-channel 1 = 5.311464
Trimmed average of values in readout-channel 2 = 5.620532
Trimmed average of values in readout-channel 3 = 5.398987
Trimmed average of values in readout-channel 4 = 5.780210
Darkdrift background term = 5.527798
...for data plane = 61
Darkdrift correction for readout-channel 1 = -0.003937
Darkdrift correction for readout-channel 2 = 0.309121
Darkdrift correction for readout-channel 3 = -0.164907
Darkdrift correction for readout-channel 4 = -0.140277
Darkdrift uncertainty for readout-channel 1 = 0.303619
Darkdrift uncertainty for readout-channel 2 = 0.303560
Darkdrift uncertainty for readout-channel 3 = 0.303128
Darkdrift uncertainty for readout-channel 4 = 0.302982
Trimmed average of values in readout-channel 1 = 5.506556
Trimmed average of values in readout-channel 2 = 5.819615
Trimmed average of values in readout-channel 3 = 5.345586
Trimmed average of values in readout-channel 4 = 5.370217
Darkdrift background term = 5.510493
...for data plane = 62
Darkdrift correction for readout-channel 1 = 0.376975
Darkdrift correction for readout-channel 2 = -0.353032
Darkdrift correction for readout-channel 3 = -0.194040
Darkdrift correction for readout-channel 4 = 0.170098
Darkdrift uncertainty for readout-channel 1 = 0.302853
Darkdrift uncertainty for readout-channel 2 = 0.301853
Darkdrift uncertainty for readout-channel 3 = 0.228227
Darkdrift uncertainty for readout-channel 4 = 0.304471
Trimmed average of values in readout-channel 1 = 5.993892
Trimmed average of values in readout-channel 2 = 5.263885
Trimmed average of values in readout-channel 3 = 5.422876
Trimmed average of values in readout-channel 4 = 5.787015
Darkdrift background term = 5.616917
...for data plane = 63
Darkdrift correction for readout-channel 1 = 0.353069
Darkdrift correction for readout-channel 2 = -0.247671
Darkdrift correction for readout-channel 3 = 0.154323
Darkdrift correction for readout-channel 4 = -0.259721
Darkdrift uncertainty for readout-channel 1 = 0.303027
Darkdrift uncertainty for readout-channel 2 = 0.303513
Darkdrift uncertainty for readout-channel 3 = 0.303860
Darkdrift uncertainty for readout-channel 4 = 0.302967
Trimmed average of values in readout-channel 1 = 5.997392
Trimmed average of values in readout-channel 2 = 5.396653
Trimmed average of values in readout-channel 3 = 5.798646
Trimmed average of values in readout-channel 4 = 5.384602
Darkdrift background term = 5.644323
...for data plane = 64
Darkdrift correction for readout-channel 1 = 0.101935
Darkdrift correction for readout-channel 2 = -0.002263
Darkdrift correction for readout-channel 3 = -0.167621
Darkdrift correction for readout-channel 4 = 0.067950
Darkdrift uncertainty for readout-channel 1 = 0.302976
Darkdrift uncertainty for readout-channel 2 = 0.303797
Darkdrift uncertainty for readout-channel 3 = 0.303787
Darkdrift uncertainty for readout-channel 4 = 0.302467
Trimmed average of values in readout-channel 1 = 5.503656
Trimmed average of values in readout-channel 2 = 5.399458
Trimmed average of values in readout-channel 3 = 5.234100
Trimmed average of values in readout-channel 4 = 5.469671
Darkdrift background term = 5.401721

Program darkdrift: Status Message: 0x0000
Normal exit from Function 0x0000: LOG_WRITER
darkdrift Warning: NaN's were produced in the results.
A total of     2013   NaN's were produced in the results.
Processing time: 11.730000 seconds
Current date/time: Sat Jan  9 14:59:01 2016
Program darkdrift, version 4.1, terminated.

darkdrift   exit_value =   0    execution_time = 11.850s
******************************************************************
Pipeline executing flatap
flatap -i darkdrift.fits -p cal/pmask.fits -f cal/skyflat.fits -ui sig_darkdrift.fits -uo sig_flatap.fits -d dmask.fits -o flatap.fits -c cal/skyflat_cmask.fits 
******************************************************************
Pipeline Module FLATAP Version 1.5
Processing time Sat Jan  9 14:59:02 2016

flatap_parse_namelist: Information only: Namelist not specified.
Sat Jan  9 14:59:02 2016
flatap_log_writer: Could not open Log File, using stdout
Flatap Version 1.5
Namelist File  = 
Input DCE = darkdrift.fits
Output DCE = !flatap.fits
Flatfield = cal/skyflat.fits
Input Uncertainty = sig_darkdrift.fits
Output Uncertainty = !sig_flatap.fits
Pmask File = cal/pmask.fits
Pmask Mask = 128
Dmask File = dmask.fits
Dmask Mask = 16384
Cmask File = cal/skyflat_cmask.fits
Cmask Mask = 256
Trans CAL File = 
Trans CAL CMask File = 
Processing Log File = 
Time =    0.17 seconds
*********************

Time = 0.170 seconds
exit code 0

flatap   exit_value =   0    execution_time = 0.240s
******************************************************************
Pipeline executing imfliprot
imfliprot -i flatap.fits -n cdf/pn107.nl -a /sos/sw/S19.2.0/STUDIO/downlink/include -o imfliprot.fits 
******************************************************************

imfliprot_log_writer: Printing Log output to stdout

Program imfliprot, Version 1.0
Namelist File  = cdf/pn107.nl
Input File = flatap.fits
Output File = imfliprot.fits
Image has been flipped
Image Rotation (degrees)  = 180
Ancillary Data-File Path = /sos/sw/S19.2.0/STUDIO/downlink/include
Verbose flag = 0
Debug flag = 0
imfliprot Status Message      0x0000: Normal exit from Function 0x0000: LOG_WRITER
Processing time: 0.200000 seconds
Current date/time: Sat Jan  9 14:59:03 2016
Program imfliprot, version 1.0, terminated.


imfliprot   exit_value =   0    execution_time = 0.240s
******************************************************************
Pipeline executing imfliprot
imfliprot -i sig_flatap.fits -n cdf/pn107.nl -a /sos/sw/S19.2.0/STUDIO/downlink/include -o sig_imfliprot.fits 
******************************************************************

imfliprot_log_writer: Printing Log output to stdout

Program imfliprot, Version 1.0
Namelist File  = cdf/pn107.nl
Input File = sig_flatap.fits
Output File = sig_imfliprot.fits
Image has been flipped
Image Rotation (degrees)  = 180
Ancillary Data-File Path = /sos/sw/S19.2.0/STUDIO/downlink/include
Verbose flag = 0
Debug flag = 0
imfliprot Status Message      0x0000: Normal exit from Function 0x0000: LOG_WRITER
Processing time: 0.190000 seconds
Current date/time: Sat Jan  9 14:59:03 2016
Program imfliprot, version 1.0, terminated.


imfliprot   exit_value =   0    execution_time = 0.220s
******************************************************************
Pipeline executing imfliprot
imfliprot -i dmask.fits -n cdf/pn107.nl -a /sos/sw/S19.2.0/STUDIO/downlink/include -o temp_dmask.fits 
******************************************************************

imfliprot_log_writer: Printing Log output to stdout

Program imfliprot, Version 1.0
Namelist File  = cdf/pn107.nl
Input File = dmask.fits
Output File = temp_dmask.fits
Image has been flipped
Image Rotation (degrees)  = 180
Ancillary Data-File Path = /sos/sw/S19.2.0/STUDIO/downlink/include
Verbose flag = 0
Debug flag = 0
imfliprot Status Message      0x0000: Normal exit from Function 0x0000: LOG_WRITER
Processing time: 0.060000 seconds
Current date/time: Sat Jan  9 14:59:04 2016
Program imfliprot, version 1.0, terminated.


imfliprot   exit_value =   0    execution_time = 0.110s
******************************************************************
Pipeline executing imfliprot
imfliprot -i fowlinearize.fits -n cdf/pn107.nl -a /sos/sw/S19.2.0/STUDIO/downlink/include -o temp_fowlinearize.fits 
******************************************************************

imfliprot_log_writer: Printing Log output to stdout

Program imfliprot, Version 1.0
Namelist File  = cdf/pn107.nl
Input File = fowlinearize.fits
Output File = temp_fowlinearize.fits
Image has been flipped
Image Rotation (degrees)  = 180
Ancillary Data-File Path = /sos/sw/S19.2.0/STUDIO/downlink/include
Verbose flag = 0
Debug flag = 0
imfliprot Status Message      0x0000: Normal exit from Function 0x0000: LOG_WRITER
Processing time: 0.080000 seconds
Current date/time: Sat Jan  9 14:59:04 2016
Program imfliprot, version 1.0, terminated.


imfliprot   exit_value =   0    execution_time = 0.130s
******************************************************************
Pipeline executing imfliprot
imfliprot -i sig_fowlinearize.fits -n cdf/pn107.nl -a /sos/sw/S19.2.0/STUDIO/downlink/include -o temp_sig_fowlinearize.fits 
******************************************************************

imfliprot_log_writer: Printing Log output to stdout

Program imfliprot, Version 1.0
Namelist File  = cdf/pn107.nl
Input File = sig_fowlinearize.fits
Output File = temp_sig_fowlinearize.fits
Image has been flipped
Image Rotation (degrees)  = 180
Ancillary Data-File Path = /sos/sw/S19.2.0/STUDIO/downlink/include
Verbose flag = 0
Debug flag = 0
imfliprot Status Message      0x0000: Normal exit from Function 0x0000: LOG_WRITER
Processing time: 0.090000 seconds
Current date/time: Sat Jan  9 14:59:05 2016
Program imfliprot, version 1.0, terminated.


imfliprot   exit_value =   0    execution_time = 0.140s
******************************************************************
Pipeline executing dntoflux
dntoflux -i imfliprot.fits -iu sig_imfliprot.fits -n cdf/pn107.nl -co 0 -c 0.1447 -u 0.0000 -a /sos/sw/S19.2.0/STUDIO/downlink/include -o1 dntoflux.fits -ou sig_dntoflux.fits -t 1 
******************************************************************

Program dntoflux, Version 4.2
Namelist File  = cdf/pn107.nl
Input Image = imfliprot.fits
Output File 1 = dntoflux.fits
Output Uncertainty Image = sig_dntoflux.fits
Operation flag = 0
Conversion factor = 0.144700
Input Uncertainty Image = sig_imfliprot.fits
Conversion-factor uncertainty = 0.000000
Output BUNIT setting = MJy/sr
Normalize-by-EXPTIME Flag = 1
EXPTIME = 1.920000
Data-Plane Flag = 1
Ancillary Data-File Path = /sos/sw/S19.2.0/STUDIO/downlink/include
Verbose flag = 0
Super-verbose flag = 0
Debug flag = 0
Terminating data-units-conversion program.
dntoflux Status Message: 0x0000
Normal exit from Function 0x0000: LOG_WRITER
dntoflux Probs Warning: NaN's were produced in the results.
A total of     4026   NaN's were produced in the results.
Processing time: 0.460000 seconds
Current date/time: Sat Jan  9 14:59:06 2016
Program dntoflux, version 4.2, terminated.

dntoflux   exit_value =   0    execution_time = 0.610s
******************************************************************
Pipeline executing qatool
qatool -i dntoflux.fits -n cdf/pn107.nl -nb QATOOLBCD -a /sos/sw/S19.2.0/STUDIO/downlink/include -o qa/BCD_qatool 
******************************************************************
qatool_parse_namelist: Information only: Namelist block-name = &QATOOLBCD
Program qatool, Version 6.0
Namelist File  = cdf/pn107.nl
Input File = dntoflux.fits
Output Data Filename Base = qa/BCD_qatool
Statistics Group = 0
Percent-Scaling Flag = 0
Calculation Type = 1
(set-up to do additional computations for four readout channels)
Number of Mean Absolute Deviations for Histogram Half-Width Coverage = 5
Number of Bins in Histograms = 41
Central fraction for trimmed average = 0.810000
Central fraction for trimmed std. dev. = 0.720000
Bad-pixel tolerance fraction = 0.900000
Statistics Box X position = 3
Statistics Box Y position = 4
Statistics Box X width = 20
Statistics Box Y height = 23
Input-Image Transpose Flag = 1
Unsigned Integer Flag = 0
Data-Plane Flag = 1
Number Edge Rows/Cols Skipped = 2
Keyword Prefix = bcd
Ancillary Data-File Path = /sos/sw/S19.2.0/STUDIO/downlink/include
Verbose flag = 0
Super-verbose flag = 0
Debug flag = 0
Performed statistical and histogram calculations.
Program qatool: Status Message: 0x0000
Normal exit from Function 0x0000: LOG_WRITER
Processing time: 1.200000 seconds
Current date/time: Sat Jan  9 14:59:08 2016
Program qatool, version 6.0, terminated.

qatool   exit_value =   0    execution_time = 1.290s
******************************************************************
Pipeline executing chkmask
chkmask dmask.fits -q qa/BCD_qatool.qa 
******************************************************************
 chkmask vsn 1.35 A40312
 
 No. of occurrences of the   3 status combinations:
   2268 occurrences of   256 (8)                                 
   6 occurrences of   16 (4)                                 
     1 occurrence of   272 (4,8)                               
 
 Status Bit: No. of Pixels
   0:   0
   1:   0
   2:   0
   3:   0
   4:   7
   5:   0
   6:   0
   7:   0
   8:   2269
   9:   0
   10:   0
   11:   0
   12:   0
   13:   0
   14:   0
 

chkmask   exit_value =   0    execution_time = 0.350s
******************************************************************
Loading QA information for DCE and BCD product
Keyword APDUV1E not found in header
Keyword APDUV2E not found in header
Keyword APDUV3E not found in header
Keyword APDUI1E not found in header
Keyword APDUI2E not found in header
Keyword APDUI3E not found in header
Could not append keyword APDUV1E to QA file qa/DCE_qatool.qa
Could not append keyword APDUV2E to QA file qa/DCE_qatool.qa
Could not append keyword APDUV3E to QA file qa/DCE_qatool.qa
Could not append keyword APDUI1E to QA file qa/DCE_qatool.qa
Could not append keyword APDUI2E to QA file qa/DCE_qatool.qa
Could not append keyword APDUI3E to QA file qa/DCE_qatool.qa
******************************************************************
Pipeline executing qaloader
qaloader -i qa/DCE_qatool.qa -tablename qa_iracdce -o qa/qaloader.sql -role pipelineswrole 
******************************************************************
2016/01/09 14:59:12 BEGIN qaloader v1.13
 -i (QA_FILE) qa/DCE_qatool.qa
 -tablename (TABLENAME) qa_iracdce
 -o (SQL_FILE) qa/qaloader.sql
 -role (ROLE) pipelineswrole
Using metadata version 13.0b
table name=qa_iracdce

QA values ingested:
{-4.606534e+01} {}
dceAveFI_1       -4.606534e+01 
{-4.912920e+01} {}
dceAveR1_1       -4.912920e+01 
{-2.916051e+01} {}
dceAveR2_1       -2.916051e+01 
{-3.313035e+01} {}
dceAveR3_1       -3.313035e+01 
{-7.284128e+01} {}
dceAveR4_1       -7.284128e+01 
{-2.200000e+01} {-4.912920e+01}
dceMedFI_1       -2.200000e+01 
{3.085990e+02} {}
dceSdevFI_1      3.085990e+02 
{4.770400e+00} {}
dceDSclFI_1      4.770400e+00 
{-8.906000e+03} {}
dceMinFI_1       -8.906000e+03 
{1.700000e+01} {}
dceMaxFI_1       1.700000e+01 
{147809485} {}
DCEID            147809485 
{2} {-4.606534e+01}
CHNLNUM          2 
{0} {}
ADCEID           0 
{8} {}
AFOWLNUM         8 
{184} {}
AWAITPER         184 
{0} {}
AWEASIDE         0 
{1} {}
AREADMOD         1 
{27.699513} {}
AFPAT1B          27.699513 
{28.671007} {}
AFPAT2B          28.671007 
{0} {}
APEDSIG          0 
{0} {}
ATXSTAT          0 
{0} {}
AFLSTAT          0 
{4} {}
ASHSTAT          4 
{-3.5585} {}
AVRSTBEG         -3.5585 
{-3.0562209} {}
AVDETBEG         -3.0562209 
{-3.618536} {}
AVGG1BEG         -3.618536 
{-3.5499908} {}
AVDDUBEG         -3.5499908 
{0} {}
AVGGCBEG         0 
{21.596006} {}
ACTENDT          21.596006 
{19.709178} {}
AFPECTE          19.709178 
{23.130644} {}
AFPEATE          23.130644 
{24.034472} {}
ATCTEMPE         24.034472 
{21.504564} {}
ACETEMPE         21.504564 
{21.474083} {}
APDTEMPE         21.474083 
{27.671961} {}
ACATMP2E         27.671961 
2016/01/09 14:59:12 END   qaloader status=0

qaloader   exit_value =   0    execution_time = 0.100s
******************************************************************
Pipeline executing qaloader
qaloader -i qa/BCD_qatool.qa -tablename qa_iracdp -o qa/qaloader.sql 
******************************************************************
2016/01/09 14:59:12 BEGIN qaloader v1.13
 -i (QA_FILE) qa/BCD_qatool.qa
 -tablename (TABLENAME) qa_iracdp
 -o (SQL_FILE) qa/qaloader.sql
Using metadata version 13.0b
table name=qa_iracdp

QA values ingested:
{2.569041e+00} {}
bcdAveFI_1       2.569041e+00 
{4.052975e+00} {}
bcdAveUB_1       4.052975e+00 
{5.791155e-01} {}
bcdMedFI_1       5.791155e-01 
{6.980281e-01} {}
bcdMedUB_1       6.980281e-01 
{2.649764e+01} {}
bcdSdevFI_1      2.649764e+01 
{3.452997e+01} {}
bcdSdevUB_1      3.452997e+01 
{4.441342e-01} {}
bcdDSclFI_1      4.441342e-01 
{5.127272e-01} {}
bcdDSclUB_1      5.127272e-01 
{-5.563353e-01} {}
bcdMinFI_1       -5.563353e-01 
{-3.918451e-01} {}
bcdMinUB_1       -3.918451e-01 
{7.070577e+02} {}
bcdMaxFI_1       7.070577e+02 
{7.070577e+02} {}
bcdMaxUB_1       7.070577e+02 
{5.699348e-01} {}
bcdC68lFI_1      5.699348e-01 
{5.993643e-01} {}
bcdC68uFI_1      5.993643e-01 
{391693212} {}
DPID             391693212 
{2} {2.569041e+00}
CHNLNUM          2 
2016/01/09 14:59:12 END   qaloader status=0

qaloader   exit_value =   0    execution_time = 0.140s
******************************************************************
Pipeline executing dbaccess
dbaccess -e sodb qa/qaloader.sql 
******************************************************************
set role pipelineswrole;
set lock mode to wait 30;
EXECUTE PROCEDURE addQA_iracdce (147809485, NULL, NULL, 2, -4.606534e+01, 
-2.200000e+01, -4.912920e+01, -2.916051e+01, -3.313035e+01, -7.284128e+01, 
3.085990e+02, 4.770400e+00, -8.906000e+03, 1.700000e+01, 0, 8, 184, 0, 1, 
27.699513, 28.671007, 0, 0, 0, 4, -3.5585, -3.0562209, -3.618536, -3.5499908, 
0, 21.596006, 19.709178, 23.130644, 24.034472, 21.504564, 21.474083, 27.671961, 
NULL, NULL, NULL, NULL, NULL, NULL);
EXECUTE PROCEDURE addQA_iracdp (391693212, NULL, NULL, 2, 2.569041e+00, 
4.052975e+00, 5.791155e-01, 6.980281e-01, 2.649764e+01, 3.452997e+01, 
4.441342e-01, 5.127272e-01, -5.563353e-01, -3.918451e-01, 7.070577e+02, 
7.070577e+02, 5.699348e-01, 5.993643e-01, NULL, NULL, NULL, NULL, NULL, NULL);
execute procedure setDceTimeParameters (147809485, 1037046546.200, "2012-11-10 20:22:45.892", 1.92, 2.00);

dbaccess   exit_value =   0    execution_time = 0.180s
******************************************************************
Finishing IRAC science pipeline processing
Could not copy cal/firstframe_corr.fits to /sbx10/S19.2.0/archive/proc/full/IRAC033400/bcd/4568/0046471424/2/0063/0000/17/01/1/cal/firstframe_corr.fits
Could not copy imask.fits to /sbx10/S19.2.0/archive/proc/full/IRAC033400/bcd/4568/0046471424/2/0063/0000/17/01/1/imask.fits
Could not copy muxbleedcorr.fits to /sbx10/S19.2.0/archive/proc/full/IRAC033400/bcd/4568/0046471424/2/0063/0000/17/01/1/muxbleedcorr.fits
Could not copy slremove.fits to /sbx10/S19.2.0/archive/proc/full/IRAC033400/bcd/4568/0046471424/2/0063/0000/17/01/1/slremove.fits
******************************************************************
PlScriptID 17 exiting Saturday, January  9, 2016  2:59:16 PM PST
Host: sopipe61
Local Processing Directory: /scr1/S19.2.0/IRAC033400/bcd/4568/0046471424/2/0063/0000/17/01/1
Sandbox Directory: /sbx10/S19.2.0/archive/proc/full/IRAC033400/bcd/4568/0046471424/2/0063/0000/17/01/1
Processing time: total 30.1 s (user 0.99, system 1.09, child user 17.12, child system 10.9)
Pipeline exit code: Normal exit (0)
******************************************************************
