 hdrupd8 vsn 1.6  A70821
******************************************************************
Executing IRAC science pipeline
******************************************************************
Pipeline executing sanity_datatype
sanity_datatype -i ../fos16.fits -t1 cdf/sanity_datatype1.tbl -t2 cdf/sanity_datatype2.tbl -o1 qa/sanity_datatype1.tbl -o2 qa/sanity_datatype2.tbl 
******************************************************************
Program Sanity_datatype is started .... Version 1.0, Sat Jan  9 14:56:33 2016
Input Image File = ../fos16.fits
Input Data Table 1 = cdf/sanity_datatype1.tbl
Input Data Table 2 = cdf/sanity_datatype2.tbl
Output Filename1 = qa/sanity_datatype1.tbl
Output Filename2 = qa/sanity_datatype2.tbl
Log File = stdout
I_Debug = 0
I_Verbose = 0
I_SuperVerbose = 0
Processing time: 0.070000 seconds
Program Sanity_datatype is done. Version 1.0, Sat Jan  9 14:56:33 2016


sanity_datatype   exit_value =   0    execution_time = 0.460s
******************************************************************
Pipeline executing qatool
qatool -i ../fos16.fits -n cdf/pn107.nl -nb QATOOLDCE -a /sos/sw/S19.2.0/STUDIO/downlink/include -o qa/DCE_qatool 
******************************************************************
qatool_parse_namelist: Information only: Namelist block-name = &QATOOLDCE
Program qatool, Version 6.0
Namelist File  = cdf/pn107.nl
Input File = ../fos16.fits
Output Data Filename Base = qa/DCE_qatool
Statistics Group = 0
Percent-Scaling Flag = 0
Calculation Type = 1
(set-up to do additional computations for four readout channels)
Number of Mean Absolute Deviations for Histogram Half-Width Coverage = 5
Number of Bins in Histograms = 41
Central fraction for trimmed average = 0.810000
Central fraction for trimmed std. dev. = 0.720000
Bad-pixel tolerance fraction = 0.340000
Statistics Box X position = 3
Statistics Box Y position = 4
Statistics Box X width = 27
Statistics Box Y height = 33
Input-Image Transpose Flag = 1
Unsigned Integer Flag = 0
Data-Plane Flag = 1
Number Edge Rows/Cols Skipped = 10
Keyword Prefix = dce
Ancillary Data-File Path = /sos/sw/S19.2.0/STUDIO/downlink/include
Verbose flag = 0
Super-verbose flag = 0
Debug flag = 0
Performed statistical and histogram calculations.
Program qatool: Status Message: 0x0000
Normal exit from Function 0x0000: LOG_WRITER
Processing time: 0.720000 seconds
Current date/time: Sat Jan  9 14:56:34 2016
Program qatool, version 6.0, terminated.

qatool   exit_value =   0    execution_time = 0.810s
******************************************************************
Pipeline executing sanity_check
sanity_check -i qa/DCE_qatool.tbl -o qa/sanity_check.tbl 
******************************************************************
Program Sanity_check is started .... Version 1.0, Sat Jan  9 14:56:38 2016

Input File = qa/DCE_qatool.tbl
Output = qa/sanity_check.tbl
Processing time: 0.020000 seconds
Current date/time: Sat Jan  9 14:56:38 2016
Program Sanity_check, version 1.0, terminated.

sanity_check   exit_value =   0    execution_time = 0.350s
******************************************************************
Pipeline executing abad_repair
abad_repair -i ../fos16.fits -o abad_repair.fits 
******************************************************************
Pipeline Module ABAD_REPAIR Version 1.2
Processing time Sat Jan  9 14:56:39 2016

ABAD_READ_DATA: A0752D00 = 0
status from read: 1
npixs = 65536
enter output with 0
files ../fos16.fits !abad_repair.fits 
open output [!abad_repair.fits]
comment [Sat Jan  9 14:56:39 2016]
Time = 0.040 seconds
exit code 0

abad_repair   exit_value =   0    execution_time = 0.090s
******************************************************************
Pipeline executing tranhead
tranhead -i abad_repair.fits -n cdf/pn107.nl -k /scr/S19.2.0/cdf/ctd/telemetry_dictionary.dat -a /sos/sw/S19.2.0/STUDIO/downlink/include -o tranhead.fits -t, cdf/Keyword_Include_List.dat 
******************************************************************

Program tranhead, Version 13.2
Namelist File  = cdf/pn107.nl
Input File = abad_repair.fits
Dictionary File = /scr/S19.2.0/cdf/ctd/telemetry_dictionary.dat
CTD Version String = 3.0.94S
Keyword-Include-List File = cdf/Keyword_Include_List.dat
Translated-Keyword File = tranhead.hdr
CSPICE leapseconds kernel = /scr/S19.2.0/cdf/spice/leapseconds.ker
CSPICE SCLK_SCET kernel = /scr/S19.2.0/cdf/spice/sclk_scet.ker
CSPICE Spitzer Ephemeris = /scr/S19.2.0/cdf/spice/sirtf.bsp
CSPICE Planets Ephemeris = /scr/S19.2.0/cdf/spice/de.bsp
Output File = tranhead.fits
Operation Type = 1
FITS-Header Comment Flag = 1
SCLK correction factor = 1.000380
Ignore Frames (1st) = -1
Ignore Frames (2nd and higher) = -1
Central fraction for trimmed average  = 0.900000
Central fraction for trimmed std. dev. = 0.900000
Gain = 3.710000
Gain_RdOutCh_1 = 3.710000
Gain_RdOutCh_2 = 3.710000
Gain_RdOutCh_3 = 3.710000
Gain_RdOutCh_4 = 3.710000
Ancillary Data-File Path = /sos/sw/S19.2.0/STUDIO/downlink/include
Verbose flag = 0
Super-verbose flag = 0
Debug flag = 0
Configured to perform forward FITS keyword translation.
tranhead Status Message: 0x0000
Normal exit from Function 0x0000: LOG_WRITER
A total of        0   NaN's were produced in the results.
Processing time: 0.320000 seconds
Current date/time: Sat Jan  9 14:56:40 2016
Program tranhead, version 13.2, terminated.

tranhead   exit_value =   0    execution_time = 0.420s
 hdrupd8 vsn 1.6  A70821


LabDark

chan, frametime, hdy, extrpt = 2, 2.00, F, 233
expid  adceid  repidx  =  138,  0,  0 

SkyDarkaor template time = 2
hdy  repidx =  F  0
expid  ext-repeat  =  138  233

******************************************************************
Pipeline executing caltrans
caltrans -n cdf/pn107.nl -m 2 -a 7 -b /scr2/S19.2.0/dlcaldata/irac -s tranhead.fits -o cal -u SUB -jk1 CHNLNUM -jv1 2 -ja1 N -ju1 0 -js1 flip -jk2 CHNLNUM;AFOWLNUM;AWAITPER;FRAMTIME;HDRMODE -jv2 2;8;184;2.00;F -ja2 N;N;N;N;S -ju2 0;0;0;0;0 -js2 sigma;cmask -jk3 CHNLNUM;AFOWLNUM;AWAITPER;FRAMTIME;HDRMODE -jv3 2;8;184;2.00;F -ja3 N;N;N;N;S -ju3 0;0;0;0;0 -js3 cmask -jk4 CHNLNUM -jv4 2 -ja4 N -ju4 0 -js4 cmask -jk5 CHNLNUM -jv5 2 -ja5 N -ju5 0 -js5 cmask -jk6 CHNLNUM -jv6 2 -ja6 N -ju6 0 -jk7 CHNLNUM;AFOWLNUM;AWAITPER -jv7 2;8;184 -ja7 N;N;N -ju7 0;0;0 -jk8 CHNLNUM;AFOWLNUM;AWAITPER -jv8 2;8;184 -ja8 N;N;N -ju8 0;0;0 -e CALTRANSsciSUB 
******************************************************************

Online Namelist file descriptor associated
Online namelist buffer loaded: length = 7422

Warning !:  Ancillary file #1  with full suffix filename  '/sos/archive/fallbacks/IRAC004600/SUB_2s_2sf8d1r1_ch2_v2.0.0_dark_sigma.fits'  NOT in archive/sandbox !!.
Proceed to the next suffix fileprocessing .....

Warning !:  Ancillary file #2  with full suffix filename  '/sos/archive/fallbacks/IRAC004600/SUB_2s_2sf8d1r1_ch2_v2.0.0_dark_cmask.fits'  NOT in archive/sandbox !!.
Proceed to the next suffix fileprocessing .....

Warning !:  Ancillary-suffix file #1: '/scr2/S19.2.0/dlcaldata/irac/fb1502_SUB_2s_2sf8d1r1_ch2_v2.0.0_dark_sigma.fits'  could NOT be identified on cache.
Processing continues ..... 


Warning !:  Ancillary-suffix file #2: '/scr2/S19.2.0/dlcaldata/irac/fb1502_SUB_2s_2sf8d1r1_ch2_v2.0.0_dark_cmask.fits'  could NOT be identified on cache.
Processing continues ..... 


Warning !:  Ancillary file #1  with full suffix filename  '/sos/archive/fallbacks/IRAC005300/lincal_b2_sa_011410_cmask.fits'  NOT in archive/sandbox !!.
Proceed to the next suffix fileprocessing .....

Warning !:  Ancillary-suffix file #1: '/scr2/S19.2.0/dlcaldata/irac/fb1579_lincal_b2_sa_011410_cmask.fits'  could NOT be identified on cache.
Processing continues ..... 

  Printing Log output to stdout...


Program CALTRANS, Version 4.0
Command-Line Namelist Filename  = cdf/pn107.nl
Command-Line Namelist Section = CALTRANSsciSUB
CalTrans Execution Mode  = 2
CalID = 7
Input Calibration Type list = pmask;labdark;skydark;lincal;sky_flat;fluxconv;muxbleed_lut;muxbleed_coeff
Input Calibration Rule list = 0;0;300;0;0;0;0;0
Input Generic Outfname list = pmask.fits;labdark.fits;skydark.fits;lincal.fits;skyflat.fits;fluxconv;muxbleed_lut;muxbleed_coeff
Science DCE Filename = tranhead.fits
CAL Destination Path = cal
Processing time: 0.490000 seconds
Current date/time: Sat Jan  9 14:56:55 2016
Program CALTRANS, version 4.0, terminated with status = 16

CalTrans exits with status = 16



caltrans   exit_value =  16    execution_time = 0.610s
******************************************************************
Pipeline executing insbposdom
insbposdom -i tranhead.fits -o insbposdom.fits 
******************************************************************
Pipeline Module INSBPOSDOM Version 1.1
Processing time Sat Jan  9 14:56:55 2016

Sat Jan  9 14:56:55 2016
Time = 0.040 seconds
exit code 0

insbposdom   exit_value =   0    execution_time = 0.080s
******************************************************************
Pipeline executing cvti2r4
cvti2r4 -i insbposdom.fits -a 0.5625 -b 0 -d cal/dmask_for_raw.fits -o cvti2r4.fits -m row 
******************************************************************
 SIRTF I*2-to-R*4 Data Cube Conversion program vsn 1.31 A61025
 Input file:  insbposdom.fits
 Using offset =    0.562500
 Using BLANK-fill value:   0
 Output file: cvti2r4.fits
 Missing-data pattern specified as rows

cvti2r4   exit_value =   0    execution_time = 0.300s
Image has barrel shift = 3
Computed truncation correction 0.5*(1-2^-ABARREL) = 0.5625
******************************************************************
Pipeline executing hdrupd8
hdrupd8 cvti2r4.fits -a cdf/hdrupd8_cubify.dat -d cdf/hdrupd8_planify.dat 
******************************************************************
 hdrupd8 vsn 1.6  A70821
 WARNING: keyword to be deleted not found: NAXIS3  

hdrupd8   exit_value =   0    execution_time = 0.350s
******************************************************************
Pipeline executing hdrupd8
hdrupd8 dmask.fits -a cdf/hdrupd8_cubify.dat -d cdf/hdrupd8_planify.dat 
******************************************************************
 hdrupd8 vsn 1.6  A70821
 WARNING: keyword to be deleted not found: NAXIS3  

hdrupd8   exit_value =   0    execution_time = 0.360s
******************************************************************
Pipeline executing iracwrapdet1
iracwrapdet1 -i cvti2r4.fits -n cdf/pn107.nl -p cal/pmask.fits -d dmask.fits -w wmask.fits -v 
******************************************************************
Pipeline Module IRACWRAPDET1 Version 1.4
Processing time Sat Jan  9 14:57:06 2016
iracwrapdet1_parse_args: Namelist File = 	cdf/pn107.nl
iracwrapdet1_parse_args: Pmask File = 	cal/pmask.fits
iracwrapdet1_parse_args: Dmask File = 	dmask.fits
iracwrapdet1_parse_args: Wmask File = 	wmask.fits
iracwrapdet1_parse_args: Input File = 	cvti2r4.fits
iracwrapdet1_parse_args: I_Verbose = 			1
chn 2 framtim 2.000000
iracwrapdet1_read_data: Data read from file:
cvti2r4.fits
iracwrapdet1_read_data: I_NX = 32
iracwrapdet1_read_data: I_NY = 32
iracwrapdet1_read_data: I_NZ = 64
iracwrapdet1_parse_namelist: Namelist File = 	cdf/pn107.nl
Coeff used: 55000.000000 55000.000000 55000.000000 55000.000000
iracwrapdet1_compute_results: Numerical Computations finished
Sat Jan  9 14:57:06 2016
iracwrapdet1_output: Results written to file(s).
Time = 0.020 seconds
iracwrapdet1_error_handler: Error Handler finished.
iracwrapdet1_exit: Memory Deallocated.
exit code 0

iracwrapdet1   exit_value =   0    execution_time = 0.070s
******************************************************************
Pipeline executing iracwrapdet2
iracwrapdet2 -i cvti2r4.fits -n cdf/pn107.nl -p cal/pmask.fits -d dmask.fits -w wmask.fits -a /sos/sw/S19.2.0/STUDIO/downlink/include 
******************************************************************

Program iracwrapdet2, Version 1.4
Namelist File  = cdf/pn107.nl
FITS Input Image = cvti2r4.fits
Pmask File = cal/pmask.fits
Dmask File = dmask.fits
Wmask File = mask.fits
M-Level       chan1     chan2     chan3     chan4
            55000.0   55000.0   55000.0   55000.0
Tolerance     chan1     chan2     chan3     chan4
             1200.0    1200.0    1200.0    1200.0
Pmask Maximum = 65535
Dmask Maximum = 65535
Ancillary Data-File Path = /sos/sw/S19.2.0/STUDIO/downlink/include
Verbose flag = 0
Super-verbose flag = 0
Debug flag = 0
iracwrapdet2 Status Message      0x0000
Normal exit from Function 0x0000: LOG_WRITER
Processing time: 0.230000 seconds
Current date/time: Sat Jan  9 14:57:07 2016
Program iracwrapdet2, version 1.4, terminated


iracwrapdet2   exit_value =   0    execution_time = 0.280s
******************************************************************
Pipeline executing iracwrapcorr
iracwrapcorr -i cvti2r4.fits -p cal/pmask.fits -d dmask.fits -w wmask.fits -o iracwrapcorr.fits 
******************************************************************
Pipeline Module IRACWRAPCORR Version 1.3
Processing time Sat Jan  9 14:57:07 2016
iracwrapcorr_parse_namelist: Information only: Namelist not specified.
Sat Jan  9 14:57:07 2016
Time = 0.040 seconds
exit code 0

iracwrapcorr   exit_value =   0    execution_time = 0.090s
******************************************************************
Pipeline executing iracnorm
iracnorm -i iracwrapcorr.fits -p cal/pmask.fits -d dmask.fits -o iracnorm.fits 
******************************************************************
Pipeline Module IRACWNORM Version 1.10
Processing time Sat Jan  9 14:57:08 2016

Sat Jan  9 14:57:08 2016
Time = 0.040 seconds
exit code 0

iracnorm   exit_value =   0    execution_time = 0.120s
******************************************************************
Pipeline executing iracebwc
iracebwc -i iracnorm.fits -n cdf/pn107.nl -p cal/pmask.fits -d dmask.fits -o iracebwc.fits 
******************************************************************
Pipeline Module IRACEBWC Version 1.2
Processing time Sat Jan  9 14:57:08 2016

Sat Jan  9 14:57:08 2016
Time = 0.040 seconds
exit code 0

iracebwc   exit_value =   0    execution_time = 0.080s
HDR mode   =  f
AOR Template Time     =  2
DCE Frame Time    =  2.00
EXTRpt     =  233
Frame NOBF =  0
From sub determine_delays:
   aottime = 2
   aordelay = 222.190359962807
   stellarmode = f
   expid=138
imdly = 1.46236003719329
frmdly = 1.46236003719329

Immed  Delay = 1.46236003719329
Frame  Delay = 1.46236003719329

 hdrupd8 vsn 1.6  A70821
 hdrupd8 vsn 1.6  A70821
 hdrupd8 vsn 1.6  A70821
 hdrupd8 vsn 1.6  A70821
 hdrupd8 vsn 1.6  A70821
 hdrupd8 vsn 1.6  A70821
 hdrupd8 vsn 1.6  A70821
******************************************************************
Pipeline executing darksubng
darksubng -i iracebwc.fits -a /sos/sw/S19.2.0/STUDIO/downlink/include -p cal/pmask.fits -d dmask.fits -o labdarksub.fits -cc cal/labdark.fits -v 
******************************************************************
/sos/sw/S19.2.0/STUDIO/downlink/bin/darksubng: namelist not given
/sos/sw/S19.2.0/STUDIO/downlink/bin/darksubng: input uncertainty image not given
/sos/sw/S19.2.0/STUDIO/downlink/bin/darksubng: output uncertainty image not given
/sos/sw/S19.2.0/STUDIO/downlink/bin/darksubng: WARNING no uncertainty calculations will be performed
/sos/sw/S19.2.0/STUDIO/downlink/bin/darksubng: Namelist               = []
/sos/sw/S19.2.0/STUDIO/downlink/bin/darksubng: Input image            = [iracebwc.fits]
/sos/sw/S19.2.0/STUDIO/downlink/bin/darksubng: Input uncertainty      = []
/sos/sw/S19.2.0/STUDIO/downlink/bin/darksubng: Output image           = [!labdarksub.fits]
/sos/sw/S19.2.0/STUDIO/downlink/bin/darksubng: Output uncertainty     = []
/sos/sw/S19.2.0/STUDIO/downlink/bin/darksubng: Dark                   = [cal/labdark.fits]
/sos/sw/S19.2.0/STUDIO/downlink/bin/darksubng: Pmask file             = [cal/pmask.fits]
/sos/sw/S19.2.0/STUDIO/downlink/bin/darksubng: Pmask fatality bitmask = [65536]
/sos/sw/S19.2.0/STUDIO/downlink/bin/darksubng: Dmask file             = [dmask.fits]
/sos/sw/S19.2.0/STUDIO/downlink/bin/darksubng: Dmask fatality bitmask = [65536]
/sos/sw/S19.2.0/STUDIO/downlink/bin/darksubng: Cmask file             = []
/sos/sw/S19.2.0/STUDIO/downlink/bin/darksubng: Cmask fatality bitmask = [65536]
/sos/sw/S19.2.0/STUDIO/downlink/bin/darksubng: Logfile                = []
/sos/sw/S19.2.0/STUDIO/downlink/bin/darksubng: Ancillary Path         = [/sos/sw/S19.2.0/STUDIO/downlink/include]
/sos/sw/S19.2.0/STUDIO/downlink/bin/darksubng: Uncertainty calculations will not be made
/sos/sw/S19.2.0/STUDIO/downlink/bin/darksubng: WARNING cal/labdark.fits has no BUNIT key
/sos/sw/S19.2.0/STUDIO/downlink/bin/darksubng: WARNING assuming cal/labdark.fits is in DN
/sos/sw/S19.2.0/STUDIO/downlink/bin/darksubng: WARNING cal/labdark.fits has no EXPTIME key
/sos/sw/S19.2.0/STUDIO/downlink/bin/darksubng: WARNING cal/labdark.fits has no GAIN keywords
/sos/sw/S19.2.0/STUDIO/downlink/bin/darksubng: compute - performing any unit conversions
/sos/sw/S19.2.0/STUDIO/downlink/bin/darksubng: compute - starting subtraction with masking 
/sos/sw/S19.2.0/STUDIO/downlink/bin/darksubng: Processing successful; Exiting

darksubng   exit_value =   0    execution_time = 0.140s
READ Noise !! =  9.4
******************************************************************
Pipeline executing snestimator
snestimator -i labdarksub.fits -n cdf/pn107.nl -a /sos/sw/S19.2.0/STUDIO/downlink/include -p cal/pmask.fits -d dmask.fits -on sig_snestimator.fits -g 3.71 -r 9.4 
******************************************************************
verbose 0

Program SNESTIMATOR, Version 1.5
Namelist File  = cdf/pn107.nl
Input FITS Image = labdarksub.fits
Noise Image = sig_snestimator.fits
Denominator type = IRAC_MODEL
Edge Pixels Excluded = 0
Gain Channel 1 = 3.710000 Channel 2 = 3.710000 Channel 3 = 3.710000 Channel 4 = 3.710000
Read Noise = 9.400000
Confusion Sigma = 0.000000
Ancillary Data-File Path = /sos/sw/S19.2.0/STUDIO/downlink/include
Verbose flag = 0
Super-verbose flag = 0
Debug flag = 0
snestimator Status Message      0x0000
Normal exit from Function 0x0000: LOG_WRITER
Processing time: 0.110000 seconds
Current date/time: Sat Jan  9 14:57:38 2016
Program SNESTIMATOR, version 1.5, terminated


snestimator   exit_value =   0    execution_time = 0.180s
******************************************************************
Pipeline executing darksubng
darksubng -i iracebwc.fits -iu sig_snestimator.fits -a /sos/sw/S19.2.0/STUDIO/downlink/include -p cal/pmask.fits -d dmask.fits -o labdarksub.fits -ou sig_labdarksub.fits -cc cal/labdark.fits -v 
******************************************************************
/sos/sw/S19.2.0/STUDIO/downlink/bin/darksubng: namelist not given
/sos/sw/S19.2.0/STUDIO/downlink/bin/darksubng: Namelist               = []
/sos/sw/S19.2.0/STUDIO/downlink/bin/darksubng: Input image            = [iracebwc.fits]
/sos/sw/S19.2.0/STUDIO/downlink/bin/darksubng: Input uncertainty      = [sig_snestimator.fits]
/sos/sw/S19.2.0/STUDIO/downlink/bin/darksubng: Output image           = [!labdarksub.fits]
/sos/sw/S19.2.0/STUDIO/downlink/bin/darksubng: Output uncertainty     = [!sig_labdarksub.fits]
/sos/sw/S19.2.0/STUDIO/downlink/bin/darksubng: Dark                   = [cal/labdark.fits]
/sos/sw/S19.2.0/STUDIO/downlink/bin/darksubng: Pmask file             = [cal/pmask.fits]
/sos/sw/S19.2.0/STUDIO/downlink/bin/darksubng: Pmask fatality bitmask = [65536]
/sos/sw/S19.2.0/STUDIO/downlink/bin/darksubng: Dmask file             = [dmask.fits]
/sos/sw/S19.2.0/STUDIO/downlink/bin/darksubng: Dmask fatality bitmask = [65536]
/sos/sw/S19.2.0/STUDIO/downlink/bin/darksubng: Cmask file             = []
/sos/sw/S19.2.0/STUDIO/downlink/bin/darksubng: Cmask fatality bitmask = [65536]
/sos/sw/S19.2.0/STUDIO/downlink/bin/darksubng: Logfile                = []
/sos/sw/S19.2.0/STUDIO/downlink/bin/darksubng: Ancillary Path         = [/sos/sw/S19.2.0/STUDIO/downlink/include]
/sos/sw/S19.2.0/STUDIO/downlink/bin/darksubng: Uncertainty calculations will be made
/sos/sw/S19.2.0/STUDIO/downlink/bin/darksubng: WARNING cal/labdark.fits has no BUNIT key
/sos/sw/S19.2.0/STUDIO/downlink/bin/darksubng: WARNING assuming cal/labdark.fits is in DN
/sos/sw/S19.2.0/STUDIO/downlink/bin/darksubng: WARNING cal/labdark.fits has no EXPTIME key
/sos/sw/S19.2.0/STUDIO/downlink/bin/darksubng: WARNING cal/labdark.fits has no GAIN keywords
/sos/sw/S19.2.0/STUDIO/downlink/bin/darksubng: compute - performing any unit conversions
/sos/sw/S19.2.0/STUDIO/downlink/bin/darksubng: compute - starting subtraction with masking 
/sos/sw/S19.2.0/STUDIO/downlink/bin/darksubng: Processing successful; Exiting

darksubng   exit_value =   0    execution_time = 0.210s
******************************************************************
Pipeline executing fowlinearize
fowlinearize -i1 labdarksub.fits -i3 sig_labdarksub.fits -n cdf/pn107.nl -a /sos/sw/S19.2.0/STUDIO/downlink/include -ip cal/pmask.fits -i2 cal/lincal.fits -id dmask.fits -o1 fowlinearize.fits -o2 sig_fowlinearize.fits -c 10 
******************************************************************

Program FOWLINEARIZE, Version 4.9
Namelist File  = cdf/pn107.nl
Input File 1 = labdarksub.fits
Input File 2 = cal/lincal.fits
Input File 3 = sig_labdarksub.fits
Model_Flag(1=quad. 2=cubic) = 1
Clock_Readout(10=sub-array, 200=full-array) = 10.000000
Input PMask Image = cal/pmask.fits
Unusable PMask Bits = 16384
Input DMask Image = dmask.fits
Unusable DMask Bits = 8192
Not-linearized DMask Bit = 4096
Not-linearized DMask Bit due to lincal-model saturation = 8192
Output File 1 = fowlinearize.fits
Output File 2 = sig_fowlinearize.fits
Ancillary Data-File Path = /sos/sw/S19.2.0/STUDIO/downlink/include
Verbose flag = 0
Super-verbose flag = 0
Debug flag = 0
Performed linearity correction.
Program fowlinearize: Status Message: 0x0000
Normal exit from Function 0x0000: LOG_WRITER
Processing time: 0.290000 seconds
Current date/time: Sat Jan  9 14:57:40 2016
Program FOWLINEARIZE, version 4.9, terminated.

fowlinearize   exit_value =   0    execution_time = 0.380s
Read Noise =  9.4
 hdrupd8 vsn 1.6  A70821
******************************************************************
Pipeline executing bgmodel
bgmodel -i fowlinearize.fits -n cdf/pn107.nl -h 
******************************************************************

Online Namelist file descriptor associated
Online namelist buffer loaded: length = 7422
bgmodel_log_writer: Printing Log output to stdout
bgmodel  Version 1.0
Namelist File  = cdf/pn107.nl
Input Image = fowlinearize.fits
Ephemeris = /scr2/S19.2.0/cdf/spice/sirtf.bsp
LeapSec Kernel = /scr2/S19.2.0/cdf/spice/leapseconds.ker
SPK Kernel = /scr2/S19.2.0/cdf/spice/de.bsp

bgmodel  Status Message      0x0000: No error.
Time = 0.070 seconds

Background exits with status = 0


bgmodel   exit_value =   0    execution_time = 0.120s
******************************************************************
Pipeline executing hdrupd8
hdrupd8 fowlinearize.fits -a addkeys.dat 
******************************************************************
 hdrupd8 vsn 1.6  A70821

hdrupd8   exit_value =   0    execution_time = 0.430s
SkyDk Med DN      = 16.56367 
Exposure time     = 1.92
SkyDk Med DN rate = 8.62691145833333
Flux Conv         = 0.1447 
SkyDk Med Flux    = 1.24831408802083
Image File = fowlinearize.fits 

 hdrupd8 vsn 1.6  A70821
 hdrupd8 vsn 1.6  A70821
 hdrupd8 vsn 1.6  A70821
 hdrupd8 vsn 1.6  A70821
 hdrupd8 vsn 1.6  A70821
******************************************************************
Pipeline executing darksubng
darksubng -i fowlinearize.fits -iu sig_fowlinearize.fits -a /sos/sw/S19.2.0/STUDIO/downlink/include -p cal/pmask.fits -d dmask.fits -o skydarksub.fits -ou sig_skydarksub.fits -cc cal/skydark.fits -v -c cal/skydark_cmask.fits 
******************************************************************
/sos/sw/S19.2.0/STUDIO/downlink/bin/darksubng: namelist not given
/sos/sw/S19.2.0/STUDIO/downlink/bin/darksubng: Namelist               = []
/sos/sw/S19.2.0/STUDIO/downlink/bin/darksubng: Input image            = [fowlinearize.fits]
/sos/sw/S19.2.0/STUDIO/downlink/bin/darksubng: Input uncertainty      = [sig_fowlinearize.fits]
/sos/sw/S19.2.0/STUDIO/downlink/bin/darksubng: Output image           = [!skydarksub.fits]
/sos/sw/S19.2.0/STUDIO/downlink/bin/darksubng: Output uncertainty     = [!sig_skydarksub.fits]
/sos/sw/S19.2.0/STUDIO/downlink/bin/darksubng: Dark                   = [cal/skydark.fits]
/sos/sw/S19.2.0/STUDIO/downlink/bin/darksubng: Pmask file             = [cal/pmask.fits]
/sos/sw/S19.2.0/STUDIO/downlink/bin/darksubng: Pmask fatality bitmask = [65536]
/sos/sw/S19.2.0/STUDIO/downlink/bin/darksubng: Dmask file             = [dmask.fits]
/sos/sw/S19.2.0/STUDIO/downlink/bin/darksubng: Dmask fatality bitmask = [65536]
/sos/sw/S19.2.0/STUDIO/downlink/bin/darksubng: Cmask file             = [cal/skydark_cmask.fits]
/sos/sw/S19.2.0/STUDIO/downlink/bin/darksubng: Cmask fatality bitmask = [65536]
/sos/sw/S19.2.0/STUDIO/downlink/bin/darksubng: Logfile                = []
/sos/sw/S19.2.0/STUDIO/downlink/bin/darksubng: Ancillary Path         = [/sos/sw/S19.2.0/STUDIO/downlink/include]
/sos/sw/S19.2.0/STUDIO/downlink/bin/darksubng: Uncertainty calculations will be made
/sos/sw/S19.2.0/STUDIO/downlink/bin/darksubng: compute - performing any unit conversions
/sos/sw/S19.2.0/STUDIO/downlink/bin/darksubng: compute - starting subtraction with masking 
/sos/sw/S19.2.0/STUDIO/downlink/bin/darksubng: Processing successful; Exiting

darksubng   exit_value =   0    execution_time = 0.200s
******************************************************************
Pipeline executing darkdrift
darkdrift -i skydarksub.fits -iu sig_skydarksub.fits -n cdf/pn107.nl -a /sos/sw/S19.2.0/STUDIO/downlink/include -o1 darkdrift.fits -o2 darkdriftcorr.fits -o3 darkdrift.tbl -ou sig_darkdrift.fits 
******************************************************************
Program darkdrift, Version 4.1
Namelist File  = cdf/pn107.nl
Input Image = skydarksub.fits
Input Uncertainty Image = sig_skydarksub.fits
Output Image 1 (corrected image) = darkdrift.fits
Output Image 2 (corrections) = darkdriftcorr.fits
Output Image 3 (uncertainties) = sig_darkdrift.fits
Output File 3 = darkdrift.tbl
Central fraction for trimmed average  = 0.900000
Central fraction for trimmed std. dev. = 0.900000
Time_Input = 0.250000
Time_Before = 0.000000
Time_After = 1.000000
Temp_Input = 270.000000
Temp_Before = 280.000000
Temp_After = 260.000000
Calculation Type = 1
Input-Image Transpose Flag = 1
Multiplicative-Correction Flag (Additive if zero) = 0
Readout Channel to exclude (none if zero) = 0
Data-Plane Flag = 1
Ancillary Data-File Path = /sos/sw/S19.2.0/STUDIO/downlink/include
Verbose flag = 0
Super-verbose flag = 0
Debug flag = 0
Dark-current offsets estimated from input image.

Detailed darkdrift calculational results:
...for data plane = 1
Darkdrift correction for readout-channel 1 = -0.518350
Darkdrift correction for readout-channel 2 = -0.143661
Darkdrift correction for readout-channel 3 = 0.160880
Darkdrift correction for readout-channel 4 = 0.501130
Darkdrift uncertainty for readout-channel 1 = 0.372039
Darkdrift uncertainty for readout-channel 2 = 0.300261
Darkdrift uncertainty for readout-channel 3 = 0.376678
Darkdrift uncertainty for readout-channel 4 = 0.301103
Trimmed average of values in readout-channel 1 = 6.879787
Trimmed average of values in readout-channel 2 = 7.254476
Trimmed average of values in readout-channel 3 = 7.559018
Trimmed average of values in readout-channel 4 = 7.899267
Darkdrift background term = 7.398137
...for data plane = 2
Darkdrift correction for readout-channel 1 = 0.138553
Darkdrift correction for readout-channel 2 = -0.120801
Darkdrift correction for readout-channel 3 = -0.072617
Darkdrift correction for readout-channel 4 = 0.054865
Darkdrift uncertainty for readout-channel 1 = 0.376870
Darkdrift uncertainty for readout-channel 2 = 0.302984
Darkdrift uncertainty for readout-channel 3 = 0.340869
Darkdrift uncertainty for readout-channel 4 = 0.302812
Trimmed average of values in readout-channel 1 = 4.999176
Trimmed average of values in readout-channel 2 = 4.739822
Trimmed average of values in readout-channel 3 = 4.788006
Trimmed average of values in readout-channel 4 = 4.915488
Darkdrift background term = 4.860623
...for data plane = 3
Darkdrift correction for readout-channel 1 = 0.479406
Darkdrift correction for readout-channel 2 = -0.473185
Darkdrift correction for readout-channel 3 = -0.250753
Darkdrift correction for readout-channel 4 = 0.244531
Darkdrift uncertainty for readout-channel 1 = 0.302964
Darkdrift uncertainty for readout-channel 2 = 0.302972
Darkdrift uncertainty for readout-channel 3 = 0.303471
Darkdrift uncertainty for readout-channel 4 = 0.302983
Trimmed average of values in readout-channel 1 = 5.856959
Trimmed average of values in readout-channel 2 = 4.904368
Trimmed average of values in readout-channel 3 = 5.126800
Trimmed average of values in readout-channel 4 = 5.622084
Darkdrift background term = 5.377552
...for data plane = 4
Darkdrift correction for readout-channel 1 = -0.018131
Darkdrift correction for readout-channel 2 = -0.111817
Darkdrift correction for readout-channel 3 = -0.076836
Darkdrift correction for readout-channel 4 = 0.206784
Darkdrift uncertainty for readout-channel 1 = 0.302999
Darkdrift uncertainty for readout-channel 2 = 0.303241
Darkdrift uncertainty for readout-channel 3 = 0.302730
Darkdrift uncertainty for readout-channel 4 = 0.305670
Trimmed average of values in readout-channel 1 = 5.297115
Trimmed average of values in readout-channel 2 = 5.203430
Trimmed average of values in readout-channel 3 = 5.238411
Trimmed average of values in readout-channel 4 = 5.522031
Darkdrift background term = 5.315247
...for data plane = 5
Darkdrift correction for readout-channel 1 = -0.187380
Darkdrift correction for readout-channel 2 = -0.250240
Darkdrift correction for readout-channel 3 = 0.155042
Darkdrift correction for readout-channel 4 = 0.282577
Darkdrift uncertainty for readout-channel 1 = 0.303358
Darkdrift uncertainty for readout-channel 2 = 0.302970
Darkdrift uncertainty for readout-channel 3 = 0.303224
Darkdrift uncertainty for readout-channel 4 = 0.303059
Trimmed average of values in readout-channel 1 = 5.092481
Trimmed average of values in readout-channel 2 = 5.029622
Trimmed average of values in readout-channel 3 = 5.434904
Trimmed average of values in readout-channel 4 = 5.562439
Darkdrift background term = 5.279861
...for data plane = 6
Darkdrift correction for readout-channel 1 = -0.127681
Darkdrift correction for readout-channel 2 = 0.017529
Darkdrift correction for readout-channel 3 = 0.362422
Darkdrift correction for readout-channel 4 = -0.252271
Darkdrift uncertainty for readout-channel 1 = 0.302985
Darkdrift uncertainty for readout-channel 2 = 0.304073
Darkdrift uncertainty for readout-channel 3 = 0.378560
Darkdrift uncertainty for readout-channel 4 = 0.302968
Trimmed average of values in readout-channel 1 = 5.632069
Trimmed average of values in readout-channel 2 = 5.777279
Trimmed average of values in readout-channel 3 = 6.122172
Trimmed average of values in readout-channel 4 = 5.507479
Darkdrift background term = 5.759750
...for data plane = 7
Darkdrift correction for readout-channel 1 = 0.472757
Darkdrift correction for readout-channel 2 = -0.056756
Darkdrift correction for readout-channel 3 = -0.828122
Darkdrift correction for readout-channel 4 = 0.412121
Darkdrift uncertainty for readout-channel 1 = 0.303219
Darkdrift uncertainty for readout-channel 2 = 0.302710
Darkdrift uncertainty for readout-channel 3 = 0.303053
Darkdrift uncertainty for readout-channel 4 = 0.264301
Trimmed average of values in readout-channel 1 = 6.170710
Trimmed average of values in readout-channel 2 = 5.641197
Trimmed average of values in readout-channel 3 = 4.869831
Trimmed average of values in readout-channel 4 = 6.110074
Darkdrift background term = 5.697953
...for data plane = 8
Darkdrift correction for readout-channel 1 = 0.190836
Darkdrift correction for readout-channel 2 = -0.325168
Darkdrift correction for readout-channel 3 = -0.405340
Darkdrift correction for readout-channel 4 = 0.539672
Darkdrift uncertainty for readout-channel 1 = 0.302977
Darkdrift uncertainty for readout-channel 2 = 0.302985
Darkdrift uncertainty for readout-channel 3 = 0.302881
Darkdrift uncertainty for readout-channel 4 = 0.302803
Trimmed average of values in readout-channel 1 = 5.803867
Trimmed average of values in readout-channel 2 = 5.287862
Trimmed average of values in readout-channel 3 = 5.207691
Trimmed average of values in readout-channel 4 = 6.152703
Darkdrift background term = 5.613031
...for data plane = 9
Darkdrift correction for readout-channel 1 = 0.075000
Darkdrift correction for readout-channel 2 = -0.215055
Darkdrift correction for readout-channel 3 = 0.012924
Darkdrift correction for readout-channel 4 = 0.127131
Darkdrift uncertainty for readout-channel 1 = 0.303222
Darkdrift uncertainty for readout-channel 2 = 0.303528
Darkdrift uncertainty for readout-channel 3 = 0.303385
Darkdrift uncertainty for readout-channel 4 = 0.302969
Trimmed average of values in readout-channel 1 = 5.861814
Trimmed average of values in readout-channel 2 = 5.571758
Trimmed average of values in readout-channel 3 = 5.799737
Trimmed average of values in readout-channel 4 = 5.913945
Darkdrift background term = 5.786813
...for data plane = 10
Darkdrift correction for readout-channel 1 = -0.175423
Darkdrift correction for readout-channel 2 = 0.280036
Darkdrift correction for readout-channel 3 = 0.084459
Darkdrift correction for readout-channel 4 = -0.189071
Darkdrift uncertainty for readout-channel 1 = 0.303497
Darkdrift uncertainty for readout-channel 2 = 0.303236
Darkdrift uncertainty for readout-channel 3 = 0.302976
Darkdrift uncertainty for readout-channel 4 = 0.303069
Trimmed average of values in readout-channel 1 = 5.520981
Trimmed average of values in readout-channel 2 = 5.976440
Trimmed average of values in readout-channel 3 = 5.780863
Trimmed average of values in readout-channel 4 = 5.507333
Darkdrift background term = 5.696405
...for data plane = 11
Darkdrift correction for readout-channel 1 = -0.012986
Darkdrift correction for readout-channel 2 = -0.250655
Darkdrift correction for readout-channel 3 = 0.114454
Darkdrift correction for readout-channel 4 = 0.149187
Darkdrift uncertainty for readout-channel 1 = 0.303112
Darkdrift uncertainty for readout-channel 2 = 0.301855
Darkdrift uncertainty for readout-channel 3 = 0.302979
Darkdrift uncertainty for readout-channel 4 = 0.302976
Trimmed average of values in readout-channel 1 = 5.728102
Trimmed average of values in readout-channel 2 = 5.490432
Trimmed average of values in readout-channel 3 = 5.855542
Trimmed average of values in readout-channel 4 = 5.890275
Darkdrift background term = 5.741088
...for data plane = 12
Darkdrift correction for readout-channel 1 = 0.348235
Darkdrift correction for readout-channel 2 = -0.342736
Darkdrift correction for readout-channel 3 = 0.210795
Darkdrift correction for readout-channel 4 = -0.216293
Darkdrift uncertainty for readout-channel 1 = 0.302735
Darkdrift uncertainty for readout-channel 2 = 0.302978
Darkdrift uncertainty for readout-channel 3 = 0.303057
Darkdrift uncertainty for readout-channel 4 = 0.303327
Trimmed average of values in readout-channel 1 = 6.320446
Trimmed average of values in readout-channel 2 = 5.629475
Trimmed average of values in readout-channel 3 = 6.183006
Trimmed average of values in readout-channel 4 = 5.755918
Darkdrift background term = 5.972211
...for data plane = 13
Darkdrift correction for readout-channel 1 = -0.173267
Darkdrift correction for readout-channel 2 = 0.052865
Darkdrift correction for readout-channel 3 = -0.169034
Darkdrift correction for readout-channel 4 = 0.289435
Darkdrift uncertainty for readout-channel 1 = 0.303103
Darkdrift uncertainty for readout-channel 2 = 0.304071
Darkdrift uncertainty for readout-channel 3 = 0.303301
Darkdrift uncertainty for readout-channel 4 = 0.302978
Trimmed average of values in readout-channel 1 = 5.732193
Trimmed average of values in readout-channel 2 = 5.958324
Trimmed average of values in readout-channel 3 = 5.736425
Trimmed average of values in readout-channel 4 = 6.194894
Darkdrift background term = 5.905459
...for data plane = 14
Darkdrift correction for readout-channel 1 = -0.243872
Darkdrift correction for readout-channel 2 = -0.039793
Darkdrift correction for readout-channel 3 = 0.049619
Darkdrift correction for readout-channel 4 = 0.234047
Darkdrift uncertainty for readout-channel 1 = 0.302969
Darkdrift uncertainty for readout-channel 2 = 0.302966
Darkdrift uncertainty for readout-channel 3 = 0.303055
Darkdrift uncertainty for readout-channel 4 = 0.302822
Trimmed average of values in readout-channel 1 = 5.324248
Trimmed average of values in readout-channel 2 = 5.528328
Trimmed average of values in readout-channel 3 = 5.617739
Trimmed average of values in readout-channel 4 = 5.802167
Darkdrift background term = 5.568121
...for data plane = 15
Darkdrift correction for readout-channel 1 = -0.044226
Darkdrift correction for readout-channel 2 = -0.272630
Darkdrift correction for readout-channel 3 = -0.134630
Darkdrift correction for readout-channel 4 = 0.451486
Darkdrift uncertainty for readout-channel 1 = 0.302706
Darkdrift uncertainty for readout-channel 2 = 0.303237
Darkdrift uncertainty for readout-channel 3 = 0.303132
Darkdrift uncertainty for readout-channel 4 = 0.302972
Trimmed average of values in readout-channel 1 = 6.067771
Trimmed average of values in readout-channel 2 = 5.839367
Trimmed average of values in readout-channel 3 = 5.977366
Trimmed average of values in readout-channel 4 = 6.563483
Darkdrift background term = 6.111997
...for data plane = 16
Darkdrift correction for readout-channel 1 = 0.515174
Darkdrift correction for readout-channel 2 = -0.140153
Darkdrift correction for readout-channel 3 = 0.121160
Darkdrift correction for readout-channel 4 = -0.496181
Darkdrift uncertainty for readout-channel 1 = 0.302982
Darkdrift uncertainty for readout-channel 2 = 0.302982
Darkdrift uncertainty for readout-channel 3 = 0.302972
Darkdrift uncertainty for readout-channel 4 = 0.303221
Trimmed average of values in readout-channel 1 = 6.190477
Trimmed average of values in readout-channel 2 = 5.535149
Trimmed average of values in readout-channel 3 = 5.796462
Trimmed average of values in readout-channel 4 = 5.179121
Darkdrift background term = 5.675302
...for data plane = 17
Darkdrift correction for readout-channel 1 = 0.330130
Darkdrift correction for readout-channel 2 = 0.116879
Darkdrift correction for readout-channel 3 = -0.541404
Darkdrift correction for readout-channel 4 = 0.094394
Darkdrift uncertainty for readout-channel 1 = 0.302968
Darkdrift uncertainty for readout-channel 2 = 0.302980
Darkdrift uncertainty for readout-channel 3 = 0.302966
Darkdrift uncertainty for readout-channel 4 = 0.303563
Trimmed average of values in readout-channel 1 = 5.598607
Trimmed average of values in readout-channel 2 = 5.385356
Trimmed average of values in readout-channel 3 = 4.727073
Trimmed average of values in readout-channel 4 = 5.362871
Darkdrift background term = 5.268477
...for data plane = 18
Darkdrift correction for readout-channel 1 = 0.215146
Darkdrift correction for readout-channel 2 = -0.008294
Darkdrift correction for readout-channel 3 = -0.286933
Darkdrift correction for readout-channel 4 = 0.080081
Darkdrift uncertainty for readout-channel 1 = 0.302024
Darkdrift uncertainty for readout-channel 2 = 0.303522
Darkdrift uncertainty for readout-channel 3 = 0.303075
Darkdrift uncertainty for readout-channel 4 = 0.303016
Trimmed average of values in readout-channel 1 = 6.332514
Trimmed average of values in readout-channel 2 = 6.109074
Trimmed average of values in readout-channel 3 = 5.830435
Trimmed average of values in readout-channel 4 = 6.197449
Darkdrift background term = 6.117368
...for data plane = 19
Darkdrift correction for readout-channel 1 = 0.261882
Darkdrift correction for readout-channel 2 = -0.123955
Darkdrift correction for readout-channel 3 = 0.028372
Darkdrift correction for readout-channel 4 = -0.166300
Darkdrift uncertainty for readout-channel 1 = 0.302978
Darkdrift uncertainty for readout-channel 2 = 0.302975
Darkdrift uncertainty for readout-channel 3 = 0.303139
Darkdrift uncertainty for readout-channel 4 = 0.304406
Trimmed average of values in readout-channel 1 = 5.853528
Trimmed average of values in readout-channel 2 = 5.467692
Trimmed average of values in readout-channel 3 = 5.620019
Trimmed average of values in readout-channel 4 = 5.425347
Darkdrift background term = 5.591646
...for data plane = 20
Darkdrift correction for readout-channel 1 = 0.221763
Darkdrift correction for readout-channel 2 = 0.005981
Darkdrift correction for readout-channel 3 = -0.010161
Darkdrift correction for readout-channel 4 = -0.217583
Darkdrift uncertainty for readout-channel 1 = 0.302975
Darkdrift uncertainty for readout-channel 2 = 0.303262
Darkdrift uncertainty for readout-channel 3 = 0.302336
Darkdrift uncertainty for readout-channel 4 = 0.303899
Trimmed average of values in readout-channel 1 = 6.106635
Trimmed average of values in readout-channel 2 = 5.890852
Trimmed average of values in readout-channel 3 = 5.874711
Trimmed average of values in readout-channel 4 = 5.667288
Darkdrift background term = 5.884872
...for data plane = 21
Darkdrift correction for readout-channel 1 = -0.014456
Darkdrift correction for readout-channel 2 = -0.097677
Darkdrift correction for readout-channel 3 = 0.071936
Darkdrift correction for readout-channel 4 = 0.040197
Darkdrift uncertainty for readout-channel 1 = 0.305582
Darkdrift uncertainty for readout-channel 2 = 0.302703
Darkdrift uncertainty for readout-channel 3 = 0.303207
Darkdrift uncertainty for readout-channel 4 = 0.302987
Trimmed average of values in readout-channel 1 = 5.844138
Trimmed average of values in readout-channel 2 = 5.760917
Trimmed average of values in readout-channel 3 = 5.930530
Trimmed average of values in readout-channel 4 = 5.898792
Darkdrift background term = 5.858594
...for data plane = 22
Darkdrift correction for readout-channel 1 = 0.028197
Darkdrift correction for readout-channel 2 = -0.031175
Darkdrift correction for readout-channel 3 = -0.097100
Darkdrift correction for readout-channel 4 = 0.100077
Darkdrift uncertainty for readout-channel 1 = 0.302979
Darkdrift uncertainty for readout-channel 2 = 0.302979
Darkdrift uncertainty for readout-channel 3 = 0.378069
Darkdrift uncertainty for readout-channel 4 = 0.303268
Trimmed average of values in readout-channel 1 = 5.809876
Trimmed average of values in readout-channel 2 = 5.750504
Trimmed average of values in readout-channel 3 = 5.684579
Trimmed average of values in readout-channel 4 = 5.881756
Darkdrift background term = 5.781679
...for data plane = 23
Darkdrift correction for readout-channel 1 = 0.105008
Darkdrift correction for readout-channel 2 = -0.037895
Darkdrift correction for readout-channel 3 = -0.054110
Darkdrift correction for readout-channel 4 = -0.013004
Darkdrift uncertainty for readout-channel 1 = 0.303468
Darkdrift uncertainty for readout-channel 2 = 0.303508
Darkdrift uncertainty for readout-channel 3 = 0.302945
Darkdrift uncertainty for readout-channel 4 = 0.303374
Trimmed average of values in readout-channel 1 = 5.741331
Trimmed average of values in readout-channel 2 = 5.598428
Trimmed average of values in readout-channel 3 = 5.582213
Trimmed average of values in readout-channel 4 = 5.623318
Darkdrift background term = 5.636322
...for data plane = 24
Darkdrift correction for readout-channel 1 = -0.069549
Darkdrift correction for readout-channel 2 = -0.004170
Darkdrift correction for readout-channel 3 = -0.043731
Darkdrift correction for readout-channel 4 = 0.117450
Darkdrift uncertainty for readout-channel 1 = 0.303012
Darkdrift uncertainty for readout-channel 2 = 0.302967
Darkdrift uncertainty for readout-channel 3 = 0.302987
Darkdrift uncertainty for readout-channel 4 = 0.302540
Trimmed average of values in readout-channel 1 = 6.096683
Trimmed average of values in readout-channel 2 = 6.162062
Trimmed average of values in readout-channel 3 = 6.122501
Trimmed average of values in readout-channel 4 = 6.283683
Darkdrift background term = 6.166232
...for data plane = 25
Darkdrift correction for readout-channel 1 = 0.220861
Darkdrift correction for readout-channel 2 = -0.497562
Darkdrift correction for readout-channel 3 = 0.205031
Darkdrift correction for readout-channel 4 = 0.071669
Darkdrift uncertainty for readout-channel 1 = 0.303586
Darkdrift uncertainty for readout-channel 2 = 0.303379
Darkdrift uncertainty for readout-channel 3 = 0.302886
Darkdrift uncertainty for readout-channel 4 = 0.302722
Trimmed average of values in readout-channel 1 = 5.825931
Trimmed average of values in readout-channel 2 = 5.107507
Trimmed average of values in readout-channel 3 = 5.810101
Trimmed average of values in readout-channel 4 = 5.676738
Darkdrift background term = 5.605069
...for data plane = 26
Darkdrift correction for readout-channel 1 = 0.095477
Darkdrift correction for readout-channel 2 = -0.199657
Darkdrift correction for readout-channel 3 = 0.067890
Darkdrift correction for readout-channel 4 = 0.036290
Darkdrift uncertainty for readout-channel 1 = 0.302964
Darkdrift uncertainty for readout-channel 2 = 0.303518
Darkdrift uncertainty for readout-channel 3 = 0.303137
Darkdrift uncertainty for readout-channel 4 = 0.302971
Trimmed average of values in readout-channel 1 = 5.681281
Trimmed average of values in readout-channel 2 = 5.386146
Trimmed average of values in readout-channel 3 = 5.653694
Trimmed average of values in readout-channel 4 = 5.622094
Darkdrift background term = 5.585804
...for data plane = 27
Darkdrift correction for readout-channel 1 = 0.263232
Darkdrift correction for readout-channel 2 = -0.208278
Darkdrift correction for readout-channel 3 = -0.175306
Darkdrift correction for readout-channel 4 = 0.120352
Darkdrift uncertainty for readout-channel 1 = 0.302839
Darkdrift uncertainty for readout-channel 2 = 0.303248
Darkdrift uncertainty for readout-channel 3 = 0.302641
Darkdrift uncertainty for readout-channel 4 = 0.303437
Trimmed average of values in readout-channel 1 = 6.152919
Trimmed average of values in readout-channel 2 = 5.681408
Trimmed average of values in readout-channel 3 = 5.714380
Trimmed average of values in readout-channel 4 = 6.010039
Darkdrift background term = 5.889686
...for data plane = 28
Darkdrift correction for readout-channel 1 = -0.244521
Darkdrift correction for readout-channel 2 = 0.090381
Darkdrift correction for readout-channel 3 = 0.393731
Darkdrift correction for readout-channel 4 = -0.239592
Darkdrift uncertainty for readout-channel 1 = 0.303491
Darkdrift uncertainty for readout-channel 2 = 0.303242
Darkdrift uncertainty for readout-channel 3 = 0.302984
Darkdrift uncertainty for readout-channel 4 = 0.303304
Trimmed average of values in readout-channel 1 = 5.698516
Trimmed average of values in readout-channel 2 = 6.033418
Trimmed average of values in readout-channel 3 = 6.336768
Trimmed average of values in readout-channel 4 = 5.703445
Darkdrift background term = 5.943036
...for data plane = 29
Darkdrift correction for readout-channel 1 = -0.446464
Darkdrift correction for readout-channel 2 = -0.253322
Darkdrift correction for readout-channel 3 = 0.304469
Darkdrift correction for readout-channel 4 = 0.395317
Darkdrift uncertainty for readout-channel 1 = 0.302825
Darkdrift uncertainty for readout-channel 2 = 0.304073
Darkdrift uncertainty for readout-channel 3 = 0.302982
Darkdrift uncertainty for readout-channel 4 = 0.303215
Trimmed average of values in readout-channel 1 = 5.217425
Trimmed average of values in readout-channel 2 = 5.410568
Trimmed average of values in readout-channel 3 = 5.968358
Trimmed average of values in readout-channel 4 = 6.059207
Darkdrift background term = 5.663889
...for data plane = 30
Darkdrift correction for readout-channel 1 = 0.565434
Darkdrift correction for readout-channel 2 = -0.182454
Darkdrift correction for readout-channel 3 = -0.373354
Darkdrift correction for readout-channel 4 = -0.009625
Darkdrift uncertainty for readout-channel 1 = 0.303623
Darkdrift uncertainty for readout-channel 2 = 0.302964
Darkdrift uncertainty for readout-channel 3 = 0.303545
Darkdrift uncertainty for readout-channel 4 = 0.302727
Trimmed average of values in readout-channel 1 = 6.469792
Trimmed average of values in readout-channel 2 = 5.721905
Trimmed average of values in readout-channel 3 = 5.531004
Trimmed average of values in readout-channel 4 = 5.894734
Darkdrift background term = 5.904359
...for data plane = 31
Darkdrift correction for readout-channel 1 = -0.127009
Darkdrift correction for readout-channel 2 = -0.555202
Darkdrift correction for readout-channel 3 = 0.537766
Darkdrift correction for readout-channel 4 = 0.144445
Darkdrift uncertainty for readout-channel 1 = 0.302450
Darkdrift uncertainty for readout-channel 2 = 0.300498
Darkdrift uncertainty for readout-channel 3 = 0.303618
Darkdrift uncertainty for readout-channel 4 = 0.302977
Trimmed average of values in readout-channel 1 = 5.816300
Trimmed average of values in readout-channel 2 = 5.388107
Trimmed average of values in readout-channel 3 = 6.481075
Trimmed average of values in readout-channel 4 = 6.087754
Darkdrift background term = 5.943309
...for data plane = 32
Darkdrift correction for readout-channel 1 = -0.116884
Darkdrift correction for readout-channel 2 = 0.030429
Darkdrift correction for readout-channel 3 = -0.140612
Darkdrift correction for readout-channel 4 = 0.227067
Darkdrift uncertainty for readout-channel 1 = 0.302977
Darkdrift uncertainty for readout-channel 2 = 0.303799
Darkdrift uncertainty for readout-channel 3 = 0.302975
Darkdrift uncertainty for readout-channel 4 = 0.303059
Trimmed average of values in readout-channel 1 = 5.083355
Trimmed average of values in readout-channel 2 = 5.230667
Trimmed average of values in readout-channel 3 = 5.059626
Trimmed average of values in readout-channel 4 = 5.427306
Darkdrift background term = 5.200238
...for data plane = 33
Darkdrift correction for readout-channel 1 = 0.056872
Darkdrift correction for readout-channel 2 = 0.205293
Darkdrift correction for readout-channel 3 = -0.063468
Darkdrift correction for readout-channel 4 = -0.198697
Darkdrift uncertainty for readout-channel 1 = 0.303083
Darkdrift uncertainty for readout-channel 2 = 0.302958
Darkdrift uncertainty for readout-channel 3 = 0.378044
Darkdrift uncertainty for readout-channel 4 = 0.303648
Trimmed average of values in readout-channel 1 = 5.928315
Trimmed average of values in readout-channel 2 = 6.076737
Trimmed average of values in readout-channel 3 = 5.807976
Trimmed average of values in readout-channel 4 = 5.672747
Darkdrift background term = 5.871444
...for data plane = 34
Darkdrift correction for readout-channel 1 = 0.095450
Darkdrift correction for readout-channel 2 = -0.137456
Darkdrift correction for readout-channel 3 = 0.318213
Darkdrift correction for readout-channel 4 = -0.276206
Darkdrift uncertainty for readout-channel 1 = 0.302993
Darkdrift uncertainty for readout-channel 2 = 0.303792
Darkdrift uncertainty for readout-channel 3 = 0.303210
Darkdrift uncertainty for readout-channel 4 = 0.303558
Trimmed average of values in readout-channel 1 = 5.819528
Trimmed average of values in readout-channel 2 = 5.586622
Trimmed average of values in readout-channel 3 = 6.042291
Trimmed average of values in readout-channel 4 = 5.447872
Darkdrift background term = 5.724078
...for data plane = 35
Darkdrift correction for readout-channel 1 = -0.051923
Darkdrift correction for readout-channel 2 = 0.065732
Darkdrift correction for readout-channel 3 = -0.193163
Darkdrift correction for readout-channel 4 = 0.179354
Darkdrift uncertainty for readout-channel 1 = 0.303247
Darkdrift uncertainty for readout-channel 2 = 0.303243
Darkdrift uncertainty for readout-channel 3 = 0.302968
Darkdrift uncertainty for readout-channel 4 = 0.303302
Trimmed average of values in readout-channel 1 = 5.435411
Trimmed average of values in readout-channel 2 = 5.553066
Trimmed average of values in readout-channel 3 = 5.294171
Trimmed average of values in readout-channel 4 = 5.666688
Darkdrift background term = 5.487334
...for data plane = 36
Darkdrift correction for readout-channel 1 = -0.134720
Darkdrift correction for readout-channel 2 = -0.174105
Darkdrift correction for readout-channel 3 = -0.039335
Darkdrift correction for readout-channel 4 = 0.348159
Darkdrift uncertainty for readout-channel 1 = 0.304009
Darkdrift uncertainty for readout-channel 2 = 0.302699
Darkdrift uncertainty for readout-channel 3 = 0.303448
Darkdrift uncertainty for readout-channel 4 = 0.303229
Trimmed average of values in readout-channel 1 = 5.743493
Trimmed average of values in readout-channel 2 = 5.704109
Trimmed average of values in readout-channel 3 = 5.838879
Trimmed average of values in readout-channel 4 = 6.226373
Darkdrift background term = 5.878213
...for data plane = 37
Darkdrift correction for readout-channel 1 = -0.225746
Darkdrift correction for readout-channel 2 = -0.130993
Darkdrift correction for readout-channel 3 = 0.262453
Darkdrift correction for readout-channel 4 = 0.094286
Darkdrift uncertainty for readout-channel 1 = 0.302971
Darkdrift uncertainty for readout-channel 2 = 0.302698
Darkdrift uncertainty for readout-channel 3 = 0.302974
Darkdrift uncertainty for readout-channel 4 = 0.302962
Trimmed average of values in readout-channel 1 = 5.386561
Trimmed average of values in readout-channel 2 = 5.481314
Trimmed average of values in readout-channel 3 = 5.874759
Trimmed average of values in readout-channel 4 = 5.706592
Darkdrift background term = 5.612307
...for data plane = 38
Darkdrift correction for readout-channel 1 = 0.142026
Darkdrift correction for readout-channel 2 = -0.697624
Darkdrift correction for readout-channel 3 = 0.141960
Darkdrift correction for readout-channel 4 = 0.413638
Darkdrift uncertainty for readout-channel 1 = 0.302985
Darkdrift uncertainty for readout-channel 2 = 0.302985
Darkdrift uncertainty for readout-channel 3 = 0.303062
Darkdrift uncertainty for readout-channel 4 = 0.303180
Trimmed average of values in readout-channel 1 = 5.917188
Trimmed average of values in readout-channel 2 = 5.077538
Trimmed average of values in readout-channel 3 = 5.917122
Trimmed average of values in readout-channel 4 = 6.188800
Darkdrift background term = 5.775162
...for data plane = 39
Darkdrift correction for readout-channel 1 = 0.198562
Darkdrift correction for readout-channel 2 = 0.055396
Darkdrift correction for readout-channel 3 = -0.063539
Darkdrift correction for readout-channel 4 = -0.190419
Darkdrift uncertainty for readout-channel 1 = 0.302985
Darkdrift uncertainty for readout-channel 2 = 0.303527
Darkdrift uncertainty for readout-channel 3 = 0.303539
Darkdrift uncertainty for readout-channel 4 = 0.303468
Trimmed average of values in readout-channel 1 = 5.946709
Trimmed average of values in readout-channel 2 = 5.803542
Trimmed average of values in readout-channel 3 = 5.684607
Trimmed average of values in readout-channel 4 = 5.557727
Darkdrift background term = 5.748146
...for data plane = 40
Darkdrift correction for readout-channel 1 = 0.472599
Darkdrift correction for readout-channel 2 = -0.382817
Darkdrift correction for readout-channel 3 = -0.307424
Darkdrift correction for readout-channel 4 = 0.217642
Darkdrift uncertainty for readout-channel 1 = 0.378331
Darkdrift uncertainty for readout-channel 2 = 0.302986
Darkdrift uncertainty for readout-channel 3 = 0.302899
Darkdrift uncertainty for readout-channel 4 = 0.303109
Trimmed average of values in readout-channel 1 = 6.574746
Trimmed average of values in readout-channel 2 = 5.719330
Trimmed average of values in readout-channel 3 = 5.794723
Trimmed average of values in readout-channel 4 = 6.319789
Darkdrift background term = 6.102147
...for data plane = 41
Darkdrift correction for readout-channel 1 = 0.009814
Darkdrift correction for readout-channel 2 = -0.046447
Darkdrift correction for readout-channel 3 = -0.198862
Darkdrift correction for readout-channel 4 = 0.235496
Darkdrift uncertainty for readout-channel 1 = 0.303601
Darkdrift uncertainty for readout-channel 2 = 0.303383
Darkdrift uncertainty for readout-channel 3 = 0.302977
Darkdrift uncertainty for readout-channel 4 = 0.303474
Trimmed average of values in readout-channel 1 = 5.864607
Trimmed average of values in readout-channel 2 = 5.808346
Trimmed average of values in readout-channel 3 = 5.655931
Trimmed average of values in readout-channel 4 = 6.090289
Darkdrift background term = 5.854793
...for data plane = 42
Darkdrift correction for readout-channel 1 = 0.279457
Darkdrift correction for readout-channel 2 = -0.186814
Darkdrift correction for readout-channel 3 = 0.065192
Darkdrift correction for readout-channel 4 = -0.157836
Darkdrift uncertainty for readout-channel 1 = 0.303875
Darkdrift uncertainty for readout-channel 2 = 0.301873
Darkdrift uncertainty for readout-channel 3 = 0.302987
Darkdrift uncertainty for readout-channel 4 = 0.339208
Trimmed average of values in readout-channel 1 = 6.284744
Trimmed average of values in readout-channel 2 = 5.818472
Trimmed average of values in readout-channel 3 = 6.070479
Trimmed average of values in readout-channel 4 = 5.847451
Darkdrift background term = 6.005286
...for data plane = 43
Darkdrift correction for readout-channel 1 = 0.161157
Darkdrift correction for readout-channel 2 = -0.470752
Darkdrift correction for readout-channel 3 = 0.073414
Darkdrift correction for readout-channel 4 = 0.236181
Darkdrift uncertainty for readout-channel 1 = 0.304003
Darkdrift uncertainty for readout-channel 2 = 0.302413
Darkdrift uncertainty for readout-channel 3 = 0.303075
Darkdrift uncertainty for readout-channel 4 = 0.302349
Trimmed average of values in readout-channel 1 = 5.777509
Trimmed average of values in readout-channel 2 = 5.145600
Trimmed average of values in readout-channel 3 = 5.689766
Trimmed average of values in readout-channel 4 = 5.852532
Darkdrift background term = 5.616352
...for data plane = 44
Darkdrift correction for readout-channel 1 = -0.043096
Darkdrift correction for readout-channel 2 = -0.137334
Darkdrift correction for readout-channel 3 = 0.180990
Darkdrift correction for readout-channel 4 = -0.000560
Darkdrift uncertainty for readout-channel 1 = 0.303367
Darkdrift uncertainty for readout-channel 2 = 0.304072
Darkdrift uncertainty for readout-channel 3 = 0.301618
Darkdrift uncertainty for readout-channel 4 = 0.303380
Trimmed average of values in readout-channel 1 = 5.584280
Trimmed average of values in readout-channel 2 = 5.490042
Trimmed average of values in readout-channel 3 = 5.808367
Trimmed average of values in readout-channel 4 = 5.626816
Darkdrift background term = 5.627376
...for data plane = 45
Darkdrift correction for readout-channel 1 = 0.338822
Darkdrift correction for readout-channel 2 = -0.121537
Darkdrift correction for readout-channel 3 = -0.521275
Darkdrift correction for readout-channel 4 = 0.303990
Darkdrift uncertainty for readout-channel 1 = 0.302978
Darkdrift uncertainty for readout-channel 2 = 0.303016
Darkdrift uncertainty for readout-channel 3 = 0.302983
Darkdrift uncertainty for readout-channel 4 = 0.228174
Trimmed average of values in readout-channel 1 = 5.937842
Trimmed average of values in readout-channel 2 = 5.477483
Trimmed average of values in readout-channel 3 = 5.077745
Trimmed average of values in readout-channel 4 = 5.903011
Darkdrift background term = 5.599020
...for data plane = 46
Darkdrift correction for readout-channel 1 = 0.185522
Darkdrift correction for readout-channel 2 = -0.349670
Darkdrift correction for readout-channel 3 = 0.187385
Darkdrift correction for readout-channel 4 = -0.023238
Darkdrift uncertainty for readout-channel 1 = 0.378570
Darkdrift uncertainty for readout-channel 2 = 0.302973
Darkdrift uncertainty for readout-channel 3 = 0.303700
Darkdrift uncertainty for readout-channel 4 = 0.303050
Trimmed average of values in readout-channel 1 = 5.946822
Trimmed average of values in readout-channel 2 = 5.411630
Trimmed average of values in readout-channel 3 = 5.948685
Trimmed average of values in readout-channel 4 = 5.738062
Darkdrift background term = 5.761300
...for data plane = 47
Darkdrift correction for readout-channel 1 = 0.172381
Darkdrift correction for readout-channel 2 = -0.454539
Darkdrift correction for readout-channel 3 = 0.156975
Darkdrift correction for readout-channel 4 = 0.125184
Darkdrift uncertainty for readout-channel 1 = 0.304630
Darkdrift uncertainty for readout-channel 2 = 0.307097
Darkdrift uncertainty for readout-channel 3 = 0.302979
Darkdrift uncertainty for readout-channel 4 = 0.303021
Trimmed average of values in readout-channel 1 = 5.794275
Trimmed average of values in readout-channel 2 = 5.167355
Trimmed average of values in readout-channel 3 = 5.778869
Trimmed average of values in readout-channel 4 = 5.747077
Darkdrift background term = 5.621894
...for data plane = 48
Darkdrift correction for readout-channel 1 = 0.223220
Darkdrift correction for readout-channel 2 = -0.552204
Darkdrift correction for readout-channel 3 = 0.350835
Darkdrift correction for readout-channel 4 = -0.021852
Darkdrift uncertainty for readout-channel 1 = 0.364555
Darkdrift uncertainty for readout-channel 2 = 0.303006
Darkdrift uncertainty for readout-channel 3 = 0.377738
Darkdrift uncertainty for readout-channel 4 = 0.303140
Trimmed average of values in readout-channel 1 = 6.135219
Trimmed average of values in readout-channel 2 = 5.359795
Trimmed average of values in readout-channel 3 = 6.262834
Trimmed average of values in readout-channel 4 = 5.890147
Darkdrift background term = 5.911999
...for data plane = 49
Darkdrift correction for readout-channel 1 = -0.420197
Darkdrift correction for readout-channel 2 = 0.271018
Darkdrift correction for readout-channel 3 = 0.056666
Darkdrift correction for readout-channel 4 = 0.092513
Darkdrift uncertainty for readout-channel 1 = 0.376366
Darkdrift uncertainty for readout-channel 2 = 0.302969
Darkdrift uncertainty for readout-channel 3 = 0.377888
Darkdrift uncertainty for readout-channel 4 = 0.302919
Trimmed average of values in readout-channel 1 = 5.302275
Trimmed average of values in readout-channel 2 = 5.993490
Trimmed average of values in readout-channel 3 = 5.779137
Trimmed average of values in readout-channel 4 = 5.814985
Darkdrift background term = 5.722472
...for data plane = 50
Darkdrift correction for readout-channel 1 = -0.303053
Darkdrift correction for readout-channel 2 = -0.355541
Darkdrift correction for readout-channel 3 = 0.250740
Darkdrift correction for readout-channel 4 = 0.407854
Darkdrift uncertainty for readout-channel 1 = 0.302188
Darkdrift uncertainty for readout-channel 2 = 0.301859
Darkdrift uncertainty for readout-channel 3 = 0.302904
Darkdrift uncertainty for readout-channel 4 = 0.303267
Trimmed average of values in readout-channel 1 = 5.593188
Trimmed average of values in readout-channel 2 = 5.540700
Trimmed average of values in readout-channel 3 = 6.146981
Trimmed average of values in readout-channel 4 = 6.304095
Darkdrift background term = 5.896241
...for data plane = 51
Darkdrift correction for readout-channel 1 = 0.239536
Darkdrift correction for readout-channel 2 = -0.194600
Darkdrift correction for readout-channel 3 = -0.205033
Darkdrift correction for readout-channel 4 = 0.160097
Darkdrift uncertainty for readout-channel 1 = 0.303101
Darkdrift uncertainty for readout-channel 2 = 0.302710
Darkdrift uncertainty for readout-channel 3 = 0.302865
Darkdrift uncertainty for readout-channel 4 = 0.303208
Trimmed average of values in readout-channel 1 = 6.189096
Trimmed average of values in readout-channel 2 = 5.754960
Trimmed average of values in readout-channel 3 = 5.744528
Trimmed average of values in readout-channel 4 = 6.109657
Darkdrift background term = 5.949560
...for data plane = 52
Darkdrift correction for readout-channel 1 = 0.213685
Darkdrift correction for readout-channel 2 = -0.100353
Darkdrift correction for readout-channel 3 = -0.038942
Darkdrift correction for readout-channel 4 = -0.074390
Darkdrift uncertainty for readout-channel 1 = 0.228391
Darkdrift uncertainty for readout-channel 2 = 0.303797
Darkdrift uncertainty for readout-channel 3 = 0.303203
Darkdrift uncertainty for readout-channel 4 = 0.262919
Trimmed average of values in readout-channel 1 = 5.662965
Trimmed average of values in readout-channel 2 = 5.348927
Trimmed average of values in readout-channel 3 = 5.410338
Trimmed average of values in readout-channel 4 = 5.374890
Darkdrift background term = 5.449280
...for data plane = 53
Darkdrift correction for readout-channel 1 = -0.063243
Darkdrift correction for readout-channel 2 = -0.320334
Darkdrift correction for readout-channel 3 = 0.275991
Darkdrift correction for readout-channel 4 = 0.107586
Darkdrift uncertainty for readout-channel 1 = 0.302975
Darkdrift uncertainty for readout-channel 2 = 0.303532
Darkdrift uncertainty for readout-channel 3 = 0.227794
Darkdrift uncertainty for readout-channel 4 = 0.302975
Trimmed average of values in readout-channel 1 = 5.564854
Trimmed average of values in readout-channel 2 = 5.307763
Trimmed average of values in readout-channel 3 = 5.904089
Trimmed average of values in readout-channel 4 = 5.735683
Darkdrift background term = 5.628097
...for data plane = 54
Darkdrift correction for readout-channel 1 = 0.068812
Darkdrift correction for readout-channel 2 = 0.313435
Darkdrift correction for readout-channel 3 = -0.447169
Darkdrift correction for readout-channel 4 = 0.064923
Darkdrift uncertainty for readout-channel 1 = 0.302974
Darkdrift uncertainty for readout-channel 2 = 0.304640
Darkdrift uncertainty for readout-channel 3 = 0.302968
Darkdrift uncertainty for readout-channel 4 = 0.302973
Trimmed average of values in readout-channel 1 = 5.942184
Trimmed average of values in readout-channel 2 = 6.186807
Trimmed average of values in readout-channel 3 = 5.426204
Trimmed average of values in readout-channel 4 = 5.938295
Darkdrift background term = 5.873373
...for data plane = 55
Darkdrift correction for readout-channel 1 = 0.281758
Darkdrift correction for readout-channel 2 = -0.288681
Darkdrift correction for readout-channel 3 = 0.074238
Darkdrift correction for readout-channel 4 = -0.067314
Darkdrift uncertainty for readout-channel 1 = 0.303098
Darkdrift uncertainty for readout-channel 2 = 0.301874
Darkdrift uncertainty for readout-channel 3 = 0.303292
Darkdrift uncertainty for readout-channel 4 = 0.302969
Trimmed average of values in readout-channel 1 = 5.872152
Trimmed average of values in readout-channel 2 = 5.301714
Trimmed average of values in readout-channel 3 = 5.664633
Trimmed average of values in readout-channel 4 = 5.523080
Darkdrift background term = 5.590395
...for data plane = 56
Darkdrift correction for readout-channel 1 = -0.432775
Darkdrift correction for readout-channel 2 = -0.163282
Darkdrift correction for readout-channel 3 = 0.376716
Darkdrift correction for readout-channel 4 = 0.219341
Darkdrift uncertainty for readout-channel 1 = 0.231371
Darkdrift uncertainty for readout-channel 2 = 0.302977
Darkdrift uncertainty for readout-channel 3 = 0.303079
Darkdrift uncertainty for readout-channel 4 = 0.302892
Trimmed average of values in readout-channel 1 = 5.040753
Trimmed average of values in readout-channel 2 = 5.310245
Trimmed average of values in readout-channel 3 = 5.850243
Trimmed average of values in readout-channel 4 = 5.692869
Darkdrift background term = 5.473527
...for data plane = 57
Darkdrift correction for readout-channel 1 = 0.065280
Darkdrift correction for readout-channel 2 = 0.065848
Darkdrift correction for readout-channel 3 = -0.283824
Darkdrift correction for readout-channel 4 = 0.152696
Darkdrift uncertainty for readout-channel 1 = 0.302343
Darkdrift uncertainty for readout-channel 2 = 0.302701
Darkdrift uncertainty for readout-channel 3 = 0.302987
Darkdrift uncertainty for readout-channel 4 = 0.341344
Trimmed average of values in readout-channel 1 = 5.817472
Trimmed average of values in readout-channel 2 = 5.818040
Trimmed average of values in readout-channel 3 = 5.468368
Trimmed average of values in readout-channel 4 = 5.904888
Darkdrift background term = 5.752192
...for data plane = 58
Darkdrift correction for readout-channel 1 = -0.211837
Darkdrift correction for readout-channel 2 = -0.269327
Darkdrift correction for readout-channel 3 = 0.059317
Darkdrift correction for readout-channel 4 = 0.421847
Darkdrift uncertainty for readout-channel 1 = 0.303712
Darkdrift uncertainty for readout-channel 2 = 0.302975
Darkdrift uncertainty for readout-channel 3 = 0.303212
Darkdrift uncertainty for readout-channel 4 = 0.302981
Trimmed average of values in readout-channel 1 = 0.328159
Trimmed average of values in readout-channel 2 = 0.270668
Trimmed average of values in readout-channel 3 = 0.599313
Trimmed average of values in readout-channel 4 = 0.961843
Darkdrift background term = 0.539996
...for data plane = 59
Darkdrift correction for readout-channel 1 = 0.105218
Darkdrift correction for readout-channel 2 = 0.105957
Darkdrift correction for readout-channel 3 = -0.001479
Darkdrift correction for readout-channel 4 = -0.209696
Darkdrift uncertainty for readout-channel 1 = 0.378320
Darkdrift uncertainty for readout-channel 2 = 0.302142
Darkdrift uncertainty for readout-channel 3 = 0.302883
Darkdrift uncertainty for readout-channel 4 = 0.302709
Trimmed average of values in readout-channel 1 = 5.463260
Trimmed average of values in readout-channel 2 = 5.463999
Trimmed average of values in readout-channel 3 = 5.356562
Trimmed average of values in readout-channel 4 = 5.148345
Darkdrift background term = 5.358041
...for data plane = 60
Darkdrift correction for readout-channel 1 = -0.421320
Darkdrift correction for readout-channel 2 = 0.178062
Darkdrift correction for readout-channel 3 = 0.109185
Darkdrift correction for readout-channel 4 = 0.134073
Darkdrift uncertainty for readout-channel 1 = 0.302993
Darkdrift uncertainty for readout-channel 2 = 0.303266
Darkdrift uncertainty for readout-channel 3 = 0.302815
Darkdrift uncertainty for readout-channel 4 = 0.303686
Trimmed average of values in readout-channel 1 = 5.462835
Trimmed average of values in readout-channel 2 = 6.062218
Trimmed average of values in readout-channel 3 = 5.993340
Trimmed average of values in readout-channel 4 = 6.018229
Darkdrift background term = 5.884155
...for data plane = 61
Darkdrift correction for readout-channel 1 = 0.472556
Darkdrift correction for readout-channel 2 = -0.516092
Darkdrift correction for readout-channel 3 = -0.116324
Darkdrift correction for readout-channel 4 = 0.159860
Darkdrift uncertainty for readout-channel 1 = 0.304399
Darkdrift uncertainty for readout-channel 2 = 0.302975
Darkdrift uncertainty for readout-channel 3 = 0.302972
Darkdrift uncertainty for readout-channel 4 = 0.302985
Trimmed average of values in readout-channel 1 = 6.263927
Trimmed average of values in readout-channel 2 = 5.275280
Trimmed average of values in readout-channel 3 = 5.675048
Trimmed average of values in readout-channel 4 = 5.951231
Darkdrift background term = 5.791372
...for data plane = 62
Darkdrift correction for readout-channel 1 = -0.047638
Darkdrift correction for readout-channel 2 = -0.126343
Darkdrift correction for readout-channel 3 = 0.124170
Darkdrift correction for readout-channel 4 = 0.049810
Darkdrift uncertainty for readout-channel 1 = 0.303110
Darkdrift uncertainty for readout-channel 2 = 0.302978
Darkdrift uncertainty for readout-channel 3 = 0.302978
Darkdrift uncertainty for readout-channel 4 = 0.302965
Trimmed average of values in readout-channel 1 = 5.053352
Trimmed average of values in readout-channel 2 = 4.974646
Trimmed average of values in readout-channel 3 = 5.225160
Trimmed average of values in readout-channel 4 = 5.150799
Darkdrift background term = 5.100989
...for data plane = 63
Darkdrift correction for readout-channel 1 = 0.128288
Darkdrift correction for readout-channel 2 = -0.525110
Darkdrift correction for readout-channel 3 = 0.185716
Darkdrift correction for readout-channel 4 = 0.211106
Darkdrift uncertainty for readout-channel 1 = 0.303625
Darkdrift uncertainty for readout-channel 2 = 0.302973
Darkdrift uncertainty for readout-channel 3 = 0.302962
Darkdrift uncertainty for readout-channel 4 = 0.303303
Trimmed average of values in readout-channel 1 = 6.043015
Trimmed average of values in readout-channel 2 = 5.389617
Trimmed average of values in readout-channel 3 = 6.100443
Trimmed average of values in readout-channel 4 = 6.125833
Darkdrift background term = 5.914727
...for data plane = 64
Darkdrift correction for readout-channel 1 = 0.207189
Darkdrift correction for readout-channel 2 = -0.001196
Darkdrift correction for readout-channel 3 = -0.211872
Darkdrift correction for readout-channel 4 = 0.005879
Darkdrift uncertainty for readout-channel 1 = 0.302981
Darkdrift uncertainty for readout-channel 2 = 0.304362
Darkdrift uncertainty for readout-channel 3 = 0.303055
Darkdrift uncertainty for readout-channel 4 = 0.302978
Trimmed average of values in readout-channel 1 = 5.680059
Trimmed average of values in readout-channel 2 = 5.471675
Trimmed average of values in readout-channel 3 = 5.260998
Trimmed average of values in readout-channel 4 = 5.478750
Darkdrift background term = 5.472871

Program darkdrift: Status Message: 0x0000
Normal exit from Function 0x0000: LOG_WRITER
darkdrift Warning: NaN's were produced in the results.
A total of     2013   NaN's were produced in the results.
Processing time: 12.460000 seconds
Current date/time: Sat Jan  9 14:58:21 2016
Program darkdrift, version 4.1, terminated.

darkdrift   exit_value =   0    execution_time = 12.580s
******************************************************************
Pipeline executing flatap
flatap -i darkdrift.fits -p cal/pmask.fits -f cal/skyflat.fits -ui sig_darkdrift.fits -uo sig_flatap.fits -d dmask.fits -o flatap.fits -c cal/skyflat_cmask.fits 
******************************************************************
Pipeline Module FLATAP Version 1.5
Processing time Sat Jan  9 14:58:22 2016

flatap_parse_namelist: Information only: Namelist not specified.
Sat Jan  9 14:58:22 2016
flatap_log_writer: Could not open Log File, using stdout
Flatap Version 1.5
Namelist File  = 
Input DCE = darkdrift.fits
Output DCE = !flatap.fits
Flatfield = cal/skyflat.fits
Input Uncertainty = sig_darkdrift.fits
Output Uncertainty = !sig_flatap.fits
Pmask File = cal/pmask.fits
Pmask Mask = 128
Dmask File = dmask.fits
Dmask Mask = 16384
Cmask File = cal/skyflat_cmask.fits
Cmask Mask = 256
Trans CAL File = 
Trans CAL CMask File = 
Processing Log File = 
Time =    0.19 seconds
*********************

Time = 0.190 seconds
exit code 0

flatap   exit_value =   0    execution_time = 0.280s
******************************************************************
Pipeline executing imfliprot
imfliprot -i flatap.fits -n cdf/pn107.nl -a /sos/sw/S19.2.0/STUDIO/downlink/include -o imfliprot.fits 
******************************************************************

imfliprot_log_writer: Printing Log output to stdout

Program imfliprot, Version 1.0
Namelist File  = cdf/pn107.nl
Input File = flatap.fits
Output File = imfliprot.fits
Image has been flipped
Image Rotation (degrees)  = 180
Ancillary Data-File Path = /sos/sw/S19.2.0/STUDIO/downlink/include
Verbose flag = 0
Debug flag = 0
imfliprot Status Message      0x0000: Normal exit from Function 0x0000: LOG_WRITER
Processing time: 0.220000 seconds
Current date/time: Sat Jan  9 14:58:23 2016
Program imfliprot, version 1.0, terminated.


imfliprot   exit_value =   0    execution_time = 0.260s
******************************************************************
Pipeline executing imfliprot
imfliprot -i sig_flatap.fits -n cdf/pn107.nl -a /sos/sw/S19.2.0/STUDIO/downlink/include -o sig_imfliprot.fits 
******************************************************************

imfliprot_log_writer: Printing Log output to stdout

Program imfliprot, Version 1.0
Namelist File  = cdf/pn107.nl
Input File = sig_flatap.fits
Output File = sig_imfliprot.fits
Image has been flipped
Image Rotation (degrees)  = 180
Ancillary Data-File Path = /sos/sw/S19.2.0/STUDIO/downlink/include
Verbose flag = 0
Debug flag = 0
imfliprot Status Message      0x0000: Normal exit from Function 0x0000: LOG_WRITER
Processing time: 0.230000 seconds
Current date/time: Sat Jan  9 14:58:23 2016
Program imfliprot, version 1.0, terminated.


imfliprot   exit_value =   0    execution_time = 0.270s
******************************************************************
Pipeline executing imfliprot
imfliprot -i dmask.fits -n cdf/pn107.nl -a /sos/sw/S19.2.0/STUDIO/downlink/include -o temp_dmask.fits 
******************************************************************

imfliprot_log_writer: Printing Log output to stdout

Program imfliprot, Version 1.0
Namelist File  = cdf/pn107.nl
Input File = dmask.fits
Output File = temp_dmask.fits
Image has been flipped
Image Rotation (degrees)  = 180
Ancillary Data-File Path = /sos/sw/S19.2.0/STUDIO/downlink/include
Verbose flag = 0
Debug flag = 0
imfliprot Status Message      0x0000: Normal exit from Function 0x0000: LOG_WRITER
Processing time: 0.070000 seconds
Current date/time: Sat Jan  9 14:58:24 2016
Program imfliprot, version 1.0, terminated.


imfliprot   exit_value =   0    execution_time = 0.110s
******************************************************************
Pipeline executing imfliprot
imfliprot -i fowlinearize.fits -n cdf/pn107.nl -a /sos/sw/S19.2.0/STUDIO/downlink/include -o temp_fowlinearize.fits 
******************************************************************

imfliprot_log_writer: Printing Log output to stdout

Program imfliprot, Version 1.0
Namelist File  = cdf/pn107.nl
Input File = fowlinearize.fits
Output File = temp_fowlinearize.fits
Image has been flipped
Image Rotation (degrees)  = 180
Ancillary Data-File Path = /sos/sw/S19.2.0/STUDIO/downlink/include
Verbose flag = 0
Debug flag = 0
imfliprot Status Message      0x0000: Normal exit from Function 0x0000: LOG_WRITER
Processing time: 0.100000 seconds
Current date/time: Sat Jan  9 14:58:24 2016
Program imfliprot, version 1.0, terminated.


imfliprot   exit_value =   0    execution_time = 0.140s
******************************************************************
Pipeline executing imfliprot
imfliprot -i sig_fowlinearize.fits -n cdf/pn107.nl -a /sos/sw/S19.2.0/STUDIO/downlink/include -o temp_sig_fowlinearize.fits 
******************************************************************

imfliprot_log_writer: Printing Log output to stdout

Program imfliprot, Version 1.0
Namelist File  = cdf/pn107.nl
Input File = sig_fowlinearize.fits
Output File = temp_sig_fowlinearize.fits
Image has been flipped
Image Rotation (degrees)  = 180
Ancillary Data-File Path = /sos/sw/S19.2.0/STUDIO/downlink/include
Verbose flag = 0
Debug flag = 0
imfliprot Status Message      0x0000: Normal exit from Function 0x0000: LOG_WRITER
Processing time: 0.110000 seconds
Current date/time: Sat Jan  9 14:58:25 2016
Program imfliprot, version 1.0, terminated.


imfliprot   exit_value =   0    execution_time = 0.150s
******************************************************************
Pipeline executing dntoflux
dntoflux -i imfliprot.fits -iu sig_imfliprot.fits -n cdf/pn107.nl -co 0 -c 0.1447 -u 0.0000 -a /sos/sw/S19.2.0/STUDIO/downlink/include -o1 dntoflux.fits -ou sig_dntoflux.fits -t 1 
******************************************************************

Program dntoflux, Version 4.2
Namelist File  = cdf/pn107.nl
Input Image = imfliprot.fits
Output File 1 = dntoflux.fits
Output Uncertainty Image = sig_dntoflux.fits
Operation flag = 0
Conversion factor = 0.144700
Input Uncertainty Image = sig_imfliprot.fits
Conversion-factor uncertainty = 0.000000
Output BUNIT setting = MJy/sr
Normalize-by-EXPTIME Flag = 1
EXPTIME = 1.920000
Data-Plane Flag = 1
Ancillary Data-File Path = /sos/sw/S19.2.0/STUDIO/downlink/include
Verbose flag = 0
Super-verbose flag = 0
Debug flag = 0
Terminating data-units-conversion program.
dntoflux Status Message: 0x0000
Normal exit from Function 0x0000: LOG_WRITER
dntoflux Probs Warning: NaN's were produced in the results.
A total of     4026   NaN's were produced in the results.
Processing time: 0.550000 seconds
Current date/time: Sat Jan  9 14:58:26 2016
Program dntoflux, version 4.2, terminated.

dntoflux   exit_value =   0    execution_time = 0.690s
******************************************************************
Pipeline executing qatool
qatool -i dntoflux.fits -n cdf/pn107.nl -nb QATOOLBCD -a /sos/sw/S19.2.0/STUDIO/downlink/include -o qa/BCD_qatool 
******************************************************************
qatool_parse_namelist: Information only: Namelist block-name = &QATOOLBCD
Program qatool, Version 6.0
Namelist File  = cdf/pn107.nl
Input File = dntoflux.fits
Output Data Filename Base = qa/BCD_qatool
Statistics Group = 0
Percent-Scaling Flag = 0
Calculation Type = 1
(set-up to do additional computations for four readout channels)
Number of Mean Absolute Deviations for Histogram Half-Width Coverage = 5
Number of Bins in Histograms = 41
Central fraction for trimmed average = 0.810000
Central fraction for trimmed std. dev. = 0.720000
Bad-pixel tolerance fraction = 0.900000
Statistics Box X position = 3
Statistics Box Y position = 4
Statistics Box X width = 20
Statistics Box Y height = 23
Input-Image Transpose Flag = 1
Unsigned Integer Flag = 0
Data-Plane Flag = 1
Number Edge Rows/Cols Skipped = 2
Keyword Prefix = bcd
Ancillary Data-File Path = /sos/sw/S19.2.0/STUDIO/downlink/include
Verbose flag = 0
Super-verbose flag = 0
Debug flag = 0
Performed statistical and histogram calculations.
Program qatool: Status Message: 0x0000
Normal exit from Function 0x0000: LOG_WRITER
Processing time: 1.470000 seconds
Current date/time: Sat Jan  9 14:58:28 2016
Program qatool, version 6.0, terminated.

qatool   exit_value =   0    execution_time = 1.580s
******************************************************************
Pipeline executing chkmask
chkmask dmask.fits -q qa/BCD_qatool.qa 
******************************************************************
 chkmask vsn 1.35 A40312
 
 No. of occurrences of the   3 status combinations:
   2267 occurrences of   256 (8)                                 
   6 occurrences of   16 (4)                                 
   2 occurrences of   272 (4,8)                               
 
 Status Bit: No. of Pixels
   0:   0
   1:   0
   2:   0
   3:   0
   4:   8
   5:   0
   6:   0
   7:   0
   8:   2269
   9:   0
   10:   0
   11:   0
   12:   0
   13:   0
   14:   0
 

chkmask   exit_value =   0    execution_time = 0.360s
******************************************************************
Loading QA information for DCE and BCD product
Keyword APDUV1E not found in header
Keyword APDUV2E not found in header
Keyword APDUV3E not found in header
Keyword APDUI1E not found in header
Keyword APDUI2E not found in header
Keyword APDUI3E not found in header
Could not append keyword APDUV1E to QA file qa/DCE_qatool.qa
Could not append keyword APDUV2E to QA file qa/DCE_qatool.qa
Could not append keyword APDUV3E to QA file qa/DCE_qatool.qa
Could not append keyword APDUI1E to QA file qa/DCE_qatool.qa
Could not append keyword APDUI2E to QA file qa/DCE_qatool.qa
Could not append keyword APDUI3E to QA file qa/DCE_qatool.qa
******************************************************************
Pipeline executing qaloader
qaloader -i qa/DCE_qatool.qa -tablename qa_iracdce -o qa/qaloader.sql -role pipelineswrole 
******************************************************************
2016/01/09 14:58:31 BEGIN qaloader v1.13
 -i (QA_FILE) qa/DCE_qatool.qa
 -tablename (TABLENAME) qa_iracdce
 -o (SQL_FILE) qa/qaloader.sql
 -role (ROLE) pipelineswrole
Using metadata version 13.0b
table name=qa_iracdce

QA values ingested:
{-4.609561e+01} {}
dceAveFI_1       -4.609561e+01 
{-4.974569e+01} {}
dceAveR1_1       -4.974569e+01 
{-2.945971e+01} {}
dceAveR2_1       -2.945971e+01 
{-3.274828e+01} {}
dceAveR3_1       -3.274828e+01 
{-7.242876e+01} {}
dceAveR4_1       -7.242876e+01 
{-2.300000e+01} {-4.974569e+01}
dceMedFI_1       -2.300000e+01 
{3.040800e+02} {}
dceSdevFI_1      3.040800e+02 
{4.770400e+00} {}
dceDSclFI_1      4.770400e+00 
{-8.813000e+03} {}
dceMinFI_1       -8.813000e+03 
{1.400000e+01} {}
dceMaxFI_1       1.400000e+01 
{147809560} {}
DCEID            147809560 
{2} {-4.609561e+01}
CHNLNUM          2 
{0} {}
ADCEID           0 
{8} {}
AFOWLNUM         8 
{184} {}
AWAITPER         184 
{0} {}
AWEASIDE         0 
{1} {}
AREADMOD         1 
{27.699513} {}
AFPAT1B          27.699513 
{28.671007} {}
AFPAT2B          28.671007 
{0} {}
APEDSIG          0 
{0} {}
ATXSTAT          0 
{0} {}
AFLSTAT          0 
{4} {}
ASHSTAT          4 
{-3.5585} {}
AVRSTBEG         -3.5585 
{-3.056874} {}
AVDETBEG         -3.056874 
{-3.618536} {}
AVGG1BEG         -3.618536 
{-3.550644} {}
AVDDUBEG         -3.550644 
{0} {}
AVGGCBEG         0 
{21.230236} {}
ACTENDT          21.230236 
{19.445989} {}
AFPECTE          19.445989 
{22.82359} {}
AFPEATE          22.82359 
{23.729664} {}
ATCTEMPE         23.729664 
{21.199755} {}
ACETEMPE         21.199755 
{21.169275} {}
APDTEMPE         21.169275 
{27.671961} {}
ACATMP2E         27.671961 
2016/01/09 14:58:31 END   qaloader status=0

qaloader   exit_value =   0    execution_time = 0.110s
******************************************************************
Pipeline executing qaloader
qaloader -i qa/BCD_qatool.qa -tablename qa_iracdp -o qa/qaloader.sql 
******************************************************************
2016/01/09 14:58:32 BEGIN qaloader v1.13
 -i (QA_FILE) qa/BCD_qatool.qa
 -tablename (TABLENAME) qa_iracdp
 -o (SQL_FILE) qa/qaloader.sql
Using metadata version 13.0b
table name=qa_iracdp

QA values ingested:
{2.525603e+00} {}
bcdAveFI_1       2.525603e+00 
{3.991713e+00} {}
bcdAveUB_1       3.991713e+00 
{5.558868e-01} {}
bcdMedFI_1       5.558868e-01 
{6.852986e-01} {}
bcdMedUB_1       6.852986e-01 
{2.625224e+01} {}
bcdSdevFI_1      2.625224e+01 
{3.421073e+01} {}
bcdSdevUB_1      3.421073e+01 
{4.222924e-01} {}
bcdDSclFI_1      4.222924e-01 
{5.523789e-01} {}
bcdDSclUB_1      5.523789e-01 
{-5.196369e-01} {}
bcdMinFI_1       -5.196369e-01 
{-5.196369e-01} {}
bcdMinUB_1       -5.196369e-01 
{6.990920e+02} {}
bcdMaxFI_1       6.990920e+02 
{6.990920e+02} {}
bcdMaxUB_1       6.990920e+02 
{5.328003e-01} {}
bcdC68lFI_1      5.328003e-01 
{5.710093e-01} {}
bcdC68uFI_1      5.710093e-01 
{391693085} {}
DPID             391693085 
{2} {2.525603e+00}
CHNLNUM          2 
2016/01/09 14:58:32 END   qaloader status=0

qaloader   exit_value =   0    execution_time = 0.150s
******************************************************************
Pipeline executing dbaccess
dbaccess -e sodb qa/qaloader.sql 
******************************************************************
set role pipelineswrole;
set lock mode to wait 30;
EXECUTE PROCEDURE addQA_iracdce (147809560, NULL, NULL, 2, -4.609561e+01, 
-2.300000e+01, -4.974569e+01, -2.945971e+01, -3.274828e+01, -7.242876e+01, 
3.040800e+02, 4.770400e+00, -8.813000e+03, 1.400000e+01, 0, 8, 184, 0, 1, 
27.699513, 28.671007, 0, 0, 0, 4, -3.5585, -3.056874, -3.618536, -3.550644, 0, 
21.230236, 19.445989, 22.82359, 23.729664, 21.199755, 21.169275, 27.671961, 
NULL, NULL, NULL, NULL, NULL, NULL);
EXECUTE PROCEDURE addQA_iracdp (391693085, NULL, NULL, 2, 2.525603e+00, 
3.991713e+00, 5.558868e-01, 6.852986e-01, 2.625224e+01, 3.421073e+01, 
4.222924e-01, 5.523789e-01, -5.196369e-01, -5.196369e-01, 6.990920e+02, 
6.990920e+02, 5.328003e-01, 5.710093e-01, NULL, NULL, NULL, NULL, NULL, NULL);
execute procedure setDceTimeParameters (147809560, 1037056251.190, "2012-11-10 23:04:30.869", 1.92, 2.00);

dbaccess   exit_value =   0    execution_time = 0.150s
******************************************************************
Finishing IRAC science pipeline processing
Could not copy cal/firstframe_corr.fits to /sbx20/S19.2.0/archive/proc/full/IRAC033400/bcd/4568/0046471424/2/0138/0000/17/01/1/cal/firstframe_corr.fits
Could not copy imask.fits to /sbx20/S19.2.0/archive/proc/full/IRAC033400/bcd/4568/0046471424/2/0138/0000/17/01/1/imask.fits
Could not copy muxbleedcorr.fits to /sbx20/S19.2.0/archive/proc/full/IRAC033400/bcd/4568/0046471424/2/0138/0000/17/01/1/muxbleedcorr.fits
Could not copy slremove.fits to /sbx20/S19.2.0/archive/proc/full/IRAC033400/bcd/4568/0046471424/2/0138/0000/17/01/1/slremove.fits
******************************************************************
PlScriptID 17 exiting Saturday, January  9, 2016  2:58:35 PM PST
Host: sopipe63
Local Processing Directory: /scr2/S19.2.0/IRAC033400/bcd/4568/0046471424/2/0138/0000/17/01/1
Sandbox Directory: /sbx20/S19.2.0/archive/proc/full/IRAC033400/bcd/4568/0046471424/2/0138/0000/17/01/1
Processing time: total 31.65 s (user 1.03, system 1.09, child user 18.32, child system 11.21)
Pipeline exit code: Normal exit (0)
******************************************************************
