 hdrupd8 vsn 1.6  A70821
******************************************************************
Executing IRAC science pipeline
******************************************************************
Pipeline executing sanity_datatype
sanity_datatype -i ../fos16.fits -t1 cdf/sanity_datatype1.tbl -t2 cdf/sanity_datatype2.tbl -o1 qa/sanity_datatype1.tbl -o2 qa/sanity_datatype2.tbl 
******************************************************************
Program Sanity_datatype is started .... Version 1.0, Sat Jan  9 14:56:39 2016
Input Image File = ../fos16.fits
Input Data Table 1 = cdf/sanity_datatype1.tbl
Input Data Table 2 = cdf/sanity_datatype2.tbl
Output Filename1 = qa/sanity_datatype1.tbl
Output Filename2 = qa/sanity_datatype2.tbl
Log File = stdout
I_Debug = 0
I_Verbose = 0
I_SuperVerbose = 0
Processing time: 0.070000 seconds
Program Sanity_datatype is done. Version 1.0, Sat Jan  9 14:56:39 2016


sanity_datatype   exit_value =   0    execution_time = 0.360s
******************************************************************
Pipeline executing qatool
qatool -i ../fos16.fits -n cdf/pn107.nl -nb QATOOLDCE -a /sos/sw/S19.2.0/STUDIO/downlink/include -o qa/DCE_qatool 
******************************************************************
qatool_parse_namelist: Information only: Namelist block-name = &QATOOLDCE
Program qatool, Version 6.0
Namelist File  = cdf/pn107.nl
Input File = ../fos16.fits
Output Data Filename Base = qa/DCE_qatool
Statistics Group = 0
Percent-Scaling Flag = 0
Calculation Type = 1
(set-up to do additional computations for four readout channels)
Number of Mean Absolute Deviations for Histogram Half-Width Coverage = 5
Number of Bins in Histograms = 41
Central fraction for trimmed average = 0.810000
Central fraction for trimmed std. dev. = 0.720000
Bad-pixel tolerance fraction = 0.340000
Statistics Box X position = 3
Statistics Box Y position = 4
Statistics Box X width = 27
Statistics Box Y height = 33
Input-Image Transpose Flag = 1
Unsigned Integer Flag = 0
Data-Plane Flag = 1
Number Edge Rows/Cols Skipped = 10
Keyword Prefix = dce
Ancillary Data-File Path = /sos/sw/S19.2.0/STUDIO/downlink/include
Verbose flag = 0
Super-verbose flag = 0
Debug flag = 0
Performed statistical and histogram calculations.
Program qatool: Status Message: 0x0000
Normal exit from Function 0x0000: LOG_WRITER
Processing time: 0.730000 seconds
Current date/time: Sat Jan  9 14:56:40 2016
Program qatool, version 6.0, terminated.

qatool   exit_value =   0    execution_time = 0.820s
******************************************************************
Pipeline executing sanity_check
sanity_check -i qa/DCE_qatool.tbl -o qa/sanity_check.tbl 
******************************************************************
Program Sanity_check is started .... Version 1.0, Sat Jan  9 14:56:44 2016

Input File = qa/DCE_qatool.tbl
Output = qa/sanity_check.tbl
Processing time: 0.020000 seconds
Current date/time: Sat Jan  9 14:56:44 2016
Program Sanity_check, version 1.0, terminated.

sanity_check   exit_value =   0    execution_time = 0.300s
******************************************************************
Pipeline executing abad_repair
abad_repair -i ../fos16.fits -o abad_repair.fits 
******************************************************************
Pipeline Module ABAD_REPAIR Version 1.2
Processing time Sat Jan  9 14:56:45 2016

ABAD_READ_DATA: A0752D00 = 0
status from read: 1
npixs = 65536
enter output with 0
files ../fos16.fits !abad_repair.fits 
open output [!abad_repair.fits]
comment [Sat Jan  9 14:56:45 2016]
Time = 0.060 seconds
exit code 0

abad_repair   exit_value =   0    execution_time = 0.100s
******************************************************************
Pipeline executing tranhead
tranhead -i abad_repair.fits -n cdf/pn107.nl -k /scr/S19.2.0/cdf/ctd/telemetry_dictionary.dat -a /sos/sw/S19.2.0/STUDIO/downlink/include -o tranhead.fits -t, cdf/Keyword_Include_List.dat 
******************************************************************

Program tranhead, Version 13.2
Namelist File  = cdf/pn107.nl
Input File = abad_repair.fits
Dictionary File = /scr/S19.2.0/cdf/ctd/telemetry_dictionary.dat
CTD Version String = 3.0.94S
Keyword-Include-List File = cdf/Keyword_Include_List.dat
Translated-Keyword File = tranhead.hdr
CSPICE leapseconds kernel = /scr/S19.2.0/cdf/spice/leapseconds.ker
CSPICE SCLK_SCET kernel = /scr/S19.2.0/cdf/spice/sclk_scet.ker
CSPICE Spitzer Ephemeris = /scr/S19.2.0/cdf/spice/sirtf.bsp
CSPICE Planets Ephemeris = /scr/S19.2.0/cdf/spice/de.bsp
Output File = tranhead.fits
Operation Type = 1
FITS-Header Comment Flag = 1
SCLK correction factor = 1.000380
Ignore Frames (1st) = -1
Ignore Frames (2nd and higher) = -1
Central fraction for trimmed average  = 0.900000
Central fraction for trimmed std. dev. = 0.900000
Gain = 3.710000
Gain_RdOutCh_1 = 3.710000
Gain_RdOutCh_2 = 3.710000
Gain_RdOutCh_3 = 3.710000
Gain_RdOutCh_4 = 3.710000
Ancillary Data-File Path = /sos/sw/S19.2.0/STUDIO/downlink/include
Verbose flag = 0
Super-verbose flag = 0
Debug flag = 0
Configured to perform forward FITS keyword translation.
tranhead Status Message: 0x0000
Normal exit from Function 0x0000: LOG_WRITER
A total of        0   NaN's were produced in the results.
Processing time: 0.340000 seconds
Current date/time: Sat Jan  9 14:56:46 2016
Program tranhead, version 13.2, terminated.

tranhead   exit_value =   0    execution_time = 0.490s
 hdrupd8 vsn 1.6  A70821


LabDark

chan, frametime, hdy, extrpt = 2, 2.00, F, 233
expid  adceid  repidx  =  122,  0,  0 

SkyDarkaor template time = 2
hdy  repidx =  F  0
expid  ext-repeat  =  122  233

******************************************************************
Pipeline executing caltrans
caltrans -n cdf/pn107.nl -m 2 -a 7 -b /scr6/S19.2.0/dlcaldata/irac -s tranhead.fits -o cal -u SUB -jk1 CHNLNUM -jv1 2 -ja1 N -ju1 0 -js1 flip -jk2 CHNLNUM;AFOWLNUM;AWAITPER;FRAMTIME;HDRMODE -jv2 2;8;184;2.00;F -ja2 N;N;N;N;S -ju2 0;0;0;0;0 -js2 sigma;cmask -jk3 CHNLNUM;AFOWLNUM;AWAITPER;FRAMTIME;HDRMODE -jv3 2;8;184;2.00;F -ja3 N;N;N;N;S -ju3 0;0;0;0;0 -js3 cmask -jk4 CHNLNUM -jv4 2 -ja4 N -ju4 0 -js4 cmask -jk5 CHNLNUM -jv5 2 -ja5 N -ju5 0 -js5 cmask -jk6 CHNLNUM -jv6 2 -ja6 N -ju6 0 -jk7 CHNLNUM;AFOWLNUM;AWAITPER -jv7 2;8;184 -ja7 N;N;N -ju7 0;0;0 -jk8 CHNLNUM;AFOWLNUM;AWAITPER -jv8 2;8;184 -ja8 N;N;N -ju8 0;0;0 -e CALTRANSsciSUB 
******************************************************************

Online Namelist file descriptor associated
Online namelist buffer loaded: length = 7422

Warning !:  Ancillary file #1  with full suffix filename  '/sos/archive/fallbacks/IRAC004600/SUB_2s_2sf8d1r1_ch2_v2.0.0_dark_sigma.fits'  NOT in archive/sandbox !!.
Proceed to the next suffix fileprocessing .....

Warning !:  Ancillary file #2  with full suffix filename  '/sos/archive/fallbacks/IRAC004600/SUB_2s_2sf8d1r1_ch2_v2.0.0_dark_cmask.fits'  NOT in archive/sandbox !!.
Proceed to the next suffix fileprocessing .....

Warning !:  Ancillary-suffix file #1: '/scr6/S19.2.0/dlcaldata/irac/fb1502_SUB_2s_2sf8d1r1_ch2_v2.0.0_dark_sigma.fits'  could NOT be identified on cache.
Processing continues ..... 


Warning !:  Ancillary-suffix file #2: '/scr6/S19.2.0/dlcaldata/irac/fb1502_SUB_2s_2sf8d1r1_ch2_v2.0.0_dark_cmask.fits'  could NOT be identified on cache.
Processing continues ..... 


Warning !:  Ancillary file #1  with full suffix filename  '/sos/archive/fallbacks/IRAC005300/lincal_b2_sa_011410_cmask.fits'  NOT in archive/sandbox !!.
Proceed to the next suffix fileprocessing .....

Warning !:  Ancillary-suffix file #1: '/scr6/S19.2.0/dlcaldata/irac/fb1579_lincal_b2_sa_011410_cmask.fits'  could NOT be identified on cache.
Processing continues ..... 

  Printing Log output to stdout...


Program CALTRANS, Version 4.0
Command-Line Namelist Filename  = cdf/pn107.nl
Command-Line Namelist Section = CALTRANSsciSUB
CalTrans Execution Mode  = 2
CalID = 7
Input Calibration Type list = pmask;labdark;skydark;lincal;sky_flat;fluxconv;muxbleed_lut;muxbleed_coeff
Input Calibration Rule list = 0;0;300;0;0;0;0;0
Input Generic Outfname list = pmask.fits;labdark.fits;skydark.fits;lincal.fits;skyflat.fits;fluxconv;muxbleed_lut;muxbleed_coeff
Science DCE Filename = tranhead.fits
CAL Destination Path = cal
Processing time: 0.480000 seconds
Current date/time: Sat Jan  9 14:57:00 2016
Program CALTRANS, version 4.0, terminated with status = 16

CalTrans exits with status = 16



caltrans   exit_value =  16    execution_time = 0.600s
******************************************************************
Pipeline executing insbposdom
insbposdom -i tranhead.fits -o insbposdom.fits 
******************************************************************
Pipeline Module INSBPOSDOM Version 1.1
Processing time Sat Jan  9 14:57:01 2016

Sat Jan  9 14:57:01 2016
Time = 0.030 seconds
exit code 0

insbposdom   exit_value =   0    execution_time = 0.070s
******************************************************************
Pipeline executing cvti2r4
cvti2r4 -i insbposdom.fits -a 0.5625 -b 0 -d cal/dmask_for_raw.fits -o cvti2r4.fits -m row 
******************************************************************
 SIRTF I*2-to-R*4 Data Cube Conversion program vsn 1.31 A61025
 Input file:  insbposdom.fits
 Using offset =    0.562500
 Using BLANK-fill value:   0
 Output file: cvti2r4.fits
 Missing-data pattern specified as rows

cvti2r4   exit_value =   0    execution_time = 0.340s
Image has barrel shift = 3
Computed truncation correction 0.5*(1-2^-ABARREL) = 0.5625
******************************************************************
Pipeline executing hdrupd8
hdrupd8 cvti2r4.fits -a cdf/hdrupd8_cubify.dat -d cdf/hdrupd8_planify.dat 
******************************************************************
 hdrupd8 vsn 1.6  A70821
 WARNING: keyword to be deleted not found: NAXIS3  

hdrupd8   exit_value =   0    execution_time = 0.490s
******************************************************************
Pipeline executing hdrupd8
hdrupd8 dmask.fits -a cdf/hdrupd8_cubify.dat -d cdf/hdrupd8_planify.dat 
******************************************************************
 hdrupd8 vsn 1.6  A70821
 WARNING: keyword to be deleted not found: NAXIS3  

hdrupd8   exit_value =   0    execution_time = 0.410s
******************************************************************
Pipeline executing iracwrapdet1
iracwrapdet1 -i cvti2r4.fits -n cdf/pn107.nl -p cal/pmask.fits -d dmask.fits -w wmask.fits -v 
******************************************************************
Pipeline Module IRACWRAPDET1 Version 1.4
Processing time Sat Jan  9 14:57:13 2016
iracwrapdet1_parse_args: Namelist File = 	cdf/pn107.nl
iracwrapdet1_parse_args: Pmask File = 	cal/pmask.fits
iracwrapdet1_parse_args: Dmask File = 	dmask.fits
iracwrapdet1_parse_args: Wmask File = 	wmask.fits
iracwrapdet1_parse_args: Input File = 	cvti2r4.fits
iracwrapdet1_parse_args: I_Verbose = 			1
chn 2 framtim 2.000000
iracwrapdet1_read_data: Data read from file:
cvti2r4.fits
iracwrapdet1_read_data: I_NX = 32
iracwrapdet1_read_data: I_NY = 32
iracwrapdet1_read_data: I_NZ = 64
iracwrapdet1_parse_namelist: Namelist File = 	cdf/pn107.nl
Coeff used: 55000.000000 55000.000000 55000.000000 55000.000000
iracwrapdet1_compute_results: Numerical Computations finished
Sat Jan  9 14:57:13 2016
iracwrapdet1_output: Results written to file(s).
Time = 0.030 seconds
iracwrapdet1_error_handler: Error Handler finished.
iracwrapdet1_exit: Memory Deallocated.
exit code 0

iracwrapdet1   exit_value =   0    execution_time = 0.070s
******************************************************************
Pipeline executing iracwrapdet2
iracwrapdet2 -i cvti2r4.fits -n cdf/pn107.nl -p cal/pmask.fits -d dmask.fits -w wmask.fits -a /sos/sw/S19.2.0/STUDIO/downlink/include 
******************************************************************

Program iracwrapdet2, Version 1.4
Namelist File  = cdf/pn107.nl
FITS Input Image = cvti2r4.fits
Pmask File = cal/pmask.fits
Dmask File = dmask.fits
Wmask File = mask.fits
M-Level       chan1     chan2     chan3     chan4
            55000.0   55000.0   55000.0   55000.0
Tolerance     chan1     chan2     chan3     chan4
             1200.0    1200.0    1200.0    1200.0
Pmask Maximum = 65535
Dmask Maximum = 65535
Ancillary Data-File Path = /sos/sw/S19.2.0/STUDIO/downlink/include
Verbose flag = 0
Super-verbose flag = 0
Debug flag = 0
iracwrapdet2 Status Message      0x0000
Normal exit from Function 0x0000: LOG_WRITER
Processing time: 0.110000 seconds
Current date/time: Sat Jan  9 14:57:13 2016
Program iracwrapdet2, version 1.4, terminated


iracwrapdet2   exit_value =   0    execution_time = 0.170s
******************************************************************
Pipeline executing iracwrapcorr
iracwrapcorr -i cvti2r4.fits -p cal/pmask.fits -d dmask.fits -w wmask.fits -o iracwrapcorr.fits 
******************************************************************
Pipeline Module IRACWRAPCORR Version 1.3
Processing time Sat Jan  9 14:57:14 2016
iracwrapcorr_parse_namelist: Information only: Namelist not specified.
Sat Jan  9 14:57:14 2016
Time = 0.030 seconds
exit code 0

iracwrapcorr   exit_value =   0    execution_time = 0.090s
******************************************************************
Pipeline executing iracnorm
iracnorm -i iracwrapcorr.fits -p cal/pmask.fits -d dmask.fits -o iracnorm.fits 
******************************************************************
Pipeline Module IRACWNORM Version 1.10
Processing time Sat Jan  9 14:57:14 2016

Sat Jan  9 14:57:14 2016
Time = 0.040 seconds
exit code 0

iracnorm   exit_value =   0    execution_time = 0.080s
******************************************************************
Pipeline executing iracebwc
iracebwc -i iracnorm.fits -n cdf/pn107.nl -p cal/pmask.fits -d dmask.fits -o iracebwc.fits 
******************************************************************
Pipeline Module IRACEBWC Version 1.2
Processing time Sat Jan  9 14:57:15 2016

Sat Jan  9 14:57:15 2016
Time = 0.040 seconds
exit code 0

iracebwc   exit_value =   0    execution_time = 0.090s
HDR mode   =  f
AOR Template Time     =  2
DCE Frame Time    =  2.00
EXTRpt     =  233
Frame NOBF =  0
From sub determine_delays:
   aottime = 2
   aordelay = 222.190359962807
   stellarmode = f
   expid=122
imdly = 1.34535993419647
frmdly = 1.34535993419647

Immed  Delay = 1.34535993419647
Frame  Delay = 1.34535993419647

 hdrupd8 vsn 1.6  A70821
 hdrupd8 vsn 1.6  A70821
 hdrupd8 vsn 1.6  A70821
 hdrupd8 vsn 1.6  A70821
 hdrupd8 vsn 1.6  A70821
 hdrupd8 vsn 1.6  A70821
 hdrupd8 vsn 1.6  A70821
******************************************************************
Pipeline executing darksubng
darksubng -i iracebwc.fits -a /sos/sw/S19.2.0/STUDIO/downlink/include -p cal/pmask.fits -d dmask.fits -o labdarksub.fits -cc cal/labdark.fits -v 
******************************************************************
/sos/sw/S19.2.0/STUDIO/downlink/bin/darksubng: namelist not given
/sos/sw/S19.2.0/STUDIO/downlink/bin/darksubng: input uncertainty image not given
/sos/sw/S19.2.0/STUDIO/downlink/bin/darksubng: output uncertainty image not given
/sos/sw/S19.2.0/STUDIO/downlink/bin/darksubng: WARNING no uncertainty calculations will be performed
/sos/sw/S19.2.0/STUDIO/downlink/bin/darksubng: Namelist               = []
/sos/sw/S19.2.0/STUDIO/downlink/bin/darksubng: Input image            = [iracebwc.fits]
/sos/sw/S19.2.0/STUDIO/downlink/bin/darksubng: Input uncertainty      = []
/sos/sw/S19.2.0/STUDIO/downlink/bin/darksubng: Output image           = [!labdarksub.fits]
/sos/sw/S19.2.0/STUDIO/downlink/bin/darksubng: Output uncertainty     = []
/sos/sw/S19.2.0/STUDIO/downlink/bin/darksubng: Dark                   = [cal/labdark.fits]
/sos/sw/S19.2.0/STUDIO/downlink/bin/darksubng: Pmask file             = [cal/pmask.fits]
/sos/sw/S19.2.0/STUDIO/downlink/bin/darksubng: Pmask fatality bitmask = [65536]
/sos/sw/S19.2.0/STUDIO/downlink/bin/darksubng: Dmask file             = [dmask.fits]
/sos/sw/S19.2.0/STUDIO/downlink/bin/darksubng: Dmask fatality bitmask = [65536]
/sos/sw/S19.2.0/STUDIO/downlink/bin/darksubng: Cmask file             = []
/sos/sw/S19.2.0/STUDIO/downlink/bin/darksubng: Cmask fatality bitmask = [65536]
/sos/sw/S19.2.0/STUDIO/downlink/bin/darksubng: Logfile                = []
/sos/sw/S19.2.0/STUDIO/downlink/bin/darksubng: Ancillary Path         = [/sos/sw/S19.2.0/STUDIO/downlink/include]
/sos/sw/S19.2.0/STUDIO/downlink/bin/darksubng: Uncertainty calculations will not be made
/sos/sw/S19.2.0/STUDIO/downlink/bin/darksubng: WARNING cal/labdark.fits has no BUNIT key
/sos/sw/S19.2.0/STUDIO/downlink/bin/darksubng: WARNING assuming cal/labdark.fits is in DN
/sos/sw/S19.2.0/STUDIO/downlink/bin/darksubng: WARNING cal/labdark.fits has no EXPTIME key
/sos/sw/S19.2.0/STUDIO/downlink/bin/darksubng: WARNING cal/labdark.fits has no GAIN keywords
/sos/sw/S19.2.0/STUDIO/downlink/bin/darksubng: compute - performing any unit conversions
/sos/sw/S19.2.0/STUDIO/downlink/bin/darksubng: compute - starting subtraction with masking 
/sos/sw/S19.2.0/STUDIO/downlink/bin/darksubng: Processing successful; Exiting

darksubng   exit_value =   0    execution_time = 0.150s
READ Noise !! =  9.4
******************************************************************
Pipeline executing snestimator
snestimator -i labdarksub.fits -n cdf/pn107.nl -a /sos/sw/S19.2.0/STUDIO/downlink/include -p cal/pmask.fits -d dmask.fits -on sig_snestimator.fits -g 3.71 -r 9.4 
******************************************************************
verbose 0

Program SNESTIMATOR, Version 1.5
Namelist File  = cdf/pn107.nl
Input FITS Image = labdarksub.fits
Noise Image = sig_snestimator.fits
Denominator type = IRAC_MODEL
Edge Pixels Excluded = 0
Gain Channel 1 = 3.710000 Channel 2 = 3.710000 Channel 3 = 3.710000 Channel 4 = 3.710000
Read Noise = 9.400000
Confusion Sigma = 0.000000
Ancillary Data-File Path = /sos/sw/S19.2.0/STUDIO/downlink/include
Verbose flag = 0
Super-verbose flag = 0
Debug flag = 0
snestimator Status Message      0x0000
Normal exit from Function 0x0000: LOG_WRITER
Processing time: 0.090000 seconds
Current date/time: Sat Jan  9 14:57:44 2016
Program SNESTIMATOR, version 1.5, terminated


snestimator   exit_value =   0    execution_time = 0.170s
******************************************************************
Pipeline executing darksubng
darksubng -i iracebwc.fits -iu sig_snestimator.fits -a /sos/sw/S19.2.0/STUDIO/downlink/include -p cal/pmask.fits -d dmask.fits -o labdarksub.fits -ou sig_labdarksub.fits -cc cal/labdark.fits -v 
******************************************************************
/sos/sw/S19.2.0/STUDIO/downlink/bin/darksubng: namelist not given
/sos/sw/S19.2.0/STUDIO/downlink/bin/darksubng: Namelist               = []
/sos/sw/S19.2.0/STUDIO/downlink/bin/darksubng: Input image            = [iracebwc.fits]
/sos/sw/S19.2.0/STUDIO/downlink/bin/darksubng: Input uncertainty      = [sig_snestimator.fits]
/sos/sw/S19.2.0/STUDIO/downlink/bin/darksubng: Output image           = [!labdarksub.fits]
/sos/sw/S19.2.0/STUDIO/downlink/bin/darksubng: Output uncertainty     = [!sig_labdarksub.fits]
/sos/sw/S19.2.0/STUDIO/downlink/bin/darksubng: Dark                   = [cal/labdark.fits]
/sos/sw/S19.2.0/STUDIO/downlink/bin/darksubng: Pmask file             = [cal/pmask.fits]
/sos/sw/S19.2.0/STUDIO/downlink/bin/darksubng: Pmask fatality bitmask = [65536]
/sos/sw/S19.2.0/STUDIO/downlink/bin/darksubng: Dmask file             = [dmask.fits]
/sos/sw/S19.2.0/STUDIO/downlink/bin/darksubng: Dmask fatality bitmask = [65536]
/sos/sw/S19.2.0/STUDIO/downlink/bin/darksubng: Cmask file             = []
/sos/sw/S19.2.0/STUDIO/downlink/bin/darksubng: Cmask fatality bitmask = [65536]
/sos/sw/S19.2.0/STUDIO/downlink/bin/darksubng: Logfile                = []
/sos/sw/S19.2.0/STUDIO/downlink/bin/darksubng: Ancillary Path         = [/sos/sw/S19.2.0/STUDIO/downlink/include]
/sos/sw/S19.2.0/STUDIO/downlink/bin/darksubng: Uncertainty calculations will be made
/sos/sw/S19.2.0/STUDIO/downlink/bin/darksubng: WARNING cal/labdark.fits has no BUNIT key
/sos/sw/S19.2.0/STUDIO/downlink/bin/darksubng: WARNING assuming cal/labdark.fits is in DN
/sos/sw/S19.2.0/STUDIO/downlink/bin/darksubng: WARNING cal/labdark.fits has no EXPTIME key
/sos/sw/S19.2.0/STUDIO/downlink/bin/darksubng: WARNING cal/labdark.fits has no GAIN keywords
/sos/sw/S19.2.0/STUDIO/downlink/bin/darksubng: compute - performing any unit conversions
/sos/sw/S19.2.0/STUDIO/downlink/bin/darksubng: compute - starting subtraction with masking 
/sos/sw/S19.2.0/STUDIO/downlink/bin/darksubng: Processing successful; Exiting

darksubng   exit_value =   0    execution_time = 0.220s
******************************************************************
Pipeline executing fowlinearize
fowlinearize -i1 labdarksub.fits -i3 sig_labdarksub.fits -n cdf/pn107.nl -a /sos/sw/S19.2.0/STUDIO/downlink/include -ip cal/pmask.fits -i2 cal/lincal.fits -id dmask.fits -o1 fowlinearize.fits -o2 sig_fowlinearize.fits -c 10 
******************************************************************

Program FOWLINEARIZE, Version 4.9
Namelist File  = cdf/pn107.nl
Input File 1 = labdarksub.fits
Input File 2 = cal/lincal.fits
Input File 3 = sig_labdarksub.fits
Model_Flag(1=quad. 2=cubic) = 1
Clock_Readout(10=sub-array, 200=full-array) = 10.000000
Input PMask Image = cal/pmask.fits
Unusable PMask Bits = 16384
Input DMask Image = dmask.fits
Unusable DMask Bits = 8192
Not-linearized DMask Bit = 4096
Not-linearized DMask Bit due to lincal-model saturation = 8192
Output File 1 = fowlinearize.fits
Output File 2 = sig_fowlinearize.fits
Ancillary Data-File Path = /sos/sw/S19.2.0/STUDIO/downlink/include
Verbose flag = 0
Super-verbose flag = 0
Debug flag = 0
Performed linearity correction.
Program fowlinearize: Status Message: 0x0000
Normal exit from Function 0x0000: LOG_WRITER
Processing time: 0.300000 seconds
Current date/time: Sat Jan  9 14:57:46 2016
Program FOWLINEARIZE, version 4.9, terminated.

fowlinearize   exit_value =   0    execution_time = 0.410s
Read Noise =  9.4
 hdrupd8 vsn 1.6  A70821
******************************************************************
Pipeline executing bgmodel
bgmodel -i fowlinearize.fits -n cdf/pn107.nl -h 
******************************************************************

Online Namelist file descriptor associated
Online namelist buffer loaded: length = 7422
bgmodel_log_writer: Printing Log output to stdout
bgmodel  Version 1.0
Namelist File  = cdf/pn107.nl
Input Image = fowlinearize.fits
Ephemeris = /scr6/S19.2.0/cdf/spice/sirtf.bsp
LeapSec Kernel = /scr6/S19.2.0/cdf/spice/leapseconds.ker
SPK Kernel = /scr6/S19.2.0/cdf/spice/de.bsp

bgmodel  Status Message      0x0000: No error.
Time = 0.070 seconds

Background exits with status = 0


bgmodel   exit_value =   0    execution_time = 0.110s
******************************************************************
Pipeline executing hdrupd8
hdrupd8 fowlinearize.fits -a addkeys.dat 
******************************************************************
 hdrupd8 vsn 1.6  A70821

hdrupd8   exit_value =   0    execution_time = 0.390s
SkyDk Med DN      = 16.56367 
Exposure time     = 1.92
SkyDk Med DN rate = 8.62691145833333
Flux Conv         = 0.1447 
SkyDk Med Flux    = 1.24831408802083
Image File = fowlinearize.fits 

 hdrupd8 vsn 1.6  A70821
 hdrupd8 vsn 1.6  A70821
 hdrupd8 vsn 1.6  A70821
 hdrupd8 vsn 1.6  A70821
 hdrupd8 vsn 1.6  A70821
******************************************************************
Pipeline executing darksubng
darksubng -i fowlinearize.fits -iu sig_fowlinearize.fits -a /sos/sw/S19.2.0/STUDIO/downlink/include -p cal/pmask.fits -d dmask.fits -o skydarksub.fits -ou sig_skydarksub.fits -cc cal/skydark.fits -v -c cal/skydark_cmask.fits 
******************************************************************
/sos/sw/S19.2.0/STUDIO/downlink/bin/darksubng: namelist not given
/sos/sw/S19.2.0/STUDIO/downlink/bin/darksubng: Namelist               = []
/sos/sw/S19.2.0/STUDIO/downlink/bin/darksubng: Input image            = [fowlinearize.fits]
/sos/sw/S19.2.0/STUDIO/downlink/bin/darksubng: Input uncertainty      = [sig_fowlinearize.fits]
/sos/sw/S19.2.0/STUDIO/downlink/bin/darksubng: Output image           = [!skydarksub.fits]
/sos/sw/S19.2.0/STUDIO/downlink/bin/darksubng: Output uncertainty     = [!sig_skydarksub.fits]
/sos/sw/S19.2.0/STUDIO/downlink/bin/darksubng: Dark                   = [cal/skydark.fits]
/sos/sw/S19.2.0/STUDIO/downlink/bin/darksubng: Pmask file             = [cal/pmask.fits]
/sos/sw/S19.2.0/STUDIO/downlink/bin/darksubng: Pmask fatality bitmask = [65536]
/sos/sw/S19.2.0/STUDIO/downlink/bin/darksubng: Dmask file             = [dmask.fits]
/sos/sw/S19.2.0/STUDIO/downlink/bin/darksubng: Dmask fatality bitmask = [65536]
/sos/sw/S19.2.0/STUDIO/downlink/bin/darksubng: Cmask file             = [cal/skydark_cmask.fits]
/sos/sw/S19.2.0/STUDIO/downlink/bin/darksubng: Cmask fatality bitmask = [65536]
/sos/sw/S19.2.0/STUDIO/downlink/bin/darksubng: Logfile                = []
/sos/sw/S19.2.0/STUDIO/downlink/bin/darksubng: Ancillary Path         = [/sos/sw/S19.2.0/STUDIO/downlink/include]
/sos/sw/S19.2.0/STUDIO/downlink/bin/darksubng: Uncertainty calculations will be made
/sos/sw/S19.2.0/STUDIO/downlink/bin/darksubng: compute - performing any unit conversions
/sos/sw/S19.2.0/STUDIO/downlink/bin/darksubng: compute - starting subtraction with masking 
/sos/sw/S19.2.0/STUDIO/downlink/bin/darksubng: Processing successful; Exiting

darksubng   exit_value =   0    execution_time = 0.220s
******************************************************************
Pipeline executing darkdrift
darkdrift -i skydarksub.fits -iu sig_skydarksub.fits -n cdf/pn107.nl -a /sos/sw/S19.2.0/STUDIO/downlink/include -o1 darkdrift.fits -o2 darkdriftcorr.fits -o3 darkdrift.tbl -ou sig_darkdrift.fits 
******************************************************************
Program darkdrift, Version 4.1
Namelist File  = cdf/pn107.nl
Input Image = skydarksub.fits
Input Uncertainty Image = sig_skydarksub.fits
Output Image 1 (corrected image) = darkdrift.fits
Output Image 2 (corrections) = darkdriftcorr.fits
Output Image 3 (uncertainties) = sig_darkdrift.fits
Output File 3 = darkdrift.tbl
Central fraction for trimmed average  = 0.900000
Central fraction for trimmed std. dev. = 0.900000
Time_Input = 0.250000
Time_Before = 0.000000
Time_After = 1.000000
Temp_Input = 270.000000
Temp_Before = 280.000000
Temp_After = 260.000000
Calculation Type = 1
Input-Image Transpose Flag = 1
Multiplicative-Correction Flag (Additive if zero) = 0
Readout Channel to exclude (none if zero) = 0
Data-Plane Flag = 1
Ancillary Data-File Path = /sos/sw/S19.2.0/STUDIO/downlink/include
Verbose flag = 0
Super-verbose flag = 0
Debug flag = 0
Dark-current offsets estimated from input image.

Detailed darkdrift calculational results:
...for data plane = 1
Darkdrift correction for readout-channel 1 = -0.262135
Darkdrift correction for readout-channel 2 = -0.208218
Darkdrift correction for readout-channel 3 = 0.148179
Darkdrift correction for readout-channel 4 = 0.322174
Darkdrift uncertainty for readout-channel 1 = 0.338268
Darkdrift uncertainty for readout-channel 2 = 0.300041
Darkdrift uncertainty for readout-channel 3 = 0.301428
Darkdrift uncertainty for readout-channel 4 = 0.338330
Trimmed average of values in readout-channel 1 = 7.369284
Trimmed average of values in readout-channel 2 = 7.423201
Trimmed average of values in readout-channel 3 = 7.779599
Trimmed average of values in readout-channel 4 = 7.953594
Darkdrift background term = 7.631419
...for data plane = 2
Darkdrift correction for readout-channel 1 = 0.305014
Darkdrift correction for readout-channel 2 = -0.544830
Darkdrift correction for readout-channel 3 = 0.291281
Darkdrift correction for readout-channel 4 = -0.051465
Darkdrift uncertainty for readout-channel 1 = 0.304246
Darkdrift uncertainty for readout-channel 2 = 0.301081
Darkdrift uncertainty for readout-channel 3 = 0.302824
Darkdrift uncertainty for readout-channel 4 = 0.303059
Trimmed average of values in readout-channel 1 = 5.841773
Trimmed average of values in readout-channel 2 = 4.991929
Trimmed average of values in readout-channel 3 = 5.828040
Trimmed average of values in readout-channel 4 = 5.485294
Darkdrift background term = 5.536759
...for data plane = 3
Darkdrift correction for readout-channel 1 = -0.307825
Darkdrift correction for readout-channel 2 = -0.586834
Darkdrift correction for readout-channel 3 = 0.449884
Darkdrift correction for readout-channel 4 = 0.444775
Darkdrift uncertainty for readout-channel 1 = 0.265754
Darkdrift uncertainty for readout-channel 2 = 0.304359
Darkdrift uncertainty for readout-channel 3 = 0.302981
Darkdrift uncertainty for readout-channel 4 = 0.303230
Trimmed average of values in readout-channel 1 = 4.778166
Trimmed average of values in readout-channel 2 = 4.499157
Trimmed average of values in readout-channel 3 = 5.535874
Trimmed average of values in readout-channel 4 = 5.530766
Darkdrift background term = 5.085991
...for data plane = 4
Darkdrift correction for readout-channel 1 = -0.313793
Darkdrift correction for readout-channel 2 = 0.007249
Darkdrift correction for readout-channel 3 = -0.231059
Darkdrift correction for readout-channel 4 = 0.537603
Darkdrift uncertainty for readout-channel 1 = 0.303755
Darkdrift uncertainty for readout-channel 2 = 0.302155
Darkdrift uncertainty for readout-channel 3 = 0.302979
Darkdrift uncertainty for readout-channel 4 = 0.303318
Trimmed average of values in readout-channel 1 = 4.381157
Trimmed average of values in readout-channel 2 = 4.702199
Trimmed average of values in readout-channel 3 = 4.463891
Trimmed average of values in readout-channel 4 = 5.232553
Darkdrift background term = 4.694950
...for data plane = 5
Darkdrift correction for readout-channel 1 = 0.038044
Darkdrift correction for readout-channel 2 = -0.120630
Darkdrift correction for readout-channel 3 = 0.229153
Darkdrift correction for readout-channel 4 = -0.146567
Darkdrift uncertainty for readout-channel 1 = 0.302973
Darkdrift uncertainty for readout-channel 2 = 0.303529
Darkdrift uncertainty for readout-channel 3 = 0.302572
Darkdrift uncertainty for readout-channel 4 = 0.303302
Trimmed average of values in readout-channel 1 = 5.105779
Trimmed average of values in readout-channel 2 = 4.947106
Trimmed average of values in readout-channel 3 = 5.296888
Trimmed average of values in readout-channel 4 = 4.921169
Darkdrift background term = 5.067736
...for data plane = 6
Darkdrift correction for readout-channel 1 = -0.232057
Darkdrift correction for readout-channel 2 = 0.213538
Darkdrift correction for readout-channel 3 = -0.204714
Darkdrift correction for readout-channel 4 = 0.223233
Darkdrift uncertainty for readout-channel 1 = 0.377915
Darkdrift uncertainty for readout-channel 2 = 0.303518
Darkdrift uncertainty for readout-channel 3 = 0.302879
Darkdrift uncertainty for readout-channel 4 = 0.302972
Trimmed average of values in readout-channel 1 = 5.278328
Trimmed average of values in readout-channel 2 = 5.723923
Trimmed average of values in readout-channel 3 = 5.305671
Trimmed average of values in readout-channel 4 = 5.733618
Darkdrift background term = 5.510385
...for data plane = 7
Darkdrift correction for readout-channel 1 = 0.429024
Darkdrift correction for readout-channel 2 = -0.324127
Darkdrift correction for readout-channel 3 = -0.313513
Darkdrift correction for readout-channel 4 = 0.208615
Darkdrift uncertainty for readout-channel 1 = 0.303110
Darkdrift uncertainty for readout-channel 2 = 0.302984
Darkdrift uncertainty for readout-channel 3 = 0.303138
Darkdrift uncertainty for readout-channel 4 = 0.302980
Trimmed average of values in readout-channel 1 = 6.040847
Trimmed average of values in readout-channel 2 = 5.287696
Trimmed average of values in readout-channel 3 = 5.298310
Trimmed average of values in readout-channel 4 = 5.820438
Darkdrift background term = 5.611823
...for data plane = 8
Darkdrift correction for readout-channel 1 = 0.015887
Darkdrift correction for readout-channel 2 = -0.473896
Darkdrift correction for readout-channel 3 = 0.119921
Darkdrift correction for readout-channel 4 = 0.338087
Darkdrift uncertainty for readout-channel 1 = 0.302851
Darkdrift uncertainty for readout-channel 2 = 0.304351
Darkdrift uncertainty for readout-channel 3 = 0.303053
Darkdrift uncertainty for readout-channel 4 = 0.302974
Trimmed average of values in readout-channel 1 = 6.217523
Trimmed average of values in readout-channel 2 = 5.727740
Trimmed average of values in readout-channel 3 = 6.321557
Trimmed average of values in readout-channel 4 = 6.539723
Darkdrift background term = 6.201636
...for data plane = 9
Darkdrift correction for readout-channel 1 = -0.076278
Darkdrift correction for readout-channel 2 = -0.118616
Darkdrift correction for readout-channel 3 = -0.085769
Darkdrift correction for readout-channel 4 = 0.280663
Darkdrift uncertainty for readout-channel 1 = 0.303615
Darkdrift uncertainty for readout-channel 2 = 0.302978
Darkdrift uncertainty for readout-channel 3 = 0.302580
Darkdrift uncertainty for readout-channel 4 = 0.303074
Trimmed average of values in readout-channel 1 = 5.920637
Trimmed average of values in readout-channel 2 = 5.878299
Trimmed average of values in readout-channel 3 = 5.911147
Trimmed average of values in readout-channel 4 = 6.277579
Darkdrift background term = 5.996915
...for data plane = 10
Darkdrift correction for readout-channel 1 = -0.252312
Darkdrift correction for readout-channel 2 = 0.037981
Darkdrift correction for readout-channel 3 = -0.092717
Darkdrift correction for readout-channel 4 = 0.307047
Darkdrift uncertainty for readout-channel 1 = 0.303385
Darkdrift uncertainty for readout-channel 2 = 0.301856
Darkdrift uncertainty for readout-channel 3 = 0.302977
Darkdrift uncertainty for readout-channel 4 = 0.303223
Trimmed average of values in readout-channel 1 = 5.527796
Trimmed average of values in readout-channel 2 = 5.818089
Trimmed average of values in readout-channel 3 = 5.687390
Trimmed average of values in readout-channel 4 = 6.087155
Darkdrift background term = 5.780107
...for data plane = 11
Darkdrift correction for readout-channel 1 = 0.165574
Darkdrift correction for readout-channel 2 = -0.431504
Darkdrift correction for readout-channel 3 = 0.063606
Darkdrift correction for readout-channel 4 = 0.202324
Darkdrift uncertainty for readout-channel 1 = 0.302975
Darkdrift uncertainty for readout-channel 2 = 0.303272
Darkdrift uncertainty for readout-channel 3 = 0.303134
Darkdrift uncertainty for readout-channel 4 = 0.302955
Trimmed average of values in readout-channel 1 = 6.025608
Trimmed average of values in readout-channel 2 = 5.428530
Trimmed average of values in readout-channel 3 = 5.923641
Trimmed average of values in readout-channel 4 = 6.062359
Darkdrift background term = 5.860035
...for data plane = 12
Darkdrift correction for readout-channel 1 = -0.021077
Darkdrift correction for readout-channel 2 = -0.079782
Darkdrift correction for readout-channel 3 = -0.008589
Darkdrift correction for readout-channel 4 = 0.109448
Darkdrift uncertainty for readout-channel 1 = 0.302986
Darkdrift uncertainty for readout-channel 2 = 0.302698
Darkdrift uncertainty for readout-channel 3 = 0.227725
Darkdrift uncertainty for readout-channel 4 = 0.302975
Trimmed average of values in readout-channel 1 = 5.585869
Trimmed average of values in readout-channel 2 = 5.527164
Trimmed average of values in readout-channel 3 = 5.598357
Trimmed average of values in readout-channel 4 = 5.716394
Darkdrift background term = 5.606946
...for data plane = 13
Darkdrift correction for readout-channel 1 = -0.449431
Darkdrift correction for readout-channel 2 = -0.140792
Darkdrift correction for readout-channel 3 = -0.034989
Darkdrift correction for readout-channel 4 = 0.625212
Darkdrift uncertainty for readout-channel 1 = 0.302847
Darkdrift uncertainty for readout-channel 2 = 0.302976
Darkdrift uncertainty for readout-channel 3 = 0.302492
Darkdrift uncertainty for readout-channel 4 = 0.227651
Trimmed average of values in readout-channel 1 = 5.246086
Trimmed average of values in readout-channel 2 = 5.554725
Trimmed average of values in readout-channel 3 = 5.660528
Trimmed average of values in readout-channel 4 = 6.320729
Darkdrift background term = 5.695517
...for data plane = 14
Darkdrift correction for readout-channel 1 = 0.496029
Darkdrift correction for readout-channel 2 = -0.447211
Darkdrift correction for readout-channel 3 = -0.463829
Darkdrift correction for readout-channel 4 = 0.415010
Darkdrift uncertainty for readout-channel 1 = 0.303387
Darkdrift uncertainty for readout-channel 2 = 0.303101
Darkdrift uncertainty for readout-channel 3 = 0.303052
Darkdrift uncertainty for readout-channel 4 = 0.302977
Trimmed average of values in readout-channel 1 = 6.095702
Trimmed average of values in readout-channel 2 = 5.152461
Trimmed average of values in readout-channel 3 = 5.135844
Trimmed average of values in readout-channel 4 = 6.014682
Darkdrift background term = 5.599672
...for data plane = 15
Darkdrift correction for readout-channel 1 = -0.499102
Darkdrift correction for readout-channel 2 = 0.022143
Darkdrift correction for readout-channel 3 = 0.450177
Darkdrift correction for readout-channel 4 = 0.026782
Darkdrift uncertainty for readout-channel 1 = 0.229552
Darkdrift uncertainty for readout-channel 2 = 0.303255
Darkdrift uncertainty for readout-channel 3 = 0.377751
Darkdrift uncertainty for readout-channel 4 = 0.303080
Trimmed average of values in readout-channel 1 = 5.519298
Trimmed average of values in readout-channel 2 = 6.040543
Trimmed average of values in readout-channel 3 = 6.468577
Trimmed average of values in readout-channel 4 = 6.045182
Darkdrift background term = 6.018400
...for data plane = 16
Darkdrift correction for readout-channel 1 = -0.146805
Darkdrift correction for readout-channel 2 = 0.012463
Darkdrift correction for readout-channel 3 = -0.181775
Darkdrift correction for readout-channel 4 = 0.316118
Darkdrift uncertainty for readout-channel 1 = 0.303355
Darkdrift uncertainty for readout-channel 2 = 0.301877
Darkdrift uncertainty for readout-channel 3 = 0.302984
Darkdrift uncertainty for readout-channel 4 = 0.303679
Trimmed average of values in readout-channel 1 = 5.849280
Trimmed average of values in readout-channel 2 = 6.008549
Trimmed average of values in readout-channel 3 = 5.814310
Trimmed average of values in readout-channel 4 = 6.312203
Darkdrift background term = 5.996086
...for data plane = 17
Darkdrift correction for readout-channel 1 = -0.109059
Darkdrift correction for readout-channel 2 = -0.133396
Darkdrift correction for readout-channel 3 = 0.027490
Darkdrift correction for readout-channel 4 = 0.214965
Darkdrift uncertainty for readout-channel 1 = 0.303491
Darkdrift uncertainty for readout-channel 2 = 0.301866
Darkdrift uncertainty for readout-channel 3 = 0.303070
Darkdrift uncertainty for readout-channel 4 = 0.303242
Trimmed average of values in readout-channel 1 = 5.853931
Trimmed average of values in readout-channel 2 = 5.829594
Trimmed average of values in readout-channel 3 = 5.990480
Trimmed average of values in readout-channel 4 = 6.177955
Darkdrift background term = 5.962990
...for data plane = 18
Darkdrift correction for readout-channel 1 = 0.487291
Darkdrift correction for readout-channel 2 = -0.152878
Darkdrift correction for readout-channel 3 = -0.201027
Darkdrift correction for readout-channel 4 = -0.133387
Darkdrift uncertainty for readout-channel 1 = 0.339150
Darkdrift uncertainty for readout-channel 2 = 0.303255
Darkdrift uncertainty for readout-channel 3 = 0.303008
Darkdrift uncertainty for readout-channel 4 = 0.302895
Trimmed average of values in readout-channel 1 = 6.598953
Trimmed average of values in readout-channel 2 = 5.958784
Trimmed average of values in readout-channel 3 = 5.910636
Trimmed average of values in readout-channel 4 = 5.978276
Darkdrift background term = 6.111662
...for data plane = 19
Darkdrift correction for readout-channel 1 = -0.454914
Darkdrift correction for readout-channel 2 = 0.206054
Darkdrift correction for readout-channel 3 = 0.034091
Darkdrift correction for readout-channel 4 = 0.214769
Darkdrift uncertainty for readout-channel 1 = 0.376251
Darkdrift uncertainty for readout-channel 2 = 0.302984
Darkdrift uncertainty for readout-channel 3 = 0.303286
Darkdrift uncertainty for readout-channel 4 = 0.303048
Trimmed average of values in readout-channel 1 = 5.272123
Trimmed average of values in readout-channel 2 = 5.933090
Trimmed average of values in readout-channel 3 = 5.761127
Trimmed average of values in readout-channel 4 = 5.941805
Darkdrift background term = 5.727036
...for data plane = 20
Darkdrift correction for readout-channel 1 = 0.146468
Darkdrift correction for readout-channel 2 = -0.449797
Darkdrift correction for readout-channel 3 = -0.001467
Darkdrift correction for readout-channel 4 = 0.304796
Darkdrift uncertainty for readout-channel 1 = 0.303096
Darkdrift uncertainty for readout-channel 2 = 0.299109
Darkdrift uncertainty for readout-channel 3 = 0.302989
Darkdrift uncertainty for readout-channel 4 = 0.378469
Trimmed average of values in readout-channel 1 = 6.116444
Trimmed average of values in readout-channel 2 = 5.520179
Trimmed average of values in readout-channel 3 = 5.968509
Trimmed average of values in readout-channel 4 = 6.274772
Darkdrift background term = 5.969976
...for data plane = 21
Darkdrift correction for readout-channel 1 = 0.283247
Darkdrift correction for readout-channel 2 = -0.086833
Darkdrift correction for readout-channel 3 = 0.025082
Darkdrift correction for readout-channel 4 = -0.221496
Darkdrift uncertainty for readout-channel 1 = 0.303106
Darkdrift uncertainty for readout-channel 2 = 0.302417
Darkdrift uncertainty for readout-channel 3 = 0.303448
Darkdrift uncertainty for readout-channel 4 = 0.302977
Trimmed average of values in readout-channel 1 = 6.010373
Trimmed average of values in readout-channel 2 = 5.640293
Trimmed average of values in readout-channel 3 = 5.752207
Trimmed average of values in readout-channel 4 = 5.505629
Darkdrift background term = 5.727126
...for data plane = 22
Darkdrift correction for readout-channel 1 = -0.111419
Darkdrift correction for readout-channel 2 = 0.050334
Darkdrift correction for readout-channel 3 = -0.313692
Darkdrift correction for readout-channel 4 = 0.374778
Darkdrift uncertainty for readout-channel 1 = 0.303106
Darkdrift uncertainty for readout-channel 2 = 0.302984
Darkdrift uncertainty for readout-channel 3 = 0.302982
Darkdrift uncertainty for readout-channel 4 = 0.302968
Trimmed average of values in readout-channel 1 = 5.462861
Trimmed average of values in readout-channel 2 = 5.624614
Trimmed average of values in readout-channel 3 = 5.260588
Trimmed average of values in readout-channel 4 = 5.949058
Darkdrift background term = 5.574280
...for data plane = 23
Darkdrift correction for readout-channel 1 = -0.050186
Darkdrift correction for readout-channel 2 = -0.578658
Darkdrift correction for readout-channel 3 = 0.270276
Darkdrift correction for readout-channel 4 = 0.358568
Darkdrift uncertainty for readout-channel 1 = 0.351768
Darkdrift uncertainty for readout-channel 2 = 0.260470
Darkdrift uncertainty for readout-channel 3 = 0.302961
Darkdrift uncertainty for readout-channel 4 = 0.303148
Trimmed average of values in readout-channel 1 = 6.168055
Trimmed average of values in readout-channel 2 = 5.639584
Trimmed average of values in readout-channel 3 = 6.488518
Trimmed average of values in readout-channel 4 = 6.576810
Darkdrift background term = 6.218242
...for data plane = 24
Darkdrift correction for readout-channel 1 = -0.362836
Darkdrift correction for readout-channel 2 = 0.247837
Darkdrift correction for readout-channel 3 = -0.122796
Darkdrift correction for readout-channel 4 = 0.237795
Darkdrift uncertainty for readout-channel 1 = 0.303755
Darkdrift uncertainty for readout-channel 2 = 0.302974
Darkdrift uncertainty for readout-channel 3 = 0.266350
Darkdrift uncertainty for readout-channel 4 = 0.303479
Trimmed average of values in readout-channel 1 = 5.748405
Trimmed average of values in readout-channel 2 = 6.359078
Trimmed average of values in readout-channel 3 = 5.988445
Trimmed average of values in readout-channel 4 = 6.349035
Darkdrift background term = 6.111241
...for data plane = 25
Darkdrift correction for readout-channel 1 = 0.395564
Darkdrift correction for readout-channel 2 = -0.226346
Darkdrift correction for readout-channel 3 = -0.069168
Darkdrift correction for readout-channel 4 = -0.100050
Darkdrift uncertainty for readout-channel 1 = 0.304731
Darkdrift uncertainty for readout-channel 2 = 0.304091
Darkdrift uncertainty for readout-channel 3 = 0.303132
Darkdrift uncertainty for readout-channel 4 = 0.303063
Trimmed average of values in readout-channel 1 = 6.614162
Trimmed average of values in readout-channel 2 = 5.992252
Trimmed average of values in readout-channel 3 = 6.149430
Trimmed average of values in readout-channel 4 = 6.118548
Darkdrift background term = 6.218598
...for data plane = 26
Darkdrift correction for readout-channel 1 = -0.222661
Darkdrift correction for readout-channel 2 = -0.237298
Darkdrift correction for readout-channel 3 = 0.115465
Darkdrift correction for readout-channel 4 = 0.344494
Darkdrift uncertainty for readout-channel 1 = 0.303363
Darkdrift uncertainty for readout-channel 2 = 0.303803
Darkdrift uncertainty for readout-channel 3 = 0.303054
Darkdrift uncertainty for readout-channel 4 = 0.302886
Trimmed average of values in readout-channel 1 = 5.319884
Trimmed average of values in readout-channel 2 = 5.305247
Trimmed average of values in readout-channel 3 = 5.658010
Trimmed average of values in readout-channel 4 = 5.887039
Darkdrift background term = 5.542545
...for data plane = 27
Darkdrift correction for readout-channel 1 = -0.207333
Darkdrift correction for readout-channel 2 = -0.052144
Darkdrift correction for readout-channel 3 = 0.467873
Darkdrift correction for readout-channel 4 = -0.208396
Darkdrift uncertainty for readout-channel 1 = 0.302975
Darkdrift uncertainty for readout-channel 2 = 0.303262
Darkdrift uncertainty for readout-channel 3 = 0.302979
Darkdrift uncertainty for readout-channel 4 = 0.302990
Trimmed average of values in readout-channel 1 = 5.708728
Trimmed average of values in readout-channel 2 = 5.863916
Trimmed average of values in readout-channel 3 = 6.383933
Trimmed average of values in readout-channel 4 = 5.707665
Darkdrift background term = 5.916061
...for data plane = 28
Darkdrift correction for readout-channel 1 = 0.021750
Darkdrift correction for readout-channel 2 = 0.114318
Darkdrift correction for readout-channel 3 = -0.398776
Darkdrift correction for readout-channel 4 = 0.262708
Darkdrift uncertainty for readout-channel 1 = 0.303873
Darkdrift uncertainty for readout-channel 2 = 0.304669
Darkdrift uncertainty for readout-channel 3 = 0.302970
Darkdrift uncertainty for readout-channel 4 = 0.303663
Trimmed average of values in readout-channel 1 = 5.681349
Trimmed average of values in readout-channel 2 = 5.773917
Trimmed average of values in readout-channel 3 = 5.260822
Trimmed average of values in readout-channel 4 = 5.922306
Darkdrift background term = 5.659598
...for data plane = 29
Darkdrift correction for readout-channel 1 = 0.282649
Darkdrift correction for readout-channel 2 = -0.315337
Darkdrift correction for readout-channel 3 = 0.010353
Darkdrift correction for readout-channel 4 = 0.022335
Darkdrift uncertainty for readout-channel 1 = 0.303108
Darkdrift uncertainty for readout-channel 2 = 0.302975
Darkdrift uncertainty for readout-channel 3 = 0.303134
Darkdrift uncertainty for readout-channel 4 = 0.302999
Trimmed average of values in readout-channel 1 = 5.736383
Trimmed average of values in readout-channel 2 = 5.138397
Trimmed average of values in readout-channel 3 = 5.464087
Trimmed average of values in readout-channel 4 = 5.476069
Darkdrift background term = 5.453734
...for data plane = 30
Darkdrift correction for readout-channel 1 = -0.101893
Darkdrift correction for readout-channel 2 = -0.246591
Darkdrift correction for readout-channel 3 = -0.068409
Darkdrift correction for readout-channel 4 = 0.416893
Darkdrift uncertainty for readout-channel 1 = 0.302328
Darkdrift uncertainty for readout-channel 2 = 0.303253
Darkdrift uncertainty for readout-channel 3 = 0.302957
Darkdrift uncertainty for readout-channel 4 = 0.303071
Trimmed average of values in readout-channel 1 = 5.801167
Trimmed average of values in readout-channel 2 = 5.656468
Trimmed average of values in readout-channel 3 = 5.834651
Trimmed average of values in readout-channel 4 = 6.319953
Darkdrift background term = 5.903060
...for data plane = 31
Darkdrift correction for readout-channel 1 = 0.432718
Darkdrift correction for readout-channel 2 = -0.280276
Darkdrift correction for readout-channel 3 = -0.047416
Darkdrift correction for readout-channel 4 = -0.105025
Darkdrift uncertainty for readout-channel 1 = 0.303109
Darkdrift uncertainty for readout-channel 2 = 0.302966
Darkdrift uncertainty for readout-channel 3 = 0.303639
Darkdrift uncertainty for readout-channel 4 = 0.302973
Trimmed average of values in readout-channel 1 = 6.275596
Trimmed average of values in readout-channel 2 = 5.562601
Trimmed average of values in readout-channel 3 = 5.795462
Trimmed average of values in readout-channel 4 = 5.737852
Darkdrift background term = 5.842878
...for data plane = 32
Darkdrift correction for readout-channel 1 = -0.267133
Darkdrift correction for readout-channel 2 = 0.013061
Darkdrift correction for readout-channel 3 = -0.224094
Darkdrift correction for readout-channel 4 = 0.478165
Darkdrift uncertainty for readout-channel 1 = 0.304012
Darkdrift uncertainty for readout-channel 2 = 0.302145
Darkdrift uncertainty for readout-channel 3 = 0.302881
Darkdrift uncertainty for readout-channel 4 = 0.303973
Trimmed average of values in readout-channel 1 = 5.722111
Trimmed average of values in readout-channel 2 = 6.002305
Trimmed average of values in readout-channel 3 = 5.765150
Trimmed average of values in readout-channel 4 = 6.467410
Darkdrift background term = 5.989244
...for data plane = 33
Darkdrift correction for readout-channel 1 = 0.356415
Darkdrift correction for readout-channel 2 = -0.286614
Darkdrift correction for readout-channel 3 = -0.066954
Darkdrift correction for readout-channel 4 = -0.002847
Darkdrift uncertainty for readout-channel 1 = 0.303359
Darkdrift uncertainty for readout-channel 2 = 0.303799
Darkdrift uncertainty for readout-channel 3 = 0.303132
Darkdrift uncertainty for readout-channel 4 = 0.303551
Trimmed average of values in readout-channel 1 = 6.061681
Trimmed average of values in readout-channel 2 = 5.418651
Trimmed average of values in readout-channel 3 = 5.638311
Trimmed average of values in readout-channel 4 = 5.702419
Darkdrift background term = 5.705266
...for data plane = 34
Darkdrift correction for readout-channel 1 = -0.023228
Darkdrift correction for readout-channel 2 = 0.242829
Darkdrift correction for readout-channel 3 = -0.015438
Darkdrift correction for readout-channel 4 = -0.204163
Darkdrift uncertainty for readout-channel 1 = 0.303488
Darkdrift uncertainty for readout-channel 2 = 0.301587
Darkdrift uncertainty for readout-channel 3 = 0.303083
Darkdrift uncertainty for readout-channel 4 = 0.302966
Trimmed average of values in readout-channel 1 = 5.659722
Trimmed average of values in readout-channel 2 = 5.925780
Trimmed average of values in readout-channel 3 = 5.667513
Trimmed average of values in readout-channel 4 = 5.478788
Darkdrift background term = 5.682951
...for data plane = 35
Darkdrift correction for readout-channel 1 = 0.146290
Darkdrift correction for readout-channel 2 = -0.697983
Darkdrift correction for readout-channel 3 = -0.078744
Darkdrift correction for readout-channel 4 = 0.630437
Darkdrift uncertainty for readout-channel 1 = 0.303742
Darkdrift uncertainty for readout-channel 2 = 0.302418
Darkdrift uncertainty for readout-channel 3 = 0.302975
Darkdrift uncertainty for readout-channel 4 = 0.303921
Trimmed average of values in readout-channel 1 = 5.699968
Trimmed average of values in readout-channel 2 = 4.855695
Trimmed average of values in readout-channel 3 = 5.474934
Trimmed average of values in readout-channel 4 = 6.184116
Darkdrift background term = 5.553678
...for data plane = 36
Darkdrift correction for readout-channel 1 = -0.107399
Darkdrift correction for readout-channel 2 = -0.179279
Darkdrift correction for readout-channel 3 = 0.088792
Darkdrift correction for readout-channel 4 = 0.197887
Darkdrift uncertainty for readout-channel 1 = 0.302708
Darkdrift uncertainty for readout-channel 2 = 0.304089
Darkdrift uncertainty for readout-channel 3 = 0.302816
Darkdrift uncertainty for readout-channel 4 = 0.303127
Trimmed average of values in readout-channel 1 = 5.484688
Trimmed average of values in readout-channel 2 = 5.412808
Trimmed average of values in readout-channel 3 = 5.680879
Trimmed average of values in readout-channel 4 = 5.789974
Darkdrift background term = 5.592087
...for data plane = 37
Darkdrift correction for readout-channel 1 = 0.149368
Darkdrift correction for readout-channel 2 = -0.045122
Darkdrift correction for readout-channel 3 = -0.105567
Darkdrift correction for readout-channel 4 = 0.001322
Darkdrift uncertainty for readout-channel 1 = 0.302988
Darkdrift uncertainty for readout-channel 2 = 0.302970
Darkdrift uncertainty for readout-channel 3 = 0.302978
Darkdrift uncertainty for readout-channel 4 = 0.302989
Trimmed average of values in readout-channel 1 = 5.781374
Trimmed average of values in readout-channel 2 = 5.586884
Trimmed average of values in readout-channel 3 = 5.526439
Trimmed average of values in readout-channel 4 = 5.633328
Darkdrift background term = 5.632006
...for data plane = 38
Darkdrift correction for readout-channel 1 = 0.705239
Darkdrift correction for readout-channel 2 = -0.439679
Darkdrift correction for readout-channel 3 = -0.255427
Darkdrift correction for readout-channel 4 = -0.010133
Darkdrift uncertainty for readout-channel 1 = 0.302965
Darkdrift uncertainty for readout-channel 2 = 0.303521
Darkdrift uncertainty for readout-channel 3 = 0.303367
Darkdrift uncertainty for readout-channel 4 = 0.302975
Trimmed average of values in readout-channel 1 = 6.419278
Trimmed average of values in readout-channel 2 = 5.274360
Trimmed average of values in readout-channel 3 = 5.458611
Trimmed average of values in readout-channel 4 = 5.703906
Darkdrift background term = 5.714039
...for data plane = 39
Darkdrift correction for readout-channel 1 = 0.370188
Darkdrift correction for readout-channel 2 = -0.688596
Darkdrift correction for readout-channel 3 = -0.213622
Darkdrift correction for readout-channel 4 = 0.532029
Darkdrift uncertainty for readout-channel 1 = 0.303236
Darkdrift uncertainty for readout-channel 2 = 0.302696
Darkdrift uncertainty for readout-channel 3 = 0.303482
Darkdrift uncertainty for readout-channel 4 = 0.303456
Trimmed average of values in readout-channel 1 = 5.983637
Trimmed average of values in readout-channel 2 = 4.924853
Trimmed average of values in readout-channel 3 = 5.399827
Trimmed average of values in readout-channel 4 = 6.145478
Darkdrift background term = 5.613449
...for data plane = 40
Darkdrift correction for readout-channel 1 = 0.309551
Darkdrift correction for readout-channel 2 = -0.172759
Darkdrift correction for readout-channel 3 = -0.217907
Darkdrift correction for readout-channel 4 = 0.081116
Darkdrift uncertainty for readout-channel 1 = 0.303618
Darkdrift uncertainty for readout-channel 2 = 0.376229
Darkdrift uncertainty for readout-channel 3 = 0.378077
Darkdrift uncertainty for readout-channel 4 = 0.302659
Trimmed average of values in readout-channel 1 = 6.210331
Trimmed average of values in readout-channel 2 = 5.728021
Trimmed average of values in readout-channel 3 = 5.682873
Trimmed average of values in readout-channel 4 = 5.981896
Darkdrift background term = 5.900780
...for data plane = 41
Darkdrift correction for readout-channel 1 = 0.230753
Darkdrift correction for readout-channel 2 = -0.211339
Darkdrift correction for readout-channel 3 = -0.322869
Darkdrift correction for readout-channel 4 = 0.303455
Darkdrift uncertainty for readout-channel 1 = 0.303236
Darkdrift uncertainty for readout-channel 2 = 0.302968
Darkdrift uncertainty for readout-channel 3 = 0.303060
Darkdrift uncertainty for readout-channel 4 = 0.303317
Trimmed average of values in readout-channel 1 = 5.911027
Trimmed average of values in readout-channel 2 = 5.468935
Trimmed average of values in readout-channel 3 = 5.357405
Trimmed average of values in readout-channel 4 = 5.983729
Darkdrift background term = 5.680274
...for data plane = 42
Darkdrift correction for readout-channel 1 = -0.216836
Darkdrift correction for readout-channel 2 = 0.144580
Darkdrift correction for readout-channel 3 = 0.104597
Darkdrift correction for readout-channel 4 = -0.032341
Darkdrift uncertainty for readout-channel 1 = 0.303096
Darkdrift uncertainty for readout-channel 2 = 0.302984
Darkdrift uncertainty for readout-channel 3 = 0.303157
Darkdrift uncertainty for readout-channel 4 = 0.303484
Trimmed average of values in readout-channel 1 = 5.180430
Trimmed average of values in readout-channel 2 = 5.541846
Trimmed average of values in readout-channel 3 = 5.501863
Trimmed average of values in readout-channel 4 = 5.364925
Darkdrift background term = 5.397266
...for data plane = 43
Darkdrift correction for readout-channel 1 = -0.080552
Darkdrift correction for readout-channel 2 = -0.041993
Darkdrift correction for readout-channel 3 = -0.163846
Darkdrift correction for readout-channel 4 = 0.286392
Darkdrift uncertainty for readout-channel 1 = 0.376900
Darkdrift uncertainty for readout-channel 2 = 0.301312
Darkdrift uncertainty for readout-channel 3 = 0.302966
Darkdrift uncertainty for readout-channel 4 = 0.302887
Trimmed average of values in readout-channel 1 = 5.915729
Trimmed average of values in readout-channel 2 = 5.954289
Trimmed average of values in readout-channel 3 = 5.832435
Trimmed average of values in readout-channel 4 = 6.282673
Darkdrift background term = 5.996281
...for data plane = 44
Darkdrift correction for readout-channel 1 = -0.077484
Darkdrift correction for readout-channel 2 = -0.396243
Darkdrift correction for readout-channel 3 = 0.035231
Darkdrift correction for readout-channel 4 = 0.438497
Darkdrift uncertainty for readout-channel 1 = 0.302974
Darkdrift uncertainty for readout-channel 2 = 0.302438
Darkdrift uncertainty for readout-channel 3 = 0.302970
Darkdrift uncertainty for readout-channel 4 = 0.303066
Trimmed average of values in readout-channel 1 = 5.599552
Trimmed average of values in readout-channel 2 = 5.280793
Trimmed average of values in readout-channel 3 = 5.712268
Trimmed average of values in readout-channel 4 = 6.115533
Darkdrift background term = 5.677037
...for data plane = 45
Darkdrift correction for readout-channel 1 = -0.137616
Darkdrift correction for readout-channel 2 = -0.561217
Darkdrift correction for readout-channel 3 = 0.350952
Darkdrift correction for readout-channel 4 = 0.347880
Darkdrift uncertainty for readout-channel 1 = 0.302995
Darkdrift uncertainty for readout-channel 2 = 0.302964
Darkdrift uncertainty for readout-channel 3 = 0.303456
Darkdrift uncertainty for readout-channel 4 = 0.303309
Trimmed average of values in readout-channel 1 = 5.897174
Trimmed average of values in readout-channel 2 = 5.473573
Trimmed average of values in readout-channel 3 = 6.385741
Trimmed average of values in readout-channel 4 = 6.382669
Darkdrift background term = 6.034789
...for data plane = 46
Darkdrift correction for readout-channel 1 = 0.051999
Darkdrift correction for readout-channel 2 = -0.074714
Darkdrift correction for readout-channel 3 = -0.166953
Darkdrift correction for readout-channel 4 = 0.189667
Darkdrift uncertainty for readout-channel 1 = 0.302840
Darkdrift uncertainty for readout-channel 2 = 0.302987
Darkdrift uncertainty for readout-channel 3 = 0.302974
Darkdrift uncertainty for readout-channel 4 = 0.302260
Trimmed average of values in readout-channel 1 = 6.158645
Trimmed average of values in readout-channel 2 = 6.031932
Trimmed average of values in readout-channel 3 = 5.939693
Trimmed average of values in readout-channel 4 = 6.296313
Darkdrift background term = 6.106646
...for data plane = 47
Darkdrift correction for readout-channel 1 = -0.257476
Darkdrift correction for readout-channel 2 = -0.113311
Darkdrift correction for readout-channel 3 = 0.310660
Darkdrift correction for readout-channel 4 = 0.060127
Darkdrift uncertainty for readout-channel 1 = 0.303464
Darkdrift uncertainty for readout-channel 2 = 0.304627
Darkdrift uncertainty for readout-channel 3 = 0.302977
Darkdrift uncertainty for readout-channel 4 = 0.302978
Trimmed average of values in readout-channel 1 = 5.760268
Trimmed average of values in readout-channel 2 = 5.904432
Trimmed average of values in readout-channel 3 = 6.328404
Trimmed average of values in readout-channel 4 = 6.077870
Darkdrift background term = 6.017743
...for data plane = 48
Darkdrift correction for readout-channel 1 = 0.015232
Darkdrift correction for readout-channel 2 = -0.354896
Darkdrift correction for readout-channel 3 = 0.356504
Darkdrift correction for readout-channel 4 = -0.016839
Darkdrift uncertainty for readout-channel 1 = 0.302983
Darkdrift uncertainty for readout-channel 2 = 0.303275
Darkdrift uncertainty for readout-channel 3 = 0.302981
Darkdrift uncertainty for readout-channel 4 = 0.303035
Trimmed average of values in readout-channel 1 = 5.663127
Trimmed average of values in readout-channel 2 = 5.292998
Trimmed average of values in readout-channel 3 = 6.004398
Trimmed average of values in readout-channel 4 = 5.631056
Darkdrift background term = 5.647895
...for data plane = 49
Darkdrift correction for readout-channel 1 = -0.048490
Darkdrift correction for readout-channel 2 = 0.289953
Darkdrift correction for readout-channel 3 = -0.229101
Darkdrift correction for readout-channel 4 = -0.012361
Darkdrift uncertainty for readout-channel 1 = 0.302582
Darkdrift uncertainty for readout-channel 2 = 0.304653
Darkdrift uncertainty for readout-channel 3 = 0.302969
Darkdrift uncertainty for readout-channel 4 = 0.303063
Trimmed average of values in readout-channel 1 = 5.508380
Trimmed average of values in readout-channel 2 = 5.846823
Trimmed average of values in readout-channel 3 = 5.327769
Trimmed average of values in readout-channel 4 = 5.544509
Darkdrift background term = 5.556870
...for data plane = 50
Darkdrift correction for readout-channel 1 = -0.075838
Darkdrift correction for readout-channel 2 = -0.406337
Darkdrift correction for readout-channel 3 = 0.467628
Darkdrift correction for readout-channel 4 = 0.014548
Darkdrift uncertainty for readout-channel 1 = 0.302986
Darkdrift uncertainty for readout-channel 2 = 0.229987
Darkdrift uncertainty for readout-channel 3 = 0.305471
Darkdrift uncertainty for readout-channel 4 = 0.228061
Trimmed average of values in readout-channel 1 = 5.250985
Trimmed average of values in readout-channel 2 = 4.920486
Trimmed average of values in readout-channel 3 = 5.794452
Trimmed average of values in readout-channel 4 = 5.341371
Darkdrift background term = 5.326824
...for data plane = 51
Darkdrift correction for readout-channel 1 = 0.396140
Darkdrift correction for readout-channel 2 = -0.362565
Darkdrift correction for readout-channel 3 = -0.439440
Darkdrift correction for readout-channel 4 = 0.405865
Darkdrift uncertainty for readout-channel 1 = 0.303996
Darkdrift uncertainty for readout-channel 2 = 0.302996
Darkdrift uncertainty for readout-channel 3 = 0.302986
Darkdrift uncertainty for readout-channel 4 = 0.303569
Trimmed average of values in readout-channel 1 = 5.978277
Trimmed average of values in readout-channel 2 = 5.219572
Trimmed average of values in readout-channel 3 = 5.142697
Trimmed average of values in readout-channel 4 = 5.988003
Darkdrift background term = 5.582137
...for data plane = 52
Darkdrift correction for readout-channel 1 = 0.175706
Darkdrift correction for readout-channel 2 = -0.188605
Darkdrift correction for readout-channel 3 = 0.056380
Darkdrift correction for readout-channel 4 = -0.043481
Darkdrift uncertainty for readout-channel 1 = 0.303492
Darkdrift uncertainty for readout-channel 2 = 0.303250
Darkdrift uncertainty for readout-channel 3 = 0.303451
Darkdrift uncertainty for readout-channel 4 = 0.303554
Trimmed average of values in readout-channel 1 = 5.864616
Trimmed average of values in readout-channel 2 = 5.500305
Trimmed average of values in readout-channel 3 = 5.745290
Trimmed average of values in readout-channel 4 = 5.645429
Darkdrift background term = 5.688910
...for data plane = 53
Darkdrift correction for readout-channel 1 = 0.141605
Darkdrift correction for readout-channel 2 = -0.280576
Darkdrift correction for readout-channel 3 = 0.127029
Darkdrift correction for readout-channel 4 = 0.011942
Darkdrift uncertainty for readout-channel 1 = 0.302985
Darkdrift uncertainty for readout-channel 2 = 0.299374
Darkdrift uncertainty for readout-channel 3 = 0.303364
Darkdrift uncertainty for readout-channel 4 = 0.303136
Trimmed average of values in readout-channel 1 = 5.838108
Trimmed average of values in readout-channel 2 = 5.415927
Trimmed average of values in readout-channel 3 = 5.823532
Trimmed average of values in readout-channel 4 = 5.708444
Darkdrift background term = 5.696503
...for data plane = 54
Darkdrift correction for readout-channel 1 = -0.027550
Darkdrift correction for readout-channel 2 = 0.219703
Darkdrift correction for readout-channel 3 = -0.225289
Darkdrift correction for readout-channel 4 = 0.033136
Darkdrift uncertainty for readout-channel 1 = 0.302971
Darkdrift uncertainty for readout-channel 2 = 0.302707
Darkdrift uncertainty for readout-channel 3 = 0.302982
Darkdrift uncertainty for readout-channel 4 = 0.302979
Trimmed average of values in readout-channel 1 = 5.825027
Trimmed average of values in readout-channel 2 = 6.072279
Trimmed average of values in readout-channel 3 = 5.627288
Trimmed average of values in readout-channel 4 = 5.885712
Darkdrift background term = 5.852577
...for data plane = 55
Darkdrift correction for readout-channel 1 = -0.132584
Darkdrift correction for readout-channel 2 = -0.129190
Darkdrift correction for readout-channel 3 = 0.050837
Darkdrift correction for readout-channel 4 = 0.210937
Darkdrift uncertainty for readout-channel 1 = 0.302576
Darkdrift uncertainty for readout-channel 2 = 0.295094
Darkdrift uncertainty for readout-channel 3 = 0.302876
Darkdrift uncertainty for readout-channel 4 = 0.302901
Trimmed average of values in readout-channel 1 = 5.356125
Trimmed average of values in readout-channel 2 = 5.359519
Trimmed average of values in readout-channel 3 = 5.539547
Trimmed average of values in readout-channel 4 = 5.699647
Darkdrift background term = 5.488710
...for data plane = 56
Darkdrift correction for readout-channel 1 = 0.173481
Darkdrift correction for readout-channel 2 = 0.218696
Darkdrift correction for readout-channel 3 = -0.243579
Darkdrift correction for readout-channel 4 = -0.148597
Darkdrift uncertainty for readout-channel 1 = 0.303107
Darkdrift uncertainty for readout-channel 2 = 0.302989
Darkdrift uncertainty for readout-channel 3 = 0.303198
Darkdrift uncertainty for readout-channel 4 = 0.303225
Trimmed average of values in readout-channel 1 = 5.735770
Trimmed average of values in readout-channel 2 = 5.780985
Trimmed average of values in readout-channel 3 = 5.318710
Trimmed average of values in readout-channel 4 = 5.413692
Darkdrift background term = 5.562289
...for data plane = 57
Darkdrift correction for readout-channel 1 = 0.293083
Darkdrift correction for readout-channel 2 = -0.016326
Darkdrift correction for readout-channel 3 = -0.424758
Darkdrift correction for readout-channel 4 = 0.148001
Darkdrift uncertainty for readout-channel 1 = 0.377158
Darkdrift uncertainty for readout-channel 2 = 0.302444
Darkdrift uncertainty for readout-channel 3 = 0.227943
Darkdrift uncertainty for readout-channel 4 = 0.303141
Trimmed average of values in readout-channel 1 = 5.726433
Trimmed average of values in readout-channel 2 = 5.417024
Trimmed average of values in readout-channel 3 = 5.008592
Trimmed average of values in readout-channel 4 = 5.581351
Darkdrift background term = 5.433350
...for data plane = 58
Darkdrift correction for readout-channel 1 = -0.080868
Darkdrift correction for readout-channel 2 = -0.281604
Darkdrift correction for readout-channel 3 = 0.070145
Darkdrift correction for readout-channel 4 = 0.292327
Darkdrift uncertainty for readout-channel 1 = 0.378294
Darkdrift uncertainty for readout-channel 2 = 0.302690
Darkdrift uncertainty for readout-channel 3 = 0.302741
Darkdrift uncertainty for readout-channel 4 = 0.303379
Trimmed average of values in readout-channel 1 = 0.720861
Trimmed average of values in readout-channel 2 = 0.520125
Trimmed average of values in readout-channel 3 = 0.871875
Trimmed average of values in readout-channel 4 = 1.094056
Darkdrift background term = 0.801729
...for data plane = 59
Darkdrift correction for readout-channel 1 = -0.091288
Darkdrift correction for readout-channel 2 = -0.176857
Darkdrift correction for readout-channel 3 = 0.132425
Darkdrift correction for readout-channel 4 = 0.135720
Darkdrift uncertainty for readout-channel 1 = 0.303755
Darkdrift uncertainty for readout-channel 2 = 0.304622
Darkdrift uncertainty for readout-channel 3 = 0.377504
Darkdrift uncertainty for readout-channel 4 = 0.302742
Trimmed average of values in readout-channel 1 = 5.686653
Trimmed average of values in readout-channel 2 = 5.601084
Trimmed average of values in readout-channel 3 = 5.910365
Trimmed average of values in readout-channel 4 = 5.913661
Darkdrift background term = 5.777940
...for data plane = 60
Darkdrift correction for readout-channel 1 = 0.229582
Darkdrift correction for readout-channel 2 = -0.287958
Darkdrift correction for readout-channel 3 = -0.169799
Darkdrift correction for readout-channel 4 = 0.228175
Darkdrift uncertainty for readout-channel 1 = 0.378071
Darkdrift uncertainty for readout-channel 2 = 0.302984
Darkdrift uncertainty for readout-channel 3 = 0.302805
Darkdrift uncertainty for readout-channel 4 = 0.303622
Trimmed average of values in readout-channel 1 = 6.151449
Trimmed average of values in readout-channel 2 = 5.633909
Trimmed average of values in readout-channel 3 = 5.752067
Trimmed average of values in readout-channel 4 = 6.150042
Darkdrift background term = 5.921866
...for data plane = 61
Darkdrift correction for readout-channel 1 = 0.143452
Darkdrift correction for readout-channel 2 = 0.011151
Darkdrift correction for readout-channel 3 = -0.225522
Darkdrift correction for readout-channel 4 = 0.070919
Darkdrift uncertainty for readout-channel 1 = 0.305745
Darkdrift uncertainty for readout-channel 2 = 0.303518
Darkdrift uncertainty for readout-channel 3 = 0.302984
Darkdrift uncertainty for readout-channel 4 = 0.302873
Trimmed average of values in readout-channel 1 = 6.118812
Trimmed average of values in readout-channel 2 = 5.986511
Trimmed average of values in readout-channel 3 = 5.749838
Trimmed average of values in readout-channel 4 = 6.046279
Darkdrift background term = 5.975360
...for data plane = 62
Darkdrift correction for readout-channel 1 = -0.167750
Darkdrift correction for readout-channel 2 = -0.132565
Darkdrift correction for readout-channel 3 = 0.014241
Darkdrift correction for readout-channel 4 = 0.286074
Darkdrift uncertainty for readout-channel 1 = 0.302966
Darkdrift uncertainty for readout-channel 2 = 0.302681
Darkdrift uncertainty for readout-channel 3 = 0.303045
Darkdrift uncertainty for readout-channel 4 = 0.303050
Trimmed average of values in readout-channel 1 = 5.444980
Trimmed average of values in readout-channel 2 = 5.480165
Trimmed average of values in readout-channel 3 = 5.626971
Trimmed average of values in readout-channel 4 = 5.898804
Darkdrift background term = 5.612730
...for data plane = 63
Darkdrift correction for readout-channel 1 = -0.240562
Darkdrift correction for readout-channel 2 = 0.367125
Darkdrift correction for readout-channel 3 = -0.140327
Darkdrift correction for readout-channel 4 = 0.013765
Darkdrift uncertainty for readout-channel 1 = 0.302973
Darkdrift uncertainty for readout-channel 2 = 0.301865
Darkdrift uncertainty for readout-channel 3 = 0.303379
Darkdrift uncertainty for readout-channel 4 = 0.303230
Trimmed average of values in readout-channel 1 = 5.591401
Trimmed average of values in readout-channel 2 = 6.199088
Trimmed average of values in readout-channel 3 = 5.691636
Trimmed average of values in readout-channel 4 = 5.845728
Darkdrift background term = 5.831963
...for data plane = 64
Darkdrift correction for readout-channel 1 = 0.042698
Darkdrift correction for readout-channel 2 = -0.070081
Darkdrift correction for readout-channel 3 = 0.048825
Darkdrift correction for readout-channel 4 = -0.021442
Darkdrift uncertainty for readout-channel 1 = 0.303502
Darkdrift uncertainty for readout-channel 2 = 0.302972
Darkdrift uncertainty for readout-channel 3 = 0.302988
Darkdrift uncertainty for readout-channel 4 = 0.303363
Trimmed average of values in readout-channel 1 = 5.502861
Trimmed average of values in readout-channel 2 = 5.390082
Trimmed average of values in readout-channel 3 = 5.508988
Trimmed average of values in readout-channel 4 = 5.438721
Darkdrift background term = 5.460163

Program darkdrift: Status Message: 0x0000
Normal exit from Function 0x0000: LOG_WRITER
darkdrift Warning: NaN's were produced in the results.
A total of     2013   NaN's were produced in the results.
Processing time: 13.640000 seconds
Current date/time: Sat Jan  9 14:58:28 2016
Program darkdrift, version 4.1, terminated.

darkdrift   exit_value =   0    execution_time = 13.740s
******************************************************************
Pipeline executing flatap
flatap -i darkdrift.fits -p cal/pmask.fits -f cal/skyflat.fits -ui sig_darkdrift.fits -uo sig_flatap.fits -d dmask.fits -o flatap.fits -c cal/skyflat_cmask.fits 
******************************************************************
Pipeline Module FLATAP Version 1.5
Processing time Sat Jan  9 14:58:29 2016

flatap_parse_namelist: Information only: Namelist not specified.
Sat Jan  9 14:58:29 2016
flatap_log_writer: Could not open Log File, using stdout
Flatap Version 1.5
Namelist File  = 
Input DCE = darkdrift.fits
Output DCE = !flatap.fits
Flatfield = cal/skyflat.fits
Input Uncertainty = sig_darkdrift.fits
Output Uncertainty = !sig_flatap.fits
Pmask File = cal/pmask.fits
Pmask Mask = 128
Dmask File = dmask.fits
Dmask Mask = 16384
Cmask File = cal/skyflat_cmask.fits
Cmask Mask = 256
Trans CAL File = 
Trans CAL CMask File = 
Processing Log File = 
Time =    0.20 seconds
*********************

Time = 0.200 seconds
exit code 0

flatap   exit_value =   0    execution_time = 0.280s
******************************************************************
Pipeline executing imfliprot
imfliprot -i flatap.fits -n cdf/pn107.nl -a /sos/sw/S19.2.0/STUDIO/downlink/include -o imfliprot.fits 
******************************************************************

imfliprot_log_writer: Printing Log output to stdout

Program imfliprot, Version 1.0
Namelist File  = cdf/pn107.nl
Input File = flatap.fits
Output File = imfliprot.fits
Image has been flipped
Image Rotation (degrees)  = 180
Ancillary Data-File Path = /sos/sw/S19.2.0/STUDIO/downlink/include
Verbose flag = 0
Debug flag = 0
imfliprot Status Message      0x0000: Normal exit from Function 0x0000: LOG_WRITER
Processing time: 0.220000 seconds
Current date/time: Sat Jan  9 14:58:30 2016
Program imfliprot, version 1.0, terminated.


imfliprot   exit_value =   0    execution_time = 0.260s
******************************************************************
Pipeline executing imfliprot
imfliprot -i sig_flatap.fits -n cdf/pn107.nl -a /sos/sw/S19.2.0/STUDIO/downlink/include -o sig_imfliprot.fits 
******************************************************************

imfliprot_log_writer: Printing Log output to stdout

Program imfliprot, Version 1.0
Namelist File  = cdf/pn107.nl
Input File = sig_flatap.fits
Output File = sig_imfliprot.fits
Image has been flipped
Image Rotation (degrees)  = 180
Ancillary Data-File Path = /sos/sw/S19.2.0/STUDIO/downlink/include
Verbose flag = 0
Debug flag = 0
imfliprot Status Message      0x0000: Normal exit from Function 0x0000: LOG_WRITER
Processing time: 0.210000 seconds
Current date/time: Sat Jan  9 14:58:30 2016
Program imfliprot, version 1.0, terminated.


imfliprot   exit_value =   0    execution_time = 0.260s
******************************************************************
Pipeline executing imfliprot
imfliprot -i dmask.fits -n cdf/pn107.nl -a /sos/sw/S19.2.0/STUDIO/downlink/include -o temp_dmask.fits 
******************************************************************

imfliprot_log_writer: Printing Log output to stdout

Program imfliprot, Version 1.0
Namelist File  = cdf/pn107.nl
Input File = dmask.fits
Output File = temp_dmask.fits
Image has been flipped
Image Rotation (degrees)  = 180
Ancillary Data-File Path = /sos/sw/S19.2.0/STUDIO/downlink/include
Verbose flag = 0
Debug flag = 0
imfliprot Status Message      0x0000: Normal exit from Function 0x0000: LOG_WRITER
Processing time: 0.060000 seconds
Current date/time: Sat Jan  9 14:58:31 2016
Program imfliprot, version 1.0, terminated.


imfliprot   exit_value =   0    execution_time = 0.110s
******************************************************************
Pipeline executing imfliprot
imfliprot -i fowlinearize.fits -n cdf/pn107.nl -a /sos/sw/S19.2.0/STUDIO/downlink/include -o temp_fowlinearize.fits 
******************************************************************

imfliprot_log_writer: Printing Log output to stdout

Program imfliprot, Version 1.0
Namelist File  = cdf/pn107.nl
Input File = fowlinearize.fits
Output File = temp_fowlinearize.fits
Image has been flipped
Image Rotation (degrees)  = 180
Ancillary Data-File Path = /sos/sw/S19.2.0/STUDIO/downlink/include
Verbose flag = 0
Debug flag = 0
imfliprot Status Message      0x0000: Normal exit from Function 0x0000: LOG_WRITER
Processing time: 0.100000 seconds
Current date/time: Sat Jan  9 14:58:31 2016
Program imfliprot, version 1.0, terminated.


imfliprot   exit_value =   0    execution_time = 0.140s
******************************************************************
Pipeline executing imfliprot
imfliprot -i sig_fowlinearize.fits -n cdf/pn107.nl -a /sos/sw/S19.2.0/STUDIO/downlink/include -o temp_sig_fowlinearize.fits 
******************************************************************

imfliprot_log_writer: Printing Log output to stdout

Program imfliprot, Version 1.0
Namelist File  = cdf/pn107.nl
Input File = sig_fowlinearize.fits
Output File = temp_sig_fowlinearize.fits
Image has been flipped
Image Rotation (degrees)  = 180
Ancillary Data-File Path = /sos/sw/S19.2.0/STUDIO/downlink/include
Verbose flag = 0
Debug flag = 0
imfliprot Status Message      0x0000: Normal exit from Function 0x0000: LOG_WRITER
Processing time: 0.100000 seconds
Current date/time: Sat Jan  9 14:58:32 2016
Program imfliprot, version 1.0, terminated.


imfliprot   exit_value =   0    execution_time = 0.150s
******************************************************************
Pipeline executing dntoflux
dntoflux -i imfliprot.fits -iu sig_imfliprot.fits -n cdf/pn107.nl -co 0 -c 0.1447 -u 0.0000 -a /sos/sw/S19.2.0/STUDIO/downlink/include -o1 dntoflux.fits -ou sig_dntoflux.fits -t 1 
******************************************************************

Program dntoflux, Version 4.2
Namelist File  = cdf/pn107.nl
Input Image = imfliprot.fits
Output File 1 = dntoflux.fits
Output Uncertainty Image = sig_dntoflux.fits
Operation flag = 0
Conversion factor = 0.144700
Input Uncertainty Image = sig_imfliprot.fits
Conversion-factor uncertainty = 0.000000
Output BUNIT setting = MJy/sr
Normalize-by-EXPTIME Flag = 1
EXPTIME = 1.920000
Data-Plane Flag = 1
Ancillary Data-File Path = /sos/sw/S19.2.0/STUDIO/downlink/include
Verbose flag = 0
Super-verbose flag = 0
Debug flag = 0
Terminating data-units-conversion program.
dntoflux Status Message: 0x0000
Normal exit from Function 0x0000: LOG_WRITER
dntoflux Probs Warning: NaN's were produced in the results.
A total of     4026   NaN's were produced in the results.
Processing time: 0.550000 seconds
Current date/time: Sat Jan  9 14:58:33 2016
Program dntoflux, version 4.2, terminated.

dntoflux   exit_value =   0    execution_time = 0.690s
******************************************************************
Pipeline executing qatool
qatool -i dntoflux.fits -n cdf/pn107.nl -nb QATOOLBCD -a /sos/sw/S19.2.0/STUDIO/downlink/include -o qa/BCD_qatool 
******************************************************************
qatool_parse_namelist: Information only: Namelist block-name = &QATOOLBCD
Program qatool, Version 6.0
Namelist File  = cdf/pn107.nl
Input File = dntoflux.fits
Output Data Filename Base = qa/BCD_qatool
Statistics Group = 0
Percent-Scaling Flag = 0
Calculation Type = 1
(set-up to do additional computations for four readout channels)
Number of Mean Absolute Deviations for Histogram Half-Width Coverage = 5
Number of Bins in Histograms = 41
Central fraction for trimmed average = 0.810000
Central fraction for trimmed std. dev. = 0.720000
Bad-pixel tolerance fraction = 0.900000
Statistics Box X position = 3
Statistics Box Y position = 4
Statistics Box X width = 20
Statistics Box Y height = 23
Input-Image Transpose Flag = 1
Unsigned Integer Flag = 0
Data-Plane Flag = 1
Number Edge Rows/Cols Skipped = 2
Keyword Prefix = bcd
Ancillary Data-File Path = /sos/sw/S19.2.0/STUDIO/downlink/include
Verbose flag = 0
Super-verbose flag = 0
Debug flag = 0
Performed statistical and histogram calculations.
Program qatool: Status Message: 0x0000
Normal exit from Function 0x0000: LOG_WRITER
Processing time: 1.420000 seconds
Current date/time: Sat Jan  9 14:58:35 2016
Program qatool, version 6.0, terminated.

qatool   exit_value =   0    execution_time = 1.530s
******************************************************************
Pipeline executing chkmask
chkmask dmask.fits -q qa/BCD_qatool.qa 
******************************************************************
 chkmask vsn 1.35 A40312
 
 No. of occurrences of the   2 status combinations:
   2269 occurrences of   256 (8)                                 
   2 occurrences of   16 (4)                                 
 
 Status Bit: No. of Pixels
   0:   0
   1:   0
   2:   0
   3:   0
   4:   2
   5:   0
   6:   0
   7:   0
   8:   2269
   9:   0
   10:   0
   11:   0
   12:   0
   13:   0
   14:   0
 

chkmask   exit_value =   0    execution_time = 0.360s
******************************************************************
Loading QA information for DCE and BCD product
Keyword APDUV1E not found in header
Keyword APDUV2E not found in header
Keyword APDUV3E not found in header
Keyword APDUI1E not found in header
Keyword APDUI2E not found in header
Keyword APDUI3E not found in header
Could not append keyword APDUV1E to QA file qa/DCE_qatool.qa
Could not append keyword APDUV2E to QA file qa/DCE_qatool.qa
Could not append keyword APDUV3E to QA file qa/DCE_qatool.qa
Could not append keyword APDUI1E to QA file qa/DCE_qatool.qa
Could not append keyword APDUI2E to QA file qa/DCE_qatool.qa
Could not append keyword APDUI3E to QA file qa/DCE_qatool.qa
******************************************************************
Pipeline executing qaloader
qaloader -i qa/DCE_qatool.qa -tablename qa_iracdce -o qa/qaloader.sql -role pipelineswrole 
******************************************************************
2016/01/09 14:58:39 BEGIN qaloader v1.13
 -i (QA_FILE) qa/DCE_qatool.qa
 -tablename (TABLENAME) qa_iracdce
 -o (SQL_FILE) qa/qaloader.sql
 -role (ROLE) pipelineswrole
Using metadata version 13.0b
table name=qa_iracdce

QA values ingested:
{-4.604255e+01} {}
dceAveFI_1       -4.604255e+01 
{-4.970799e+01} {}
dceAveR1_1       -4.970799e+01 
{-2.942847e+01} {}
dceAveR2_1       -2.942847e+01 
{-3.270655e+01} {}
dceAveR3_1       -3.270655e+01 
{-7.232720e+01} {}
dceAveR4_1       -7.232720e+01 
{-2.200000e+01} {-4.970799e+01}
dceMedFI_1       -2.200000e+01 
{3.038938e+02} {}
dceSdevFI_1      3.038938e+02 
{4.770400e+00} {}
dceDSclFI_1      4.770400e+00 
{-8.831000e+03} {}
dceMinFI_1       -8.831000e+03 
{1.800000e+01} {}
dceMaxFI_1       1.800000e+01 
{147809544} {}
DCEID            147809544 
{2} {-4.604255e+01}
CHNLNUM          2 
{0} {}
ADCEID           0 
{8} {}
AFOWLNUM         8 
{184} {}
AWAITPER         184 
{0} {}
AWEASIDE         0 
{1} {}
AREADMOD         1 
{27.699513} {}
AFPAT1B          27.699513 
{28.671007} {}
AFPAT2B          28.671007 
{0} {}
APEDSIG          0 
{0} {}
ATXSTAT          0 
{0} {}
AFLSTAT          0 
{4} {}
ASHSTAT          4 
{-3.5585} {}
AVRSTBEG         -3.5585 
{-3.056874} {}
AVDETBEG         -3.056874 
{-3.618536} {}
AVGG1BEG         -3.618536 
{-3.550644} {}
AVDDUBEG         -3.550644 
{0} {}
AVGGCBEG         0 
{21.321679} {}
ACTENDT          21.321679 
{19.533718} {}
AFPECTE          19.533718 
{22.91132} {}
AFPEATE          22.91132 
{23.821106} {}
ATCTEMPE         23.821106 
{21.291198} {}
ACETEMPE         21.291198 
{21.260717} {}
APDTEMPE         21.260717 
{27.671961} {}
ACATMP2E         27.671961 
2016/01/09 14:58:39 END   qaloader status=0

qaloader   exit_value =   0    execution_time = 0.090s
******************************************************************
Pipeline executing qaloader
qaloader -i qa/BCD_qatool.qa -tablename qa_iracdp -o qa/qaloader.sql 
******************************************************************
2016/01/09 14:58:39 BEGIN qaloader v1.13
 -i (QA_FILE) qa/BCD_qatool.qa
 -tablename (TABLENAME) qa_iracdp
 -o (SQL_FILE) qa/qaloader.sql
Using metadata version 13.0b
table name=qa_iracdp

QA values ingested:
{2.537676e+00} {}
bcdAveFI_1       2.537676e+00 
{3.992438e+00} {}
bcdAveUB_1       3.992438e+00 
{5.731395e-01} {}
bcdMedFI_1       5.731395e-01 
{6.888616e-01} {}
bcdMedUB_1       6.888616e-01 
{2.570955e+01} {}
bcdSdevFI_1      2.570955e+01 
{3.350120e+01} {}
bcdSdevUB_1      3.350120e+01 
{4.213142e-01} {}
bcdDSclFI_1      4.213142e-01 
{4.819011e-01} {}
bcdDSclUB_1      4.819011e-01 
{-6.390151e-01} {}
bcdMinFI_1       -6.390151e-01 
{-4.214235e-01} {}
bcdMinUB_1       -4.214235e-01 
{6.824465e+02} {}
bcdMaxFI_1       6.824465e+02 
{6.824465e+02} {}
bcdMaxUB_1       6.824465e+02 
{5.607232e-01} {}
bcdC68lFI_1      5.607232e-01 
{6.011409e-01} {}
bcdC68uFI_1      6.011409e-01 
{391693101} {}
DPID             391693101 
{2} {2.537676e+00}
CHNLNUM          2 
2016/01/09 14:58:39 END   qaloader status=0

qaloader   exit_value =   0    execution_time = 0.160s
******************************************************************
Pipeline executing dbaccess
dbaccess -e sodb qa/qaloader.sql 
******************************************************************
set role pipelineswrole;
set lock mode to wait 30;
EXECUTE PROCEDURE addQA_iracdce (147809544, NULL, NULL, 2, -4.604255e+01, 
-2.200000e+01, -4.970799e+01, -2.942847e+01, -3.270655e+01, -7.232720e+01, 
3.038938e+02, 4.770400e+00, -8.831000e+03, 1.800000e+01, 0, 8, 184, 0, 1, 
27.699513, 28.671007, 0, 0, 0, 4, -3.5585, -3.056874, -3.618536, -3.550644, 0, 
21.321679, 19.533718, 22.91132, 23.821106, 21.291198, 21.260717, 27.671961, 
NULL, NULL, NULL, NULL, NULL, NULL);
EXECUTE PROCEDURE addQA_iracdp (391693101, NULL, NULL, 2, 2.537676e+00, 
3.992438e+00, 5.731395e-01, 6.888616e-01, 2.570955e+01, 3.350120e+01, 
4.213142e-01, 4.819011e-01, -6.390151e-01, -4.214235e-01, 6.824465e+02, 
6.824465e+02, 5.607232e-01, 6.011409e-01, NULL, NULL, NULL, NULL, NULL, NULL);
execute procedure setDceTimeParameters (147809544, 1037054180.673, "2012-11-10 22:30:00.356", 1.92, 2.00);

dbaccess   exit_value =   0    execution_time = 0.170s
******************************************************************
Finishing IRAC science pipeline processing
Could not copy cal/firstframe_corr.fits to /sbx10/S19.2.0/archive/proc/full/IRAC033400/bcd/4568/0046471424/2/0122/0000/17/01/1/cal/firstframe_corr.fits
Could not copy imask.fits to /sbx10/S19.2.0/archive/proc/full/IRAC033400/bcd/4568/0046471424/2/0122/0000/17/01/1/imask.fits
Could not copy muxbleedcorr.fits to /sbx10/S19.2.0/archive/proc/full/IRAC033400/bcd/4568/0046471424/2/0122/0000/17/01/1/muxbleedcorr.fits
Could not copy slremove.fits to /sbx10/S19.2.0/archive/proc/full/IRAC033400/bcd/4568/0046471424/2/0122/0000/17/01/1/slremove.fits
******************************************************************
PlScriptID 17 exiting Saturday, January  9, 2016  2:58:43 PM PST
Host: sopipe63
Local Processing Directory: /scr6/S19.2.0/IRAC033400/bcd/4568/0046471424/2/0122/0000/17/01/1
Sandbox Directory: /sbx10/S19.2.0/archive/proc/full/IRAC033400/bcd/4568/0046471424/2/0122/0000/17/01/1
Processing time: total 32.87 s (user 0.99, system 1.08, child user 19.28, child system 11.52)
Pipeline exit code: Normal exit (0)
******************************************************************
