 hdrupd8 vsn 1.6  A70821
******************************************************************
Executing IRAC science pipeline
******************************************************************
Pipeline executing sanity_datatype
sanity_datatype -i ../fos16.fits -t1 cdf/sanity_datatype1.tbl -t2 cdf/sanity_datatype2.tbl -o1 qa/sanity_datatype1.tbl -o2 qa/sanity_datatype2.tbl 
******************************************************************
Program Sanity_datatype is started .... Version 1.0, Sat Jan  9 14:57:09 2016
Input Image File = ../fos16.fits
Input Data Table 1 = cdf/sanity_datatype1.tbl
Input Data Table 2 = cdf/sanity_datatype2.tbl
Output Filename1 = qa/sanity_datatype1.tbl
Output Filename2 = qa/sanity_datatype2.tbl
Log File = stdout
I_Debug = 0
I_Verbose = 0
I_SuperVerbose = 0
Processing time: 0.070000 seconds
Program Sanity_datatype is done. Version 1.0, Sat Jan  9 14:57:09 2016


sanity_datatype   exit_value =   0    execution_time = 0.520s
******************************************************************
Pipeline executing qatool
qatool -i ../fos16.fits -n cdf/pn107.nl -nb QATOOLDCE -a /sos/sw/S19.2.0/STUDIO/downlink/include -o qa/DCE_qatool 
******************************************************************
qatool_parse_namelist: Information only: Namelist block-name = &QATOOLDCE
Program qatool, Version 6.0
Namelist File  = cdf/pn107.nl
Input File = ../fos16.fits
Output Data Filename Base = qa/DCE_qatool
Statistics Group = 0
Percent-Scaling Flag = 0
Calculation Type = 1
(set-up to do additional computations for four readout channels)
Number of Mean Absolute Deviations for Histogram Half-Width Coverage = 5
Number of Bins in Histograms = 41
Central fraction for trimmed average = 0.810000
Central fraction for trimmed std. dev. = 0.720000
Bad-pixel tolerance fraction = 0.340000
Statistics Box X position = 3
Statistics Box Y position = 4
Statistics Box X width = 27
Statistics Box Y height = 33
Input-Image Transpose Flag = 1
Unsigned Integer Flag = 0
Data-Plane Flag = 1
Number Edge Rows/Cols Skipped = 10
Keyword Prefix = dce
Ancillary Data-File Path = /sos/sw/S19.2.0/STUDIO/downlink/include
Verbose flag = 0
Super-verbose flag = 0
Debug flag = 0
Performed statistical and histogram calculations.
Program qatool: Status Message: 0x0000
Normal exit from Function 0x0000: LOG_WRITER
Processing time: 0.730000 seconds
Current date/time: Sat Jan  9 14:57:10 2016
Program qatool, version 6.0, terminated.

qatool   exit_value =   0    execution_time = 0.840s
******************************************************************
Pipeline executing sanity_check
sanity_check -i qa/DCE_qatool.tbl -o qa/sanity_check.tbl 
******************************************************************
Program Sanity_check is started .... Version 1.0, Sat Jan  9 14:57:14 2016

Input File = qa/DCE_qatool.tbl
Output = qa/sanity_check.tbl
Processing time: 0.030000 seconds
Current date/time: Sat Jan  9 14:57:14 2016
Program Sanity_check, version 1.0, terminated.

sanity_check   exit_value =   0    execution_time = 0.440s
******************************************************************
Pipeline executing abad_repair
abad_repair -i ../fos16.fits -o abad_repair.fits 
******************************************************************
Pipeline Module ABAD_REPAIR Version 1.2
Processing time Sat Jan  9 14:57:15 2016

ABAD_READ_DATA: A0752D00 = 0
status from read: 1
npixs = 65536
enter output with 0
files ../fos16.fits !abad_repair.fits 
open output [!abad_repair.fits]
comment [Sat Jan  9 14:57:15 2016]
Time = 0.050 seconds
exit code 0

abad_repair   exit_value =   0    execution_time = 0.100s
******************************************************************
Pipeline executing tranhead
tranhead -i abad_repair.fits -n cdf/pn107.nl -k /scr/S19.2.0/cdf/ctd/telemetry_dictionary.dat -a /sos/sw/S19.2.0/STUDIO/downlink/include -o tranhead.fits -t, cdf/Keyword_Include_List.dat 
******************************************************************

Program tranhead, Version 13.2
Namelist File  = cdf/pn107.nl
Input File = abad_repair.fits
Dictionary File = /scr/S19.2.0/cdf/ctd/telemetry_dictionary.dat
CTD Version String = 3.0.94S
Keyword-Include-List File = cdf/Keyword_Include_List.dat
Translated-Keyword File = tranhead.hdr
CSPICE leapseconds kernel = /scr/S19.2.0/cdf/spice/leapseconds.ker
CSPICE SCLK_SCET kernel = /scr/S19.2.0/cdf/spice/sclk_scet.ker
CSPICE Spitzer Ephemeris = /scr/S19.2.0/cdf/spice/sirtf.bsp
CSPICE Planets Ephemeris = /scr/S19.2.0/cdf/spice/de.bsp
Output File = tranhead.fits
Operation Type = 1
FITS-Header Comment Flag = 1
SCLK correction factor = 1.000380
Ignore Frames (1st) = -1
Ignore Frames (2nd and higher) = -1
Central fraction for trimmed average  = 0.900000
Central fraction for trimmed std. dev. = 0.900000
Gain = 3.710000
Gain_RdOutCh_1 = 3.710000
Gain_RdOutCh_2 = 3.710000
Gain_RdOutCh_3 = 3.710000
Gain_RdOutCh_4 = 3.710000
Ancillary Data-File Path = /sos/sw/S19.2.0/STUDIO/downlink/include
Verbose flag = 0
Super-verbose flag = 0
Debug flag = 0
Configured to perform forward FITS keyword translation.
tranhead Status Message: 0x0000
Normal exit from Function 0x0000: LOG_WRITER
A total of        0   NaN's were produced in the results.
Processing time: 0.300000 seconds
Current date/time: Sat Jan  9 14:57:16 2016
Program tranhead, version 13.2, terminated.

tranhead   exit_value =   0    execution_time = 0.440s
 hdrupd8 vsn 1.6  A70821


LabDark

chan, frametime, hdy, extrpt = 2, 2.00, F, 233
expid  adceid  repidx  =  73,  0,  0 

SkyDarkaor template time = 2
hdy  repidx =  F  0
expid  ext-repeat  =  73  233

******************************************************************
Pipeline executing caltrans
caltrans -n cdf/pn107.nl -m 2 -a 7 -b /scr5/S19.2.0/dlcaldata/irac -s tranhead.fits -o cal -u SUB -jk1 CHNLNUM -jv1 2 -ja1 N -ju1 0 -js1 flip -jk2 CHNLNUM;AFOWLNUM;AWAITPER;FRAMTIME;HDRMODE -jv2 2;8;184;2.00;F -ja2 N;N;N;N;S -ju2 0;0;0;0;0 -js2 sigma;cmask -jk3 CHNLNUM;AFOWLNUM;AWAITPER;FRAMTIME;HDRMODE -jv3 2;8;184;2.00;F -ja3 N;N;N;N;S -ju3 0;0;0;0;0 -js3 cmask -jk4 CHNLNUM -jv4 2 -ja4 N -ju4 0 -js4 cmask -jk5 CHNLNUM -jv5 2 -ja5 N -ju5 0 -js5 cmask -jk6 CHNLNUM -jv6 2 -ja6 N -ju6 0 -jk7 CHNLNUM;AFOWLNUM;AWAITPER -jv7 2;8;184 -ja7 N;N;N -ju7 0;0;0 -jk8 CHNLNUM;AFOWLNUM;AWAITPER -jv8 2;8;184 -ja8 N;N;N -ju8 0;0;0 -e CALTRANSsciSUB 
******************************************************************

Online Namelist file descriptor associated
Online namelist buffer loaded: length = 7422

Warning !:  Ancillary file #1  with full suffix filename  '/sos/archive/fallbacks/IRAC004600/SUB_2s_2sf8d1r1_ch2_v2.0.0_dark_sigma.fits'  NOT in archive/sandbox !!.
Proceed to the next suffix fileprocessing .....

Warning !:  Ancillary file #2  with full suffix filename  '/sos/archive/fallbacks/IRAC004600/SUB_2s_2sf8d1r1_ch2_v2.0.0_dark_cmask.fits'  NOT in archive/sandbox !!.
Proceed to the next suffix fileprocessing .....

Warning !:  Ancillary-suffix file #1: '/scr5/S19.2.0/dlcaldata/irac/fb1502_SUB_2s_2sf8d1r1_ch2_v2.0.0_dark_sigma.fits'  could NOT be identified on cache.
Processing continues ..... 


Warning !:  Ancillary-suffix file #2: '/scr5/S19.2.0/dlcaldata/irac/fb1502_SUB_2s_2sf8d1r1_ch2_v2.0.0_dark_cmask.fits'  could NOT be identified on cache.
Processing continues ..... 


Warning !:  Ancillary file #1  with full suffix filename  '/sos/archive/fallbacks/IRAC005300/lincal_b2_sa_011410_cmask.fits'  NOT in archive/sandbox !!.
Proceed to the next suffix fileprocessing .....

Warning !:  Ancillary-suffix file #1: '/scr5/S19.2.0/dlcaldata/irac/fb1579_lincal_b2_sa_011410_cmask.fits'  could NOT be identified on cache.
Processing continues ..... 

  Printing Log output to stdout...


Program CALTRANS, Version 4.0
Command-Line Namelist Filename  = cdf/pn107.nl
Command-Line Namelist Section = CALTRANSsciSUB
CalTrans Execution Mode  = 2
CalID = 7
Input Calibration Type list = pmask;labdark;skydark;lincal;sky_flat;fluxconv;muxbleed_lut;muxbleed_coeff
Input Calibration Rule list = 0;0;300;0;0;0;0;0
Input Generic Outfname list = pmask.fits;labdark.fits;skydark.fits;lincal.fits;skyflat.fits;fluxconv;muxbleed_lut;muxbleed_coeff
Science DCE Filename = tranhead.fits
CAL Destination Path = cal
Processing time: 0.500000 seconds
Current date/time: Sat Jan  9 14:57:31 2016
Program CALTRANS, version 4.0, terminated with status = 16

CalTrans exits with status = 16



caltrans   exit_value =  16    execution_time = 0.650s
******************************************************************
Pipeline executing insbposdom
insbposdom -i tranhead.fits -o insbposdom.fits 
******************************************************************
Pipeline Module INSBPOSDOM Version 1.1
Processing time Sat Jan  9 14:57:32 2016

Sat Jan  9 14:57:32 2016
Time = 0.040 seconds
exit code 0

insbposdom   exit_value =   0    execution_time = 0.080s
******************************************************************
Pipeline executing cvti2r4
cvti2r4 -i insbposdom.fits -a 0.5625 -b 0 -d cal/dmask_for_raw.fits -o cvti2r4.fits -m row 
******************************************************************
 SIRTF I*2-to-R*4 Data Cube Conversion program vsn 1.31 A61025
 Input file:  insbposdom.fits
 Using offset =    0.562500
 Using BLANK-fill value:   0
 Output file: cvti2r4.fits
 Missing-data pattern specified as rows

cvti2r4   exit_value =   0    execution_time = 0.540s
Image has barrel shift = 3
Computed truncation correction 0.5*(1-2^-ABARREL) = 0.5625
******************************************************************
Pipeline executing hdrupd8
hdrupd8 cvti2r4.fits -a cdf/hdrupd8_cubify.dat -d cdf/hdrupd8_planify.dat 
******************************************************************
 hdrupd8 vsn 1.6  A70821
 WARNING: keyword to be deleted not found: NAXIS3  

hdrupd8   exit_value =   0    execution_time = 0.470s
******************************************************************
Pipeline executing hdrupd8
hdrupd8 dmask.fits -a cdf/hdrupd8_cubify.dat -d cdf/hdrupd8_planify.dat 
******************************************************************
 hdrupd8 vsn 1.6  A70821
 WARNING: keyword to be deleted not found: NAXIS3  

hdrupd8   exit_value =   0    execution_time = 0.350s
******************************************************************
Pipeline executing iracwrapdet1
iracwrapdet1 -i cvti2r4.fits -n cdf/pn107.nl -p cal/pmask.fits -d dmask.fits -w wmask.fits -v 
******************************************************************
Pipeline Module IRACWRAPDET1 Version 1.4
Processing time Sat Jan  9 14:57:44 2016
iracwrapdet1_parse_args: Namelist File = 	cdf/pn107.nl
iracwrapdet1_parse_args: Pmask File = 	cal/pmask.fits
iracwrapdet1_parse_args: Dmask File = 	dmask.fits
iracwrapdet1_parse_args: Wmask File = 	wmask.fits
iracwrapdet1_parse_args: Input File = 	cvti2r4.fits
iracwrapdet1_parse_args: I_Verbose = 			1
chn 2 framtim 2.000000
iracwrapdet1_read_data: Data read from file:
cvti2r4.fits
iracwrapdet1_read_data: I_NX = 32
iracwrapdet1_read_data: I_NY = 32
iracwrapdet1_read_data: I_NZ = 64
iracwrapdet1_parse_namelist: Namelist File = 	cdf/pn107.nl
Coeff used: 55000.000000 55000.000000 55000.000000 55000.000000
iracwrapdet1_compute_results: Numerical Computations finished
Sat Jan  9 14:57:44 2016
iracwrapdet1_output: Results written to file(s).
Time = 0.030 seconds
iracwrapdet1_error_handler: Error Handler finished.
iracwrapdet1_exit: Memory Deallocated.
exit code 0

iracwrapdet1   exit_value =   0    execution_time = 0.070s
******************************************************************
Pipeline executing iracwrapdet2
iracwrapdet2 -i cvti2r4.fits -n cdf/pn107.nl -p cal/pmask.fits -d dmask.fits -w wmask.fits -a /sos/sw/S19.2.0/STUDIO/downlink/include 
******************************************************************

Program iracwrapdet2, Version 1.4
Namelist File  = cdf/pn107.nl
FITS Input Image = cvti2r4.fits
Pmask File = cal/pmask.fits
Dmask File = dmask.fits
Wmask File = mask.fits
M-Level       chan1     chan2     chan3     chan4
            55000.0   55000.0   55000.0   55000.0
Tolerance     chan1     chan2     chan3     chan4
             1200.0    1200.0    1200.0    1200.0
Pmask Maximum = 65535
Dmask Maximum = 65535
Ancillary Data-File Path = /sos/sw/S19.2.0/STUDIO/downlink/include
Verbose flag = 0
Super-verbose flag = 0
Debug flag = 0
iracwrapdet2 Status Message      0x0000
Normal exit from Function 0x0000: LOG_WRITER
Processing time: 0.100000 seconds
Current date/time: Sat Jan  9 14:57:45 2016
Program iracwrapdet2, version 1.4, terminated


iracwrapdet2   exit_value =   0    execution_time = 0.160s
******************************************************************
Pipeline executing iracwrapcorr
iracwrapcorr -i cvti2r4.fits -p cal/pmask.fits -d dmask.fits -w wmask.fits -o iracwrapcorr.fits 
******************************************************************
Pipeline Module IRACWRAPCORR Version 1.3
Processing time Sat Jan  9 14:57:45 2016
iracwrapcorr_parse_namelist: Information only: Namelist not specified.
Sat Jan  9 14:57:45 2016
Time = 0.060 seconds
exit code 0

iracwrapcorr   exit_value =   0    execution_time = 0.110s
******************************************************************
Pipeline executing iracnorm
iracnorm -i iracwrapcorr.fits -p cal/pmask.fits -d dmask.fits -o iracnorm.fits 
******************************************************************
Pipeline Module IRACWNORM Version 1.10
Processing time Sat Jan  9 14:57:46 2016

Sat Jan  9 14:57:46 2016
Time = 0.040 seconds
exit code 0

iracnorm   exit_value =   0    execution_time = 0.100s
******************************************************************
Pipeline executing iracebwc
iracebwc -i iracnorm.fits -n cdf/pn107.nl -p cal/pmask.fits -d dmask.fits -o iracebwc.fits 
******************************************************************
Pipeline Module IRACEBWC Version 1.2
Processing time Sat Jan  9 14:57:46 2016

Sat Jan  9 14:57:46 2016
Time = 0.040 seconds
exit code 0

iracebwc   exit_value =   0    execution_time = 0.080s
HDR mode   =  f
AOR Template Time     =  2
DCE Frame Time    =  2.00
EXTRpt     =  233
Frame NOBF =  0
From sub determine_delays:
   aottime = 2
   aordelay = 222.190359962807
   stellarmode = f
   expid=73
imdly = 1.42835999809265
frmdly = 1.42835999809265

Immed  Delay = 1.42835999809265
Frame  Delay = 1.42835999809265

 hdrupd8 vsn 1.6  A70821
 hdrupd8 vsn 1.6  A70821
 hdrupd8 vsn 1.6  A70821
 hdrupd8 vsn 1.6  A70821
 hdrupd8 vsn 1.6  A70821
 hdrupd8 vsn 1.6  A70821
 hdrupd8 vsn 1.6  A70821
******************************************************************
Pipeline executing darksubng
darksubng -i iracebwc.fits -a /sos/sw/S19.2.0/STUDIO/downlink/include -p cal/pmask.fits -d dmask.fits -o labdarksub.fits -cc cal/labdark.fits -v 
******************************************************************
/sos/sw/S19.2.0/STUDIO/downlink/bin/darksubng: namelist not given
/sos/sw/S19.2.0/STUDIO/downlink/bin/darksubng: input uncertainty image not given
/sos/sw/S19.2.0/STUDIO/downlink/bin/darksubng: output uncertainty image not given
/sos/sw/S19.2.0/STUDIO/downlink/bin/darksubng: WARNING no uncertainty calculations will be performed
/sos/sw/S19.2.0/STUDIO/downlink/bin/darksubng: Namelist               = []
/sos/sw/S19.2.0/STUDIO/downlink/bin/darksubng: Input image            = [iracebwc.fits]
/sos/sw/S19.2.0/STUDIO/downlink/bin/darksubng: Input uncertainty      = []
/sos/sw/S19.2.0/STUDIO/downlink/bin/darksubng: Output image           = [!labdarksub.fits]
/sos/sw/S19.2.0/STUDIO/downlink/bin/darksubng: Output uncertainty     = []
/sos/sw/S19.2.0/STUDIO/downlink/bin/darksubng: Dark                   = [cal/labdark.fits]
/sos/sw/S19.2.0/STUDIO/downlink/bin/darksubng: Pmask file             = [cal/pmask.fits]
/sos/sw/S19.2.0/STUDIO/downlink/bin/darksubng: Pmask fatality bitmask = [65536]
/sos/sw/S19.2.0/STUDIO/downlink/bin/darksubng: Dmask file             = [dmask.fits]
/sos/sw/S19.2.0/STUDIO/downlink/bin/darksubng: Dmask fatality bitmask = [65536]
/sos/sw/S19.2.0/STUDIO/downlink/bin/darksubng: Cmask file             = []
/sos/sw/S19.2.0/STUDIO/downlink/bin/darksubng: Cmask fatality bitmask = [65536]
/sos/sw/S19.2.0/STUDIO/downlink/bin/darksubng: Logfile                = []
/sos/sw/S19.2.0/STUDIO/downlink/bin/darksubng: Ancillary Path         = [/sos/sw/S19.2.0/STUDIO/downlink/include]
/sos/sw/S19.2.0/STUDIO/downlink/bin/darksubng: Uncertainty calculations will not be made
/sos/sw/S19.2.0/STUDIO/downlink/bin/darksubng: WARNING cal/labdark.fits has no BUNIT key
/sos/sw/S19.2.0/STUDIO/downlink/bin/darksubng: WARNING assuming cal/labdark.fits is in DN
/sos/sw/S19.2.0/STUDIO/downlink/bin/darksubng: WARNING cal/labdark.fits has no EXPTIME key
/sos/sw/S19.2.0/STUDIO/downlink/bin/darksubng: WARNING cal/labdark.fits has no GAIN keywords
/sos/sw/S19.2.0/STUDIO/downlink/bin/darksubng: compute - performing any unit conversions
/sos/sw/S19.2.0/STUDIO/downlink/bin/darksubng: compute - starting subtraction with masking 
/sos/sw/S19.2.0/STUDIO/downlink/bin/darksubng: Processing successful; Exiting

darksubng   exit_value =   0    execution_time = 0.150s
READ Noise !! =  9.4
******************************************************************
Pipeline executing snestimator
snestimator -i labdarksub.fits -n cdf/pn107.nl -a /sos/sw/S19.2.0/STUDIO/downlink/include -p cal/pmask.fits -d dmask.fits -on sig_snestimator.fits -g 3.71 -r 9.4 
******************************************************************
verbose 0

Program SNESTIMATOR, Version 1.5
Namelist File  = cdf/pn107.nl
Input FITS Image = labdarksub.fits
Noise Image = sig_snestimator.fits
Denominator type = IRAC_MODEL
Edge Pixels Excluded = 0
Gain Channel 1 = 3.710000 Channel 2 = 3.710000 Channel 3 = 3.710000 Channel 4 = 3.710000
Read Noise = 9.400000
Confusion Sigma = 0.000000
Ancillary Data-File Path = /sos/sw/S19.2.0/STUDIO/downlink/include
Verbose flag = 0
Super-verbose flag = 0
Debug flag = 0
snestimator Status Message      0x0000
Normal exit from Function 0x0000: LOG_WRITER
Processing time: 0.090000 seconds
Current date/time: Sat Jan  9 14:58:15 2016
Program SNESTIMATOR, version 1.5, terminated


snestimator   exit_value =   0    execution_time = 0.170s
******************************************************************
Pipeline executing darksubng
darksubng -i iracebwc.fits -iu sig_snestimator.fits -a /sos/sw/S19.2.0/STUDIO/downlink/include -p cal/pmask.fits -d dmask.fits -o labdarksub.fits -ou sig_labdarksub.fits -cc cal/labdark.fits -v 
******************************************************************
/sos/sw/S19.2.0/STUDIO/downlink/bin/darksubng: namelist not given
/sos/sw/S19.2.0/STUDIO/downlink/bin/darksubng: Namelist               = []
/sos/sw/S19.2.0/STUDIO/downlink/bin/darksubng: Input image            = [iracebwc.fits]
/sos/sw/S19.2.0/STUDIO/downlink/bin/darksubng: Input uncertainty      = [sig_snestimator.fits]
/sos/sw/S19.2.0/STUDIO/downlink/bin/darksubng: Output image           = [!labdarksub.fits]
/sos/sw/S19.2.0/STUDIO/downlink/bin/darksubng: Output uncertainty     = [!sig_labdarksub.fits]
/sos/sw/S19.2.0/STUDIO/downlink/bin/darksubng: Dark                   = [cal/labdark.fits]
/sos/sw/S19.2.0/STUDIO/downlink/bin/darksubng: Pmask file             = [cal/pmask.fits]
/sos/sw/S19.2.0/STUDIO/downlink/bin/darksubng: Pmask fatality bitmask = [65536]
/sos/sw/S19.2.0/STUDIO/downlink/bin/darksubng: Dmask file             = [dmask.fits]
/sos/sw/S19.2.0/STUDIO/downlink/bin/darksubng: Dmask fatality bitmask = [65536]
/sos/sw/S19.2.0/STUDIO/downlink/bin/darksubng: Cmask file             = []
/sos/sw/S19.2.0/STUDIO/downlink/bin/darksubng: Cmask fatality bitmask = [65536]
/sos/sw/S19.2.0/STUDIO/downlink/bin/darksubng: Logfile                = []
/sos/sw/S19.2.0/STUDIO/downlink/bin/darksubng: Ancillary Path         = [/sos/sw/S19.2.0/STUDIO/downlink/include]
/sos/sw/S19.2.0/STUDIO/downlink/bin/darksubng: Uncertainty calculations will be made
/sos/sw/S19.2.0/STUDIO/downlink/bin/darksubng: WARNING cal/labdark.fits has no BUNIT key
/sos/sw/S19.2.0/STUDIO/downlink/bin/darksubng: WARNING assuming cal/labdark.fits is in DN
/sos/sw/S19.2.0/STUDIO/downlink/bin/darksubng: WARNING cal/labdark.fits has no EXPTIME key
/sos/sw/S19.2.0/STUDIO/downlink/bin/darksubng: WARNING cal/labdark.fits has no GAIN keywords
/sos/sw/S19.2.0/STUDIO/downlink/bin/darksubng: compute - performing any unit conversions
/sos/sw/S19.2.0/STUDIO/downlink/bin/darksubng: compute - starting subtraction with masking 
/sos/sw/S19.2.0/STUDIO/downlink/bin/darksubng: Processing successful; Exiting

darksubng   exit_value =   0    execution_time = 0.200s
******************************************************************
Pipeline executing fowlinearize
fowlinearize -i1 labdarksub.fits -i3 sig_labdarksub.fits -n cdf/pn107.nl -a /sos/sw/S19.2.0/STUDIO/downlink/include -ip cal/pmask.fits -i2 cal/lincal.fits -id dmask.fits -o1 fowlinearize.fits -o2 sig_fowlinearize.fits -c 10 
******************************************************************

Program FOWLINEARIZE, Version 4.9
Namelist File  = cdf/pn107.nl
Input File 1 = labdarksub.fits
Input File 2 = cal/lincal.fits
Input File 3 = sig_labdarksub.fits
Model_Flag(1=quad. 2=cubic) = 1
Clock_Readout(10=sub-array, 200=full-array) = 10.000000
Input PMask Image = cal/pmask.fits
Unusable PMask Bits = 16384
Input DMask Image = dmask.fits
Unusable DMask Bits = 8192
Not-linearized DMask Bit = 4096
Not-linearized DMask Bit due to lincal-model saturation = 8192
Output File 1 = fowlinearize.fits
Output File 2 = sig_fowlinearize.fits
Ancillary Data-File Path = /sos/sw/S19.2.0/STUDIO/downlink/include
Verbose flag = 0
Super-verbose flag = 0
Debug flag = 0
Performed linearity correction.
Program fowlinearize: Status Message: 0x0000
Normal exit from Function 0x0000: LOG_WRITER
Processing time: 0.300000 seconds
Current date/time: Sat Jan  9 14:58:16 2016
Program FOWLINEARIZE, version 4.9, terminated.

fowlinearize   exit_value =   0    execution_time = 0.400s
Read Noise =  9.4
 hdrupd8 vsn 1.6  A70821
******************************************************************
Pipeline executing bgmodel
bgmodel -i fowlinearize.fits -n cdf/pn107.nl -h 
******************************************************************

Online Namelist file descriptor associated
Online namelist buffer loaded: length = 7422
bgmodel_log_writer: Printing Log output to stdout
bgmodel  Version 1.0
Namelist File  = cdf/pn107.nl
Input Image = fowlinearize.fits
Ephemeris = /scr5/S19.2.0/cdf/spice/sirtf.bsp
LeapSec Kernel = /scr5/S19.2.0/cdf/spice/leapseconds.ker
SPK Kernel = /scr5/S19.2.0/cdf/spice/de.bsp

bgmodel  Status Message      0x0000: No error.
Time = 0.070 seconds

Background exits with status = 0


bgmodel   exit_value =   0    execution_time = 0.110s
******************************************************************
Pipeline executing hdrupd8
hdrupd8 fowlinearize.fits -a addkeys.dat 
******************************************************************
 hdrupd8 vsn 1.6  A70821

hdrupd8   exit_value =   0    execution_time = 0.370s
SkyDk Med DN      = 16.56367 
Exposure time     = 1.92
SkyDk Med DN rate = 8.62691145833333
Flux Conv         = 0.1447 
SkyDk Med Flux    = 1.24831408802083
Image File = fowlinearize.fits 

 hdrupd8 vsn 1.6  A70821
 hdrupd8 vsn 1.6  A70821
 hdrupd8 vsn 1.6  A70821
 hdrupd8 vsn 1.6  A70821
 hdrupd8 vsn 1.6  A70821
******************************************************************
Pipeline executing darksubng
darksubng -i fowlinearize.fits -iu sig_fowlinearize.fits -a /sos/sw/S19.2.0/STUDIO/downlink/include -p cal/pmask.fits -d dmask.fits -o skydarksub.fits -ou sig_skydarksub.fits -cc cal/skydark.fits -v -c cal/skydark_cmask.fits 
******************************************************************
/sos/sw/S19.2.0/STUDIO/downlink/bin/darksubng: namelist not given
/sos/sw/S19.2.0/STUDIO/downlink/bin/darksubng: Namelist               = []
/sos/sw/S19.2.0/STUDIO/downlink/bin/darksubng: Input image            = [fowlinearize.fits]
/sos/sw/S19.2.0/STUDIO/downlink/bin/darksubng: Input uncertainty      = [sig_fowlinearize.fits]
/sos/sw/S19.2.0/STUDIO/downlink/bin/darksubng: Output image           = [!skydarksub.fits]
/sos/sw/S19.2.0/STUDIO/downlink/bin/darksubng: Output uncertainty     = [!sig_skydarksub.fits]
/sos/sw/S19.2.0/STUDIO/downlink/bin/darksubng: Dark                   = [cal/skydark.fits]
/sos/sw/S19.2.0/STUDIO/downlink/bin/darksubng: Pmask file             = [cal/pmask.fits]
/sos/sw/S19.2.0/STUDIO/downlink/bin/darksubng: Pmask fatality bitmask = [65536]
/sos/sw/S19.2.0/STUDIO/downlink/bin/darksubng: Dmask file             = [dmask.fits]
/sos/sw/S19.2.0/STUDIO/downlink/bin/darksubng: Dmask fatality bitmask = [65536]
/sos/sw/S19.2.0/STUDIO/downlink/bin/darksubng: Cmask file             = [cal/skydark_cmask.fits]
/sos/sw/S19.2.0/STUDIO/downlink/bin/darksubng: Cmask fatality bitmask = [65536]
/sos/sw/S19.2.0/STUDIO/downlink/bin/darksubng: Logfile                = []
/sos/sw/S19.2.0/STUDIO/downlink/bin/darksubng: Ancillary Path         = [/sos/sw/S19.2.0/STUDIO/downlink/include]
/sos/sw/S19.2.0/STUDIO/downlink/bin/darksubng: Uncertainty calculations will be made
/sos/sw/S19.2.0/STUDIO/downlink/bin/darksubng: compute - performing any unit conversions
/sos/sw/S19.2.0/STUDIO/downlink/bin/darksubng: compute - starting subtraction with masking 
/sos/sw/S19.2.0/STUDIO/downlink/bin/darksubng: Processing successful; Exiting

darksubng   exit_value =   0    execution_time = 0.200s
******************************************************************
Pipeline executing darkdrift
darkdrift -i skydarksub.fits -iu sig_skydarksub.fits -n cdf/pn107.nl -a /sos/sw/S19.2.0/STUDIO/downlink/include -o1 darkdrift.fits -o2 darkdriftcorr.fits -o3 darkdrift.tbl -ou sig_darkdrift.fits 
******************************************************************
Program darkdrift, Version 4.1
Namelist File  = cdf/pn107.nl
Input Image = skydarksub.fits
Input Uncertainty Image = sig_skydarksub.fits
Output Image 1 (corrected image) = darkdrift.fits
Output Image 2 (corrections) = darkdriftcorr.fits
Output Image 3 (uncertainties) = sig_darkdrift.fits
Output File 3 = darkdrift.tbl
Central fraction for trimmed average  = 0.900000
Central fraction for trimmed std. dev. = 0.900000
Time_Input = 0.250000
Time_Before = 0.000000
Time_After = 1.000000
Temp_Input = 270.000000
Temp_Before = 280.000000
Temp_After = 260.000000
Calculation Type = 1
Input-Image Transpose Flag = 1
Multiplicative-Correction Flag (Additive if zero) = 0
Readout Channel to exclude (none if zero) = 0
Data-Plane Flag = 1
Ancillary Data-File Path = /sos/sw/S19.2.0/STUDIO/downlink/include
Verbose flag = 0
Super-verbose flag = 0
Debug flag = 0
Dark-current offsets estimated from input image.

Detailed darkdrift calculational results:
...for data plane = 1
Darkdrift correction for readout-channel 1 = -0.644254
Darkdrift correction for readout-channel 2 = 0.180308
Darkdrift correction for readout-channel 3 = 0.322448
Darkdrift correction for readout-channel 4 = 0.141498
Darkdrift uncertainty for readout-channel 1 = 0.337709
Darkdrift uncertainty for readout-channel 2 = 0.299405
Darkdrift uncertainty for readout-channel 3 = 0.301455
Darkdrift uncertainty for readout-channel 4 = 0.374010
Trimmed average of values in readout-channel 1 = 6.703512
Trimmed average of values in readout-channel 2 = 7.528075
Trimmed average of values in readout-channel 3 = 7.670215
Trimmed average of values in readout-channel 4 = 7.489265
Darkdrift background term = 7.347767
...for data plane = 2
Darkdrift correction for readout-channel 1 = -0.018859
Darkdrift correction for readout-channel 2 = -0.492825
Darkdrift correction for readout-channel 3 = -0.257340
Darkdrift correction for readout-channel 4 = 0.769024
Darkdrift uncertainty for readout-channel 1 = 0.303732
Darkdrift uncertainty for readout-channel 2 = 0.302978
Darkdrift uncertainty for readout-channel 3 = 0.302745
Darkdrift uncertainty for readout-channel 4 = 0.303417
Trimmed average of values in readout-channel 1 = 5.052902
Trimmed average of values in readout-channel 2 = 4.578937
Trimmed average of values in readout-channel 3 = 4.814422
Trimmed average of values in readout-channel 4 = 5.840785
Darkdrift background term = 5.071761
...for data plane = 3
Darkdrift correction for readout-channel 1 = 0.438323
Darkdrift correction for readout-channel 2 = -0.774949
Darkdrift correction for readout-channel 3 = -0.314477
Darkdrift correction for readout-channel 4 = 0.651103
Darkdrift uncertainty for readout-channel 1 = 0.302842
Darkdrift uncertainty for readout-channel 2 = 0.304351
Darkdrift uncertainty for readout-channel 3 = 0.340679
Darkdrift uncertainty for readout-channel 4 = 0.303152
Trimmed average of values in readout-channel 1 = 5.412056
Trimmed average of values in readout-channel 2 = 4.198784
Trimmed average of values in readout-channel 3 = 4.659255
Trimmed average of values in readout-channel 4 = 5.624836
Darkdrift background term = 4.973733
...for data plane = 4
Darkdrift correction for readout-channel 1 = -0.176048
Darkdrift correction for readout-channel 2 = -0.114811
Darkdrift correction for readout-channel 3 = 0.330200
Darkdrift correction for readout-channel 4 = -0.039341
Darkdrift uncertainty for readout-channel 1 = 0.302715
Darkdrift uncertainty for readout-channel 2 = 0.302986
Darkdrift uncertainty for readout-channel 3 = 0.302984
Darkdrift uncertainty for readout-channel 4 = 0.303062
Trimmed average of values in readout-channel 1 = 5.276773
Trimmed average of values in readout-channel 2 = 5.338010
Trimmed average of values in readout-channel 3 = 5.783022
Trimmed average of values in readout-channel 4 = 5.413481
Darkdrift background term = 5.452821
...for data plane = 5
Darkdrift correction for readout-channel 1 = 0.069397
Darkdrift correction for readout-channel 2 = -0.641883
Darkdrift correction for readout-channel 3 = 0.211838
Darkdrift correction for readout-channel 4 = 0.360648
Darkdrift uncertainty for readout-channel 1 = 0.303226
Darkdrift uncertainty for readout-channel 2 = 0.302412
Darkdrift uncertainty for readout-channel 3 = 0.303380
Darkdrift uncertainty for readout-channel 4 = 0.302973
Trimmed average of values in readout-channel 1 = 5.299334
Trimmed average of values in readout-channel 2 = 4.588054
Trimmed average of values in readout-channel 3 = 5.441775
Trimmed average of values in readout-channel 4 = 5.590585
Darkdrift background term = 5.229937
...for data plane = 6
Darkdrift correction for readout-channel 1 = -0.082481
Darkdrift correction for readout-channel 2 = -0.024417
Darkdrift correction for readout-channel 3 = -0.003736
Darkdrift correction for readout-channel 4 = 0.110635
Darkdrift uncertainty for readout-channel 1 = 0.303237
Darkdrift uncertainty for readout-channel 2 = 0.302706
Darkdrift uncertainty for readout-channel 3 = 0.302993
Darkdrift uncertainty for readout-channel 4 = 0.302550
Trimmed average of values in readout-channel 1 = 5.556919
Trimmed average of values in readout-channel 2 = 5.614983
Trimmed average of values in readout-channel 3 = 5.635664
Trimmed average of values in readout-channel 4 = 5.750035
Darkdrift background term = 5.639400
...for data plane = 7
Darkdrift correction for readout-channel 1 = -0.129130
Darkdrift correction for readout-channel 2 = -0.223299
Darkdrift correction for readout-channel 3 = 0.013933
Darkdrift correction for readout-channel 4 = 0.338495
Darkdrift uncertainty for readout-channel 1 = 0.303362
Darkdrift uncertainty for readout-channel 2 = 0.302981
Darkdrift uncertainty for readout-channel 3 = 0.302976
Darkdrift uncertainty for readout-channel 4 = 0.303229
Trimmed average of values in readout-channel 1 = 5.793962
Trimmed average of values in readout-channel 2 = 5.699793
Trimmed average of values in readout-channel 3 = 5.937024
Trimmed average of values in readout-channel 4 = 6.261586
Darkdrift background term = 5.923091
...for data plane = 8
Darkdrift correction for readout-channel 1 = 0.032421
Darkdrift correction for readout-channel 2 = -0.188693
Darkdrift correction for readout-channel 3 = -0.162513
Darkdrift correction for readout-channel 4 = 0.318784
Darkdrift uncertainty for readout-channel 1 = 0.302838
Darkdrift uncertainty for readout-channel 2 = 0.229167
Darkdrift uncertainty for readout-channel 3 = 0.303130
Darkdrift uncertainty for readout-channel 4 = 0.302956
Trimmed average of values in readout-channel 1 = 5.906925
Trimmed average of values in readout-channel 2 = 5.685811
Trimmed average of values in readout-channel 3 = 5.711991
Trimmed average of values in readout-channel 4 = 6.193288
Darkdrift background term = 5.874504
...for data plane = 9
Darkdrift correction for readout-channel 1 = 0.180258
Darkdrift correction for readout-channel 2 = -0.006400
Darkdrift correction for readout-channel 3 = 0.064167
Darkdrift correction for readout-channel 4 = -0.238025
Darkdrift uncertainty for readout-channel 1 = 0.371840
Darkdrift uncertainty for readout-channel 2 = 0.302971
Darkdrift uncertainty for readout-channel 3 = 0.303476
Darkdrift uncertainty for readout-channel 4 = 0.302956
Trimmed average of values in readout-channel 1 = 6.000304
Trimmed average of values in readout-channel 2 = 5.813646
Trimmed average of values in readout-channel 3 = 5.884213
Trimmed average of values in readout-channel 4 = 5.582022
Darkdrift background term = 5.820046
...for data plane = 10
Darkdrift correction for readout-channel 1 = 0.524317
Darkdrift correction for readout-channel 2 = -0.136061
Darkdrift correction for readout-channel 3 = -0.037204
Darkdrift correction for readout-channel 4 = -0.351052
Darkdrift uncertainty for readout-channel 1 = 0.302840
Darkdrift uncertainty for readout-channel 2 = 0.303515
Darkdrift uncertainty for readout-channel 3 = 0.303861
Darkdrift uncertainty for readout-channel 4 = 0.302975
Trimmed average of values in readout-channel 1 = 6.172555
Trimmed average of values in readout-channel 2 = 5.512177
Trimmed average of values in readout-channel 3 = 5.611034
Trimmed average of values in readout-channel 4 = 5.297186
Darkdrift background term = 5.648238
...for data plane = 11
Darkdrift correction for readout-channel 1 = -0.093332
Darkdrift correction for readout-channel 2 = -0.132414
Darkdrift correction for readout-channel 3 = 0.262568
Darkdrift correction for readout-channel 4 = -0.036823
Darkdrift uncertainty for readout-channel 1 = 0.303106
Darkdrift uncertainty for readout-channel 2 = 0.302687
Darkdrift uncertainty for readout-channel 3 = 0.303098
Darkdrift uncertainty for readout-channel 4 = 0.302990
Trimmed average of values in readout-channel 1 = 5.612445
Trimmed average of values in readout-channel 2 = 5.573363
Trimmed average of values in readout-channel 3 = 5.968344
Trimmed average of values in readout-channel 4 = 5.668954
Darkdrift background term = 5.705776
...for data plane = 12
Darkdrift correction for readout-channel 1 = 0.258747
Darkdrift correction for readout-channel 2 = -0.107396
Darkdrift correction for readout-channel 3 = -0.096857
Darkdrift correction for readout-channel 4 = -0.054494
Darkdrift uncertainty for readout-channel 1 = 0.301957
Darkdrift uncertainty for readout-channel 2 = 0.302972
Darkdrift uncertainty for readout-channel 3 = 0.302979
Darkdrift uncertainty for readout-channel 4 = 0.302975
Trimmed average of values in readout-channel 1 = 5.991455
Trimmed average of values in readout-channel 2 = 5.625312
Trimmed average of values in readout-channel 3 = 5.635851
Trimmed average of values in readout-channel 4 = 5.678214
Darkdrift background term = 5.732708
...for data plane = 13
Darkdrift correction for readout-channel 1 = -0.028887
Darkdrift correction for readout-channel 2 = -0.162270
Darkdrift correction for readout-channel 3 = -0.014387
Darkdrift correction for readout-channel 4 = 0.205544
Darkdrift uncertainty for readout-channel 1 = 0.303246
Darkdrift uncertainty for readout-channel 2 = 0.302992
Darkdrift uncertainty for readout-channel 3 = 0.302981
Darkdrift uncertainty for readout-channel 4 = 0.302964
Trimmed average of values in readout-channel 1 = 5.404903
Trimmed average of values in readout-channel 2 = 5.271520
Trimmed average of values in readout-channel 3 = 5.419403
Trimmed average of values in readout-channel 4 = 5.639334
Darkdrift background term = 5.433790
...for data plane = 14
Darkdrift correction for readout-channel 1 = -0.124976
Darkdrift correction for readout-channel 2 = -0.648878
Darkdrift correction for readout-channel 3 = 0.324559
Darkdrift correction for readout-channel 4 = 0.449294
Darkdrift uncertainty for readout-channel 1 = 0.303095
Darkdrift uncertainty for readout-channel 2 = 0.302992
Darkdrift uncertainty for readout-channel 3 = 0.375708
Darkdrift uncertainty for readout-channel 4 = 0.303089
Trimmed average of values in readout-channel 1 = 5.641647
Trimmed average of values in readout-channel 2 = 5.117745
Trimmed average of values in readout-channel 3 = 6.091182
Trimmed average of values in readout-channel 4 = 6.215917
Darkdrift background term = 5.766623
...for data plane = 15
Darkdrift correction for readout-channel 1 = 0.176941
Darkdrift correction for readout-channel 2 = -0.245233
Darkdrift correction for readout-channel 3 = 0.018952
Darkdrift correction for readout-channel 4 = 0.049340
Darkdrift uncertainty for readout-channel 1 = 0.303244
Darkdrift uncertainty for readout-channel 2 = 0.302142
Darkdrift uncertainty for readout-channel 3 = 0.302988
Darkdrift uncertainty for readout-channel 4 = 0.302986
Trimmed average of values in readout-channel 1 = 6.019353
Trimmed average of values in readout-channel 2 = 5.597179
Trimmed average of values in readout-channel 3 = 5.861364
Trimmed average of values in readout-channel 4 = 5.891751
Darkdrift background term = 5.842412
...for data plane = 16
Darkdrift correction for readout-channel 1 = 0.116906
Darkdrift correction for readout-channel 2 = 0.184003
Darkdrift correction for readout-channel 3 = -0.248319
Darkdrift correction for readout-channel 4 = -0.052590
Darkdrift uncertainty for readout-channel 1 = 0.302968
Darkdrift uncertainty for readout-channel 2 = 0.300213
Darkdrift uncertainty for readout-channel 3 = 0.302987
Darkdrift uncertainty for readout-channel 4 = 0.302973
Trimmed average of values in readout-channel 1 = 5.864813
Trimmed average of values in readout-channel 2 = 5.931910
Trimmed average of values in readout-channel 3 = 5.499588
Trimmed average of values in readout-channel 4 = 5.695317
Darkdrift background term = 5.747907
...for data plane = 17
Darkdrift correction for readout-channel 1 = -0.360296
Darkdrift correction for readout-channel 2 = 0.055423
Darkdrift correction for readout-channel 3 = 0.140816
Darkdrift correction for readout-channel 4 = 0.164057
Darkdrift uncertainty for readout-channel 1 = 0.303103
Darkdrift uncertainty for readout-channel 2 = 0.302977
Darkdrift uncertainty for readout-channel 3 = 0.302724
Darkdrift uncertainty for readout-channel 4 = 0.302979
Trimmed average of values in readout-channel 1 = 5.396096
Trimmed average of values in readout-channel 2 = 5.811815
Trimmed average of values in readout-channel 3 = 5.897209
Trimmed average of values in readout-channel 4 = 5.920450
Darkdrift background term = 5.756393
...for data plane = 18
Darkdrift correction for readout-channel 1 = 0.089506
Darkdrift correction for readout-channel 2 = -0.180006
Darkdrift correction for readout-channel 3 = -0.113149
Darkdrift correction for readout-channel 4 = 0.203650
Darkdrift uncertainty for readout-channel 1 = 0.302161
Darkdrift uncertainty for readout-channel 2 = 0.302978
Darkdrift uncertainty for readout-channel 3 = 0.302979
Darkdrift uncertainty for readout-channel 4 = 0.303217
Trimmed average of values in readout-channel 1 = 5.984064
Trimmed average of values in readout-channel 2 = 5.714553
Trimmed average of values in readout-channel 3 = 5.781410
Trimmed average of values in readout-channel 4 = 6.098208
Darkdrift background term = 5.894559
...for data plane = 19
Darkdrift correction for readout-channel 1 = -0.164427
Darkdrift correction for readout-channel 2 = 0.384903
Darkdrift correction for readout-channel 3 = -0.449914
Darkdrift correction for readout-channel 4 = 0.229438
Darkdrift uncertainty for readout-channel 1 = 0.302984
Darkdrift uncertainty for readout-channel 2 = 0.302964
Darkdrift uncertainty for readout-channel 3 = 0.303533
Darkdrift uncertainty for readout-channel 4 = 0.302978
Trimmed average of values in readout-channel 1 = 5.686735
Trimmed average of values in readout-channel 2 = 6.236065
Trimmed average of values in readout-channel 3 = 5.401247
Trimmed average of values in readout-channel 4 = 6.080599
Darkdrift background term = 5.851161
...for data plane = 20
Darkdrift correction for readout-channel 1 = 0.075373
Darkdrift correction for readout-channel 2 = 0.099257
Darkdrift correction for readout-channel 3 = -0.237460
Darkdrift correction for readout-channel 4 = 0.062829
Darkdrift uncertainty for readout-channel 1 = 0.303034
Darkdrift uncertainty for readout-channel 2 = 0.302695
Darkdrift uncertainty for readout-channel 3 = 0.302979
Darkdrift uncertainty for readout-channel 4 = 0.303056
Trimmed average of values in readout-channel 1 = 5.767585
Trimmed average of values in readout-channel 2 = 5.791468
Trimmed average of values in readout-channel 3 = 5.454752
Trimmed average of values in readout-channel 4 = 5.755041
Darkdrift background term = 5.692211
...for data plane = 21
Darkdrift correction for readout-channel 1 = -0.063936
Darkdrift correction for readout-channel 2 = -0.288514
Darkdrift correction for readout-channel 3 = 0.284356
Darkdrift correction for readout-channel 4 = 0.068095
Darkdrift uncertainty for readout-channel 1 = 0.303117
Darkdrift uncertainty for readout-channel 2 = 0.303535
Darkdrift uncertainty for readout-channel 3 = 0.302658
Darkdrift uncertainty for readout-channel 4 = 0.303142
Trimmed average of values in readout-channel 1 = 5.662548
Trimmed average of values in readout-channel 2 = 5.437970
Trimmed average of values in readout-channel 3 = 6.010839
Trimmed average of values in readout-channel 4 = 5.794578
Darkdrift background term = 5.726484
...for data plane = 22
Darkdrift correction for readout-channel 1 = -0.111911
Darkdrift correction for readout-channel 2 = 0.135503
Darkdrift correction for readout-channel 3 = -0.266751
Darkdrift correction for readout-channel 4 = 0.243159
Darkdrift uncertainty for readout-channel 1 = 0.377824
Darkdrift uncertainty for readout-channel 2 = 0.304077
Darkdrift uncertainty for readout-channel 3 = 0.303221
Darkdrift uncertainty for readout-channel 4 = 0.302966
Trimmed average of values in readout-channel 1 = 5.589819
Trimmed average of values in readout-channel 2 = 5.837232
Trimmed average of values in readout-channel 3 = 5.434979
Trimmed average of values in readout-channel 4 = 5.944889
Darkdrift background term = 5.701730
...for data plane = 23
Darkdrift correction for readout-channel 1 = -0.048290
Darkdrift correction for readout-channel 2 = -0.275384
Darkdrift correction for readout-channel 3 = -0.160029
Darkdrift correction for readout-channel 4 = 0.483704
Darkdrift uncertainty for readout-channel 1 = 0.303594
Darkdrift uncertainty for readout-channel 2 = 0.302971
Darkdrift uncertainty for readout-channel 3 = 0.302891
Darkdrift uncertainty for readout-channel 4 = 0.302988
Trimmed average of values in readout-channel 1 = 5.533096
Trimmed average of values in readout-channel 2 = 5.306003
Trimmed average of values in readout-channel 3 = 5.421358
Trimmed average of values in readout-channel 4 = 6.065091
Darkdrift background term = 5.581387
...for data plane = 24
Darkdrift correction for readout-channel 1 = 0.049280
Darkdrift correction for readout-channel 2 = 0.003116
Darkdrift correction for readout-channel 3 = -0.569352
Darkdrift correction for readout-channel 4 = 0.516957
Darkdrift uncertainty for readout-channel 1 = 0.302971
Darkdrift uncertainty for readout-channel 2 = 0.303250
Darkdrift uncertainty for readout-channel 3 = 0.302559
Darkdrift uncertainty for readout-channel 4 = 0.302978
Trimmed average of values in readout-channel 1 = 5.803227
Trimmed average of values in readout-channel 2 = 5.757062
Trimmed average of values in readout-channel 3 = 5.184594
Trimmed average of values in readout-channel 4 = 6.270903
Darkdrift background term = 5.753947
...for data plane = 25
Darkdrift correction for readout-channel 1 = -0.307886
Darkdrift correction for readout-channel 2 = -0.333906
Darkdrift correction for readout-channel 3 = 0.228734
Darkdrift correction for readout-channel 4 = 0.413058
Darkdrift uncertainty for readout-channel 1 = 0.303726
Darkdrift uncertainty for readout-channel 2 = 0.304067
Darkdrift uncertainty for readout-channel 3 = 0.303209
Darkdrift uncertainty for readout-channel 4 = 0.303220
Trimmed average of values in readout-channel 1 = 5.830493
Trimmed average of values in readout-channel 2 = 5.804473
Trimmed average of values in readout-channel 3 = 6.367113
Trimmed average of values in readout-channel 4 = 6.551437
Darkdrift background term = 6.138379
...for data plane = 26
Darkdrift correction for readout-channel 1 = 0.445283
Darkdrift correction for readout-channel 2 = -0.056067
Darkdrift correction for readout-channel 3 = -0.196470
Darkdrift correction for readout-channel 4 = -0.192746
Darkdrift uncertainty for readout-channel 1 = 0.303998
Darkdrift uncertainty for readout-channel 2 = 0.302412
Darkdrift uncertainty for readout-channel 3 = 0.302979
Darkdrift uncertainty for readout-channel 4 = 0.303462
Trimmed average of values in readout-channel 1 = 6.357957
Trimmed average of values in readout-channel 2 = 5.856608
Trimmed average of values in readout-channel 3 = 5.716204
Trimmed average of values in readout-channel 4 = 5.719928
Darkdrift background term = 5.912674
...for data plane = 27
Darkdrift correction for readout-channel 1 = 0.172909
Darkdrift correction for readout-channel 2 = -0.515608
Darkdrift correction for readout-channel 3 = -0.179497
Darkdrift correction for readout-channel 4 = 0.522196
Darkdrift uncertainty for readout-channel 1 = 0.303739
Darkdrift uncertainty for readout-channel 2 = 0.303245
Darkdrift uncertainty for readout-channel 3 = 0.303048
Darkdrift uncertainty for readout-channel 4 = 0.302796
Trimmed average of values in readout-channel 1 = 6.128839
Trimmed average of values in readout-channel 2 = 5.440322
Trimmed average of values in readout-channel 3 = 5.776433
Trimmed average of values in readout-channel 4 = 6.478126
Darkdrift background term = 5.955930
...for data plane = 28
Darkdrift correction for readout-channel 1 = 0.016999
Darkdrift correction for readout-channel 2 = 0.175697
Darkdrift correction for readout-channel 3 = 0.061732
Darkdrift correction for readout-channel 4 = -0.254429
Darkdrift uncertainty for readout-channel 1 = 0.227750
Darkdrift uncertainty for readout-channel 2 = 0.302147
Darkdrift uncertainty for readout-channel 3 = 0.304016
Darkdrift uncertainty for readout-channel 4 = 0.303137
Trimmed average of values in readout-channel 1 = 5.809843
Trimmed average of values in readout-channel 2 = 5.968541
Trimmed average of values in readout-channel 3 = 5.854576
Trimmed average of values in readout-channel 4 = 5.538415
Darkdrift background term = 5.792843
...for data plane = 29
Darkdrift correction for readout-channel 1 = -0.229845
Darkdrift correction for readout-channel 2 = 0.060164
Darkdrift correction for readout-channel 3 = 0.167122
Darkdrift correction for readout-channel 4 = 0.002559
Darkdrift uncertainty for readout-channel 1 = 0.303352
Darkdrift uncertainty for readout-channel 2 = 0.302966
Darkdrift uncertainty for readout-channel 3 = 0.227792
Darkdrift uncertainty for readout-channel 4 = 0.303048
Trimmed average of values in readout-channel 1 = 5.629446
Trimmed average of values in readout-channel 2 = 5.919454
Trimmed average of values in readout-channel 3 = 6.026412
Trimmed average of values in readout-channel 4 = 5.861849
Darkdrift background term = 5.859290
...for data plane = 30
Darkdrift correction for readout-channel 1 = 0.087206
Darkdrift correction for readout-channel 2 = 0.006230
Darkdrift correction for readout-channel 3 = -0.001835
Darkdrift correction for readout-channel 4 = -0.091601
Darkdrift uncertainty for readout-channel 1 = 0.302962
Darkdrift uncertainty for readout-channel 2 = 0.303245
Darkdrift uncertainty for readout-channel 3 = 0.303447
Darkdrift uncertainty for readout-channel 4 = 0.303216
Trimmed average of values in readout-channel 1 = 5.865737
Trimmed average of values in readout-channel 2 = 5.784760
Trimmed average of values in readout-channel 3 = 5.776696
Trimmed average of values in readout-channel 4 = 5.686930
Darkdrift background term = 5.778531
...for data plane = 31
Darkdrift correction for readout-channel 1 = -0.170663
Darkdrift correction for readout-channel 2 = -0.017993
Darkdrift correction for readout-channel 3 = 0.003888
Darkdrift correction for readout-channel 4 = 0.184768
Darkdrift uncertainty for readout-channel 1 = 0.303380
Darkdrift uncertainty for readout-channel 2 = 0.302979
Darkdrift uncertainty for readout-channel 3 = 0.303372
Darkdrift uncertainty for readout-channel 4 = 0.303388
Trimmed average of values in readout-channel 1 = 5.474091
Trimmed average of values in readout-channel 2 = 5.626761
Trimmed average of values in readout-channel 3 = 5.648641
Trimmed average of values in readout-channel 4 = 5.829521
Darkdrift background term = 5.644753
...for data plane = 32
Darkdrift correction for readout-channel 1 = 0.234308
Darkdrift correction for readout-channel 2 = -0.605477
Darkdrift correction for readout-channel 3 = 0.009438
Darkdrift correction for readout-channel 4 = 0.361732
Darkdrift uncertainty for readout-channel 1 = 0.302835
Darkdrift uncertainty for readout-channel 2 = 0.302987
Darkdrift uncertainty for readout-channel 3 = 0.302981
Darkdrift uncertainty for readout-channel 4 = 0.302983
Trimmed average of values in readout-channel 1 = 5.668643
Trimmed average of values in readout-channel 2 = 4.828858
Trimmed average of values in readout-channel 3 = 5.443773
Trimmed average of values in readout-channel 4 = 5.796068
Darkdrift background term = 5.434335
...for data plane = 33
Darkdrift correction for readout-channel 1 = 0.222574
Darkdrift correction for readout-channel 2 = -0.402301
Darkdrift correction for readout-channel 3 = -0.264891
Darkdrift correction for readout-channel 4 = 0.444618
Darkdrift uncertainty for readout-channel 1 = 0.304131
Darkdrift uncertainty for readout-channel 2 = 0.302983
Darkdrift uncertainty for readout-channel 3 = 0.303932
Darkdrift uncertainty for readout-channel 4 = 0.376634
Trimmed average of values in readout-channel 1 = 6.156355
Trimmed average of values in readout-channel 2 = 5.531480
Trimmed average of values in readout-channel 3 = 5.668891
Trimmed average of values in readout-channel 4 = 6.378399
Darkdrift background term = 5.933781
...for data plane = 34
Darkdrift correction for readout-channel 1 = 0.174030
Darkdrift correction for readout-channel 2 = 0.057656
Darkdrift correction for readout-channel 3 = -0.343882
Darkdrift correction for readout-channel 4 = 0.112196
Darkdrift uncertainty for readout-channel 1 = 0.302983
Darkdrift uncertainty for readout-channel 2 = 0.300064
Darkdrift uncertainty for readout-channel 3 = 0.228278
Darkdrift uncertainty for readout-channel 4 = 0.302973
Trimmed average of values in readout-channel 1 = 5.818825
Trimmed average of values in readout-channel 2 = 5.702451
Trimmed average of values in readout-channel 3 = 5.300914
Trimmed average of values in readout-channel 4 = 5.756992
Darkdrift background term = 5.644796
...for data plane = 35
Darkdrift correction for readout-channel 1 = 0.249121
Darkdrift correction for readout-channel 2 = -0.244354
Darkdrift correction for readout-channel 3 = -0.287048
Darkdrift correction for readout-channel 4 = 0.282280
Darkdrift uncertainty for readout-channel 1 = 0.302978
Darkdrift uncertainty for readout-channel 2 = 0.303060
Darkdrift uncertainty for readout-channel 3 = 0.303133
Darkdrift uncertainty for readout-channel 4 = 0.305099
Trimmed average of values in readout-channel 1 = 6.039860
Trimmed average of values in readout-channel 2 = 5.546385
Trimmed average of values in readout-channel 3 = 5.503691
Trimmed average of values in readout-channel 4 = 6.073019
Darkdrift background term = 5.790739
...for data plane = 36
Darkdrift correction for readout-channel 1 = 0.145491
Darkdrift correction for readout-channel 2 = -0.062094
Darkdrift correction for readout-channel 3 = -0.305588
Darkdrift correction for readout-channel 4 = 0.222191
Darkdrift uncertainty for readout-channel 1 = 0.304132
Darkdrift uncertainty for readout-channel 2 = 0.302151
Darkdrift uncertainty for readout-channel 3 = 0.303216
Darkdrift uncertainty for readout-channel 4 = 0.303069
Trimmed average of values in readout-channel 1 = 5.924033
Trimmed average of values in readout-channel 2 = 5.716448
Trimmed average of values in readout-channel 3 = 5.472955
Trimmed average of values in readout-channel 4 = 6.000733
Darkdrift background term = 5.778542
...for data plane = 37
Darkdrift correction for readout-channel 1 = 0.117641
Darkdrift correction for readout-channel 2 = -0.080615
Darkdrift correction for readout-channel 3 = -0.262911
Darkdrift correction for readout-channel 4 = 0.225885
Darkdrift uncertainty for readout-channel 1 = 0.302985
Darkdrift uncertainty for readout-channel 2 = 0.302983
Darkdrift uncertainty for readout-channel 3 = 0.302981
Darkdrift uncertainty for readout-channel 4 = 0.303067
Trimmed average of values in readout-channel 1 = 5.635874
Trimmed average of values in readout-channel 2 = 5.437618
Trimmed average of values in readout-channel 3 = 5.255322
Trimmed average of values in readout-channel 4 = 5.744117
Darkdrift background term = 5.518233
...for data plane = 38
Darkdrift correction for readout-channel 1 = 0.170333
Darkdrift correction for readout-channel 2 = -0.236849
Darkdrift correction for readout-channel 3 = 0.197863
Darkdrift correction for readout-channel 4 = -0.131347
Darkdrift uncertainty for readout-channel 1 = 0.302971
Darkdrift uncertainty for readout-channel 2 = 0.302975
Darkdrift uncertainty for readout-channel 3 = 0.302564
Darkdrift uncertainty for readout-channel 4 = 0.302975
Trimmed average of values in readout-channel 1 = 6.005671
Trimmed average of values in readout-channel 2 = 5.598490
Trimmed average of values in readout-channel 3 = 6.033202
Trimmed average of values in readout-channel 4 = 5.703992
Darkdrift background term = 5.835339
...for data plane = 39
Darkdrift correction for readout-channel 1 = 0.176669
Darkdrift correction for readout-channel 2 = -0.068476
Darkdrift correction for readout-channel 3 = -0.147172
Darkdrift correction for readout-channel 4 = 0.038979
Darkdrift uncertainty for readout-channel 1 = 0.303249
Darkdrift uncertainty for readout-channel 2 = 0.302973
Darkdrift uncertainty for readout-channel 3 = 0.303640
Darkdrift uncertainty for readout-channel 4 = 0.303623
Trimmed average of values in readout-channel 1 = 5.990297
Trimmed average of values in readout-channel 2 = 5.745152
Trimmed average of values in readout-channel 3 = 5.666457
Trimmed average of values in readout-channel 4 = 5.852607
Darkdrift background term = 5.813628
...for data plane = 40
Darkdrift correction for readout-channel 1 = 0.115194
Darkdrift correction for readout-channel 2 = -0.048387
Darkdrift correction for readout-channel 3 = -0.127872
Darkdrift correction for readout-channel 4 = 0.061065
Darkdrift uncertainty for readout-channel 1 = 0.303226
Darkdrift uncertainty for readout-channel 2 = 0.301868
Darkdrift uncertainty for readout-channel 3 = 0.303129
Darkdrift uncertainty for readout-channel 4 = 0.375944
Trimmed average of values in readout-channel 1 = 5.684298
Trimmed average of values in readout-channel 2 = 5.520717
Trimmed average of values in readout-channel 3 = 5.441233
Trimmed average of values in readout-channel 4 = 5.630169
Darkdrift background term = 5.569104
...for data plane = 41
Darkdrift correction for readout-channel 1 = -0.375517
Darkdrift correction for readout-channel 2 = -0.481170
Darkdrift correction for readout-channel 3 = 0.180493
Darkdrift correction for readout-channel 4 = 0.676194
Darkdrift uncertainty for readout-channel 1 = 0.302843
Darkdrift uncertainty for readout-channel 2 = 0.302975
Darkdrift uncertainty for readout-channel 3 = 0.303065
Darkdrift uncertainty for readout-channel 4 = 0.303061
Trimmed average of values in readout-channel 1 = 5.786635
Trimmed average of values in readout-channel 2 = 5.680983
Trimmed average of values in readout-channel 3 = 6.342645
Trimmed average of values in readout-channel 4 = 6.838347
Darkdrift background term = 6.162153
...for data plane = 42
Darkdrift correction for readout-channel 1 = -0.078296
Darkdrift correction for readout-channel 2 = -0.317629
Darkdrift correction for readout-channel 3 = 0.328797
Darkdrift correction for readout-channel 4 = 0.067128
Darkdrift uncertainty for readout-channel 1 = 0.303234
Darkdrift uncertainty for readout-channel 2 = 0.303255
Darkdrift uncertainty for readout-channel 3 = 0.303124
Darkdrift uncertainty for readout-channel 4 = 0.302992
Trimmed average of values in readout-channel 1 = 5.715335
Trimmed average of values in readout-channel 2 = 5.476002
Trimmed average of values in readout-channel 3 = 6.122428
Trimmed average of values in readout-channel 4 = 5.860760
Darkdrift background term = 5.793631
...for data plane = 43
Darkdrift correction for readout-channel 1 = -0.113903
Darkdrift correction for readout-channel 2 = -0.518555
Darkdrift correction for readout-channel 3 = 0.277464
Darkdrift correction for readout-channel 4 = 0.354993
Darkdrift uncertainty for readout-channel 1 = 0.303211
Darkdrift uncertainty for readout-channel 2 = 0.229983
Darkdrift uncertainty for readout-channel 3 = 0.303298
Darkdrift uncertainty for readout-channel 4 = 0.303309
Trimmed average of values in readout-channel 1 = 5.346848
Trimmed average of values in readout-channel 2 = 4.942196
Trimmed average of values in readout-channel 3 = 5.738215
Trimmed average of values in readout-channel 4 = 5.815744
Darkdrift background term = 5.460750
...for data plane = 44
Darkdrift correction for readout-channel 1 = -0.163414
Darkdrift correction for readout-channel 2 = -0.022871
Darkdrift correction for readout-channel 3 = 0.153408
Darkdrift correction for readout-channel 4 = 0.032877
Darkdrift uncertainty for readout-channel 1 = 0.303011
Darkdrift uncertainty for readout-channel 2 = 0.303793
Darkdrift uncertainty for readout-channel 3 = 0.303303
Darkdrift uncertainty for readout-channel 4 = 0.303234
Trimmed average of values in readout-channel 1 = 5.685667
Trimmed average of values in readout-channel 2 = 5.826210
Trimmed average of values in readout-channel 3 = 6.002488
Trimmed average of values in readout-channel 4 = 5.881958
Darkdrift background term = 5.849081
...for data plane = 45
Darkdrift correction for readout-channel 1 = -0.064485
Darkdrift correction for readout-channel 2 = -0.591959
Darkdrift correction for readout-channel 3 = 0.199624
Darkdrift correction for readout-channel 4 = 0.456820
Darkdrift uncertainty for readout-channel 1 = 0.303360
Darkdrift uncertainty for readout-channel 2 = 0.303522
Darkdrift uncertainty for readout-channel 3 = 0.303227
Darkdrift uncertainty for readout-channel 4 = 0.302995
Trimmed average of values in readout-channel 1 = 5.706571
Trimmed average of values in readout-channel 2 = 5.179097
Trimmed average of values in readout-channel 3 = 5.970680
Trimmed average of values in readout-channel 4 = 6.227876
Darkdrift background term = 5.771056
...for data plane = 46
Darkdrift correction for readout-channel 1 = -0.223850
Darkdrift correction for readout-channel 2 = 0.304569
Darkdrift correction for readout-channel 3 = -0.254263
Darkdrift correction for readout-channel 4 = 0.173544
Darkdrift uncertainty for readout-channel 1 = 0.378315
Darkdrift uncertainty for readout-channel 2 = 0.302136
Darkdrift uncertainty for readout-channel 3 = 0.302996
Darkdrift uncertainty for readout-channel 4 = 0.303049
Trimmed average of values in readout-channel 1 = 5.371509
Trimmed average of values in readout-channel 2 = 5.899927
Trimmed average of values in readout-channel 3 = 5.341095
Trimmed average of values in readout-channel 4 = 5.768902
Darkdrift background term = 5.595358
...for data plane = 47
Darkdrift correction for readout-channel 1 = 0.291454
Darkdrift correction for readout-channel 2 = 0.165368
Darkdrift correction for readout-channel 3 = -0.395436
Darkdrift correction for readout-channel 4 = -0.061387
Darkdrift uncertainty for readout-channel 1 = 0.302825
Darkdrift uncertainty for readout-channel 2 = 0.302966
Darkdrift uncertainty for readout-channel 3 = 0.340927
Darkdrift uncertainty for readout-channel 4 = 0.302964
Trimmed average of values in readout-channel 1 = 5.934189
Trimmed average of values in readout-channel 2 = 5.808103
Trimmed average of values in readout-channel 3 = 5.247299
Trimmed average of values in readout-channel 4 = 5.581348
Darkdrift background term = 5.642735
...for data plane = 48
Darkdrift correction for readout-channel 1 = -0.592205
Darkdrift correction for readout-channel 2 = -0.123603
Darkdrift correction for readout-channel 3 = 0.312485
Darkdrift correction for readout-channel 4 = 0.403324
Darkdrift uncertainty for readout-channel 1 = 0.302708
Darkdrift uncertainty for readout-channel 2 = 0.229711
Darkdrift uncertainty for readout-channel 3 = 0.302975
Darkdrift uncertainty for readout-channel 4 = 0.303223
Trimmed average of values in readout-channel 1 = 5.036852
Trimmed average of values in readout-channel 2 = 5.505454
Trimmed average of values in readout-channel 3 = 5.941542
Trimmed average of values in readout-channel 4 = 6.032381
Darkdrift background term = 5.629057
...for data plane = 49
Darkdrift correction for readout-channel 1 = -0.100935
Darkdrift correction for readout-channel 2 = -0.263271
Darkdrift correction for readout-channel 3 = 0.134554
Darkdrift correction for readout-channel 4 = 0.229653
Darkdrift uncertainty for readout-channel 1 = 0.302969
Darkdrift uncertainty for readout-channel 2 = 0.303508
Darkdrift uncertainty for readout-channel 3 = 0.302975
Darkdrift uncertainty for readout-channel 4 = 0.302974
Trimmed average of values in readout-channel 1 = 5.614713
Trimmed average of values in readout-channel 2 = 5.452377
Trimmed average of values in readout-channel 3 = 5.850202
Trimmed average of values in readout-channel 4 = 5.945301
Darkdrift background term = 5.715648
...for data plane = 50
Darkdrift correction for readout-channel 1 = -0.224934
Darkdrift correction for readout-channel 2 = -0.332847
Darkdrift correction for readout-channel 3 = 0.443699
Darkdrift correction for readout-channel 4 = 0.114081
Darkdrift uncertainty for readout-channel 1 = 0.302974
Darkdrift uncertainty for readout-channel 2 = 0.302968
Darkdrift uncertainty for readout-channel 3 = 0.302966
Darkdrift uncertainty for readout-channel 4 = 0.302881
Trimmed average of values in readout-channel 1 = 5.116838
Trimmed average of values in readout-channel 2 = 5.008925
Trimmed average of values in readout-channel 3 = 5.785471
Trimmed average of values in readout-channel 4 = 5.455853
Darkdrift background term = 5.341772
...for data plane = 51
Darkdrift correction for readout-channel 1 = -0.287956
Darkdrift correction for readout-channel 2 = -0.245906
Darkdrift correction for readout-channel 3 = 0.402403
Darkdrift correction for readout-channel 4 = 0.131459
Darkdrift uncertainty for readout-channel 1 = 0.303112
Darkdrift uncertainty for readout-channel 2 = 0.228887
Darkdrift uncertainty for readout-channel 3 = 0.302995
Darkdrift uncertainty for readout-channel 4 = 0.303066
Trimmed average of values in readout-channel 1 = 5.358432
Trimmed average of values in readout-channel 2 = 5.400482
Trimmed average of values in readout-channel 3 = 6.048791
Trimmed average of values in readout-channel 4 = 5.777847
Darkdrift background term = 5.646388
...for data plane = 52
Darkdrift correction for readout-channel 1 = -0.095034
Darkdrift correction for readout-channel 2 = 0.042141
Darkdrift correction for readout-channel 3 = -0.448959
Darkdrift correction for readout-channel 4 = 0.501852
Darkdrift uncertainty for readout-channel 1 = 0.303097
Darkdrift uncertainty for readout-channel 2 = 0.302982
Darkdrift uncertainty for readout-channel 3 = 0.303128
Darkdrift uncertainty for readout-channel 4 = 0.303308
Trimmed average of values in readout-channel 1 = 5.473391
Trimmed average of values in readout-channel 2 = 5.610566
Trimmed average of values in readout-channel 3 = 5.119466
Trimmed average of values in readout-channel 4 = 6.070277
Darkdrift background term = 5.568425
...for data plane = 53
Darkdrift correction for readout-channel 1 = 0.083612
Darkdrift correction for readout-channel 2 = -0.329083
Darkdrift correction for readout-channel 3 = -0.069511
Darkdrift correction for readout-channel 4 = 0.314982
Darkdrift uncertainty for readout-channel 1 = 0.303098
Darkdrift uncertainty for readout-channel 2 = 0.302979
Darkdrift uncertainty for readout-channel 3 = 0.303152
Darkdrift uncertainty for readout-channel 4 = 0.302637
Trimmed average of values in readout-channel 1 = 5.811296
Trimmed average of values in readout-channel 2 = 5.398601
Trimmed average of values in readout-channel 3 = 5.658172
Trimmed average of values in readout-channel 4 = 6.042665
Darkdrift background term = 5.727683
...for data plane = 54
Darkdrift correction for readout-channel 1 = -0.037041
Darkdrift correction for readout-channel 2 = -0.010923
Darkdrift correction for readout-channel 3 = -0.270137
Darkdrift correction for readout-channel 4 = 0.318100
Darkdrift uncertainty for readout-channel 1 = 0.302848
Darkdrift uncertainty for readout-channel 2 = 0.302971
Darkdrift uncertainty for readout-channel 3 = 0.303046
Darkdrift uncertainty for readout-channel 4 = 0.303158
Trimmed average of values in readout-channel 1 = 5.869036
Trimmed average of values in readout-channel 2 = 5.895154
Trimmed average of values in readout-channel 3 = 5.635940
Trimmed average of values in readout-channel 4 = 6.224177
Darkdrift background term = 5.906077
...for data plane = 55
Darkdrift correction for readout-channel 1 = -0.104624
Darkdrift correction for readout-channel 2 = -0.388775
Darkdrift correction for readout-channel 3 = -0.023122
Darkdrift correction for readout-channel 4 = 0.516521
Darkdrift uncertainty for readout-channel 1 = 0.302977
Darkdrift uncertainty for readout-channel 2 = 0.304047
Darkdrift uncertainty for readout-channel 3 = 0.302979
Darkdrift uncertainty for readout-channel 4 = 0.302974
Trimmed average of values in readout-channel 1 = 5.448846
Trimmed average of values in readout-channel 2 = 5.164695
Trimmed average of values in readout-channel 3 = 5.530347
Trimmed average of values in readout-channel 4 = 6.069990
Darkdrift background term = 5.553470
...for data plane = 56
Darkdrift correction for readout-channel 1 = -0.493261
Darkdrift correction for readout-channel 2 = -0.279519
Darkdrift correction for readout-channel 3 = 0.300077
Darkdrift correction for readout-channel 4 = 0.472702
Darkdrift uncertainty for readout-channel 1 = 0.303096
Darkdrift uncertainty for readout-channel 2 = 0.302693
Darkdrift uncertainty for readout-channel 3 = 0.302981
Darkdrift uncertainty for readout-channel 4 = 0.304310
Trimmed average of values in readout-channel 1 = 5.235517
Trimmed average of values in readout-channel 2 = 5.449259
Trimmed average of values in readout-channel 3 = 6.028855
Trimmed average of values in readout-channel 4 = 6.201479
Darkdrift background term = 5.728777
...for data plane = 57
Darkdrift correction for readout-channel 1 = 0.495832
Darkdrift correction for readout-channel 2 = -0.071658
Darkdrift correction for readout-channel 3 = -0.114510
Darkdrift correction for readout-channel 4 = -0.309664
Darkdrift uncertainty for readout-channel 1 = 0.303886
Darkdrift uncertainty for readout-channel 2 = 0.302684
Darkdrift uncertainty for readout-channel 3 = 0.303118
Darkdrift uncertainty for readout-channel 4 = 0.302980
Trimmed average of values in readout-channel 1 = 6.534154
Trimmed average of values in readout-channel 2 = 5.966664
Trimmed average of values in readout-channel 3 = 5.923812
Trimmed average of values in readout-channel 4 = 5.728658
Darkdrift background term = 6.038322
...for data plane = 58
Darkdrift correction for readout-channel 1 = 0.276734
Darkdrift correction for readout-channel 2 = -0.712245
Darkdrift correction for readout-channel 3 = 0.004226
Darkdrift correction for readout-channel 4 = 0.431285
Darkdrift uncertainty for readout-channel 1 = 0.303467
Darkdrift uncertainty for readout-channel 2 = 0.303509
Darkdrift uncertainty for readout-channel 3 = 0.302996
Darkdrift uncertainty for readout-channel 4 = 0.303066
Trimmed average of values in readout-channel 1 = 0.442900
Trimmed average of values in readout-channel 2 = -0.546079
Trimmed average of values in readout-channel 3 = 0.170393
Trimmed average of values in readout-channel 4 = 0.597451
Darkdrift background term = 0.166166
...for data plane = 59
Darkdrift correction for readout-channel 1 = -0.220359
Darkdrift correction for readout-channel 2 = -0.259601
Darkdrift correction for readout-channel 3 = 0.138652
Darkdrift correction for readout-channel 4 = 0.341307
Darkdrift uncertainty for readout-channel 1 = 0.303130
Darkdrift uncertainty for readout-channel 2 = 0.301311
Darkdrift uncertainty for readout-channel 3 = 0.303532
Darkdrift uncertainty for readout-channel 4 = 0.303124
Trimmed average of values in readout-channel 1 = 5.748096
Trimmed average of values in readout-channel 2 = 5.708854
Trimmed average of values in readout-channel 3 = 6.107107
Trimmed average of values in readout-channel 4 = 6.309763
Darkdrift background term = 5.968455
...for data plane = 60
Darkdrift correction for readout-channel 1 = -0.193858
Darkdrift correction for readout-channel 2 = -0.191504
Darkdrift correction for readout-channel 3 = -0.115270
Darkdrift correction for readout-channel 4 = 0.500632
Darkdrift uncertainty for readout-channel 1 = 0.302973
Darkdrift uncertainty for readout-channel 2 = 0.230543
Darkdrift uncertainty for readout-channel 3 = 0.303155
Darkdrift uncertainty for readout-channel 4 = 0.303487
Trimmed average of values in readout-channel 1 = 5.405485
Trimmed average of values in readout-channel 2 = 5.407838
Trimmed average of values in readout-channel 3 = 5.484072
Trimmed average of values in readout-channel 4 = 6.099974
Darkdrift background term = 5.599342
...for data plane = 61
Darkdrift correction for readout-channel 1 = 0.248463
Darkdrift correction for readout-channel 2 = -0.224607
Darkdrift correction for readout-channel 3 = -0.228295
Darkdrift correction for readout-channel 4 = 0.204439
Darkdrift uncertainty for readout-channel 1 = 0.302970
Darkdrift uncertainty for readout-channel 2 = 0.302695
Darkdrift uncertainty for readout-channel 3 = 0.303134
Darkdrift uncertainty for readout-channel 4 = 0.302971
Trimmed average of values in readout-channel 1 = 5.650496
Trimmed average of values in readout-channel 2 = 5.177426
Trimmed average of values in readout-channel 3 = 5.173737
Trimmed average of values in readout-channel 4 = 5.606472
Darkdrift background term = 5.402033
...for data plane = 62
Darkdrift correction for readout-channel 1 = 0.137655
Darkdrift correction for readout-channel 2 = 0.132880
Darkdrift correction for readout-channel 3 = -0.098828
Darkdrift correction for readout-channel 4 = -0.171707
Darkdrift uncertainty for readout-channel 1 = 0.303232
Darkdrift uncertainty for readout-channel 2 = 0.304356
Darkdrift uncertainty for readout-channel 3 = 0.303242
Darkdrift uncertainty for readout-channel 4 = 0.303833
Trimmed average of values in readout-channel 1 = 5.729512
Trimmed average of values in readout-channel 2 = 5.724736
Trimmed average of values in readout-channel 3 = 5.493029
Trimmed average of values in readout-channel 4 = 5.420149
Darkdrift background term = 5.591856
...for data plane = 63
Darkdrift correction for readout-channel 1 = 0.332388
Darkdrift correction for readout-channel 2 = -0.250152
Darkdrift correction for readout-channel 3 = -0.099745
Darkdrift correction for readout-channel 4 = 0.017509
Darkdrift uncertainty for readout-channel 1 = 0.303227
Darkdrift uncertainty for readout-channel 2 = 0.303794
Darkdrift uncertainty for readout-channel 3 = 0.302977
Darkdrift uncertainty for readout-channel 4 = 0.303239
Trimmed average of values in readout-channel 1 = 6.085778
Trimmed average of values in readout-channel 2 = 5.503238
Trimmed average of values in readout-channel 3 = 5.653645
Trimmed average of values in readout-channel 4 = 5.770899
Darkdrift background term = 5.753390
...for data plane = 64
Darkdrift correction for readout-channel 1 = -0.256540
Darkdrift correction for readout-channel 2 = 0.004440
Darkdrift correction for readout-channel 3 = -0.052089
Darkdrift correction for readout-channel 4 = 0.304189
Darkdrift uncertainty for readout-channel 1 = 0.303237
Darkdrift uncertainty for readout-channel 2 = 0.303537
Darkdrift uncertainty for readout-channel 3 = 0.303362
Darkdrift uncertainty for readout-channel 4 = 0.303897
Trimmed average of values in readout-channel 1 = 5.328753
Trimmed average of values in readout-channel 2 = 5.589733
Trimmed average of values in readout-channel 3 = 5.533204
Trimmed average of values in readout-channel 4 = 5.889482
Darkdrift background term = 5.585293

Program darkdrift: Status Message: 0x0000
Normal exit from Function 0x0000: LOG_WRITER
darkdrift Warning: NaN's were produced in the results.
A total of     2013   NaN's were produced in the results.
Processing time: 12.460000 seconds
Current date/time: Sat Jan  9 14:58:52 2016
Program darkdrift, version 4.1, terminated.

darkdrift   exit_value =   0    execution_time = 12.570s
******************************************************************
Pipeline executing flatap
flatap -i darkdrift.fits -p cal/pmask.fits -f cal/skyflat.fits -ui sig_darkdrift.fits -uo sig_flatap.fits -d dmask.fits -o flatap.fits -c cal/skyflat_cmask.fits 
******************************************************************
Pipeline Module FLATAP Version 1.5
Processing time Sat Jan  9 14:58:53 2016

flatap_parse_namelist: Information only: Namelist not specified.
Sat Jan  9 14:58:53 2016
flatap_log_writer: Could not open Log File, using stdout
Flatap Version 1.5
Namelist File  = 
Input DCE = darkdrift.fits
Output DCE = !flatap.fits
Flatfield = cal/skyflat.fits
Input Uncertainty = sig_darkdrift.fits
Output Uncertainty = !sig_flatap.fits
Pmask File = cal/pmask.fits
Pmask Mask = 128
Dmask File = dmask.fits
Dmask Mask = 16384
Cmask File = cal/skyflat_cmask.fits
Cmask Mask = 256
Trans CAL File = 
Trans CAL CMask File = 
Processing Log File = 
Time =    0.20 seconds
*********************

Time = 0.200 seconds
exit code 0

flatap   exit_value =   0    execution_time = 0.270s
******************************************************************
Pipeline executing imfliprot
imfliprot -i flatap.fits -n cdf/pn107.nl -a /sos/sw/S19.2.0/STUDIO/downlink/include -o imfliprot.fits 
******************************************************************

imfliprot_log_writer: Printing Log output to stdout

Program imfliprot, Version 1.0
Namelist File  = cdf/pn107.nl
Input File = flatap.fits
Output File = imfliprot.fits
Image has been flipped
Image Rotation (degrees)  = 180
Ancillary Data-File Path = /sos/sw/S19.2.0/STUDIO/downlink/include
Verbose flag = 0
Debug flag = 0
imfliprot Status Message      0x0000: Normal exit from Function 0x0000: LOG_WRITER
Processing time: 0.200000 seconds
Current date/time: Sat Jan  9 14:58:54 2016
Program imfliprot, version 1.0, terminated.


imfliprot   exit_value =   0    execution_time = 0.240s
******************************************************************
Pipeline executing imfliprot
imfliprot -i sig_flatap.fits -n cdf/pn107.nl -a /sos/sw/S19.2.0/STUDIO/downlink/include -o sig_imfliprot.fits 
******************************************************************

imfliprot_log_writer: Printing Log output to stdout

Program imfliprot, Version 1.0
Namelist File  = cdf/pn107.nl
Input File = sig_flatap.fits
Output File = sig_imfliprot.fits
Image has been flipped
Image Rotation (degrees)  = 180
Ancillary Data-File Path = /sos/sw/S19.2.0/STUDIO/downlink/include
Verbose flag = 0
Debug flag = 0
imfliprot Status Message      0x0000: Normal exit from Function 0x0000: LOG_WRITER
Processing time: 0.200000 seconds
Current date/time: Sat Jan  9 14:58:54 2016
Program imfliprot, version 1.0, terminated.


imfliprot   exit_value =   0    execution_time = 0.240s
******************************************************************
Pipeline executing imfliprot
imfliprot -i dmask.fits -n cdf/pn107.nl -a /sos/sw/S19.2.0/STUDIO/downlink/include -o temp_dmask.fits 
******************************************************************

imfliprot_log_writer: Printing Log output to stdout

Program imfliprot, Version 1.0
Namelist File  = cdf/pn107.nl
Input File = dmask.fits
Output File = temp_dmask.fits
Image has been flipped
Image Rotation (degrees)  = 180
Ancillary Data-File Path = /sos/sw/S19.2.0/STUDIO/downlink/include
Verbose flag = 0
Debug flag = 0
imfliprot Status Message      0x0000: Normal exit from Function 0x0000: LOG_WRITER
Processing time: 0.060000 seconds
Current date/time: Sat Jan  9 14:58:55 2016
Program imfliprot, version 1.0, terminated.


imfliprot   exit_value =   0    execution_time = 0.100s
******************************************************************
Pipeline executing imfliprot
imfliprot -i fowlinearize.fits -n cdf/pn107.nl -a /sos/sw/S19.2.0/STUDIO/downlink/include -o temp_fowlinearize.fits 
******************************************************************

imfliprot_log_writer: Printing Log output to stdout

Program imfliprot, Version 1.0
Namelist File  = cdf/pn107.nl
Input File = fowlinearize.fits
Output File = temp_fowlinearize.fits
Image has been flipped
Image Rotation (degrees)  = 180
Ancillary Data-File Path = /sos/sw/S19.2.0/STUDIO/downlink/include
Verbose flag = 0
Debug flag = 0
imfliprot Status Message      0x0000: Normal exit from Function 0x0000: LOG_WRITER
Processing time: 0.100000 seconds
Current date/time: Sat Jan  9 14:58:55 2016
Program imfliprot, version 1.0, terminated.


imfliprot   exit_value =   0    execution_time = 0.140s
******************************************************************
Pipeline executing imfliprot
imfliprot -i sig_fowlinearize.fits -n cdf/pn107.nl -a /sos/sw/S19.2.0/STUDIO/downlink/include -o temp_sig_fowlinearize.fits 
******************************************************************

imfliprot_log_writer: Printing Log output to stdout

Program imfliprot, Version 1.0
Namelist File  = cdf/pn107.nl
Input File = sig_fowlinearize.fits
Output File = temp_sig_fowlinearize.fits
Image has been flipped
Image Rotation (degrees)  = 180
Ancillary Data-File Path = /sos/sw/S19.2.0/STUDIO/downlink/include
Verbose flag = 0
Debug flag = 0
imfliprot Status Message      0x0000: Normal exit from Function 0x0000: LOG_WRITER
Processing time: 0.100000 seconds
Current date/time: Sat Jan  9 14:58:56 2016
Program imfliprot, version 1.0, terminated.


imfliprot   exit_value =   0    execution_time = 0.150s
******************************************************************
Pipeline executing dntoflux
dntoflux -i imfliprot.fits -iu sig_imfliprot.fits -n cdf/pn107.nl -co 0 -c 0.1447 -u 0.0000 -a /sos/sw/S19.2.0/STUDIO/downlink/include -o1 dntoflux.fits -ou sig_dntoflux.fits -t 1 
******************************************************************

Program dntoflux, Version 4.2
Namelist File  = cdf/pn107.nl
Input Image = imfliprot.fits
Output File 1 = dntoflux.fits
Output Uncertainty Image = sig_dntoflux.fits
Operation flag = 0
Conversion factor = 0.144700
Input Uncertainty Image = sig_imfliprot.fits
Conversion-factor uncertainty = 0.000000
Output BUNIT setting = MJy/sr
Normalize-by-EXPTIME Flag = 1
EXPTIME = 1.920000
Data-Plane Flag = 1
Ancillary Data-File Path = /sos/sw/S19.2.0/STUDIO/downlink/include
Verbose flag = 0
Super-verbose flag = 0
Debug flag = 0
Terminating data-units-conversion program.
dntoflux Status Message: 0x0000
Normal exit from Function 0x0000: LOG_WRITER
dntoflux Probs Warning: NaN's were produced in the results.
A total of     4026   NaN's were produced in the results.
Processing time: 0.520000 seconds
Current date/time: Sat Jan  9 14:58:57 2016
Program dntoflux, version 4.2, terminated.

dntoflux   exit_value =   0    execution_time = 0.700s
******************************************************************
Pipeline executing qatool
qatool -i dntoflux.fits -n cdf/pn107.nl -nb QATOOLBCD -a /sos/sw/S19.2.0/STUDIO/downlink/include -o qa/BCD_qatool 
******************************************************************
qatool_parse_namelist: Information only: Namelist block-name = &QATOOLBCD
Program qatool, Version 6.0
Namelist File  = cdf/pn107.nl
Input File = dntoflux.fits
Output Data Filename Base = qa/BCD_qatool
Statistics Group = 0
Percent-Scaling Flag = 0
Calculation Type = 1
(set-up to do additional computations for four readout channels)
Number of Mean Absolute Deviations for Histogram Half-Width Coverage = 5
Number of Bins in Histograms = 41
Central fraction for trimmed average = 0.810000
Central fraction for trimmed std. dev. = 0.720000
Bad-pixel tolerance fraction = 0.900000
Statistics Box X position = 3
Statistics Box Y position = 4
Statistics Box X width = 20
Statistics Box Y height = 23
Input-Image Transpose Flag = 1
Unsigned Integer Flag = 0
Data-Plane Flag = 1
Number Edge Rows/Cols Skipped = 2
Keyword Prefix = bcd
Ancillary Data-File Path = /sos/sw/S19.2.0/STUDIO/downlink/include
Verbose flag = 0
Super-verbose flag = 0
Debug flag = 0
Performed statistical and histogram calculations.
Program qatool: Status Message: 0x0000
Normal exit from Function 0x0000: LOG_WRITER
Processing time: 1.310000 seconds
Current date/time: Sat Jan  9 14:58:59 2016
Program qatool, version 6.0, terminated.

qatool   exit_value =   0    execution_time = 1.430s
******************************************************************
Pipeline executing chkmask
chkmask dmask.fits -q qa/BCD_qatool.qa 
******************************************************************
 chkmask vsn 1.35 A40312
 
 No. of occurrences of the   2 status combinations:
   2269 occurrences of   256 (8)                                 
   5 occurrences of   16 (4)                                 
 
 Status Bit: No. of Pixels
   0:   0
   1:   0
   2:   0
   3:   0
   4:   5
   5:   0
   6:   0
   7:   0
   8:   2269
   9:   0
   10:   0
   11:   0
   12:   0
   13:   0
   14:   0
 

chkmask   exit_value =   0    execution_time = 0.380s
******************************************************************
Loading QA information for DCE and BCD product
Keyword APDUV1E not found in header
Keyword APDUV2E not found in header
Keyword APDUV3E not found in header
Keyword APDUI1E not found in header
Keyword APDUI2E not found in header
Keyword APDUI3E not found in header
Could not append keyword APDUV1E to QA file qa/DCE_qatool.qa
Could not append keyword APDUV2E to QA file qa/DCE_qatool.qa
Could not append keyword APDUV3E to QA file qa/DCE_qatool.qa
Could not append keyword APDUI1E to QA file qa/DCE_qatool.qa
Could not append keyword APDUI2E to QA file qa/DCE_qatool.qa
Could not append keyword APDUI3E to QA file qa/DCE_qatool.qa
******************************************************************
Pipeline executing qaloader
qaloader -i qa/DCE_qatool.qa -tablename qa_iracdce -o qa/qaloader.sql -role pipelineswrole 
******************************************************************
2016/01/09 14:59:04 BEGIN qaloader v1.13
 -i (QA_FILE) qa/DCE_qatool.qa
 -tablename (TABLENAME) qa_iracdce
 -o (SQL_FILE) qa/qaloader.sql
 -role (ROLE) pipelineswrole
Using metadata version 13.0b
table name=qa_iracdce

QA values ingested:
{-4.615436e+01} {}
dceAveFI_1       -4.615436e+01 
{-4.902945e+01} {}
dceAveR1_1       -4.902945e+01 
{-2.913725e+01} {}
dceAveR2_1       -2.913725e+01 
{-3.327650e+01} {}
dceAveR3_1       -3.327650e+01 
{-7.317423e+01} {}
dceAveR4_1       -7.317423e+01 
{-2.200000e+01} {-4.902945e+01}
dceMedFI_1       -2.200000e+01 
{3.095840e+02} {}
dceSdevFI_1      3.095840e+02 
{4.770400e+00} {}
dceDSclFI_1      4.770400e+00 
{-8.923000e+03} {}
dceMinFI_1       -8.923000e+03 
{9.000000e+00} {}
dceMaxFI_1       9.000000e+00 
{147809495} {}
DCEID            147809495 
{2} {-4.615436e+01}
CHNLNUM          2 
{0} {}
ADCEID           0 
{8} {}
AFOWLNUM         8 
{184} {}
AWAITPER         184 
{0} {}
AWEASIDE         0 
{1} {}
AREADMOD         1 
{27.699513} {}
AFPAT1B          27.699513 
{28.671007} {}
AFPAT2B          28.671007 
{0} {}
APEDSIG          0 
{0} {}
ATXSTAT          0 
{0} {}
AFLSTAT          0 
{4} {}
ASHSTAT          4 
{-3.5578469} {}
AVRSTBEG         -3.5578469 
{-3.0562209} {}
AVDETBEG         -3.0562209 
{-3.618536} {}
AVGG1BEG         -3.618536 
{-3.550644} {}
AVDDUBEG         -3.550644 
{0} {}
AVGGCBEG         0 
{21.535044} {}
ACTENDT          21.535044 
{19.709178} {}
AFPECTE          19.709178 
{23.08678} {}
AFPEATE          23.08678 
{24.003991} {}
ATCTEMPE         24.003991 
{21.504564} {}
ACETEMPE         21.504564 
{21.474083} {}
APDTEMPE         21.474083 
{27.671961} {}
ACATMP2E         27.671961 
2016/01/09 14:59:04 END   qaloader status=0

qaloader   exit_value =   0    execution_time = 0.100s
******************************************************************
Pipeline executing qaloader
qaloader -i qa/BCD_qatool.qa -tablename qa_iracdp -o qa/qaloader.sql 
******************************************************************
2016/01/09 14:59:04 BEGIN qaloader v1.13
 -i (QA_FILE) qa/BCD_qatool.qa
 -tablename (TABLENAME) qa_iracdp
 -o (SQL_FILE) qa/qaloader.sql
Using metadata version 13.0b
table name=qa_iracdp

QA values ingested:
{2.528018e+00} {}
bcdAveFI_1       2.528018e+00 
{4.006473e+00} {}
bcdAveUB_1       4.006473e+00 
{5.397302e-01} {}
bcdMedFI_1       5.397302e-01 
{6.667005e-01} {}
bcdMedUB_1       6.667005e-01 
{2.657031e+01} {}
bcdSdevFI_1      2.657031e+01 
{3.462581e+01} {}
bcdSdevUB_1      3.462581e+01 
{4.018487e-01} {}
bcdDSclFI_1      4.018487e-01 
{4.815763e-01} {}
bcdDSclUB_1      4.815763e-01 
{-5.835815e-01} {}
bcdMinFI_1       -5.835815e-01 
{-5.713754e-01} {}
bcdMinUB_1       -5.713754e-01 
{7.100469e+02} {}
bcdMaxFI_1       7.100469e+02 
{7.100469e+02} {}
bcdMaxUB_1       7.100469e+02 
{5.330889e-01} {}
bcdC68lFI_1      5.330889e-01 
{5.839053e-01} {}
bcdC68uFI_1      5.839053e-01 
{391693191} {}
DPID             391693191 
{2} {2.528018e+00}
CHNLNUM          2 
2016/01/09 14:59:04 END   qaloader status=0

qaloader   exit_value =   0    execution_time = 0.160s
******************************************************************
Pipeline executing dbaccess
dbaccess -e sodb qa/qaloader.sql 
******************************************************************
set role pipelineswrole;
set lock mode to wait 30;
EXECUTE PROCEDURE addQA_iracdce (147809495, NULL, NULL, 2, -4.615436e+01, 
-2.200000e+01, -4.902945e+01, -2.913725e+01, -3.327650e+01, -7.317423e+01, 
3.095840e+02, 4.770400e+00, -8.923000e+03, 9.000000e+00, 0, 8, 184, 0, 1, 
27.699513, 28.671007, 0, 0, 0, 4, -3.5578469, -3.0562209, -3.618536, -3.550644, 
0, 21.535044, 19.709178, 23.08678, 24.003991, 21.504564, 21.474083, 27.671961, 
NULL, NULL, NULL, NULL, NULL, NULL);
EXECUTE PROCEDURE addQA_iracdp (391693191, NULL, NULL, 2, 2.528018e+00, 
4.006473e+00, 5.397302e-01, 6.667005e-01, 2.657031e+01, 3.462581e+01, 
4.018487e-01, 4.815763e-01, -5.835815e-01, -5.713754e-01, 7.100469e+02, 
7.100469e+02, 5.330889e-01, 5.839053e-01, NULL, NULL, NULL, NULL, NULL, NULL);
execute procedure setDceTimeParameters (147809495, 1037047840.182, "2012-11-10 20:44:19.871", 1.92, 2.00);

dbaccess   exit_value =   0    execution_time = 0.170s
******************************************************************
Finishing IRAC science pipeline processing
Could not copy cal/firstframe_corr.fits to /sbx10/S19.2.0/archive/proc/full/IRAC033400/bcd/4568/0046471424/2/0073/0000/17/01/1/cal/firstframe_corr.fits
Could not copy imask.fits to /sbx10/S19.2.0/archive/proc/full/IRAC033400/bcd/4568/0046471424/2/0073/0000/17/01/1/imask.fits
Could not copy muxbleedcorr.fits to /sbx10/S19.2.0/archive/proc/full/IRAC033400/bcd/4568/0046471424/2/0073/0000/17/01/1/muxbleedcorr.fits
Could not copy slremove.fits to /sbx10/S19.2.0/archive/proc/full/IRAC033400/bcd/4568/0046471424/2/0073/0000/17/01/1/slremove.fits
******************************************************************
PlScriptID 17 exiting Saturday, January  9, 2016  2:59:07 PM PST
Host: sopipe63
Local Processing Directory: /scr5/S19.2.0/IRAC033400/bcd/4568/0046471424/2/0073/0000/17/01/1
Sandbox Directory: /sbx10/S19.2.0/archive/proc/full/IRAC033400/bcd/4568/0046471424/2/0073/0000/17/01/1
Processing time: total 31.5 s (user 1, system 0.99, child user 18.07, child system 11.44)
Pipeline exit code: Normal exit (0)
******************************************************************
