 hdrupd8 vsn 1.6  A70821
******************************************************************
Executing IRAC science pipeline
******************************************************************
Pipeline executing sanity_datatype
sanity_datatype -i ../fos16.fits -t1 cdf/sanity_datatype1.tbl -t2 cdf/sanity_datatype2.tbl -o1 qa/sanity_datatype1.tbl -o2 qa/sanity_datatype2.tbl 
******************************************************************
Program Sanity_datatype is started .... Version 1.0, Sat Jan  9 14:57:25 2016
Input Image File = ../fos16.fits
Input Data Table 1 = cdf/sanity_datatype1.tbl
Input Data Table 2 = cdf/sanity_datatype2.tbl
Output Filename1 = qa/sanity_datatype1.tbl
Output Filename2 = qa/sanity_datatype2.tbl
Log File = stdout
I_Debug = 0
I_Verbose = 0
I_SuperVerbose = 0
Processing time: 0.060000 seconds
Program Sanity_datatype is done. Version 1.0, Sat Jan  9 14:57:25 2016


sanity_datatype   exit_value =   0    execution_time = 0.260s
******************************************************************
Pipeline executing qatool
qatool -i ../fos16.fits -n cdf/pn107.nl -nb QATOOLDCE -a /sos/sw/S19.2.0/STUDIO/downlink/include -o qa/DCE_qatool 
******************************************************************
qatool_parse_namelist: Information only: Namelist block-name = &QATOOLDCE
Program qatool, Version 6.0
Namelist File  = cdf/pn107.nl
Input File = ../fos16.fits
Output Data Filename Base = qa/DCE_qatool
Statistics Group = 0
Percent-Scaling Flag = 0
Calculation Type = 1
(set-up to do additional computations for four readout channels)
Number of Mean Absolute Deviations for Histogram Half-Width Coverage = 5
Number of Bins in Histograms = 41
Central fraction for trimmed average = 0.810000
Central fraction for trimmed std. dev. = 0.720000
Bad-pixel tolerance fraction = 0.340000
Statistics Box X position = 3
Statistics Box Y position = 4
Statistics Box X width = 27
Statistics Box Y height = 33
Input-Image Transpose Flag = 1
Unsigned Integer Flag = 0
Data-Plane Flag = 1
Number Edge Rows/Cols Skipped = 10
Keyword Prefix = dce
Ancillary Data-File Path = /sos/sw/S19.2.0/STUDIO/downlink/include
Verbose flag = 0
Super-verbose flag = 0
Debug flag = 0
Performed statistical and histogram calculations.
Program qatool: Status Message: 0x0000
Normal exit from Function 0x0000: LOG_WRITER
Processing time: 0.570000 seconds
Current date/time: Sat Jan  9 14:57:26 2016
Program qatool, version 6.0, terminated.

qatool   exit_value =   0    execution_time = 0.640s
******************************************************************
Pipeline executing sanity_check
sanity_check -i qa/DCE_qatool.tbl -o qa/sanity_check.tbl 
******************************************************************
Program Sanity_check is started .... Version 1.0, Sat Jan  9 14:57:28 2016

Input File = qa/DCE_qatool.tbl
Output = qa/sanity_check.tbl
Processing time: 0.020000 seconds
Current date/time: Sat Jan  9 14:57:28 2016
Program Sanity_check, version 1.0, terminated.

sanity_check   exit_value =   0    execution_time = 0.230s
******************************************************************
Pipeline executing abad_repair
abad_repair -i ../fos16.fits -o abad_repair.fits 
******************************************************************
Pipeline Module ABAD_REPAIR Version 1.2
Processing time Sat Jan  9 14:57:28 2016

ABAD_READ_DATA: A0752D00 = 0
status from read: 1
npixs = 65536
enter output with 0
files ../fos16.fits !abad_repair.fits 
open output [!abad_repair.fits]
comment [Sat Jan  9 14:57:28 2016]
Time = 0.040 seconds
exit code 0

abad_repair   exit_value =   0    execution_time = 0.070s
******************************************************************
Pipeline executing tranhead
tranhead -i abad_repair.fits -n cdf/pn107.nl -k /scr/S19.2.0/cdf/ctd/telemetry_dictionary.dat -a /sos/sw/S19.2.0/STUDIO/downlink/include -o tranhead.fits -t, cdf/Keyword_Include_List.dat 
******************************************************************

Program tranhead, Version 13.2
Namelist File  = cdf/pn107.nl
Input File = abad_repair.fits
Dictionary File = /scr/S19.2.0/cdf/ctd/telemetry_dictionary.dat
CTD Version String = 3.0.94S
Keyword-Include-List File = cdf/Keyword_Include_List.dat
Translated-Keyword File = tranhead.hdr
CSPICE leapseconds kernel = /scr/S19.2.0/cdf/spice/leapseconds.ker
CSPICE SCLK_SCET kernel = /scr/S19.2.0/cdf/spice/sclk_scet.ker
CSPICE Spitzer Ephemeris = /scr/S19.2.0/cdf/spice/sirtf.bsp
CSPICE Planets Ephemeris = /scr/S19.2.0/cdf/spice/de.bsp
Output File = tranhead.fits
Operation Type = 1
FITS-Header Comment Flag = 1
SCLK correction factor = 1.000380
Ignore Frames (1st) = -1
Ignore Frames (2nd and higher) = -1
Central fraction for trimmed average  = 0.900000
Central fraction for trimmed std. dev. = 0.900000
Gain = 3.710000
Gain_RdOutCh_1 = 3.710000
Gain_RdOutCh_2 = 3.710000
Gain_RdOutCh_3 = 3.710000
Gain_RdOutCh_4 = 3.710000
Ancillary Data-File Path = /sos/sw/S19.2.0/STUDIO/downlink/include
Verbose flag = 0
Super-verbose flag = 0
Debug flag = 0
Configured to perform forward FITS keyword translation.
tranhead Status Message: 0x0000
Normal exit from Function 0x0000: LOG_WRITER
A total of        0   NaN's were produced in the results.
Processing time: 0.270000 seconds
Current date/time: Sat Jan  9 14:57:29 2016
Program tranhead, version 13.2, terminated.

tranhead   exit_value =   0    execution_time = 0.350s
 hdrupd8 vsn 1.6  A70821


LabDark

chan, frametime, hdy, extrpt = 2, 2.00, F, 233
expid  adceid  repidx  =  54,  0,  0 

SkyDarkaor template time = 2
hdy  repidx =  F  0
expid  ext-repeat  =  54  233

******************************************************************
Pipeline executing caltrans
caltrans -n cdf/pn107.nl -m 2 -a 7 -b /scr1/S19.2.0/dlcaldata/irac -s tranhead.fits -o cal -u SUB -jk1 CHNLNUM -jv1 2 -ja1 N -ju1 0 -js1 flip -jk2 CHNLNUM;AFOWLNUM;AWAITPER;FRAMTIME;HDRMODE -jv2 2;8;184;2.00;F -ja2 N;N;N;N;S -ju2 0;0;0;0;0 -js2 sigma;cmask -jk3 CHNLNUM;AFOWLNUM;AWAITPER;FRAMTIME;HDRMODE -jv3 2;8;184;2.00;F -ja3 N;N;N;N;S -ju3 0;0;0;0;0 -js3 cmask -jk4 CHNLNUM -jv4 2 -ja4 N -ju4 0 -js4 cmask -jk5 CHNLNUM -jv5 2 -ja5 N -ju5 0 -js5 cmask -jk6 CHNLNUM -jv6 2 -ja6 N -ju6 0 -jk7 CHNLNUM;AFOWLNUM;AWAITPER -jv7 2;8;184 -ja7 N;N;N -ju7 0;0;0 -jk8 CHNLNUM;AFOWLNUM;AWAITPER -jv8 2;8;184 -ja8 N;N;N -ju8 0;0;0 -e CALTRANSsciSUB 
******************************************************************

Online Namelist file descriptor associated
Online namelist buffer loaded: length = 7422

Warning !:  Ancillary file #1  with full suffix filename  '/sos/archive/fallbacks/IRAC004600/SUB_2s_2sf8d1r1_ch2_v2.0.0_dark_sigma.fits'  NOT in archive/sandbox !!.
Proceed to the next suffix fileprocessing .....

Warning !:  Ancillary file #2  with full suffix filename  '/sos/archive/fallbacks/IRAC004600/SUB_2s_2sf8d1r1_ch2_v2.0.0_dark_cmask.fits'  NOT in archive/sandbox !!.
Proceed to the next suffix fileprocessing .....

Warning !:  Ancillary-suffix file #1: '/scr1/S19.2.0/dlcaldata/irac/fb1502_SUB_2s_2sf8d1r1_ch2_v2.0.0_dark_sigma.fits'  could NOT be identified on cache.
Processing continues ..... 


Warning !:  Ancillary-suffix file #2: '/scr1/S19.2.0/dlcaldata/irac/fb1502_SUB_2s_2sf8d1r1_ch2_v2.0.0_dark_cmask.fits'  could NOT be identified on cache.
Processing continues ..... 


Warning !:  Ancillary file #1  with full suffix filename  '/sos/archive/fallbacks/IRAC005300/lincal_b2_sa_011410_cmask.fits'  NOT in archive/sandbox !!.
Proceed to the next suffix fileprocessing .....

Warning !:  Ancillary-suffix file #1: '/scr1/S19.2.0/dlcaldata/irac/fb1579_lincal_b2_sa_011410_cmask.fits'  could NOT be identified on cache.
Processing continues ..... 

  Printing Log output to stdout...


Program CALTRANS, Version 4.0
Command-Line Namelist Filename  = cdf/pn107.nl
Command-Line Namelist Section = CALTRANSsciSUB
CalTrans Execution Mode  = 2
CalID = 7
Input Calibration Type list = pmask;labdark;skydark;lincal;sky_flat;fluxconv;muxbleed_lut;muxbleed_coeff
Input Calibration Rule list = 0;0;300;0;0;0;0;0
Input Generic Outfname list = pmask.fits;labdark.fits;skydark.fits;lincal.fits;skyflat.fits;fluxconv;muxbleed_lut;muxbleed_coeff
Science DCE Filename = tranhead.fits
CAL Destination Path = cal
Processing time: 0.240000 seconds
Current date/time: Sat Jan  9 14:57:41 2016
Program CALTRANS, version 4.0, terminated with status = 16

CalTrans exits with status = 16



caltrans   exit_value =  16    execution_time = 0.340s
******************************************************************
Pipeline executing insbposdom
insbposdom -i tranhead.fits -o insbposdom.fits 
******************************************************************
Pipeline Module INSBPOSDOM Version 1.1
Processing time Sat Jan  9 14:57:41 2016

Sat Jan  9 14:57:41 2016
Time = 0.020 seconds
exit code 0

insbposdom   exit_value =   0    execution_time = 0.050s
******************************************************************
Pipeline executing cvti2r4
cvti2r4 -i insbposdom.fits -a 0.5625 -b 0 -d cal/dmask_for_raw.fits -o cvti2r4.fits -m row 
******************************************************************
 SIRTF I*2-to-R*4 Data Cube Conversion program vsn 1.31 A61025
 Input file:  insbposdom.fits
 Using offset =    0.562500
 Using BLANK-fill value:   0
 Output file: cvti2r4.fits
 Missing-data pattern specified as rows

cvti2r4   exit_value =   0    execution_time = 0.230s
Image has barrel shift = 3
Computed truncation correction 0.5*(1-2^-ABARREL) = 0.5625
******************************************************************
Pipeline executing hdrupd8
hdrupd8 cvti2r4.fits -a cdf/hdrupd8_cubify.dat -d cdf/hdrupd8_planify.dat 
******************************************************************
 hdrupd8 vsn 1.6  A70821
 WARNING: keyword to be deleted not found: NAXIS3  

hdrupd8   exit_value =   0    execution_time = 0.210s
******************************************************************
Pipeline executing hdrupd8
hdrupd8 dmask.fits -a cdf/hdrupd8_cubify.dat -d cdf/hdrupd8_planify.dat 
******************************************************************
 hdrupd8 vsn 1.6  A70821
 WARNING: keyword to be deleted not found: NAXIS3  

hdrupd8   exit_value =   0    execution_time = 0.210s
******************************************************************
Pipeline executing iracwrapdet1
iracwrapdet1 -i cvti2r4.fits -n cdf/pn107.nl -p cal/pmask.fits -d dmask.fits -w wmask.fits -v 
******************************************************************
Pipeline Module IRACWRAPDET1 Version 1.4
Processing time Sat Jan  9 14:57:49 2016
iracwrapdet1_parse_args: Namelist File = 	cdf/pn107.nl
iracwrapdet1_parse_args: Pmask File = 	cal/pmask.fits
iracwrapdet1_parse_args: Dmask File = 	dmask.fits
iracwrapdet1_parse_args: Wmask File = 	wmask.fits
iracwrapdet1_parse_args: Input File = 	cvti2r4.fits
iracwrapdet1_parse_args: I_Verbose = 			1
chn 2 framtim 2.000000
iracwrapdet1_read_data: Data read from file:
cvti2r4.fits
iracwrapdet1_read_data: I_NX = 32
iracwrapdet1_read_data: I_NY = 32
iracwrapdet1_read_data: I_NZ = 64
iracwrapdet1_parse_namelist: Namelist File = 	cdf/pn107.nl
Coeff used: 55000.000000 55000.000000 55000.000000 55000.000000
iracwrapdet1_compute_results: Numerical Computations finished
Sat Jan  9 14:57:49 2016
iracwrapdet1_output: Results written to file(s).
Time = 0.010 seconds
iracwrapdet1_error_handler: Error Handler finished.
iracwrapdet1_exit: Memory Deallocated.
exit code 0

iracwrapdet1   exit_value =   0    execution_time = 0.040s
******************************************************************
Pipeline executing iracwrapdet2
iracwrapdet2 -i cvti2r4.fits -n cdf/pn107.nl -p cal/pmask.fits -d dmask.fits -w wmask.fits -a /sos/sw/S19.2.0/STUDIO/downlink/include 
******************************************************************

Program iracwrapdet2, Version 1.4
Namelist File  = cdf/pn107.nl
FITS Input Image = cvti2r4.fits
Pmask File = cal/pmask.fits
Dmask File = dmask.fits
Wmask File = mask.fits
M-Level       chan1     chan2     chan3     chan4
            55000.0   55000.0   55000.0   55000.0
Tolerance     chan1     chan2     chan3     chan4
             1200.0    1200.0    1200.0    1200.0
Pmask Maximum = 65535
Dmask Maximum = 65535
Ancillary Data-File Path = /sos/sw/S19.2.0/STUDIO/downlink/include
Verbose flag = 0
Super-verbose flag = 0
Debug flag = 0
iracwrapdet2 Status Message      0x0000
Normal exit from Function 0x0000: LOG_WRITER
Processing time: 0.090000 seconds
Current date/time: Sat Jan  9 14:57:49 2016
Program iracwrapdet2, version 1.4, terminated


iracwrapdet2   exit_value =   0    execution_time = 0.120s
******************************************************************
Pipeline executing iracwrapcorr
iracwrapcorr -i cvti2r4.fits -p cal/pmask.fits -d dmask.fits -w wmask.fits -o iracwrapcorr.fits 
******************************************************************
Pipeline Module IRACWRAPCORR Version 1.3
Processing time Sat Jan  9 14:57:49 2016
iracwrapcorr_parse_namelist: Information only: Namelist not specified.
Sat Jan  9 14:57:49 2016
Time = 0.030 seconds
exit code 0

iracwrapcorr   exit_value =   0    execution_time = 0.060s
******************************************************************
Pipeline executing iracnorm
iracnorm -i iracwrapcorr.fits -p cal/pmask.fits -d dmask.fits -o iracnorm.fits 
******************************************************************
Pipeline Module IRACWNORM Version 1.10
Processing time Sat Jan  9 14:57:50 2016

Sat Jan  9 14:57:50 2016
Time = 0.030 seconds
exit code 0

iracnorm   exit_value =   0    execution_time = 0.060s
******************************************************************
Pipeline executing iracebwc
iracebwc -i iracnorm.fits -n cdf/pn107.nl -p cal/pmask.fits -d dmask.fits -o iracebwc.fits 
******************************************************************
Pipeline Module IRACEBWC Version 1.2
Processing time Sat Jan  9 14:57:50 2016

Sat Jan  9 14:57:50 2016
Time = 0.030 seconds
exit code 0

iracebwc   exit_value =   0    execution_time = 0.060s
HDR mode   =  f
AOR Template Time     =  2
DCE Frame Time    =  2.00
EXTRpt     =  233
Frame NOBF =  0
From sub determine_delays:
   aottime = 2
   aordelay = 222.190359962807
   stellarmode = f
   expid=54
imdly = 1.21635998569488
frmdly = 1.21635998569488

Immed  Delay = 1.21635998569488
Frame  Delay = 1.21635998569488

 hdrupd8 vsn 1.6  A70821
 hdrupd8 vsn 1.6  A70821
 hdrupd8 vsn 1.6  A70821
 hdrupd8 vsn 1.6  A70821
 hdrupd8 vsn 1.6  A70821
 hdrupd8 vsn 1.6  A70821
 hdrupd8 vsn 1.6  A70821
******************************************************************
Pipeline executing darksubng
darksubng -i iracebwc.fits -a /sos/sw/S19.2.0/STUDIO/downlink/include -p cal/pmask.fits -d dmask.fits -o labdarksub.fits -cc cal/labdark.fits -v 
******************************************************************
/sos/sw/S19.2.0/STUDIO/downlink/bin/darksubng: namelist not given
/sos/sw/S19.2.0/STUDIO/downlink/bin/darksubng: input uncertainty image not given
/sos/sw/S19.2.0/STUDIO/downlink/bin/darksubng: output uncertainty image not given
/sos/sw/S19.2.0/STUDIO/downlink/bin/darksubng: WARNING no uncertainty calculations will be performed
/sos/sw/S19.2.0/STUDIO/downlink/bin/darksubng: Namelist               = []
/sos/sw/S19.2.0/STUDIO/downlink/bin/darksubng: Input image            = [iracebwc.fits]
/sos/sw/S19.2.0/STUDIO/downlink/bin/darksubng: Input uncertainty      = []
/sos/sw/S19.2.0/STUDIO/downlink/bin/darksubng: Output image           = [!labdarksub.fits]
/sos/sw/S19.2.0/STUDIO/downlink/bin/darksubng: Output uncertainty     = []
/sos/sw/S19.2.0/STUDIO/downlink/bin/darksubng: Dark                   = [cal/labdark.fits]
/sos/sw/S19.2.0/STUDIO/downlink/bin/darksubng: Pmask file             = [cal/pmask.fits]
/sos/sw/S19.2.0/STUDIO/downlink/bin/darksubng: Pmask fatality bitmask = [65536]
/sos/sw/S19.2.0/STUDIO/downlink/bin/darksubng: Dmask file             = [dmask.fits]
/sos/sw/S19.2.0/STUDIO/downlink/bin/darksubng: Dmask fatality bitmask = [65536]
/sos/sw/S19.2.0/STUDIO/downlink/bin/darksubng: Cmask file             = []
/sos/sw/S19.2.0/STUDIO/downlink/bin/darksubng: Cmask fatality bitmask = [65536]
/sos/sw/S19.2.0/STUDIO/downlink/bin/darksubng: Logfile                = []
/sos/sw/S19.2.0/STUDIO/downlink/bin/darksubng: Ancillary Path         = [/sos/sw/S19.2.0/STUDIO/downlink/include]
/sos/sw/S19.2.0/STUDIO/downlink/bin/darksubng: Uncertainty calculations will not be made
/sos/sw/S19.2.0/STUDIO/downlink/bin/darksubng: WARNING cal/labdark.fits has no BUNIT key
/sos/sw/S19.2.0/STUDIO/downlink/bin/darksubng: WARNING assuming cal/labdark.fits is in DN
/sos/sw/S19.2.0/STUDIO/downlink/bin/darksubng: WARNING cal/labdark.fits has no EXPTIME key
/sos/sw/S19.2.0/STUDIO/downlink/bin/darksubng: WARNING cal/labdark.fits has no GAIN keywords
/sos/sw/S19.2.0/STUDIO/downlink/bin/darksubng: compute - performing any unit conversions
/sos/sw/S19.2.0/STUDIO/downlink/bin/darksubng: compute - starting subtraction with masking 
/sos/sw/S19.2.0/STUDIO/downlink/bin/darksubng: Processing successful; Exiting

darksubng   exit_value =   0    execution_time = 0.100s
READ Noise !! =  9.4
******************************************************************
Pipeline executing snestimator
snestimator -i labdarksub.fits -n cdf/pn107.nl -a /sos/sw/S19.2.0/STUDIO/downlink/include -p cal/pmask.fits -d dmask.fits -on sig_snestimator.fits -g 3.71 -r 9.4 
******************************************************************
verbose 0

Program SNESTIMATOR, Version 1.5
Namelist File  = cdf/pn107.nl
Input FITS Image = labdarksub.fits
Noise Image = sig_snestimator.fits
Denominator type = IRAC_MODEL
Edge Pixels Excluded = 0
Gain Channel 1 = 3.710000 Channel 2 = 3.710000 Channel 3 = 3.710000 Channel 4 = 3.710000
Read Noise = 9.400000
Confusion Sigma = 0.000000
Ancillary Data-File Path = /sos/sw/S19.2.0/STUDIO/downlink/include
Verbose flag = 0
Super-verbose flag = 0
Debug flag = 0
snestimator Status Message      0x0000
Normal exit from Function 0x0000: LOG_WRITER
Processing time: 0.070000 seconds
Current date/time: Sat Jan  9 14:58:08 2016
Program SNESTIMATOR, version 1.5, terminated


snestimator   exit_value =   0    execution_time = 0.120s
******************************************************************
Pipeline executing darksubng
darksubng -i iracebwc.fits -iu sig_snestimator.fits -a /sos/sw/S19.2.0/STUDIO/downlink/include -p cal/pmask.fits -d dmask.fits -o labdarksub.fits -ou sig_labdarksub.fits -cc cal/labdark.fits -v 
******************************************************************
/sos/sw/S19.2.0/STUDIO/downlink/bin/darksubng: namelist not given
/sos/sw/S19.2.0/STUDIO/downlink/bin/darksubng: Namelist               = []
/sos/sw/S19.2.0/STUDIO/downlink/bin/darksubng: Input image            = [iracebwc.fits]
/sos/sw/S19.2.0/STUDIO/downlink/bin/darksubng: Input uncertainty      = [sig_snestimator.fits]
/sos/sw/S19.2.0/STUDIO/downlink/bin/darksubng: Output image           = [!labdarksub.fits]
/sos/sw/S19.2.0/STUDIO/downlink/bin/darksubng: Output uncertainty     = [!sig_labdarksub.fits]
/sos/sw/S19.2.0/STUDIO/downlink/bin/darksubng: Dark                   = [cal/labdark.fits]
/sos/sw/S19.2.0/STUDIO/downlink/bin/darksubng: Pmask file             = [cal/pmask.fits]
/sos/sw/S19.2.0/STUDIO/downlink/bin/darksubng: Pmask fatality bitmask = [65536]
/sos/sw/S19.2.0/STUDIO/downlink/bin/darksubng: Dmask file             = [dmask.fits]
/sos/sw/S19.2.0/STUDIO/downlink/bin/darksubng: Dmask fatality bitmask = [65536]
/sos/sw/S19.2.0/STUDIO/downlink/bin/darksubng: Cmask file             = []
/sos/sw/S19.2.0/STUDIO/downlink/bin/darksubng: Cmask fatality bitmask = [65536]
/sos/sw/S19.2.0/STUDIO/downlink/bin/darksubng: Logfile                = []
/sos/sw/S19.2.0/STUDIO/downlink/bin/darksubng: Ancillary Path         = [/sos/sw/S19.2.0/STUDIO/downlink/include]
/sos/sw/S19.2.0/STUDIO/downlink/bin/darksubng: Uncertainty calculations will be made
/sos/sw/S19.2.0/STUDIO/downlink/bin/darksubng: WARNING cal/labdark.fits has no BUNIT key
/sos/sw/S19.2.0/STUDIO/downlink/bin/darksubng: WARNING assuming cal/labdark.fits is in DN
/sos/sw/S19.2.0/STUDIO/downlink/bin/darksubng: WARNING cal/labdark.fits has no EXPTIME key
/sos/sw/S19.2.0/STUDIO/downlink/bin/darksubng: WARNING cal/labdark.fits has no GAIN keywords
/sos/sw/S19.2.0/STUDIO/downlink/bin/darksubng: compute - performing any unit conversions
/sos/sw/S19.2.0/STUDIO/downlink/bin/darksubng: compute - starting subtraction with masking 
/sos/sw/S19.2.0/STUDIO/downlink/bin/darksubng: Processing successful; Exiting

darksubng   exit_value =   0    execution_time = 0.150s
******************************************************************
Pipeline executing fowlinearize
fowlinearize -i1 labdarksub.fits -i3 sig_labdarksub.fits -n cdf/pn107.nl -a /sos/sw/S19.2.0/STUDIO/downlink/include -ip cal/pmask.fits -i2 cal/lincal.fits -id dmask.fits -o1 fowlinearize.fits -o2 sig_fowlinearize.fits -c 10 
******************************************************************

Program FOWLINEARIZE, Version 4.9
Namelist File  = cdf/pn107.nl
Input File 1 = labdarksub.fits
Input File 2 = cal/lincal.fits
Input File 3 = sig_labdarksub.fits
Model_Flag(1=quad. 2=cubic) = 1
Clock_Readout(10=sub-array, 200=full-array) = 10.000000
Input PMask Image = cal/pmask.fits
Unusable PMask Bits = 16384
Input DMask Image = dmask.fits
Unusable DMask Bits = 8192
Not-linearized DMask Bit = 4096
Not-linearized DMask Bit due to lincal-model saturation = 8192
Output File 1 = fowlinearize.fits
Output File 2 = sig_fowlinearize.fits
Ancillary Data-File Path = /sos/sw/S19.2.0/STUDIO/downlink/include
Verbose flag = 0
Super-verbose flag = 0
Debug flag = 0
Performed linearity correction.
Program fowlinearize: Status Message: 0x0000
Normal exit from Function 0x0000: LOG_WRITER
Processing time: 0.230000 seconds
Current date/time: Sat Jan  9 14:58:09 2016
Program FOWLINEARIZE, version 4.9, terminated.

fowlinearize   exit_value =   0    execution_time = 0.300s
Read Noise =  9.4
 hdrupd8 vsn 1.6  A70821
******************************************************************
Pipeline executing bgmodel
bgmodel -i fowlinearize.fits -n cdf/pn107.nl -h 
******************************************************************

Online Namelist file descriptor associated
Online namelist buffer loaded: length = 7422
bgmodel_log_writer: Printing Log output to stdout
bgmodel  Version 1.0
Namelist File  = cdf/pn107.nl
Input Image = fowlinearize.fits
Ephemeris = /scr1/S19.2.0/cdf/spice/sirtf.bsp
LeapSec Kernel = /scr1/S19.2.0/cdf/spice/leapseconds.ker
SPK Kernel = /scr1/S19.2.0/cdf/spice/de.bsp

bgmodel  Status Message      0x0000: No error.
Time = 0.070 seconds

Background exits with status = 0


bgmodel   exit_value =   0    execution_time = 0.110s
******************************************************************
Pipeline executing hdrupd8
hdrupd8 fowlinearize.fits -a addkeys.dat 
******************************************************************
 hdrupd8 vsn 1.6  A70821

hdrupd8   exit_value =   0    execution_time = 0.250s
SkyDk Med DN      = 16.56367 
Exposure time     = 1.92
SkyDk Med DN rate = 8.62691145833333
Flux Conv         = 0.1447 
SkyDk Med Flux    = 1.24831408802083
Image File = fowlinearize.fits 

 hdrupd8 vsn 1.6  A70821
 hdrupd8 vsn 1.6  A70821
 hdrupd8 vsn 1.6  A70821
 hdrupd8 vsn 1.6  A70821
 hdrupd8 vsn 1.6  A70821
******************************************************************
Pipeline executing darksubng
darksubng -i fowlinearize.fits -iu sig_fowlinearize.fits -a /sos/sw/S19.2.0/STUDIO/downlink/include -p cal/pmask.fits -d dmask.fits -o skydarksub.fits -ou sig_skydarksub.fits -cc cal/skydark.fits -v -c cal/skydark_cmask.fits 
******************************************************************
/sos/sw/S19.2.0/STUDIO/downlink/bin/darksubng: namelist not given
/sos/sw/S19.2.0/STUDIO/downlink/bin/darksubng: Namelist               = []
/sos/sw/S19.2.0/STUDIO/downlink/bin/darksubng: Input image            = [fowlinearize.fits]
/sos/sw/S19.2.0/STUDIO/downlink/bin/darksubng: Input uncertainty      = [sig_fowlinearize.fits]
/sos/sw/S19.2.0/STUDIO/downlink/bin/darksubng: Output image           = [!skydarksub.fits]
/sos/sw/S19.2.0/STUDIO/downlink/bin/darksubng: Output uncertainty     = [!sig_skydarksub.fits]
/sos/sw/S19.2.0/STUDIO/downlink/bin/darksubng: Dark                   = [cal/skydark.fits]
/sos/sw/S19.2.0/STUDIO/downlink/bin/darksubng: Pmask file             = [cal/pmask.fits]
/sos/sw/S19.2.0/STUDIO/downlink/bin/darksubng: Pmask fatality bitmask = [65536]
/sos/sw/S19.2.0/STUDIO/downlink/bin/darksubng: Dmask file             = [dmask.fits]
/sos/sw/S19.2.0/STUDIO/downlink/bin/darksubng: Dmask fatality bitmask = [65536]
/sos/sw/S19.2.0/STUDIO/downlink/bin/darksubng: Cmask file             = [cal/skydark_cmask.fits]
/sos/sw/S19.2.0/STUDIO/downlink/bin/darksubng: Cmask fatality bitmask = [65536]
/sos/sw/S19.2.0/STUDIO/downlink/bin/darksubng: Logfile                = []
/sos/sw/S19.2.0/STUDIO/downlink/bin/darksubng: Ancillary Path         = [/sos/sw/S19.2.0/STUDIO/downlink/include]
/sos/sw/S19.2.0/STUDIO/downlink/bin/darksubng: Uncertainty calculations will be made
/sos/sw/S19.2.0/STUDIO/downlink/bin/darksubng: compute - performing any unit conversions
/sos/sw/S19.2.0/STUDIO/downlink/bin/darksubng: compute - starting subtraction with masking 
/sos/sw/S19.2.0/STUDIO/downlink/bin/darksubng: Processing successful; Exiting

darksubng   exit_value =   0    execution_time = 0.140s
******************************************************************
Pipeline executing darkdrift
darkdrift -i skydarksub.fits -iu sig_skydarksub.fits -n cdf/pn107.nl -a /sos/sw/S19.2.0/STUDIO/downlink/include -o1 darkdrift.fits -o2 darkdriftcorr.fits -o3 darkdrift.tbl -ou sig_darkdrift.fits 
******************************************************************
Program darkdrift, Version 4.1
Namelist File  = cdf/pn107.nl
Input Image = skydarksub.fits
Input Uncertainty Image = sig_skydarksub.fits
Output Image 1 (corrected image) = darkdrift.fits
Output Image 2 (corrections) = darkdriftcorr.fits
Output Image 3 (uncertainties) = sig_darkdrift.fits
Output File 3 = darkdrift.tbl
Central fraction for trimmed average  = 0.900000
Central fraction for trimmed std. dev. = 0.900000
Time_Input = 0.250000
Time_Before = 0.000000
Time_After = 1.000000
Temp_Input = 270.000000
Temp_Before = 280.000000
Temp_After = 260.000000
Calculation Type = 1
Input-Image Transpose Flag = 1
Multiplicative-Correction Flag (Additive if zero) = 0
Readout Channel to exclude (none if zero) = 0
Data-Plane Flag = 1
Ancillary Data-File Path = /sos/sw/S19.2.0/STUDIO/downlink/include
Verbose flag = 0
Super-verbose flag = 0
Debug flag = 0
Dark-current offsets estimated from input image.

Detailed darkdrift calculational results:
...for data plane = 1
Darkdrift correction for readout-channel 1 = -0.008481
Darkdrift correction for readout-channel 2 = 0.155731
Darkdrift correction for readout-channel 3 = -0.469809
Darkdrift correction for readout-channel 4 = 0.322559
Darkdrift uncertainty for readout-channel 1 = 0.301406
Darkdrift uncertainty for readout-channel 2 = 0.304087
Darkdrift uncertainty for readout-channel 3 = 0.301655
Darkdrift uncertainty for readout-channel 4 = 0.301430
Trimmed average of values in readout-channel 1 = 6.519269
Trimmed average of values in readout-channel 2 = 6.683481
Trimmed average of values in readout-channel 3 = 6.057941
Trimmed average of values in readout-channel 4 = 6.850309
Darkdrift background term = 6.527750
...for data plane = 2
Darkdrift correction for readout-channel 1 = 0.192955
Darkdrift correction for readout-channel 2 = -0.368050
Darkdrift correction for readout-channel 3 = 0.430279
Darkdrift correction for readout-channel 4 = -0.255184
Darkdrift uncertainty for readout-channel 1 = 0.303019
Darkdrift uncertainty for readout-channel 2 = 0.302987
Darkdrift uncertainty for readout-channel 3 = 0.302982
Darkdrift uncertainty for readout-channel 4 = 0.303248
Trimmed average of values in readout-channel 1 = 4.787029
Trimmed average of values in readout-channel 2 = 4.226024
Trimmed average of values in readout-channel 3 = 5.024352
Trimmed average of values in readout-channel 4 = 4.338890
Darkdrift background term = 4.594074
...for data plane = 3
Darkdrift correction for readout-channel 1 = 0.066937
Darkdrift correction for readout-channel 2 = -0.368324
Darkdrift correction for readout-channel 3 = 0.030561
Darkdrift correction for readout-channel 4 = 0.270826
Darkdrift uncertainty for readout-channel 1 = 0.303629
Darkdrift uncertainty for readout-channel 2 = 0.302146
Darkdrift uncertainty for readout-channel 3 = 0.302998
Darkdrift uncertainty for readout-channel 4 = 0.302825
Trimmed average of values in readout-channel 1 = 5.035903
Trimmed average of values in readout-channel 2 = 4.600642
Trimmed average of values in readout-channel 3 = 4.999528
Trimmed average of values in readout-channel 4 = 5.239793
Darkdrift background term = 4.968966
...for data plane = 4
Darkdrift correction for readout-channel 1 = -0.160315
Darkdrift correction for readout-channel 2 = 0.090488
Darkdrift correction for readout-channel 3 = -0.420347
Darkdrift correction for readout-channel 4 = 0.490174
Darkdrift uncertainty for readout-channel 1 = 0.229056
Darkdrift uncertainty for readout-channel 2 = 0.302981
Darkdrift uncertainty for readout-channel 3 = 0.302979
Darkdrift uncertainty for readout-channel 4 = 0.303066
Trimmed average of values in readout-channel 1 = 4.899967
Trimmed average of values in readout-channel 2 = 5.150770
Trimmed average of values in readout-channel 3 = 4.639935
Trimmed average of values in readout-channel 4 = 5.550456
Darkdrift background term = 5.060282
...for data plane = 5
Darkdrift correction for readout-channel 1 = -0.436112
Darkdrift correction for readout-channel 2 = -0.210187
Darkdrift correction for readout-channel 3 = 0.355488
Darkdrift correction for readout-channel 4 = 0.290812
Darkdrift uncertainty for readout-channel 1 = 0.303355
Darkdrift uncertainty for readout-channel 2 = 0.302975
Darkdrift uncertainty for readout-channel 3 = 0.302977
Darkdrift uncertainty for readout-channel 4 = 0.302979
Trimmed average of values in readout-channel 1 = 4.989623
Trimmed average of values in readout-channel 2 = 5.215548
Trimmed average of values in readout-channel 3 = 5.781223
Trimmed average of values in readout-channel 4 = 5.716547
Darkdrift background term = 5.425735
...for data plane = 6
Darkdrift correction for readout-channel 1 = 0.347009
Darkdrift correction for readout-channel 2 = -0.240595
Darkdrift correction for readout-channel 3 = -0.342920
Darkdrift correction for readout-channel 4 = 0.236506
Darkdrift uncertainty for readout-channel 1 = 0.303750
Darkdrift uncertainty for readout-channel 2 = 0.302982
Darkdrift uncertainty for readout-channel 3 = 0.302985
Darkdrift uncertainty for readout-channel 4 = 0.303237
Trimmed average of values in readout-channel 1 = 6.312186
Trimmed average of values in readout-channel 2 = 5.724582
Trimmed average of values in readout-channel 3 = 5.622257
Trimmed average of values in readout-channel 4 = 6.201684
Darkdrift background term = 5.965177
...for data plane = 7
Darkdrift correction for readout-channel 1 = 0.199302
Darkdrift correction for readout-channel 2 = -0.241450
Darkdrift correction for readout-channel 3 = 0.178744
Darkdrift correction for readout-channel 4 = -0.136597
Darkdrift uncertainty for readout-channel 1 = 0.302971
Darkdrift uncertainty for readout-channel 2 = 0.302964
Darkdrift uncertainty for readout-channel 3 = 0.303452
Darkdrift uncertainty for readout-channel 4 = 0.303039
Trimmed average of values in readout-channel 1 = 6.087118
Trimmed average of values in readout-channel 2 = 5.646367
Trimmed average of values in readout-channel 3 = 6.066561
Trimmed average of values in readout-channel 4 = 5.751220
Darkdrift background term = 5.887816
...for data plane = 8
Darkdrift correction for readout-channel 1 = -0.061221
Darkdrift correction for readout-channel 2 = -0.406385
Darkdrift correction for readout-channel 3 = 0.112515
Darkdrift correction for readout-channel 4 = 0.355091
Darkdrift uncertainty for readout-channel 1 = 0.303234
Darkdrift uncertainty for readout-channel 2 = 0.302169
Darkdrift uncertainty for readout-channel 3 = 0.302982
Darkdrift uncertainty for readout-channel 4 = 0.378705
Trimmed average of values in readout-channel 1 = 5.419788
Trimmed average of values in readout-channel 2 = 5.074625
Trimmed average of values in readout-channel 3 = 5.593524
Trimmed average of values in readout-channel 4 = 5.836101
Darkdrift background term = 5.481009
...for data plane = 9
Darkdrift correction for readout-channel 1 = -0.259011
Darkdrift correction for readout-channel 2 = 0.170455
Darkdrift correction for readout-channel 3 = 0.117741
Darkdrift correction for readout-channel 4 = -0.029185
Darkdrift uncertainty for readout-channel 1 = 0.302972
Darkdrift uncertainty for readout-channel 2 = 0.302708
Darkdrift uncertainty for readout-channel 3 = 0.303465
Darkdrift uncertainty for readout-channel 4 = 0.302979
Trimmed average of values in readout-channel 1 = 5.329394
Trimmed average of values in readout-channel 2 = 5.758859
Trimmed average of values in readout-channel 3 = 5.706145
Trimmed average of values in readout-channel 4 = 5.559219
Darkdrift background term = 5.588404
...for data plane = 10
Darkdrift correction for readout-channel 1 = -0.016778
Darkdrift correction for readout-channel 2 = -0.093941
Darkdrift correction for readout-channel 3 = 0.091611
Darkdrift correction for readout-channel 4 = 0.019108
Darkdrift uncertainty for readout-channel 1 = 0.303363
Darkdrift uncertainty for readout-channel 2 = 0.303227
Darkdrift uncertainty for readout-channel 3 = 0.303291
Darkdrift uncertainty for readout-channel 4 = 0.303074
Trimmed average of values in readout-channel 1 = 5.458203
Trimmed average of values in readout-channel 2 = 5.381041
Trimmed average of values in readout-channel 3 = 5.566592
Trimmed average of values in readout-channel 4 = 5.494089
Darkdrift background term = 5.474981
...for data plane = 11
Darkdrift correction for readout-channel 1 = -0.239556
Darkdrift correction for readout-channel 2 = 0.084008
Darkdrift correction for readout-channel 3 = 0.046379
Darkdrift correction for readout-channel 4 = 0.109170
Darkdrift uncertainty for readout-channel 1 = 0.302976
Darkdrift uncertainty for readout-channel 2 = 0.303237
Darkdrift uncertainty for readout-channel 3 = 0.377996
Darkdrift uncertainty for readout-channel 4 = 0.302628
Trimmed average of values in readout-channel 1 = 5.753590
Trimmed average of values in readout-channel 2 = 6.077154
Trimmed average of values in readout-channel 3 = 6.039525
Trimmed average of values in readout-channel 4 = 6.102316
Darkdrift background term = 5.993146
...for data plane = 12
Darkdrift correction for readout-channel 1 = -0.013605
Darkdrift correction for readout-channel 2 = -0.079020
Darkdrift correction for readout-channel 3 = -0.137230
Darkdrift correction for readout-channel 4 = 0.229855
Darkdrift uncertainty for readout-channel 1 = 0.303102
Darkdrift uncertainty for readout-channel 2 = 0.302972
Darkdrift uncertainty for readout-channel 3 = 0.303207
Darkdrift uncertainty for readout-channel 4 = 0.303237
Trimmed average of values in readout-channel 1 = 5.763098
Trimmed average of values in readout-channel 2 = 5.697684
Trimmed average of values in readout-channel 3 = 5.639474
Trimmed average of values in readout-channel 4 = 6.006558
Darkdrift background term = 5.776703
...for data plane = 13
Darkdrift correction for readout-channel 1 = -0.341161
Darkdrift correction for readout-channel 2 = 0.319221
Darkdrift correction for readout-channel 3 = -0.154658
Darkdrift correction for readout-channel 4 = 0.176598
Darkdrift uncertainty for readout-channel 1 = 0.303623
Darkdrift uncertainty for readout-channel 2 = 0.302977
Darkdrift uncertainty for readout-channel 3 = 0.302985
Darkdrift uncertainty for readout-channel 4 = 0.302964
Trimmed average of values in readout-channel 1 = 5.509723
Trimmed average of values in readout-channel 2 = 6.170105
Trimmed average of values in readout-channel 3 = 5.696226
Trimmed average of values in readout-channel 4 = 6.027482
Darkdrift background term = 5.850884
...for data plane = 14
Darkdrift correction for readout-channel 1 = 0.239483
Darkdrift correction for readout-channel 2 = -0.199712
Darkdrift correction for readout-channel 3 = -0.013810
Darkdrift correction for readout-channel 4 = -0.025961
Darkdrift uncertainty for readout-channel 1 = 0.356774
Darkdrift uncertainty for readout-channel 2 = 0.303526
Darkdrift uncertainty for readout-channel 3 = 0.303298
Darkdrift uncertainty for readout-channel 4 = 0.302982
Trimmed average of values in readout-channel 1 = 6.282467
Trimmed average of values in readout-channel 2 = 5.843272
Trimmed average of values in readout-channel 3 = 6.029173
Trimmed average of values in readout-channel 4 = 6.017022
Darkdrift background term = 6.042984
...for data plane = 15
Darkdrift correction for readout-channel 1 = -0.233907
Darkdrift correction for readout-channel 2 = -0.227017
Darkdrift correction for readout-channel 3 = 0.069254
Darkdrift correction for readout-channel 4 = 0.391670
Darkdrift uncertainty for readout-channel 1 = 0.303365
Darkdrift uncertainty for readout-channel 2 = 0.301595
Darkdrift uncertainty for readout-channel 3 = 0.302962
Darkdrift uncertainty for readout-channel 4 = 0.302904
Trimmed average of values in readout-channel 1 = 5.460297
Trimmed average of values in readout-channel 2 = 5.467187
Trimmed average of values in readout-channel 3 = 5.763458
Trimmed average of values in readout-channel 4 = 6.085874
Darkdrift background term = 5.694204
...for data plane = 16
Darkdrift correction for readout-channel 1 = 0.248115
Darkdrift correction for readout-channel 2 = -0.209635
Darkdrift correction for readout-channel 3 = 0.024943
Darkdrift correction for readout-channel 4 = -0.063423
Darkdrift uncertainty for readout-channel 1 = 0.302982
Darkdrift uncertainty for readout-channel 2 = 0.301321
Darkdrift uncertainty for readout-channel 3 = 0.302970
Darkdrift uncertainty for readout-channel 4 = 0.302972
Trimmed average of values in readout-channel 1 = 5.631431
Trimmed average of values in readout-channel 2 = 5.173681
Trimmed average of values in readout-channel 3 = 5.408259
Trimmed average of values in readout-channel 4 = 5.319892
Darkdrift background term = 5.383316
...for data plane = 17
Darkdrift correction for readout-channel 1 = -0.282785
Darkdrift correction for readout-channel 2 = 0.008864
Darkdrift correction for readout-channel 3 = -0.024108
Darkdrift correction for readout-channel 4 = 0.298029
Darkdrift uncertainty for readout-channel 1 = 0.303116
Darkdrift uncertainty for readout-channel 2 = 0.302969
Darkdrift uncertainty for readout-channel 3 = 0.303451
Darkdrift uncertainty for readout-channel 4 = 0.301880
Trimmed average of values in readout-channel 1 = 5.638361
Trimmed average of values in readout-channel 2 = 5.930009
Trimmed average of values in readout-channel 3 = 5.897038
Trimmed average of values in readout-channel 4 = 6.219175
Darkdrift background term = 5.921146
...for data plane = 18
Darkdrift correction for readout-channel 1 = 0.367388
Darkdrift correction for readout-channel 2 = -0.390182
Darkdrift correction for readout-channel 3 = 0.139839
Darkdrift correction for readout-channel 4 = -0.117045
Darkdrift uncertainty for readout-channel 1 = 0.301760
Darkdrift uncertainty for readout-channel 2 = 0.306004
Darkdrift uncertainty for readout-channel 3 = 0.302957
Darkdrift uncertainty for readout-channel 4 = 0.302980
Trimmed average of values in readout-channel 1 = 6.004356
Trimmed average of values in readout-channel 2 = 5.246786
Trimmed average of values in readout-channel 3 = 5.776807
Trimmed average of values in readout-channel 4 = 5.519923
Darkdrift background term = 5.636968
...for data plane = 19
Darkdrift correction for readout-channel 1 = -0.304769
Darkdrift correction for readout-channel 2 = -0.145847
Darkdrift correction for readout-channel 3 = -0.446005
Darkdrift correction for readout-channel 4 = 0.896621
Darkdrift uncertainty for readout-channel 1 = 0.302973
Darkdrift uncertainty for readout-channel 2 = 0.302979
Darkdrift uncertainty for readout-channel 3 = 0.302976
Darkdrift uncertainty for readout-channel 4 = 0.303132
Trimmed average of values in readout-channel 1 = 5.373662
Trimmed average of values in readout-channel 2 = 5.532584
Trimmed average of values in readout-channel 3 = 5.232426
Trimmed average of values in readout-channel 4 = 6.575052
Darkdrift background term = 5.678431
...for data plane = 20
Darkdrift correction for readout-channel 1 = 0.194994
Darkdrift correction for readout-channel 2 = -0.303869
Darkdrift correction for readout-channel 3 = 0.073450
Darkdrift correction for readout-channel 4 = 0.035425
Darkdrift uncertainty for readout-channel 1 = 0.302710
Darkdrift uncertainty for readout-channel 2 = 0.304075
Darkdrift uncertainty for readout-channel 3 = 0.303047
Darkdrift uncertainty for readout-channel 4 = 0.302969
Trimmed average of values in readout-channel 1 = 6.317615
Trimmed average of values in readout-channel 2 = 5.818751
Trimmed average of values in readout-channel 3 = 6.196070
Trimmed average of values in readout-channel 4 = 6.158046
Darkdrift background term = 6.122620
...for data plane = 21
Darkdrift correction for readout-channel 1 = 0.178592
Darkdrift correction for readout-channel 2 = -0.011003
Darkdrift correction for readout-channel 3 = -0.012855
Darkdrift correction for readout-channel 4 = -0.154734
Darkdrift uncertainty for readout-channel 1 = 0.303241
Darkdrift uncertainty for readout-channel 2 = 0.302005
Darkdrift uncertainty for readout-channel 3 = 0.303044
Darkdrift uncertainty for readout-channel 4 = 0.302971
Trimmed average of values in readout-channel 1 = 6.093201
Trimmed average of values in readout-channel 2 = 5.903606
Trimmed average of values in readout-channel 3 = 5.901755
Trimmed average of values in readout-channel 4 = 5.759875
Darkdrift background term = 5.914609
...for data plane = 22
Darkdrift correction for readout-channel 1 = -0.361593
Darkdrift correction for readout-channel 2 = 0.368623
Darkdrift correction for readout-channel 3 = 0.027243
Darkdrift correction for readout-channel 4 = -0.034273
Darkdrift uncertainty for readout-channel 1 = 0.303752
Darkdrift uncertainty for readout-channel 2 = 0.302971
Darkdrift uncertainty for readout-channel 3 = 0.303296
Darkdrift uncertainty for readout-channel 4 = 0.303408
Trimmed average of values in readout-channel 1 = 5.577607
Trimmed average of values in readout-channel 2 = 6.307824
Trimmed average of values in readout-channel 3 = 5.966444
Trimmed average of values in readout-channel 4 = 5.904928
Darkdrift background term = 5.939201
...for data plane = 23
Darkdrift correction for readout-channel 1 = 0.056367
Darkdrift correction for readout-channel 2 = -0.359013
Darkdrift correction for readout-channel 3 = 0.519208
Darkdrift correction for readout-channel 4 = -0.216562
Darkdrift uncertainty for readout-channel 1 = 0.303480
Darkdrift uncertainty for readout-channel 2 = 0.300750
Darkdrift uncertainty for readout-channel 3 = 0.303122
Darkdrift uncertainty for readout-channel 4 = 0.302978
Trimmed average of values in readout-channel 1 = 5.606024
Trimmed average of values in readout-channel 2 = 5.190644
Trimmed average of values in readout-channel 3 = 6.068865
Trimmed average of values in readout-channel 4 = 5.333095
Darkdrift background term = 5.549657
...for data plane = 24
Darkdrift correction for readout-channel 1 = 0.122460
Darkdrift correction for readout-channel 2 = 0.115731
Darkdrift correction for readout-channel 3 = -0.137552
Darkdrift correction for readout-channel 4 = -0.100639
Darkdrift uncertainty for readout-channel 1 = 0.303351
Darkdrift uncertainty for readout-channel 2 = 0.304906
Darkdrift uncertainty for readout-channel 3 = 0.303060
Darkdrift uncertainty for readout-channel 4 = 0.302901
Trimmed average of values in readout-channel 1 = 5.699359
Trimmed average of values in readout-channel 2 = 5.692629
Trimmed average of values in readout-channel 3 = 5.439347
Trimmed average of values in readout-channel 4 = 5.476260
Darkdrift background term = 5.576899
...for data plane = 25
Darkdrift correction for readout-channel 1 = -0.116048
Darkdrift correction for readout-channel 2 = -0.231530
Darkdrift correction for readout-channel 3 = 0.290281
Darkdrift correction for readout-channel 4 = 0.057296
Darkdrift uncertainty for readout-channel 1 = 0.303720
Darkdrift uncertainty for readout-channel 2 = 0.300773
Darkdrift uncertainty for readout-channel 3 = 0.304008
Darkdrift uncertainty for readout-channel 4 = 0.302960
Trimmed average of values in readout-channel 1 = 5.564424
Trimmed average of values in readout-channel 2 = 5.448942
Trimmed average of values in readout-channel 3 = 5.970753
Trimmed average of values in readout-channel 4 = 5.737768
Darkdrift background term = 5.680472
...for data plane = 26
Darkdrift correction for readout-channel 1 = -0.193824
Darkdrift correction for readout-channel 2 = -0.239721
Darkdrift correction for readout-channel 3 = 0.198768
Darkdrift correction for readout-channel 4 = 0.234777
Darkdrift uncertainty for readout-channel 1 = 0.304004
Darkdrift uncertainty for readout-channel 2 = 0.299376
Darkdrift uncertainty for readout-channel 3 = 0.303080
Darkdrift uncertainty for readout-channel 4 = 0.303063
Trimmed average of values in readout-channel 1 = 5.872986
Trimmed average of values in readout-channel 2 = 5.827090
Trimmed average of values in readout-channel 3 = 6.265578
Trimmed average of values in readout-channel 4 = 6.301588
Darkdrift background term = 6.066811
...for data plane = 27
Darkdrift correction for readout-channel 1 = 0.258938
Darkdrift correction for readout-channel 2 = -0.271235
Darkdrift correction for readout-channel 3 = -0.042654
Darkdrift correction for readout-channel 4 = 0.054952
Darkdrift uncertainty for readout-channel 1 = 0.303357
Darkdrift uncertainty for readout-channel 2 = 0.305452
Darkdrift uncertainty for readout-channel 3 = 0.303467
Darkdrift uncertainty for readout-channel 4 = 0.302967
Trimmed average of values in readout-channel 1 = 6.003942
Trimmed average of values in readout-channel 2 = 5.473769
Trimmed average of values in readout-channel 3 = 5.702350
Trimmed average of values in readout-channel 4 = 5.799956
Darkdrift background term = 5.745004
...for data plane = 28
Darkdrift correction for readout-channel 1 = -0.479646
Darkdrift correction for readout-channel 2 = 0.194958
Darkdrift correction for readout-channel 3 = -0.037472
Darkdrift correction for readout-channel 4 = 0.322161
Darkdrift uncertainty for readout-channel 1 = 0.303228
Darkdrift uncertainty for readout-channel 2 = 0.302964
Darkdrift uncertainty for readout-channel 3 = 0.297109
Darkdrift uncertainty for readout-channel 4 = 0.302982
Trimmed average of values in readout-channel 1 = 5.736508
Trimmed average of values in readout-channel 2 = 6.411112
Trimmed average of values in readout-channel 3 = 6.178682
Trimmed average of values in readout-channel 4 = 6.538315
Darkdrift background term = 6.216154
...for data plane = 29
Darkdrift correction for readout-channel 1 = 0.299742
Darkdrift correction for readout-channel 2 = -0.223200
Darkdrift correction for readout-channel 3 = -0.001899
Darkdrift correction for readout-channel 4 = -0.074642
Darkdrift uncertainty for readout-channel 1 = 0.303361
Darkdrift uncertainty for readout-channel 2 = 0.302967
Darkdrift uncertainty for readout-channel 3 = 0.303203
Darkdrift uncertainty for readout-channel 4 = 0.303055
Trimmed average of values in readout-channel 1 = 5.935158
Trimmed average of values in readout-channel 2 = 5.412216
Trimmed average of values in readout-channel 3 = 5.633517
Trimmed average of values in readout-channel 4 = 5.560774
Darkdrift background term = 5.635416
...for data plane = 30
Darkdrift correction for readout-channel 1 = -0.068287
Darkdrift correction for readout-channel 2 = 0.221825
Darkdrift correction for readout-channel 3 = -0.004289
Darkdrift correction for readout-channel 4 = -0.149248
Darkdrift uncertainty for readout-channel 1 = 0.302974
Darkdrift uncertainty for readout-channel 2 = 0.303008
Darkdrift uncertainty for readout-channel 3 = 0.302969
Darkdrift uncertainty for readout-channel 4 = 0.302907
Trimmed average of values in readout-channel 1 = 5.784177
Trimmed average of values in readout-channel 2 = 6.074288
Trimmed average of values in readout-channel 3 = 5.848174
Trimmed average of values in readout-channel 4 = 5.703215
Darkdrift background term = 5.852464
...for data plane = 31
Darkdrift correction for readout-channel 1 = -0.344734
Darkdrift correction for readout-channel 2 = -0.048110
Darkdrift correction for readout-channel 3 = 0.167671
Darkdrift correction for readout-channel 4 = 0.225173
Darkdrift uncertainty for readout-channel 1 = 0.378322
Darkdrift uncertainty for readout-channel 2 = 0.302982
Darkdrift uncertainty for readout-channel 3 = 0.303700
Darkdrift uncertainty for readout-channel 4 = 0.303032
Trimmed average of values in readout-channel 1 = 5.247644
Trimmed average of values in readout-channel 2 = 5.544267
Trimmed average of values in readout-channel 3 = 5.760048
Trimmed average of values in readout-channel 4 = 5.817550
Darkdrift background term = 5.592377
...for data plane = 32
Darkdrift correction for readout-channel 1 = -0.002593
Darkdrift correction for readout-channel 2 = 0.193723
Darkdrift correction for readout-channel 3 = -0.038097
Darkdrift correction for readout-channel 4 = -0.153033
Darkdrift uncertainty for readout-channel 1 = 0.302975
Darkdrift uncertainty for readout-channel 2 = 0.302989
Darkdrift uncertainty for readout-channel 3 = 0.303062
Darkdrift uncertainty for readout-channel 4 = 0.302811
Trimmed average of values in readout-channel 1 = 5.778436
Trimmed average of values in readout-channel 2 = 5.974753
Trimmed average of values in readout-channel 3 = 5.742933
Trimmed average of values in readout-channel 4 = 5.627997
Darkdrift background term = 5.781030
...for data plane = 33
Darkdrift correction for readout-channel 1 = -0.083435
Darkdrift correction for readout-channel 2 = -0.451734
Darkdrift correction for readout-channel 3 = 0.223782
Darkdrift correction for readout-channel 4 = 0.311387
Darkdrift uncertainty for readout-channel 1 = 0.302965
Darkdrift uncertainty for readout-channel 2 = 0.302970
Darkdrift uncertainty for readout-channel 3 = 0.302752
Darkdrift uncertainty for readout-channel 4 = 0.302979
Trimmed average of values in readout-channel 1 = 5.555441
Trimmed average of values in readout-channel 2 = 5.187143
Trimmed average of values in readout-channel 3 = 5.862659
Trimmed average of values in readout-channel 4 = 5.950263
Darkdrift background term = 5.638876
...for data plane = 34
Darkdrift correction for readout-channel 1 = 0.169672
Darkdrift correction for readout-channel 2 = -0.550271
Darkdrift correction for readout-channel 3 = -0.018735
Darkdrift correction for readout-channel 4 = 0.399334
Darkdrift uncertainty for readout-channel 1 = 0.303620
Darkdrift uncertainty for readout-channel 2 = 0.302956
Darkdrift uncertainty for readout-channel 3 = 0.303054
Darkdrift uncertainty for readout-channel 4 = 0.303561
Trimmed average of values in readout-channel 1 = 6.123749
Trimmed average of values in readout-channel 2 = 5.403806
Trimmed average of values in readout-channel 3 = 5.935342
Trimmed average of values in readout-channel 4 = 6.353411
Darkdrift background term = 5.954077
...for data plane = 35
Darkdrift correction for readout-channel 1 = 0.195933
Darkdrift correction for readout-channel 2 = -0.186513
Darkdrift correction for readout-channel 3 = -0.416532
Darkdrift correction for readout-channel 4 = 0.407111
Darkdrift uncertainty for readout-channel 1 = 0.303749
Darkdrift uncertainty for readout-channel 2 = 0.302968
Darkdrift uncertainty for readout-channel 3 = 0.303059
Darkdrift uncertainty for readout-channel 4 = 0.302980
Trimmed average of values in readout-channel 1 = 6.140465
Trimmed average of values in readout-channel 2 = 5.758019
Trimmed average of values in readout-channel 3 = 5.528000
Trimmed average of values in readout-channel 4 = 6.351643
Darkdrift background term = 5.944532
...for data plane = 36
Darkdrift correction for readout-channel 1 = 0.057192
Darkdrift correction for readout-channel 2 = -0.018452
Darkdrift correction for readout-channel 3 = 0.179191
Darkdrift correction for readout-channel 4 = -0.217931
Darkdrift uncertainty for readout-channel 1 = 0.303362
Darkdrift uncertainty for readout-channel 2 = 0.302158
Darkdrift uncertainty for readout-channel 3 = 0.302804
Darkdrift uncertainty for readout-channel 4 = 0.302314
Trimmed average of values in readout-channel 1 = 5.917822
Trimmed average of values in readout-channel 2 = 5.842178
Trimmed average of values in readout-channel 3 = 6.039822
Trimmed average of values in readout-channel 4 = 5.642699
Darkdrift background term = 5.860630
...for data plane = 37
Darkdrift correction for readout-channel 1 = 0.130619
Darkdrift correction for readout-channel 2 = 0.093852
Darkdrift correction for readout-channel 3 = -0.240782
Darkdrift correction for readout-channel 4 = 0.016311
Darkdrift uncertainty for readout-channel 1 = 0.377934
Darkdrift uncertainty for readout-channel 2 = 0.229155
Darkdrift uncertainty for readout-channel 3 = 0.302481
Darkdrift uncertainty for readout-channel 4 = 0.302983
Trimmed average of values in readout-channel 1 = 5.853282
Trimmed average of values in readout-channel 2 = 5.816515
Trimmed average of values in readout-channel 3 = 5.481880
Trimmed average of values in readout-channel 4 = 5.738973
Darkdrift background term = 5.722663
...for data plane = 38
Darkdrift correction for readout-channel 1 = -0.237934
Darkdrift correction for readout-channel 2 = -0.223679
Darkdrift correction for readout-channel 3 = 0.123382
Darkdrift correction for readout-channel 4 = 0.338231
Darkdrift uncertainty for readout-channel 1 = 0.303890
Darkdrift uncertainty for readout-channel 2 = 0.304636
Darkdrift uncertainty for readout-channel 3 = 0.304248
Darkdrift uncertainty for readout-channel 4 = 0.302961
Trimmed average of values in readout-channel 1 = 5.042241
Trimmed average of values in readout-channel 2 = 5.056496
Trimmed average of values in readout-channel 3 = 5.403557
Trimmed average of values in readout-channel 4 = 5.618406
Darkdrift background term = 5.280175
...for data plane = 39
Darkdrift correction for readout-channel 1 = 0.108697
Darkdrift correction for readout-channel 2 = -0.109508
Darkdrift correction for readout-channel 3 = -0.262818
Darkdrift correction for readout-channel 4 = 0.263630
Darkdrift uncertainty for readout-channel 1 = 0.374690
Darkdrift uncertainty for readout-channel 2 = 0.303258
Darkdrift uncertainty for readout-channel 3 = 0.303482
Darkdrift uncertainty for readout-channel 4 = 0.303121
Trimmed average of values in readout-channel 1 = 6.020129
Trimmed average of values in readout-channel 2 = 5.801924
Trimmed average of values in readout-channel 3 = 5.648614
Trimmed average of values in readout-channel 4 = 6.175062
Darkdrift background term = 5.911432
...for data plane = 40
Darkdrift correction for readout-channel 1 = 0.224655
Darkdrift correction for readout-channel 2 = -0.478073
Darkdrift correction for readout-channel 3 = -0.326140
Darkdrift correction for readout-channel 4 = 0.579558
Darkdrift uncertainty for readout-channel 1 = 0.302848
Darkdrift uncertainty for readout-channel 2 = 0.302425
Darkdrift uncertainty for readout-channel 3 = 0.303405
Darkdrift uncertainty for readout-channel 4 = 0.303092
Trimmed average of values in readout-channel 1 = 5.706147
Trimmed average of values in readout-channel 2 = 5.003420
Trimmed average of values in readout-channel 3 = 5.155353
Trimmed average of values in readout-channel 4 = 6.061050
Darkdrift background term = 5.481492
...for data plane = 41
Darkdrift correction for readout-channel 1 = -0.296061
Darkdrift correction for readout-channel 2 = -0.126526
Darkdrift correction for readout-channel 3 = 0.239961
Darkdrift correction for readout-channel 4 = 0.182625
Darkdrift uncertainty for readout-channel 1 = 0.302711
Darkdrift uncertainty for readout-channel 2 = 0.302988
Darkdrift uncertainty for readout-channel 3 = 0.302978
Darkdrift uncertainty for readout-channel 4 = 0.302988
Trimmed average of values in readout-channel 1 = 5.401011
Trimmed average of values in readout-channel 2 = 5.570546
Trimmed average of values in readout-channel 3 = 5.937033
Trimmed average of values in readout-channel 4 = 5.879698
Darkdrift background term = 5.697072
...for data plane = 42
Darkdrift correction for readout-channel 1 = 0.256261
Darkdrift correction for readout-channel 2 = -0.335805
Darkdrift correction for readout-channel 3 = -0.020120
Darkdrift correction for readout-channel 4 = 0.099663
Darkdrift uncertainty for readout-channel 1 = 0.302839
Darkdrift uncertainty for readout-channel 2 = 0.302144
Darkdrift uncertainty for readout-channel 3 = 0.302657
Darkdrift uncertainty for readout-channel 4 = 0.303390
Trimmed average of values in readout-channel 1 = 6.019477
Trimmed average of values in readout-channel 2 = 5.427410
Trimmed average of values in readout-channel 3 = 5.743095
Trimmed average of values in readout-channel 4 = 5.862878
Darkdrift background term = 5.763215
...for data plane = 43
Darkdrift correction for readout-channel 1 = -0.549228
Darkdrift correction for readout-channel 2 = -0.205267
Darkdrift correction for readout-channel 3 = 0.443104
Darkdrift correction for readout-channel 4 = 0.311391
Darkdrift uncertainty for readout-channel 1 = 0.303356
Darkdrift uncertainty for readout-channel 2 = 0.302145
Darkdrift uncertainty for readout-channel 3 = 0.302594
Darkdrift uncertainty for readout-channel 4 = 0.340890
Trimmed average of values in readout-channel 1 = 5.348870
Trimmed average of values in readout-channel 2 = 5.692830
Trimmed average of values in readout-channel 3 = 6.341201
Trimmed average of values in readout-channel 4 = 6.209489
Darkdrift background term = 5.898098
...for data plane = 44
Darkdrift correction for readout-channel 1 = -0.048441
Darkdrift correction for readout-channel 2 = 0.101109
Darkdrift correction for readout-channel 3 = 0.138192
Darkdrift correction for readout-channel 4 = -0.190860
Darkdrift uncertainty for readout-channel 1 = 0.302985
Darkdrift uncertainty for readout-channel 2 = 0.302978
Darkdrift uncertainty for readout-channel 3 = 0.303376
Darkdrift uncertainty for readout-channel 4 = 0.303157
Trimmed average of values in readout-channel 1 = 5.774420
Trimmed average of values in readout-channel 2 = 5.923970
Trimmed average of values in readout-channel 3 = 5.961052
Trimmed average of values in readout-channel 4 = 5.632001
Darkdrift background term = 5.822861
...for data plane = 45
Darkdrift correction for readout-channel 1 = -0.210478
Darkdrift correction for readout-channel 2 = -0.237226
Darkdrift correction for readout-channel 3 = 0.031245
Darkdrift correction for readout-channel 4 = 0.416458
Darkdrift uncertainty for readout-channel 1 = 0.303500
Darkdrift uncertainty for readout-channel 2 = 0.303243
Darkdrift uncertainty for readout-channel 3 = 0.303128
Darkdrift uncertainty for readout-channel 4 = 0.303049
Trimmed average of values in readout-channel 1 = 5.322395
Trimmed average of values in readout-channel 2 = 5.295647
Trimmed average of values in readout-channel 3 = 5.564118
Trimmed average of values in readout-channel 4 = 5.949331
Darkdrift background term = 5.532873
...for data plane = 46
Darkdrift correction for readout-channel 1 = -0.181066
Darkdrift correction for readout-channel 2 = 0.088412
Darkdrift correction for readout-channel 3 = -0.028324
Darkdrift correction for readout-channel 4 = 0.120978
Darkdrift uncertainty for readout-channel 1 = 0.303115
Darkdrift uncertainty for readout-channel 2 = 0.302697
Darkdrift uncertainty for readout-channel 3 = 0.302964
Darkdrift uncertainty for readout-channel 4 = 0.303219
Trimmed average of values in readout-channel 1 = 5.384736
Trimmed average of values in readout-channel 2 = 5.654214
Trimmed average of values in readout-channel 3 = 5.537477
Trimmed average of values in readout-channel 4 = 5.686780
Darkdrift background term = 5.565802
...for data plane = 47
Darkdrift correction for readout-channel 1 = 0.204991
Darkdrift correction for readout-channel 2 = -0.710540
Darkdrift correction for readout-channel 3 = 0.050423
Darkdrift correction for readout-channel 4 = 0.455125
Darkdrift uncertainty for readout-channel 1 = 0.303481
Darkdrift uncertainty for readout-channel 2 = 0.375961
Darkdrift uncertainty for readout-channel 3 = 0.302505
Darkdrift uncertainty for readout-channel 4 = 0.303076
Trimmed average of values in readout-channel 1 = 5.669941
Trimmed average of values in readout-channel 2 = 4.754410
Trimmed average of values in readout-channel 3 = 5.515373
Trimmed average of values in readout-channel 4 = 5.920075
Darkdrift background term = 5.464950
...for data plane = 48
Darkdrift correction for readout-channel 1 = -0.095849
Darkdrift correction for readout-channel 2 = 0.079288
Darkdrift correction for readout-channel 3 = -0.132084
Darkdrift correction for readout-channel 4 = 0.148645
Darkdrift uncertainty for readout-channel 1 = 0.302975
Darkdrift uncertainty for readout-channel 2 = 0.302973
Darkdrift uncertainty for readout-channel 3 = 0.303441
Darkdrift uncertainty for readout-channel 4 = 0.303132
Trimmed average of values in readout-channel 1 = 5.269719
Trimmed average of values in readout-channel 2 = 5.444857
Trimmed average of values in readout-channel 3 = 5.233484
Trimmed average of values in readout-channel 4 = 5.514213
Darkdrift background term = 5.365568
...for data plane = 49
Darkdrift correction for readout-channel 1 = -0.544211
Darkdrift correction for readout-channel 2 = 0.278347
Darkdrift correction for readout-channel 3 = -0.129594
Darkdrift correction for readout-channel 4 = 0.395459
Darkdrift uncertainty for readout-channel 1 = 0.302981
Darkdrift uncertainty for readout-channel 2 = 0.304101
Darkdrift uncertainty for readout-channel 3 = 0.303783
Darkdrift uncertainty for readout-channel 4 = 0.303069
Trimmed average of values in readout-channel 1 = 5.528712
Trimmed average of values in readout-channel 2 = 6.351270
Trimmed average of values in readout-channel 3 = 5.943329
Trimmed average of values in readout-channel 4 = 6.468382
Darkdrift background term = 6.072923
...for data plane = 50
Darkdrift correction for readout-channel 1 = -0.081655
Darkdrift correction for readout-channel 2 = -0.105134
Darkdrift correction for readout-channel 3 = -0.077671
Darkdrift correction for readout-channel 4 = 0.264460
Darkdrift uncertainty for readout-channel 1 = 0.304654
Darkdrift uncertainty for readout-channel 2 = 0.302134
Darkdrift uncertainty for readout-channel 3 = 0.303127
Darkdrift uncertainty for readout-channel 4 = 0.302984
Trimmed average of values in readout-channel 1 = 5.687470
Trimmed average of values in readout-channel 2 = 5.663990
Trimmed average of values in readout-channel 3 = 5.691453
Trimmed average of values in readout-channel 4 = 6.033584
Darkdrift background term = 5.769124
...for data plane = 51
Darkdrift correction for readout-channel 1 = -0.341036
Darkdrift correction for readout-channel 2 = -0.184847
Darkdrift correction for readout-channel 3 = 0.339186
Darkdrift correction for readout-channel 4 = 0.186697
Darkdrift uncertainty for readout-channel 1 = 0.302711
Darkdrift uncertainty for readout-channel 2 = 0.302981
Darkdrift uncertainty for readout-channel 3 = 0.303137
Darkdrift uncertainty for readout-channel 4 = 0.303310
Trimmed average of values in readout-channel 1 = 5.310492
Trimmed average of values in readout-channel 2 = 5.466681
Trimmed average of values in readout-channel 3 = 5.990714
Trimmed average of values in readout-channel 4 = 5.838224
Darkdrift background term = 5.651528
...for data plane = 52
Darkdrift correction for readout-channel 1 = 0.064927
Darkdrift correction for readout-channel 2 = 0.037438
Darkdrift correction for readout-channel 3 = -0.459192
Darkdrift correction for readout-channel 4 = 0.356827
Darkdrift uncertainty for readout-channel 1 = 0.300125
Darkdrift uncertainty for readout-channel 2 = 0.303786
Darkdrift uncertainty for readout-channel 3 = 0.303392
Darkdrift uncertainty for readout-channel 4 = 0.302969
Trimmed average of values in readout-channel 1 = 5.595144
Trimmed average of values in readout-channel 2 = 5.567655
Trimmed average of values in readout-channel 3 = 5.071025
Trimmed average of values in readout-channel 4 = 5.887044
Darkdrift background term = 5.530217
...for data plane = 53
Darkdrift correction for readout-channel 1 = 0.230041
Darkdrift correction for readout-channel 2 = -0.287387
Darkdrift correction for readout-channel 3 = -0.063345
Darkdrift correction for readout-channel 4 = 0.120691
Darkdrift uncertainty for readout-channel 1 = 0.302708
Darkdrift uncertainty for readout-channel 2 = 0.302982
Darkdrift uncertainty for readout-channel 3 = 0.304102
Darkdrift uncertainty for readout-channel 4 = 0.303073
Trimmed average of values in readout-channel 1 = 5.598837
Trimmed average of values in readout-channel 2 = 5.081409
Trimmed average of values in readout-channel 3 = 5.305451
Trimmed average of values in readout-channel 4 = 5.489487
Darkdrift background term = 5.368796
...for data plane = 54
Darkdrift correction for readout-channel 1 = 0.030310
Darkdrift correction for readout-channel 2 = -0.241912
Darkdrift correction for readout-channel 3 = -0.330420
Darkdrift correction for readout-channel 4 = 0.542022
Darkdrift uncertainty for readout-channel 1 = 0.302977
Darkdrift uncertainty for readout-channel 2 = 0.303512
Darkdrift uncertainty for readout-channel 3 = 0.303138
Darkdrift uncertainty for readout-channel 4 = 0.302973
Trimmed average of values in readout-channel 1 = 5.434012
Trimmed average of values in readout-channel 2 = 5.161790
Trimmed average of values in readout-channel 3 = 5.073282
Trimmed average of values in readout-channel 4 = 5.945723
Darkdrift background term = 5.403702
...for data plane = 55
Darkdrift correction for readout-channel 1 = 0.200057
Darkdrift correction for readout-channel 2 = -0.054164
Darkdrift correction for readout-channel 3 = -0.128736
Darkdrift correction for readout-channel 4 = -0.017157
Darkdrift uncertainty for readout-channel 1 = 0.303367
Darkdrift uncertainty for readout-channel 2 = 0.302978
Darkdrift uncertainty for readout-channel 3 = 0.302984
Darkdrift uncertainty for readout-channel 4 = 0.303311
Trimmed average of values in readout-channel 1 = 5.698576
Trimmed average of values in readout-channel 2 = 5.444355
Trimmed average of values in readout-channel 3 = 5.369784
Trimmed average of values in readout-channel 4 = 5.481362
Darkdrift background term = 5.498519
...for data plane = 56
Darkdrift correction for readout-channel 1 = 0.068159
Darkdrift correction for readout-channel 2 = -0.210978
Darkdrift correction for readout-channel 3 = -0.072596
Darkdrift correction for readout-channel 4 = 0.215415
Darkdrift uncertainty for readout-channel 1 = 0.303361
Darkdrift uncertainty for readout-channel 2 = 0.303795
Darkdrift uncertainty for readout-channel 3 = 0.341119
Darkdrift uncertainty for readout-channel 4 = 0.303400
Trimmed average of values in readout-channel 1 = 5.968719
Trimmed average of values in readout-channel 2 = 5.689582
Trimmed average of values in readout-channel 3 = 5.827965
Trimmed average of values in readout-channel 4 = 6.115976
Darkdrift background term = 5.900561
...for data plane = 57
Darkdrift correction for readout-channel 1 = 0.372164
Darkdrift correction for readout-channel 2 = -0.057483
Darkdrift correction for readout-channel 3 = -0.273114
Darkdrift correction for readout-channel 4 = -0.041567
Darkdrift uncertainty for readout-channel 1 = 0.303112
Darkdrift uncertainty for readout-channel 2 = 0.303534
Darkdrift uncertainty for readout-channel 3 = 0.302890
Darkdrift uncertainty for readout-channel 4 = 0.303483
Trimmed average of values in readout-channel 1 = 6.189697
Trimmed average of values in readout-channel 2 = 5.760049
Trimmed average of values in readout-channel 3 = 5.544418
Trimmed average of values in readout-channel 4 = 5.775965
Darkdrift background term = 5.817532
...for data plane = 58
Darkdrift correction for readout-channel 1 = 0.224264
Darkdrift correction for readout-channel 2 = -0.269437
Darkdrift correction for readout-channel 3 = -0.498738
Darkdrift correction for readout-channel 4 = 0.543911
Darkdrift uncertainty for readout-channel 1 = 0.341724
Darkdrift uncertainty for readout-channel 2 = 0.302983
Darkdrift uncertainty for readout-channel 3 = 0.302982
Darkdrift uncertainty for readout-channel 4 = 0.302974
Trimmed average of values in readout-channel 1 = 1.393743
Trimmed average of values in readout-channel 2 = 0.900041
Trimmed average of values in readout-channel 3 = 0.670740
Trimmed average of values in readout-channel 4 = 1.713389
Darkdrift background term = 1.169478
...for data plane = 59
Darkdrift correction for readout-channel 1 = -0.020817
Darkdrift correction for readout-channel 2 = 0.300293
Darkdrift correction for readout-channel 3 = -0.046596
Darkdrift correction for readout-channel 4 = -0.232880
Darkdrift uncertainty for readout-channel 1 = 0.303229
Darkdrift uncertainty for readout-channel 2 = 0.230820
Darkdrift uncertainty for readout-channel 3 = 0.302973
Darkdrift uncertainty for readout-channel 4 = 0.302978
Trimmed average of values in readout-channel 1 = 5.632511
Trimmed average of values in readout-channel 2 = 5.953620
Trimmed average of values in readout-channel 3 = 5.606732
Trimmed average of values in readout-channel 4 = 5.420448
Darkdrift background term = 5.653328
...for data plane = 60
Darkdrift correction for readout-channel 1 = 0.038645
Darkdrift correction for readout-channel 2 = -0.047818
Darkdrift correction for readout-channel 3 = -0.060092
Darkdrift correction for readout-channel 4 = 0.069265
Darkdrift uncertainty for readout-channel 1 = 0.303106
Darkdrift uncertainty for readout-channel 2 = 0.302725
Darkdrift uncertainty for readout-channel 3 = 0.302974
Darkdrift uncertainty for readout-channel 4 = 0.303459
Trimmed average of values in readout-channel 1 = 5.797334
Trimmed average of values in readout-channel 2 = 5.710871
Trimmed average of values in readout-channel 3 = 5.698598
Trimmed average of values in readout-channel 4 = 5.827954
Darkdrift background term = 5.758689
...for data plane = 61
Darkdrift correction for readout-channel 1 = -0.046889
Darkdrift correction for readout-channel 2 = -0.378638
Darkdrift correction for readout-channel 3 = 0.049647
Darkdrift correction for readout-channel 4 = 0.375880
Darkdrift uncertainty for readout-channel 1 = 0.303246
Darkdrift uncertainty for readout-channel 2 = 0.305447
Darkdrift uncertainty for readout-channel 3 = 0.303441
Darkdrift uncertainty for readout-channel 4 = 0.303137
Trimmed average of values in readout-channel 1 = 5.228621
Trimmed average of values in readout-channel 2 = 4.896872
Trimmed average of values in readout-channel 3 = 5.325157
Trimmed average of values in readout-channel 4 = 5.651390
Darkdrift background term = 5.275510
...for data plane = 62
Darkdrift correction for readout-channel 1 = -0.070866
Darkdrift correction for readout-channel 2 = -0.316621
Darkdrift correction for readout-channel 3 = 0.221551
Darkdrift correction for readout-channel 4 = 0.165937
Darkdrift uncertainty for readout-channel 1 = 0.303221
Darkdrift uncertainty for readout-channel 2 = 0.228067
Darkdrift uncertainty for readout-channel 3 = 0.303143
Darkdrift uncertainty for readout-channel 4 = 0.302972
Trimmed average of values in readout-channel 1 = 5.070919
Trimmed average of values in readout-channel 2 = 4.825164
Trimmed average of values in readout-channel 3 = 5.363336
Trimmed average of values in readout-channel 4 = 5.307722
Darkdrift background term = 5.141785
...for data plane = 63
Darkdrift correction for readout-channel 1 = 0.175639
Darkdrift correction for readout-channel 2 = -0.184853
Darkdrift correction for readout-channel 3 = -0.113490
Darkdrift correction for readout-channel 4 = 0.122704
Darkdrift uncertainty for readout-channel 1 = 0.302972
Darkdrift uncertainty for readout-channel 2 = 0.302690
Darkdrift uncertainty for readout-channel 3 = 0.302977
Darkdrift uncertainty for readout-channel 4 = 0.302881
Trimmed average of values in readout-channel 1 = 5.918435
Trimmed average of values in readout-channel 2 = 5.557943
Trimmed average of values in readout-channel 3 = 5.629306
Trimmed average of values in readout-channel 4 = 5.865500
Darkdrift background term = 5.742796
...for data plane = 64
Darkdrift correction for readout-channel 1 = 0.139750
Darkdrift correction for readout-channel 2 = -0.199393
Darkdrift correction for readout-channel 3 = 0.242518
Darkdrift correction for readout-channel 4 = -0.182874
Darkdrift uncertainty for readout-channel 1 = 0.303489
Darkdrift uncertainty for readout-channel 2 = 0.302986
Darkdrift uncertainty for readout-channel 3 = 0.303285
Darkdrift uncertainty for readout-channel 4 = 0.303467
Trimmed average of values in readout-channel 1 = 5.704939
Trimmed average of values in readout-channel 2 = 5.365795
Trimmed average of values in readout-channel 3 = 5.807707
Trimmed average of values in readout-channel 4 = 5.382314
Darkdrift background term = 5.565189

Program darkdrift: Status Message: 0x0000
Normal exit from Function 0x0000: LOG_WRITER
darkdrift Warning: NaN's were produced in the results.
A total of     2013   NaN's were produced in the results.
Processing time: 9.140000 seconds
Current date/time: Sat Jan  9 14:58:37 2016
Program darkdrift, version 4.1, terminated.

darkdrift   exit_value =   0    execution_time = 9.210s
******************************************************************
Pipeline executing flatap
flatap -i darkdrift.fits -p cal/pmask.fits -f cal/skyflat.fits -ui sig_darkdrift.fits -uo sig_flatap.fits -d dmask.fits -o flatap.fits -c cal/skyflat_cmask.fits 
******************************************************************
Pipeline Module FLATAP Version 1.5
Processing time Sat Jan  9 14:58:38 2016

flatap_parse_namelist: Information only: Namelist not specified.
Sat Jan  9 14:58:38 2016
flatap_log_writer: Could not open Log File, using stdout
Flatap Version 1.5
Namelist File  = 
Input DCE = darkdrift.fits
Output DCE = !flatap.fits
Flatfield = cal/skyflat.fits
Input Uncertainty = sig_darkdrift.fits
Output Uncertainty = !sig_flatap.fits
Pmask File = cal/pmask.fits
Pmask Mask = 128
Dmask File = dmask.fits
Dmask Mask = 16384
Cmask File = cal/skyflat_cmask.fits
Cmask Mask = 256
Trans CAL File = 
Trans CAL CMask File = 
Processing Log File = 
Time =    0.14 seconds
*********************

Time = 0.140 seconds
exit code 0

flatap   exit_value =   0    execution_time = 0.200s
******************************************************************
Pipeline executing imfliprot
imfliprot -i flatap.fits -n cdf/pn107.nl -a /sos/sw/S19.2.0/STUDIO/downlink/include -o imfliprot.fits 
******************************************************************

imfliprot_log_writer: Printing Log output to stdout

Program imfliprot, Version 1.0
Namelist File  = cdf/pn107.nl
Input File = flatap.fits
Output File = imfliprot.fits
Image has been flipped
Image Rotation (degrees)  = 180
Ancillary Data-File Path = /sos/sw/S19.2.0/STUDIO/downlink/include
Verbose flag = 0
Debug flag = 0
imfliprot Status Message      0x0000: Normal exit from Function 0x0000: LOG_WRITER
Processing time: 0.150000 seconds
Current date/time: Sat Jan  9 14:58:38 2016
Program imfliprot, version 1.0, terminated.


imfliprot   exit_value =   0    execution_time = 0.190s
******************************************************************
Pipeline executing imfliprot
imfliprot -i sig_flatap.fits -n cdf/pn107.nl -a /sos/sw/S19.2.0/STUDIO/downlink/include -o sig_imfliprot.fits 
******************************************************************

imfliprot_log_writer: Printing Log output to stdout

Program imfliprot, Version 1.0
Namelist File  = cdf/pn107.nl
Input File = sig_flatap.fits
Output File = sig_imfliprot.fits
Image has been flipped
Image Rotation (degrees)  = 180
Ancillary Data-File Path = /sos/sw/S19.2.0/STUDIO/downlink/include
Verbose flag = 0
Debug flag = 0
imfliprot Status Message      0x0000: Normal exit from Function 0x0000: LOG_WRITER
Processing time: 0.150000 seconds
Current date/time: Sat Jan  9 14:58:39 2016
Program imfliprot, version 1.0, terminated.


imfliprot   exit_value =   0    execution_time = 0.180s
******************************************************************
Pipeline executing imfliprot
imfliprot -i dmask.fits -n cdf/pn107.nl -a /sos/sw/S19.2.0/STUDIO/downlink/include -o temp_dmask.fits 
******************************************************************

imfliprot_log_writer: Printing Log output to stdout

Program imfliprot, Version 1.0
Namelist File  = cdf/pn107.nl
Input File = dmask.fits
Output File = temp_dmask.fits
Image has been flipped
Image Rotation (degrees)  = 180
Ancillary Data-File Path = /sos/sw/S19.2.0/STUDIO/downlink/include
Verbose flag = 0
Debug flag = 0
imfliprot Status Message      0x0000: Normal exit from Function 0x0000: LOG_WRITER
Processing time: 0.040000 seconds
Current date/time: Sat Jan  9 14:58:39 2016
Program imfliprot, version 1.0, terminated.


imfliprot   exit_value =   0    execution_time = 0.070s
******************************************************************
Pipeline executing imfliprot
imfliprot -i fowlinearize.fits -n cdf/pn107.nl -a /sos/sw/S19.2.0/STUDIO/downlink/include -o temp_fowlinearize.fits 
******************************************************************

imfliprot_log_writer: Printing Log output to stdout

Program imfliprot, Version 1.0
Namelist File  = cdf/pn107.nl
Input File = fowlinearize.fits
Output File = temp_fowlinearize.fits
Image has been flipped
Image Rotation (degrees)  = 180
Ancillary Data-File Path = /sos/sw/S19.2.0/STUDIO/downlink/include
Verbose flag = 0
Debug flag = 0
imfliprot Status Message      0x0000: Normal exit from Function 0x0000: LOG_WRITER
Processing time: 0.070000 seconds
Current date/time: Sat Jan  9 14:58:40 2016
Program imfliprot, version 1.0, terminated.


imfliprot   exit_value =   0    execution_time = 0.110s
******************************************************************
Pipeline executing imfliprot
imfliprot -i sig_fowlinearize.fits -n cdf/pn107.nl -a /sos/sw/S19.2.0/STUDIO/downlink/include -o temp_sig_fowlinearize.fits 
******************************************************************

imfliprot_log_writer: Printing Log output to stdout

Program imfliprot, Version 1.0
Namelist File  = cdf/pn107.nl
Input File = sig_fowlinearize.fits
Output File = temp_sig_fowlinearize.fits
Image has been flipped
Image Rotation (degrees)  = 180
Ancillary Data-File Path = /sos/sw/S19.2.0/STUDIO/downlink/include
Verbose flag = 0
Debug flag = 0
imfliprot Status Message      0x0000: Normal exit from Function 0x0000: LOG_WRITER
Processing time: 0.060000 seconds
Current date/time: Sat Jan  9 14:58:40 2016
Program imfliprot, version 1.0, terminated.


imfliprot   exit_value =   0    execution_time = 0.090s
******************************************************************
Pipeline executing dntoflux
dntoflux -i imfliprot.fits -iu sig_imfliprot.fits -n cdf/pn107.nl -co 0 -c 0.1447 -u 0.0000 -a /sos/sw/S19.2.0/STUDIO/downlink/include -o1 dntoflux.fits -ou sig_dntoflux.fits -t 1 
******************************************************************

Program dntoflux, Version 4.2
Namelist File  = cdf/pn107.nl
Input Image = imfliprot.fits
Output File 1 = dntoflux.fits
Output Uncertainty Image = sig_dntoflux.fits
Operation flag = 0
Conversion factor = 0.144700
Input Uncertainty Image = sig_imfliprot.fits
Conversion-factor uncertainty = 0.000000
Output BUNIT setting = MJy/sr
Normalize-by-EXPTIME Flag = 1
EXPTIME = 1.920000
Data-Plane Flag = 1
Ancillary Data-File Path = /sos/sw/S19.2.0/STUDIO/downlink/include
Verbose flag = 0
Super-verbose flag = 0
Debug flag = 0
Terminating data-units-conversion program.
dntoflux Status Message: 0x0000
Normal exit from Function 0x0000: LOG_WRITER
dntoflux Probs Warning: NaN's were produced in the results.
A total of     4026   NaN's were produced in the results.
Processing time: 0.360000 seconds
Current date/time: Sat Jan  9 14:58:41 2016
Program dntoflux, version 4.2, terminated.

dntoflux   exit_value =   0    execution_time = 0.460s
******************************************************************
Pipeline executing qatool
qatool -i dntoflux.fits -n cdf/pn107.nl -nb QATOOLBCD -a /sos/sw/S19.2.0/STUDIO/downlink/include -o qa/BCD_qatool 
******************************************************************
qatool_parse_namelist: Information only: Namelist block-name = &QATOOLBCD
Program qatool, Version 6.0
Namelist File  = cdf/pn107.nl
Input File = dntoflux.fits
Output Data Filename Base = qa/BCD_qatool
Statistics Group = 0
Percent-Scaling Flag = 0
Calculation Type = 1
(set-up to do additional computations for four readout channels)
Number of Mean Absolute Deviations for Histogram Half-Width Coverage = 5
Number of Bins in Histograms = 41
Central fraction for trimmed average = 0.810000
Central fraction for trimmed std. dev. = 0.720000
Bad-pixel tolerance fraction = 0.900000
Statistics Box X position = 3
Statistics Box Y position = 4
Statistics Box X width = 20
Statistics Box Y height = 23
Input-Image Transpose Flag = 1
Unsigned Integer Flag = 0
Data-Plane Flag = 1
Number Edge Rows/Cols Skipped = 2
Keyword Prefix = bcd
Ancillary Data-File Path = /sos/sw/S19.2.0/STUDIO/downlink/include
Verbose flag = 0
Super-verbose flag = 0
Debug flag = 0
Performed statistical and histogram calculations.
Program qatool: Status Message: 0x0000
Normal exit from Function 0x0000: LOG_WRITER
Processing time: 0.950000 seconds
Current date/time: Sat Jan  9 14:58:42 2016
Program qatool, version 6.0, terminated.

qatool   exit_value =   0    execution_time = 1.020s
******************************************************************
Pipeline executing chkmask
chkmask dmask.fits -q qa/BCD_qatool.qa 
******************************************************************
 chkmask vsn 1.35 A40312
 
 No. of occurrences of the   3 status combinations:
   2268 occurrences of   256 (8)                                 
   6 occurrences of   16 (4)                                 
     1 occurrence of   272 (4,8)                               
 
 Status Bit: No. of Pixels
   0:   0
   1:   0
   2:   0
   3:   0
   4:   7
   5:   0
   6:   0
   7:   0
   8:   2269
   9:   0
   10:   0
   11:   0
   12:   0
   13:   0
   14:   0
 

chkmask   exit_value =   0    execution_time = 0.230s
******************************************************************
Loading QA information for DCE and BCD product
Keyword APDUV1E not found in header
Keyword APDUV2E not found in header
Keyword APDUV3E not found in header
Keyword APDUI1E not found in header
Keyword APDUI2E not found in header
Keyword APDUI3E not found in header
Could not append keyword APDUV1E to QA file qa/DCE_qatool.qa
Could not append keyword APDUV2E to QA file qa/DCE_qatool.qa
Could not append keyword APDUV3E to QA file qa/DCE_qatool.qa
Could not append keyword APDUI1E to QA file qa/DCE_qatool.qa
Could not append keyword APDUI2E to QA file qa/DCE_qatool.qa
Could not append keyword APDUI3E to QA file qa/DCE_qatool.qa
******************************************************************
Pipeline executing qaloader
qaloader -i qa/DCE_qatool.qa -tablename qa_iracdce -o qa/qaloader.sql -role pipelineswrole 
******************************************************************
2016/01/09 14:58:45 BEGIN qaloader v1.13
 -i (QA_FILE) qa/DCE_qatool.qa
 -tablename (TABLENAME) qa_iracdce
 -o (SQL_FILE) qa/qaloader.sql
 -role (ROLE) pipelineswrole
Using metadata version 13.0b
table name=qa_iracdce

QA values ingested:
{-4.614613e+01} {}
dceAveFI_1       -4.614613e+01 
{-4.980968e+01} {}
dceAveR1_1       -4.980968e+01 
{-2.948872e+01} {}
dceAveR2_1       -2.948872e+01 
{-3.295526e+01} {}
dceAveR3_1       -3.295526e+01 
{-7.233087e+01} {}
dceAveR4_1       -7.233087e+01 
{-2.200000e+01} {-4.980968e+01}
dceMedFI_1       -2.200000e+01 
{3.064271e+02} {}
dceSdevFI_1      3.064271e+02 
{4.770400e+00} {}
dceDSclFI_1      4.770400e+00 
{-8.875000e+03} {}
dceMinFI_1       -8.875000e+03 
{1.600000e+01} {}
dceMaxFI_1       1.600000e+01 
{147809476} {}
DCEID            147809476 
{2} {-4.614613e+01}
CHNLNUM          2 
{0} {}
ADCEID           0 
{8} {}
AFOWLNUM         8 
{184} {}
AWAITPER         184 
{0} {}
AWEASIDE         0 
{1} {}
AREADMOD         1 
{27.699513} {}
AFPAT1B          27.699513 
{28.669623} {}
AFPAT2B          28.669623 
{0} {}
APEDSIG          0 
{0} {}
ATXSTAT          0 
{0} {}
AFLSTAT          0 
{4} {}
ASHSTAT          4 
{-3.5585} {}
AVRSTBEG         -3.5585 
{-3.0562209} {}
AVDETBEG         -3.0562209 
{-3.6178829} {}
AVGG1BEG         -3.6178829 
{-3.550644} {}
AVDDUBEG         -3.550644 
{0} {}
AVGGCBEG         0 
{21.596006} {}
ACTENDT          21.596006 
{19.753043} {}
AFPECTE          19.753043 
{23.130644} {}
AFPEATE          23.130644 
{24.034472} {}
ATCTEMPE         24.034472 
{21.535044} {}
ACETEMPE         21.535044 
{21.504564} {}
APDTEMPE         21.504564 
{27.671961} {}
ACATMP2E         27.671961 
2016/01/09 14:58:45 END   qaloader status=0

qaloader   exit_value =   0    execution_time = 0.070s
******************************************************************
Pipeline executing qaloader
qaloader -i qa/BCD_qatool.qa -tablename qa_iracdp -o qa/qaloader.sql 
******************************************************************
2016/01/09 14:58:45 BEGIN qaloader v1.13
 -i (QA_FILE) qa/BCD_qatool.qa
 -tablename (TABLENAME) qa_iracdp
 -o (SQL_FILE) qa/qaloader.sql
Using metadata version 13.0b
table name=qa_iracdp

QA values ingested:
{2.453356e+00} {}
bcdAveFI_1       2.453356e+00 
{3.930290e+00} {}
bcdAveUB_1       3.930290e+00 
{4.923704e-01} {}
bcdMedFI_1       4.923704e-01 
{6.096333e-01} {}
bcdMedUB_1       6.096333e-01 
{2.618853e+01} {}
bcdSdevFI_1      2.618853e+01 
{3.412603e+01} {}
bcdSdevUB_1      3.412603e+01 
{4.501405e-01} {}
bcdDSclFI_1      4.501405e-01 
{5.528538e-01} {}
bcdDSclUB_1      5.528538e-01 
{-6.999066e-01} {}
bcdMinFI_1       -6.999066e-01 
{-6.999066e-01} {}
bcdMinUB_1       -6.999066e-01 
{6.983442e+02} {}
bcdMaxFI_1       6.983442e+02 
{6.983442e+02} {}
bcdMaxUB_1       6.983442e+02 
{4.639039e-01} {}
bcdC68lFI_1      4.639039e-01 
{5.185918e-01} {}
bcdC68uFI_1      5.185918e-01 
{391693248} {}
DPID             391693248 
{2} {2.453356e+00}
CHNLNUM          2 
2016/01/09 14:58:45 END   qaloader status=0

qaloader   exit_value =   0    execution_time = 0.110s
******************************************************************
Pipeline executing dbaccess
dbaccess -e sodb qa/qaloader.sql 
******************************************************************
set role pipelineswrole;
set lock mode to wait 30;
EXECUTE PROCEDURE addQA_iracdce (147809476, NULL, NULL, 2, -4.614613e+01, 
-2.200000e+01, -4.980968e+01, -2.948872e+01, -3.295526e+01, -7.233087e+01, 
3.064271e+02, 4.770400e+00, -8.875000e+03, 1.600000e+01, 0, 8, 184, 0, 1, 
27.699513, 28.669623, 0, 0, 0, 4, -3.5585, -3.0562209, -3.6178829, -3.550644, 
0, 21.596006, 19.753043, 23.130644, 24.034472, 21.535044, 21.504564, 27.671961, 
NULL, NULL, NULL, NULL, NULL, NULL);
EXECUTE PROCEDURE addQA_iracdp (391693248, NULL, NULL, 2, 2.453356e+00, 
3.930290e+00, 4.923704e-01, 6.096333e-01, 2.618853e+01, 3.412603e+01, 
4.501405e-01, 5.528538e-01, -6.999066e-01, -6.999066e-01, 6.983442e+02, 
6.983442e+02, 4.639039e-01, 5.185918e-01, NULL, NULL, NULL, NULL, NULL, NULL);
execute procedure setDceTimeParameters (147809476, 1037045381.492, "2012-11-10 20:03:21.183", 1.92, 2.00);

dbaccess   exit_value =   0    execution_time = 0.110s
******************************************************************
Finishing IRAC science pipeline processing
Could not copy cal/firstframe_corr.fits to /sbx10/S19.2.0/archive/proc/full/IRAC033400/bcd/4568/0046471424/2/0054/0000/17/01/1/cal/firstframe_corr.fits
Could not copy imask.fits to /sbx10/S19.2.0/archive/proc/full/IRAC033400/bcd/4568/0046471424/2/0054/0000/17/01/1/imask.fits
Could not copy muxbleedcorr.fits to /sbx10/S19.2.0/archive/proc/full/IRAC033400/bcd/4568/0046471424/2/0054/0000/17/01/1/muxbleedcorr.fits
Could not copy slremove.fits to /sbx10/S19.2.0/archive/proc/full/IRAC033400/bcd/4568/0046471424/2/0054/0000/17/01/1/slremove.fits
******************************************************************
PlScriptID 17 exiting Saturday, January  9, 2016  2:58:48 PM PST
Host: sopipe81
Local Processing Directory: /scr1/S19.2.0/IRAC033400/bcd/4568/0046471424/2/0054/0000/17/01/1
Sandbox Directory: /sbx10/S19.2.0/archive/proc/full/IRAC033400/bcd/4568/0046471424/2/0054/0000/17/01/1
Processing time: total 21.64 s (user 0.74, system 0.9, child user 13.05, child system 6.95)
Pipeline exit code: Normal exit (0)
******************************************************************
