 hdrupd8 vsn 1.6  A70821
******************************************************************
Executing IRAC science pipeline
******************************************************************
Pipeline executing sanity_datatype
sanity_datatype -i ../fos16.fits -t1 cdf/sanity_datatype1.tbl -t2 cdf/sanity_datatype2.tbl -o1 qa/sanity_datatype1.tbl -o2 qa/sanity_datatype2.tbl 
******************************************************************
Program Sanity_datatype is started .... Version 1.0, Sat Jan  9 14:57:23 2016
Input Image File = ../fos16.fits
Input Data Table 1 = cdf/sanity_datatype1.tbl
Input Data Table 2 = cdf/sanity_datatype2.tbl
Output Filename1 = qa/sanity_datatype1.tbl
Output Filename2 = qa/sanity_datatype2.tbl
Log File = stdout
I_Debug = 0
I_Verbose = 0
I_SuperVerbose = 0
Processing time: 0.070000 seconds
Program Sanity_datatype is done. Version 1.0, Sat Jan  9 14:57:23 2016


sanity_datatype   exit_value =   0    execution_time = 0.260s
******************************************************************
Pipeline executing qatool
qatool -i ../fos16.fits -n cdf/pn107.nl -nb QATOOLDCE -a /sos/sw/S19.2.0/STUDIO/downlink/include -o qa/DCE_qatool 
******************************************************************
qatool_parse_namelist: Information only: Namelist block-name = &QATOOLDCE
Program qatool, Version 6.0
Namelist File  = cdf/pn107.nl
Input File = ../fos16.fits
Output Data Filename Base = qa/DCE_qatool
Statistics Group = 0
Percent-Scaling Flag = 0
Calculation Type = 1
(set-up to do additional computations for four readout channels)
Number of Mean Absolute Deviations for Histogram Half-Width Coverage = 5
Number of Bins in Histograms = 41
Central fraction for trimmed average = 0.810000
Central fraction for trimmed std. dev. = 0.720000
Bad-pixel tolerance fraction = 0.340000
Statistics Box X position = 3
Statistics Box Y position = 4
Statistics Box X width = 27
Statistics Box Y height = 33
Input-Image Transpose Flag = 1
Unsigned Integer Flag = 0
Data-Plane Flag = 1
Number Edge Rows/Cols Skipped = 10
Keyword Prefix = dce
Ancillary Data-File Path = /sos/sw/S19.2.0/STUDIO/downlink/include
Verbose flag = 0
Super-verbose flag = 0
Debug flag = 0
Performed statistical and histogram calculations.
Program qatool: Status Message: 0x0000
Normal exit from Function 0x0000: LOG_WRITER
Processing time: 0.560000 seconds
Current date/time: Sat Jan  9 14:57:24 2016
Program qatool, version 6.0, terminated.

qatool   exit_value =   0    execution_time = 0.630s
******************************************************************
Pipeline executing sanity_check
sanity_check -i qa/DCE_qatool.tbl -o qa/sanity_check.tbl 
******************************************************************
Program Sanity_check is started .... Version 1.0, Sat Jan  9 14:57:26 2016

Input File = qa/DCE_qatool.tbl
Output = qa/sanity_check.tbl
Processing time: 0.020000 seconds
Current date/time: Sat Jan  9 14:57:26 2016
Program Sanity_check, version 1.0, terminated.

sanity_check   exit_value =   0    execution_time = 0.240s
******************************************************************
Pipeline executing abad_repair
abad_repair -i ../fos16.fits -o abad_repair.fits 
******************************************************************
Pipeline Module ABAD_REPAIR Version 1.2
Processing time Sat Jan  9 14:57:26 2016

ABAD_READ_DATA: A0752D00 = 0
status from read: 1
npixs = 65536
enter output with 0
files ../fos16.fits !abad_repair.fits 
open output [!abad_repair.fits]
comment [Sat Jan  9 14:57:26 2016]
Time = 0.040 seconds
exit code 0

abad_repair   exit_value =   0    execution_time = 0.070s
******************************************************************
Pipeline executing tranhead
tranhead -i abad_repair.fits -n cdf/pn107.nl -k /scr/S19.2.0/cdf/ctd/telemetry_dictionary.dat -a /sos/sw/S19.2.0/STUDIO/downlink/include -o tranhead.fits -t, cdf/Keyword_Include_List.dat 
******************************************************************

Program tranhead, Version 13.2
Namelist File  = cdf/pn107.nl
Input File = abad_repair.fits
Dictionary File = /scr/S19.2.0/cdf/ctd/telemetry_dictionary.dat
CTD Version String = 3.0.94S
Keyword-Include-List File = cdf/Keyword_Include_List.dat
Translated-Keyword File = tranhead.hdr
CSPICE leapseconds kernel = /scr/S19.2.0/cdf/spice/leapseconds.ker
CSPICE SCLK_SCET kernel = /scr/S19.2.0/cdf/spice/sclk_scet.ker
CSPICE Spitzer Ephemeris = /scr/S19.2.0/cdf/spice/sirtf.bsp
CSPICE Planets Ephemeris = /scr/S19.2.0/cdf/spice/de.bsp
Output File = tranhead.fits
Operation Type = 1
FITS-Header Comment Flag = 1
SCLK correction factor = 1.000380
Ignore Frames (1st) = -1
Ignore Frames (2nd and higher) = -1
Central fraction for trimmed average  = 0.900000
Central fraction for trimmed std. dev. = 0.900000
Gain = 3.710000
Gain_RdOutCh_1 = 3.710000
Gain_RdOutCh_2 = 3.710000
Gain_RdOutCh_3 = 3.710000
Gain_RdOutCh_4 = 3.710000
Ancillary Data-File Path = /sos/sw/S19.2.0/STUDIO/downlink/include
Verbose flag = 0
Super-verbose flag = 0
Debug flag = 0
Configured to perform forward FITS keyword translation.
tranhead Status Message: 0x0000
Normal exit from Function 0x0000: LOG_WRITER
A total of        0   NaN's were produced in the results.
Processing time: 0.260000 seconds
Current date/time: Sat Jan  9 14:57:27 2016
Program tranhead, version 13.2, terminated.

tranhead   exit_value =   0    execution_time = 0.340s
 hdrupd8 vsn 1.6  A70821


LabDark

chan, frametime, hdy, extrpt = 2, 2.00, F, 233
expid  adceid  repidx  =  83,  0,  0 

SkyDarkaor template time = 2
hdy  repidx =  F  0
expid  ext-repeat  =  83  233

******************************************************************
Pipeline executing caltrans
caltrans -n cdf/pn107.nl -m 2 -a 7 -b /scr5/S19.2.0/dlcaldata/irac -s tranhead.fits -o cal -u SUB -jk1 CHNLNUM -jv1 2 -ja1 N -ju1 0 -js1 flip -jk2 CHNLNUM;AFOWLNUM;AWAITPER;FRAMTIME;HDRMODE -jv2 2;8;184;2.00;F -ja2 N;N;N;N;S -ju2 0;0;0;0;0 -js2 sigma;cmask -jk3 CHNLNUM;AFOWLNUM;AWAITPER;FRAMTIME;HDRMODE -jv3 2;8;184;2.00;F -ja3 N;N;N;N;S -ju3 0;0;0;0;0 -js3 cmask -jk4 CHNLNUM -jv4 2 -ja4 N -ju4 0 -js4 cmask -jk5 CHNLNUM -jv5 2 -ja5 N -ju5 0 -js5 cmask -jk6 CHNLNUM -jv6 2 -ja6 N -ju6 0 -jk7 CHNLNUM;AFOWLNUM;AWAITPER -jv7 2;8;184 -ja7 N;N;N -ju7 0;0;0 -jk8 CHNLNUM;AFOWLNUM;AWAITPER -jv8 2;8;184 -ja8 N;N;N -ju8 0;0;0 -e CALTRANSsciSUB 
******************************************************************

Online Namelist file descriptor associated
Online namelist buffer loaded: length = 7422

Warning !:  Ancillary file #1  with full suffix filename  '/sos/archive/fallbacks/IRAC004600/SUB_2s_2sf8d1r1_ch2_v2.0.0_dark_sigma.fits'  NOT in archive/sandbox !!.
Proceed to the next suffix fileprocessing .....

Warning !:  Ancillary file #2  with full suffix filename  '/sos/archive/fallbacks/IRAC004600/SUB_2s_2sf8d1r1_ch2_v2.0.0_dark_cmask.fits'  NOT in archive/sandbox !!.
Proceed to the next suffix fileprocessing .....

Warning !:  Ancillary-suffix file #1: '/scr5/S19.2.0/dlcaldata/irac/fb1502_SUB_2s_2sf8d1r1_ch2_v2.0.0_dark_sigma.fits'  could NOT be identified on cache.
Processing continues ..... 


Warning !:  Ancillary-suffix file #2: '/scr5/S19.2.0/dlcaldata/irac/fb1502_SUB_2s_2sf8d1r1_ch2_v2.0.0_dark_cmask.fits'  could NOT be identified on cache.
Processing continues ..... 


Warning !:  Ancillary file #1  with full suffix filename  '/sos/archive/fallbacks/IRAC005300/lincal_b2_sa_011410_cmask.fits'  NOT in archive/sandbox !!.
Proceed to the next suffix fileprocessing .....

Warning !:  Ancillary-suffix file #1: '/scr5/S19.2.0/dlcaldata/irac/fb1579_lincal_b2_sa_011410_cmask.fits'  could NOT be identified on cache.
Processing continues ..... 

  Printing Log output to stdout...


Program CALTRANS, Version 4.0
Command-Line Namelist Filename  = cdf/pn107.nl
Command-Line Namelist Section = CALTRANSsciSUB
CalTrans Execution Mode  = 2
CalID = 7
Input Calibration Type list = pmask;labdark;skydark;lincal;sky_flat;fluxconv;muxbleed_lut;muxbleed_coeff
Input Calibration Rule list = 0;0;300;0;0;0;0;0
Input Generic Outfname list = pmask.fits;labdark.fits;skydark.fits;lincal.fits;skyflat.fits;fluxconv;muxbleed_lut;muxbleed_coeff
Science DCE Filename = tranhead.fits
CAL Destination Path = cal
Processing time: 0.260000 seconds
Current date/time: Sat Jan  9 14:57:38 2016
Program CALTRANS, version 4.0, terminated with status = 16

CalTrans exits with status = 16



caltrans   exit_value =  16    execution_time = 0.350s
******************************************************************
Pipeline executing insbposdom
insbposdom -i tranhead.fits -o insbposdom.fits 
******************************************************************
Pipeline Module INSBPOSDOM Version 1.1
Processing time Sat Jan  9 14:57:38 2016

Sat Jan  9 14:57:38 2016
Time = 0.020 seconds
exit code 0

insbposdom   exit_value =   0    execution_time = 0.050s
******************************************************************
Pipeline executing cvti2r4
cvti2r4 -i insbposdom.fits -a 0.5625 -b 0 -d cal/dmask_for_raw.fits -o cvti2r4.fits -m row 
******************************************************************
 SIRTF I*2-to-R*4 Data Cube Conversion program vsn 1.31 A61025
 Input file:  insbposdom.fits
 Using offset =    0.562500
 Using BLANK-fill value:   0
 Output file: cvti2r4.fits
 Missing-data pattern specified as rows

cvti2r4   exit_value =   0    execution_time = 0.230s
Image has barrel shift = 3
Computed truncation correction 0.5*(1-2^-ABARREL) = 0.5625
******************************************************************
Pipeline executing hdrupd8
hdrupd8 cvti2r4.fits -a cdf/hdrupd8_cubify.dat -d cdf/hdrupd8_planify.dat 
******************************************************************
 hdrupd8 vsn 1.6  A70821
 WARNING: keyword to be deleted not found: NAXIS3  

hdrupd8   exit_value =   0    execution_time = 0.210s
******************************************************************
Pipeline executing hdrupd8
hdrupd8 dmask.fits -a cdf/hdrupd8_cubify.dat -d cdf/hdrupd8_planify.dat 
******************************************************************
 hdrupd8 vsn 1.6  A70821
 WARNING: keyword to be deleted not found: NAXIS3  

hdrupd8   exit_value =   0    execution_time = 0.220s
******************************************************************
Pipeline executing iracwrapdet1
iracwrapdet1 -i cvti2r4.fits -n cdf/pn107.nl -p cal/pmask.fits -d dmask.fits -w wmask.fits -v 
******************************************************************
Pipeline Module IRACWRAPDET1 Version 1.4
Processing time Sat Jan  9 14:57:46 2016
iracwrapdet1_parse_args: Namelist File = 	cdf/pn107.nl
iracwrapdet1_parse_args: Pmask File = 	cal/pmask.fits
iracwrapdet1_parse_args: Dmask File = 	dmask.fits
iracwrapdet1_parse_args: Wmask File = 	wmask.fits
iracwrapdet1_parse_args: Input File = 	cvti2r4.fits
iracwrapdet1_parse_args: I_Verbose = 			1
chn 2 framtim 2.000000
iracwrapdet1_read_data: Data read from file:
cvti2r4.fits
iracwrapdet1_read_data: I_NX = 32
iracwrapdet1_read_data: I_NY = 32
iracwrapdet1_read_data: I_NZ = 64
iracwrapdet1_parse_namelist: Namelist File = 	cdf/pn107.nl
Coeff used: 55000.000000 55000.000000 55000.000000 55000.000000
iracwrapdet1_compute_results: Numerical Computations finished
Sat Jan  9 14:57:46 2016
iracwrapdet1_output: Results written to file(s).
Time = 0.020 seconds
iracwrapdet1_error_handler: Error Handler finished.
iracwrapdet1_exit: Memory Deallocated.
exit code 0

iracwrapdet1   exit_value =   0    execution_time = 0.050s
******************************************************************
Pipeline executing iracwrapdet2
iracwrapdet2 -i cvti2r4.fits -n cdf/pn107.nl -p cal/pmask.fits -d dmask.fits -w wmask.fits -a /sos/sw/S19.2.0/STUDIO/downlink/include 
******************************************************************

Program iracwrapdet2, Version 1.4
Namelist File  = cdf/pn107.nl
FITS Input Image = cvti2r4.fits
Pmask File = cal/pmask.fits
Dmask File = dmask.fits
Wmask File = mask.fits
M-Level       chan1     chan2     chan3     chan4
            55000.0   55000.0   55000.0   55000.0
Tolerance     chan1     chan2     chan3     chan4
             1200.0    1200.0    1200.0    1200.0
Pmask Maximum = 65535
Dmask Maximum = 65535
Ancillary Data-File Path = /sos/sw/S19.2.0/STUDIO/downlink/include
Verbose flag = 0
Super-verbose flag = 0
Debug flag = 0
iracwrapdet2 Status Message      0x0000
Normal exit from Function 0x0000: LOG_WRITER
Processing time: 0.150000 seconds
Current date/time: Sat Jan  9 14:57:47 2016
Program iracwrapdet2, version 1.4, terminated


iracwrapdet2   exit_value =   0    execution_time = 0.180s
******************************************************************
Pipeline executing iracwrapcorr
iracwrapcorr -i cvti2r4.fits -p cal/pmask.fits -d dmask.fits -w wmask.fits -o iracwrapcorr.fits 
******************************************************************
Pipeline Module IRACWRAPCORR Version 1.3
Processing time Sat Jan  9 14:57:47 2016
iracwrapcorr_parse_namelist: Information only: Namelist not specified.
Sat Jan  9 14:57:47 2016
Time = 0.030 seconds
exit code 0

iracwrapcorr   exit_value =   0    execution_time = 0.060s
******************************************************************
Pipeline executing iracnorm
iracnorm -i iracwrapcorr.fits -p cal/pmask.fits -d dmask.fits -o iracnorm.fits 
******************************************************************
Pipeline Module IRACWNORM Version 1.10
Processing time Sat Jan  9 14:57:47 2016

Sat Jan  9 14:57:47 2016
Time = 0.030 seconds
exit code 0

iracnorm   exit_value =   0    execution_time = 0.060s
******************************************************************
Pipeline executing iracebwc
iracebwc -i iracnorm.fits -n cdf/pn107.nl -p cal/pmask.fits -d dmask.fits -o iracebwc.fits 
******************************************************************
Pipeline Module IRACEBWC Version 1.2
Processing time Sat Jan  9 14:57:47 2016

Sat Jan  9 14:57:47 2016
Time = 0.030 seconds
exit code 0

iracebwc   exit_value =   0    execution_time = 0.060s
HDR mode   =  f
AOR Template Time     =  2
DCE Frame Time    =  2.00
EXTRpt     =  233
Frame NOBF =  0
From sub determine_delays:
   aottime = 2
   aordelay = 222.190359962807
   stellarmode = f
   expid=83
imdly = 1.42736007057189
frmdly = 1.42736007057189

Immed  Delay = 1.42736007057189
Frame  Delay = 1.42736007057189

 hdrupd8 vsn 1.6  A70821
 hdrupd8 vsn 1.6  A70821
 hdrupd8 vsn 1.6  A70821
 hdrupd8 vsn 1.6  A70821
 hdrupd8 vsn 1.6  A70821
 hdrupd8 vsn 1.6  A70821
 hdrupd8 vsn 1.6  A70821
******************************************************************
Pipeline executing darksubng
darksubng -i iracebwc.fits -a /sos/sw/S19.2.0/STUDIO/downlink/include -p cal/pmask.fits -d dmask.fits -o labdarksub.fits -cc cal/labdark.fits -v 
******************************************************************
/sos/sw/S19.2.0/STUDIO/downlink/bin/darksubng: namelist not given
/sos/sw/S19.2.0/STUDIO/downlink/bin/darksubng: input uncertainty image not given
/sos/sw/S19.2.0/STUDIO/downlink/bin/darksubng: output uncertainty image not given
/sos/sw/S19.2.0/STUDIO/downlink/bin/darksubng: WARNING no uncertainty calculations will be performed
/sos/sw/S19.2.0/STUDIO/downlink/bin/darksubng: Namelist               = []
/sos/sw/S19.2.0/STUDIO/downlink/bin/darksubng: Input image            = [iracebwc.fits]
/sos/sw/S19.2.0/STUDIO/downlink/bin/darksubng: Input uncertainty      = []
/sos/sw/S19.2.0/STUDIO/downlink/bin/darksubng: Output image           = [!labdarksub.fits]
/sos/sw/S19.2.0/STUDIO/downlink/bin/darksubng: Output uncertainty     = []
/sos/sw/S19.2.0/STUDIO/downlink/bin/darksubng: Dark                   = [cal/labdark.fits]
/sos/sw/S19.2.0/STUDIO/downlink/bin/darksubng: Pmask file             = [cal/pmask.fits]
/sos/sw/S19.2.0/STUDIO/downlink/bin/darksubng: Pmask fatality bitmask = [65536]
/sos/sw/S19.2.0/STUDIO/downlink/bin/darksubng: Dmask file             = [dmask.fits]
/sos/sw/S19.2.0/STUDIO/downlink/bin/darksubng: Dmask fatality bitmask = [65536]
/sos/sw/S19.2.0/STUDIO/downlink/bin/darksubng: Cmask file             = []
/sos/sw/S19.2.0/STUDIO/downlink/bin/darksubng: Cmask fatality bitmask = [65536]
/sos/sw/S19.2.0/STUDIO/downlink/bin/darksubng: Logfile                = []
/sos/sw/S19.2.0/STUDIO/downlink/bin/darksubng: Ancillary Path         = [/sos/sw/S19.2.0/STUDIO/downlink/include]
/sos/sw/S19.2.0/STUDIO/downlink/bin/darksubng: Uncertainty calculations will not be made
/sos/sw/S19.2.0/STUDIO/downlink/bin/darksubng: WARNING cal/labdark.fits has no BUNIT key
/sos/sw/S19.2.0/STUDIO/downlink/bin/darksubng: WARNING assuming cal/labdark.fits is in DN
/sos/sw/S19.2.0/STUDIO/downlink/bin/darksubng: WARNING cal/labdark.fits has no EXPTIME key
/sos/sw/S19.2.0/STUDIO/downlink/bin/darksubng: WARNING cal/labdark.fits has no GAIN keywords
/sos/sw/S19.2.0/STUDIO/downlink/bin/darksubng: compute - performing any unit conversions
/sos/sw/S19.2.0/STUDIO/downlink/bin/darksubng: compute - starting subtraction with masking 
/sos/sw/S19.2.0/STUDIO/downlink/bin/darksubng: Processing successful; Exiting

darksubng   exit_value =   0    execution_time = 0.110s
READ Noise !! =  9.4
******************************************************************
Pipeline executing snestimator
snestimator -i labdarksub.fits -n cdf/pn107.nl -a /sos/sw/S19.2.0/STUDIO/downlink/include -p cal/pmask.fits -d dmask.fits -on sig_snestimator.fits -g 3.71 -r 9.4 
******************************************************************
verbose 0

Program SNESTIMATOR, Version 1.5
Namelist File  = cdf/pn107.nl
Input FITS Image = labdarksub.fits
Noise Image = sig_snestimator.fits
Denominator type = IRAC_MODEL
Edge Pixels Excluded = 0
Gain Channel 1 = 3.710000 Channel 2 = 3.710000 Channel 3 = 3.710000 Channel 4 = 3.710000
Read Noise = 9.400000
Confusion Sigma = 0.000000
Ancillary Data-File Path = /sos/sw/S19.2.0/STUDIO/downlink/include
Verbose flag = 0
Super-verbose flag = 0
Debug flag = 0
snestimator Status Message      0x0000
Normal exit from Function 0x0000: LOG_WRITER
Processing time: 0.080000 seconds
Current date/time: Sat Jan  9 14:58:06 2016
Program SNESTIMATOR, version 1.5, terminated


snestimator   exit_value =   0    execution_time = 0.140s
******************************************************************
Pipeline executing darksubng
darksubng -i iracebwc.fits -iu sig_snestimator.fits -a /sos/sw/S19.2.0/STUDIO/downlink/include -p cal/pmask.fits -d dmask.fits -o labdarksub.fits -ou sig_labdarksub.fits -cc cal/labdark.fits -v 
******************************************************************
/sos/sw/S19.2.0/STUDIO/downlink/bin/darksubng: namelist not given
/sos/sw/S19.2.0/STUDIO/downlink/bin/darksubng: Namelist               = []
/sos/sw/S19.2.0/STUDIO/downlink/bin/darksubng: Input image            = [iracebwc.fits]
/sos/sw/S19.2.0/STUDIO/downlink/bin/darksubng: Input uncertainty      = [sig_snestimator.fits]
/sos/sw/S19.2.0/STUDIO/downlink/bin/darksubng: Output image           = [!labdarksub.fits]
/sos/sw/S19.2.0/STUDIO/downlink/bin/darksubng: Output uncertainty     = [!sig_labdarksub.fits]
/sos/sw/S19.2.0/STUDIO/downlink/bin/darksubng: Dark                   = [cal/labdark.fits]
/sos/sw/S19.2.0/STUDIO/downlink/bin/darksubng: Pmask file             = [cal/pmask.fits]
/sos/sw/S19.2.0/STUDIO/downlink/bin/darksubng: Pmask fatality bitmask = [65536]
/sos/sw/S19.2.0/STUDIO/downlink/bin/darksubng: Dmask file             = [dmask.fits]
/sos/sw/S19.2.0/STUDIO/downlink/bin/darksubng: Dmask fatality bitmask = [65536]
/sos/sw/S19.2.0/STUDIO/downlink/bin/darksubng: Cmask file             = []
/sos/sw/S19.2.0/STUDIO/downlink/bin/darksubng: Cmask fatality bitmask = [65536]
/sos/sw/S19.2.0/STUDIO/downlink/bin/darksubng: Logfile                = []
/sos/sw/S19.2.0/STUDIO/downlink/bin/darksubng: Ancillary Path         = [/sos/sw/S19.2.0/STUDIO/downlink/include]
/sos/sw/S19.2.0/STUDIO/downlink/bin/darksubng: Uncertainty calculations will be made
/sos/sw/S19.2.0/STUDIO/downlink/bin/darksubng: WARNING cal/labdark.fits has no BUNIT key
/sos/sw/S19.2.0/STUDIO/downlink/bin/darksubng: WARNING assuming cal/labdark.fits is in DN
/sos/sw/S19.2.0/STUDIO/downlink/bin/darksubng: WARNING cal/labdark.fits has no EXPTIME key
/sos/sw/S19.2.0/STUDIO/downlink/bin/darksubng: WARNING cal/labdark.fits has no GAIN keywords
/sos/sw/S19.2.0/STUDIO/downlink/bin/darksubng: compute - performing any unit conversions
/sos/sw/S19.2.0/STUDIO/downlink/bin/darksubng: compute - starting subtraction with masking 
/sos/sw/S19.2.0/STUDIO/downlink/bin/darksubng: Processing successful; Exiting

darksubng   exit_value =   0    execution_time = 0.140s
******************************************************************
Pipeline executing fowlinearize
fowlinearize -i1 labdarksub.fits -i3 sig_labdarksub.fits -n cdf/pn107.nl -a /sos/sw/S19.2.0/STUDIO/downlink/include -ip cal/pmask.fits -i2 cal/lincal.fits -id dmask.fits -o1 fowlinearize.fits -o2 sig_fowlinearize.fits -c 10 
******************************************************************

Program FOWLINEARIZE, Version 4.9
Namelist File  = cdf/pn107.nl
Input File 1 = labdarksub.fits
Input File 2 = cal/lincal.fits
Input File 3 = sig_labdarksub.fits
Model_Flag(1=quad. 2=cubic) = 1
Clock_Readout(10=sub-array, 200=full-array) = 10.000000
Input PMask Image = cal/pmask.fits
Unusable PMask Bits = 16384
Input DMask Image = dmask.fits
Unusable DMask Bits = 8192
Not-linearized DMask Bit = 4096
Not-linearized DMask Bit due to lincal-model saturation = 8192
Output File 1 = fowlinearize.fits
Output File 2 = sig_fowlinearize.fits
Ancillary Data-File Path = /sos/sw/S19.2.0/STUDIO/downlink/include
Verbose flag = 0
Super-verbose flag = 0
Debug flag = 0
Performed linearity correction.
Program fowlinearize: Status Message: 0x0000
Normal exit from Function 0x0000: LOG_WRITER
Processing time: 0.240000 seconds
Current date/time: Sat Jan  9 14:58:07 2016
Program FOWLINEARIZE, version 4.9, terminated.

fowlinearize   exit_value =   0    execution_time = 0.310s
Read Noise =  9.4
 hdrupd8 vsn 1.6  A70821
******************************************************************
Pipeline executing bgmodel
bgmodel -i fowlinearize.fits -n cdf/pn107.nl -h 
******************************************************************

Online Namelist file descriptor associated
Online namelist buffer loaded: length = 7422
bgmodel_log_writer: Printing Log output to stdout
bgmodel  Version 1.0
Namelist File  = cdf/pn107.nl
Input Image = fowlinearize.fits
Ephemeris = /scr5/S19.2.0/cdf/spice/sirtf.bsp
LeapSec Kernel = /scr5/S19.2.0/cdf/spice/leapseconds.ker
SPK Kernel = /scr5/S19.2.0/cdf/spice/de.bsp

bgmodel  Status Message      0x0000: No error.
Time = 0.070 seconds

Background exits with status = 0


bgmodel   exit_value =   0    execution_time = 0.110s
******************************************************************
Pipeline executing hdrupd8
hdrupd8 fowlinearize.fits -a addkeys.dat 
******************************************************************
 hdrupd8 vsn 1.6  A70821

hdrupd8   exit_value =   0    execution_time = 0.260s
SkyDk Med DN      = 16.56367 
Exposure time     = 1.92
SkyDk Med DN rate = 8.62691145833333
Flux Conv         = 0.1447 
SkyDk Med Flux    = 1.24831408802083
Image File = fowlinearize.fits 

 hdrupd8 vsn 1.6  A70821
 hdrupd8 vsn 1.6  A70821
 hdrupd8 vsn 1.6  A70821
 hdrupd8 vsn 1.6  A70821
 hdrupd8 vsn 1.6  A70821
******************************************************************
Pipeline executing darksubng
darksubng -i fowlinearize.fits -iu sig_fowlinearize.fits -a /sos/sw/S19.2.0/STUDIO/downlink/include -p cal/pmask.fits -d dmask.fits -o skydarksub.fits -ou sig_skydarksub.fits -cc cal/skydark.fits -v -c cal/skydark_cmask.fits 
******************************************************************
/sos/sw/S19.2.0/STUDIO/downlink/bin/darksubng: namelist not given
/sos/sw/S19.2.0/STUDIO/downlink/bin/darksubng: Namelist               = []
/sos/sw/S19.2.0/STUDIO/downlink/bin/darksubng: Input image            = [fowlinearize.fits]
/sos/sw/S19.2.0/STUDIO/downlink/bin/darksubng: Input uncertainty      = [sig_fowlinearize.fits]
/sos/sw/S19.2.0/STUDIO/downlink/bin/darksubng: Output image           = [!skydarksub.fits]
/sos/sw/S19.2.0/STUDIO/downlink/bin/darksubng: Output uncertainty     = [!sig_skydarksub.fits]
/sos/sw/S19.2.0/STUDIO/downlink/bin/darksubng: Dark                   = [cal/skydark.fits]
/sos/sw/S19.2.0/STUDIO/downlink/bin/darksubng: Pmask file             = [cal/pmask.fits]
/sos/sw/S19.2.0/STUDIO/downlink/bin/darksubng: Pmask fatality bitmask = [65536]
/sos/sw/S19.2.0/STUDIO/downlink/bin/darksubng: Dmask file             = [dmask.fits]
/sos/sw/S19.2.0/STUDIO/downlink/bin/darksubng: Dmask fatality bitmask = [65536]
/sos/sw/S19.2.0/STUDIO/downlink/bin/darksubng: Cmask file             = [cal/skydark_cmask.fits]
/sos/sw/S19.2.0/STUDIO/downlink/bin/darksubng: Cmask fatality bitmask = [65536]
/sos/sw/S19.2.0/STUDIO/downlink/bin/darksubng: Logfile                = []
/sos/sw/S19.2.0/STUDIO/downlink/bin/darksubng: Ancillary Path         = [/sos/sw/S19.2.0/STUDIO/downlink/include]
/sos/sw/S19.2.0/STUDIO/downlink/bin/darksubng: Uncertainty calculations will be made
/sos/sw/S19.2.0/STUDIO/downlink/bin/darksubng: compute - performing any unit conversions
/sos/sw/S19.2.0/STUDIO/downlink/bin/darksubng: compute - starting subtraction with masking 
/sos/sw/S19.2.0/STUDIO/downlink/bin/darksubng: Processing successful; Exiting

darksubng   exit_value =   0    execution_time = 0.150s
******************************************************************
Pipeline executing darkdrift
darkdrift -i skydarksub.fits -iu sig_skydarksub.fits -n cdf/pn107.nl -a /sos/sw/S19.2.0/STUDIO/downlink/include -o1 darkdrift.fits -o2 darkdriftcorr.fits -o3 darkdrift.tbl -ou sig_darkdrift.fits 
******************************************************************
Program darkdrift, Version 4.1
Namelist File  = cdf/pn107.nl
Input Image = skydarksub.fits
Input Uncertainty Image = sig_skydarksub.fits
Output Image 1 (corrected image) = darkdrift.fits
Output Image 2 (corrections) = darkdriftcorr.fits
Output Image 3 (uncertainties) = sig_darkdrift.fits
Output File 3 = darkdrift.tbl
Central fraction for trimmed average  = 0.900000
Central fraction for trimmed std. dev. = 0.900000
Time_Input = 0.250000
Time_Before = 0.000000
Time_After = 1.000000
Temp_Input = 270.000000
Temp_Before = 280.000000
Temp_After = 260.000000
Calculation Type = 1
Input-Image Transpose Flag = 1
Multiplicative-Correction Flag (Additive if zero) = 0
Readout Channel to exclude (none if zero) = 0
Data-Plane Flag = 1
Ancillary Data-File Path = /sos/sw/S19.2.0/STUDIO/downlink/include
Verbose flag = 0
Super-verbose flag = 0
Debug flag = 0
Dark-current offsets estimated from input image.

Detailed darkdrift calculational results:
...for data plane = 1
Darkdrift correction for readout-channel 1 = -0.123092
Darkdrift correction for readout-channel 2 = -0.492430
Darkdrift correction for readout-channel 3 = 0.257187
Darkdrift correction for readout-channel 4 = 0.358334
Darkdrift uncertainty for readout-channel 1 = 0.300258
Darkdrift uncertainty for readout-channel 2 = 0.299486
Darkdrift uncertainty for readout-channel 3 = 0.301378
Darkdrift uncertainty for readout-channel 4 = 0.301081
Trimmed average of values in readout-channel 1 = 7.198282
Trimmed average of values in readout-channel 2 = 6.828944
Trimmed average of values in readout-channel 3 = 7.578561
Trimmed average of values in readout-channel 4 = 7.679708
Darkdrift background term = 7.321374
...for data plane = 2
Darkdrift correction for readout-channel 1 = 0.174132
Darkdrift correction for readout-channel 2 = -0.080444
Darkdrift correction for readout-channel 3 = -0.547427
Darkdrift correction for readout-channel 4 = 0.453739
Darkdrift uncertainty for readout-channel 1 = 0.303602
Darkdrift uncertainty for readout-channel 2 = 0.303523
Darkdrift uncertainty for readout-channel 3 = 0.303056
Darkdrift uncertainty for readout-channel 4 = 0.303320
Trimmed average of values in readout-channel 1 = 5.053690
Trimmed average of values in readout-channel 2 = 4.799114
Trimmed average of values in readout-channel 3 = 4.332132
Trimmed average of values in readout-channel 4 = 5.333297
Darkdrift background term = 4.879558
...for data plane = 3
Darkdrift correction for readout-channel 1 = -0.684098
Darkdrift correction for readout-channel 2 = 0.192109
Darkdrift correction for readout-channel 3 = 0.254114
Darkdrift correction for readout-channel 4 = 0.237875
Darkdrift uncertainty for readout-channel 1 = 0.303373
Darkdrift uncertainty for readout-channel 2 = 0.302977
Darkdrift uncertainty for readout-channel 3 = 0.302872
Darkdrift uncertainty for readout-channel 4 = 0.302984
Trimmed average of values in readout-channel 1 = 4.516596
Trimmed average of values in readout-channel 2 = 5.392803
Trimmed average of values in readout-channel 3 = 5.454808
Trimmed average of values in readout-channel 4 = 5.438570
Darkdrift background term = 5.200694
...for data plane = 4
Darkdrift correction for readout-channel 1 = 0.014894
Darkdrift correction for readout-channel 2 = -0.609741
Darkdrift correction for readout-channel 3 = -0.082850
Darkdrift correction for readout-channel 4 = 0.677697
Darkdrift uncertainty for readout-channel 1 = 0.303102
Darkdrift uncertainty for readout-channel 2 = 0.302980
Darkdrift uncertainty for readout-channel 3 = 0.302734
Darkdrift uncertainty for readout-channel 4 = 0.303717
Trimmed average of values in readout-channel 1 = 5.438896
Trimmed average of values in readout-channel 2 = 4.814262
Trimmed average of values in readout-channel 3 = 5.341152
Trimmed average of values in readout-channel 4 = 6.101700
Darkdrift background term = 5.424002
...for data plane = 5
Darkdrift correction for readout-channel 1 = -0.110244
Darkdrift correction for readout-channel 2 = -0.317280
Darkdrift correction for readout-channel 3 = 0.197955
Darkdrift correction for readout-channel 4 = 0.229569
Darkdrift uncertainty for readout-channel 1 = 0.303103
Darkdrift uncertainty for readout-channel 2 = 0.301886
Darkdrift uncertainty for readout-channel 3 = 0.302495
Darkdrift uncertainty for readout-channel 4 = 0.301266
Trimmed average of values in readout-channel 1 = 5.671645
Trimmed average of values in readout-channel 2 = 5.464609
Trimmed average of values in readout-channel 3 = 5.979844
Trimmed average of values in readout-channel 4 = 6.011458
Darkdrift background term = 5.781889
...for data plane = 6
Darkdrift correction for readout-channel 1 = 0.126236
Darkdrift correction for readout-channel 2 = -0.080151
Darkdrift correction for readout-channel 3 = -0.294825
Darkdrift correction for readout-channel 4 = 0.248740
Darkdrift uncertainty for readout-channel 1 = 0.303002
Darkdrift uncertainty for readout-channel 2 = 0.304087
Darkdrift uncertainty for readout-channel 3 = 0.303130
Darkdrift uncertainty for readout-channel 4 = 0.303137
Trimmed average of values in readout-channel 1 = 5.726493
Trimmed average of values in readout-channel 2 = 5.520106
Trimmed average of values in readout-channel 3 = 5.305432
Trimmed average of values in readout-channel 4 = 5.848998
Darkdrift background term = 5.600257
...for data plane = 7
Darkdrift correction for readout-channel 1 = -0.205636
Darkdrift correction for readout-channel 2 = 0.071726
Darkdrift correction for readout-channel 3 = 0.321467
Darkdrift correction for readout-channel 4 = -0.187556
Darkdrift uncertainty for readout-channel 1 = 0.303113
Darkdrift uncertainty for readout-channel 2 = 0.303818
Darkdrift uncertainty for readout-channel 3 = 0.302961
Darkdrift uncertainty for readout-channel 4 = 0.302718
Trimmed average of values in readout-channel 1 = 5.124015
Trimmed average of values in readout-channel 2 = 5.401377
Trimmed average of values in readout-channel 3 = 5.651118
Trimmed average of values in readout-channel 4 = 5.142095
Darkdrift background term = 5.329651
...for data plane = 8
Darkdrift correction for readout-channel 1 = 0.308053
Darkdrift correction for readout-channel 2 = -0.370163
Darkdrift correction for readout-channel 3 = -0.368381
Darkdrift correction for readout-channel 4 = 0.430491
Darkdrift uncertainty for readout-channel 1 = 0.378051
Darkdrift uncertainty for readout-channel 2 = 0.302709
Darkdrift uncertainty for readout-channel 3 = 0.303309
Darkdrift uncertainty for readout-channel 4 = 0.304408
Trimmed average of values in readout-channel 1 = 5.984022
Trimmed average of values in readout-channel 2 = 5.305805
Trimmed average of values in readout-channel 3 = 5.307587
Trimmed average of values in readout-channel 4 = 6.106459
Darkdrift background term = 5.675969
...for data plane = 9
Darkdrift correction for readout-channel 1 = 0.001192
Darkdrift correction for readout-channel 2 = -0.298152
Darkdrift correction for readout-channel 3 = 0.121833
Darkdrift correction for readout-channel 4 = 0.175127
Darkdrift uncertainty for readout-channel 1 = 0.302981
Darkdrift uncertainty for readout-channel 2 = 0.302971
Darkdrift uncertainty for readout-channel 3 = 0.303460
Darkdrift uncertainty for readout-channel 4 = 0.303141
Trimmed average of values in readout-channel 1 = 5.705935
Trimmed average of values in readout-channel 2 = 5.406592
Trimmed average of values in readout-channel 3 = 5.826577
Trimmed average of values in readout-channel 4 = 5.879871
Darkdrift background term = 5.704744
...for data plane = 10
Darkdrift correction for readout-channel 1 = 0.024717
Darkdrift correction for readout-channel 2 = -0.030856
Darkdrift correction for readout-channel 3 = -0.268565
Darkdrift correction for readout-channel 4 = 0.274703
Darkdrift uncertainty for readout-channel 1 = 0.303100
Darkdrift uncertainty for readout-channel 2 = 0.303522
Darkdrift uncertainty for readout-channel 3 = 0.303056
Darkdrift uncertainty for readout-channel 4 = 0.302977
Trimmed average of values in readout-channel 1 = 5.752960
Trimmed average of values in readout-channel 2 = 5.697387
Trimmed average of values in readout-channel 3 = 5.459678
Trimmed average of values in readout-channel 4 = 6.002946
Darkdrift background term = 5.728242
...for data plane = 11
Darkdrift correction for readout-channel 1 = 0.232391
Darkdrift correction for readout-channel 2 = 0.141010
Darkdrift correction for readout-channel 3 = -0.410673
Darkdrift correction for readout-channel 4 = 0.037273
Darkdrift uncertainty for readout-channel 1 = 0.306363
Darkdrift uncertainty for readout-channel 2 = 0.302970
Darkdrift uncertainty for readout-channel 3 = 0.303130
Darkdrift uncertainty for readout-channel 4 = 0.302968
Trimmed average of values in readout-channel 1 = 6.178112
Trimmed average of values in readout-channel 2 = 6.086731
Trimmed average of values in readout-channel 3 = 5.535048
Trimmed average of values in readout-channel 4 = 5.982994
Darkdrift background term = 5.945721
...for data plane = 12
Darkdrift correction for readout-channel 1 = -0.308229
Darkdrift correction for readout-channel 2 = 0.000932
Darkdrift correction for readout-channel 3 = 0.083158
Darkdrift correction for readout-channel 4 = 0.224139
Darkdrift uncertainty for readout-channel 1 = 0.302579
Darkdrift uncertainty for readout-channel 2 = 0.302430
Darkdrift uncertainty for readout-channel 3 = 0.302977
Darkdrift uncertainty for readout-channel 4 = 0.302966
Trimmed average of values in readout-channel 1 = 5.496934
Trimmed average of values in readout-channel 2 = 5.806095
Trimmed average of values in readout-channel 3 = 5.888321
Trimmed average of values in readout-channel 4 = 6.029302
Darkdrift background term = 5.805163
...for data plane = 13
Darkdrift correction for readout-channel 1 = 0.240736
Darkdrift correction for readout-channel 2 = -0.217172
Darkdrift correction for readout-channel 3 = -0.086648
Darkdrift correction for readout-channel 4 = 0.063085
Darkdrift uncertainty for readout-channel 1 = 0.303101
Darkdrift uncertainty for readout-channel 2 = 0.303523
Darkdrift uncertainty for readout-channel 3 = 0.302982
Darkdrift uncertainty for readout-channel 4 = 0.300796
Trimmed average of values in readout-channel 1 = 5.836068
Trimmed average of values in readout-channel 2 = 5.378160
Trimmed average of values in readout-channel 3 = 5.508684
Trimmed average of values in readout-channel 4 = 5.658417
Darkdrift background term = 5.595332
...for data plane = 14
Darkdrift correction for readout-channel 1 = 0.213025
Darkdrift correction for readout-channel 2 = -0.541924
Darkdrift correction for readout-channel 3 = 0.200145
Darkdrift correction for readout-channel 4 = 0.128754
Darkdrift uncertainty for readout-channel 1 = 0.302975
Darkdrift uncertainty for readout-channel 2 = 0.302971
Darkdrift uncertainty for readout-channel 3 = 0.303290
Darkdrift uncertainty for readout-channel 4 = 0.302969
Trimmed average of values in readout-channel 1 = 6.050417
Trimmed average of values in readout-channel 2 = 5.295469
Trimmed average of values in readout-channel 3 = 6.037538
Trimmed average of values in readout-channel 4 = 5.966147
Darkdrift background term = 5.837393
...for data plane = 15
Darkdrift correction for readout-channel 1 = 0.097670
Darkdrift correction for readout-channel 2 = -0.182308
Darkdrift correction for readout-channel 3 = -0.616135
Darkdrift correction for readout-channel 4 = 0.700773
Darkdrift uncertainty for readout-channel 1 = 0.303111
Darkdrift uncertainty for readout-channel 2 = 0.304887
Darkdrift uncertainty for readout-channel 3 = 0.303609
Darkdrift uncertainty for readout-channel 4 = 0.303261
Trimmed average of values in readout-channel 1 = 5.980925
Trimmed average of values in readout-channel 2 = 5.700947
Trimmed average of values in readout-channel 3 = 5.267120
Trimmed average of values in readout-channel 4 = 6.584029
Darkdrift background term = 5.883255
...for data plane = 16
Darkdrift correction for readout-channel 1 = 0.043261
Darkdrift correction for readout-channel 2 = -0.336310
Darkdrift correction for readout-channel 3 = 0.033642
Darkdrift correction for readout-channel 4 = 0.259407
Darkdrift uncertainty for readout-channel 1 = 0.302971
Darkdrift uncertainty for readout-channel 2 = 0.302974
Darkdrift uncertainty for readout-channel 3 = 0.302890
Darkdrift uncertainty for readout-channel 4 = 0.303388
Trimmed average of values in readout-channel 1 = 5.571912
Trimmed average of values in readout-channel 2 = 5.192340
Trimmed average of values in readout-channel 3 = 5.562293
Trimmed average of values in readout-channel 4 = 5.788057
Darkdrift background term = 5.528651
...for data plane = 17
Darkdrift correction for readout-channel 1 = 0.047158
Darkdrift correction for readout-channel 2 = -0.102915
Darkdrift correction for readout-channel 3 = -0.057515
Darkdrift correction for readout-channel 4 = 0.113272
Darkdrift uncertainty for readout-channel 1 = 0.304258
Darkdrift uncertainty for readout-channel 2 = 0.302977
Darkdrift uncertainty for readout-channel 3 = 0.303041
Darkdrift uncertainty for readout-channel 4 = 0.302977
Trimmed average of values in readout-channel 1 = 5.965758
Trimmed average of values in readout-channel 2 = 5.815686
Trimmed average of values in readout-channel 3 = 5.861085
Trimmed average of values in readout-channel 4 = 6.031872
Darkdrift background term = 5.918600
...for data plane = 18
Darkdrift correction for readout-channel 1 = -0.184144
Darkdrift correction for readout-channel 2 = 0.124530
Darkdrift correction for readout-channel 3 = -0.107842
Darkdrift correction for readout-channel 4 = 0.167456
Darkdrift uncertainty for readout-channel 1 = 0.301769
Darkdrift uncertainty for readout-channel 2 = 0.302425
Darkdrift uncertainty for readout-channel 3 = 0.303010
Darkdrift uncertainty for readout-channel 4 = 0.303137
Trimmed average of values in readout-channel 1 = 5.704806
Trimmed average of values in readout-channel 2 = 6.013479
Trimmed average of values in readout-channel 3 = 5.781107
Trimmed average of values in readout-channel 4 = 6.056405
Darkdrift background term = 5.888949
...for data plane = 19
Darkdrift correction for readout-channel 1 = 0.092656
Darkdrift correction for readout-channel 2 = -0.293966
Darkdrift correction for readout-channel 3 = 0.059275
Darkdrift correction for readout-channel 4 = 0.142035
Darkdrift uncertainty for readout-channel 1 = 0.340397
Darkdrift uncertainty for readout-channel 2 = 0.303247
Darkdrift uncertainty for readout-channel 3 = 0.303051
Darkdrift uncertainty for readout-channel 4 = 0.302973
Trimmed average of values in readout-channel 1 = 5.972654
Trimmed average of values in readout-channel 2 = 5.586032
Trimmed average of values in readout-channel 3 = 5.939273
Trimmed average of values in readout-channel 4 = 6.022033
Darkdrift background term = 5.879998
...for data plane = 20
Darkdrift correction for readout-channel 1 = -0.155406
Darkdrift correction for readout-channel 2 = -0.151078
Darkdrift correction for readout-channel 3 = 0.139864
Darkdrift correction for readout-channel 4 = 0.166620
Darkdrift uncertainty for readout-channel 1 = 0.302968
Darkdrift uncertainty for readout-channel 2 = 0.304621
Darkdrift uncertainty for readout-channel 3 = 0.303060
Darkdrift uncertainty for readout-channel 4 = 0.303394
Trimmed average of values in readout-channel 1 = 5.735538
Trimmed average of values in readout-channel 2 = 5.739866
Trimmed average of values in readout-channel 3 = 6.030808
Trimmed average of values in readout-channel 4 = 6.057564
Darkdrift background term = 5.890944
...for data plane = 21
Darkdrift correction for readout-channel 1 = 0.290268
Darkdrift correction for readout-channel 2 = 0.060205
Darkdrift correction for readout-channel 3 = -0.321552
Darkdrift correction for readout-channel 4 = -0.028920
Darkdrift uncertainty for readout-channel 1 = 0.302969
Darkdrift uncertainty for readout-channel 2 = 0.303802
Darkdrift uncertainty for readout-channel 3 = 0.303084
Darkdrift uncertainty for readout-channel 4 = 0.303222
Trimmed average of values in readout-channel 1 = 5.734287
Trimmed average of values in readout-channel 2 = 5.504224
Trimmed average of values in readout-channel 3 = 5.122467
Trimmed average of values in readout-channel 4 = 5.415100
Darkdrift background term = 5.444020
...for data plane = 22
Darkdrift correction for readout-channel 1 = -0.454592
Darkdrift correction for readout-channel 2 = -0.060003
Darkdrift correction for readout-channel 3 = 0.117753
Darkdrift correction for readout-channel 4 = 0.396842
Darkdrift uncertainty for readout-channel 1 = 0.305289
Darkdrift uncertainty for readout-channel 2 = 0.304096
Darkdrift uncertainty for readout-channel 3 = 0.302972
Darkdrift uncertainty for readout-channel 4 = 0.302840
Trimmed average of values in readout-channel 1 = 5.326676
Trimmed average of values in readout-channel 2 = 5.721264
Trimmed average of values in readout-channel 3 = 5.899020
Trimmed average of values in readout-channel 4 = 6.178110
Darkdrift background term = 5.781268
...for data plane = 23
Darkdrift correction for readout-channel 1 = -0.108439
Darkdrift correction for readout-channel 2 = 0.192843
Darkdrift correction for readout-channel 3 = -0.159729
Darkdrift correction for readout-channel 4 = 0.075326
Darkdrift uncertainty for readout-channel 1 = 0.303628
Darkdrift uncertainty for readout-channel 2 = 0.303013
Darkdrift uncertainty for readout-channel 3 = 0.303145
Darkdrift uncertainty for readout-channel 4 = 0.302813
Trimmed average of values in readout-channel 1 = 5.780522
Trimmed average of values in readout-channel 2 = 6.081804
Trimmed average of values in readout-channel 3 = 5.729232
Trimmed average of values in readout-channel 4 = 5.964287
Darkdrift background term = 5.888961
...for data plane = 24
Darkdrift correction for readout-channel 1 = 0.160825
Darkdrift correction for readout-channel 2 = -0.422883
Darkdrift correction for readout-channel 3 = -0.025136
Darkdrift correction for readout-channel 4 = 0.287194
Darkdrift uncertainty for readout-channel 1 = 0.302961
Darkdrift uncertainty for readout-channel 2 = 0.303522
Darkdrift uncertainty for readout-channel 3 = 0.303119
Darkdrift uncertainty for readout-channel 4 = 0.302892
Trimmed average of values in readout-channel 1 = 5.778176
Trimmed average of values in readout-channel 2 = 5.194469
Trimmed average of values in readout-channel 3 = 5.592216
Trimmed average of values in readout-channel 4 = 5.904546
Darkdrift background term = 5.617352
...for data plane = 25
Darkdrift correction for readout-channel 1 = -0.195313
Darkdrift correction for readout-channel 2 = 0.103399
Darkdrift correction for readout-channel 3 = 0.251161
Darkdrift correction for readout-channel 4 = -0.159247
Darkdrift uncertainty for readout-channel 1 = 0.303466
Darkdrift uncertainty for readout-channel 2 = 0.303522
Darkdrift uncertainty for readout-channel 3 = 0.303000
Darkdrift uncertainty for readout-channel 4 = 0.302969
Trimmed average of values in readout-channel 1 = 5.760578
Trimmed average of values in readout-channel 2 = 6.059289
Trimmed average of values in readout-channel 3 = 6.207051
Trimmed average of values in readout-channel 4 = 5.796643
Darkdrift background term = 5.955890
...for data plane = 26
Darkdrift correction for readout-channel 1 = -0.153244
Darkdrift correction for readout-channel 2 = -0.293562
Darkdrift correction for readout-channel 3 = -0.062030
Darkdrift correction for readout-channel 4 = 0.508836
Darkdrift uncertainty for readout-channel 1 = 0.302972
Darkdrift uncertainty for readout-channel 2 = 0.302128
Darkdrift uncertainty for readout-channel 3 = 0.302978
Darkdrift uncertainty for readout-channel 4 = 0.303226
Trimmed average of values in readout-channel 1 = 5.652978
Trimmed average of values in readout-channel 2 = 5.512659
Trimmed average of values in readout-channel 3 = 5.744191
Trimmed average of values in readout-channel 4 = 6.315058
Darkdrift background term = 5.806222
...for data plane = 27
Darkdrift correction for readout-channel 1 = 0.234296
Darkdrift correction for readout-channel 2 = -0.372385
Darkdrift correction for readout-channel 3 = -0.111662
Darkdrift correction for readout-channel 4 = 0.249751
Darkdrift uncertainty for readout-channel 1 = 0.302976
Darkdrift uncertainty for readout-channel 2 = 0.303528
Darkdrift uncertainty for readout-channel 3 = 0.303054
Darkdrift uncertainty for readout-channel 4 = 0.303296
Trimmed average of values in readout-channel 1 = 6.046281
Trimmed average of values in readout-channel 2 = 5.439600
Trimmed average of values in readout-channel 3 = 5.700323
Trimmed average of values in readout-channel 4 = 6.061736
Darkdrift background term = 5.811985
...for data plane = 28
Darkdrift correction for readout-channel 1 = 0.096090
Darkdrift correction for readout-channel 2 = -0.135055
Darkdrift correction for readout-channel 3 = -0.164318
Darkdrift correction for readout-channel 4 = 0.203283
Darkdrift uncertainty for readout-channel 1 = 0.301800
Darkdrift uncertainty for readout-channel 2 = 0.302701
Darkdrift uncertainty for readout-channel 3 = 0.303072
Darkdrift uncertainty for readout-channel 4 = 0.303043
Trimmed average of values in readout-channel 1 = 5.759973
Trimmed average of values in readout-channel 2 = 5.528828
Trimmed average of values in readout-channel 3 = 5.499565
Trimmed average of values in readout-channel 4 = 5.867166
Darkdrift background term = 5.663883
...for data plane = 29
Darkdrift correction for readout-channel 1 = -0.249959
Darkdrift correction for readout-channel 2 = -0.108805
Darkdrift correction for readout-channel 3 = 0.262800
Darkdrift correction for readout-channel 4 = 0.095964
Darkdrift uncertainty for readout-channel 1 = 0.304537
Darkdrift uncertainty for readout-channel 2 = 0.301584
Darkdrift uncertainty for readout-channel 3 = 0.302978
Darkdrift uncertainty for readout-channel 4 = 0.302976
Trimmed average of values in readout-channel 1 = 5.554035
Trimmed average of values in readout-channel 2 = 5.695189
Trimmed average of values in readout-channel 3 = 6.066794
Trimmed average of values in readout-channel 4 = 5.899959
Darkdrift background term = 5.803994
...for data plane = 30
Darkdrift correction for readout-channel 1 = 0.083302
Darkdrift correction for readout-channel 2 = -0.093924
Darkdrift correction for readout-channel 3 = 0.033035
Darkdrift correction for readout-channel 4 = -0.022414
Darkdrift uncertainty for readout-channel 1 = 0.303358
Darkdrift uncertainty for readout-channel 2 = 0.306012
Darkdrift uncertainty for readout-channel 3 = 0.303131
Darkdrift uncertainty for readout-channel 4 = 0.302803
Trimmed average of values in readout-channel 1 = 5.679691
Trimmed average of values in readout-channel 2 = 5.502466
Trimmed average of values in readout-channel 3 = 5.629425
Trimmed average of values in readout-channel 4 = 5.573976
Darkdrift background term = 5.596389
...for data plane = 31
Darkdrift correction for readout-channel 1 = -0.018311
Darkdrift correction for readout-channel 2 = -0.390077
Darkdrift correction for readout-channel 3 = 0.051102
Darkdrift correction for readout-channel 4 = 0.357286
Darkdrift uncertainty for readout-channel 1 = 0.302975
Darkdrift uncertainty for readout-channel 2 = 0.302965
Darkdrift uncertainty for readout-channel 3 = 0.303614
Darkdrift uncertainty for readout-channel 4 = 0.303250
Trimmed average of values in readout-channel 1 = 5.934849
Trimmed average of values in readout-channel 2 = 5.563083
Trimmed average of values in readout-channel 3 = 6.004263
Trimmed average of values in readout-channel 4 = 6.310446
Darkdrift background term = 5.953160
...for data plane = 32
Darkdrift correction for readout-channel 1 = -0.286435
Darkdrift correction for readout-channel 2 = 0.045900
Darkdrift correction for readout-channel 3 = -0.264169
Darkdrift correction for readout-channel 4 = 0.504704
Darkdrift uncertainty for readout-channel 1 = 0.303359
Darkdrift uncertainty for readout-channel 2 = 0.302712
Darkdrift uncertainty for readout-channel 3 = 0.303137
Darkdrift uncertainty for readout-channel 4 = 0.303062
Trimmed average of values in readout-channel 1 = 5.470421
Trimmed average of values in readout-channel 2 = 5.802756
Trimmed average of values in readout-channel 3 = 5.492687
Trimmed average of values in readout-channel 4 = 6.261560
Darkdrift background term = 5.756856
...for data plane = 33
Darkdrift correction for readout-channel 1 = -0.242690
Darkdrift correction for readout-channel 2 = 0.049111
Darkdrift correction for readout-channel 3 = 0.256772
Darkdrift correction for readout-channel 4 = -0.063194
Darkdrift uncertainty for readout-channel 1 = 0.302305
Darkdrift uncertainty for readout-channel 2 = 0.304067
Darkdrift uncertainty for readout-channel 3 = 0.302963
Darkdrift uncertainty for readout-channel 4 = 0.302980
Trimmed average of values in readout-channel 1 = 5.669760
Trimmed average of values in readout-channel 2 = 5.961561
Trimmed average of values in readout-channel 3 = 6.169222
Trimmed average of values in readout-channel 4 = 5.849256
Darkdrift background term = 5.912450
...for data plane = 34
Darkdrift correction for readout-channel 1 = -0.253245
Darkdrift correction for readout-channel 2 = 0.235154
Darkdrift correction for readout-channel 3 = 0.035220
Darkdrift correction for readout-channel 4 = -0.017129
Darkdrift uncertainty for readout-channel 1 = 0.302970
Darkdrift uncertainty for readout-channel 2 = 0.302724
Darkdrift uncertainty for readout-channel 3 = 0.303303
Darkdrift uncertainty for readout-channel 4 = 0.302980
Trimmed average of values in readout-channel 1 = 5.664043
Trimmed average of values in readout-channel 2 = 6.152443
Trimmed average of values in readout-channel 3 = 5.952508
Trimmed average of values in readout-channel 4 = 5.900159
Darkdrift background term = 5.917288
...for data plane = 35
Darkdrift correction for readout-channel 1 = -0.059685
Darkdrift correction for readout-channel 2 = -0.135613
Darkdrift correction for readout-channel 3 = -0.188851
Darkdrift correction for readout-channel 4 = 0.384149
Darkdrift uncertainty for readout-channel 1 = 0.302860
Darkdrift uncertainty for readout-channel 2 = 0.304367
Darkdrift uncertainty for readout-channel 3 = 0.302975
Darkdrift uncertainty for readout-channel 4 = 0.302982
Trimmed average of values in readout-channel 1 = 5.549996
Trimmed average of values in readout-channel 2 = 5.474068
Trimmed average of values in readout-channel 3 = 5.420831
Trimmed average of values in readout-channel 4 = 5.993831
Darkdrift background term = 5.609681
...for data plane = 36
Darkdrift correction for readout-channel 1 = -0.129674
Darkdrift correction for readout-channel 2 = -0.307659
Darkdrift correction for readout-channel 3 = -0.023278
Darkdrift correction for readout-channel 4 = 0.460611
Darkdrift uncertainty for readout-channel 1 = 0.303230
Darkdrift uncertainty for readout-channel 2 = 0.302985
Darkdrift uncertainty for readout-channel 3 = 0.302725
Darkdrift uncertainty for readout-channel 4 = 0.303132
Trimmed average of values in readout-channel 1 = 5.607436
Trimmed average of values in readout-channel 2 = 5.429450
Trimmed average of values in readout-channel 3 = 5.713832
Trimmed average of values in readout-channel 4 = 6.197720
Darkdrift background term = 5.737110
...for data plane = 37
Darkdrift correction for readout-channel 1 = 0.229623
Darkdrift correction for readout-channel 2 = -0.116874
Darkdrift correction for readout-channel 3 = 0.013326
Darkdrift correction for readout-channel 4 = -0.126075
Darkdrift uncertainty for readout-channel 1 = 0.303488
Darkdrift uncertainty for readout-channel 2 = 0.302974
Darkdrift uncertainty for readout-channel 3 = 0.265069
Darkdrift uncertainty for readout-channel 4 = 0.302973
Trimmed average of values in readout-channel 1 = 6.301436
Trimmed average of values in readout-channel 2 = 5.954939
Trimmed average of values in readout-channel 3 = 6.085139
Trimmed average of values in readout-channel 4 = 5.945738
Darkdrift background term = 6.071813
...for data plane = 38
Darkdrift correction for readout-channel 1 = -0.010641
Darkdrift correction for readout-channel 2 = 0.005835
Darkdrift correction for readout-channel 3 = -0.198257
Darkdrift correction for readout-channel 4 = 0.203063
Darkdrift uncertainty for readout-channel 1 = 0.302854
Darkdrift uncertainty for readout-channel 2 = 0.303234
Darkdrift uncertainty for readout-channel 3 = 0.303207
Darkdrift uncertainty for readout-channel 4 = 0.303063
Trimmed average of values in readout-channel 1 = 5.492891
Trimmed average of values in readout-channel 2 = 5.509366
Trimmed average of values in readout-channel 3 = 5.305275
Trimmed average of values in readout-channel 4 = 5.706594
Darkdrift background term = 5.503532
...for data plane = 39
Darkdrift correction for readout-channel 1 = -0.076633
Darkdrift correction for readout-channel 2 = -0.250938
Darkdrift correction for readout-channel 3 = 0.046726
Darkdrift correction for readout-channel 4 = 0.280844
Darkdrift uncertainty for readout-channel 1 = 0.304513
Darkdrift uncertainty for readout-channel 2 = 0.303799
Darkdrift uncertainty for readout-channel 3 = 0.303389
Darkdrift uncertainty for readout-channel 4 = 0.303382
Trimmed average of values in readout-channel 1 = 5.614245
Trimmed average of values in readout-channel 2 = 5.439940
Trimmed average of values in readout-channel 3 = 5.737604
Trimmed average of values in readout-channel 4 = 5.971722
Darkdrift background term = 5.690878
...for data plane = 40
Darkdrift correction for readout-channel 1 = -0.162185
Darkdrift correction for readout-channel 2 = -0.112760
Darkdrift correction for readout-channel 3 = -0.035852
Darkdrift correction for readout-channel 4 = 0.310797
Darkdrift uncertainty for readout-channel 1 = 0.302972
Darkdrift uncertainty for readout-channel 2 = 0.304094
Darkdrift uncertainty for readout-channel 3 = 0.302964
Darkdrift uncertainty for readout-channel 4 = 0.303635
Trimmed average of values in readout-channel 1 = 5.623144
Trimmed average of values in readout-channel 2 = 5.672568
Trimmed average of values in readout-channel 3 = 5.749476
Trimmed average of values in readout-channel 4 = 6.096125
Darkdrift background term = 5.785328
...for data plane = 41
Darkdrift correction for readout-channel 1 = 0.167213
Darkdrift correction for readout-channel 2 = -0.245050
Darkdrift correction for readout-channel 3 = 0.007780
Darkdrift correction for readout-channel 4 = 0.070057
Darkdrift uncertainty for readout-channel 1 = 0.303223
Darkdrift uncertainty for readout-channel 2 = 0.303525
Darkdrift uncertainty for readout-channel 3 = 0.303051
Darkdrift uncertainty for readout-channel 4 = 0.302966
Trimmed average of values in readout-channel 1 = 5.571180
Trimmed average of values in readout-channel 2 = 5.158917
Trimmed average of values in readout-channel 3 = 5.411747
Trimmed average of values in readout-channel 4 = 5.474024
Darkdrift background term = 5.403967
...for data plane = 42
Darkdrift correction for readout-channel 1 = 0.499652
Darkdrift correction for readout-channel 2 = -0.025714
Darkdrift correction for readout-channel 3 = 0.261046
Darkdrift correction for readout-channel 4 = -0.734984
Darkdrift uncertainty for readout-channel 1 = 0.302975
Darkdrift uncertainty for readout-channel 2 = 0.303514
Darkdrift uncertainty for readout-channel 3 = 0.303689
Darkdrift uncertainty for readout-channel 4 = 0.378117
Trimmed average of values in readout-channel 1 = 6.170235
Trimmed average of values in readout-channel 2 = 5.644869
Trimmed average of values in readout-channel 3 = 5.931629
Trimmed average of values in readout-channel 4 = 4.935600
Darkdrift background term = 5.670583
...for data plane = 43
Darkdrift correction for readout-channel 1 = -0.096535
Darkdrift correction for readout-channel 2 = -0.174380
Darkdrift correction for readout-channel 3 = 0.209343
Darkdrift correction for readout-channel 4 = 0.061572
Darkdrift uncertainty for readout-channel 1 = 0.302703
Darkdrift uncertainty for readout-channel 2 = 0.304629
Darkdrift uncertainty for readout-channel 3 = 0.302770
Darkdrift uncertainty for readout-channel 4 = 0.303059
Trimmed average of values in readout-channel 1 = 5.450332
Trimmed average of values in readout-channel 2 = 5.372487
Trimmed average of values in readout-channel 3 = 5.756210
Trimmed average of values in readout-channel 4 = 5.608440
Darkdrift background term = 5.546867
...for data plane = 44
Darkdrift correction for readout-channel 1 = 0.049967
Darkdrift correction for readout-channel 2 = -0.259361
Darkdrift correction for readout-channel 3 = -0.036068
Darkdrift correction for readout-channel 4 = 0.245462
Darkdrift uncertainty for readout-channel 1 = 0.302978
Darkdrift uncertainty for readout-channel 2 = 0.302966
Darkdrift uncertainty for readout-channel 3 = 0.302984
Darkdrift uncertainty for readout-channel 4 = 0.303587
Trimmed average of values in readout-channel 1 = 5.458568
Trimmed average of values in readout-channel 2 = 5.149240
Trimmed average of values in readout-channel 3 = 5.372533
Trimmed average of values in readout-channel 4 = 5.654063
Darkdrift background term = 5.408601
...for data plane = 45
Darkdrift correction for readout-channel 1 = -0.191775
Darkdrift correction for readout-channel 2 = -0.295854
Darkdrift correction for readout-channel 3 = -0.148614
Darkdrift correction for readout-channel 4 = 0.636244
Darkdrift uncertainty for readout-channel 1 = 0.303349
Darkdrift uncertainty for readout-channel 2 = 0.303248
Darkdrift uncertainty for readout-channel 3 = 0.303152
Darkdrift uncertainty for readout-channel 4 = 0.302889
Trimmed average of values in readout-channel 1 = 5.486908
Trimmed average of values in readout-channel 2 = 5.382829
Trimmed average of values in readout-channel 3 = 5.530070
Trimmed average of values in readout-channel 4 = 6.314927
Darkdrift background term = 5.678683
...for data plane = 46
Darkdrift correction for readout-channel 1 = 0.345652
Darkdrift correction for readout-channel 2 = -0.078297
Darkdrift correction for readout-channel 3 = -0.494527
Darkdrift correction for readout-channel 4 = 0.227172
Darkdrift uncertainty for readout-channel 1 = 0.302303
Darkdrift uncertainty for readout-channel 2 = 0.303258
Darkdrift uncertainty for readout-channel 3 = 0.303057
Darkdrift uncertainty for readout-channel 4 = 0.303053
Trimmed average of values in readout-channel 1 = 6.181461
Trimmed average of values in readout-channel 2 = 5.757512
Trimmed average of values in readout-channel 3 = 5.341283
Trimmed average of values in readout-channel 4 = 6.062981
Darkdrift background term = 5.835809
...for data plane = 47
Darkdrift correction for readout-channel 1 = 0.293981
Darkdrift correction for readout-channel 2 = -0.371337
Darkdrift correction for readout-channel 3 = 0.034067
Darkdrift correction for readout-channel 4 = 0.043289
Darkdrift uncertainty for readout-channel 1 = 0.303711
Darkdrift uncertainty for readout-channel 2 = 0.302970
Darkdrift uncertainty for readout-channel 3 = 0.302969
Darkdrift uncertainty for readout-channel 4 = 0.303069
Trimmed average of values in readout-channel 1 = 6.164385
Trimmed average of values in readout-channel 2 = 5.499066
Trimmed average of values in readout-channel 3 = 5.904470
Trimmed average of values in readout-channel 4 = 5.913692
Darkdrift background term = 5.870403
...for data plane = 48
Darkdrift correction for readout-channel 1 = 0.190203
Darkdrift correction for readout-channel 2 = -0.416981
Darkdrift correction for readout-channel 3 = -0.064761
Darkdrift correction for readout-channel 4 = 0.291540
Darkdrift uncertainty for readout-channel 1 = 0.302985
Darkdrift uncertainty for readout-channel 2 = 0.302408
Darkdrift uncertainty for readout-channel 3 = 0.303065
Darkdrift uncertainty for readout-channel 4 = 0.303056
Trimmed average of values in readout-channel 1 = 5.866060
Trimmed average of values in readout-channel 2 = 5.258877
Trimmed average of values in readout-channel 3 = 5.611096
Trimmed average of values in readout-channel 4 = 5.967397
Darkdrift background term = 5.675858
...for data plane = 49
Darkdrift correction for readout-channel 1 = 0.226242
Darkdrift correction for readout-channel 2 = 0.127094
Darkdrift correction for readout-channel 3 = -0.353584
Darkdrift correction for readout-channel 4 = 0.000248
Darkdrift uncertainty for readout-channel 1 = 0.303106
Darkdrift uncertainty for readout-channel 2 = 0.307423
Darkdrift uncertainty for readout-channel 3 = 0.302971
Darkdrift uncertainty for readout-channel 4 = 0.303014
Trimmed average of values in readout-channel 1 = 5.872075
Trimmed average of values in readout-channel 2 = 5.772926
Trimmed average of values in readout-channel 3 = 5.292248
Trimmed average of values in readout-channel 4 = 5.646080
Darkdrift background term = 5.645832
...for data plane = 50
Darkdrift correction for readout-channel 1 = -0.149774
Darkdrift correction for readout-channel 2 = 0.057458
Darkdrift correction for readout-channel 3 = -0.133367
Darkdrift correction for readout-channel 4 = 0.225683
Darkdrift uncertainty for readout-channel 1 = 0.302967
Darkdrift uncertainty for readout-channel 2 = 0.303525
Darkdrift uncertainty for readout-channel 3 = 0.263808
Darkdrift uncertainty for readout-channel 4 = 0.341101
Trimmed average of values in readout-channel 1 = 5.545932
Trimmed average of values in readout-channel 2 = 5.753165
Trimmed average of values in readout-channel 3 = 5.562340
Trimmed average of values in readout-channel 4 = 5.921390
Darkdrift background term = 5.695707
...for data plane = 51
Darkdrift correction for readout-channel 1 = 0.124671
Darkdrift correction for readout-channel 2 = -0.227413
Darkdrift correction for readout-channel 3 = 0.137178
Darkdrift correction for readout-channel 4 = -0.034436
Darkdrift uncertainty for readout-channel 1 = 0.302973
Darkdrift uncertainty for readout-channel 2 = 0.304900
Darkdrift uncertainty for readout-channel 3 = 0.302732
Darkdrift uncertainty for readout-channel 4 = 0.303549
Trimmed average of values in readout-channel 1 = 5.688178
Trimmed average of values in readout-channel 2 = 5.336094
Trimmed average of values in readout-channel 3 = 5.700685
Trimmed average of values in readout-channel 4 = 5.529071
Darkdrift background term = 5.563507
...for data plane = 52
Darkdrift correction for readout-channel 1 = -0.007386
Darkdrift correction for readout-channel 2 = -0.236016
Darkdrift correction for readout-channel 3 = 0.148772
Darkdrift correction for readout-channel 4 = 0.094630
Darkdrift uncertainty for readout-channel 1 = 0.303102
Darkdrift uncertainty for readout-channel 2 = 0.304343
Darkdrift uncertainty for readout-channel 3 = 0.303361
Darkdrift uncertainty for readout-channel 4 = 0.302982
Trimmed average of values in readout-channel 1 = 5.901630
Trimmed average of values in readout-channel 2 = 5.673000
Trimmed average of values in readout-channel 3 = 6.057787
Trimmed average of values in readout-channel 4 = 6.003646
Darkdrift background term = 5.909016
...for data plane = 53
Darkdrift correction for readout-channel 1 = -0.148373
Darkdrift correction for readout-channel 2 = -0.027336
Darkdrift correction for readout-channel 3 = -0.009666
Darkdrift correction for readout-channel 4 = 0.185375
Darkdrift uncertainty for readout-channel 1 = 0.304261
Darkdrift uncertainty for readout-channel 2 = 0.304071
Darkdrift uncertainty for readout-channel 3 = 0.303708
Darkdrift uncertainty for readout-channel 4 = 0.303295
Trimmed average of values in readout-channel 1 = 5.528315
Trimmed average of values in readout-channel 2 = 5.649352
Trimmed average of values in readout-channel 3 = 5.667023
Trimmed average of values in readout-channel 4 = 5.862064
Darkdrift background term = 5.676689
...for data plane = 54
Darkdrift correction for readout-channel 1 = 0.315841
Darkdrift correction for readout-channel 2 = -0.655661
Darkdrift correction for readout-channel 3 = -0.187843
Darkdrift correction for readout-channel 4 = 0.527663
Darkdrift uncertainty for readout-channel 1 = 0.302966
Darkdrift uncertainty for readout-channel 2 = 0.304619
Darkdrift uncertainty for readout-channel 3 = 0.303143
Darkdrift uncertainty for readout-channel 4 = 0.303399
Trimmed average of values in readout-channel 1 = 6.251214
Trimmed average of values in readout-channel 2 = 5.279713
Trimmed average of values in readout-channel 3 = 5.747531
Trimmed average of values in readout-channel 4 = 6.463036
Darkdrift background term = 5.935374
...for data plane = 55
Darkdrift correction for readout-channel 1 = 0.025721
Darkdrift correction for readout-channel 2 = -0.371738
Darkdrift correction for readout-channel 3 = 0.252811
Darkdrift correction for readout-channel 4 = 0.093206
Darkdrift uncertainty for readout-channel 1 = 0.303619
Darkdrift uncertainty for readout-channel 2 = 0.302977
Darkdrift uncertainty for readout-channel 3 = 0.302956
Darkdrift uncertainty for readout-channel 4 = 0.302980
Trimmed average of values in readout-channel 1 = 5.475480
Trimmed average of values in readout-channel 2 = 5.078021
Trimmed average of values in readout-channel 3 = 5.702570
Trimmed average of values in readout-channel 4 = 5.542965
Darkdrift background term = 5.449759
...for data plane = 56
Darkdrift correction for readout-channel 1 = -0.038041
Darkdrift correction for readout-channel 2 = -0.056608
Darkdrift correction for readout-channel 3 = -0.043801
Darkdrift correction for readout-channel 4 = 0.138450
Darkdrift uncertainty for readout-channel 1 = 0.302981
Darkdrift uncertainty for readout-channel 2 = 0.302983
Darkdrift uncertainty for readout-channel 3 = 0.302885
Darkdrift uncertainty for readout-channel 4 = 0.377874
Trimmed average of values in readout-channel 1 = 5.342577
Trimmed average of values in readout-channel 2 = 5.324011
Trimmed average of values in readout-channel 3 = 5.336817
Trimmed average of values in readout-channel 4 = 5.519069
Darkdrift background term = 5.380618
...for data plane = 57
Darkdrift correction for readout-channel 1 = 0.549343
Darkdrift correction for readout-channel 2 = -0.388513
Darkdrift correction for readout-channel 3 = -0.349756
Darkdrift correction for readout-channel 4 = 0.188926
Darkdrift uncertainty for readout-channel 1 = 0.302720
Darkdrift uncertainty for readout-channel 2 = 0.302956
Darkdrift uncertainty for readout-channel 3 = 0.302983
Darkdrift uncertainty for readout-channel 4 = 0.303143
Trimmed average of values in readout-channel 1 = 6.197854
Trimmed average of values in readout-channel 2 = 5.259998
Trimmed average of values in readout-channel 3 = 5.298756
Trimmed average of values in readout-channel 4 = 5.837437
Darkdrift background term = 5.648511
...for data plane = 58
Darkdrift correction for readout-channel 1 = 0.250335
Darkdrift correction for readout-channel 2 = -0.304243
Darkdrift correction for readout-channel 3 = -0.150756
Darkdrift correction for readout-channel 4 = 0.204664
Darkdrift uncertainty for readout-channel 1 = 0.303592
Darkdrift uncertainty for readout-channel 2 = 0.304361
Darkdrift uncertainty for readout-channel 3 = 0.303462
Darkdrift uncertainty for readout-channel 4 = 0.302977
Trimmed average of values in readout-channel 1 = 0.952682
Trimmed average of values in readout-channel 2 = 0.398104
Trimmed average of values in readout-channel 3 = 0.551590
Trimmed average of values in readout-channel 4 = 0.907011
Darkdrift background term = 0.702347
...for data plane = 59
Darkdrift correction for readout-channel 1 = 0.333484
Darkdrift correction for readout-channel 2 = -0.405619
Darkdrift correction for readout-channel 3 = -0.039476
Darkdrift correction for readout-channel 4 = 0.111611
Darkdrift uncertainty for readout-channel 1 = 0.303095
Darkdrift uncertainty for readout-channel 2 = 0.302698
Darkdrift uncertainty for readout-channel 3 = 0.302901
Darkdrift uncertainty for readout-channel 4 = 0.302985
Trimmed average of values in readout-channel 1 = 5.689579
Trimmed average of values in readout-channel 2 = 4.950476
Trimmed average of values in readout-channel 3 = 5.316619
Trimmed average of values in readout-channel 4 = 5.467705
Darkdrift background term = 5.356095
...for data plane = 60
Darkdrift correction for readout-channel 1 = 0.116347
Darkdrift correction for readout-channel 2 = -0.043091
Darkdrift correction for readout-channel 3 = -0.132196
Darkdrift correction for readout-channel 4 = 0.058940
Darkdrift uncertainty for readout-channel 1 = 0.304392
Darkdrift uncertainty for readout-channel 2 = 0.302433
Darkdrift uncertainty for readout-channel 3 = 0.303343
Darkdrift uncertainty for readout-channel 4 = 0.303719
Trimmed average of values in readout-channel 1 = 5.853095
Trimmed average of values in readout-channel 2 = 5.693657
Trimmed average of values in readout-channel 3 = 5.604552
Trimmed average of values in readout-channel 4 = 5.795687
Darkdrift background term = 5.736748
...for data plane = 61
Darkdrift correction for readout-channel 1 = 0.200537
Darkdrift correction for readout-channel 2 = -0.538251
Darkdrift correction for readout-channel 3 = 0.117326
Darkdrift correction for readout-channel 4 = 0.220388
Darkdrift uncertainty for readout-channel 1 = 0.303749
Darkdrift uncertainty for readout-channel 2 = 0.302982
Darkdrift uncertainty for readout-channel 3 = 0.303008
Darkdrift uncertainty for readout-channel 4 = 0.302819
Trimmed average of values in readout-channel 1 = 6.080455
Trimmed average of values in readout-channel 2 = 5.341667
Trimmed average of values in readout-channel 3 = 5.997243
Trimmed average of values in readout-channel 4 = 6.100305
Darkdrift background term = 5.879918
...for data plane = 62
Darkdrift correction for readout-channel 1 = 0.110816
Darkdrift correction for readout-channel 2 = -0.340136
Darkdrift correction for readout-channel 3 = 0.060792
Darkdrift correction for readout-channel 4 = 0.168528
Darkdrift uncertainty for readout-channel 1 = 0.303107
Darkdrift uncertainty for readout-channel 2 = 0.302994
Darkdrift uncertainty for readout-channel 3 = 0.303377
Darkdrift uncertainty for readout-channel 4 = 0.302961
Trimmed average of values in readout-channel 1 = 5.435692
Trimmed average of values in readout-channel 2 = 4.984740
Trimmed average of values in readout-channel 3 = 5.385668
Trimmed average of values in readout-channel 4 = 5.493404
Darkdrift background term = 5.324876
...for data plane = 63
Darkdrift correction for readout-channel 1 = -0.102401
Darkdrift correction for readout-channel 2 = -0.255291
Darkdrift correction for readout-channel 3 = 0.234596
Darkdrift correction for readout-channel 4 = 0.123097
Darkdrift uncertainty for readout-channel 1 = 0.302851
Darkdrift uncertainty for readout-channel 2 = 0.303809
Darkdrift uncertainty for readout-channel 3 = 0.302979
Darkdrift uncertainty for readout-channel 4 = 0.303228
Trimmed average of values in readout-channel 1 = 5.957210
Trimmed average of values in readout-channel 2 = 5.804320
Trimmed average of values in readout-channel 3 = 6.294207
Trimmed average of values in readout-channel 4 = 6.182708
Darkdrift background term = 6.059611
...for data plane = 64
Darkdrift correction for readout-channel 1 = -0.005870
Darkdrift correction for readout-channel 2 = -0.065086
Darkdrift correction for readout-channel 3 = -0.242739
Darkdrift correction for readout-channel 4 = 0.313696
Darkdrift uncertainty for readout-channel 1 = 0.303102
Darkdrift uncertainty for readout-channel 2 = 0.304074
Darkdrift uncertainty for readout-channel 3 = 0.302980
Darkdrift uncertainty for readout-channel 4 = 0.302967
Trimmed average of values in readout-channel 1 = 5.564739
Trimmed average of values in readout-channel 2 = 5.505524
Trimmed average of values in readout-channel 3 = 5.327870
Trimmed average of values in readout-channel 4 = 5.884305
Darkdrift background term = 5.570609

Program darkdrift: Status Message: 0x0000
Normal exit from Function 0x0000: LOG_WRITER
darkdrift Warning: NaN's were produced in the results.
A total of     2013   NaN's were produced in the results.
Processing time: 9.250000 seconds
Current date/time: Sat Jan  9 14:58:35 2016
Program darkdrift, version 4.1, terminated.

darkdrift   exit_value =   0    execution_time = 9.320s
******************************************************************
Pipeline executing flatap
flatap -i darkdrift.fits -p cal/pmask.fits -f cal/skyflat.fits -ui sig_darkdrift.fits -uo sig_flatap.fits -d dmask.fits -o flatap.fits -c cal/skyflat_cmask.fits 
******************************************************************
Pipeline Module FLATAP Version 1.5
Processing time Sat Jan  9 14:58:36 2016

flatap_parse_namelist: Information only: Namelist not specified.
Sat Jan  9 14:58:36 2016
flatap_log_writer: Could not open Log File, using stdout
Flatap Version 1.5
Namelist File  = 
Input DCE = darkdrift.fits
Output DCE = !flatap.fits
Flatfield = cal/skyflat.fits
Input Uncertainty = sig_darkdrift.fits
Output Uncertainty = !sig_flatap.fits
Pmask File = cal/pmask.fits
Pmask Mask = 128
Dmask File = dmask.fits
Dmask Mask = 16384
Cmask File = cal/skyflat_cmask.fits
Cmask Mask = 256
Trans CAL File = 
Trans CAL CMask File = 
Processing Log File = 
Time =    0.14 seconds
*********************

Time = 0.140 seconds
exit code 0

flatap   exit_value =   0    execution_time = 0.200s
******************************************************************
Pipeline executing imfliprot
imfliprot -i flatap.fits -n cdf/pn107.nl -a /sos/sw/S19.2.0/STUDIO/downlink/include -o imfliprot.fits 
******************************************************************

imfliprot_log_writer: Printing Log output to stdout

Program imfliprot, Version 1.0
Namelist File  = cdf/pn107.nl
Input File = flatap.fits
Output File = imfliprot.fits
Image has been flipped
Image Rotation (degrees)  = 180
Ancillary Data-File Path = /sos/sw/S19.2.0/STUDIO/downlink/include
Verbose flag = 0
Debug flag = 0
imfliprot Status Message      0x0000: Normal exit from Function 0x0000: LOG_WRITER
Processing time: 0.160000 seconds
Current date/time: Sat Jan  9 14:58:36 2016
Program imfliprot, version 1.0, terminated.


imfliprot   exit_value =   0    execution_time = 0.190s
******************************************************************
Pipeline executing imfliprot
imfliprot -i sig_flatap.fits -n cdf/pn107.nl -a /sos/sw/S19.2.0/STUDIO/downlink/include -o sig_imfliprot.fits 
******************************************************************

imfliprot_log_writer: Printing Log output to stdout

Program imfliprot, Version 1.0
Namelist File  = cdf/pn107.nl
Input File = sig_flatap.fits
Output File = sig_imfliprot.fits
Image has been flipped
Image Rotation (degrees)  = 180
Ancillary Data-File Path = /sos/sw/S19.2.0/STUDIO/downlink/include
Verbose flag = 0
Debug flag = 0
imfliprot Status Message      0x0000: Normal exit from Function 0x0000: LOG_WRITER
Processing time: 0.150000 seconds
Current date/time: Sat Jan  9 14:58:37 2016
Program imfliprot, version 1.0, terminated.


imfliprot   exit_value =   0    execution_time = 0.180s
******************************************************************
Pipeline executing imfliprot
imfliprot -i dmask.fits -n cdf/pn107.nl -a /sos/sw/S19.2.0/STUDIO/downlink/include -o temp_dmask.fits 
******************************************************************

imfliprot_log_writer: Printing Log output to stdout

Program imfliprot, Version 1.0
Namelist File  = cdf/pn107.nl
Input File = dmask.fits
Output File = temp_dmask.fits
Image has been flipped
Image Rotation (degrees)  = 180
Ancillary Data-File Path = /sos/sw/S19.2.0/STUDIO/downlink/include
Verbose flag = 0
Debug flag = 0
imfliprot Status Message      0x0000: Normal exit from Function 0x0000: LOG_WRITER
Processing time: 0.040000 seconds
Current date/time: Sat Jan  9 14:58:38 2016
Program imfliprot, version 1.0, terminated.


imfliprot   exit_value =   0    execution_time = 0.070s
******************************************************************
Pipeline executing imfliprot
imfliprot -i fowlinearize.fits -n cdf/pn107.nl -a /sos/sw/S19.2.0/STUDIO/downlink/include -o temp_fowlinearize.fits 
******************************************************************

imfliprot_log_writer: Printing Log output to stdout

Program imfliprot, Version 1.0
Namelist File  = cdf/pn107.nl
Input File = fowlinearize.fits
Output File = temp_fowlinearize.fits
Image has been flipped
Image Rotation (degrees)  = 180
Ancillary Data-File Path = /sos/sw/S19.2.0/STUDIO/downlink/include
Verbose flag = 0
Debug flag = 0
imfliprot Status Message      0x0000: Normal exit from Function 0x0000: LOG_WRITER
Processing time: 0.070000 seconds
Current date/time: Sat Jan  9 14:58:38 2016
Program imfliprot, version 1.0, terminated.


imfliprot   exit_value =   0    execution_time = 0.110s
******************************************************************
Pipeline executing imfliprot
imfliprot -i sig_fowlinearize.fits -n cdf/pn107.nl -a /sos/sw/S19.2.0/STUDIO/downlink/include -o temp_sig_fowlinearize.fits 
******************************************************************

imfliprot_log_writer: Printing Log output to stdout

Program imfliprot, Version 1.0
Namelist File  = cdf/pn107.nl
Input File = sig_fowlinearize.fits
Output File = temp_sig_fowlinearize.fits
Image has been flipped
Image Rotation (degrees)  = 180
Ancillary Data-File Path = /sos/sw/S19.2.0/STUDIO/downlink/include
Verbose flag = 0
Debug flag = 0
imfliprot Status Message      0x0000: Normal exit from Function 0x0000: LOG_WRITER
Processing time: 0.070000 seconds
Current date/time: Sat Jan  9 14:58:38 2016
Program imfliprot, version 1.0, terminated.


imfliprot   exit_value =   0    execution_time = 0.100s
******************************************************************
Pipeline executing dntoflux
dntoflux -i imfliprot.fits -iu sig_imfliprot.fits -n cdf/pn107.nl -co 0 -c 0.1447 -u 0.0000 -a /sos/sw/S19.2.0/STUDIO/downlink/include -o1 dntoflux.fits -ou sig_dntoflux.fits -t 1 
******************************************************************

Program dntoflux, Version 4.2
Namelist File  = cdf/pn107.nl
Input Image = imfliprot.fits
Output File 1 = dntoflux.fits
Output Uncertainty Image = sig_dntoflux.fits
Operation flag = 0
Conversion factor = 0.144700
Input Uncertainty Image = sig_imfliprot.fits
Conversion-factor uncertainty = 0.000000
Output BUNIT setting = MJy/sr
Normalize-by-EXPTIME Flag = 1
EXPTIME = 1.920000
Data-Plane Flag = 1
Ancillary Data-File Path = /sos/sw/S19.2.0/STUDIO/downlink/include
Verbose flag = 0
Super-verbose flag = 0
Debug flag = 0
Terminating data-units-conversion program.
dntoflux Status Message: 0x0000
Normal exit from Function 0x0000: LOG_WRITER
dntoflux Probs Warning: NaN's were produced in the results.
A total of     4026   NaN's were produced in the results.
Processing time: 0.350000 seconds
Current date/time: Sat Jan  9 14:58:40 2016
Program dntoflux, version 4.2, terminated.

dntoflux   exit_value =   0    execution_time = 0.450s
******************************************************************
Pipeline executing qatool
qatool -i dntoflux.fits -n cdf/pn107.nl -nb QATOOLBCD -a /sos/sw/S19.2.0/STUDIO/downlink/include -o qa/BCD_qatool 
******************************************************************
qatool_parse_namelist: Information only: Namelist block-name = &QATOOLBCD
Program qatool, Version 6.0
Namelist File  = cdf/pn107.nl
Input File = dntoflux.fits
Output Data Filename Base = qa/BCD_qatool
Statistics Group = 0
Percent-Scaling Flag = 0
Calculation Type = 1
(set-up to do additional computations for four readout channels)
Number of Mean Absolute Deviations for Histogram Half-Width Coverage = 5
Number of Bins in Histograms = 41
Central fraction for trimmed average = 0.810000
Central fraction for trimmed std. dev. = 0.720000
Bad-pixel tolerance fraction = 0.900000
Statistics Box X position = 3
Statistics Box Y position = 4
Statistics Box X width = 20
Statistics Box Y height = 23
Input-Image Transpose Flag = 1
Unsigned Integer Flag = 0
Data-Plane Flag = 1
Number Edge Rows/Cols Skipped = 2
Keyword Prefix = bcd
Ancillary Data-File Path = /sos/sw/S19.2.0/STUDIO/downlink/include
Verbose flag = 0
Super-verbose flag = 0
Debug flag = 0
Performed statistical and histogram calculations.
Program qatool: Status Message: 0x0000
Normal exit from Function 0x0000: LOG_WRITER
Processing time: 0.940000 seconds
Current date/time: Sat Jan  9 14:58:41 2016
Program qatool, version 6.0, terminated.

qatool   exit_value =   0    execution_time = 1.010s
******************************************************************
Pipeline executing chkmask
chkmask dmask.fits -q qa/BCD_qatool.qa 
******************************************************************
 chkmask vsn 1.35 A40312
 
 No. of occurrences of the   3 status combinations:
   2267 occurrences of   256 (8)                                 
   8 occurrences of   16 (4)                                 
   2 occurrences of   272 (4,8)                               
 
 Status Bit: No. of Pixels
   0:   0
   1:   0
   2:   0
   3:   0
   4:   10
   5:   0
   6:   0
   7:   0
   8:   2269
   9:   0
   10:   0
   11:   0
   12:   0
   13:   0
   14:   0
 

chkmask   exit_value =   0    execution_time = 0.220s
******************************************************************
Loading QA information for DCE and BCD product
Keyword APDUV1E not found in header
Keyword APDUV2E not found in header
Keyword APDUV3E not found in header
Keyword APDUI1E not found in header
Keyword APDUI2E not found in header
Keyword APDUI3E not found in header
Could not append keyword APDUV1E to QA file qa/DCE_qatool.qa
Could not append keyword APDUV2E to QA file qa/DCE_qatool.qa
Could not append keyword APDUV3E to QA file qa/DCE_qatool.qa
Could not append keyword APDUI1E to QA file qa/DCE_qatool.qa
Could not append keyword APDUI2E to QA file qa/DCE_qatool.qa
Could not append keyword APDUI3E to QA file qa/DCE_qatool.qa
******************************************************************
Pipeline executing qaloader
qaloader -i qa/DCE_qatool.qa -tablename qa_iracdce -o qa/qaloader.sql -role pipelineswrole 
******************************************************************
2016/01/09 14:58:43 BEGIN qaloader v1.13
 -i (QA_FILE) qa/DCE_qatool.qa
 -tablename (TABLENAME) qa_iracdce
 -o (SQL_FILE) qa/qaloader.sql
 -role (ROLE) pipelineswrole
Using metadata version 13.0b
table name=qa_iracdce

QA values ingested:
{-4.625979e+01} {}
dceAveFI_1       -4.625979e+01 
{-4.905810e+01} {}
dceAveR1_1       -4.905810e+01 
{-2.929130e+01} {}
dceAveR2_1       -2.929130e+01 
{-3.330896e+01} {}
dceAveR3_1       -3.330896e+01 
{-7.338078e+01} {}
dceAveR4_1       -7.338078e+01 
{-2.200000e+01} {-4.905810e+01}
dceMedFI_1       -2.200000e+01 
{3.092068e+02} {}
dceSdevFI_1      3.092068e+02 
{4.770400e+00} {}
dceDSclFI_1      4.770400e+00 
{-8.944000e+03} {}
dceMinFI_1       -8.944000e+03 
{2.000000e+01} {}
dceMaxFI_1       2.000000e+01 
{147809505} {}
DCEID            147809505 
{2} {-4.625979e+01}
CHNLNUM          2 
{0} {}
ADCEID           0 
{8} {}
AFOWLNUM         8 
{184} {}
AWAITPER         184 
{0} {}
AWEASIDE         0 
{1} {}
AREADMOD         1 
{27.699513} {}
AFPAT1B          27.699513 
{28.671007} {}
AFPAT2B          28.671007 
{0} {}
APEDSIG          0 
{0} {}
ATXSTAT          0 
{0} {}
AFLSTAT          0 
{4} {}
ASHSTAT          4 
{-3.5585} {}
AVRSTBEG         -3.5585 
{-3.0562209} {}
AVDETBEG         -3.0562209 
{-3.618536} {}
AVGG1BEG         -3.618536 
{-3.5499908} {}
AVDDUBEG         -3.5499908 
{0} {}
AVGGCBEG         0 
{21.504564} {}
ACTENDT          21.504564 
{19.665313} {}
AFPECTE          19.665313 
{23.08678} {}
AFPEATE          23.08678 
{23.97351} {}
ATCTEMPE         23.97351 
{21.474083} {}
ACETEMPE         21.474083 
{21.443602} {}
APDTEMPE         21.443602 
{27.671961} {}
ACATMP2E         27.671961 
2016/01/09 14:58:43 END   qaloader status=0

qaloader   exit_value =   0    execution_time = 0.070s
******************************************************************
Pipeline executing qaloader
qaloader -i qa/BCD_qatool.qa -tablename qa_iracdp -o qa/qaloader.sql 
******************************************************************
2016/01/09 14:58:44 BEGIN qaloader v1.13
 -i (QA_FILE) qa/BCD_qatool.qa
 -tablename (TABLENAME) qa_iracdp
 -o (SQL_FILE) qa/qaloader.sql
Using metadata version 13.0b
table name=qa_iracdp

QA values ingested:
{2.526585e+00} {}
bcdAveFI_1       2.526585e+00 
{4.004901e+00} {}
bcdAveUB_1       4.004901e+00 
{5.314378e-01} {}
bcdMedFI_1       5.314378e-01 
{6.376376e-01} {}
bcdMedUB_1       6.376376e-01 
{2.638232e+01} {}
bcdSdevFI_1      2.638232e+01 
{3.437973e+01} {}
bcdSdevUB_1      3.437973e+01 
{4.088077e-01} {}
bcdDSclFI_1      4.088077e-01 
{4.631188e-01} {}
bcdDSclUB_1      4.631188e-01 
{-7.264892e-01} {}
bcdMinFI_1       -7.264892e-01 
{-3.559438e-01} {}
bcdMinUB_1       -3.559438e-01 
{7.033367e+02} {}
bcdMaxFI_1       7.033367e+02 
{7.033367e+02} {}
bcdMaxUB_1       7.033367e+02 
{5.184735e-01} {}
bcdC68lFI_1      5.184735e-01 
{5.516416e-01} {}
bcdC68uFI_1      5.516416e-01 
{391693233} {}
DPID             391693233 
{2} {2.526585e+00}
CHNLNUM          2 
2016/01/09 14:58:44 END   qaloader status=0

qaloader   exit_value =   0    execution_time = 0.110s
******************************************************************
Pipeline executing dbaccess
dbaccess -e sodb qa/qaloader.sql 
******************************************************************
set role pipelineswrole;
set lock mode to wait 30;
EXECUTE PROCEDURE addQA_iracdce (147809505, NULL, NULL, 2, -4.625979e+01, 
-2.200000e+01, -4.905810e+01, -2.929130e+01, -3.330896e+01, -7.338078e+01, 
3.092068e+02, 4.770400e+00, -8.944000e+03, 2.000000e+01, 0, 8, 184, 0, 1, 
27.699513, 28.671007, 0, 0, 0, 4, -3.5585, -3.0562209, -3.618536, -3.5499908, 
0, 21.504564, 19.665313, 23.08678, 23.97351, 21.474083, 21.443602, 27.671961, 
NULL, NULL, NULL, NULL, NULL, NULL);
EXECUTE PROCEDURE addQA_iracdp (391693233, NULL, NULL, 2, 2.526585e+00, 
4.004901e+00, 5.314378e-01, 6.376376e-01, 2.638232e+01, 3.437973e+01, 
4.088077e-01, 4.631188e-01, -7.264892e-01, -3.559438e-01, 7.033367e+02, 
7.033367e+02, 5.184735e-01, 5.516416e-01, NULL, NULL, NULL, NULL, NULL, NULL);
execute procedure setDceTimeParameters (147809505, 1037049134.169, "2012-11-10 21:05:53.858", 1.92, 2.00);

dbaccess   exit_value =   0    execution_time = 0.120s
******************************************************************
Finishing IRAC science pipeline processing
Could not copy cal/firstframe_corr.fits to /sbx20/S19.2.0/archive/proc/full/IRAC033400/bcd/4568/0046471424/2/0083/0000/17/01/1/cal/firstframe_corr.fits
Could not copy imask.fits to /sbx20/S19.2.0/archive/proc/full/IRAC033400/bcd/4568/0046471424/2/0083/0000/17/01/1/imask.fits
Could not copy muxbleedcorr.fits to /sbx20/S19.2.0/archive/proc/full/IRAC033400/bcd/4568/0046471424/2/0083/0000/17/01/1/muxbleedcorr.fits
Could not copy slremove.fits to /sbx20/S19.2.0/archive/proc/full/IRAC033400/bcd/4568/0046471424/2/0083/0000/17/01/1/slremove.fits
******************************************************************
PlScriptID 17 exiting Saturday, January  9, 2016  2:58:46 PM PST
Host: sopipe81
Local Processing Directory: /scr5/S19.2.0/IRAC033400/bcd/4568/0046471424/2/0083/0000/17/01/1
Sandbox Directory: /sbx20/S19.2.0/archive/proc/full/IRAC033400/bcd/4568/0046471424/2/0083/0000/17/01/1
Processing time: total 21.88 s (user 0.74, system 0.87, child user 13.21, child system 7.06)
Pipeline exit code: Normal exit (0)
******************************************************************
