 hdrupd8 vsn 1.6  A70821
******************************************************************
Executing IRAC science pipeline
******************************************************************
Pipeline executing sanity_datatype
sanity_datatype -i ../fos16.fits -t1 cdf/sanity_datatype1.tbl -t2 cdf/sanity_datatype2.tbl -o1 qa/sanity_datatype1.tbl -o2 qa/sanity_datatype2.tbl 
******************************************************************
Program Sanity_datatype is started .... Version 1.0, Sat Jan  9 14:56:58 2016
Input Image File = ../fos16.fits
Input Data Table 1 = cdf/sanity_datatype1.tbl
Input Data Table 2 = cdf/sanity_datatype2.tbl
Output Filename1 = qa/sanity_datatype1.tbl
Output Filename2 = qa/sanity_datatype2.tbl
Log File = stdout
I_Debug = 0
I_Verbose = 0
I_SuperVerbose = 0
Processing time: 0.070000 seconds
Program Sanity_datatype is done. Version 1.0, Sat Jan  9 14:56:58 2016


sanity_datatype   exit_value =   0    execution_time = 0.300s
******************************************************************
Pipeline executing qatool
qatool -i ../fos16.fits -n cdf/pn107.nl -nb QATOOLDCE -a /sos/sw/S19.2.0/STUDIO/downlink/include -o qa/DCE_qatool 
******************************************************************
qatool_parse_namelist: Information only: Namelist block-name = &QATOOLDCE
Program qatool, Version 6.0
Namelist File  = cdf/pn107.nl
Input File = ../fos16.fits
Output Data Filename Base = qa/DCE_qatool
Statistics Group = 0
Percent-Scaling Flag = 0
Calculation Type = 1
(set-up to do additional computations for four readout channels)
Number of Mean Absolute Deviations for Histogram Half-Width Coverage = 5
Number of Bins in Histograms = 41
Central fraction for trimmed average = 0.810000
Central fraction for trimmed std. dev. = 0.720000
Bad-pixel tolerance fraction = 0.340000
Statistics Box X position = 3
Statistics Box Y position = 4
Statistics Box X width = 27
Statistics Box Y height = 33
Input-Image Transpose Flag = 1
Unsigned Integer Flag = 0
Data-Plane Flag = 1
Number Edge Rows/Cols Skipped = 10
Keyword Prefix = dce
Ancillary Data-File Path = /sos/sw/S19.2.0/STUDIO/downlink/include
Verbose flag = 0
Super-verbose flag = 0
Debug flag = 0
Performed statistical and histogram calculations.
Program qatool: Status Message: 0x0000
Normal exit from Function 0x0000: LOG_WRITER
Processing time: 0.720000 seconds
Current date/time: Sat Jan  9 14:56:59 2016
Program qatool, version 6.0, terminated.

qatool   exit_value =   0    execution_time = 0.800s
******************************************************************
Pipeline executing sanity_check
sanity_check -i qa/DCE_qatool.tbl -o qa/sanity_check.tbl 
******************************************************************
Program Sanity_check is started .... Version 1.0, Sat Jan  9 14:57:00 2016

Input File = qa/DCE_qatool.tbl
Output = qa/sanity_check.tbl
Processing time: 0.030000 seconds
Current date/time: Sat Jan  9 14:57:00 2016
Program Sanity_check, version 1.0, terminated.

sanity_check   exit_value =   0    execution_time = 0.260s
******************************************************************
Pipeline executing abad_repair
abad_repair -i ../fos16.fits -o abad_repair.fits 
******************************************************************
Pipeline Module ABAD_REPAIR Version 1.2
Processing time Sat Jan  9 14:57:00 2016

ABAD_READ_DATA: A0752D00 = 0
status from read: 1
npixs = 65536
enter output with 0
files ../fos16.fits !abad_repair.fits 
open output [!abad_repair.fits]
comment [Sat Jan  9 14:57:00 2016]
Time = 0.050 seconds
exit code 0

abad_repair   exit_value =   0    execution_time = 0.080s
******************************************************************
Pipeline executing tranhead
tranhead -i abad_repair.fits -n cdf/pn107.nl -k /scr/S19.2.0/cdf/ctd/telemetry_dictionary.dat -a /sos/sw/S19.2.0/STUDIO/downlink/include -o tranhead.fits -t, cdf/Keyword_Include_List.dat 
******************************************************************

Program tranhead, Version 13.2
Namelist File  = cdf/pn107.nl
Input File = abad_repair.fits
Dictionary File = /scr/S19.2.0/cdf/ctd/telemetry_dictionary.dat
CTD Version String = 3.0.94S
Keyword-Include-List File = cdf/Keyword_Include_List.dat
Translated-Keyword File = tranhead.hdr
CSPICE leapseconds kernel = /scr/S19.2.0/cdf/spice/leapseconds.ker
CSPICE SCLK_SCET kernel = /scr/S19.2.0/cdf/spice/sclk_scet.ker
CSPICE Spitzer Ephemeris = /scr/S19.2.0/cdf/spice/sirtf.bsp
CSPICE Planets Ephemeris = /scr/S19.2.0/cdf/spice/de.bsp
Output File = tranhead.fits
Operation Type = 1
FITS-Header Comment Flag = 1
SCLK correction factor = 1.000380
Ignore Frames (1st) = -1
Ignore Frames (2nd and higher) = -1
Central fraction for trimmed average  = 0.900000
Central fraction for trimmed std. dev. = 0.900000
Gain = 3.710000
Gain_RdOutCh_1 = 3.710000
Gain_RdOutCh_2 = 3.710000
Gain_RdOutCh_3 = 3.710000
Gain_RdOutCh_4 = 3.710000
Ancillary Data-File Path = /sos/sw/S19.2.0/STUDIO/downlink/include
Verbose flag = 0
Super-verbose flag = 0
Debug flag = 0
Configured to perform forward FITS keyword translation.
tranhead Status Message: 0x0000
Normal exit from Function 0x0000: LOG_WRITER
A total of        0   NaN's were produced in the results.
Processing time: 0.330000 seconds
Current date/time: Sat Jan  9 14:57:01 2016
Program tranhead, version 13.2, terminated.

tranhead   exit_value =   0    execution_time = 0.430s
 hdrupd8 vsn 1.6  A70821


LabDark

chan, frametime, hdy, extrpt = 2, 2.00, F, 233
expid  adceid  repidx  =  81,  0,  0 

SkyDarkaor template time = 2
hdy  repidx =  F  0
expid  ext-repeat  =  81  233

******************************************************************
Pipeline executing caltrans
caltrans -n cdf/pn107.nl -m 2 -a 7 -b /scr7/S19.2.0/dlcaldata/irac -s tranhead.fits -o cal -u SUB -jk1 CHNLNUM -jv1 2 -ja1 N -ju1 0 -js1 flip -jk2 CHNLNUM;AFOWLNUM;AWAITPER;FRAMTIME;HDRMODE -jv2 2;8;184;2.00;F -ja2 N;N;N;N;S -ju2 0;0;0;0;0 -js2 sigma;cmask -jk3 CHNLNUM;AFOWLNUM;AWAITPER;FRAMTIME;HDRMODE -jv3 2;8;184;2.00;F -ja3 N;N;N;N;S -ju3 0;0;0;0;0 -js3 cmask -jk4 CHNLNUM -jv4 2 -ja4 N -ju4 0 -js4 cmask -jk5 CHNLNUM -jv5 2 -ja5 N -ju5 0 -js5 cmask -jk6 CHNLNUM -jv6 2 -ja6 N -ju6 0 -jk7 CHNLNUM;AFOWLNUM;AWAITPER -jv7 2;8;184 -ja7 N;N;N -ju7 0;0;0 -jk8 CHNLNUM;AFOWLNUM;AWAITPER -jv8 2;8;184 -ja8 N;N;N -ju8 0;0;0 -e CALTRANSsciSUB 
******************************************************************

Online Namelist file descriptor associated
Online namelist buffer loaded: length = 7422

Warning !:  Ancillary file #1  with full suffix filename  '/sos/archive/fallbacks/IRAC004600/SUB_2s_2sf8d1r1_ch2_v2.0.0_dark_sigma.fits'  NOT in archive/sandbox !!.
Proceed to the next suffix fileprocessing .....

Warning !:  Ancillary file #2  with full suffix filename  '/sos/archive/fallbacks/IRAC004600/SUB_2s_2sf8d1r1_ch2_v2.0.0_dark_cmask.fits'  NOT in archive/sandbox !!.
Proceed to the next suffix fileprocessing .....

Warning !:  Ancillary-suffix file #1: '/scr7/S19.2.0/dlcaldata/irac/fb1502_SUB_2s_2sf8d1r1_ch2_v2.0.0_dark_sigma.fits'  could NOT be identified on cache.
Processing continues ..... 


Warning !:  Ancillary-suffix file #2: '/scr7/S19.2.0/dlcaldata/irac/fb1502_SUB_2s_2sf8d1r1_ch2_v2.0.0_dark_cmask.fits'  could NOT be identified on cache.
Processing continues ..... 


Warning !:  Ancillary file #1  with full suffix filename  '/sos/archive/fallbacks/IRAC005300/lincal_b2_sa_011410_cmask.fits'  NOT in archive/sandbox !!.
Proceed to the next suffix fileprocessing .....

Warning !:  Ancillary-suffix file #1: '/scr7/S19.2.0/dlcaldata/irac/fb1579_lincal_b2_sa_011410_cmask.fits'  could NOT be identified on cache.
Processing continues ..... 

  Printing Log output to stdout...


Program CALTRANS, Version 4.0
Command-Line Namelist Filename  = cdf/pn107.nl
Command-Line Namelist Section = CALTRANSsciSUB
CalTrans Execution Mode  = 2
CalID = 7
Input Calibration Type list = pmask;labdark;skydark;lincal;sky_flat;fluxconv;muxbleed_lut;muxbleed_coeff
Input Calibration Rule list = 0;0;300;0;0;0;0;0
Input Generic Outfname list = pmask.fits;labdark.fits;skydark.fits;lincal.fits;skyflat.fits;fluxconv;muxbleed_lut;muxbleed_coeff
Science DCE Filename = tranhead.fits
CAL Destination Path = cal
Processing time: 0.420000 seconds
Current date/time: Sat Jan  9 14:57:10 2016
Program CALTRANS, version 4.0, terminated with status = 16

CalTrans exits with status = 16



caltrans   exit_value =  16    execution_time = 0.520s
******************************************************************
Pipeline executing insbposdom
insbposdom -i tranhead.fits -o insbposdom.fits 
******************************************************************
Pipeline Module INSBPOSDOM Version 1.1
Processing time Sat Jan  9 14:57:10 2016

Sat Jan  9 14:57:10 2016
Time = 0.030 seconds
exit code 0

insbposdom   exit_value =   0    execution_time = 0.070s
******************************************************************
Pipeline executing cvti2r4
cvti2r4 -i insbposdom.fits -a 0.5625 -b 0 -d cal/dmask_for_raw.fits -o cvti2r4.fits -m row 
******************************************************************
 SIRTF I*2-to-R*4 Data Cube Conversion program vsn 1.31 A61025
 Input file:  insbposdom.fits
 Using offset =    0.562500
 Using BLANK-fill value:   0
 Output file: cvti2r4.fits
 Missing-data pattern specified as rows

cvti2r4   exit_value =   0    execution_time = 0.270s
Image has barrel shift = 3
Computed truncation correction 0.5*(1-2^-ABARREL) = 0.5625
******************************************************************
Pipeline executing hdrupd8
hdrupd8 cvti2r4.fits -a cdf/hdrupd8_cubify.dat -d cdf/hdrupd8_planify.dat 
******************************************************************
 hdrupd8 vsn 1.6  A70821
 WARNING: keyword to be deleted not found: NAXIS3  

hdrupd8   exit_value =   0    execution_time = 0.250s
******************************************************************
Pipeline executing hdrupd8
hdrupd8 dmask.fits -a cdf/hdrupd8_cubify.dat -d cdf/hdrupd8_planify.dat 
******************************************************************
 hdrupd8 vsn 1.6  A70821
 WARNING: keyword to be deleted not found: NAXIS3  

hdrupd8   exit_value =   0    execution_time = 0.260s
******************************************************************
Pipeline executing iracwrapdet1
iracwrapdet1 -i cvti2r4.fits -n cdf/pn107.nl -p cal/pmask.fits -d dmask.fits -w wmask.fits -v 
******************************************************************
Pipeline Module IRACWRAPDET1 Version 1.4
Processing time Sat Jan  9 14:57:13 2016
iracwrapdet1_parse_args: Namelist File = 	cdf/pn107.nl
iracwrapdet1_parse_args: Pmask File = 	cal/pmask.fits
iracwrapdet1_parse_args: Dmask File = 	dmask.fits
iracwrapdet1_parse_args: Wmask File = 	wmask.fits
iracwrapdet1_parse_args: Input File = 	cvti2r4.fits
iracwrapdet1_parse_args: I_Verbose = 			1
chn 2 framtim 2.000000
iracwrapdet1_read_data: Data read from file:
cvti2r4.fits
iracwrapdet1_read_data: I_NX = 32
iracwrapdet1_read_data: I_NY = 32
iracwrapdet1_read_data: I_NZ = 64
iracwrapdet1_parse_namelist: Namelist File = 	cdf/pn107.nl
Coeff used: 55000.000000 55000.000000 55000.000000 55000.000000
iracwrapdet1_compute_results: Numerical Computations finished
Sat Jan  9 14:57:13 2016
iracwrapdet1_output: Results written to file(s).
Time = 0.020 seconds
iracwrapdet1_error_handler: Error Handler finished.
iracwrapdet1_exit: Memory Deallocated.
exit code 0

iracwrapdet1   exit_value =   0    execution_time = 0.060s
******************************************************************
Pipeline executing iracwrapdet2
iracwrapdet2 -i cvti2r4.fits -n cdf/pn107.nl -p cal/pmask.fits -d dmask.fits -w wmask.fits -a /sos/sw/S19.2.0/STUDIO/downlink/include 
******************************************************************

Program iracwrapdet2, Version 1.4
Namelist File  = cdf/pn107.nl
FITS Input Image = cvti2r4.fits
Pmask File = cal/pmask.fits
Dmask File = dmask.fits
Wmask File = mask.fits
M-Level       chan1     chan2     chan3     chan4
            55000.0   55000.0   55000.0   55000.0
Tolerance     chan1     chan2     chan3     chan4
             1200.0    1200.0    1200.0    1200.0
Pmask Maximum = 65535
Dmask Maximum = 65535
Ancillary Data-File Path = /sos/sw/S19.2.0/STUDIO/downlink/include
Verbose flag = 0
Super-verbose flag = 0
Debug flag = 0
iracwrapdet2 Status Message      0x0000
Normal exit from Function 0x0000: LOG_WRITER
Processing time: 0.120000 seconds
Current date/time: Sat Jan  9 14:57:14 2016
Program iracwrapdet2, version 1.4, terminated


iracwrapdet2   exit_value =   0    execution_time = 0.160s
******************************************************************
Pipeline executing iracwrapcorr
iracwrapcorr -i cvti2r4.fits -p cal/pmask.fits -d dmask.fits -w wmask.fits -o iracwrapcorr.fits 
******************************************************************
Pipeline Module IRACWRAPCORR Version 1.3
Processing time Sat Jan  9 14:57:14 2016
iracwrapcorr_parse_namelist: Information only: Namelist not specified.
Sat Jan  9 14:57:14 2016
Time = 0.040 seconds
exit code 0

iracwrapcorr   exit_value =   0    execution_time = 0.080s
******************************************************************
Pipeline executing iracnorm
iracnorm -i iracwrapcorr.fits -p cal/pmask.fits -d dmask.fits -o iracnorm.fits 
******************************************************************
Pipeline Module IRACWNORM Version 1.10
Processing time Sat Jan  9 14:57:14 2016

Sat Jan  9 14:57:14 2016
Time = 0.040 seconds
exit code 0

iracnorm   exit_value =   0    execution_time = 0.080s
******************************************************************
Pipeline executing iracebwc
iracebwc -i iracnorm.fits -n cdf/pn107.nl -p cal/pmask.fits -d dmask.fits -o iracebwc.fits 
******************************************************************
Pipeline Module IRACEBWC Version 1.2
Processing time Sat Jan  9 14:57:14 2016

Sat Jan  9 14:57:14 2016
Time = 0.040 seconds
exit code 0

iracebwc   exit_value =   0    execution_time = 0.080s
HDR mode   =  f
AOR Template Time     =  2
DCE Frame Time    =  2.00
EXTRpt     =  233
Frame NOBF =  0
From sub determine_delays:
   aottime = 2
   aordelay = 222.190359962807
   stellarmode = f
   expid=81
imdly = 1.36536003433227
frmdly = 1.36536003433227

Immed  Delay = 1.36536003433227
Frame  Delay = 1.36536003433227

 hdrupd8 vsn 1.6  A70821
 hdrupd8 vsn 1.6  A70821
 hdrupd8 vsn 1.6  A70821
 hdrupd8 vsn 1.6  A70821
 hdrupd8 vsn 1.6  A70821
 hdrupd8 vsn 1.6  A70821
 hdrupd8 vsn 1.6  A70821
******************************************************************
Pipeline executing darksubng
darksubng -i iracebwc.fits -a /sos/sw/S19.2.0/STUDIO/downlink/include -p cal/pmask.fits -d dmask.fits -o labdarksub.fits -cc cal/labdark.fits -v 
******************************************************************
/sos/sw/S19.2.0/STUDIO/downlink/bin/darksubng: namelist not given
/sos/sw/S19.2.0/STUDIO/downlink/bin/darksubng: input uncertainty image not given
/sos/sw/S19.2.0/STUDIO/downlink/bin/darksubng: output uncertainty image not given
/sos/sw/S19.2.0/STUDIO/downlink/bin/darksubng: WARNING no uncertainty calculations will be performed
/sos/sw/S19.2.0/STUDIO/downlink/bin/darksubng: Namelist               = []
/sos/sw/S19.2.0/STUDIO/downlink/bin/darksubng: Input image            = [iracebwc.fits]
/sos/sw/S19.2.0/STUDIO/downlink/bin/darksubng: Input uncertainty      = []
/sos/sw/S19.2.0/STUDIO/downlink/bin/darksubng: Output image           = [!labdarksub.fits]
/sos/sw/S19.2.0/STUDIO/downlink/bin/darksubng: Output uncertainty     = []
/sos/sw/S19.2.0/STUDIO/downlink/bin/darksubng: Dark                   = [cal/labdark.fits]
/sos/sw/S19.2.0/STUDIO/downlink/bin/darksubng: Pmask file             = [cal/pmask.fits]
/sos/sw/S19.2.0/STUDIO/downlink/bin/darksubng: Pmask fatality bitmask = [65536]
/sos/sw/S19.2.0/STUDIO/downlink/bin/darksubng: Dmask file             = [dmask.fits]
/sos/sw/S19.2.0/STUDIO/downlink/bin/darksubng: Dmask fatality bitmask = [65536]
/sos/sw/S19.2.0/STUDIO/downlink/bin/darksubng: Cmask file             = []
/sos/sw/S19.2.0/STUDIO/downlink/bin/darksubng: Cmask fatality bitmask = [65536]
/sos/sw/S19.2.0/STUDIO/downlink/bin/darksubng: Logfile                = []
/sos/sw/S19.2.0/STUDIO/downlink/bin/darksubng: Ancillary Path         = [/sos/sw/S19.2.0/STUDIO/downlink/include]
/sos/sw/S19.2.0/STUDIO/downlink/bin/darksubng: Uncertainty calculations will not be made
/sos/sw/S19.2.0/STUDIO/downlink/bin/darksubng: WARNING cal/labdark.fits has no BUNIT key
/sos/sw/S19.2.0/STUDIO/downlink/bin/darksubng: WARNING assuming cal/labdark.fits is in DN
/sos/sw/S19.2.0/STUDIO/downlink/bin/darksubng: WARNING cal/labdark.fits has no EXPTIME key
/sos/sw/S19.2.0/STUDIO/downlink/bin/darksubng: WARNING cal/labdark.fits has no GAIN keywords
/sos/sw/S19.2.0/STUDIO/downlink/bin/darksubng: compute - performing any unit conversions
/sos/sw/S19.2.0/STUDIO/downlink/bin/darksubng: compute - starting subtraction with masking 
/sos/sw/S19.2.0/STUDIO/downlink/bin/darksubng: Processing successful; Exiting

darksubng   exit_value =   0    execution_time = 0.130s
READ Noise !! =  9.4
******************************************************************
Pipeline executing snestimator
snestimator -i labdarksub.fits -n cdf/pn107.nl -a /sos/sw/S19.2.0/STUDIO/downlink/include -p cal/pmask.fits -d dmask.fits -on sig_snestimator.fits -g 3.71 -r 9.4 
******************************************************************
verbose 0

Program SNESTIMATOR, Version 1.5
Namelist File  = cdf/pn107.nl
Input FITS Image = labdarksub.fits
Noise Image = sig_snestimator.fits
Denominator type = IRAC_MODEL
Edge Pixels Excluded = 0
Gain Channel 1 = 3.710000 Channel 2 = 3.710000 Channel 3 = 3.710000 Channel 4 = 3.710000
Read Noise = 9.400000
Confusion Sigma = 0.000000
Ancillary Data-File Path = /sos/sw/S19.2.0/STUDIO/downlink/include
Verbose flag = 0
Super-verbose flag = 0
Debug flag = 0
snestimator Status Message      0x0000
Normal exit from Function 0x0000: LOG_WRITER
Processing time: 0.100000 seconds
Current date/time: Sat Jan  9 14:57:24 2016
Program SNESTIMATOR, version 1.5, terminated


snestimator   exit_value =   0    execution_time = 0.160s
******************************************************************
Pipeline executing darksubng
darksubng -i iracebwc.fits -iu sig_snestimator.fits -a /sos/sw/S19.2.0/STUDIO/downlink/include -p cal/pmask.fits -d dmask.fits -o labdarksub.fits -ou sig_labdarksub.fits -cc cal/labdark.fits -v 
******************************************************************
/sos/sw/S19.2.0/STUDIO/downlink/bin/darksubng: namelist not given
/sos/sw/S19.2.0/STUDIO/downlink/bin/darksubng: Namelist               = []
/sos/sw/S19.2.0/STUDIO/downlink/bin/darksubng: Input image            = [iracebwc.fits]
/sos/sw/S19.2.0/STUDIO/downlink/bin/darksubng: Input uncertainty      = [sig_snestimator.fits]
/sos/sw/S19.2.0/STUDIO/downlink/bin/darksubng: Output image           = [!labdarksub.fits]
/sos/sw/S19.2.0/STUDIO/downlink/bin/darksubng: Output uncertainty     = [!sig_labdarksub.fits]
/sos/sw/S19.2.0/STUDIO/downlink/bin/darksubng: Dark                   = [cal/labdark.fits]
/sos/sw/S19.2.0/STUDIO/downlink/bin/darksubng: Pmask file             = [cal/pmask.fits]
/sos/sw/S19.2.0/STUDIO/downlink/bin/darksubng: Pmask fatality bitmask = [65536]
/sos/sw/S19.2.0/STUDIO/downlink/bin/darksubng: Dmask file             = [dmask.fits]
/sos/sw/S19.2.0/STUDIO/downlink/bin/darksubng: Dmask fatality bitmask = [65536]
/sos/sw/S19.2.0/STUDIO/downlink/bin/darksubng: Cmask file             = []
/sos/sw/S19.2.0/STUDIO/downlink/bin/darksubng: Cmask fatality bitmask = [65536]
/sos/sw/S19.2.0/STUDIO/downlink/bin/darksubng: Logfile                = []
/sos/sw/S19.2.0/STUDIO/downlink/bin/darksubng: Ancillary Path         = [/sos/sw/S19.2.0/STUDIO/downlink/include]
/sos/sw/S19.2.0/STUDIO/downlink/bin/darksubng: Uncertainty calculations will be made
/sos/sw/S19.2.0/STUDIO/downlink/bin/darksubng: WARNING cal/labdark.fits has no BUNIT key
/sos/sw/S19.2.0/STUDIO/downlink/bin/darksubng: WARNING assuming cal/labdark.fits is in DN
/sos/sw/S19.2.0/STUDIO/downlink/bin/darksubng: WARNING cal/labdark.fits has no EXPTIME key
/sos/sw/S19.2.0/STUDIO/downlink/bin/darksubng: WARNING cal/labdark.fits has no GAIN keywords
/sos/sw/S19.2.0/STUDIO/downlink/bin/darksubng: compute - performing any unit conversions
/sos/sw/S19.2.0/STUDIO/downlink/bin/darksubng: compute - starting subtraction with masking 
/sos/sw/S19.2.0/STUDIO/downlink/bin/darksubng: Processing successful; Exiting

darksubng   exit_value =   0    execution_time = 0.180s
******************************************************************
Pipeline executing fowlinearize
fowlinearize -i1 labdarksub.fits -i3 sig_labdarksub.fits -n cdf/pn107.nl -a /sos/sw/S19.2.0/STUDIO/downlink/include -ip cal/pmask.fits -i2 cal/lincal.fits -id dmask.fits -o1 fowlinearize.fits -o2 sig_fowlinearize.fits -c 10 
******************************************************************

Program FOWLINEARIZE, Version 4.9
Namelist File  = cdf/pn107.nl
Input File 1 = labdarksub.fits
Input File 2 = cal/lincal.fits
Input File 3 = sig_labdarksub.fits
Model_Flag(1=quad. 2=cubic) = 1
Clock_Readout(10=sub-array, 200=full-array) = 10.000000
Input PMask Image = cal/pmask.fits
Unusable PMask Bits = 16384
Input DMask Image = dmask.fits
Unusable DMask Bits = 8192
Not-linearized DMask Bit = 4096
Not-linearized DMask Bit due to lincal-model saturation = 8192
Output File 1 = fowlinearize.fits
Output File 2 = sig_fowlinearize.fits
Ancillary Data-File Path = /sos/sw/S19.2.0/STUDIO/downlink/include
Verbose flag = 0
Super-verbose flag = 0
Debug flag = 0
Performed linearity correction.
Program fowlinearize: Status Message: 0x0000
Normal exit from Function 0x0000: LOG_WRITER
Processing time: 0.290000 seconds
Current date/time: Sat Jan  9 14:57:25 2016
Program FOWLINEARIZE, version 4.9, terminated.

fowlinearize   exit_value =   0    execution_time = 0.380s
Read Noise =  9.4
 hdrupd8 vsn 1.6  A70821
******************************************************************
Pipeline executing bgmodel
bgmodel -i fowlinearize.fits -n cdf/pn107.nl -h 
******************************************************************

Online Namelist file descriptor associated
Online namelist buffer loaded: length = 7422
bgmodel_log_writer: Printing Log output to stdout
bgmodel  Version 1.0
Namelist File  = cdf/pn107.nl
Input Image = fowlinearize.fits
Ephemeris = /scr7/S19.2.0/cdf/spice/sirtf.bsp
LeapSec Kernel = /scr7/S19.2.0/cdf/spice/leapseconds.ker
SPK Kernel = /scr7/S19.2.0/cdf/spice/de.bsp

bgmodel  Status Message      0x0000: No error.
Time = 0.090 seconds

Background exits with status = 0


bgmodel   exit_value =   0    execution_time = 0.130s
******************************************************************
Pipeline executing hdrupd8
hdrupd8 fowlinearize.fits -a addkeys.dat 
******************************************************************
 hdrupd8 vsn 1.6  A70821

hdrupd8   exit_value =   0    execution_time = 0.310s
SkyDk Med DN      = 16.56367 
Exposure time     = 1.92
SkyDk Med DN rate = 8.62691145833333
Flux Conv         = 0.1447 
SkyDk Med Flux    = 1.24831408802083
Image File = fowlinearize.fits 

 hdrupd8 vsn 1.6  A70821
 hdrupd8 vsn 1.6  A70821
 hdrupd8 vsn 1.6  A70821
 hdrupd8 vsn 1.6  A70821
 hdrupd8 vsn 1.6  A70821
******************************************************************
Pipeline executing darksubng
darksubng -i fowlinearize.fits -iu sig_fowlinearize.fits -a /sos/sw/S19.2.0/STUDIO/downlink/include -p cal/pmask.fits -d dmask.fits -o skydarksub.fits -ou sig_skydarksub.fits -cc cal/skydark.fits -v -c cal/skydark_cmask.fits 
******************************************************************
/sos/sw/S19.2.0/STUDIO/downlink/bin/darksubng: namelist not given
/sos/sw/S19.2.0/STUDIO/downlink/bin/darksubng: Namelist               = []
/sos/sw/S19.2.0/STUDIO/downlink/bin/darksubng: Input image            = [fowlinearize.fits]
/sos/sw/S19.2.0/STUDIO/downlink/bin/darksubng: Input uncertainty      = [sig_fowlinearize.fits]
/sos/sw/S19.2.0/STUDIO/downlink/bin/darksubng: Output image           = [!skydarksub.fits]
/sos/sw/S19.2.0/STUDIO/downlink/bin/darksubng: Output uncertainty     = [!sig_skydarksub.fits]
/sos/sw/S19.2.0/STUDIO/downlink/bin/darksubng: Dark                   = [cal/skydark.fits]
/sos/sw/S19.2.0/STUDIO/downlink/bin/darksubng: Pmask file             = [cal/pmask.fits]
/sos/sw/S19.2.0/STUDIO/downlink/bin/darksubng: Pmask fatality bitmask = [65536]
/sos/sw/S19.2.0/STUDIO/downlink/bin/darksubng: Dmask file             = [dmask.fits]
/sos/sw/S19.2.0/STUDIO/downlink/bin/darksubng: Dmask fatality bitmask = [65536]
/sos/sw/S19.2.0/STUDIO/downlink/bin/darksubng: Cmask file             = [cal/skydark_cmask.fits]
/sos/sw/S19.2.0/STUDIO/downlink/bin/darksubng: Cmask fatality bitmask = [65536]
/sos/sw/S19.2.0/STUDIO/downlink/bin/darksubng: Logfile                = []
/sos/sw/S19.2.0/STUDIO/downlink/bin/darksubng: Ancillary Path         = [/sos/sw/S19.2.0/STUDIO/downlink/include]
/sos/sw/S19.2.0/STUDIO/downlink/bin/darksubng: Uncertainty calculations will be made
/sos/sw/S19.2.0/STUDIO/downlink/bin/darksubng: compute - performing any unit conversions
/sos/sw/S19.2.0/STUDIO/downlink/bin/darksubng: compute - starting subtraction with masking 
/sos/sw/S19.2.0/STUDIO/downlink/bin/darksubng: Processing successful; Exiting

darksubng   exit_value =   0    execution_time = 0.180s
******************************************************************
Pipeline executing darkdrift
darkdrift -i skydarksub.fits -iu sig_skydarksub.fits -n cdf/pn107.nl -a /sos/sw/S19.2.0/STUDIO/downlink/include -o1 darkdrift.fits -o2 darkdriftcorr.fits -o3 darkdrift.tbl -ou sig_darkdrift.fits 
******************************************************************
Program darkdrift, Version 4.1
Namelist File  = cdf/pn107.nl
Input Image = skydarksub.fits
Input Uncertainty Image = sig_skydarksub.fits
Output Image 1 (corrected image) = darkdrift.fits
Output Image 2 (corrections) = darkdriftcorr.fits
Output Image 3 (uncertainties) = sig_darkdrift.fits
Output File 3 = darkdrift.tbl
Central fraction for trimmed average  = 0.900000
Central fraction for trimmed std. dev. = 0.900000
Time_Input = 0.250000
Time_Before = 0.000000
Time_After = 1.000000
Temp_Input = 270.000000
Temp_Before = 280.000000
Temp_After = 260.000000
Calculation Type = 1
Input-Image Transpose Flag = 1
Multiplicative-Correction Flag (Additive if zero) = 0
Readout Channel to exclude (none if zero) = 0
Data-Plane Flag = 1
Ancillary Data-File Path = /sos/sw/S19.2.0/STUDIO/downlink/include
Verbose flag = 0
Super-verbose flag = 0
Debug flag = 0
Dark-current offsets estimated from input image.

Detailed darkdrift calculational results:
...for data plane = 1
Darkdrift correction for readout-channel 1 = -0.219256
Darkdrift correction for readout-channel 2 = -0.247387
Darkdrift correction for readout-channel 3 = -0.211741
Darkdrift correction for readout-channel 4 = 0.678384
Darkdrift uncertainty for readout-channel 1 = 0.301460
Darkdrift uncertainty for readout-channel 2 = 0.301363
Darkdrift uncertainty for readout-channel 3 = 0.301437
Darkdrift uncertainty for readout-channel 4 = 0.301583
Trimmed average of values in readout-channel 1 = 7.304744
Trimmed average of values in readout-channel 2 = 7.276612
Trimmed average of values in readout-channel 3 = 7.312259
Trimmed average of values in readout-channel 4 = 8.202384
Darkdrift background term = 7.524000
...for data plane = 2
Darkdrift correction for readout-channel 1 = 0.079270
Darkdrift correction for readout-channel 2 = -0.311409
Darkdrift correction for readout-channel 3 = 0.000811
Darkdrift correction for readout-channel 4 = 0.231328
Darkdrift uncertainty for readout-channel 1 = 0.304897
Darkdrift uncertainty for readout-channel 2 = 0.302994
Darkdrift uncertainty for readout-channel 3 = 0.303466
Darkdrift uncertainty for readout-channel 4 = 0.302988
Trimmed average of values in readout-channel 1 = 5.071244
Trimmed average of values in readout-channel 2 = 4.680566
Trimmed average of values in readout-channel 3 = 4.992786
Trimmed average of values in readout-channel 4 = 5.223303
Darkdrift background term = 4.991975
...for data plane = 3
Darkdrift correction for readout-channel 1 = -0.142262
Darkdrift correction for readout-channel 2 = 0.101164
Darkdrift correction for readout-channel 3 = -0.298165
Darkdrift correction for readout-channel 4 = 0.339263
Darkdrift uncertainty for readout-channel 1 = 0.302974
Darkdrift uncertainty for readout-channel 2 = 0.304893
Darkdrift uncertainty for readout-channel 3 = 0.302905
Darkdrift uncertainty for readout-channel 4 = 0.303011
Trimmed average of values in readout-channel 1 = 4.742124
Trimmed average of values in readout-channel 2 = 4.985550
Trimmed average of values in readout-channel 3 = 4.586221
Trimmed average of values in readout-channel 4 = 5.223649
Darkdrift background term = 4.884386
...for data plane = 4
Darkdrift correction for readout-channel 1 = -0.082486
Darkdrift correction for readout-channel 2 = 0.256560
Darkdrift correction for readout-channel 3 = -0.150851
Darkdrift correction for readout-channel 4 = -0.023223
Darkdrift uncertainty for readout-channel 1 = 0.303874
Darkdrift uncertainty for readout-channel 2 = 0.303245
Darkdrift uncertainty for readout-channel 3 = 0.302895
Darkdrift uncertainty for readout-channel 4 = 0.303311
Trimmed average of values in readout-channel 1 = 5.174090
Trimmed average of values in readout-channel 2 = 5.513136
Trimmed average of values in readout-channel 3 = 5.105724
Trimmed average of values in readout-channel 4 = 5.233352
Darkdrift background term = 5.256575
...for data plane = 5
Darkdrift correction for readout-channel 1 = -0.197779
Darkdrift correction for readout-channel 2 = -0.408598
Darkdrift correction for readout-channel 3 = 0.426542
Darkdrift correction for readout-channel 4 = 0.179835
Darkdrift uncertainty for readout-channel 1 = 0.302973
Darkdrift uncertainty for readout-channel 2 = 0.302971
Darkdrift uncertainty for readout-channel 3 = 0.303601
Darkdrift uncertainty for readout-channel 4 = 0.302989
Trimmed average of values in readout-channel 1 = 5.285734
Trimmed average of values in readout-channel 2 = 5.074914
Trimmed average of values in readout-channel 3 = 5.910055
Trimmed average of values in readout-channel 4 = 5.663347
Darkdrift background term = 5.483513
...for data plane = 6
Darkdrift correction for readout-channel 1 = -0.261219
Darkdrift correction for readout-channel 2 = -0.013168
Darkdrift correction for readout-channel 3 = 0.204740
Darkdrift correction for readout-channel 4 = 0.069646
Darkdrift uncertainty for readout-channel 1 = 0.378066
Darkdrift uncertainty for readout-channel 2 = 0.305723
Darkdrift uncertainty for readout-channel 3 = 0.300561
Darkdrift uncertainty for readout-channel 4 = 0.305757
Trimmed average of values in readout-channel 1 = 5.445483
Trimmed average of values in readout-channel 2 = 5.693534
Trimmed average of values in readout-channel 3 = 5.911442
Trimmed average of values in readout-channel 4 = 5.776348
Darkdrift background term = 5.706702
...for data plane = 7
Darkdrift correction for readout-channel 1 = -0.027307
Darkdrift correction for readout-channel 2 = 0.036311
Darkdrift correction for readout-channel 3 = 0.202340
Darkdrift correction for readout-channel 4 = -0.211344
Darkdrift uncertainty for readout-channel 1 = 0.303353
Darkdrift uncertainty for readout-channel 2 = 0.303802
Darkdrift uncertainty for readout-channel 3 = 0.302975
Darkdrift uncertainty for readout-channel 4 = 0.303553
Trimmed average of values in readout-channel 1 = 5.577643
Trimmed average of values in readout-channel 2 = 5.641261
Trimmed average of values in readout-channel 3 = 5.807291
Trimmed average of values in readout-channel 4 = 5.393606
Darkdrift background term = 5.604950
...for data plane = 8
Darkdrift correction for readout-channel 1 = -0.331965
Darkdrift correction for readout-channel 2 = -0.048536
Darkdrift correction for readout-channel 3 = -0.073741
Darkdrift correction for readout-channel 4 = 0.454242
Darkdrift uncertainty for readout-channel 1 = 0.302323
Darkdrift uncertainty for readout-channel 2 = 0.302975
Darkdrift uncertainty for readout-channel 3 = 0.303009
Darkdrift uncertainty for readout-channel 4 = 0.302973
Trimmed average of values in readout-channel 1 = 5.272874
Trimmed average of values in readout-channel 2 = 5.556303
Trimmed average of values in readout-channel 3 = 5.531098
Trimmed average of values in readout-channel 4 = 6.059081
Darkdrift background term = 5.604839
...for data plane = 9
Darkdrift correction for readout-channel 1 = -0.313834
Darkdrift correction for readout-channel 2 = -0.330320
Darkdrift correction for readout-channel 3 = 0.551085
Darkdrift correction for readout-channel 4 = 0.093069
Darkdrift uncertainty for readout-channel 1 = 0.303117
Darkdrift uncertainty for readout-channel 2 = 0.302705
Darkdrift uncertainty for readout-channel 3 = 0.303621
Darkdrift uncertainty for readout-channel 4 = 0.302985
Trimmed average of values in readout-channel 1 = 5.210335
Trimmed average of values in readout-channel 2 = 5.193849
Trimmed average of values in readout-channel 3 = 6.075254
Trimmed average of values in readout-channel 4 = 5.617237
Darkdrift background term = 5.524169
...for data plane = 10
Darkdrift correction for readout-channel 1 = -0.241406
Darkdrift correction for readout-channel 2 = -0.292694
Darkdrift correction for readout-channel 3 = 0.130521
Darkdrift correction for readout-channel 4 = 0.403579
Darkdrift uncertainty for readout-channel 1 = 0.302974
Darkdrift uncertainty for readout-channel 2 = 0.302690
Darkdrift uncertainty for readout-channel 3 = 0.302896
Darkdrift uncertainty for readout-channel 4 = 0.303319
Trimmed average of values in readout-channel 1 = 5.405129
Trimmed average of values in readout-channel 2 = 5.353840
Trimmed average of values in readout-channel 3 = 5.777056
Trimmed average of values in readout-channel 4 = 6.050113
Darkdrift background term = 5.646535
...for data plane = 11
Darkdrift correction for readout-channel 1 = -0.002578
Darkdrift correction for readout-channel 2 = 0.044090
Darkdrift correction for readout-channel 3 = 0.175046
Darkdrift correction for readout-channel 4 = -0.216559
Darkdrift uncertainty for readout-channel 1 = 0.302959
Darkdrift uncertainty for readout-channel 2 = 0.301326
Darkdrift uncertainty for readout-channel 3 = 0.302977
Darkdrift uncertainty for readout-channel 4 = 0.303131
Trimmed average of values in readout-channel 1 = 5.862167
Trimmed average of values in readout-channel 2 = 5.908835
Trimmed average of values in readout-channel 3 = 6.039791
Trimmed average of values in readout-channel 4 = 5.648186
Darkdrift background term = 5.864745
...for data plane = 12
Darkdrift correction for readout-channel 1 = 0.248929
Darkdrift correction for readout-channel 2 = -0.582928
Darkdrift correction for readout-channel 3 = -0.279142
Darkdrift correction for readout-channel 4 = 0.613141
Darkdrift uncertainty for readout-channel 1 = 0.302999
Darkdrift uncertainty for readout-channel 2 = 0.302141
Darkdrift uncertainty for readout-channel 3 = 0.303015
Darkdrift uncertainty for readout-channel 4 = 0.303017
Trimmed average of values in readout-channel 1 = 5.985336
Trimmed average of values in readout-channel 2 = 5.153479
Trimmed average of values in readout-channel 3 = 5.457265
Trimmed average of values in readout-channel 4 = 6.349548
Darkdrift background term = 5.736407
...for data plane = 13
Darkdrift correction for readout-channel 1 = 0.193191
Darkdrift correction for readout-channel 2 = -0.120745
Darkdrift correction for readout-channel 3 = -0.068734
Darkdrift correction for readout-channel 4 = -0.003711
Darkdrift uncertainty for readout-channel 1 = 0.303103
Darkdrift uncertainty for readout-channel 2 = 0.302973
Darkdrift uncertainty for readout-channel 3 = 0.303044
Darkdrift uncertainty for readout-channel 4 = 0.302975
Trimmed average of values in readout-channel 1 = 5.963084
Trimmed average of values in readout-channel 2 = 5.649147
Trimmed average of values in readout-channel 3 = 5.701158
Trimmed average of values in readout-channel 4 = 5.766181
Darkdrift background term = 5.769892
...for data plane = 14
Darkdrift correction for readout-channel 1 = -0.154578
Darkdrift correction for readout-channel 2 = 0.004373
Darkdrift correction for readout-channel 3 = -0.281608
Darkdrift correction for readout-channel 4 = 0.431812
Darkdrift uncertainty for readout-channel 1 = 0.302963
Darkdrift uncertainty for readout-channel 2 = 0.303512
Darkdrift uncertainty for readout-channel 3 = 0.303527
Darkdrift uncertainty for readout-channel 4 = 0.303029
Trimmed average of values in readout-channel 1 = 5.695700
Trimmed average of values in readout-channel 2 = 5.854651
Trimmed average of values in readout-channel 3 = 5.568669
Trimmed average of values in readout-channel 4 = 6.282090
Darkdrift background term = 5.850278
...for data plane = 15
Darkdrift correction for readout-channel 1 = -0.124496
Darkdrift correction for readout-channel 2 = -0.051921
Darkdrift correction for readout-channel 3 = 0.047229
Darkdrift correction for readout-channel 4 = 0.129187
Darkdrift uncertainty for readout-channel 1 = 0.306226
Darkdrift uncertainty for readout-channel 2 = 0.302997
Darkdrift uncertainty for readout-channel 3 = 0.302982
Darkdrift uncertainty for readout-channel 4 = 0.303992
Trimmed average of values in readout-channel 1 = 5.948829
Trimmed average of values in readout-channel 2 = 6.021404
Trimmed average of values in readout-channel 3 = 6.120554
Trimmed average of values in readout-channel 4 = 6.202512
Darkdrift background term = 6.073325
...for data plane = 16
Darkdrift correction for readout-channel 1 = 0.240345
Darkdrift correction for readout-channel 2 = -0.172231
Darkdrift correction for readout-channel 3 = -0.016548
Darkdrift correction for readout-channel 4 = -0.051567
Darkdrift uncertainty for readout-channel 1 = 0.302991
Darkdrift uncertainty for readout-channel 2 = 0.302969
Darkdrift uncertainty for readout-channel 3 = 0.302261
Darkdrift uncertainty for readout-channel 4 = 0.301286
Trimmed average of values in readout-channel 1 = 6.120782
Trimmed average of values in readout-channel 2 = 5.708207
Trimmed average of values in readout-channel 3 = 5.863890
Trimmed average of values in readout-channel 4 = 5.828871
Darkdrift background term = 5.880437
...for data plane = 17
Darkdrift correction for readout-channel 1 = 0.118522
Darkdrift correction for readout-channel 2 = -0.632329
Darkdrift correction for readout-channel 3 = -0.002859
Darkdrift correction for readout-channel 4 = 0.516666
Darkdrift uncertainty for readout-channel 1 = 0.303915
Darkdrift uncertainty for readout-channel 2 = 0.302694
Darkdrift uncertainty for readout-channel 3 = 0.302909
Darkdrift uncertainty for readout-channel 4 = 0.303068
Trimmed average of values in readout-channel 1 = 5.656627
Trimmed average of values in readout-channel 2 = 4.905776
Trimmed average of values in readout-channel 3 = 5.535245
Trimmed average of values in readout-channel 4 = 6.054771
Darkdrift background term = 5.538105
...for data plane = 18
Darkdrift correction for readout-channel 1 = 0.361570
Darkdrift correction for readout-channel 2 = -0.041427
Darkdrift correction for readout-channel 3 = -0.400891
Darkdrift correction for readout-channel 4 = 0.080748
Darkdrift uncertainty for readout-channel 1 = 0.302732
Darkdrift uncertainty for readout-channel 2 = 0.304359
Darkdrift uncertainty for readout-channel 3 = 0.302978
Darkdrift uncertainty for readout-channel 4 = 0.302978
Trimmed average of values in readout-channel 1 = 6.133060
Trimmed average of values in readout-channel 2 = 5.730064
Trimmed average of values in readout-channel 3 = 5.370599
Trimmed average of values in readout-channel 4 = 5.852239
Darkdrift background term = 5.771491
...for data plane = 19
Darkdrift correction for readout-channel 1 = 0.144964
Darkdrift correction for readout-channel 2 = -0.289865
Darkdrift correction for readout-channel 3 = -0.193503
Darkdrift correction for readout-channel 4 = 0.338404
Darkdrift uncertainty for readout-channel 1 = 0.303355
Darkdrift uncertainty for readout-channel 2 = 0.300768
Darkdrift uncertainty for readout-channel 3 = 0.303223
Darkdrift uncertainty for readout-channel 4 = 0.303217
Trimmed average of values in readout-channel 1 = 6.067804
Trimmed average of values in readout-channel 2 = 5.632974
Trimmed average of values in readout-channel 3 = 5.729336
Trimmed average of values in readout-channel 4 = 6.261243
Darkdrift background term = 5.922839
...for data plane = 20
Darkdrift correction for readout-channel 1 = -0.078633
Darkdrift correction for readout-channel 2 = -0.310377
Darkdrift correction for readout-channel 3 = 0.038654
Darkdrift correction for readout-channel 4 = 0.350357
Darkdrift uncertainty for readout-channel 1 = 0.303254
Darkdrift uncertainty for readout-channel 2 = 0.302431
Darkdrift uncertainty for readout-channel 3 = 0.303292
Darkdrift uncertainty for readout-channel 4 = 0.303040
Trimmed average of values in readout-channel 1 = 5.891180
Trimmed average of values in readout-channel 2 = 5.659435
Trimmed average of values in readout-channel 3 = 6.008466
Trimmed average of values in readout-channel 4 = 6.320170
Darkdrift background term = 5.969813
...for data plane = 21
Darkdrift correction for readout-channel 1 = 0.162880
Darkdrift correction for readout-channel 2 = -0.178522
Darkdrift correction for readout-channel 3 = -0.008174
Darkdrift correction for readout-channel 4 = 0.023817
Darkdrift uncertainty for readout-channel 1 = 0.302966
Darkdrift uncertainty for readout-channel 2 = 0.303529
Darkdrift uncertainty for readout-channel 3 = 0.302985
Darkdrift uncertainty for readout-channel 4 = 0.302885
Trimmed average of values in readout-channel 1 = 5.985870
Trimmed average of values in readout-channel 2 = 5.644469
Trimmed average of values in readout-channel 3 = 5.814817
Trimmed average of values in readout-channel 4 = 5.846808
Darkdrift background term = 5.822991
...for data plane = 22
Darkdrift correction for readout-channel 1 = -0.149838
Darkdrift correction for readout-channel 2 = -0.008253
Darkdrift correction for readout-channel 3 = -0.172463
Darkdrift correction for readout-channel 4 = 0.330554
Darkdrift uncertainty for readout-channel 1 = 0.233600
Darkdrift uncertainty for readout-channel 2 = 0.302973
Darkdrift uncertainty for readout-channel 3 = 0.302978
Darkdrift uncertainty for readout-channel 4 = 0.303387
Trimmed average of values in readout-channel 1 = 5.189596
Trimmed average of values in readout-channel 2 = 5.331181
Trimmed average of values in readout-channel 3 = 5.166971
Trimmed average of values in readout-channel 4 = 5.669988
Darkdrift background term = 5.339434
...for data plane = 23
Darkdrift correction for readout-channel 1 = 0.078041
Darkdrift correction for readout-channel 2 = -0.239819
Darkdrift correction for readout-channel 3 = 0.226381
Darkdrift correction for readout-channel 4 = -0.064603
Darkdrift uncertainty for readout-channel 1 = 0.303348
Darkdrift uncertainty for readout-channel 2 = 0.303252
Darkdrift uncertainty for readout-channel 3 = 0.302973
Darkdrift uncertainty for readout-channel 4 = 0.303727
Trimmed average of values in readout-channel 1 = 6.040993
Trimmed average of values in readout-channel 2 = 5.723133
Trimmed average of values in readout-channel 3 = 6.189333
Trimmed average of values in readout-channel 4 = 5.898349
Darkdrift background term = 5.962952
...for data plane = 24
Darkdrift correction for readout-channel 1 = 0.040878
Darkdrift correction for readout-channel 2 = 0.221768
Darkdrift correction for readout-channel 3 = -0.530586
Darkdrift correction for readout-channel 4 = 0.267940
Darkdrift uncertainty for readout-channel 1 = 0.302975
Darkdrift uncertainty for readout-channel 2 = 0.303245
Darkdrift uncertainty for readout-channel 3 = 0.303061
Darkdrift uncertainty for readout-channel 4 = 0.302966
Trimmed average of values in readout-channel 1 = 5.664862
Trimmed average of values in readout-channel 2 = 5.845753
Trimmed average of values in readout-channel 3 = 5.093399
Trimmed average of values in readout-channel 4 = 5.891925
Darkdrift background term = 5.623985
...for data plane = 25
Darkdrift correction for readout-channel 1 = -0.368103
Darkdrift correction for readout-channel 2 = -0.460784
Darkdrift correction for readout-channel 3 = 0.427696
Darkdrift correction for readout-channel 4 = 0.401191
Darkdrift uncertainty for readout-channel 1 = 0.303601
Darkdrift uncertainty for readout-channel 2 = 0.302967
Darkdrift uncertainty for readout-channel 3 = 0.303311
Darkdrift uncertainty for readout-channel 4 = 0.303308
Trimmed average of values in readout-channel 1 = 5.277486
Trimmed average of values in readout-channel 2 = 5.184806
Trimmed average of values in readout-channel 3 = 6.073285
Trimmed average of values in readout-channel 4 = 6.046781
Darkdrift background term = 5.645589
...for data plane = 26
Darkdrift correction for readout-channel 1 = 0.270020
Darkdrift correction for readout-channel 2 = -0.400060
Darkdrift correction for readout-channel 3 = -0.259365
Darkdrift correction for readout-channel 4 = 0.389404
Darkdrift uncertainty for readout-channel 1 = 0.303236
Darkdrift uncertainty for readout-channel 2 = 0.302969
Darkdrift uncertainty for readout-channel 3 = 0.303223
Darkdrift uncertainty for readout-channel 4 = 0.303058
Trimmed average of values in readout-channel 1 = 5.955186
Trimmed average of values in readout-channel 2 = 5.285105
Trimmed average of values in readout-channel 3 = 5.425801
Trimmed average of values in readout-channel 4 = 6.074570
Darkdrift background term = 5.685165
...for data plane = 27
Darkdrift correction for readout-channel 1 = 0.101369
Darkdrift correction for readout-channel 2 = -0.052922
Darkdrift correction for readout-channel 3 = 0.129991
Darkdrift correction for readout-channel 4 = -0.178438
Darkdrift uncertainty for readout-channel 1 = 0.303751
Darkdrift uncertainty for readout-channel 2 = 0.303250
Darkdrift uncertainty for readout-channel 3 = 0.303204
Darkdrift uncertainty for readout-channel 4 = 0.302983
Trimmed average of values in readout-channel 1 = 5.604063
Trimmed average of values in readout-channel 2 = 5.449773
Trimmed average of values in readout-channel 3 = 5.632685
Trimmed average of values in readout-channel 4 = 5.324256
Darkdrift background term = 5.502694
...for data plane = 28
Darkdrift correction for readout-channel 1 = -0.192782
Darkdrift correction for readout-channel 2 = -0.108662
Darkdrift correction for readout-channel 3 = -0.019287
Darkdrift correction for readout-channel 4 = 0.320731
Darkdrift uncertainty for readout-channel 1 = 0.302223
Darkdrift uncertainty for readout-channel 2 = 0.303802
Darkdrift uncertainty for readout-channel 3 = 0.340831
Darkdrift uncertainty for readout-channel 4 = 0.303208
Trimmed average of values in readout-channel 1 = 5.796794
Trimmed average of values in readout-channel 2 = 5.880914
Trimmed average of values in readout-channel 3 = 5.970289
Trimmed average of values in readout-channel 4 = 6.310308
Darkdrift background term = 5.989576
...for data plane = 29
Darkdrift correction for readout-channel 1 = 0.026776
Darkdrift correction for readout-channel 2 = -0.120770
Darkdrift correction for readout-channel 3 = -0.088491
Darkdrift correction for readout-channel 4 = 0.182484
Darkdrift uncertainty for readout-channel 1 = 0.299856
Darkdrift uncertainty for readout-channel 2 = 0.229988
Darkdrift uncertainty for readout-channel 3 = 0.302962
Darkdrift uncertainty for readout-channel 4 = 0.303063
Trimmed average of values in readout-channel 1 = 5.995206
Trimmed average of values in readout-channel 2 = 5.847660
Trimmed average of values in readout-channel 3 = 5.879939
Trimmed average of values in readout-channel 4 = 6.150915
Darkdrift background term = 5.968430
...for data plane = 30
Darkdrift correction for readout-channel 1 = 0.013879
Darkdrift correction for readout-channel 2 = -0.327499
Darkdrift correction for readout-channel 3 = 0.041362
Darkdrift correction for readout-channel 4 = 0.272258
Darkdrift uncertainty for readout-channel 1 = 0.302832
Darkdrift uncertainty for readout-channel 2 = 0.302988
Darkdrift uncertainty for readout-channel 3 = 0.301276
Darkdrift uncertainty for readout-channel 4 = 0.378545
Trimmed average of values in readout-channel 1 = 5.744541
Trimmed average of values in readout-channel 2 = 5.403164
Trimmed average of values in readout-channel 3 = 5.772025
Trimmed average of values in readout-channel 4 = 6.002921
Darkdrift background term = 5.730663
...for data plane = 31
Darkdrift correction for readout-channel 1 = -0.057846
Darkdrift correction for readout-channel 2 = -0.366171
Darkdrift correction for readout-channel 3 = 0.416392
Darkdrift correction for readout-channel 4 = 0.007624
Darkdrift uncertainty for readout-channel 1 = 0.303872
Darkdrift uncertainty for readout-channel 2 = 0.302971
Darkdrift uncertainty for readout-channel 3 = 0.303551
Darkdrift uncertainty for readout-channel 4 = 0.302126
Trimmed average of values in readout-channel 1 = 5.876737
Trimmed average of values in readout-channel 2 = 5.568413
Trimmed average of values in readout-channel 3 = 6.350975
Trimmed average of values in readout-channel 4 = 5.942208
Darkdrift background term = 5.934583
...for data plane = 32
Darkdrift correction for readout-channel 1 = 0.255951
Darkdrift correction for readout-channel 2 = -0.290633
Darkdrift correction for readout-channel 3 = -0.095818
Darkdrift correction for readout-channel 4 = 0.130499
Darkdrift uncertainty for readout-channel 1 = 0.302979
Darkdrift uncertainty for readout-channel 2 = 0.303536
Darkdrift uncertainty for readout-channel 3 = 0.303000
Darkdrift uncertainty for readout-channel 4 = 0.302961
Trimmed average of values in readout-channel 1 = 5.938364
Trimmed average of values in readout-channel 2 = 5.391780
Trimmed average of values in readout-channel 3 = 5.586595
Trimmed average of values in readout-channel 4 = 5.812912
Darkdrift background term = 5.682413
...for data plane = 33
Darkdrift correction for readout-channel 1 = -0.039355
Darkdrift correction for readout-channel 2 = 0.222096
Darkdrift correction for readout-channel 3 = -0.111307
Darkdrift correction for readout-channel 4 = -0.071434
Darkdrift uncertainty for readout-channel 1 = 0.302846
Darkdrift uncertainty for readout-channel 2 = 0.303238
Darkdrift uncertainty for readout-channel 3 = 0.303054
Darkdrift uncertainty for readout-channel 4 = 0.303236
Trimmed average of values in readout-channel 1 = 5.433017
Trimmed average of values in readout-channel 2 = 5.694469
Trimmed average of values in readout-channel 3 = 5.361065
Trimmed average of values in readout-channel 4 = 5.400938
Darkdrift background term = 5.472372
...for data plane = 34
Darkdrift correction for readout-channel 1 = 0.214633
Darkdrift correction for readout-channel 2 = -0.057793
Darkdrift correction for readout-channel 3 = -0.408174
Darkdrift correction for readout-channel 4 = 0.251334
Darkdrift uncertainty for readout-channel 1 = 0.302980
Darkdrift uncertainty for readout-channel 2 = 0.302420
Darkdrift uncertainty for readout-channel 3 = 0.228358
Darkdrift uncertainty for readout-channel 4 = 0.303063
Trimmed average of values in readout-channel 1 = 5.816488
Trimmed average of values in readout-channel 2 = 5.544062
Trimmed average of values in readout-channel 3 = 5.193681
Trimmed average of values in readout-channel 4 = 5.853189
Darkdrift background term = 5.601855
...for data plane = 35
Darkdrift correction for readout-channel 1 = -0.081977
Darkdrift correction for readout-channel 2 = -0.308024
Darkdrift correction for readout-channel 3 = 0.003401
Darkdrift correction for readout-channel 4 = 0.386601
Darkdrift uncertainty for readout-channel 1 = 0.303103
Darkdrift uncertainty for readout-channel 2 = 0.304367
Darkdrift uncertainty for readout-channel 3 = 0.302893
Darkdrift uncertainty for readout-channel 4 = 0.303311
Trimmed average of values in readout-channel 1 = 5.697486
Trimmed average of values in readout-channel 2 = 5.471439
Trimmed average of values in readout-channel 3 = 5.782864
Trimmed average of values in readout-channel 4 = 6.166064
Darkdrift background term = 5.779463
...for data plane = 36
Darkdrift correction for readout-channel 1 = -0.051255
Darkdrift correction for readout-channel 2 = -0.153644
Darkdrift correction for readout-channel 3 = -0.163166
Darkdrift correction for readout-channel 4 = 0.368064
Darkdrift uncertainty for readout-channel 1 = 0.303489
Darkdrift uncertainty for readout-channel 2 = 0.303801
Darkdrift uncertainty for readout-channel 3 = 0.303066
Darkdrift uncertainty for readout-channel 4 = 0.302457
Trimmed average of values in readout-channel 1 = 5.986818
Trimmed average of values in readout-channel 2 = 5.884429
Trimmed average of values in readout-channel 3 = 5.874906
Trimmed average of values in readout-channel 4 = 6.406137
Darkdrift background term = 6.038073
...for data plane = 37
Darkdrift correction for readout-channel 1 = 0.182483
Darkdrift correction for readout-channel 2 = -0.132352
Darkdrift correction for readout-channel 3 = -0.084835
Darkdrift correction for readout-channel 4 = 0.034703
Darkdrift uncertainty for readout-channel 1 = 0.303043
Darkdrift uncertainty for readout-channel 2 = 0.302698
Darkdrift uncertainty for readout-channel 3 = 0.264799
Darkdrift uncertainty for readout-channel 4 = 0.302627
Trimmed average of values in readout-channel 1 = 5.981165
Trimmed average of values in readout-channel 2 = 5.666330
Trimmed average of values in readout-channel 3 = 5.713848
Trimmed average of values in readout-channel 4 = 5.833385
Darkdrift background term = 5.798682
...for data plane = 38
Darkdrift correction for readout-channel 1 = 0.137078
Darkdrift correction for readout-channel 2 = 0.082994
Darkdrift correction for readout-channel 3 = -0.183396
Darkdrift correction for readout-channel 4 = -0.036676
Darkdrift uncertainty for readout-channel 1 = 0.302865
Darkdrift uncertainty for readout-channel 2 = 0.302975
Darkdrift uncertainty for readout-channel 3 = 0.303236
Darkdrift uncertainty for readout-channel 4 = 0.302971
Trimmed average of values in readout-channel 1 = 5.987510
Trimmed average of values in readout-channel 2 = 5.933426
Trimmed average of values in readout-channel 3 = 5.667035
Trimmed average of values in readout-channel 4 = 5.813755
Darkdrift background term = 5.850432
...for data plane = 39
Darkdrift correction for readout-channel 1 = 0.082712
Darkdrift correction for readout-channel 2 = -0.483109
Darkdrift correction for readout-channel 3 = 0.187481
Darkdrift correction for readout-channel 4 = 0.212915
Darkdrift uncertainty for readout-channel 1 = 0.303106
Darkdrift uncertainty for readout-channel 2 = 0.302968
Darkdrift uncertainty for readout-channel 3 = 0.378197
Darkdrift uncertainty for readout-channel 4 = 0.303457
Trimmed average of values in readout-channel 1 = 5.899360
Trimmed average of values in readout-channel 2 = 5.333539
Trimmed average of values in readout-channel 3 = 6.004129
Trimmed average of values in readout-channel 4 = 6.029563
Darkdrift background term = 5.816648
...for data plane = 40
Darkdrift correction for readout-channel 1 = 0.000659
Darkdrift correction for readout-channel 2 = 0.128076
Darkdrift correction for readout-channel 3 = 0.008765
Darkdrift correction for readout-channel 4 = -0.137500
Darkdrift uncertainty for readout-channel 1 = 0.302985
Darkdrift uncertainty for readout-channel 2 = 0.302974
Darkdrift uncertainty for readout-channel 3 = 0.303214
Darkdrift uncertainty for readout-channel 4 = 0.303245
Trimmed average of values in readout-channel 1 = 5.652002
Trimmed average of values in readout-channel 2 = 5.779418
Trimmed average of values in readout-channel 3 = 5.660107
Trimmed average of values in readout-channel 4 = 5.513843
Darkdrift background term = 5.651342
...for data plane = 41
Darkdrift correction for readout-channel 1 = -0.442134
Darkdrift correction for readout-channel 2 = 0.220423
Darkdrift correction for readout-channel 3 = 0.056055
Darkdrift correction for readout-channel 4 = 0.165656
Darkdrift uncertainty for readout-channel 1 = 0.303487
Darkdrift uncertainty for readout-channel 2 = 0.304067
Darkdrift uncertainty for readout-channel 3 = 0.303039
Darkdrift uncertainty for readout-channel 4 = 0.303553
Trimmed average of values in readout-channel 1 = 5.367727
Trimmed average of values in readout-channel 2 = 6.030285
Trimmed average of values in readout-channel 3 = 5.865917
Trimmed average of values in readout-channel 4 = 5.975517
Darkdrift background term = 5.809861
...for data plane = 42
Darkdrift correction for readout-channel 1 = -0.043720
Darkdrift correction for readout-channel 2 = 0.086508
Darkdrift correction for readout-channel 3 = -0.144547
Darkdrift correction for readout-channel 4 = 0.101759
Darkdrift uncertainty for readout-channel 1 = 0.303123
Darkdrift uncertainty for readout-channel 2 = 0.302984
Darkdrift uncertainty for readout-channel 3 = 0.303290
Darkdrift uncertainty for readout-channel 4 = 0.302984
Trimmed average of values in readout-channel 1 = 5.448931
Trimmed average of values in readout-channel 2 = 5.579159
Trimmed average of values in readout-channel 3 = 5.348104
Trimmed average of values in readout-channel 4 = 5.594410
Darkdrift background term = 5.492651
...for data plane = 43
Darkdrift correction for readout-channel 1 = -0.070388
Darkdrift correction for readout-channel 2 = -0.235450
Darkdrift correction for readout-channel 3 = 0.363791
Darkdrift correction for readout-channel 4 = -0.057953
Darkdrift uncertainty for readout-channel 1 = 0.304146
Darkdrift uncertainty for readout-channel 2 = 0.304341
Darkdrift uncertainty for readout-channel 3 = 0.302973
Darkdrift uncertainty for readout-channel 4 = 0.303005
Trimmed average of values in readout-channel 1 = 5.536652
Trimmed average of values in readout-channel 2 = 5.371590
Trimmed average of values in readout-channel 3 = 5.970831
Trimmed average of values in readout-channel 4 = 5.549087
Darkdrift background term = 5.607040
...for data plane = 44
Darkdrift correction for readout-channel 1 = -0.493523
Darkdrift correction for readout-channel 2 = 0.005993
Darkdrift correction for readout-channel 3 = 0.055450
Darkdrift correction for readout-channel 4 = 0.432080
Darkdrift uncertainty for readout-channel 1 = 0.302971
Darkdrift uncertainty for readout-channel 2 = 0.302703
Darkdrift uncertainty for readout-channel 3 = 0.302993
Darkdrift uncertainty for readout-channel 4 = 0.303148
Trimmed average of values in readout-channel 1 = 4.899178
Trimmed average of values in readout-channel 2 = 5.398694
Trimmed average of values in readout-channel 3 = 5.448152
Trimmed average of values in readout-channel 4 = 5.824781
Darkdrift background term = 5.392701
...for data plane = 45
Darkdrift correction for readout-channel 1 = 0.181193
Darkdrift correction for readout-channel 2 = -0.640258
Darkdrift correction for readout-channel 3 = 0.171956
Darkdrift correction for readout-channel 4 = 0.287109
Darkdrift uncertainty for readout-channel 1 = 0.304012
Darkdrift uncertainty for readout-channel 2 = 0.303817
Darkdrift uncertainty for readout-channel 3 = 0.303131
Darkdrift uncertainty for readout-channel 4 = 0.303311
Trimmed average of values in readout-channel 1 = 5.966128
Trimmed average of values in readout-channel 2 = 5.144677
Trimmed average of values in readout-channel 3 = 5.956891
Trimmed average of values in readout-channel 4 = 6.072044
Darkdrift background term = 5.784935
...for data plane = 46
Darkdrift correction for readout-channel 1 = -0.066380
Darkdrift correction for readout-channel 2 = -0.462409
Darkdrift correction for readout-channel 3 = 0.464425
Darkdrift correction for readout-channel 4 = 0.064364
Darkdrift uncertainty for readout-channel 1 = 0.302704
Darkdrift uncertainty for readout-channel 2 = 0.304074
Darkdrift uncertainty for readout-channel 3 = 0.303298
Darkdrift uncertainty for readout-channel 4 = 0.303063
Trimmed average of values in readout-channel 1 = 5.707577
Trimmed average of values in readout-channel 2 = 5.311548
Trimmed average of values in readout-channel 3 = 6.238381
Trimmed average of values in readout-channel 4 = 5.838321
Darkdrift background term = 5.773957
...for data plane = 47
Darkdrift correction for readout-channel 1 = 0.329860
Darkdrift correction for readout-channel 2 = 0.069318
Darkdrift correction for readout-channel 3 = -0.388830
Darkdrift correction for readout-channel 4 = -0.010348
Darkdrift uncertainty for readout-channel 1 = 0.303463
Darkdrift uncertainty for readout-channel 2 = 0.302976
Darkdrift uncertainty for readout-channel 3 = 0.378562
Darkdrift uncertainty for readout-channel 4 = 0.303077
Trimmed average of values in readout-channel 1 = 5.998892
Trimmed average of values in readout-channel 2 = 5.738349
Trimmed average of values in readout-channel 3 = 5.280201
Trimmed average of values in readout-channel 4 = 5.658683
Darkdrift background term = 5.669031
...for data plane = 48
Darkdrift correction for readout-channel 1 = -0.198269
Darkdrift correction for readout-channel 2 = -0.488442
Darkdrift correction for readout-channel 3 = 0.018954
Darkdrift correction for readout-channel 4 = 0.667757
Darkdrift uncertainty for readout-channel 1 = 0.303371
Darkdrift uncertainty for readout-channel 2 = 0.302970
Darkdrift uncertainty for readout-channel 3 = 0.302834
Darkdrift uncertainty for readout-channel 4 = 0.302991
Trimmed average of values in readout-channel 1 = 5.604022
Trimmed average of values in readout-channel 2 = 5.313850
Trimmed average of values in readout-channel 3 = 5.821245
Trimmed average of values in readout-channel 4 = 6.470048
Darkdrift background term = 5.802291
...for data plane = 49
Darkdrift correction for readout-channel 1 = 0.077767
Darkdrift correction for readout-channel 2 = -0.118906
Darkdrift correction for readout-channel 3 = 0.207265
Darkdrift correction for readout-channel 4 = -0.166126
Darkdrift uncertainty for readout-channel 1 = 0.303756
Darkdrift uncertainty for readout-channel 2 = 0.302975
Darkdrift uncertainty for readout-channel 3 = 0.376953
Darkdrift uncertainty for readout-channel 4 = 0.303223
Trimmed average of values in readout-channel 1 = 5.725121
Trimmed average of values in readout-channel 2 = 5.528448
Trimmed average of values in readout-channel 3 = 5.854619
Trimmed average of values in readout-channel 4 = 5.481228
Darkdrift background term = 5.647354
...for data plane = 50
Darkdrift correction for readout-channel 1 = -0.092747
Darkdrift correction for readout-channel 2 = -0.126508
Darkdrift correction for readout-channel 3 = 0.115945
Darkdrift correction for readout-channel 4 = 0.103310
Darkdrift uncertainty for readout-channel 1 = 0.303640
Darkdrift uncertainty for readout-channel 2 = 0.377335
Darkdrift uncertainty for readout-channel 3 = 0.302967
Darkdrift uncertainty for readout-channel 4 = 0.303570
Trimmed average of values in readout-channel 1 = 5.692998
Trimmed average of values in readout-channel 2 = 5.659238
Trimmed average of values in readout-channel 3 = 5.901691
Trimmed average of values in readout-channel 4 = 5.889056
Darkdrift background term = 5.785746
...for data plane = 51
Darkdrift correction for readout-channel 1 = -0.160264
Darkdrift correction for readout-channel 2 = -0.096153
Darkdrift correction for readout-channel 3 = 0.247749
Darkdrift correction for readout-channel 4 = 0.008667
Darkdrift uncertainty for readout-channel 1 = 0.305034
Darkdrift uncertainty for readout-channel 2 = 0.302971
Darkdrift uncertainty for readout-channel 3 = 0.341916
Darkdrift uncertainty for readout-channel 4 = 0.302973
Trimmed average of values in readout-channel 1 = 5.409813
Trimmed average of values in readout-channel 2 = 5.473924
Trimmed average of values in readout-channel 3 = 5.817826
Trimmed average of values in readout-channel 4 = 5.578744
Darkdrift background term = 5.570077
...for data plane = 52
Darkdrift correction for readout-channel 1 = 0.115716
Darkdrift correction for readout-channel 2 = -0.300381
Darkdrift correction for readout-channel 3 = -0.010017
Darkdrift correction for readout-channel 4 = 0.194682
Darkdrift uncertainty for readout-channel 1 = 0.302853
Darkdrift uncertainty for readout-channel 2 = 0.302971
Darkdrift uncertainty for readout-channel 3 = 0.303137
Darkdrift uncertainty for readout-channel 4 = 0.302968
Trimmed average of values in readout-channel 1 = 5.645452
Trimmed average of values in readout-channel 2 = 5.229355
Trimmed average of values in readout-channel 3 = 5.519718
Trimmed average of values in readout-channel 4 = 5.724418
Darkdrift background term = 5.529736
...for data plane = 53
Darkdrift correction for readout-channel 1 = -0.028905
Darkdrift correction for readout-channel 2 = -0.467182
Darkdrift correction for readout-channel 3 = 0.014149
Darkdrift correction for readout-channel 4 = 0.481937
Darkdrift uncertainty for readout-channel 1 = 0.302709
Darkdrift uncertainty for readout-channel 2 = 0.303256
Darkdrift uncertainty for readout-channel 3 = 0.302971
Darkdrift uncertainty for readout-channel 4 = 0.303000
Trimmed average of values in readout-channel 1 = 5.687052
Trimmed average of values in readout-channel 2 = 5.248775
Trimmed average of values in readout-channel 3 = 5.730106
Trimmed average of values in readout-channel 4 = 6.197894
Darkdrift background term = 5.715957
...for data plane = 54
Darkdrift correction for readout-channel 1 = 0.574036
Darkdrift correction for readout-channel 2 = -0.260315
Darkdrift correction for readout-channel 3 = -0.035740
Darkdrift correction for readout-channel 4 = -0.277981
Darkdrift uncertainty for readout-channel 1 = 0.302975
Darkdrift uncertainty for readout-channel 2 = 0.301870
Darkdrift uncertainty for readout-channel 3 = 0.303292
Darkdrift uncertainty for readout-channel 4 = 0.303249
Trimmed average of values in readout-channel 1 = 6.281661
Trimmed average of values in readout-channel 2 = 5.447310
Trimmed average of values in readout-channel 3 = 5.671886
Trimmed average of values in readout-channel 4 = 5.429644
Darkdrift background term = 5.707625
...for data plane = 55
Darkdrift correction for readout-channel 1 = 0.045763
Darkdrift correction for readout-channel 2 = -0.214951
Darkdrift correction for readout-channel 3 = 0.021374
Darkdrift correction for readout-channel 4 = 0.147814
Darkdrift uncertainty for readout-channel 1 = 0.303654
Darkdrift uncertainty for readout-channel 2 = 0.302157
Darkdrift uncertainty for readout-channel 3 = 0.303295
Darkdrift uncertainty for readout-channel 4 = 0.303153
Trimmed average of values in readout-channel 1 = 5.943451
Trimmed average of values in readout-channel 2 = 5.682738
Trimmed average of values in readout-channel 3 = 5.919062
Trimmed average of values in readout-channel 4 = 6.045503
Darkdrift background term = 5.897688
...for data plane = 56
Darkdrift correction for readout-channel 1 = -0.124877
Darkdrift correction for readout-channel 2 = -0.003027
Darkdrift correction for readout-channel 3 = 0.033202
Darkdrift correction for readout-channel 4 = 0.094702
Darkdrift uncertainty for readout-channel 1 = 0.303621
Darkdrift uncertainty for readout-channel 2 = 0.303784
Darkdrift uncertainty for readout-channel 3 = 0.377032
Darkdrift uncertainty for readout-channel 4 = 0.302950
Trimmed average of values in readout-channel 1 = 5.375073
Trimmed average of values in readout-channel 2 = 5.496924
Trimmed average of values in readout-channel 3 = 5.533152
Trimmed average of values in readout-channel 4 = 5.594652
Darkdrift background term = 5.499950
...for data plane = 57
Darkdrift correction for readout-channel 1 = 0.634270
Darkdrift correction for readout-channel 2 = -0.361951
Darkdrift correction for readout-channel 3 = -0.372619
Darkdrift correction for readout-channel 4 = 0.100300
Darkdrift uncertainty for readout-channel 1 = 0.302979
Darkdrift uncertainty for readout-channel 2 = 0.302977
Darkdrift uncertainty for readout-channel 3 = 0.302966
Darkdrift uncertainty for readout-channel 4 = 0.303155
Trimmed average of values in readout-channel 1 = 6.136107
Trimmed average of values in readout-channel 2 = 5.139887
Trimmed average of values in readout-channel 3 = 5.129219
Trimmed average of values in readout-channel 4 = 5.602138
Darkdrift background term = 5.501838
...for data plane = 58
Darkdrift correction for readout-channel 1 = 0.349940
Darkdrift correction for readout-channel 2 = -0.344965
Darkdrift correction for readout-channel 3 = 0.130472
Darkdrift correction for readout-channel 4 = -0.135448
Darkdrift uncertainty for readout-channel 1 = 0.303730
Darkdrift uncertainty for readout-channel 2 = 0.303529
Darkdrift uncertainty for readout-channel 3 = 0.302982
Darkdrift uncertainty for readout-channel 4 = 0.302978
Trimmed average of values in readout-channel 1 = 1.292294
Trimmed average of values in readout-channel 2 = 0.597389
Trimmed average of values in readout-channel 3 = 1.072826
Trimmed average of values in readout-channel 4 = 0.806906
Darkdrift background term = 0.942354
...for data plane = 59
Darkdrift correction for readout-channel 1 = -0.026002
Darkdrift correction for readout-channel 2 = -0.514708
Darkdrift correction for readout-channel 3 = 0.209030
Darkdrift correction for readout-channel 4 = 0.331681
Darkdrift uncertainty for readout-channel 1 = 0.302973
Darkdrift uncertainty for readout-channel 2 = 0.305723
Darkdrift uncertainty for readout-channel 3 = 0.302821
Darkdrift uncertainty for readout-channel 4 = 0.376911
Trimmed average of values in readout-channel 1 = 5.483205
Trimmed average of values in readout-channel 2 = 4.994498
Trimmed average of values in readout-channel 3 = 5.718236
Trimmed average of values in readout-channel 4 = 5.840887
Darkdrift background term = 5.509207
...for data plane = 60
Darkdrift correction for readout-channel 1 = 0.205716
Darkdrift correction for readout-channel 2 = -0.216557
Darkdrift correction for readout-channel 3 = -0.170048
Darkdrift correction for readout-channel 4 = 0.180890
Darkdrift uncertainty for readout-channel 1 = 0.302717
Darkdrift uncertainty for readout-channel 2 = 0.302976
Darkdrift uncertainty for readout-channel 3 = 0.302970
Darkdrift uncertainty for readout-channel 4 = 0.303476
Trimmed average of values in readout-channel 1 = 5.677100
Trimmed average of values in readout-channel 2 = 5.254827
Trimmed average of values in readout-channel 3 = 5.301337
Trimmed average of values in readout-channel 4 = 5.652274
Darkdrift background term = 5.471384
...for data plane = 61
Darkdrift correction for readout-channel 1 = 0.209066
Darkdrift correction for readout-channel 2 = -0.363738
Darkdrift correction for readout-channel 3 = -0.055837
Darkdrift correction for readout-channel 4 = 0.210509
Darkdrift uncertainty for readout-channel 1 = 0.303488
Darkdrift uncertainty for readout-channel 2 = 0.302970
Darkdrift uncertainty for readout-channel 3 = 0.303152
Darkdrift uncertainty for readout-channel 4 = 0.302977
Trimmed average of values in readout-channel 1 = 5.812592
Trimmed average of values in readout-channel 2 = 5.239788
Trimmed average of values in readout-channel 3 = 5.547688
Trimmed average of values in readout-channel 4 = 5.814035
Darkdrift background term = 5.603526
...for data plane = 62
Darkdrift correction for readout-channel 1 = 0.276724
Darkdrift correction for readout-channel 2 = -0.173419
Darkdrift correction for readout-channel 3 = -0.369313
Darkdrift correction for readout-channel 4 = 0.266008
Darkdrift uncertainty for readout-channel 1 = 0.302965
Darkdrift uncertainty for readout-channel 2 = 0.302973
Darkdrift uncertainty for readout-channel 3 = 0.303299
Darkdrift uncertainty for readout-channel 4 = 0.303232
Trimmed average of values in readout-channel 1 = 5.674855
Trimmed average of values in readout-channel 2 = 5.224712
Trimmed average of values in readout-channel 3 = 5.028818
Trimmed average of values in readout-channel 4 = 5.664139
Darkdrift background term = 5.398131
...for data plane = 63
Darkdrift correction for readout-channel 1 = 0.085340
Darkdrift correction for readout-channel 2 = -0.085957
Darkdrift correction for readout-channel 3 = -0.223401
Darkdrift correction for readout-channel 4 = 0.224018
Darkdrift uncertainty for readout-channel 1 = 0.303224
Darkdrift uncertainty for readout-channel 2 = 0.302975
Darkdrift uncertainty for readout-channel 3 = 0.303218
Darkdrift uncertainty for readout-channel 4 = 0.378720
Trimmed average of values in readout-channel 1 = 6.062886
Trimmed average of values in readout-channel 2 = 5.891588
Trimmed average of values in readout-channel 3 = 5.754145
Trimmed average of values in readout-channel 4 = 6.201563
Darkdrift background term = 5.977546
...for data plane = 64
Darkdrift correction for readout-channel 1 = 0.185259
Darkdrift correction for readout-channel 2 = -0.010059
Darkdrift correction for readout-channel 3 = 0.175423
Darkdrift correction for readout-channel 4 = -0.350623
Darkdrift uncertainty for readout-channel 1 = 0.302977
Darkdrift uncertainty for readout-channel 2 = 0.302975
Darkdrift uncertainty for readout-channel 3 = 0.302976
Darkdrift uncertainty for readout-channel 4 = 0.302972
Trimmed average of values in readout-channel 1 = 5.882340
Trimmed average of values in readout-channel 2 = 5.687022
Trimmed average of values in readout-channel 3 = 5.872505
Trimmed average of values in readout-channel 4 = 5.346459
Darkdrift background term = 5.697082

Program darkdrift: Status Message: 0x0000
Normal exit from Function 0x0000: LOG_WRITER
darkdrift Warning: NaN's were produced in the results.
A total of     2013   NaN's were produced in the results.
Processing time: 11.780000 seconds
Current date/time: Sat Jan  9 14:57:47 2016
Program darkdrift, version 4.1, terminated.

darkdrift   exit_value =   0    execution_time = 11.870s
******************************************************************
Pipeline executing flatap
flatap -i darkdrift.fits -p cal/pmask.fits -f cal/skyflat.fits -ui sig_darkdrift.fits -uo sig_flatap.fits -d dmask.fits -o flatap.fits -c cal/skyflat_cmask.fits 
******************************************************************
Pipeline Module FLATAP Version 1.5
Processing time Sat Jan  9 14:57:47 2016

flatap_parse_namelist: Information only: Namelist not specified.
Sat Jan  9 14:57:47 2016
flatap_log_writer: Could not open Log File, using stdout
Flatap Version 1.5
Namelist File  = 
Input DCE = darkdrift.fits
Output DCE = !flatap.fits
Flatfield = cal/skyflat.fits
Input Uncertainty = sig_darkdrift.fits
Output Uncertainty = !sig_flatap.fits
Pmask File = cal/pmask.fits
Pmask Mask = 128
Dmask File = dmask.fits
Dmask Mask = 16384
Cmask File = cal/skyflat_cmask.fits
Cmask Mask = 256
Trans CAL File = 
Trans CAL CMask File = 
Processing Log File = 
Time =    0.18 seconds
*********************

Time = 0.180 seconds
exit code 0

flatap   exit_value =   0    execution_time = 0.240s
******************************************************************
Pipeline executing imfliprot
imfliprot -i flatap.fits -n cdf/pn107.nl -a /sos/sw/S19.2.0/STUDIO/downlink/include -o imfliprot.fits 
******************************************************************

imfliprot_log_writer: Printing Log output to stdout

Program imfliprot, Version 1.0
Namelist File  = cdf/pn107.nl
Input File = flatap.fits
Output File = imfliprot.fits
Image has been flipped
Image Rotation (degrees)  = 180
Ancillary Data-File Path = /sos/sw/S19.2.0/STUDIO/downlink/include
Verbose flag = 0
Debug flag = 0
imfliprot Status Message      0x0000: Normal exit from Function 0x0000: LOG_WRITER
Processing time: 0.170000 seconds
Current date/time: Sat Jan  9 14:57:47 2016
Program imfliprot, version 1.0, terminated.


imfliprot   exit_value =   0    execution_time = 0.210s
******************************************************************
Pipeline executing imfliprot
imfliprot -i sig_flatap.fits -n cdf/pn107.nl -a /sos/sw/S19.2.0/STUDIO/downlink/include -o sig_imfliprot.fits 
******************************************************************

imfliprot_log_writer: Printing Log output to stdout

Program imfliprot, Version 1.0
Namelist File  = cdf/pn107.nl
Input File = sig_flatap.fits
Output File = sig_imfliprot.fits
Image has been flipped
Image Rotation (degrees)  = 180
Ancillary Data-File Path = /sos/sw/S19.2.0/STUDIO/downlink/include
Verbose flag = 0
Debug flag = 0
imfliprot Status Message      0x0000: Normal exit from Function 0x0000: LOG_WRITER
Processing time: 0.190000 seconds
Current date/time: Sat Jan  9 14:57:48 2016
Program imfliprot, version 1.0, terminated.


imfliprot   exit_value =   0    execution_time = 0.220s
******************************************************************
Pipeline executing imfliprot
imfliprot -i dmask.fits -n cdf/pn107.nl -a /sos/sw/S19.2.0/STUDIO/downlink/include -o temp_dmask.fits 
******************************************************************

imfliprot_log_writer: Printing Log output to stdout

Program imfliprot, Version 1.0
Namelist File  = cdf/pn107.nl
Input File = dmask.fits
Output File = temp_dmask.fits
Image has been flipped
Image Rotation (degrees)  = 180
Ancillary Data-File Path = /sos/sw/S19.2.0/STUDIO/downlink/include
Verbose flag = 0
Debug flag = 0
imfliprot Status Message      0x0000: Normal exit from Function 0x0000: LOG_WRITER
Processing time: 0.060000 seconds
Current date/time: Sat Jan  9 14:57:48 2016
Program imfliprot, version 1.0, terminated.


imfliprot   exit_value =   0    execution_time = 0.100s
******************************************************************
Pipeline executing imfliprot
imfliprot -i fowlinearize.fits -n cdf/pn107.nl -a /sos/sw/S19.2.0/STUDIO/downlink/include -o temp_fowlinearize.fits 
******************************************************************

imfliprot_log_writer: Printing Log output to stdout

Program imfliprot, Version 1.0
Namelist File  = cdf/pn107.nl
Input File = fowlinearize.fits
Output File = temp_fowlinearize.fits
Image has been flipped
Image Rotation (degrees)  = 180
Ancillary Data-File Path = /sos/sw/S19.2.0/STUDIO/downlink/include
Verbose flag = 0
Debug flag = 0
imfliprot Status Message      0x0000: Normal exit from Function 0x0000: LOG_WRITER
Processing time: 0.090000 seconds
Current date/time: Sat Jan  9 14:57:48 2016
Program imfliprot, version 1.0, terminated.


imfliprot   exit_value =   0    execution_time = 0.120s
******************************************************************
Pipeline executing imfliprot
imfliprot -i sig_fowlinearize.fits -n cdf/pn107.nl -a /sos/sw/S19.2.0/STUDIO/downlink/include -o temp_sig_fowlinearize.fits 
******************************************************************

imfliprot_log_writer: Printing Log output to stdout

Program imfliprot, Version 1.0
Namelist File  = cdf/pn107.nl
Input File = sig_fowlinearize.fits
Output File = temp_sig_fowlinearize.fits
Image has been flipped
Image Rotation (degrees)  = 180
Ancillary Data-File Path = /sos/sw/S19.2.0/STUDIO/downlink/include
Verbose flag = 0
Debug flag = 0
imfliprot Status Message      0x0000: Normal exit from Function 0x0000: LOG_WRITER
Processing time: 0.090000 seconds
Current date/time: Sat Jan  9 14:57:48 2016
Program imfliprot, version 1.0, terminated.


imfliprot   exit_value =   0    execution_time = 0.130s
******************************************************************
Pipeline executing dntoflux
dntoflux -i imfliprot.fits -iu sig_imfliprot.fits -n cdf/pn107.nl -co 0 -c 0.1447 -u 0.0000 -a /sos/sw/S19.2.0/STUDIO/downlink/include -o1 dntoflux.fits -ou sig_dntoflux.fits -t 1 
******************************************************************

Program dntoflux, Version 4.2
Namelist File  = cdf/pn107.nl
Input Image = imfliprot.fits
Output File 1 = dntoflux.fits
Output Uncertainty Image = sig_dntoflux.fits
Operation flag = 0
Conversion factor = 0.144700
Input Uncertainty Image = sig_imfliprot.fits
Conversion-factor uncertainty = 0.000000
Output BUNIT setting = MJy/sr
Normalize-by-EXPTIME Flag = 1
EXPTIME = 1.920000
Data-Plane Flag = 1
Ancillary Data-File Path = /sos/sw/S19.2.0/STUDIO/downlink/include
Verbose flag = 0
Super-verbose flag = 0
Debug flag = 0
Terminating data-units-conversion program.
dntoflux Status Message: 0x0000
Normal exit from Function 0x0000: LOG_WRITER
dntoflux Probs Warning: NaN's were produced in the results.
A total of     4026   NaN's were produced in the results.
Processing time: 0.430000 seconds
Current date/time: Sat Jan  9 14:57:49 2016
Program dntoflux, version 4.2, terminated.

dntoflux   exit_value =   0    execution_time = 0.540s
******************************************************************
Pipeline executing qatool
qatool -i dntoflux.fits -n cdf/pn107.nl -nb QATOOLBCD -a /sos/sw/S19.2.0/STUDIO/downlink/include -o qa/BCD_qatool 
******************************************************************
qatool_parse_namelist: Information only: Namelist block-name = &QATOOLBCD
Program qatool, Version 6.0
Namelist File  = cdf/pn107.nl
Input File = dntoflux.fits
Output Data Filename Base = qa/BCD_qatool
Statistics Group = 0
Percent-Scaling Flag = 0
Calculation Type = 1
(set-up to do additional computations for four readout channels)
Number of Mean Absolute Deviations for Histogram Half-Width Coverage = 5
Number of Bins in Histograms = 41
Central fraction for trimmed average = 0.810000
Central fraction for trimmed std. dev. = 0.720000
Bad-pixel tolerance fraction = 0.900000
Statistics Box X position = 3
Statistics Box Y position = 4
Statistics Box X width = 20
Statistics Box Y height = 23
Input-Image Transpose Flag = 1
Unsigned Integer Flag = 0
Data-Plane Flag = 1
Number Edge Rows/Cols Skipped = 2
Keyword Prefix = bcd
Ancillary Data-File Path = /sos/sw/S19.2.0/STUDIO/downlink/include
Verbose flag = 0
Super-verbose flag = 0
Debug flag = 0
Performed statistical and histogram calculations.
Program qatool: Status Message: 0x0000
Normal exit from Function 0x0000: LOG_WRITER
Processing time: 1.170000 seconds
Current date/time: Sat Jan  9 14:57:50 2016
Program qatool, version 6.0, terminated.

qatool   exit_value =   0    execution_time = 1.260s
******************************************************************
Pipeline executing chkmask
chkmask dmask.fits -q qa/BCD_qatool.qa 
******************************************************************
 chkmask vsn 1.35 A40312
 
 No. of occurrences of the   3 status combinations:
   2268 occurrences of   256 (8)                                 
   3 occurrences of   16 (4)                                 
     1 occurrence of   272 (4,8)                               
 
 Status Bit: No. of Pixels
   0:   0
   1:   0
   2:   0
   3:   0
   4:   4
   5:   0
   6:   0
   7:   0
   8:   2269
   9:   0
   10:   0
   11:   0
   12:   0
   13:   0
   14:   0
 

chkmask   exit_value =   0    execution_time = 0.260s
******************************************************************
Loading QA information for DCE and BCD product
Keyword APDUV1E not found in header
Keyword APDUV2E not found in header
Keyword APDUV3E not found in header
Keyword APDUI1E not found in header
Keyword APDUI2E not found in header
Keyword APDUI3E not found in header
Could not append keyword APDUV1E to QA file qa/DCE_qatool.qa
Could not append keyword APDUV2E to QA file qa/DCE_qatool.qa
Could not append keyword APDUV3E to QA file qa/DCE_qatool.qa
Could not append keyword APDUI1E to QA file qa/DCE_qatool.qa
Could not append keyword APDUI2E to QA file qa/DCE_qatool.qa
Could not append keyword APDUI3E to QA file qa/DCE_qatool.qa
******************************************************************
Pipeline executing qaloader
qaloader -i qa/DCE_qatool.qa -tablename qa_iracdce -o qa/qaloader.sql -role pipelineswrole 
******************************************************************
2016/01/09 14:57:51 BEGIN qaloader v1.13
 -i (QA_FILE) qa/DCE_qatool.qa
 -tablename (TABLENAME) qa_iracdce
 -o (SQL_FILE) qa/qaloader.sql
 -role (ROLE) pipelineswrole
Using metadata version 13.0b
table name=qa_iracdce

QA values ingested:
{-4.610001e+01} {}
dceAveFI_1       -4.610001e+01 
{-4.920763e+01} {}
dceAveR1_1       -4.920763e+01 
{-2.915814e+01} {}
dceAveR2_1       -2.915814e+01 
{-3.325223e+01} {}
dceAveR3_1       -3.325223e+01 
{-7.278203e+01} {}
dceAveR4_1       -7.278203e+01 
{-2.200000e+01} {-4.920763e+01}
dceMedFI_1       -2.200000e+01 
{3.080615e+02} {}
dceSdevFI_1      3.080615e+02 
{4.770400e+00} {}
dceDSclFI_1      4.770400e+00 
{-8.906000e+03} {}
dceMinFI_1       -8.906000e+03 
{6.000000e+00} {}
dceMaxFI_1       6.000000e+00 
{147809503} {}
DCEID            147809503 
{2} {-4.610001e+01}
CHNLNUM          2 
{0} {}
ADCEID           0 
{8} {}
AFOWLNUM         8 
{184} {}
AWAITPER         184 
{0} {}
AWEASIDE         0 
{1} {}
AREADMOD         1 
{27.699513} {}
AFPAT1B          27.699513 
{28.671007} {}
AFPAT2B          28.671007 
{0} {}
APEDSIG          0 
{0} {}
ATXSTAT          0 
{0} {}
AFLSTAT          0 
{4} {}
ASHSTAT          4 
{-3.5585} {}
AVRSTBEG         -3.5585 
{-3.0562209} {}
AVDETBEG         -3.0562209 
{-3.618536} {}
AVGG1BEG         -3.618536 
{-3.5499908} {}
AVDDUBEG         -3.5499908 
{0} {}
AVGGCBEG         0 
{21.535044} {}
ACTENDT          21.535044 
{19.665313} {}
AFPECTE          19.665313 
{23.08678} {}
AFPEATE          23.08678 
{23.97351} {}
ATCTEMPE         23.97351 
{21.474083} {}
ACETEMPE         21.474083 
{21.413121} {}
APDTEMPE         21.413121 
{27.671961} {}
ACATMP2E         27.671961 
2016/01/09 14:57:51 END   qaloader status=0

qaloader   exit_value =   0    execution_time = 0.090s
******************************************************************
Pipeline executing qaloader
qaloader -i qa/BCD_qatool.qa -tablename qa_iracdp -o qa/qaloader.sql 
******************************************************************
2016/01/09 14:57:51 BEGIN qaloader v1.13
 -i (QA_FILE) qa/BCD_qatool.qa
 -tablename (TABLENAME) qa_iracdp
 -o (SQL_FILE) qa/qaloader.sql
Using metadata version 13.0b
table name=qa_iracdp

QA values ingested:
{2.539542e+00} {}
bcdAveFI_1       2.539542e+00 
{4.008147e+00} {}
bcdAveUB_1       4.008147e+00 
{5.636883e-01} {}
bcdMedFI_1       5.636883e-01 
{6.561387e-01} {}
bcdMedUB_1       6.561387e-01 
{2.633259e+01} {}
bcdSdevFI_1      2.633259e+01 
{3.431548e+01} {}
bcdSdevUB_1      3.431548e+01 
{4.281503e-01} {}
bcdDSclFI_1      4.281503e-01 
{5.211215e-01} {}
bcdDSclUB_1      5.211215e-01 
{-7.455754e-01} {}
bcdMinFI_1       -7.455754e-01 
{-2.937443e-01} {}
bcdMinUB_1       -2.937443e-01 
{7.016180e+02} {}
bcdMaxFI_1       7.016180e+02 
{7.016180e+02} {}
bcdMaxUB_1       7.016180e+02 
{5.577943e-01} {}
bcdC68lFI_1      5.577943e-01 
{5.778832e-01} {}
bcdC68uFI_1      5.778832e-01 
{391693180} {}
DPID             391693180 
{2} {2.539542e+00}
CHNLNUM          2 
2016/01/09 14:57:51 END   qaloader status=0

qaloader   exit_value =   0    execution_time = 0.150s
******************************************************************
Pipeline executing dbaccess
dbaccess -e sodb qa/qaloader.sql 
******************************************************************
set role pipelineswrole;
set lock mode to wait 30;
EXECUTE PROCEDURE addQA_iracdce (147809503, NULL, NULL, 2, -4.610001e+01, 
-2.200000e+01, -4.920763e+01, -2.915814e+01, -3.325223e+01, -7.278203e+01, 
3.080615e+02, 4.770400e+00, -8.906000e+03, 6.000000e+00, 0, 8, 184, 0, 1, 
27.699513, 28.671007, 0, 0, 0, 4, -3.5585, -3.0562209, -3.618536, -3.5499908, 
0, 21.535044, 19.665313, 23.08678, 23.97351, 21.474083, 21.413121, 27.671961, 
NULL, NULL, NULL, NULL, NULL, NULL);
EXECUTE PROCEDURE addQA_iracdp (391693180, NULL, NULL, 2, 2.539542e+00, 
4.008147e+00, 5.636883e-01, 6.561387e-01, 2.633259e+01, 3.431548e+01, 
4.281503e-01, 5.211215e-01, -7.455754e-01, -2.937443e-01, 7.016180e+02, 
7.016180e+02, 5.577943e-01, 5.778832e-01, NULL, NULL, NULL, NULL, NULL, NULL);
execute procedure setDceTimeParameters (147809503, 1037048875.302, "2012-11-10 21:01:34.991", 1.92, 2.00);

dbaccess   exit_value =   0    execution_time = 0.120s
******************************************************************
Finishing IRAC science pipeline processing
Could not copy cal/firstframe_corr.fits to /sbx10/S19.2.0/archive/proc/full/IRAC033400/bcd/4568/0046471424/2/0081/0000/17/01/1/cal/firstframe_corr.fits
Could not copy imask.fits to /sbx10/S19.2.0/archive/proc/full/IRAC033400/bcd/4568/0046471424/2/0081/0000/17/01/1/imask.fits
Could not copy muxbleedcorr.fits to /sbx10/S19.2.0/archive/proc/full/IRAC033400/bcd/4568/0046471424/2/0081/0000/17/01/1/muxbleedcorr.fits
Could not copy slremove.fits to /sbx10/S19.2.0/archive/proc/full/IRAC033400/bcd/4568/0046471424/2/0081/0000/17/01/1/slremove.fits
******************************************************************
PlScriptID 17 exiting Saturday, January  9, 2016  2:57:53 PM PST
Host: sopipe89
Local Processing Directory: /scr7/S19.2.0/IRAC033400/bcd/4568/0046471424/2/0081/0000/17/01/1
Sandbox Directory: /sbx10/S19.2.0/archive/proc/full/IRAC033400/bcd/4568/0046471424/2/0081/0000/17/01/1
Processing time: total 27.17 s (user 0.93, system 1.03, child user 16.73, child system 8.48)
Pipeline exit code: Normal exit (0)
******************************************************************
