 hdrupd8 vsn 1.6  A70821
******************************************************************
Executing IRAC science pipeline
******************************************************************
Pipeline executing sanity_datatype
sanity_datatype -i ../fos16.fits -t1 cdf/sanity_datatype1.tbl -t2 cdf/sanity_datatype2.tbl -o1 qa/sanity_datatype1.tbl -o2 qa/sanity_datatype2.tbl 
******************************************************************
Program Sanity_datatype is started .... Version 1.0, Sat Jan  9 14:56:16 2016
Input Image File = ../fos16.fits
Input Data Table 1 = cdf/sanity_datatype1.tbl
Input Data Table 2 = cdf/sanity_datatype2.tbl
Output Filename1 = qa/sanity_datatype1.tbl
Output Filename2 = qa/sanity_datatype2.tbl
Log File = stdout
I_Debug = 0
I_Verbose = 0
I_SuperVerbose = 0
Processing time: 0.080000 seconds
Program Sanity_datatype is done. Version 1.0, Sat Jan  9 14:56:16 2016


sanity_datatype   exit_value =   0    execution_time = 0.420s
******************************************************************
Pipeline executing qatool
qatool -i ../fos16.fits -n cdf/pn107.nl -nb QATOOLDCE -a /sos/sw/S19.2.0/STUDIO/downlink/include -o qa/DCE_qatool 
******************************************************************
qatool_parse_namelist: Information only: Namelist block-name = &QATOOLDCE
Program qatool, Version 6.0
Namelist File  = cdf/pn107.nl
Input File = ../fos16.fits
Output Data Filename Base = qa/DCE_qatool
Statistics Group = 0
Percent-Scaling Flag = 0
Calculation Type = 1
(set-up to do additional computations for four readout channels)
Number of Mean Absolute Deviations for Histogram Half-Width Coverage = 5
Number of Bins in Histograms = 41
Central fraction for trimmed average = 0.810000
Central fraction for trimmed std. dev. = 0.720000
Bad-pixel tolerance fraction = 0.340000
Statistics Box X position = 3
Statistics Box Y position = 4
Statistics Box X width = 27
Statistics Box Y height = 33
Input-Image Transpose Flag = 1
Unsigned Integer Flag = 0
Data-Plane Flag = 1
Number Edge Rows/Cols Skipped = 10
Keyword Prefix = dce
Ancillary Data-File Path = /sos/sw/S19.2.0/STUDIO/downlink/include
Verbose flag = 0
Super-verbose flag = 0
Debug flag = 0
Performed statistical and histogram calculations.
Program qatool: Status Message: 0x0000
Normal exit from Function 0x0000: LOG_WRITER
Processing time: 0.740000 seconds
Current date/time: Sat Jan  9 14:56:18 2016
Program qatool, version 6.0, terminated.

qatool   exit_value =   0    execution_time = 0.850s
******************************************************************
Pipeline executing sanity_check
sanity_check -i qa/DCE_qatool.tbl -o qa/sanity_check.tbl 
******************************************************************
Program Sanity_check is started .... Version 1.0, Sat Jan  9 14:56:21 2016

Input File = qa/DCE_qatool.tbl
Output = qa/sanity_check.tbl
Processing time: 0.030000 seconds
Current date/time: Sat Jan  9 14:56:21 2016
Program Sanity_check, version 1.0, terminated.

sanity_check   exit_value =   0    execution_time = 0.340s
******************************************************************
Pipeline executing abad_repair
abad_repair -i ../fos16.fits -o abad_repair.fits 
******************************************************************
Pipeline Module ABAD_REPAIR Version 1.2
Processing time Sat Jan  9 14:56:22 2016

ABAD_READ_DATA: A0752D00 = 0
status from read: 1
npixs = 65536
enter output with 0
files ../fos16.fits !abad_repair.fits 
open output [!abad_repair.fits]
comment [Sat Jan  9 14:56:22 2016]
Time = 0.060 seconds
exit code 0

abad_repair   exit_value =   0    execution_time = 0.100s
******************************************************************
Pipeline executing tranhead
tranhead -i abad_repair.fits -n cdf/pn107.nl -k /scr/S19.2.0/cdf/ctd/telemetry_dictionary.dat -a /sos/sw/S19.2.0/STUDIO/downlink/include -o tranhead.fits -t, cdf/Keyword_Include_List.dat 
******************************************************************

Program tranhead, Version 13.2
Namelist File  = cdf/pn107.nl
Input File = abad_repair.fits
Dictionary File = /scr/S19.2.0/cdf/ctd/telemetry_dictionary.dat
CTD Version String = 3.0.94S
Keyword-Include-List File = cdf/Keyword_Include_List.dat
Translated-Keyword File = tranhead.hdr
CSPICE leapseconds kernel = /scr/S19.2.0/cdf/spice/leapseconds.ker
CSPICE SCLK_SCET kernel = /scr/S19.2.0/cdf/spice/sclk_scet.ker
CSPICE Spitzer Ephemeris = /scr/S19.2.0/cdf/spice/sirtf.bsp
CSPICE Planets Ephemeris = /scr/S19.2.0/cdf/spice/de.bsp
Output File = tranhead.fits
Operation Type = 1
FITS-Header Comment Flag = 1
SCLK correction factor = 1.000380
Ignore Frames (1st) = -1
Ignore Frames (2nd and higher) = -1
Central fraction for trimmed average  = 0.900000
Central fraction for trimmed std. dev. = 0.900000
Gain = 3.710000
Gain_RdOutCh_1 = 3.710000
Gain_RdOutCh_2 = 3.710000
Gain_RdOutCh_3 = 3.710000
Gain_RdOutCh_4 = 3.710000
Ancillary Data-File Path = /sos/sw/S19.2.0/STUDIO/downlink/include
Verbose flag = 0
Super-verbose flag = 0
Debug flag = 0
Configured to perform forward FITS keyword translation.
tranhead Status Message: 0x0000
Normal exit from Function 0x0000: LOG_WRITER
A total of        0   NaN's were produced in the results.
Processing time: 0.310000 seconds
Current date/time: Sat Jan  9 14:56:23 2016
Program tranhead, version 13.2, terminated.

tranhead   exit_value =   0    execution_time = 0.420s
 hdrupd8 vsn 1.6  A70821


LabDark

chan, frametime, hdy, extrpt = 2, 2.00, F, 233
expid  adceid  repidx  =  179,  0,  0 

SkyDarkaor template time = 2
hdy  repidx =  F  0
expid  ext-repeat  =  179  233

******************************************************************
Pipeline executing caltrans
caltrans -n cdf/pn107.nl -m 2 -a 7 -b /scr1/S19.2.0/dlcaldata/irac -s tranhead.fits -o cal -u SUB -jk1 CHNLNUM -jv1 2 -ja1 N -ju1 0 -js1 flip -jk2 CHNLNUM;AFOWLNUM;AWAITPER;FRAMTIME;HDRMODE -jv2 2;8;184;2.00;F -ja2 N;N;N;N;S -ju2 0;0;0;0;0 -js2 sigma;cmask -jk3 CHNLNUM;AFOWLNUM;AWAITPER;FRAMTIME;HDRMODE -jv3 2;8;184;2.00;F -ja3 N;N;N;N;S -ju3 0;0;0;0;0 -js3 cmask -jk4 CHNLNUM -jv4 2 -ja4 N -ju4 0 -js4 cmask -jk5 CHNLNUM -jv5 2 -ja5 N -ju5 0 -js5 cmask -jk6 CHNLNUM -jv6 2 -ja6 N -ju6 0 -jk7 CHNLNUM;AFOWLNUM;AWAITPER -jv7 2;8;184 -ja7 N;N;N -ju7 0;0;0 -jk8 CHNLNUM;AFOWLNUM;AWAITPER -jv8 2;8;184 -ja8 N;N;N -ju8 0;0;0 -e CALTRANSsciSUB 
******************************************************************

Online Namelist file descriptor associated
Online namelist buffer loaded: length = 7422

Warning !:  Ancillary file #1  with full suffix filename  '/sos/archive/fallbacks/IRAC004600/SUB_2s_2sf8d1r1_ch2_v2.0.0_dark_sigma.fits'  NOT in archive/sandbox !!.
Proceed to the next suffix fileprocessing .....

Warning !:  Ancillary file #2  with full suffix filename  '/sos/archive/fallbacks/IRAC004600/SUB_2s_2sf8d1r1_ch2_v2.0.0_dark_cmask.fits'  NOT in archive/sandbox !!.
Proceed to the next suffix fileprocessing .....

Warning !:  Ancillary-suffix file #1: '/scr1/S19.2.0/dlcaldata/irac/fb1502_SUB_2s_2sf8d1r1_ch2_v2.0.0_dark_sigma.fits'  could NOT be identified on cache.
Processing continues ..... 


Warning !:  Ancillary-suffix file #2: '/scr1/S19.2.0/dlcaldata/irac/fb1502_SUB_2s_2sf8d1r1_ch2_v2.0.0_dark_cmask.fits'  could NOT be identified on cache.
Processing continues ..... 


Warning !:  Ancillary file #1  with full suffix filename  '/sos/archive/fallbacks/IRAC005300/lincal_b2_sa_011410_cmask.fits'  NOT in archive/sandbox !!.
Proceed to the next suffix fileprocessing .....

Warning !:  Ancillary-suffix file #1: '/scr1/S19.2.0/dlcaldata/irac/fb1579_lincal_b2_sa_011410_cmask.fits'  could NOT be identified on cache.
Processing continues ..... 

  Printing Log output to stdout...


Program CALTRANS, Version 4.0
Command-Line Namelist Filename  = cdf/pn107.nl
Command-Line Namelist Section = CALTRANSsciSUB
CalTrans Execution Mode  = 2
CalID = 7
Input Calibration Type list = pmask;labdark;skydark;lincal;sky_flat;fluxconv;muxbleed_lut;muxbleed_coeff
Input Calibration Rule list = 0;0;300;0;0;0;0;0
Input Generic Outfname list = pmask.fits;labdark.fits;skydark.fits;lincal.fits;skyflat.fits;fluxconv;muxbleed_lut;muxbleed_coeff
Science DCE Filename = tranhead.fits
CAL Destination Path = cal
Processing time: 0.470000 seconds
Current date/time: Sat Jan  9 14:56:38 2016
Program CALTRANS, version 4.0, terminated with status = 16

CalTrans exits with status = 16



caltrans   exit_value =  16    execution_time = 0.600s
******************************************************************
Pipeline executing insbposdom
insbposdom -i tranhead.fits -o insbposdom.fits 
******************************************************************
Pipeline Module INSBPOSDOM Version 1.1
Processing time Sat Jan  9 14:56:39 2016

Sat Jan  9 14:56:39 2016
Time = 0.040 seconds
exit code 0

insbposdom   exit_value =   0    execution_time = 0.080s
******************************************************************
Pipeline executing cvti2r4
cvti2r4 -i insbposdom.fits -a 0.5625 -b 0 -d cal/dmask_for_raw.fits -o cvti2r4.fits -m row 
******************************************************************
 SIRTF I*2-to-R*4 Data Cube Conversion program vsn 1.31 A61025
 Input file:  insbposdom.fits
 Using offset =    0.562500
 Using BLANK-fill value:   0
 Output file: cvti2r4.fits
 Missing-data pattern specified as rows

cvti2r4   exit_value =   0    execution_time = 0.320s
Image has barrel shift = 3
Computed truncation correction 0.5*(1-2^-ABARREL) = 0.5625
******************************************************************
Pipeline executing hdrupd8
hdrupd8 cvti2r4.fits -a cdf/hdrupd8_cubify.dat -d cdf/hdrupd8_planify.dat 
******************************************************************
 hdrupd8 vsn 1.6  A70821
 WARNING: keyword to be deleted not found: NAXIS3  

hdrupd8   exit_value =   0    execution_time = 0.330s
******************************************************************
Pipeline executing hdrupd8
hdrupd8 dmask.fits -a cdf/hdrupd8_cubify.dat -d cdf/hdrupd8_planify.dat 
******************************************************************
 hdrupd8 vsn 1.6  A70821
 WARNING: keyword to be deleted not found: NAXIS3  

hdrupd8   exit_value =   0    execution_time = 0.320s
******************************************************************
Pipeline executing iracwrapdet1
iracwrapdet1 -i cvti2r4.fits -n cdf/pn107.nl -p cal/pmask.fits -d dmask.fits -w wmask.fits -v 
******************************************************************
Pipeline Module IRACWRAPDET1 Version 1.4
Processing time Sat Jan  9 14:56:50 2016
iracwrapdet1_parse_args: Namelist File = 	cdf/pn107.nl
iracwrapdet1_parse_args: Pmask File = 	cal/pmask.fits
iracwrapdet1_parse_args: Dmask File = 	dmask.fits
iracwrapdet1_parse_args: Wmask File = 	wmask.fits
iracwrapdet1_parse_args: Input File = 	cvti2r4.fits
iracwrapdet1_parse_args: I_Verbose = 			1
chn 2 framtim 2.000000
iracwrapdet1_read_data: Data read from file:
cvti2r4.fits
iracwrapdet1_read_data: I_NX = 32
iracwrapdet1_read_data: I_NY = 32
iracwrapdet1_read_data: I_NZ = 64
iracwrapdet1_parse_namelist: Namelist File = 	cdf/pn107.nl
Coeff used: 55000.000000 55000.000000 55000.000000 55000.000000
iracwrapdet1_compute_results: Numerical Computations finished
Sat Jan  9 14:56:50 2016
iracwrapdet1_output: Results written to file(s).
Time = 0.020 seconds
iracwrapdet1_error_handler: Error Handler finished.
iracwrapdet1_exit: Memory Deallocated.
exit code 0

iracwrapdet1   exit_value =   0    execution_time = 0.070s
******************************************************************
Pipeline executing iracwrapdet2
iracwrapdet2 -i cvti2r4.fits -n cdf/pn107.nl -p cal/pmask.fits -d dmask.fits -w wmask.fits -a /sos/sw/S19.2.0/STUDIO/downlink/include 
******************************************************************

Program iracwrapdet2, Version 1.4
Namelist File  = cdf/pn107.nl
FITS Input Image = cvti2r4.fits
Pmask File = cal/pmask.fits
Dmask File = dmask.fits
Wmask File = mask.fits
M-Level       chan1     chan2     chan3     chan4
            55000.0   55000.0   55000.0   55000.0
Tolerance     chan1     chan2     chan3     chan4
             1200.0    1200.0    1200.0    1200.0
Pmask Maximum = 65535
Dmask Maximum = 65535
Ancillary Data-File Path = /sos/sw/S19.2.0/STUDIO/downlink/include
Verbose flag = 0
Super-verbose flag = 0
Debug flag = 0
iracwrapdet2 Status Message      0x0000
Normal exit from Function 0x0000: LOG_WRITER
Processing time: 0.160000 seconds
Current date/time: Sat Jan  9 14:56:51 2016
Program iracwrapdet2, version 1.4, terminated


iracwrapdet2   exit_value =   0    execution_time = 0.210s
******************************************************************
Pipeline executing iracwrapcorr
iracwrapcorr -i cvti2r4.fits -p cal/pmask.fits -d dmask.fits -w wmask.fits -o iracwrapcorr.fits 
******************************************************************
Pipeline Module IRACWRAPCORR Version 1.3
Processing time Sat Jan  9 14:56:51 2016
iracwrapcorr_parse_namelist: Information only: Namelist not specified.
Sat Jan  9 14:56:51 2016
Time = 0.040 seconds
exit code 0

iracwrapcorr   exit_value =   0    execution_time = 0.080s
******************************************************************
Pipeline executing iracnorm
iracnorm -i iracwrapcorr.fits -p cal/pmask.fits -d dmask.fits -o iracnorm.fits 
******************************************************************
Pipeline Module IRACWNORM Version 1.10
Processing time Sat Jan  9 14:56:52 2016

Sat Jan  9 14:56:52 2016
Time = 0.040 seconds
exit code 0

iracnorm   exit_value =   0    execution_time = 0.080s
******************************************************************
Pipeline executing iracebwc
iracebwc -i iracnorm.fits -n cdf/pn107.nl -p cal/pmask.fits -d dmask.fits -o iracebwc.fits 
******************************************************************
Pipeline Module IRACEBWC Version 1.2
Processing time Sat Jan  9 14:56:52 2016

Sat Jan  9 14:56:52 2016
Time = 0.040 seconds
exit code 0

iracebwc   exit_value =   0    execution_time = 0.080s
HDR mode   =  f
AOR Template Time     =  2
DCE Frame Time    =  2.00
EXTRpt     =  233
Frame NOBF =  0
From sub determine_delays:
   aottime = 2
   aordelay = 222.190359962807
   stellarmode = f
   expid=179
imdly = 1.25336004577636
frmdly = 1.25336004577636

Immed  Delay = 1.25336004577636
Frame  Delay = 1.25336004577636

 hdrupd8 vsn 1.6  A70821
 hdrupd8 vsn 1.6  A70821
 hdrupd8 vsn 1.6  A70821
 hdrupd8 vsn 1.6  A70821
 hdrupd8 vsn 1.6  A70821
 hdrupd8 vsn 1.6  A70821
 hdrupd8 vsn 1.6  A70821
******************************************************************
Pipeline executing darksubng
darksubng -i iracebwc.fits -a /sos/sw/S19.2.0/STUDIO/downlink/include -p cal/pmask.fits -d dmask.fits -o labdarksub.fits -cc cal/labdark.fits -v 
******************************************************************
/sos/sw/S19.2.0/STUDIO/downlink/bin/darksubng: namelist not given
/sos/sw/S19.2.0/STUDIO/downlink/bin/darksubng: input uncertainty image not given
/sos/sw/S19.2.0/STUDIO/downlink/bin/darksubng: output uncertainty image not given
/sos/sw/S19.2.0/STUDIO/downlink/bin/darksubng: WARNING no uncertainty calculations will be performed
/sos/sw/S19.2.0/STUDIO/downlink/bin/darksubng: Namelist               = []
/sos/sw/S19.2.0/STUDIO/downlink/bin/darksubng: Input image            = [iracebwc.fits]
/sos/sw/S19.2.0/STUDIO/downlink/bin/darksubng: Input uncertainty      = []
/sos/sw/S19.2.0/STUDIO/downlink/bin/darksubng: Output image           = [!labdarksub.fits]
/sos/sw/S19.2.0/STUDIO/downlink/bin/darksubng: Output uncertainty     = []
/sos/sw/S19.2.0/STUDIO/downlink/bin/darksubng: Dark                   = [cal/labdark.fits]
/sos/sw/S19.2.0/STUDIO/downlink/bin/darksubng: Pmask file             = [cal/pmask.fits]
/sos/sw/S19.2.0/STUDIO/downlink/bin/darksubng: Pmask fatality bitmask = [65536]
/sos/sw/S19.2.0/STUDIO/downlink/bin/darksubng: Dmask file             = [dmask.fits]
/sos/sw/S19.2.0/STUDIO/downlink/bin/darksubng: Dmask fatality bitmask = [65536]
/sos/sw/S19.2.0/STUDIO/downlink/bin/darksubng: Cmask file             = []
/sos/sw/S19.2.0/STUDIO/downlink/bin/darksubng: Cmask fatality bitmask = [65536]
/sos/sw/S19.2.0/STUDIO/downlink/bin/darksubng: Logfile                = []
/sos/sw/S19.2.0/STUDIO/downlink/bin/darksubng: Ancillary Path         = [/sos/sw/S19.2.0/STUDIO/downlink/include]
/sos/sw/S19.2.0/STUDIO/downlink/bin/darksubng: Uncertainty calculations will not be made
/sos/sw/S19.2.0/STUDIO/downlink/bin/darksubng: WARNING cal/labdark.fits has no BUNIT key
/sos/sw/S19.2.0/STUDIO/downlink/bin/darksubng: WARNING assuming cal/labdark.fits is in DN
/sos/sw/S19.2.0/STUDIO/downlink/bin/darksubng: WARNING cal/labdark.fits has no EXPTIME key
/sos/sw/S19.2.0/STUDIO/downlink/bin/darksubng: WARNING cal/labdark.fits has no GAIN keywords
/sos/sw/S19.2.0/STUDIO/downlink/bin/darksubng: compute - performing any unit conversions
/sos/sw/S19.2.0/STUDIO/downlink/bin/darksubng: compute - starting subtraction with masking 
/sos/sw/S19.2.0/STUDIO/downlink/bin/darksubng: Processing successful; Exiting

darksubng   exit_value =   0    execution_time = 0.150s
READ Noise !! =  9.4
******************************************************************
Pipeline executing snestimator
snestimator -i labdarksub.fits -n cdf/pn107.nl -a /sos/sw/S19.2.0/STUDIO/downlink/include -p cal/pmask.fits -d dmask.fits -on sig_snestimator.fits -g 3.71 -r 9.4 
******************************************************************
verbose 0

Program SNESTIMATOR, Version 1.5
Namelist File  = cdf/pn107.nl
Input FITS Image = labdarksub.fits
Noise Image = sig_snestimator.fits
Denominator type = IRAC_MODEL
Edge Pixels Excluded = 0
Gain Channel 1 = 3.710000 Channel 2 = 3.710000 Channel 3 = 3.710000 Channel 4 = 3.710000
Read Noise = 9.400000
Confusion Sigma = 0.000000
Ancillary Data-File Path = /sos/sw/S19.2.0/STUDIO/downlink/include
Verbose flag = 0
Super-verbose flag = 0
Debug flag = 0
snestimator Status Message      0x0000
Normal exit from Function 0x0000: LOG_WRITER
Processing time: 0.100000 seconds
Current date/time: Sat Jan  9 14:57:22 2016
Program SNESTIMATOR, version 1.5, terminated


snestimator   exit_value =   0    execution_time = 0.160s
******************************************************************
Pipeline executing darksubng
darksubng -i iracebwc.fits -iu sig_snestimator.fits -a /sos/sw/S19.2.0/STUDIO/downlink/include -p cal/pmask.fits -d dmask.fits -o labdarksub.fits -ou sig_labdarksub.fits -cc cal/labdark.fits -v 
******************************************************************
/sos/sw/S19.2.0/STUDIO/downlink/bin/darksubng: namelist not given
/sos/sw/S19.2.0/STUDIO/downlink/bin/darksubng: Namelist               = []
/sos/sw/S19.2.0/STUDIO/downlink/bin/darksubng: Input image            = [iracebwc.fits]
/sos/sw/S19.2.0/STUDIO/downlink/bin/darksubng: Input uncertainty      = [sig_snestimator.fits]
/sos/sw/S19.2.0/STUDIO/downlink/bin/darksubng: Output image           = [!labdarksub.fits]
/sos/sw/S19.2.0/STUDIO/downlink/bin/darksubng: Output uncertainty     = [!sig_labdarksub.fits]
/sos/sw/S19.2.0/STUDIO/downlink/bin/darksubng: Dark                   = [cal/labdark.fits]
/sos/sw/S19.2.0/STUDIO/downlink/bin/darksubng: Pmask file             = [cal/pmask.fits]
/sos/sw/S19.2.0/STUDIO/downlink/bin/darksubng: Pmask fatality bitmask = [65536]
/sos/sw/S19.2.0/STUDIO/downlink/bin/darksubng: Dmask file             = [dmask.fits]
/sos/sw/S19.2.0/STUDIO/downlink/bin/darksubng: Dmask fatality bitmask = [65536]
/sos/sw/S19.2.0/STUDIO/downlink/bin/darksubng: Cmask file             = []
/sos/sw/S19.2.0/STUDIO/downlink/bin/darksubng: Cmask fatality bitmask = [65536]
/sos/sw/S19.2.0/STUDIO/downlink/bin/darksubng: Logfile                = []
/sos/sw/S19.2.0/STUDIO/downlink/bin/darksubng: Ancillary Path         = [/sos/sw/S19.2.0/STUDIO/downlink/include]
/sos/sw/S19.2.0/STUDIO/downlink/bin/darksubng: Uncertainty calculations will be made
/sos/sw/S19.2.0/STUDIO/downlink/bin/darksubng: WARNING cal/labdark.fits has no BUNIT key
/sos/sw/S19.2.0/STUDIO/downlink/bin/darksubng: WARNING assuming cal/labdark.fits is in DN
/sos/sw/S19.2.0/STUDIO/downlink/bin/darksubng: WARNING cal/labdark.fits has no EXPTIME key
/sos/sw/S19.2.0/STUDIO/downlink/bin/darksubng: WARNING cal/labdark.fits has no GAIN keywords
/sos/sw/S19.2.0/STUDIO/downlink/bin/darksubng: compute - performing any unit conversions
/sos/sw/S19.2.0/STUDIO/downlink/bin/darksubng: compute - starting subtraction with masking 
/sos/sw/S19.2.0/STUDIO/downlink/bin/darksubng: Processing successful; Exiting

darksubng   exit_value =   0    execution_time = 0.180s
******************************************************************
Pipeline executing fowlinearize
fowlinearize -i1 labdarksub.fits -i3 sig_labdarksub.fits -n cdf/pn107.nl -a /sos/sw/S19.2.0/STUDIO/downlink/include -ip cal/pmask.fits -i2 cal/lincal.fits -id dmask.fits -o1 fowlinearize.fits -o2 sig_fowlinearize.fits -c 10 
******************************************************************

Program FOWLINEARIZE, Version 4.9
Namelist File  = cdf/pn107.nl
Input File 1 = labdarksub.fits
Input File 2 = cal/lincal.fits
Input File 3 = sig_labdarksub.fits
Model_Flag(1=quad. 2=cubic) = 1
Clock_Readout(10=sub-array, 200=full-array) = 10.000000
Input PMask Image = cal/pmask.fits
Unusable PMask Bits = 16384
Input DMask Image = dmask.fits
Unusable DMask Bits = 8192
Not-linearized DMask Bit = 4096
Not-linearized DMask Bit due to lincal-model saturation = 8192
Output File 1 = fowlinearize.fits
Output File 2 = sig_fowlinearize.fits
Ancillary Data-File Path = /sos/sw/S19.2.0/STUDIO/downlink/include
Verbose flag = 0
Super-verbose flag = 0
Debug flag = 0
Performed linearity correction.
Program fowlinearize: Status Message: 0x0000
Normal exit from Function 0x0000: LOG_WRITER
Processing time: 0.290000 seconds
Current date/time: Sat Jan  9 14:57:24 2016
Program FOWLINEARIZE, version 4.9, terminated.

fowlinearize   exit_value =   0    execution_time = 0.380s
Read Noise =  9.4
 hdrupd8 vsn 1.6  A70821
******************************************************************
Pipeline executing bgmodel
bgmodel -i fowlinearize.fits -n cdf/pn107.nl -h 
******************************************************************

Online Namelist file descriptor associated
Online namelist buffer loaded: length = 7422
bgmodel_log_writer: Printing Log output to stdout
bgmodel  Version 1.0
Namelist File  = cdf/pn107.nl
Input Image = fowlinearize.fits
Ephemeris = /scr1/S19.2.0/cdf/spice/sirtf.bsp
LeapSec Kernel = /scr1/S19.2.0/cdf/spice/leapseconds.ker
SPK Kernel = /scr1/S19.2.0/cdf/spice/de.bsp

bgmodel  Status Message      0x0000: No error.
Time = 0.070 seconds

Background exits with status = 0


bgmodel   exit_value =   0    execution_time = 0.140s
******************************************************************
Pipeline executing hdrupd8
hdrupd8 fowlinearize.fits -a addkeys.dat 
******************************************************************
 hdrupd8 vsn 1.6  A70821

hdrupd8   exit_value =   0    execution_time = 0.480s
SkyDk Med DN      = 16.56367 
Exposure time     = 1.92
SkyDk Med DN rate = 8.62691145833333
Flux Conv         = 0.1447 
SkyDk Med Flux    = 1.24831408802083
Image File = fowlinearize.fits 

 hdrupd8 vsn 1.6  A70821
 hdrupd8 vsn 1.6  A70821
 hdrupd8 vsn 1.6  A70821
 hdrupd8 vsn 1.6  A70821
 hdrupd8 vsn 1.6  A70821
******************************************************************
Pipeline executing darksubng
darksubng -i fowlinearize.fits -iu sig_fowlinearize.fits -a /sos/sw/S19.2.0/STUDIO/downlink/include -p cal/pmask.fits -d dmask.fits -o skydarksub.fits -ou sig_skydarksub.fits -cc cal/skydark.fits -v -c cal/skydark_cmask.fits 
******************************************************************
/sos/sw/S19.2.0/STUDIO/downlink/bin/darksubng: namelist not given
/sos/sw/S19.2.0/STUDIO/downlink/bin/darksubng: Namelist               = []
/sos/sw/S19.2.0/STUDIO/downlink/bin/darksubng: Input image            = [fowlinearize.fits]
/sos/sw/S19.2.0/STUDIO/downlink/bin/darksubng: Input uncertainty      = [sig_fowlinearize.fits]
/sos/sw/S19.2.0/STUDIO/downlink/bin/darksubng: Output image           = [!skydarksub.fits]
/sos/sw/S19.2.0/STUDIO/downlink/bin/darksubng: Output uncertainty     = [!sig_skydarksub.fits]
/sos/sw/S19.2.0/STUDIO/downlink/bin/darksubng: Dark                   = [cal/skydark.fits]
/sos/sw/S19.2.0/STUDIO/downlink/bin/darksubng: Pmask file             = [cal/pmask.fits]
/sos/sw/S19.2.0/STUDIO/downlink/bin/darksubng: Pmask fatality bitmask = [65536]
/sos/sw/S19.2.0/STUDIO/downlink/bin/darksubng: Dmask file             = [dmask.fits]
/sos/sw/S19.2.0/STUDIO/downlink/bin/darksubng: Dmask fatality bitmask = [65536]
/sos/sw/S19.2.0/STUDIO/downlink/bin/darksubng: Cmask file             = [cal/skydark_cmask.fits]
/sos/sw/S19.2.0/STUDIO/downlink/bin/darksubng: Cmask fatality bitmask = [65536]
/sos/sw/S19.2.0/STUDIO/downlink/bin/darksubng: Logfile                = []
/sos/sw/S19.2.0/STUDIO/downlink/bin/darksubng: Ancillary Path         = [/sos/sw/S19.2.0/STUDIO/downlink/include]
/sos/sw/S19.2.0/STUDIO/downlink/bin/darksubng: Uncertainty calculations will be made
/sos/sw/S19.2.0/STUDIO/downlink/bin/darksubng: compute - performing any unit conversions
/sos/sw/S19.2.0/STUDIO/downlink/bin/darksubng: compute - starting subtraction with masking 
/sos/sw/S19.2.0/STUDIO/downlink/bin/darksubng: Processing successful; Exiting

darksubng   exit_value =   0    execution_time = 0.210s
******************************************************************
Pipeline executing darkdrift
darkdrift -i skydarksub.fits -iu sig_skydarksub.fits -n cdf/pn107.nl -a /sos/sw/S19.2.0/STUDIO/downlink/include -o1 darkdrift.fits -o2 darkdriftcorr.fits -o3 darkdrift.tbl -ou sig_darkdrift.fits 
******************************************************************
Program darkdrift, Version 4.1
Namelist File  = cdf/pn107.nl
Input Image = skydarksub.fits
Input Uncertainty Image = sig_skydarksub.fits
Output Image 1 (corrected image) = darkdrift.fits
Output Image 2 (corrections) = darkdriftcorr.fits
Output Image 3 (uncertainties) = sig_darkdrift.fits
Output File 3 = darkdrift.tbl
Central fraction for trimmed average  = 0.900000
Central fraction for trimmed std. dev. = 0.900000
Time_Input = 0.250000
Time_Before = 0.000000
Time_After = 1.000000
Temp_Input = 270.000000
Temp_Before = 280.000000
Temp_After = 260.000000
Calculation Type = 1
Input-Image Transpose Flag = 1
Multiplicative-Correction Flag (Additive if zero) = 0
Readout Channel to exclude (none if zero) = 0
Data-Plane Flag = 1
Ancillary Data-File Path = /sos/sw/S19.2.0/STUDIO/downlink/include
Verbose flag = 0
Super-verbose flag = 0
Debug flag = 0
Dark-current offsets estimated from input image.

Detailed darkdrift calculational results:
...for data plane = 1
Darkdrift correction for readout-channel 1 = -0.275107
Darkdrift correction for readout-channel 2 = 0.285265
Darkdrift correction for readout-channel 3 = -0.065171
Darkdrift correction for readout-channel 4 = 0.055013
Darkdrift uncertainty for readout-channel 1 = 0.374491
Darkdrift uncertainty for readout-channel 2 = 0.299173
Darkdrift uncertainty for readout-channel 3 = 0.301210
Darkdrift uncertainty for readout-channel 4 = 0.301864
Trimmed average of values in readout-channel 1 = 7.342242
Trimmed average of values in readout-channel 2 = 7.902615
Trimmed average of values in readout-channel 3 = 7.552178
Trimmed average of values in readout-channel 4 = 7.672362
Darkdrift background term = 7.617349
...for data plane = 2
Darkdrift correction for readout-channel 1 = 0.216278
Darkdrift correction for readout-channel 2 = -0.177219
Darkdrift correction for readout-channel 3 = -0.230060
Darkdrift correction for readout-channel 4 = 0.191002
Darkdrift uncertainty for readout-channel 1 = 0.303862
Darkdrift uncertainty for readout-channel 2 = 0.302984
Darkdrift uncertainty for readout-channel 3 = 0.303063
Darkdrift uncertainty for readout-channel 4 = 0.302977
Trimmed average of values in readout-channel 1 = 5.046948
Trimmed average of values in readout-channel 2 = 4.653450
Trimmed average of values in readout-channel 3 = 4.600609
Trimmed average of values in readout-channel 4 = 5.021671
Darkdrift background term = 4.830669
...for data plane = 3
Darkdrift correction for readout-channel 1 = 0.119694
Darkdrift correction for readout-channel 2 = -0.303675
Darkdrift correction for readout-channel 3 = 0.011915
Darkdrift correction for readout-channel 4 = 0.172067
Darkdrift uncertainty for readout-channel 1 = 0.302973
Darkdrift uncertainty for readout-channel 2 = 0.302433
Darkdrift uncertainty for readout-channel 3 = 0.303132
Darkdrift uncertainty for readout-channel 4 = 0.302564
Trimmed average of values in readout-channel 1 = 5.301949
Trimmed average of values in readout-channel 2 = 4.878579
Trimmed average of values in readout-channel 3 = 5.194169
Trimmed average of values in readout-channel 4 = 5.354321
Darkdrift background term = 5.182254
...for data plane = 4
Darkdrift correction for readout-channel 1 = 0.138857
Darkdrift correction for readout-channel 2 = -0.189382
Darkdrift correction for readout-channel 3 = -0.024740
Darkdrift correction for readout-channel 4 = 0.075266
Darkdrift uncertainty for readout-channel 1 = 0.302987
Darkdrift uncertainty for readout-channel 2 = 0.302940
Darkdrift uncertainty for readout-channel 3 = 0.302990
Darkdrift uncertainty for readout-channel 4 = 0.302979
Trimmed average of values in readout-channel 1 = 5.384218
Trimmed average of values in readout-channel 2 = 5.055979
Trimmed average of values in readout-channel 3 = 5.220621
Trimmed average of values in readout-channel 4 = 5.320627
Darkdrift background term = 5.245361
...for data plane = 5
Darkdrift correction for readout-channel 1 = 0.168311
Darkdrift correction for readout-channel 2 = -0.059042
Darkdrift correction for readout-channel 3 = 0.261857
Darkdrift correction for readout-channel 4 = -0.371127
Darkdrift uncertainty for readout-channel 1 = 0.303498
Darkdrift uncertainty for readout-channel 2 = 0.306571
Darkdrift uncertainty for readout-channel 3 = 0.303081
Darkdrift uncertainty for readout-channel 4 = 0.302811
Trimmed average of values in readout-channel 1 = 5.533332
Trimmed average of values in readout-channel 2 = 5.305979
Trimmed average of values in readout-channel 3 = 5.626878
Trimmed average of values in readout-channel 4 = 4.993894
Darkdrift background term = 5.365021
...for data plane = 6
Darkdrift correction for readout-channel 1 = 0.060003
Darkdrift correction for readout-channel 2 = -0.352484
Darkdrift correction for readout-channel 3 = 0.318751
Darkdrift correction for readout-channel 4 = -0.026270
Darkdrift uncertainty for readout-channel 1 = 0.302960
Darkdrift uncertainty for readout-channel 2 = 0.302153
Darkdrift uncertainty for readout-channel 3 = 0.302984
Darkdrift uncertainty for readout-channel 4 = 0.303146
Trimmed average of values in readout-channel 1 = 5.377157
Trimmed average of values in readout-channel 2 = 4.964670
Trimmed average of values in readout-channel 3 = 5.635905
Trimmed average of values in readout-channel 4 = 5.290883
Darkdrift background term = 5.317154
...for data plane = 7
Darkdrift correction for readout-channel 1 = 0.010927
Darkdrift correction for readout-channel 2 = 0.100053
Darkdrift correction for readout-channel 3 = -0.308590
Darkdrift correction for readout-channel 4 = 0.197610
Darkdrift uncertainty for readout-channel 1 = 0.303502
Darkdrift uncertainty for readout-channel 2 = 0.302975
Darkdrift uncertainty for readout-channel 3 = 0.302968
Darkdrift uncertainty for readout-channel 4 = 0.302964
Trimmed average of values in readout-channel 1 = 5.595800
Trimmed average of values in readout-channel 2 = 5.684926
Trimmed average of values in readout-channel 3 = 5.276284
Trimmed average of values in readout-channel 4 = 5.782484
Darkdrift background term = 5.584873
...for data plane = 8
Darkdrift correction for readout-channel 1 = 0.250189
Darkdrift correction for readout-channel 2 = -0.288201
Darkdrift correction for readout-channel 3 = -0.033057
Darkdrift correction for readout-channel 4 = 0.071069
Darkdrift uncertainty for readout-channel 1 = 0.302061
Darkdrift uncertainty for readout-channel 2 = 0.302411
Darkdrift uncertainty for readout-channel 3 = 0.303127
Darkdrift uncertainty for readout-channel 4 = 0.302970
Trimmed average of values in readout-channel 1 = 6.243273
Trimmed average of values in readout-channel 2 = 5.704882
Trimmed average of values in readout-channel 3 = 5.960027
Trimmed average of values in readout-channel 4 = 6.064152
Darkdrift background term = 5.993084
...for data plane = 9
Darkdrift correction for readout-channel 1 = -0.413252
Darkdrift correction for readout-channel 2 = 0.108382
Darkdrift correction for readout-channel 3 = 0.314807
Darkdrift correction for readout-channel 4 = -0.009937
Darkdrift uncertainty for readout-channel 1 = 0.303103
Darkdrift uncertainty for readout-channel 2 = 0.304069
Darkdrift uncertainty for readout-channel 3 = 0.303311
Darkdrift uncertainty for readout-channel 4 = 0.303136
Trimmed average of values in readout-channel 1 = 5.432834
Trimmed average of values in readout-channel 2 = 5.954468
Trimmed average of values in readout-channel 3 = 6.160893
Trimmed average of values in readout-channel 4 = 5.836149
Darkdrift background term = 5.846086
...for data plane = 10
Darkdrift correction for readout-channel 1 = -0.157086
Darkdrift correction for readout-channel 2 = 0.025099
Darkdrift correction for readout-channel 3 = -0.000827
Darkdrift correction for readout-channel 4 = 0.132814
Darkdrift uncertainty for readout-channel 1 = 0.303114
Darkdrift uncertainty for readout-channel 2 = 0.376498
Darkdrift uncertainty for readout-channel 3 = 0.302970
Darkdrift uncertainty for readout-channel 4 = 0.303310
Trimmed average of values in readout-channel 1 = 5.767693
Trimmed average of values in readout-channel 2 = 5.949878
Trimmed average of values in readout-channel 3 = 5.923952
Trimmed average of values in readout-channel 4 = 6.057593
Darkdrift background term = 5.924779
...for data plane = 11
Darkdrift correction for readout-channel 1 = 0.361251
Darkdrift correction for readout-channel 2 = -0.312320
Darkdrift correction for readout-channel 3 = -0.394049
Darkdrift correction for readout-channel 4 = 0.345118
Darkdrift uncertainty for readout-channel 1 = 0.303356
Darkdrift uncertainty for readout-channel 2 = 0.303795
Darkdrift uncertainty for readout-channel 3 = 0.303454
Darkdrift uncertainty for readout-channel 4 = 0.303071
Trimmed average of values in readout-channel 1 = 5.942448
Trimmed average of values in readout-channel 2 = 5.268877
Trimmed average of values in readout-channel 3 = 5.187148
Trimmed average of values in readout-channel 4 = 5.926316
Darkdrift background term = 5.581197
...for data plane = 12
Darkdrift correction for readout-channel 1 = 0.169743
Darkdrift correction for readout-channel 2 = -0.135117
Darkdrift correction for readout-channel 3 = 0.470560
Darkdrift correction for readout-channel 4 = -0.505186
Darkdrift uncertainty for readout-channel 1 = 0.303109
Darkdrift uncertainty for readout-channel 2 = 0.301597
Darkdrift uncertainty for readout-channel 3 = 0.302970
Darkdrift uncertainty for readout-channel 4 = 0.302546
Trimmed average of values in readout-channel 1 = 6.118766
Trimmed average of values in readout-channel 2 = 5.813907
Trimmed average of values in readout-channel 3 = 6.419584
Trimmed average of values in readout-channel 4 = 5.443838
Darkdrift background term = 5.949024
...for data plane = 13
Darkdrift correction for readout-channel 1 = -0.089100
Darkdrift correction for readout-channel 2 = -0.019124
Darkdrift correction for readout-channel 3 = -0.261282
Darkdrift correction for readout-channel 4 = 0.369506
Darkdrift uncertainty for readout-channel 1 = 0.302840
Darkdrift uncertainty for readout-channel 2 = 0.302984
Darkdrift uncertainty for readout-channel 3 = 0.303062
Darkdrift uncertainty for readout-channel 4 = 0.302987
Trimmed average of values in readout-channel 1 = 5.881731
Trimmed average of values in readout-channel 2 = 5.951708
Trimmed average of values in readout-channel 3 = 5.709550
Trimmed average of values in readout-channel 4 = 6.340337
Darkdrift background term = 5.970831
...for data plane = 14
Darkdrift correction for readout-channel 1 = 0.380598
Darkdrift correction for readout-channel 2 = 0.239985
Darkdrift correction for readout-channel 3 = -0.169045
Darkdrift correction for readout-channel 4 = -0.451538
Darkdrift uncertainty for readout-channel 1 = 0.303242
Darkdrift uncertainty for readout-channel 2 = 0.302971
Darkdrift uncertainty for readout-channel 3 = 0.372164
Darkdrift uncertainty for readout-channel 4 = 0.302962
Trimmed average of values in readout-channel 1 = 6.484736
Trimmed average of values in readout-channel 2 = 6.344123
Trimmed average of values in readout-channel 3 = 5.935092
Trimmed average of values in readout-channel 4 = 5.652599
Darkdrift background term = 6.104138
...for data plane = 15
Darkdrift correction for readout-channel 1 = -0.206661
Darkdrift correction for readout-channel 2 = -0.015803
Darkdrift correction for readout-channel 3 = 0.320319
Darkdrift correction for readout-channel 4 = -0.097855
Darkdrift uncertainty for readout-channel 1 = 0.302992
Darkdrift uncertainty for readout-channel 2 = 0.304093
Darkdrift uncertainty for readout-channel 3 = 0.302965
Darkdrift uncertainty for readout-channel 4 = 0.302803
Trimmed average of values in readout-channel 1 = 5.651435
Trimmed average of values in readout-channel 2 = 5.842292
Trimmed average of values in readout-channel 3 = 6.178414
Trimmed average of values in readout-channel 4 = 5.760241
Darkdrift background term = 5.858096
...for data plane = 16
Darkdrift correction for readout-channel 1 = -0.200019
Darkdrift correction for readout-channel 2 = -0.258449
Darkdrift correction for readout-channel 3 = 0.293647
Darkdrift correction for readout-channel 4 = 0.164821
Darkdrift uncertainty for readout-channel 1 = 0.303230
Darkdrift uncertainty for readout-channel 2 = 0.254676
Darkdrift uncertainty for readout-channel 3 = 0.303062
Darkdrift uncertainty for readout-channel 4 = 0.303386
Trimmed average of values in readout-channel 1 = 5.830070
Trimmed average of values in readout-channel 2 = 5.771641
Trimmed average of values in readout-channel 3 = 6.323737
Trimmed average of values in readout-channel 4 = 6.194910
Darkdrift background term = 6.030090
...for data plane = 17
Darkdrift correction for readout-channel 1 = 0.138227
Darkdrift correction for readout-channel 2 = 0.062854
Darkdrift correction for readout-channel 3 = 0.103808
Darkdrift correction for readout-channel 4 = -0.304890
Darkdrift uncertainty for readout-channel 1 = 0.303639
Darkdrift uncertainty for readout-channel 2 = 0.302968
Darkdrift uncertainty for readout-channel 3 = 0.303057
Darkdrift uncertainty for readout-channel 4 = 0.303047
Trimmed average of values in readout-channel 1 = 5.861508
Trimmed average of values in readout-channel 2 = 5.786135
Trimmed average of values in readout-channel 3 = 5.827089
Trimmed average of values in readout-channel 4 = 5.418391
Darkdrift background term = 5.723281
...for data plane = 18
Darkdrift correction for readout-channel 1 = 0.487186
Darkdrift correction for readout-channel 2 = -0.236143
Darkdrift correction for readout-channel 3 = 0.176054
Darkdrift correction for readout-channel 4 = -0.427097
Darkdrift uncertainty for readout-channel 1 = 0.301757
Darkdrift uncertainty for readout-channel 2 = 0.304345
Darkdrift uncertainty for readout-channel 3 = 0.303137
Darkdrift uncertainty for readout-channel 4 = 0.302978
Trimmed average of values in readout-channel 1 = 6.251157
Trimmed average of values in readout-channel 2 = 5.527828
Trimmed average of values in readout-channel 3 = 5.940026
Trimmed average of values in readout-channel 4 = 5.336875
Darkdrift background term = 5.763972
...for data plane = 19
Darkdrift correction for readout-channel 1 = -0.192104
Darkdrift correction for readout-channel 2 = 0.148815
Darkdrift correction for readout-channel 3 = 0.096572
Darkdrift correction for readout-channel 4 = -0.053282
Darkdrift uncertainty for readout-channel 1 = 0.302976
Darkdrift uncertainty for readout-channel 2 = 0.298283
Darkdrift uncertainty for readout-channel 3 = 0.303368
Darkdrift uncertainty for readout-channel 4 = 0.303211
Trimmed average of values in readout-channel 1 = 5.659528
Trimmed average of values in readout-channel 2 = 6.000446
Trimmed average of values in readout-channel 3 = 5.948203
Trimmed average of values in readout-channel 4 = 5.798349
Darkdrift background term = 5.851632
...for data plane = 20
Darkdrift correction for readout-channel 1 = -0.427699
Darkdrift correction for readout-channel 2 = -0.160418
Darkdrift correction for readout-channel 3 = 0.474783
Darkdrift correction for readout-channel 4 = 0.113333
Darkdrift uncertainty for readout-channel 1 = 0.303486
Darkdrift uncertainty for readout-channel 2 = 0.303248
Darkdrift uncertainty for readout-channel 3 = 0.303132
Darkdrift uncertainty for readout-channel 4 = 0.302977
Trimmed average of values in readout-channel 1 = 5.500314
Trimmed average of values in readout-channel 2 = 5.767595
Trimmed average of values in readout-channel 3 = 6.402795
Trimmed average of values in readout-channel 4 = 6.041346
Darkdrift background term = 5.928012
...for data plane = 21
Darkdrift correction for readout-channel 1 = 0.390334
Darkdrift correction for readout-channel 2 = -0.014871
Darkdrift correction for readout-channel 3 = -0.265563
Darkdrift correction for readout-channel 4 = -0.109900
Darkdrift uncertainty for readout-channel 1 = 0.228535
Darkdrift uncertainty for readout-channel 2 = 0.304073
Darkdrift uncertainty for readout-channel 3 = 0.303139
Darkdrift uncertainty for readout-channel 4 = 0.303054
Trimmed average of values in readout-channel 1 = 6.490935
Trimmed average of values in readout-channel 2 = 6.085730
Trimmed average of values in readout-channel 3 = 5.835038
Trimmed average of values in readout-channel 4 = 5.990700
Darkdrift background term = 6.100601
...for data plane = 22
Darkdrift correction for readout-channel 1 = -0.086913
Darkdrift correction for readout-channel 2 = -0.423771
Darkdrift correction for readout-channel 3 = 0.419581
Darkdrift correction for readout-channel 4 = 0.091103
Darkdrift uncertainty for readout-channel 1 = 0.303001
Darkdrift uncertainty for readout-channel 2 = 0.302968
Darkdrift uncertainty for readout-channel 3 = 0.302884
Darkdrift uncertainty for readout-channel 4 = 0.302987
Trimmed average of values in readout-channel 1 = 5.669692
Trimmed average of values in readout-channel 2 = 5.332834
Trimmed average of values in readout-channel 3 = 6.176186
Trimmed average of values in readout-channel 4 = 5.847708
Darkdrift background term = 5.756605
...for data plane = 23
Darkdrift correction for readout-channel 1 = -0.198613
Darkdrift correction for readout-channel 2 = 0.013773
Darkdrift correction for readout-channel 3 = -0.062404
Darkdrift correction for readout-channel 4 = 0.247244
Darkdrift uncertainty for readout-channel 1 = 0.303456
Darkdrift uncertainty for readout-channel 2 = 0.299928
Darkdrift uncertainty for readout-channel 3 = 0.302977
Darkdrift uncertainty for readout-channel 4 = 0.302964
Trimmed average of values in readout-channel 1 = 5.602494
Trimmed average of values in readout-channel 2 = 5.814880
Trimmed average of values in readout-channel 3 = 5.738703
Trimmed average of values in readout-channel 4 = 6.048351
Darkdrift background term = 5.801107
...for data plane = 24
Darkdrift correction for readout-channel 1 = 0.063765
Darkdrift correction for readout-channel 2 = -0.296894
Darkdrift correction for readout-channel 3 = -0.039635
Darkdrift correction for readout-channel 4 = 0.272764
Darkdrift uncertainty for readout-channel 1 = 0.302459
Darkdrift uncertainty for readout-channel 2 = 0.303789
Darkdrift uncertainty for readout-channel 3 = 0.303137
Darkdrift uncertainty for readout-channel 4 = 0.302972
Trimmed average of values in readout-channel 1 = 5.502774
Trimmed average of values in readout-channel 2 = 5.142115
Trimmed average of values in readout-channel 3 = 5.399374
Trimmed average of values in readout-channel 4 = 5.711774
Darkdrift background term = 5.439009
...for data plane = 25
Darkdrift correction for readout-channel 1 = -0.498518
Darkdrift correction for readout-channel 2 = -0.008224
Darkdrift correction for readout-channel 3 = 0.164425
Darkdrift correction for readout-channel 4 = 0.342318
Darkdrift uncertainty for readout-channel 1 = 0.303451
Darkdrift uncertainty for readout-channel 2 = 0.303528
Darkdrift uncertainty for readout-channel 3 = 0.265114
Darkdrift uncertainty for readout-channel 4 = 0.303381
Trimmed average of values in readout-channel 1 = 4.999909
Trimmed average of values in readout-channel 2 = 5.490202
Trimmed average of values in readout-channel 3 = 5.662851
Trimmed average of values in readout-channel 4 = 5.840744
Darkdrift background term = 5.498427
...for data plane = 26
Darkdrift correction for readout-channel 1 = 0.220236
Darkdrift correction for readout-channel 2 = -0.636810
Darkdrift correction for readout-channel 3 = 0.501244
Darkdrift correction for readout-channel 4 = -0.084670
Darkdrift uncertainty for readout-channel 1 = 0.378569
Darkdrift uncertainty for readout-channel 2 = 0.302699
Darkdrift uncertainty for readout-channel 3 = 0.303382
Darkdrift uncertainty for readout-channel 4 = 0.303811
Trimmed average of values in readout-channel 1 = 5.895234
Trimmed average of values in readout-channel 2 = 5.038188
Trimmed average of values in readout-channel 3 = 6.176242
Trimmed average of values in readout-channel 4 = 5.590328
Darkdrift background term = 5.674998
...for data plane = 27
Darkdrift correction for readout-channel 1 = 0.145609
Darkdrift correction for readout-channel 2 = 0.038897
Darkdrift correction for readout-channel 3 = -0.192217
Darkdrift correction for readout-channel 4 = 0.007710
Darkdrift uncertainty for readout-channel 1 = 0.303224
Darkdrift uncertainty for readout-channel 2 = 0.302988
Darkdrift uncertainty for readout-channel 3 = 0.303364
Darkdrift uncertainty for readout-channel 4 = 0.302982
Trimmed average of values in readout-channel 1 = 6.066371
Trimmed average of values in readout-channel 2 = 5.959659
Trimmed average of values in readout-channel 3 = 5.728545
Trimmed average of values in readout-channel 4 = 5.928472
Darkdrift background term = 5.920762
...for data plane = 28
Darkdrift correction for readout-channel 1 = -0.047409
Darkdrift correction for readout-channel 2 = -0.227773
Darkdrift correction for readout-channel 3 = 0.387731
Darkdrift correction for readout-channel 4 = -0.112549
Darkdrift uncertainty for readout-channel 1 = 0.302968
Darkdrift uncertainty for readout-channel 2 = 0.302984
Darkdrift uncertainty for readout-channel 3 = 0.302826
Darkdrift uncertainty for readout-channel 4 = 0.303396
Trimmed average of values in readout-channel 1 = 6.125121
Trimmed average of values in readout-channel 2 = 5.944757
Trimmed average of values in readout-channel 3 = 6.560261
Trimmed average of values in readout-channel 4 = 6.059981
Darkdrift background term = 6.172530
...for data plane = 29
Darkdrift correction for readout-channel 1 = 0.148557
Darkdrift correction for readout-channel 2 = -0.359216
Darkdrift correction for readout-channel 3 = -0.086691
Darkdrift correction for readout-channel 4 = 0.297350
Darkdrift uncertainty for readout-channel 1 = 0.303100
Darkdrift uncertainty for readout-channel 2 = 0.304604
Darkdrift uncertainty for readout-channel 3 = 0.302984
Darkdrift uncertainty for readout-channel 4 = 0.302973
Trimmed average of values in readout-channel 1 = 5.803206
Trimmed average of values in readout-channel 2 = 5.295432
Trimmed average of values in readout-channel 3 = 5.567957
Trimmed average of values in readout-channel 4 = 5.951998
Darkdrift background term = 5.654648
...for data plane = 30
Darkdrift correction for readout-channel 1 = 0.354513
Darkdrift correction for readout-channel 2 = -0.266070
Darkdrift correction for readout-channel 3 = -0.123715
Darkdrift correction for readout-channel 4 = 0.035272
Darkdrift uncertainty for readout-channel 1 = 0.303228
Darkdrift uncertainty for readout-channel 2 = 0.303259
Darkdrift uncertainty for readout-channel 3 = 0.302488
Darkdrift uncertainty for readout-channel 4 = 0.303478
Trimmed average of values in readout-channel 1 = 5.755820
Trimmed average of values in readout-channel 2 = 5.135237
Trimmed average of values in readout-channel 3 = 5.277591
Trimmed average of values in readout-channel 4 = 5.436579
Darkdrift background term = 5.401307
...for data plane = 31
Darkdrift correction for readout-channel 1 = -0.323096
Darkdrift correction for readout-channel 2 = -0.128664
Darkdrift correction for readout-channel 3 = 0.176030
Darkdrift correction for readout-channel 4 = 0.275729
Darkdrift uncertainty for readout-channel 1 = 0.302961
Darkdrift uncertainty for readout-channel 2 = 0.302966
Darkdrift uncertainty for readout-channel 3 = 0.304186
Darkdrift uncertainty for readout-channel 4 = 0.302969
Trimmed average of values in readout-channel 1 = 5.296417
Trimmed average of values in readout-channel 2 = 5.490849
Trimmed average of values in readout-channel 3 = 5.795543
Trimmed average of values in readout-channel 4 = 5.895242
Darkdrift background term = 5.619513
...for data plane = 32
Darkdrift correction for readout-channel 1 = 0.326911
Darkdrift correction for readout-channel 2 = -0.547160
Darkdrift correction for readout-channel 3 = -0.168894
Darkdrift correction for readout-channel 4 = 0.389143
Darkdrift uncertainty for readout-channel 1 = 0.302962
Darkdrift uncertainty for readout-channel 2 = 0.304347
Darkdrift uncertainty for readout-channel 3 = 0.303443
Darkdrift uncertainty for readout-channel 4 = 0.228159
Trimmed average of values in readout-channel 1 = 5.894906
Trimmed average of values in readout-channel 2 = 5.020834
Trimmed average of values in readout-channel 3 = 5.399100
Trimmed average of values in readout-channel 4 = 5.957138
Darkdrift background term = 5.567995
...for data plane = 33
Darkdrift correction for readout-channel 1 = -0.452633
Darkdrift correction for readout-channel 2 = 0.245196
Darkdrift correction for readout-channel 3 = 0.248285
Darkdrift correction for readout-channel 4 = -0.040847
Darkdrift uncertainty for readout-channel 1 = 0.302966
Darkdrift uncertainty for readout-channel 2 = 0.303255
Darkdrift uncertainty for readout-channel 3 = 0.303000
Darkdrift uncertainty for readout-channel 4 = 0.303003
Trimmed average of values in readout-channel 1 = 5.327170
Trimmed average of values in readout-channel 2 = 6.024998
Trimmed average of values in readout-channel 3 = 6.028088
Trimmed average of values in readout-channel 4 = 5.738955
Darkdrift background term = 5.779803
...for data plane = 34
Darkdrift correction for readout-channel 1 = -0.311433
Darkdrift correction for readout-channel 2 = 0.049628
Darkdrift correction for readout-channel 3 = 0.501681
Darkdrift correction for readout-channel 4 = -0.239876
Darkdrift uncertainty for readout-channel 1 = 0.303485
Darkdrift uncertainty for readout-channel 2 = 0.304361
Darkdrift uncertainty for readout-channel 3 = 0.303047
Darkdrift uncertainty for readout-channel 4 = 0.302978
Trimmed average of values in readout-channel 1 = 5.765013
Trimmed average of values in readout-channel 2 = 6.126074
Trimmed average of values in readout-channel 3 = 6.578127
Trimmed average of values in readout-channel 4 = 5.836570
Darkdrift background term = 6.076446
...for data plane = 35
Darkdrift correction for readout-channel 1 = 0.042013
Darkdrift correction for readout-channel 2 = -0.280081
Darkdrift correction for readout-channel 3 = 0.078119
Darkdrift correction for readout-channel 4 = 0.159949
Darkdrift uncertainty for readout-channel 1 = 0.302976
Darkdrift uncertainty for readout-channel 2 = 0.302964
Darkdrift uncertainty for readout-channel 3 = 0.303546
Darkdrift uncertainty for readout-channel 4 = 0.303066
Trimmed average of values in readout-channel 1 = 5.762811
Trimmed average of values in readout-channel 2 = 5.440716
Trimmed average of values in readout-channel 3 = 5.798916
Trimmed average of values in readout-channel 4 = 5.880747
Darkdrift background term = 5.720797
...for data plane = 36
Darkdrift correction for readout-channel 1 = 0.155008
Darkdrift correction for readout-channel 2 = 0.047709
Darkdrift correction for readout-channel 3 = -0.147284
Darkdrift correction for readout-channel 4 = -0.055433
Darkdrift uncertainty for readout-channel 1 = 0.303101
Darkdrift uncertainty for readout-channel 2 = 0.302979
Darkdrift uncertainty for readout-channel 3 = 0.303143
Darkdrift uncertainty for readout-channel 4 = 0.302979
Trimmed average of values in readout-channel 1 = 5.681870
Trimmed average of values in readout-channel 2 = 5.574570
Trimmed average of values in readout-channel 3 = 5.379578
Trimmed average of values in readout-channel 4 = 5.471429
Darkdrift background term = 5.526862
...for data plane = 37
Darkdrift correction for readout-channel 1 = 0.465880
Darkdrift correction for readout-channel 2 = -0.463372
Darkdrift correction for readout-channel 3 = -0.095962
Darkdrift correction for readout-channel 4 = 0.093454
Darkdrift uncertainty for readout-channel 1 = 0.302838
Darkdrift uncertainty for readout-channel 2 = 0.302993
Darkdrift uncertainty for readout-channel 3 = 0.302970
Darkdrift uncertainty for readout-channel 4 = 0.302979
Trimmed average of values in readout-channel 1 = 5.942138
Trimmed average of values in readout-channel 2 = 5.012886
Trimmed average of values in readout-channel 3 = 5.380295
Trimmed average of values in readout-channel 4 = 5.569712
Darkdrift background term = 5.476258
...for data plane = 38
Darkdrift correction for readout-channel 1 = -0.050018
Darkdrift correction for readout-channel 2 = 0.039774
Darkdrift correction for readout-channel 3 = 0.039057
Darkdrift correction for readout-channel 4 = -0.028812
Darkdrift uncertainty for readout-channel 1 = 0.303659
Darkdrift uncertainty for readout-channel 2 = 0.304631
Darkdrift uncertainty for readout-channel 3 = 0.303223
Darkdrift uncertainty for readout-channel 4 = 0.302968
Trimmed average of values in readout-channel 1 = 5.600590
Trimmed average of values in readout-channel 2 = 5.690383
Trimmed average of values in readout-channel 3 = 5.689665
Trimmed average of values in readout-channel 4 = 5.621796
Darkdrift background term = 5.650608
...for data plane = 39
Darkdrift correction for readout-channel 1 = -0.086225
Darkdrift correction for readout-channel 2 = -0.510542
Darkdrift correction for readout-channel 3 = 0.377110
Darkdrift correction for readout-channel 4 = 0.219657
Darkdrift uncertainty for readout-channel 1 = 0.303103
Darkdrift uncertainty for readout-channel 2 = 0.303244
Darkdrift uncertainty for readout-channel 3 = 0.374503
Darkdrift uncertainty for readout-channel 4 = 0.303043
Trimmed average of values in readout-channel 1 = 5.830787
Trimmed average of values in readout-channel 2 = 5.406469
Trimmed average of values in readout-channel 3 = 6.294122
Trimmed average of values in readout-channel 4 = 6.136668
Darkdrift background term = 5.917012
...for data plane = 40
Darkdrift correction for readout-channel 1 = 0.027426
Darkdrift correction for readout-channel 2 = 0.014820
Darkdrift correction for readout-channel 3 = 0.235813
Darkdrift correction for readout-channel 4 = -0.278059
Darkdrift uncertainty for readout-channel 1 = 0.303487
Darkdrift uncertainty for readout-channel 2 = 0.302152
Darkdrift uncertainty for readout-channel 3 = 0.302982
Darkdrift uncertainty for readout-channel 4 = 0.302971
Trimmed average of values in readout-channel 1 = 5.679764
Trimmed average of values in readout-channel 2 = 5.667159
Trimmed average of values in readout-channel 3 = 5.888152
Trimmed average of values in readout-channel 4 = 5.374280
Darkdrift background term = 5.652339
...for data plane = 41
Darkdrift correction for readout-channel 1 = 0.028828
Darkdrift correction for readout-channel 2 = -0.043321
Darkdrift correction for readout-channel 3 = -0.098558
Darkdrift correction for readout-channel 4 = 0.113051
Darkdrift uncertainty for readout-channel 1 = 0.302978
Darkdrift uncertainty for readout-channel 2 = 0.299935
Darkdrift uncertainty for readout-channel 3 = 0.303210
Darkdrift uncertainty for readout-channel 4 = 0.302716
Trimmed average of values in readout-channel 1 = 6.100402
Trimmed average of values in readout-channel 2 = 6.028253
Trimmed average of values in readout-channel 3 = 5.973016
Trimmed average of values in readout-channel 4 = 6.184625
Darkdrift background term = 6.071574
...for data plane = 42
Darkdrift correction for readout-channel 1 = -0.316250
Darkdrift correction for readout-channel 2 = -0.555589
Darkdrift correction for readout-channel 3 = 0.466621
Darkdrift correction for readout-channel 4 = 0.405218
Darkdrift uncertainty for readout-channel 1 = 0.378112
Darkdrift uncertainty for readout-channel 2 = 0.302972
Darkdrift uncertainty for readout-channel 3 = 0.302829
Darkdrift uncertainty for readout-channel 4 = 0.303226
Trimmed average of values in readout-channel 1 = 5.326395
Trimmed average of values in readout-channel 2 = 5.087055
Trimmed average of values in readout-channel 3 = 6.109266
Trimmed average of values in readout-channel 4 = 6.047862
Darkdrift background term = 5.642644
...for data plane = 43
Darkdrift correction for readout-channel 1 = 0.033597
Darkdrift correction for readout-channel 2 = 0.117703
Darkdrift correction for readout-channel 3 = 0.044283
Darkdrift correction for readout-channel 4 = -0.195583
Darkdrift uncertainty for readout-channel 1 = 0.303493
Darkdrift uncertainty for readout-channel 2 = 0.302424
Darkdrift uncertainty for readout-channel 3 = 0.302815
Darkdrift uncertainty for readout-channel 4 = 0.302545
Trimmed average of values in readout-channel 1 = 5.464459
Trimmed average of values in readout-channel 2 = 5.548565
Trimmed average of values in readout-channel 3 = 5.475144
Trimmed average of values in readout-channel 4 = 5.235279
Darkdrift background term = 5.430862
...for data plane = 44
Darkdrift correction for readout-channel 1 = -0.157463
Darkdrift correction for readout-channel 2 = -0.104596
Darkdrift correction for readout-channel 3 = -0.026097
Darkdrift correction for readout-channel 4 = 0.288156
Darkdrift uncertainty for readout-channel 1 = 0.303355
Darkdrift uncertainty for readout-channel 2 = 0.302994
Darkdrift uncertainty for readout-channel 3 = 0.303616
Darkdrift uncertainty for readout-channel 4 = 0.303737
Trimmed average of values in readout-channel 1 = 5.513379
Trimmed average of values in readout-channel 2 = 5.566245
Trimmed average of values in readout-channel 3 = 5.644744
Trimmed average of values in readout-channel 4 = 5.958997
Darkdrift background term = 5.670841
...for data plane = 45
Darkdrift correction for readout-channel 1 = 0.038847
Darkdrift correction for readout-channel 2 = 0.157053
Darkdrift correction for readout-channel 3 = -0.330983
Darkdrift correction for readout-channel 4 = 0.135083
Darkdrift uncertainty for readout-channel 1 = 0.302975
Darkdrift uncertainty for readout-channel 2 = 0.303250
Darkdrift uncertainty for readout-channel 3 = 0.302977
Darkdrift uncertainty for readout-channel 4 = 0.302882
Trimmed average of values in readout-channel 1 = 5.666127
Trimmed average of values in readout-channel 2 = 5.784332
Trimmed average of values in readout-channel 3 = 5.296297
Trimmed average of values in readout-channel 4 = 5.762363
Darkdrift background term = 5.627280
...for data plane = 46
Darkdrift correction for readout-channel 1 = -0.122652
Darkdrift correction for readout-channel 2 = -0.280197
Darkdrift correction for readout-channel 3 = 0.396931
Darkdrift correction for readout-channel 4 = 0.005918
Darkdrift uncertainty for readout-channel 1 = 0.302987
Darkdrift uncertainty for readout-channel 2 = 0.302974
Darkdrift uncertainty for readout-channel 3 = 0.302969
Darkdrift uncertainty for readout-channel 4 = 0.339332
Trimmed average of values in readout-channel 1 = 5.880043
Trimmed average of values in readout-channel 2 = 5.722498
Trimmed average of values in readout-channel 3 = 6.399626
Trimmed average of values in readout-channel 4 = 6.008614
Darkdrift background term = 6.002695
...for data plane = 47
Darkdrift correction for readout-channel 1 = 0.496605
Darkdrift correction for readout-channel 2 = -0.086431
Darkdrift correction for readout-channel 3 = -0.099605
Darkdrift correction for readout-channel 4 = -0.310569
Darkdrift uncertainty for readout-channel 1 = 0.303709
Darkdrift uncertainty for readout-channel 2 = 0.302417
Darkdrift uncertainty for readout-channel 3 = 0.378462
Darkdrift uncertainty for readout-channel 4 = 0.302967
Trimmed average of values in readout-channel 1 = 6.522682
Trimmed average of values in readout-channel 2 = 5.939646
Trimmed average of values in readout-channel 3 = 5.926471
Trimmed average of values in readout-channel 4 = 5.715507
Darkdrift background term = 6.026076
...for data plane = 48
Darkdrift correction for readout-channel 1 = 0.541985
Darkdrift correction for readout-channel 2 = -0.223904
Darkdrift correction for readout-channel 3 = -0.278674
Darkdrift correction for readout-channel 4 = -0.039407
Darkdrift uncertainty for readout-channel 1 = 0.375595
Darkdrift uncertainty for readout-channel 2 = 0.302701
Darkdrift uncertainty for readout-channel 3 = 0.303209
Darkdrift uncertainty for readout-channel 4 = 0.302711
Trimmed average of values in readout-channel 1 = 6.445501
Trimmed average of values in readout-channel 2 = 5.679613
Trimmed average of values in readout-channel 3 = 5.624843
Trimmed average of values in readout-channel 4 = 5.864109
Darkdrift background term = 5.903516
...for data plane = 49
Darkdrift correction for readout-channel 1 = 0.043477
Darkdrift correction for readout-channel 2 = 0.037521
Darkdrift correction for readout-channel 3 = -0.087838
Darkdrift correction for readout-channel 4 = 0.006840
Darkdrift uncertainty for readout-channel 1 = 0.302974
Darkdrift uncertainty for readout-channel 2 = 0.303254
Darkdrift uncertainty for readout-channel 3 = 0.303127
Darkdrift uncertainty for readout-channel 4 = 0.303153
Trimmed average of values in readout-channel 1 = 5.717995
Trimmed average of values in readout-channel 2 = 5.712038
Trimmed average of values in readout-channel 3 = 5.586679
Trimmed average of values in readout-channel 4 = 5.681357
Darkdrift background term = 5.674518
...for data plane = 50
Darkdrift correction for readout-channel 1 = -0.145211
Darkdrift correction for readout-channel 2 = -0.366072
Darkdrift correction for readout-channel 3 = 0.244090
Darkdrift correction for readout-channel 4 = 0.267193
Darkdrift uncertainty for readout-channel 1 = 0.303112
Darkdrift uncertainty for readout-channel 2 = 0.302698
Darkdrift uncertainty for readout-channel 3 = 0.266716
Darkdrift uncertainty for readout-channel 4 = 0.302896
Trimmed average of values in readout-channel 1 = 5.498113
Trimmed average of values in readout-channel 2 = 5.277252
Trimmed average of values in readout-channel 3 = 5.887415
Trimmed average of values in readout-channel 4 = 5.910518
Darkdrift background term = 5.643324
...for data plane = 51
Darkdrift correction for readout-channel 1 = -0.058633
Darkdrift correction for readout-channel 2 = -0.158508
Darkdrift correction for readout-channel 3 = 0.150462
Darkdrift correction for readout-channel 4 = 0.066679
Darkdrift uncertainty for readout-channel 1 = 0.302848
Darkdrift uncertainty for readout-channel 2 = 0.302976
Darkdrift uncertainty for readout-channel 3 = 0.302995
Darkdrift uncertainty for readout-channel 4 = 0.303147
Trimmed average of values in readout-channel 1 = 5.491878
Trimmed average of values in readout-channel 2 = 5.392003
Trimmed average of values in readout-channel 3 = 5.700973
Trimmed average of values in readout-channel 4 = 5.617190
Darkdrift background term = 5.550511
...for data plane = 52
Darkdrift correction for readout-channel 1 = 0.009112
Darkdrift correction for readout-channel 2 = -0.429048
Darkdrift correction for readout-channel 3 = 0.056316
Darkdrift correction for readout-channel 4 = 0.363620
Darkdrift uncertainty for readout-channel 1 = 0.304907
Darkdrift uncertainty for readout-channel 2 = 0.302136
Darkdrift uncertainty for readout-channel 3 = 0.302976
Darkdrift uncertainty for readout-channel 4 = 0.302725
Trimmed average of values in readout-channel 1 = 5.675883
Trimmed average of values in readout-channel 2 = 5.237723
Trimmed average of values in readout-channel 3 = 5.723087
Trimmed average of values in readout-channel 4 = 6.030391
Darkdrift background term = 5.666771
...for data plane = 53
Darkdrift correction for readout-channel 1 = 0.375236
Darkdrift correction for readout-channel 2 = -0.030738
Darkdrift correction for readout-channel 3 = 0.088420
Darkdrift correction for readout-channel 4 = -0.432918
Darkdrift uncertainty for readout-channel 1 = 0.305177
Darkdrift uncertainty for readout-channel 2 = 0.303015
Darkdrift uncertainty for readout-channel 3 = 0.302993
Darkdrift uncertainty for readout-channel 4 = 0.303067
Trimmed average of values in readout-channel 1 = 6.128391
Trimmed average of values in readout-channel 2 = 5.722417
Trimmed average of values in readout-channel 3 = 5.841576
Trimmed average of values in readout-channel 4 = 5.320237
Darkdrift background term = 5.753155
...for data plane = 54
Darkdrift correction for readout-channel 1 = 0.077546
Darkdrift correction for readout-channel 2 = -0.269950
Darkdrift correction for readout-channel 3 = -0.074451
Darkdrift correction for readout-channel 4 = 0.266855
Darkdrift uncertainty for readout-channel 1 = 0.302852
Darkdrift uncertainty for readout-channel 2 = 0.302966
Darkdrift uncertainty for readout-channel 3 = 0.303543
Darkdrift uncertainty for readout-channel 4 = 0.303048
Trimmed average of values in readout-channel 1 = 6.457767
Trimmed average of values in readout-channel 2 = 6.110270
Trimmed average of values in readout-channel 3 = 6.305769
Trimmed average of values in readout-channel 4 = 6.647075
Darkdrift background term = 6.380220
...for data plane = 55
Darkdrift correction for readout-channel 1 = -0.249414
Darkdrift correction for readout-channel 2 = -0.181584
Darkdrift correction for readout-channel 3 = 0.275981
Darkdrift correction for readout-channel 4 = 0.155017
Darkdrift uncertainty for readout-channel 1 = 0.302983
Darkdrift uncertainty for readout-channel 2 = 0.302980
Darkdrift uncertainty for readout-channel 3 = 0.302899
Darkdrift uncertainty for readout-channel 4 = 0.302986
Trimmed average of values in readout-channel 1 = 5.134868
Trimmed average of values in readout-channel 2 = 5.202698
Trimmed average of values in readout-channel 3 = 5.660263
Trimmed average of values in readout-channel 4 = 5.539299
Darkdrift background term = 5.384282
...for data plane = 56
Darkdrift correction for readout-channel 1 = 0.083182
Darkdrift correction for readout-channel 2 = -0.169948
Darkdrift correction for readout-channel 3 = 0.425090
Darkdrift correction for readout-channel 4 = -0.338324
Darkdrift uncertainty for readout-channel 1 = 0.302450
Darkdrift uncertainty for readout-channel 2 = 0.302971
Darkdrift uncertainty for readout-channel 3 = 0.302811
Darkdrift uncertainty for readout-channel 4 = 0.303335
Trimmed average of values in readout-channel 1 = 5.593243
Trimmed average of values in readout-channel 2 = 5.340113
Trimmed average of values in readout-channel 3 = 5.935151
Trimmed average of values in readout-channel 4 = 5.171737
Darkdrift background term = 5.510061
...for data plane = 57
Darkdrift correction for readout-channel 1 = 0.215284
Darkdrift correction for readout-channel 2 = -0.034616
Darkdrift correction for readout-channel 3 = 0.106546
Darkdrift correction for readout-channel 4 = -0.287213
Darkdrift uncertainty for readout-channel 1 = 0.303098
Darkdrift uncertainty for readout-channel 2 = 0.302707
Darkdrift uncertainty for readout-channel 3 = 0.303205
Darkdrift uncertainty for readout-channel 4 = 0.303058
Trimmed average of values in readout-channel 1 = 5.796137
Trimmed average of values in readout-channel 2 = 5.546237
Trimmed average of values in readout-channel 3 = 5.687399
Trimmed average of values in readout-channel 4 = 5.293640
Darkdrift background term = 5.580853
...for data plane = 58
Darkdrift correction for readout-channel 1 = 0.134797
Darkdrift correction for readout-channel 2 = -0.532780
Darkdrift correction for readout-channel 3 = 0.250678
Darkdrift correction for readout-channel 4 = 0.147305
Darkdrift uncertainty for readout-channel 1 = 0.303471
Darkdrift uncertainty for readout-channel 2 = 0.303249
Darkdrift uncertainty for readout-channel 3 = 0.303135
Darkdrift uncertainty for readout-channel 4 = 0.302979
Trimmed average of values in readout-channel 1 = 0.791627
Trimmed average of values in readout-channel 2 = 0.124050
Trimmed average of values in readout-channel 3 = 0.907508
Trimmed average of values in readout-channel 4 = 0.804136
Darkdrift background term = 0.656830
...for data plane = 59
Darkdrift correction for readout-channel 1 = -0.053147
Darkdrift correction for readout-channel 2 = -0.208215
Darkdrift correction for readout-channel 3 = -0.140040
Darkdrift correction for readout-channel 4 = 0.401402
Darkdrift uncertainty for readout-channel 1 = 0.377937
Darkdrift uncertainty for readout-channel 2 = 0.376225
Darkdrift uncertainty for readout-channel 3 = 0.303223
Darkdrift uncertainty for readout-channel 4 = 0.303119
Trimmed average of values in readout-channel 1 = 5.857133
Trimmed average of values in readout-channel 2 = 5.702064
Trimmed average of values in readout-channel 3 = 5.770239
Trimmed average of values in readout-channel 4 = 6.311682
Darkdrift background term = 5.910279
...for data plane = 60
Darkdrift correction for readout-channel 1 = 0.239850
Darkdrift correction for readout-channel 2 = -0.211901
Darkdrift correction for readout-channel 3 = -0.114911
Darkdrift correction for readout-channel 4 = 0.086963
Darkdrift uncertainty for readout-channel 1 = 0.303251
Darkdrift uncertainty for readout-channel 2 = 0.302716
Darkdrift uncertainty for readout-channel 3 = 0.294223
Darkdrift uncertainty for readout-channel 4 = 0.303483
Trimmed average of values in readout-channel 1 = 6.374737
Trimmed average of values in readout-channel 2 = 5.922986
Trimmed average of values in readout-channel 3 = 6.019976
Trimmed average of values in readout-channel 4 = 6.221850
Darkdrift background term = 6.134887
...for data plane = 61
Darkdrift correction for readout-channel 1 = 0.119048
Darkdrift correction for readout-channel 2 = -0.285070
Darkdrift correction for readout-channel 3 = -0.048049
Darkdrift correction for readout-channel 4 = 0.214071
Darkdrift uncertainty for readout-channel 1 = 0.303226
Darkdrift uncertainty for readout-channel 2 = 0.302712
Darkdrift uncertainty for readout-channel 3 = 0.303203
Darkdrift uncertainty for readout-channel 4 = 0.303053
Trimmed average of values in readout-channel 1 = 5.785331
Trimmed average of values in readout-channel 2 = 5.381214
Trimmed average of values in readout-channel 3 = 5.618234
Trimmed average of values in readout-channel 4 = 5.880355
Darkdrift background term = 5.666283
...for data plane = 62
Darkdrift correction for readout-channel 1 = 0.343191
Darkdrift correction for readout-channel 2 = -0.697509
Darkdrift correction for readout-channel 3 = 0.297294
Darkdrift correction for readout-channel 4 = 0.057024
Darkdrift uncertainty for readout-channel 1 = 0.302970
Darkdrift uncertainty for readout-channel 2 = 0.302971
Darkdrift uncertainty for readout-channel 3 = 0.303210
Darkdrift uncertainty for readout-channel 4 = 0.303146
Trimmed average of values in readout-channel 1 = 5.982128
Trimmed average of values in readout-channel 2 = 4.941427
Trimmed average of values in readout-channel 3 = 5.936230
Trimmed average of values in readout-channel 4 = 5.695961
Darkdrift background term = 5.638937
...for data plane = 63
Darkdrift correction for readout-channel 1 = -0.017423
Darkdrift correction for readout-channel 2 = -0.575239
Darkdrift correction for readout-channel 3 = 0.304335
Darkdrift correction for readout-channel 4 = 0.288327
Darkdrift uncertainty for readout-channel 1 = 0.302981
Darkdrift uncertainty for readout-channel 2 = 0.304346
Darkdrift uncertainty for readout-channel 3 = 0.303552
Darkdrift uncertainty for readout-channel 4 = 0.303131
Trimmed average of values in readout-channel 1 = 5.499389
Trimmed average of values in readout-channel 2 = 4.941573
Trimmed average of values in readout-channel 3 = 5.821147
Trimmed average of values in readout-channel 4 = 5.805140
Darkdrift background term = 5.516812
...for data plane = 64
Darkdrift correction for readout-channel 1 = 0.207788
Darkdrift correction for readout-channel 2 = 0.044989
Darkdrift correction for readout-channel 3 = -0.162969
Darkdrift correction for readout-channel 4 = -0.089809
Darkdrift uncertainty for readout-channel 1 = 0.302701
Darkdrift uncertainty for readout-channel 2 = 0.303251
Darkdrift uncertainty for readout-channel 3 = 0.303360
Darkdrift uncertainty for readout-channel 4 = 0.302796
Trimmed average of values in readout-channel 1 = 5.645389
Trimmed average of values in readout-channel 2 = 5.482590
Trimmed average of values in readout-channel 3 = 5.274632
Trimmed average of values in readout-channel 4 = 5.347791
Darkdrift background term = 5.437601

Program darkdrift: Status Message: 0x0000
Normal exit from Function 0x0000: LOG_WRITER
darkdrift Warning: NaN's were produced in the results.
A total of     2013   NaN's were produced in the results.
Processing time: 13.090000 seconds
Current date/time: Sat Jan  9 14:58:07 2016
Program darkdrift, version 4.1, terminated.

darkdrift   exit_value =   0    execution_time = 13.200s
******************************************************************
Pipeline executing flatap
flatap -i darkdrift.fits -p cal/pmask.fits -f cal/skyflat.fits -ui sig_darkdrift.fits -uo sig_flatap.fits -d dmask.fits -o flatap.fits -c cal/skyflat_cmask.fits 
******************************************************************
Pipeline Module FLATAP Version 1.5
Processing time Sat Jan  9 14:58:08 2016

flatap_parse_namelist: Information only: Namelist not specified.
Sat Jan  9 14:58:08 2016
flatap_log_writer: Could not open Log File, using stdout
Flatap Version 1.5
Namelist File  = 
Input DCE = darkdrift.fits
Output DCE = !flatap.fits
Flatfield = cal/skyflat.fits
Input Uncertainty = sig_darkdrift.fits
Output Uncertainty = !sig_flatap.fits
Pmask File = cal/pmask.fits
Pmask Mask = 128
Dmask File = dmask.fits
Dmask Mask = 16384
Cmask File = cal/skyflat_cmask.fits
Cmask Mask = 256
Trans CAL File = 
Trans CAL CMask File = 
Processing Log File = 
Time =    0.20 seconds
*********************

Time = 0.200 seconds
exit code 0

flatap   exit_value =   0    execution_time = 0.270s
******************************************************************
Pipeline executing imfliprot
imfliprot -i flatap.fits -n cdf/pn107.nl -a /sos/sw/S19.2.0/STUDIO/downlink/include -o imfliprot.fits 
******************************************************************

imfliprot_log_writer: Printing Log output to stdout

Program imfliprot, Version 1.0
Namelist File  = cdf/pn107.nl
Input File = flatap.fits
Output File = imfliprot.fits
Image has been flipped
Image Rotation (degrees)  = 180
Ancillary Data-File Path = /sos/sw/S19.2.0/STUDIO/downlink/include
Verbose flag = 0
Debug flag = 0
imfliprot Status Message      0x0000: Normal exit from Function 0x0000: LOG_WRITER
Processing time: 0.250000 seconds
Current date/time: Sat Jan  9 14:58:09 2016
Program imfliprot, version 1.0, terminated.


imfliprot   exit_value =   0    execution_time = 0.290s
******************************************************************
Pipeline executing imfliprot
imfliprot -i sig_flatap.fits -n cdf/pn107.nl -a /sos/sw/S19.2.0/STUDIO/downlink/include -o sig_imfliprot.fits 
******************************************************************

imfliprot_log_writer: Printing Log output to stdout

Program imfliprot, Version 1.0
Namelist File  = cdf/pn107.nl
Input File = sig_flatap.fits
Output File = sig_imfliprot.fits
Image has been flipped
Image Rotation (degrees)  = 180
Ancillary Data-File Path = /sos/sw/S19.2.0/STUDIO/downlink/include
Verbose flag = 0
Debug flag = 0
imfliprot Status Message      0x0000: Normal exit from Function 0x0000: LOG_WRITER
Processing time: 0.220000 seconds
Current date/time: Sat Jan  9 14:58:10 2016
Program imfliprot, version 1.0, terminated.


imfliprot   exit_value =   0    execution_time = 0.260s
******************************************************************
Pipeline executing imfliprot
imfliprot -i dmask.fits -n cdf/pn107.nl -a /sos/sw/S19.2.0/STUDIO/downlink/include -o temp_dmask.fits 
******************************************************************

imfliprot_log_writer: Printing Log output to stdout

Program imfliprot, Version 1.0
Namelist File  = cdf/pn107.nl
Input File = dmask.fits
Output File = temp_dmask.fits
Image has been flipped
Image Rotation (degrees)  = 180
Ancillary Data-File Path = /sos/sw/S19.2.0/STUDIO/downlink/include
Verbose flag = 0
Debug flag = 0
imfliprot Status Message      0x0000: Normal exit from Function 0x0000: LOG_WRITER
Processing time: 0.060000 seconds
Current date/time: Sat Jan  9 14:58:10 2016
Program imfliprot, version 1.0, terminated.


imfliprot   exit_value =   0    execution_time = 0.100s
******************************************************************
Pipeline executing imfliprot
imfliprot -i fowlinearize.fits -n cdf/pn107.nl -a /sos/sw/S19.2.0/STUDIO/downlink/include -o temp_fowlinearize.fits 
******************************************************************

imfliprot_log_writer: Printing Log output to stdout

Program imfliprot, Version 1.0
Namelist File  = cdf/pn107.nl
Input File = fowlinearize.fits
Output File = temp_fowlinearize.fits
Image has been flipped
Image Rotation (degrees)  = 180
Ancillary Data-File Path = /sos/sw/S19.2.0/STUDIO/downlink/include
Verbose flag = 0
Debug flag = 0
imfliprot Status Message      0x0000: Normal exit from Function 0x0000: LOG_WRITER
Processing time: 0.120000 seconds
Current date/time: Sat Jan  9 14:58:11 2016
Program imfliprot, version 1.0, terminated.


imfliprot   exit_value =   0    execution_time = 0.160s
******************************************************************
Pipeline executing imfliprot
imfliprot -i sig_fowlinearize.fits -n cdf/pn107.nl -a /sos/sw/S19.2.0/STUDIO/downlink/include -o temp_sig_fowlinearize.fits 
******************************************************************

imfliprot_log_writer: Printing Log output to stdout

Program imfliprot, Version 1.0
Namelist File  = cdf/pn107.nl
Input File = sig_fowlinearize.fits
Output File = temp_sig_fowlinearize.fits
Image has been flipped
Image Rotation (degrees)  = 180
Ancillary Data-File Path = /sos/sw/S19.2.0/STUDIO/downlink/include
Verbose flag = 0
Debug flag = 0
imfliprot Status Message      0x0000: Normal exit from Function 0x0000: LOG_WRITER
Processing time: 0.100000 seconds
Current date/time: Sat Jan  9 14:58:11 2016
Program imfliprot, version 1.0, terminated.


imfliprot   exit_value =   0    execution_time = 0.150s
******************************************************************
Pipeline executing dntoflux
dntoflux -i imfliprot.fits -iu sig_imfliprot.fits -n cdf/pn107.nl -co 0 -c 0.1447 -u 0.0000 -a /sos/sw/S19.2.0/STUDIO/downlink/include -o1 dntoflux.fits -ou sig_dntoflux.fits -t 1 
******************************************************************

Program dntoflux, Version 4.2
Namelist File  = cdf/pn107.nl
Input Image = imfliprot.fits
Output File 1 = dntoflux.fits
Output Uncertainty Image = sig_dntoflux.fits
Operation flag = 0
Conversion factor = 0.144700
Input Uncertainty Image = sig_imfliprot.fits
Conversion-factor uncertainty = 0.000000
Output BUNIT setting = MJy/sr
Normalize-by-EXPTIME Flag = 1
EXPTIME = 1.920000
Data-Plane Flag = 1
Ancillary Data-File Path = /sos/sw/S19.2.0/STUDIO/downlink/include
Verbose flag = 0
Super-verbose flag = 0
Debug flag = 0
Terminating data-units-conversion program.
dntoflux Status Message: 0x0000
Normal exit from Function 0x0000: LOG_WRITER
dntoflux Probs Warning: NaN's were produced in the results.
A total of     4026   NaN's were produced in the results.
Processing time: 0.600000 seconds
Current date/time: Sat Jan  9 14:58:12 2016
Program dntoflux, version 4.2, terminated.

dntoflux   exit_value =   0    execution_time = 0.750s
******************************************************************
Pipeline executing qatool
qatool -i dntoflux.fits -n cdf/pn107.nl -nb QATOOLBCD -a /sos/sw/S19.2.0/STUDIO/downlink/include -o qa/BCD_qatool 
******************************************************************
qatool_parse_namelist: Information only: Namelist block-name = &QATOOLBCD
Program qatool, Version 6.0
Namelist File  = cdf/pn107.nl
Input File = dntoflux.fits
Output Data Filename Base = qa/BCD_qatool
Statistics Group = 0
Percent-Scaling Flag = 0
Calculation Type = 1
(set-up to do additional computations for four readout channels)
Number of Mean Absolute Deviations for Histogram Half-Width Coverage = 5
Number of Bins in Histograms = 41
Central fraction for trimmed average = 0.810000
Central fraction for trimmed std. dev. = 0.720000
Bad-pixel tolerance fraction = 0.900000
Statistics Box X position = 3
Statistics Box Y position = 4
Statistics Box X width = 20
Statistics Box Y height = 23
Input-Image Transpose Flag = 1
Unsigned Integer Flag = 0
Data-Plane Flag = 1
Number Edge Rows/Cols Skipped = 2
Keyword Prefix = bcd
Ancillary Data-File Path = /sos/sw/S19.2.0/STUDIO/downlink/include
Verbose flag = 0
Super-verbose flag = 0
Debug flag = 0
Performed statistical and histogram calculations.
Program qatool: Status Message: 0x0000
Normal exit from Function 0x0000: LOG_WRITER
Processing time: 1.540000 seconds
Current date/time: Sat Jan  9 14:58:14 2016
Program qatool, version 6.0, terminated.

qatool   exit_value =   0    execution_time = 1.650s
******************************************************************
Pipeline executing chkmask
chkmask dmask.fits -q qa/BCD_qatool.qa 
******************************************************************
 chkmask vsn 1.35 A40312
 
 No. of occurrences of the   2 status combinations:
   2269 occurrences of   256 (8)                                 
   10 occurrences of   16 (4)                                 
 
 Status Bit: No. of Pixels
   0:   0
   1:   0
   2:   0
   3:   0
   4:   10
   5:   0
   6:   0
   7:   0
   8:   2269
   9:   0
   10:   0
   11:   0
   12:   0
   13:   0
   14:   0
 

chkmask   exit_value =   0    execution_time = 0.340s
******************************************************************
Loading QA information for DCE and BCD product
Keyword APDUV1E not found in header
Keyword APDUV2E not found in header
Keyword APDUV3E not found in header
Keyword APDUI1E not found in header
Keyword APDUI2E not found in header
Keyword APDUI3E not found in header
Could not append keyword APDUV1E to QA file qa/DCE_qatool.qa
Could not append keyword APDUV2E to QA file qa/DCE_qatool.qa
Could not append keyword APDUV3E to QA file qa/DCE_qatool.qa
Could not append keyword APDUI1E to QA file qa/DCE_qatool.qa
Could not append keyword APDUI2E to QA file qa/DCE_qatool.qa
Could not append keyword APDUI3E to QA file qa/DCE_qatool.qa
******************************************************************
Pipeline executing qaloader
qaloader -i qa/DCE_qatool.qa -tablename qa_iracdce -o qa/qaloader.sql -role pipelineswrole 
******************************************************************
2016/01/09 14:58:18 BEGIN qaloader v1.13
 -i (QA_FILE) qa/DCE_qatool.qa
 -tablename (TABLENAME) qa_iracdce
 -o (SQL_FILE) qa/qaloader.sql
 -role (ROLE) pipelineswrole
Using metadata version 13.0b
table name=qa_iracdce

QA values ingested:
{-4.612432e+01} {}
dceAveFI_1       -4.612432e+01 
{-5.019298e+01} {}
dceAveR1_1       -5.019298e+01 
{-2.961534e+01} {}
dceAveR2_1       -2.961534e+01 
{-3.266856e+01} {}
dceAveR3_1       -3.266856e+01 
{-7.202040e+01} {}
dceAveR4_1       -7.202040e+01 
{-2.200000e+01} {-5.019298e+01}
dceMedFI_1       -2.200000e+01 
{3.027549e+02} {}
dceSdevFI_1      3.027549e+02 
{4.770400e+00} {}
dceDSclFI_1      4.770400e+00 
{-8.770000e+03} {}
dceMinFI_1       -8.770000e+03 
{1.500000e+01} {}
dceMaxFI_1       1.500000e+01 
{147809601} {}
DCEID            147809601 
{2} {-4.612432e+01}
CHNLNUM          2 
{0} {}
ADCEID           0 
{8} {}
AFOWLNUM         8 
{184} {}
AWAITPER         184 
{0} {}
AWEASIDE         0 
{1} {}
AREADMOD         1 
{27.699513} {}
AFPAT1B          27.699513 
{28.669623} {}
AFPAT2B          28.669623 
{0} {}
APEDSIG          0 
{0} {}
ATXSTAT          0 
{0} {}
AFLSTAT          0 
{4} {}
ASHSTAT          4 
{-3.5591532} {}
AVRSTBEG         -3.5591532 
{-3.056874} {}
AVDETBEG         -3.056874 
{-3.618536} {}
AVGG1BEG         -3.618536 
{-3.550644} {}
AVDDUBEG         -3.550644 
{0} {}
AVGGCBEG         0 
{21.047351} {}
ACTENDT          21.047351 
{19.270529} {}
AFPECTE          19.270529 
{22.604265} {}
AFPEATE          22.604265 
{23.546779} {}
ATCTEMPE         23.546779 
{21.01687} {}
ACETEMPE         21.01687 
{20.98639} {}
APDTEMPE         20.98639 
{27.671961} {}
ACATMP2E         27.671961 
2016/01/09 14:58:18 END   qaloader status=0

qaloader   exit_value =   0    execution_time = 0.110s
******************************************************************
Pipeline executing qaloader
qaloader -i qa/BCD_qatool.qa -tablename qa_iracdp -o qa/qaloader.sql 
******************************************************************
2016/01/09 14:58:18 BEGIN qaloader v1.13
 -i (QA_FILE) qa/BCD_qatool.qa
 -tablename (TABLENAME) qa_iracdp
 -o (SQL_FILE) qa/qaloader.sql
Using metadata version 13.0b
table name=qa_iracdp

QA values ingested:
{2.545684e+00} {}
bcdAveFI_1       2.545684e+00 
{4.036270e+00} {}
bcdAveUB_1       4.036270e+00 
{5.611644e-01} {}
bcdMedFI_1       5.611644e-01 
{6.927432e-01} {}
bcdMedUB_1       6.927432e-01 
{2.595905e+01} {}
bcdSdevFI_1      2.595905e+01 
{3.382406e+01} {}
bcdSdevUB_1      3.382406e+01 
{4.254624e-01} {}
bcdDSclFI_1      4.254624e-01 
{4.882190e-01} {}
bcdDSclUB_1      4.882190e-01 
{-2.090877e+00} {}
bcdMinFI_1       -2.090877e+00 
{-7.546993e-01} {}
bcdMinUB_1       -7.546993e-01 
{6.886369e+02} {}
bcdMaxFI_1       6.886369e+02 
{6.886369e+02} {}
bcdMaxUB_1       6.886369e+02 
{5.447820e-01} {}
bcdC68lFI_1      5.447820e-01 
{5.778912e-01} {}
bcdC68uFI_1      5.778912e-01 
{391693032} {}
DPID             391693032 
{2} {2.545684e+00}
CHNLNUM          2 
2016/01/09 14:58:19 END   qaloader status=0

qaloader   exit_value =   0    execution_time = 0.160s
******************************************************************
Pipeline executing dbaccess
dbaccess -e sodb qa/qaloader.sql 
******************************************************************
set role pipelineswrole;
set lock mode to wait 30;
EXECUTE PROCEDURE addQA_iracdce (147809601, NULL, NULL, 2, -4.612432e+01, 
-2.200000e+01, -5.019298e+01, -2.961534e+01, -3.266856e+01, -7.202040e+01, 
3.027549e+02, 4.770400e+00, -8.770000e+03, 1.500000e+01, 0, 8, 184, 0, 1, 
27.699513, 28.669623, 0, 0, 0, 4, -3.5591532, -3.056874, -3.618536, -3.550644, 
0, 21.047351, 19.270529, 22.604265, 23.546779, 21.01687, 20.98639, 27.671961, 
NULL, NULL, NULL, NULL, NULL, NULL);
EXECUTE PROCEDURE addQA_iracdp (391693032, NULL, NULL, 2, 2.545684e+00, 
4.036270e+00, 5.611644e-01, 6.927432e-01, 2.595905e+01, 3.382406e+01, 
4.254624e-01, 4.882190e-01, -2.090877e+00, -7.546993e-01, 6.886369e+02, 
6.886369e+02, 5.447820e-01, 5.778912e-01, NULL, NULL, NULL, NULL, NULL, NULL);
execute procedure setDceTimeParameters (147809601, 1037061556.455, "2012-11-11 00:32:56.128", 1.92, 2.00);

dbaccess   exit_value =   0    execution_time = 0.150s
******************************************************************
Finishing IRAC science pipeline processing
Could not copy cal/firstframe_corr.fits to /sbx10/S19.2.0/archive/proc/full/IRAC033400/bcd/4568/0046471424/2/0179/0000/17/01/1/cal/firstframe_corr.fits
Could not copy imask.fits to /sbx10/S19.2.0/archive/proc/full/IRAC033400/bcd/4568/0046471424/2/0179/0000/17/01/1/imask.fits
Could not copy muxbleedcorr.fits to /sbx10/S19.2.0/archive/proc/full/IRAC033400/bcd/4568/0046471424/2/0179/0000/17/01/1/muxbleedcorr.fits
Could not copy slremove.fits to /sbx10/S19.2.0/archive/proc/full/IRAC033400/bcd/4568/0046471424/2/0179/0000/17/01/1/slremove.fits
******************************************************************
PlScriptID 17 exiting Saturday, January  9, 2016  2:58:22 PM PST
Host: sopipe61
Local Processing Directory: /scr1/S19.2.0/IRAC033400/bcd/4568/0046471424/2/0179/0000/17/01/1
Sandbox Directory: /sbx10/S19.2.0/archive/proc/full/IRAC033400/bcd/4568/0046471424/2/0179/0000/17/01/1
Processing time: total 32.78 s (user 1.05, system 1.11, child user 19.03, child system 11.59)
Pipeline exit code: Normal exit (0)
******************************************************************
