 hdrupd8 vsn 1.6  A70821
******************************************************************
Executing IRAC science pipeline
******************************************************************
Pipeline executing sanity_datatype
sanity_datatype -i ../fos16.fits -t1 cdf/sanity_datatype1.tbl -t2 cdf/sanity_datatype2.tbl -o1 qa/sanity_datatype1.tbl -o2 qa/sanity_datatype2.tbl 
******************************************************************
Program Sanity_datatype is started .... Version 1.0, Sat Jan  9 14:57:31 2016
Input Image File = ../fos16.fits
Input Data Table 1 = cdf/sanity_datatype1.tbl
Input Data Table 2 = cdf/sanity_datatype2.tbl
Output Filename1 = qa/sanity_datatype1.tbl
Output Filename2 = qa/sanity_datatype2.tbl
Log File = stdout
I_Debug = 0
I_Verbose = 0
I_SuperVerbose = 0
Processing time: 0.070000 seconds
Program Sanity_datatype is done. Version 1.0, Sat Jan  9 14:57:31 2016


sanity_datatype   exit_value =   0    execution_time = 0.390s
******************************************************************
Pipeline executing qatool
qatool -i ../fos16.fits -n cdf/pn107.nl -nb QATOOLDCE -a /sos/sw/S19.2.0/STUDIO/downlink/include -o qa/DCE_qatool 
******************************************************************
qatool_parse_namelist: Information only: Namelist block-name = &QATOOLDCE
Program qatool, Version 6.0
Namelist File  = cdf/pn107.nl
Input File = ../fos16.fits
Output Data Filename Base = qa/DCE_qatool
Statistics Group = 0
Percent-Scaling Flag = 0
Calculation Type = 1
(set-up to do additional computations for four readout channels)
Number of Mean Absolute Deviations for Histogram Half-Width Coverage = 5
Number of Bins in Histograms = 41
Central fraction for trimmed average = 0.810000
Central fraction for trimmed std. dev. = 0.720000
Bad-pixel tolerance fraction = 0.340000
Statistics Box X position = 3
Statistics Box Y position = 4
Statistics Box X width = 27
Statistics Box Y height = 33
Input-Image Transpose Flag = 1
Unsigned Integer Flag = 0
Data-Plane Flag = 1
Number Edge Rows/Cols Skipped = 10
Keyword Prefix = dce
Ancillary Data-File Path = /sos/sw/S19.2.0/STUDIO/downlink/include
Verbose flag = 0
Super-verbose flag = 0
Debug flag = 0
Performed statistical and histogram calculations.
Program qatool: Status Message: 0x0000
Normal exit from Function 0x0000: LOG_WRITER
Processing time: 0.740000 seconds
Current date/time: Sat Jan  9 14:57:33 2016
Program qatool, version 6.0, terminated.

qatool   exit_value =   0    execution_time = 0.840s
******************************************************************
Pipeline executing sanity_check
sanity_check -i qa/DCE_qatool.tbl -o qa/sanity_check.tbl 
******************************************************************
Program Sanity_check is started .... Version 1.0, Sat Jan  9 14:57:37 2016

Input File = qa/DCE_qatool.tbl
Output = qa/sanity_check.tbl
Processing time: 0.030000 seconds
Current date/time: Sat Jan  9 14:57:37 2016
Program Sanity_check, version 1.0, terminated.

sanity_check   exit_value =   0    execution_time = 0.640s
******************************************************************
Pipeline executing abad_repair
abad_repair -i ../fos16.fits -o abad_repair.fits 
******************************************************************
Pipeline Module ABAD_REPAIR Version 1.2
Processing time Sat Jan  9 14:57:37 2016

ABAD_READ_DATA: A0752D00 = 0
status from read: 1
npixs = 65536
enter output with 0
files ../fos16.fits !abad_repair.fits 
open output [!abad_repair.fits]
comment [Sat Jan  9 14:57:37 2016]
Time = 0.050 seconds
exit code 0

abad_repair   exit_value =   0    execution_time = 0.110s
******************************************************************
Pipeline executing tranhead
tranhead -i abad_repair.fits -n cdf/pn107.nl -k /scr/S19.2.0/cdf/ctd/telemetry_dictionary.dat -a /sos/sw/S19.2.0/STUDIO/downlink/include -o tranhead.fits -t, cdf/Keyword_Include_List.dat 
******************************************************************

Program tranhead, Version 13.2
Namelist File  = cdf/pn107.nl
Input File = abad_repair.fits
Dictionary File = /scr/S19.2.0/cdf/ctd/telemetry_dictionary.dat
CTD Version String = 3.0.94S
Keyword-Include-List File = cdf/Keyword_Include_List.dat
Translated-Keyword File = tranhead.hdr
CSPICE leapseconds kernel = /scr/S19.2.0/cdf/spice/leapseconds.ker
CSPICE SCLK_SCET kernel = /scr/S19.2.0/cdf/spice/sclk_scet.ker
CSPICE Spitzer Ephemeris = /scr/S19.2.0/cdf/spice/sirtf.bsp
CSPICE Planets Ephemeris = /scr/S19.2.0/cdf/spice/de.bsp
Output File = tranhead.fits
Operation Type = 1
FITS-Header Comment Flag = 1
SCLK correction factor = 1.000380
Ignore Frames (1st) = -1
Ignore Frames (2nd and higher) = -1
Central fraction for trimmed average  = 0.900000
Central fraction for trimmed std. dev. = 0.900000
Gain = 3.710000
Gain_RdOutCh_1 = 3.710000
Gain_RdOutCh_2 = 3.710000
Gain_RdOutCh_3 = 3.710000
Gain_RdOutCh_4 = 3.710000
Ancillary Data-File Path = /sos/sw/S19.2.0/STUDIO/downlink/include
Verbose flag = 0
Super-verbose flag = 0
Debug flag = 0
Configured to perform forward FITS keyword translation.
tranhead Status Message: 0x0000
Normal exit from Function 0x0000: LOG_WRITER
A total of        0   NaN's were produced in the results.
Processing time: 0.340000 seconds
Current date/time: Sat Jan  9 14:57:38 2016
Program tranhead, version 13.2, terminated.

tranhead   exit_value =   0    execution_time = 0.470s
 hdrupd8 vsn 1.6  A70821


LabDark

chan, frametime, hdy, extrpt = 2, 2.00, F, 233
expid  adceid  repidx  =  48,  0,  0 

SkyDarkaor template time = 2
hdy  repidx =  F  0
expid  ext-repeat  =  48  233

******************************************************************
Pipeline executing caltrans
caltrans -n cdf/pn107.nl -m 2 -a 7 -b /scr1/S19.2.0/dlcaldata/irac -s tranhead.fits -o cal -u SUB -jk1 CHNLNUM -jv1 2 -ja1 N -ju1 0 -js1 flip -jk2 CHNLNUM;AFOWLNUM;AWAITPER;FRAMTIME;HDRMODE -jv2 2;8;184;2.00;F -ja2 N;N;N;N;S -ju2 0;0;0;0;0 -js2 sigma;cmask -jk3 CHNLNUM;AFOWLNUM;AWAITPER;FRAMTIME;HDRMODE -jv3 2;8;184;2.00;F -ja3 N;N;N;N;S -ju3 0;0;0;0;0 -js3 cmask -jk4 CHNLNUM -jv4 2 -ja4 N -ju4 0 -js4 cmask -jk5 CHNLNUM -jv5 2 -ja5 N -ju5 0 -js5 cmask -jk6 CHNLNUM -jv6 2 -ja6 N -ju6 0 -jk7 CHNLNUM;AFOWLNUM;AWAITPER -jv7 2;8;184 -ja7 N;N;N -ju7 0;0;0 -jk8 CHNLNUM;AFOWLNUM;AWAITPER -jv8 2;8;184 -ja8 N;N;N -ju8 0;0;0 -e CALTRANSsciSUB 
******************************************************************

Online Namelist file descriptor associated
Online namelist buffer loaded: length = 7422

Warning !:  Ancillary file #1  with full suffix filename  '/sos/archive/fallbacks/IRAC004600/SUB_2s_2sf8d1r1_ch2_v2.0.0_dark_sigma.fits'  NOT in archive/sandbox !!.
Proceed to the next suffix fileprocessing .....

Warning !:  Ancillary file #2  with full suffix filename  '/sos/archive/fallbacks/IRAC004600/SUB_2s_2sf8d1r1_ch2_v2.0.0_dark_cmask.fits'  NOT in archive/sandbox !!.
Proceed to the next suffix fileprocessing .....

Warning !:  Ancillary-suffix file #1: '/scr1/S19.2.0/dlcaldata/irac/fb1502_SUB_2s_2sf8d1r1_ch2_v2.0.0_dark_sigma.fits'  could NOT be identified on cache.
Processing continues ..... 


Warning !:  Ancillary-suffix file #2: '/scr1/S19.2.0/dlcaldata/irac/fb1502_SUB_2s_2sf8d1r1_ch2_v2.0.0_dark_cmask.fits'  could NOT be identified on cache.
Processing continues ..... 


Warning !:  Ancillary file #1  with full suffix filename  '/sos/archive/fallbacks/IRAC005300/lincal_b2_sa_011410_cmask.fits'  NOT in archive/sandbox !!.
Proceed to the next suffix fileprocessing .....

Warning !:  Ancillary-suffix file #1: '/scr1/S19.2.0/dlcaldata/irac/fb1579_lincal_b2_sa_011410_cmask.fits'  could NOT be identified on cache.
Processing continues ..... 

  Printing Log output to stdout...


Program CALTRANS, Version 4.0
Command-Line Namelist Filename  = cdf/pn107.nl
Command-Line Namelist Section = CALTRANSsciSUB
CalTrans Execution Mode  = 2
CalID = 7
Input Calibration Type list = pmask;labdark;skydark;lincal;sky_flat;fluxconv;muxbleed_lut;muxbleed_coeff
Input Calibration Rule list = 0;0;300;0;0;0;0;0
Input Generic Outfname list = pmask.fits;labdark.fits;skydark.fits;lincal.fits;skyflat.fits;fluxconv;muxbleed_lut;muxbleed_coeff
Science DCE Filename = tranhead.fits
CAL Destination Path = cal
Processing time: 0.500000 seconds
Current date/time: Sat Jan  9 14:57:54 2016
Program CALTRANS, version 4.0, terminated with status = 16

CalTrans exits with status = 16



caltrans   exit_value =  16    execution_time = 0.630s
******************************************************************
Pipeline executing insbposdom
insbposdom -i tranhead.fits -o insbposdom.fits 
******************************************************************
Pipeline Module INSBPOSDOM Version 1.1
Processing time Sat Jan  9 14:57:55 2016

Sat Jan  9 14:57:55 2016
Time = 0.040 seconds
exit code 0

insbposdom   exit_value =   0    execution_time = 0.080s
******************************************************************
Pipeline executing cvti2r4
cvti2r4 -i insbposdom.fits -a 0.5625 -b 0 -d cal/dmask_for_raw.fits -o cvti2r4.fits -m row 
******************************************************************
 SIRTF I*2-to-R*4 Data Cube Conversion program vsn 1.31 A61025
 Input file:  insbposdom.fits
 Using offset =    0.562500
 Using BLANK-fill value:   0
 Output file: cvti2r4.fits
 Missing-data pattern specified as rows

cvti2r4   exit_value =   0    execution_time = 0.350s
Image has barrel shift = 3
Computed truncation correction 0.5*(1-2^-ABARREL) = 0.5625
******************************************************************
Pipeline executing hdrupd8
hdrupd8 cvti2r4.fits -a cdf/hdrupd8_cubify.dat -d cdf/hdrupd8_planify.dat 
******************************************************************
 hdrupd8 vsn 1.6  A70821
 WARNING: keyword to be deleted not found: NAXIS3  

hdrupd8   exit_value =   0    execution_time = 0.330s
******************************************************************
Pipeline executing hdrupd8
hdrupd8 dmask.fits -a cdf/hdrupd8_cubify.dat -d cdf/hdrupd8_planify.dat 
******************************************************************
 hdrupd8 vsn 1.6  A70821
 WARNING: keyword to be deleted not found: NAXIS3  

hdrupd8   exit_value =   0    execution_time = 0.340s
******************************************************************
Pipeline executing iracwrapdet1
iracwrapdet1 -i cvti2r4.fits -n cdf/pn107.nl -p cal/pmask.fits -d dmask.fits -w wmask.fits -v 
******************************************************************
Pipeline Module IRACWRAPDET1 Version 1.4
Processing time Sat Jan  9 14:58:06 2016
iracwrapdet1_parse_args: Namelist File = 	cdf/pn107.nl
iracwrapdet1_parse_args: Pmask File = 	cal/pmask.fits
iracwrapdet1_parse_args: Dmask File = 	dmask.fits
iracwrapdet1_parse_args: Wmask File = 	wmask.fits
iracwrapdet1_parse_args: Input File = 	cvti2r4.fits
iracwrapdet1_parse_args: I_Verbose = 			1
chn 2 framtim 2.000000
iracwrapdet1_read_data: Data read from file:
cvti2r4.fits
iracwrapdet1_read_data: I_NX = 32
iracwrapdet1_read_data: I_NY = 32
iracwrapdet1_read_data: I_NZ = 64
iracwrapdet1_parse_namelist: Namelist File = 	cdf/pn107.nl
Coeff used: 55000.000000 55000.000000 55000.000000 55000.000000
iracwrapdet1_compute_results: Numerical Computations finished
Sat Jan  9 14:58:06 2016
iracwrapdet1_output: Results written to file(s).
Time = 0.020 seconds
iracwrapdet1_error_handler: Error Handler finished.
iracwrapdet1_exit: Memory Deallocated.
exit code 0

iracwrapdet1   exit_value =   0    execution_time = 0.080s
******************************************************************
Pipeline executing iracwrapdet2
iracwrapdet2 -i cvti2r4.fits -n cdf/pn107.nl -p cal/pmask.fits -d dmask.fits -w wmask.fits -a /sos/sw/S19.2.0/STUDIO/downlink/include 
******************************************************************

Program iracwrapdet2, Version 1.4
Namelist File  = cdf/pn107.nl
FITS Input Image = cvti2r4.fits
Pmask File = cal/pmask.fits
Dmask File = dmask.fits
Wmask File = mask.fits
M-Level       chan1     chan2     chan3     chan4
            55000.0   55000.0   55000.0   55000.0
Tolerance     chan1     chan2     chan3     chan4
             1200.0    1200.0    1200.0    1200.0
Pmask Maximum = 65535
Dmask Maximum = 65535
Ancillary Data-File Path = /sos/sw/S19.2.0/STUDIO/downlink/include
Verbose flag = 0
Super-verbose flag = 0
Debug flag = 0
iracwrapdet2 Status Message      0x0000
Normal exit from Function 0x0000: LOG_WRITER
Processing time: 0.120000 seconds
Current date/time: Sat Jan  9 14:58:07 2016
Program iracwrapdet2, version 1.4, terminated


iracwrapdet2   exit_value =   0    execution_time = 0.160s
******************************************************************
Pipeline executing iracwrapcorr
iracwrapcorr -i cvti2r4.fits -p cal/pmask.fits -d dmask.fits -w wmask.fits -o iracwrapcorr.fits 
******************************************************************
Pipeline Module IRACWRAPCORR Version 1.3
Processing time Sat Jan  9 14:58:07 2016
iracwrapcorr_parse_namelist: Information only: Namelist not specified.
Sat Jan  9 14:58:07 2016
Time = 0.060 seconds
exit code 0

iracwrapcorr   exit_value =   0    execution_time = 0.110s
******************************************************************
Pipeline executing iracnorm
iracnorm -i iracwrapcorr.fits -p cal/pmask.fits -d dmask.fits -o iracnorm.fits 
******************************************************************
Pipeline Module IRACWNORM Version 1.10
Processing time Sat Jan  9 14:58:08 2016

Sat Jan  9 14:58:08 2016
Time = 0.040 seconds
exit code 0

iracnorm   exit_value =   0    execution_time = 0.090s
******************************************************************
Pipeline executing iracebwc
iracebwc -i iracnorm.fits -n cdf/pn107.nl -p cal/pmask.fits -d dmask.fits -o iracebwc.fits 
******************************************************************
Pipeline Module IRACEBWC Version 1.2
Processing time Sat Jan  9 14:58:08 2016

Sat Jan  9 14:58:08 2016
Time = 0.050 seconds
exit code 0

iracebwc   exit_value =   0    execution_time = 0.090s
HDR mode   =  f
AOR Template Time     =  2
DCE Frame Time    =  2.00
EXTRpt     =  233
Frame NOBF =  0
From sub determine_delays:
   aottime = 2
   aordelay = 222.190359962807
   stellarmode = f
   expid=48
imdly = 1.4053599961853
frmdly = 1.4053599961853

Immed  Delay = 1.4053599961853
Frame  Delay = 1.4053599961853

 hdrupd8 vsn 1.6  A70821
 hdrupd8 vsn 1.6  A70821
 hdrupd8 vsn 1.6  A70821
 hdrupd8 vsn 1.6  A70821
 hdrupd8 vsn 1.6  A70821
 hdrupd8 vsn 1.6  A70821
 hdrupd8 vsn 1.6  A70821
******************************************************************
Pipeline executing darksubng
darksubng -i iracebwc.fits -a /sos/sw/S19.2.0/STUDIO/downlink/include -p cal/pmask.fits -d dmask.fits -o labdarksub.fits -cc cal/labdark.fits -v 
******************************************************************
/sos/sw/S19.2.0/STUDIO/downlink/bin/darksubng: namelist not given
/sos/sw/S19.2.0/STUDIO/downlink/bin/darksubng: input uncertainty image not given
/sos/sw/S19.2.0/STUDIO/downlink/bin/darksubng: output uncertainty image not given
/sos/sw/S19.2.0/STUDIO/downlink/bin/darksubng: WARNING no uncertainty calculations will be performed
/sos/sw/S19.2.0/STUDIO/downlink/bin/darksubng: Namelist               = []
/sos/sw/S19.2.0/STUDIO/downlink/bin/darksubng: Input image            = [iracebwc.fits]
/sos/sw/S19.2.0/STUDIO/downlink/bin/darksubng: Input uncertainty      = []
/sos/sw/S19.2.0/STUDIO/downlink/bin/darksubng: Output image           = [!labdarksub.fits]
/sos/sw/S19.2.0/STUDIO/downlink/bin/darksubng: Output uncertainty     = []
/sos/sw/S19.2.0/STUDIO/downlink/bin/darksubng: Dark                   = [cal/labdark.fits]
/sos/sw/S19.2.0/STUDIO/downlink/bin/darksubng: Pmask file             = [cal/pmask.fits]
/sos/sw/S19.2.0/STUDIO/downlink/bin/darksubng: Pmask fatality bitmask = [65536]
/sos/sw/S19.2.0/STUDIO/downlink/bin/darksubng: Dmask file             = [dmask.fits]
/sos/sw/S19.2.0/STUDIO/downlink/bin/darksubng: Dmask fatality bitmask = [65536]
/sos/sw/S19.2.0/STUDIO/downlink/bin/darksubng: Cmask file             = []
/sos/sw/S19.2.0/STUDIO/downlink/bin/darksubng: Cmask fatality bitmask = [65536]
/sos/sw/S19.2.0/STUDIO/downlink/bin/darksubng: Logfile                = []
/sos/sw/S19.2.0/STUDIO/downlink/bin/darksubng: Ancillary Path         = [/sos/sw/S19.2.0/STUDIO/downlink/include]
/sos/sw/S19.2.0/STUDIO/downlink/bin/darksubng: Uncertainty calculations will not be made
/sos/sw/S19.2.0/STUDIO/downlink/bin/darksubng: WARNING cal/labdark.fits has no BUNIT key
/sos/sw/S19.2.0/STUDIO/downlink/bin/darksubng: WARNING assuming cal/labdark.fits is in DN
/sos/sw/S19.2.0/STUDIO/downlink/bin/darksubng: WARNING cal/labdark.fits has no EXPTIME key
/sos/sw/S19.2.0/STUDIO/downlink/bin/darksubng: WARNING cal/labdark.fits has no GAIN keywords
/sos/sw/S19.2.0/STUDIO/downlink/bin/darksubng: compute - performing any unit conversions
/sos/sw/S19.2.0/STUDIO/downlink/bin/darksubng: compute - starting subtraction with masking 
/sos/sw/S19.2.0/STUDIO/downlink/bin/darksubng: Processing successful; Exiting

darksubng   exit_value =   0    execution_time = 0.140s
READ Noise !! =  9.4
******************************************************************
Pipeline executing snestimator
snestimator -i labdarksub.fits -n cdf/pn107.nl -a /sos/sw/S19.2.0/STUDIO/downlink/include -p cal/pmask.fits -d dmask.fits -on sig_snestimator.fits -g 3.71 -r 9.4 
******************************************************************
verbose 0

Program SNESTIMATOR, Version 1.5
Namelist File  = cdf/pn107.nl
Input FITS Image = labdarksub.fits
Noise Image = sig_snestimator.fits
Denominator type = IRAC_MODEL
Edge Pixels Excluded = 0
Gain Channel 1 = 3.710000 Channel 2 = 3.710000 Channel 3 = 3.710000 Channel 4 = 3.710000
Read Noise = 9.400000
Confusion Sigma = 0.000000
Ancillary Data-File Path = /sos/sw/S19.2.0/STUDIO/downlink/include
Verbose flag = 0
Super-verbose flag = 0
Debug flag = 0
snestimator Status Message      0x0000
Normal exit from Function 0x0000: LOG_WRITER
Processing time: 0.090000 seconds
Current date/time: Sat Jan  9 14:58:32 2016
Program SNESTIMATOR, version 1.5, terminated


snestimator   exit_value =   0    execution_time = 0.170s
******************************************************************
Pipeline executing darksubng
darksubng -i iracebwc.fits -iu sig_snestimator.fits -a /sos/sw/S19.2.0/STUDIO/downlink/include -p cal/pmask.fits -d dmask.fits -o labdarksub.fits -ou sig_labdarksub.fits -cc cal/labdark.fits -v 
******************************************************************
/sos/sw/S19.2.0/STUDIO/downlink/bin/darksubng: namelist not given
/sos/sw/S19.2.0/STUDIO/downlink/bin/darksubng: Namelist               = []
/sos/sw/S19.2.0/STUDIO/downlink/bin/darksubng: Input image            = [iracebwc.fits]
/sos/sw/S19.2.0/STUDIO/downlink/bin/darksubng: Input uncertainty      = [sig_snestimator.fits]
/sos/sw/S19.2.0/STUDIO/downlink/bin/darksubng: Output image           = [!labdarksub.fits]
/sos/sw/S19.2.0/STUDIO/downlink/bin/darksubng: Output uncertainty     = [!sig_labdarksub.fits]
/sos/sw/S19.2.0/STUDIO/downlink/bin/darksubng: Dark                   = [cal/labdark.fits]
/sos/sw/S19.2.0/STUDIO/downlink/bin/darksubng: Pmask file             = [cal/pmask.fits]
/sos/sw/S19.2.0/STUDIO/downlink/bin/darksubng: Pmask fatality bitmask = [65536]
/sos/sw/S19.2.0/STUDIO/downlink/bin/darksubng: Dmask file             = [dmask.fits]
/sos/sw/S19.2.0/STUDIO/downlink/bin/darksubng: Dmask fatality bitmask = [65536]
/sos/sw/S19.2.0/STUDIO/downlink/bin/darksubng: Cmask file             = []
/sos/sw/S19.2.0/STUDIO/downlink/bin/darksubng: Cmask fatality bitmask = [65536]
/sos/sw/S19.2.0/STUDIO/downlink/bin/darksubng: Logfile                = []
/sos/sw/S19.2.0/STUDIO/downlink/bin/darksubng: Ancillary Path         = [/sos/sw/S19.2.0/STUDIO/downlink/include]
/sos/sw/S19.2.0/STUDIO/downlink/bin/darksubng: Uncertainty calculations will be made
/sos/sw/S19.2.0/STUDIO/downlink/bin/darksubng: WARNING cal/labdark.fits has no BUNIT key
/sos/sw/S19.2.0/STUDIO/downlink/bin/darksubng: WARNING assuming cal/labdark.fits is in DN
/sos/sw/S19.2.0/STUDIO/downlink/bin/darksubng: WARNING cal/labdark.fits has no EXPTIME key
/sos/sw/S19.2.0/STUDIO/downlink/bin/darksubng: WARNING cal/labdark.fits has no GAIN keywords
/sos/sw/S19.2.0/STUDIO/downlink/bin/darksubng: compute - performing any unit conversions
/sos/sw/S19.2.0/STUDIO/downlink/bin/darksubng: compute - starting subtraction with masking 
/sos/sw/S19.2.0/STUDIO/downlink/bin/darksubng: Processing successful; Exiting

darksubng   exit_value =   0    execution_time = 0.200s
******************************************************************
Pipeline executing fowlinearize
fowlinearize -i1 labdarksub.fits -i3 sig_labdarksub.fits -n cdf/pn107.nl -a /sos/sw/S19.2.0/STUDIO/downlink/include -ip cal/pmask.fits -i2 cal/lincal.fits -id dmask.fits -o1 fowlinearize.fits -o2 sig_fowlinearize.fits -c 10 
******************************************************************

Program FOWLINEARIZE, Version 4.9
Namelist File  = cdf/pn107.nl
Input File 1 = labdarksub.fits
Input File 2 = cal/lincal.fits
Input File 3 = sig_labdarksub.fits
Model_Flag(1=quad. 2=cubic) = 1
Clock_Readout(10=sub-array, 200=full-array) = 10.000000
Input PMask Image = cal/pmask.fits
Unusable PMask Bits = 16384
Input DMask Image = dmask.fits
Unusable DMask Bits = 8192
Not-linearized DMask Bit = 4096
Not-linearized DMask Bit due to lincal-model saturation = 8192
Output File 1 = fowlinearize.fits
Output File 2 = sig_fowlinearize.fits
Ancillary Data-File Path = /sos/sw/S19.2.0/STUDIO/downlink/include
Verbose flag = 0
Super-verbose flag = 0
Debug flag = 0
Performed linearity correction.
Program fowlinearize: Status Message: 0x0000
Normal exit from Function 0x0000: LOG_WRITER
Processing time: 0.310000 seconds
Current date/time: Sat Jan  9 14:58:34 2016
Program FOWLINEARIZE, version 4.9, terminated.

fowlinearize   exit_value =   0    execution_time = 0.410s
Read Noise =  9.4
 hdrupd8 vsn 1.6  A70821
******************************************************************
Pipeline executing bgmodel
bgmodel -i fowlinearize.fits -n cdf/pn107.nl -h 
******************************************************************

Online Namelist file descriptor associated
Online namelist buffer loaded: length = 7422
bgmodel_log_writer: Printing Log output to stdout
bgmodel  Version 1.0
Namelist File  = cdf/pn107.nl
Input Image = fowlinearize.fits
Ephemeris = /scr1/S19.2.0/cdf/spice/sirtf.bsp
LeapSec Kernel = /scr1/S19.2.0/cdf/spice/leapseconds.ker
SPK Kernel = /scr1/S19.2.0/cdf/spice/de.bsp

bgmodel  Status Message      0x0000: No error.
Time = 0.070 seconds

Background exits with status = 0


bgmodel   exit_value =   0    execution_time = 0.130s
******************************************************************
Pipeline executing hdrupd8
hdrupd8 fowlinearize.fits -a addkeys.dat 
******************************************************************
 hdrupd8 vsn 1.6  A70821

hdrupd8   exit_value =   0    execution_time = 0.410s
SkyDk Med DN      = 16.56367 
Exposure time     = 1.92
SkyDk Med DN rate = 8.62691145833333
Flux Conv         = 0.1447 
SkyDk Med Flux    = 1.24831408802083
Image File = fowlinearize.fits 

 hdrupd8 vsn 1.6  A70821
 hdrupd8 vsn 1.6  A70821
 hdrupd8 vsn 1.6  A70821
 hdrupd8 vsn 1.6  A70821
 hdrupd8 vsn 1.6  A70821
******************************************************************
Pipeline executing darksubng
darksubng -i fowlinearize.fits -iu sig_fowlinearize.fits -a /sos/sw/S19.2.0/STUDIO/downlink/include -p cal/pmask.fits -d dmask.fits -o skydarksub.fits -ou sig_skydarksub.fits -cc cal/skydark.fits -v -c cal/skydark_cmask.fits 
******************************************************************
/sos/sw/S19.2.0/STUDIO/downlink/bin/darksubng: namelist not given
/sos/sw/S19.2.0/STUDIO/downlink/bin/darksubng: Namelist               = []
/sos/sw/S19.2.0/STUDIO/downlink/bin/darksubng: Input image            = [fowlinearize.fits]
/sos/sw/S19.2.0/STUDIO/downlink/bin/darksubng: Input uncertainty      = [sig_fowlinearize.fits]
/sos/sw/S19.2.0/STUDIO/downlink/bin/darksubng: Output image           = [!skydarksub.fits]
/sos/sw/S19.2.0/STUDIO/downlink/bin/darksubng: Output uncertainty     = [!sig_skydarksub.fits]
/sos/sw/S19.2.0/STUDIO/downlink/bin/darksubng: Dark                   = [cal/skydark.fits]
/sos/sw/S19.2.0/STUDIO/downlink/bin/darksubng: Pmask file             = [cal/pmask.fits]
/sos/sw/S19.2.0/STUDIO/downlink/bin/darksubng: Pmask fatality bitmask = [65536]
/sos/sw/S19.2.0/STUDIO/downlink/bin/darksubng: Dmask file             = [dmask.fits]
/sos/sw/S19.2.0/STUDIO/downlink/bin/darksubng: Dmask fatality bitmask = [65536]
/sos/sw/S19.2.0/STUDIO/downlink/bin/darksubng: Cmask file             = [cal/skydark_cmask.fits]
/sos/sw/S19.2.0/STUDIO/downlink/bin/darksubng: Cmask fatality bitmask = [65536]
/sos/sw/S19.2.0/STUDIO/downlink/bin/darksubng: Logfile                = []
/sos/sw/S19.2.0/STUDIO/downlink/bin/darksubng: Ancillary Path         = [/sos/sw/S19.2.0/STUDIO/downlink/include]
/sos/sw/S19.2.0/STUDIO/downlink/bin/darksubng: Uncertainty calculations will be made
/sos/sw/S19.2.0/STUDIO/downlink/bin/darksubng: compute - performing any unit conversions
/sos/sw/S19.2.0/STUDIO/downlink/bin/darksubng: compute - starting subtraction with masking 
/sos/sw/S19.2.0/STUDIO/downlink/bin/darksubng: Processing successful; Exiting

darksubng   exit_value =   0    execution_time = 0.200s
******************************************************************
Pipeline executing darkdrift
darkdrift -i skydarksub.fits -iu sig_skydarksub.fits -n cdf/pn107.nl -a /sos/sw/S19.2.0/STUDIO/downlink/include -o1 darkdrift.fits -o2 darkdriftcorr.fits -o3 darkdrift.tbl -ou sig_darkdrift.fits 
******************************************************************
Program darkdrift, Version 4.1
Namelist File  = cdf/pn107.nl
Input Image = skydarksub.fits
Input Uncertainty Image = sig_skydarksub.fits
Output Image 1 (corrected image) = darkdrift.fits
Output Image 2 (corrections) = darkdriftcorr.fits
Output Image 3 (uncertainties) = sig_darkdrift.fits
Output File 3 = darkdrift.tbl
Central fraction for trimmed average  = 0.900000
Central fraction for trimmed std. dev. = 0.900000
Time_Input = 0.250000
Time_Before = 0.000000
Time_After = 1.000000
Temp_Input = 270.000000
Temp_Before = 280.000000
Temp_After = 260.000000
Calculation Type = 1
Input-Image Transpose Flag = 1
Multiplicative-Correction Flag (Additive if zero) = 0
Readout Channel to exclude (none if zero) = 0
Data-Plane Flag = 1
Ancillary Data-File Path = /sos/sw/S19.2.0/STUDIO/downlink/include
Verbose flag = 0
Super-verbose flag = 0
Debug flag = 0
Dark-current offsets estimated from input image.

Detailed darkdrift calculational results:
...for data plane = 1
Darkdrift correction for readout-channel 1 = -0.148750
Darkdrift correction for readout-channel 2 = 0.143399
Darkdrift correction for readout-channel 3 = -0.228600
Darkdrift correction for readout-channel 4 = 0.233950
Darkdrift uncertainty for readout-channel 1 = 0.337527
Darkdrift uncertainty for readout-channel 2 = 0.300262
Darkdrift uncertainty for readout-channel 3 = 0.375883
Darkdrift uncertainty for readout-channel 4 = 0.301237
Trimmed average of values in readout-channel 1 = 7.019986
Trimmed average of values in readout-channel 2 = 7.312135
Trimmed average of values in readout-channel 3 = 6.940136
Trimmed average of values in readout-channel 4 = 7.402686
Darkdrift background term = 7.168736
...for data plane = 2
Darkdrift correction for readout-channel 1 = -0.047045
Darkdrift correction for readout-channel 2 = -0.503883
Darkdrift correction for readout-channel 3 = -0.036728
Darkdrift correction for readout-channel 4 = 0.587657
Darkdrift uncertainty for readout-channel 1 = 0.341286
Darkdrift uncertainty for readout-channel 2 = 0.289877
Darkdrift uncertainty for readout-channel 3 = 0.303151
Darkdrift uncertainty for readout-channel 4 = 0.302567
Trimmed average of values in readout-channel 1 = 5.000794
Trimmed average of values in readout-channel 2 = 4.543955
Trimmed average of values in readout-channel 3 = 5.011110
Trimmed average of values in readout-channel 4 = 5.635495
Darkdrift background term = 5.047838
...for data plane = 3
Darkdrift correction for readout-channel 1 = 0.365061
Darkdrift correction for readout-channel 2 = -0.313207
Darkdrift correction for readout-channel 3 = -0.348882
Darkdrift correction for readout-channel 4 = 0.297029
Darkdrift uncertainty for readout-channel 1 = 0.303104
Darkdrift uncertainty for readout-channel 2 = 0.303263
Darkdrift uncertainty for readout-channel 3 = 0.303132
Darkdrift uncertainty for readout-channel 4 = 0.303241
Trimmed average of values in readout-channel 1 = 5.142146
Trimmed average of values in readout-channel 2 = 4.463878
Trimmed average of values in readout-channel 3 = 4.428203
Trimmed average of values in readout-channel 4 = 5.074114
Darkdrift background term = 4.777085
...for data plane = 4
Darkdrift correction for readout-channel 1 = -0.242209
Darkdrift correction for readout-channel 2 = -0.384331
Darkdrift correction for readout-channel 3 = 0.394295
Darkdrift correction for readout-channel 4 = 0.232244
Darkdrift uncertainty for readout-channel 1 = 0.302981
Darkdrift uncertainty for readout-channel 2 = 0.303258
Darkdrift uncertainty for readout-channel 3 = 0.302975
Darkdrift uncertainty for readout-channel 4 = 0.377782
Trimmed average of values in readout-channel 1 = 4.722356
Trimmed average of values in readout-channel 2 = 4.580234
Trimmed average of values in readout-channel 3 = 5.358860
Trimmed average of values in readout-channel 4 = 5.196809
Darkdrift background term = 4.964564
...for data plane = 5
Darkdrift correction for readout-channel 1 = -0.040346
Darkdrift correction for readout-channel 2 = -0.452176
Darkdrift correction for readout-channel 3 = 0.292100
Darkdrift correction for readout-channel 4 = 0.200422
Darkdrift uncertainty for readout-channel 1 = 0.302972
Darkdrift uncertainty for readout-channel 2 = 0.303240
Darkdrift uncertainty for readout-channel 3 = 0.302973
Darkdrift uncertainty for readout-channel 4 = 0.302886
Trimmed average of values in readout-channel 1 = 5.620473
Trimmed average of values in readout-channel 2 = 5.208643
Trimmed average of values in readout-channel 3 = 5.952919
Trimmed average of values in readout-channel 4 = 5.861241
Darkdrift background term = 5.660819
...for data plane = 6
Darkdrift correction for readout-channel 1 = 0.239879
Darkdrift correction for readout-channel 2 = 0.021966
Darkdrift correction for readout-channel 3 = -0.050620
Darkdrift correction for readout-channel 4 = -0.211225
Darkdrift uncertainty for readout-channel 1 = 0.303368
Darkdrift uncertainty for readout-channel 2 = 0.303814
Darkdrift uncertainty for readout-channel 3 = 0.303538
Darkdrift uncertainty for readout-channel 4 = 0.302974
Trimmed average of values in readout-channel 1 = 6.017625
Trimmed average of values in readout-channel 2 = 5.799712
Trimmed average of values in readout-channel 3 = 5.727127
Trimmed average of values in readout-channel 4 = 5.566521
Darkdrift background term = 5.777746
...for data plane = 7
Darkdrift correction for readout-channel 1 = -0.015067
Darkdrift correction for readout-channel 2 = -0.457492
Darkdrift correction for readout-channel 3 = -0.307932
Darkdrift correction for readout-channel 4 = 0.780492
Darkdrift uncertainty for readout-channel 1 = 0.303095
Darkdrift uncertainty for readout-channel 2 = 0.302931
Darkdrift uncertainty for readout-channel 3 = 0.302988
Darkdrift uncertainty for readout-channel 4 = 0.303050
Trimmed average of values in readout-channel 1 = 5.408341
Trimmed average of values in readout-channel 2 = 4.965917
Trimmed average of values in readout-channel 3 = 5.115477
Trimmed average of values in readout-channel 4 = 6.203901
Darkdrift background term = 5.423409
...for data plane = 8
Darkdrift correction for readout-channel 1 = 0.207447
Darkdrift correction for readout-channel 2 = -0.096340
Darkdrift correction for readout-channel 3 = -0.424170
Darkdrift correction for readout-channel 4 = 0.313063
Darkdrift uncertainty for readout-channel 1 = 0.303083
Darkdrift uncertainty for readout-channel 2 = 0.302983
Darkdrift uncertainty for readout-channel 3 = 0.302881
Darkdrift uncertainty for readout-channel 4 = 0.303224
Trimmed average of values in readout-channel 1 = 5.776722
Trimmed average of values in readout-channel 2 = 5.472935
Trimmed average of values in readout-channel 3 = 5.145105
Trimmed average of values in readout-channel 4 = 5.882337
Darkdrift background term = 5.569275
...for data plane = 9
Darkdrift correction for readout-channel 1 = -0.275343
Darkdrift correction for readout-channel 2 = 0.179657
Darkdrift correction for readout-channel 3 = 0.295427
Darkdrift correction for readout-channel 4 = -0.199740
Darkdrift uncertainty for readout-channel 1 = 0.302841
Darkdrift uncertainty for readout-channel 2 = 0.304093
Darkdrift uncertainty for readout-channel 3 = 0.303469
Darkdrift uncertainty for readout-channel 4 = 0.304822
Trimmed average of values in readout-channel 1 = 5.375453
Trimmed average of values in readout-channel 2 = 5.830453
Trimmed average of values in readout-channel 3 = 5.946223
Trimmed average of values in readout-channel 4 = 5.451056
Darkdrift background term = 5.650796
...for data plane = 10
Darkdrift correction for readout-channel 1 = 0.011334
Darkdrift correction for readout-channel 2 = -0.209019
Darkdrift correction for readout-channel 3 = 0.061406
Darkdrift correction for readout-channel 4 = 0.136278
Darkdrift uncertainty for readout-channel 1 = 0.303478
Darkdrift uncertainty for readout-channel 2 = 0.302960
Darkdrift uncertainty for readout-channel 3 = 0.302968
Darkdrift uncertainty for readout-channel 4 = 0.303052
Trimmed average of values in readout-channel 1 = 5.609777
Trimmed average of values in readout-channel 2 = 5.389424
Trimmed average of values in readout-channel 3 = 5.659849
Trimmed average of values in readout-channel 4 = 5.734721
Darkdrift background term = 5.598443
...for data plane = 11
Darkdrift correction for readout-channel 1 = -0.436452
Darkdrift correction for readout-channel 2 = 0.113163
Darkdrift correction for readout-channel 3 = 0.058764
Darkdrift correction for readout-channel 4 = 0.264525
Darkdrift uncertainty for readout-channel 1 = 0.303750
Darkdrift uncertainty for readout-channel 2 = 0.303271
Darkdrift uncertainty for readout-channel 3 = 0.302974
Darkdrift uncertainty for readout-channel 4 = 0.302998
Trimmed average of values in readout-channel 1 = 5.546814
Trimmed average of values in readout-channel 2 = 6.096428
Trimmed average of values in readout-channel 3 = 6.042030
Trimmed average of values in readout-channel 4 = 6.247790
Darkdrift background term = 5.983265
...for data plane = 12
Darkdrift correction for readout-channel 1 = 0.237632
Darkdrift correction for readout-channel 2 = -0.501892
Darkdrift correction for readout-channel 3 = 0.596984
Darkdrift correction for readout-channel 4 = -0.332724
Darkdrift uncertainty for readout-channel 1 = 0.303350
Darkdrift uncertainty for readout-channel 2 = 0.378160
Darkdrift uncertainty for readout-channel 3 = 0.302961
Darkdrift uncertainty for readout-channel 4 = 0.302972
Trimmed average of values in readout-channel 1 = 6.510583
Trimmed average of values in readout-channel 2 = 5.771059
Trimmed average of values in readout-channel 3 = 6.869936
Trimmed average of values in readout-channel 4 = 5.940227
Darkdrift background term = 6.272951
...for data plane = 13
Darkdrift correction for readout-channel 1 = -0.136726
Darkdrift correction for readout-channel 2 = -0.127561
Darkdrift correction for readout-channel 3 = -0.322926
Darkdrift correction for readout-channel 4 = 0.587213
Darkdrift uncertainty for readout-channel 1 = 0.377943
Darkdrift uncertainty for readout-channel 2 = 0.303521
Darkdrift uncertainty for readout-channel 3 = 0.378159
Darkdrift uncertainty for readout-channel 4 = 0.303053
Trimmed average of values in readout-channel 1 = 5.565192
Trimmed average of values in readout-channel 2 = 5.574357
Trimmed average of values in readout-channel 3 = 5.378992
Trimmed average of values in readout-channel 4 = 6.289131
Darkdrift background term = 5.701918
...for data plane = 14
Darkdrift correction for readout-channel 1 = 0.006415
Darkdrift correction for readout-channel 2 = -0.269051
Darkdrift correction for readout-channel 3 = 0.020336
Darkdrift correction for readout-channel 4 = 0.242300
Darkdrift uncertainty for readout-channel 1 = 0.303115
Darkdrift uncertainty for readout-channel 2 = 0.302984
Darkdrift uncertainty for readout-channel 3 = 0.303043
Darkdrift uncertainty for readout-channel 4 = 0.302989
Trimmed average of values in readout-channel 1 = 5.706516
Trimmed average of values in readout-channel 2 = 5.431051
Trimmed average of values in readout-channel 3 = 5.720438
Trimmed average of values in readout-channel 4 = 5.942401
Darkdrift background term = 5.700102
...for data plane = 15
Darkdrift correction for readout-channel 1 = -0.176017
Darkdrift correction for readout-channel 2 = -0.175600
Darkdrift correction for readout-channel 3 = 0.277817
Darkdrift correction for readout-channel 4 = 0.073800
Darkdrift uncertainty for readout-channel 1 = 0.302978
Darkdrift uncertainty for readout-channel 2 = 0.302966
Darkdrift uncertainty for readout-channel 3 = 0.302982
Darkdrift uncertainty for readout-channel 4 = 0.303221
Trimmed average of values in readout-channel 1 = 5.604086
Trimmed average of values in readout-channel 2 = 5.604503
Trimmed average of values in readout-channel 3 = 6.057920
Trimmed average of values in readout-channel 4 = 5.853903
Darkdrift background term = 5.780103
...for data plane = 16
Darkdrift correction for readout-channel 1 = 0.300600
Darkdrift correction for readout-channel 2 = -0.329539
Darkdrift correction for readout-channel 3 = -0.251828
Darkdrift correction for readout-channel 4 = 0.280768
Darkdrift uncertainty for readout-channel 1 = 0.303109
Darkdrift uncertainty for readout-channel 2 = 0.304347
Darkdrift uncertainty for readout-channel 3 = 0.302984
Darkdrift uncertainty for readout-channel 4 = 0.378314
Trimmed average of values in readout-channel 1 = 6.366715
Trimmed average of values in readout-channel 2 = 5.736577
Trimmed average of values in readout-channel 3 = 5.814287
Trimmed average of values in readout-channel 4 = 6.346883
Darkdrift background term = 6.066116
...for data plane = 17
Darkdrift correction for readout-channel 1 = 0.240032
Darkdrift correction for readout-channel 2 = 0.080708
Darkdrift correction for readout-channel 3 = -0.091402
Darkdrift correction for readout-channel 4 = -0.229339
Darkdrift uncertainty for readout-channel 1 = 0.378328
Darkdrift uncertainty for readout-channel 2 = 0.305752
Darkdrift uncertainty for readout-channel 3 = 0.303053
Darkdrift uncertainty for readout-channel 4 = 0.302994
Trimmed average of values in readout-channel 1 = 6.085291
Trimmed average of values in readout-channel 2 = 5.925967
Trimmed average of values in readout-channel 3 = 5.753858
Trimmed average of values in readout-channel 4 = 5.615921
Darkdrift background term = 5.845259
...for data plane = 18
Darkdrift correction for readout-channel 1 = -0.076732
Darkdrift correction for readout-channel 2 = -0.284203
Darkdrift correction for readout-channel 3 = -0.070768
Darkdrift correction for readout-channel 4 = 0.431704
Darkdrift uncertainty for readout-channel 1 = 0.301760
Darkdrift uncertainty for readout-channel 2 = 0.304080
Darkdrift uncertainty for readout-channel 3 = 0.302560
Darkdrift uncertainty for readout-channel 4 = 0.302886
Trimmed average of values in readout-channel 1 = 5.620910
Trimmed average of values in readout-channel 2 = 5.413440
Trimmed average of values in readout-channel 3 = 5.626874
Trimmed average of values in readout-channel 4 = 6.129346
Darkdrift background term = 5.697643
...for data plane = 19
Darkdrift correction for readout-channel 1 = 0.315398
Darkdrift correction for readout-channel 2 = 0.229937
Darkdrift correction for readout-channel 3 = -0.317364
Darkdrift correction for readout-channel 4 = -0.227972
Darkdrift uncertainty for readout-channel 1 = 0.303496
Darkdrift uncertainty for readout-channel 2 = 0.304079
Darkdrift uncertainty for readout-channel 3 = 0.303216
Darkdrift uncertainty for readout-channel 4 = 0.302999
Trimmed average of values in readout-channel 1 = 5.910875
Trimmed average of values in readout-channel 2 = 5.825414
Trimmed average of values in readout-channel 3 = 5.278113
Trimmed average of values in readout-channel 4 = 5.367505
Darkdrift background term = 5.595476
...for data plane = 20
Darkdrift correction for readout-channel 1 = 0.142033
Darkdrift correction for readout-channel 2 = -0.033396
Darkdrift correction for readout-channel 3 = -0.173598
Darkdrift correction for readout-channel 4 = 0.064961
Darkdrift uncertainty for readout-channel 1 = 0.302978
Darkdrift uncertainty for readout-channel 2 = 0.302971
Darkdrift uncertainty for readout-channel 3 = 0.302975
Darkdrift uncertainty for readout-channel 4 = 0.340671
Trimmed average of values in readout-channel 1 = 6.127880
Trimmed average of values in readout-channel 2 = 5.952451
Trimmed average of values in readout-channel 3 = 5.812248
Trimmed average of values in readout-channel 4 = 6.050807
Darkdrift background term = 5.985846
...for data plane = 21
Darkdrift correction for readout-channel 1 = 0.057256
Darkdrift correction for readout-channel 2 = -0.364400
Darkdrift correction for readout-channel 3 = 0.154941
Darkdrift correction for readout-channel 4 = 0.152203
Darkdrift uncertainty for readout-channel 1 = 0.303095
Darkdrift uncertainty for readout-channel 2 = 0.302965
Darkdrift uncertainty for readout-channel 3 = 0.303630
Darkdrift uncertainty for readout-channel 4 = 0.303381
Trimmed average of values in readout-channel 1 = 5.982318
Trimmed average of values in readout-channel 2 = 5.560662
Trimmed average of values in readout-channel 3 = 6.080003
Trimmed average of values in readout-channel 4 = 6.077265
Darkdrift background term = 5.925062
...for data plane = 22
Darkdrift correction for readout-channel 1 = 0.054779
Darkdrift correction for readout-channel 2 = -0.541886
Darkdrift correction for readout-channel 3 = -0.009081
Darkdrift correction for readout-channel 4 = 0.496188
Darkdrift uncertainty for readout-channel 1 = 0.302983
Darkdrift uncertainty for readout-channel 2 = 0.302963
Darkdrift uncertainty for readout-channel 3 = 0.302984
Darkdrift uncertainty for readout-channel 4 = 0.302957
Trimmed average of values in readout-channel 1 = 5.699778
Trimmed average of values in readout-channel 2 = 5.103113
Trimmed average of values in readout-channel 3 = 5.635918
Trimmed average of values in readout-channel 4 = 6.141187
Darkdrift background term = 5.644999
...for data plane = 23
Darkdrift correction for readout-channel 1 = 0.468667
Darkdrift correction for readout-channel 2 = -0.549256
Darkdrift correction for readout-channel 3 = -0.021146
Darkdrift correction for readout-channel 4 = 0.101735
Darkdrift uncertainty for readout-channel 1 = 0.303588
Darkdrift uncertainty for readout-channel 2 = 0.302418
Darkdrift uncertainty for readout-channel 3 = 0.302971
Darkdrift uncertainty for readout-channel 4 = 0.303045
Trimmed average of values in readout-channel 1 = 6.013799
Trimmed average of values in readout-channel 2 = 4.995876
Trimmed average of values in readout-channel 3 = 5.523986
Trimmed average of values in readout-channel 4 = 5.646867
Darkdrift background term = 5.545132
...for data plane = 24
Darkdrift correction for readout-channel 1 = 0.257984
Darkdrift correction for readout-channel 2 = -0.074127
Darkdrift correction for readout-channel 3 = -0.015032
Darkdrift correction for readout-channel 4 = -0.168825
Darkdrift uncertainty for readout-channel 1 = 0.302979
Darkdrift uncertainty for readout-channel 2 = 0.300478
Darkdrift uncertainty for readout-channel 3 = 0.303285
Darkdrift uncertainty for readout-channel 4 = 0.303045
Trimmed average of values in readout-channel 1 = 6.283916
Trimmed average of values in readout-channel 2 = 5.951805
Trimmed average of values in readout-channel 3 = 6.010900
Trimmed average of values in readout-channel 4 = 5.857107
Darkdrift background term = 6.025932
...for data plane = 25
Darkdrift correction for readout-channel 1 = -0.367595
Darkdrift correction for readout-channel 2 = -0.088824
Darkdrift correction for readout-channel 3 = -0.131608
Darkdrift correction for readout-channel 4 = 0.588027
Darkdrift uncertainty for readout-channel 1 = 0.304766
Darkdrift uncertainty for readout-channel 2 = 0.302982
Darkdrift uncertainty for readout-channel 3 = 0.303215
Darkdrift uncertainty for readout-channel 4 = 0.304059
Trimmed average of values in readout-channel 1 = 5.498339
Trimmed average of values in readout-channel 2 = 5.777110
Trimmed average of values in readout-channel 3 = 5.734326
Trimmed average of values in readout-channel 4 = 6.453961
Darkdrift background term = 5.865934
...for data plane = 26
Darkdrift correction for readout-channel 1 = 0.051192
Darkdrift correction for readout-channel 2 = -0.397996
Darkdrift correction for readout-channel 3 = 0.170162
Darkdrift correction for readout-channel 4 = 0.176642
Darkdrift uncertainty for readout-channel 1 = 0.303095
Darkdrift uncertainty for readout-channel 2 = 0.303249
Darkdrift uncertainty for readout-channel 3 = 0.302964
Darkdrift uncertainty for readout-channel 4 = 0.300788
Trimmed average of values in readout-channel 1 = 6.021549
Trimmed average of values in readout-channel 2 = 5.572361
Trimmed average of values in readout-channel 3 = 6.140519
Trimmed average of values in readout-channel 4 = 6.146999
Darkdrift background term = 5.970357
...for data plane = 27
Darkdrift correction for readout-channel 1 = -0.221654
Darkdrift correction for readout-channel 2 = -0.016881
Darkdrift correction for readout-channel 3 = 0.077718
Darkdrift correction for readout-channel 4 = 0.160817
Darkdrift uncertainty for readout-channel 1 = 0.303244
Darkdrift uncertainty for readout-channel 2 = 0.302974
Darkdrift uncertainty for readout-channel 3 = 0.303520
Darkdrift uncertainty for readout-channel 4 = 0.303408
Trimmed average of values in readout-channel 1 = 5.544048
Trimmed average of values in readout-channel 2 = 5.748821
Trimmed average of values in readout-channel 3 = 5.843420
Trimmed average of values in readout-channel 4 = 5.926519
Darkdrift background term = 5.765702
...for data plane = 28
Darkdrift correction for readout-channel 1 = -0.156124
Darkdrift correction for readout-channel 2 = -0.084454
Darkdrift correction for readout-channel 3 = -0.120835
Darkdrift correction for readout-channel 4 = 0.361414
Darkdrift uncertainty for readout-channel 1 = 0.302981
Darkdrift uncertainty for readout-channel 2 = 0.302973
Darkdrift uncertainty for readout-channel 3 = 0.302730
Darkdrift uncertainty for readout-channel 4 = 0.303120
Trimmed average of values in readout-channel 1 = 5.419744
Trimmed average of values in readout-channel 2 = 5.491414
Trimmed average of values in readout-channel 3 = 5.455033
Trimmed average of values in readout-channel 4 = 5.937282
Darkdrift background term = 5.575868
...for data plane = 29
Darkdrift correction for readout-channel 1 = 0.067493
Darkdrift correction for readout-channel 2 = -0.180629
Darkdrift correction for readout-channel 3 = 0.027327
Darkdrift correction for readout-channel 4 = 0.085809
Darkdrift uncertainty for readout-channel 1 = 0.302975
Darkdrift uncertainty for readout-channel 2 = 0.302962
Darkdrift uncertainty for readout-channel 3 = 0.302901
Darkdrift uncertainty for readout-channel 4 = 0.302790
Trimmed average of values in readout-channel 1 = 5.744968
Trimmed average of values in readout-channel 2 = 5.496846
Trimmed average of values in readout-channel 3 = 5.704801
Trimmed average of values in readout-channel 4 = 5.763283
Darkdrift background term = 5.677475
...for data plane = 30
Darkdrift correction for readout-channel 1 = -0.207774
Darkdrift correction for readout-channel 2 = -0.020847
Darkdrift correction for readout-channel 3 = -0.176129
Darkdrift correction for readout-channel 4 = 0.404750
Darkdrift uncertainty for readout-channel 1 = 0.302976
Darkdrift uncertainty for readout-channel 2 = 0.302412
Darkdrift uncertainty for readout-channel 3 = 0.303141
Darkdrift uncertainty for readout-channel 4 = 0.302961
Trimmed average of values in readout-channel 1 = 5.862441
Trimmed average of values in readout-channel 2 = 6.049368
Trimmed average of values in readout-channel 3 = 5.894086
Trimmed average of values in readout-channel 4 = 6.474966
Darkdrift background term = 6.070215
...for data plane = 31
Darkdrift correction for readout-channel 1 = -0.082111
Darkdrift correction for readout-channel 2 = -0.352926
Darkdrift correction for readout-channel 3 = -0.087764
Darkdrift correction for readout-channel 4 = 0.522801
Darkdrift uncertainty for readout-channel 1 = 0.302837
Darkdrift uncertainty for readout-channel 2 = 0.258815
Darkdrift uncertainty for readout-channel 3 = 0.303373
Darkdrift uncertainty for readout-channel 4 = 0.303244
Trimmed average of values in readout-channel 1 = 5.458834
Trimmed average of values in readout-channel 2 = 5.188020
Trimmed average of values in readout-channel 3 = 5.453181
Trimmed average of values in readout-channel 4 = 6.063746
Darkdrift background term = 5.540945
...for data plane = 32
Darkdrift correction for readout-channel 1 = 0.126804
Darkdrift correction for readout-channel 2 = 0.040625
Darkdrift correction for readout-channel 3 = -0.167538
Darkdrift correction for readout-channel 4 = 0.000109
Darkdrift uncertainty for readout-channel 1 = 0.303618
Darkdrift uncertainty for readout-channel 2 = 0.302995
Darkdrift uncertainty for readout-channel 3 = 0.302981
Darkdrift uncertainty for readout-channel 4 = 0.303133
Trimmed average of values in readout-channel 1 = 5.734814
Trimmed average of values in readout-channel 2 = 5.648635
Trimmed average of values in readout-channel 3 = 5.440472
Trimmed average of values in readout-channel 4 = 5.608119
Darkdrift background term = 5.608010
...for data plane = 33
Darkdrift correction for readout-channel 1 = -0.033032
Darkdrift correction for readout-channel 2 = -0.227719
Darkdrift correction for readout-channel 3 = 0.155540
Darkdrift correction for readout-channel 4 = 0.105212
Darkdrift uncertainty for readout-channel 1 = 0.302575
Darkdrift uncertainty for readout-channel 2 = 0.302983
Darkdrift uncertainty for readout-channel 3 = 0.303321
Darkdrift uncertainty for readout-channel 4 = 0.302989
Trimmed average of values in readout-channel 1 = 5.681741
Trimmed average of values in readout-channel 2 = 5.487054
Trimmed average of values in readout-channel 3 = 5.870313
Trimmed average of values in readout-channel 4 = 5.819985
Darkdrift background term = 5.714773
...for data plane = 34
Darkdrift correction for readout-channel 1 = -0.068624
Darkdrift correction for readout-channel 2 = -0.154733
Darkdrift correction for readout-channel 3 = -0.075786
Darkdrift correction for readout-channel 4 = 0.299143
Darkdrift uncertainty for readout-channel 1 = 0.302973
Darkdrift uncertainty for readout-channel 2 = 0.303792
Darkdrift uncertainty for readout-channel 3 = 0.302885
Darkdrift uncertainty for readout-channel 4 = 0.302567
Trimmed average of values in readout-channel 1 = 5.692252
Trimmed average of values in readout-channel 2 = 5.606143
Trimmed average of values in readout-channel 3 = 5.685090
Trimmed average of values in readout-channel 4 = 6.060018
Darkdrift background term = 5.760876
...for data plane = 35
Darkdrift correction for readout-channel 1 = 0.167981
Darkdrift correction for readout-channel 2 = -0.177247
Darkdrift correction for readout-channel 3 = -0.201293
Darkdrift correction for readout-channel 4 = 0.210558
Darkdrift uncertainty for readout-channel 1 = 0.303626
Darkdrift uncertainty for readout-channel 2 = 0.302991
Darkdrift uncertainty for readout-channel 3 = 0.303285
Darkdrift uncertainty for readout-channel 4 = 0.301722
Trimmed average of values in readout-channel 1 = 6.023070
Trimmed average of values in readout-channel 2 = 5.677842
Trimmed average of values in readout-channel 3 = 5.653796
Trimmed average of values in readout-channel 4 = 6.065647
Darkdrift background term = 5.855088
...for data plane = 36
Darkdrift correction for readout-channel 1 = 0.054371
Darkdrift correction for readout-channel 2 = -0.275763
Darkdrift correction for readout-channel 3 = -0.125623
Darkdrift correction for readout-channel 4 = 0.347014
Darkdrift uncertainty for readout-channel 1 = 0.303095
Darkdrift uncertainty for readout-channel 2 = 0.303807
Darkdrift uncertainty for readout-channel 3 = 0.302970
Darkdrift uncertainty for readout-channel 4 = 0.302975
Trimmed average of values in readout-channel 1 = 5.538881
Trimmed average of values in readout-channel 2 = 5.208746
Trimmed average of values in readout-channel 3 = 5.358887
Trimmed average of values in readout-channel 4 = 5.831523
Darkdrift background term = 5.484509
...for data plane = 37
Darkdrift correction for readout-channel 1 = -0.017964
Darkdrift correction for readout-channel 2 = 0.491031
Darkdrift correction for readout-channel 3 = -0.219441
Darkdrift correction for readout-channel 4 = -0.253626
Darkdrift uncertainty for readout-channel 1 = 0.302972
Darkdrift uncertainty for readout-channel 2 = 0.302966
Darkdrift uncertainty for readout-channel 3 = 0.303233
Darkdrift uncertainty for readout-channel 4 = 0.302881
Trimmed average of values in readout-channel 1 = 5.553853
Trimmed average of values in readout-channel 2 = 6.062848
Trimmed average of values in readout-channel 3 = 5.352376
Trimmed average of values in readout-channel 4 = 5.318191
Darkdrift background term = 5.571817
...for data plane = 38
Darkdrift correction for readout-channel 1 = -0.189836
Darkdrift correction for readout-channel 2 = -0.391960
Darkdrift correction for readout-channel 3 = 0.097839
Darkdrift correction for readout-channel 4 = 0.483957
Darkdrift uncertainty for readout-channel 1 = 0.302855
Darkdrift uncertainty for readout-channel 2 = 0.302991
Darkdrift uncertainty for readout-channel 3 = 0.303051
Darkdrift uncertainty for readout-channel 4 = 0.303035
Trimmed average of values in readout-channel 1 = 5.384003
Trimmed average of values in readout-channel 2 = 5.181879
Trimmed average of values in readout-channel 3 = 5.671678
Trimmed average of values in readout-channel 4 = 6.057796
Darkdrift background term = 5.573839
...for data plane = 39
Darkdrift correction for readout-channel 1 = -0.022775
Darkdrift correction for readout-channel 2 = -0.214541
Darkdrift correction for readout-channel 3 = -0.012450
Darkdrift correction for readout-channel 4 = 0.249766
Darkdrift uncertainty for readout-channel 1 = 0.306215
Darkdrift uncertainty for readout-channel 2 = 0.230012
Darkdrift uncertainty for readout-channel 3 = 0.303875
Darkdrift uncertainty for readout-channel 4 = 0.303458
Trimmed average of values in readout-channel 1 = 6.176289
Trimmed average of values in readout-channel 2 = 5.984523
Trimmed average of values in readout-channel 3 = 6.186614
Trimmed average of values in readout-channel 4 = 6.448830
Darkdrift background term = 6.199064
...for data plane = 40
Darkdrift correction for readout-channel 1 = -0.095274
Darkdrift correction for readout-channel 2 = -0.187653
Darkdrift correction for readout-channel 3 = 0.292063
Darkdrift correction for readout-channel 4 = -0.009136
Darkdrift uncertainty for readout-channel 1 = 0.303353
Darkdrift uncertainty for readout-channel 2 = 0.302153
Darkdrift uncertainty for readout-channel 3 = 0.302983
Darkdrift uncertainty for readout-channel 4 = 0.302884
Trimmed average of values in readout-channel 1 = 5.675071
Trimmed average of values in readout-channel 2 = 5.582692
Trimmed average of values in readout-channel 3 = 6.062408
Trimmed average of values in readout-channel 4 = 5.761209
Darkdrift background term = 5.770345
...for data plane = 41
Darkdrift correction for readout-channel 1 = -0.418560
Darkdrift correction for readout-channel 2 = -0.069466
Darkdrift correction for readout-channel 3 = -0.009100
Darkdrift correction for readout-channel 4 = 0.497127
Darkdrift uncertainty for readout-channel 1 = 0.302965
Darkdrift uncertainty for readout-channel 2 = 0.304901
Darkdrift uncertainty for readout-channel 3 = 0.303221
Darkdrift uncertainty for readout-channel 4 = 0.303137
Trimmed average of values in readout-channel 1 = 5.420719
Trimmed average of values in readout-channel 2 = 5.769814
Trimmed average of values in readout-channel 3 = 5.830179
Trimmed average of values in readout-channel 4 = 6.336406
Darkdrift background term = 5.839280
...for data plane = 42
Darkdrift correction for readout-channel 1 = -0.245206
Darkdrift correction for readout-channel 2 = -0.145850
Darkdrift correction for readout-channel 3 = 0.215450
Darkdrift correction for readout-channel 4 = 0.175606
Darkdrift uncertainty for readout-channel 1 = 0.303489
Darkdrift uncertainty for readout-channel 2 = 0.302970
Darkdrift uncertainty for readout-channel 3 = 0.303135
Darkdrift uncertainty for readout-channel 4 = 0.303210
Trimmed average of values in readout-channel 1 = 5.429595
Trimmed average of values in readout-channel 2 = 5.528952
Trimmed average of values in readout-channel 3 = 5.890252
Trimmed average of values in readout-channel 4 = 5.850408
Darkdrift background term = 5.674802
...for data plane = 43
Darkdrift correction for readout-channel 1 = -0.030883
Darkdrift correction for readout-channel 2 = -0.340183
Darkdrift correction for readout-channel 3 = -0.145748
Darkdrift correction for readout-channel 4 = 0.516814
Darkdrift uncertainty for readout-channel 1 = 0.302977
Darkdrift uncertainty for readout-channel 2 = 0.302975
Darkdrift uncertainty for readout-channel 3 = 0.302660
Darkdrift uncertainty for readout-channel 4 = 0.303739
Trimmed average of values in readout-channel 1 = 5.607755
Trimmed average of values in readout-channel 2 = 5.298455
Trimmed average of values in readout-channel 3 = 5.492890
Trimmed average of values in readout-channel 4 = 6.155452
Darkdrift background term = 5.638638
...for data plane = 44
Darkdrift correction for readout-channel 1 = -0.099464
Darkdrift correction for readout-channel 2 = -0.490321
Darkdrift correction for readout-channel 3 = 0.382692
Darkdrift correction for readout-channel 4 = 0.207093
Darkdrift uncertainty for readout-channel 1 = 0.303247
Darkdrift uncertainty for readout-channel 2 = 0.301310
Darkdrift uncertainty for readout-channel 3 = 0.302975
Darkdrift uncertainty for readout-channel 4 = 0.303054
Trimmed average of values in readout-channel 1 = 5.475374
Trimmed average of values in readout-channel 2 = 5.084518
Trimmed average of values in readout-channel 3 = 5.957530
Trimmed average of values in readout-channel 4 = 5.781931
Darkdrift background term = 5.574838
...for data plane = 45
Darkdrift correction for readout-channel 1 = -0.346734
Darkdrift correction for readout-channel 2 = -0.059237
Darkdrift correction for readout-channel 3 = 0.104469
Darkdrift correction for readout-channel 4 = 0.301503
Darkdrift uncertainty for readout-channel 1 = 0.302989
Darkdrift uncertainty for readout-channel 2 = 0.302977
Darkdrift uncertainty for readout-channel 3 = 0.303131
Darkdrift uncertainty for readout-channel 4 = 0.302981
Trimmed average of values in readout-channel 1 = 5.546124
Trimmed average of values in readout-channel 2 = 5.833622
Trimmed average of values in readout-channel 3 = 5.997327
Trimmed average of values in readout-channel 4 = 6.194361
Darkdrift background term = 5.892859
...for data plane = 46
Darkdrift correction for readout-channel 1 = 0.144786
Darkdrift correction for readout-channel 2 = -0.045683
Darkdrift correction for readout-channel 3 = -0.043504
Darkdrift correction for readout-channel 4 = -0.055599
Darkdrift uncertainty for readout-channel 1 = 0.302697
Darkdrift uncertainty for readout-channel 2 = 0.303236
Darkdrift uncertainty for readout-channel 3 = 0.303051
Darkdrift uncertainty for readout-channel 4 = 0.303225
Trimmed average of values in readout-channel 1 = 5.971385
Trimmed average of values in readout-channel 2 = 5.780916
Trimmed average of values in readout-channel 3 = 5.783095
Trimmed average of values in readout-channel 4 = 5.771001
Darkdrift background term = 5.826599
...for data plane = 47
Darkdrift correction for readout-channel 1 = 0.081821
Darkdrift correction for readout-channel 2 = -0.121095
Darkdrift correction for readout-channel 3 = 0.273651
Darkdrift correction for readout-channel 4 = -0.234377
Darkdrift uncertainty for readout-channel 1 = 0.304634
Darkdrift uncertainty for readout-channel 2 = 0.302975
Darkdrift uncertainty for readout-channel 3 = 0.302969
Darkdrift uncertainty for readout-channel 4 = 0.302974
Trimmed average of values in readout-channel 1 = 5.520134
Trimmed average of values in readout-channel 2 = 5.317218
Trimmed average of values in readout-channel 3 = 5.711964
Trimmed average of values in readout-channel 4 = 5.203937
Darkdrift background term = 5.438313
...for data plane = 48
Darkdrift correction for readout-channel 1 = 0.113591
Darkdrift correction for readout-channel 2 = -0.257417
Darkdrift correction for readout-channel 3 = -0.242789
Darkdrift correction for readout-channel 4 = 0.386615
Darkdrift uncertainty for readout-channel 1 = 0.303114
Darkdrift uncertainty for readout-channel 2 = 0.302977
Darkdrift uncertainty for readout-channel 3 = 0.303062
Darkdrift uncertainty for readout-channel 4 = 0.302905
Trimmed average of values in readout-channel 1 = 5.442781
Trimmed average of values in readout-channel 2 = 5.071774
Trimmed average of values in readout-channel 3 = 5.086402
Trimmed average of values in readout-channel 4 = 5.715805
Darkdrift background term = 5.329191
...for data plane = 49
Darkdrift correction for readout-channel 1 = -0.164328
Darkdrift correction for readout-channel 2 = -0.097112
Darkdrift correction for readout-channel 3 = 0.288271
Darkdrift correction for readout-channel 4 = -0.026831
Darkdrift uncertainty for readout-channel 1 = 0.302975
Darkdrift uncertainty for readout-channel 2 = 0.302981
Darkdrift uncertainty for readout-channel 3 = 0.232226
Darkdrift uncertainty for readout-channel 4 = 0.303311
Trimmed average of values in readout-channel 1 = 5.960369
Trimmed average of values in readout-channel 2 = 6.027585
Trimmed average of values in readout-channel 3 = 6.412968
Trimmed average of values in readout-channel 4 = 6.097866
Darkdrift background term = 6.124697
...for data plane = 50
Darkdrift correction for readout-channel 1 = -0.074858
Darkdrift correction for readout-channel 2 = -0.037500
Darkdrift correction for readout-channel 3 = -0.352095
Darkdrift correction for readout-channel 4 = 0.464453
Darkdrift uncertainty for readout-channel 1 = 0.302966
Darkdrift uncertainty for readout-channel 2 = 0.304077
Darkdrift uncertainty for readout-channel 3 = 0.303208
Darkdrift uncertainty for readout-channel 4 = 0.302465
Trimmed average of values in readout-channel 1 = 5.682967
Trimmed average of values in readout-channel 2 = 5.720325
Trimmed average of values in readout-channel 3 = 5.405729
Trimmed average of values in readout-channel 4 = 6.222278
Darkdrift background term = 5.757825
...for data plane = 51
Darkdrift correction for readout-channel 1 = 0.071441
Darkdrift correction for readout-channel 2 = -0.286444
Darkdrift correction for readout-channel 3 = 0.041925
Darkdrift correction for readout-channel 4 = 0.173078
Darkdrift uncertainty for readout-channel 1 = 0.302994
Darkdrift uncertainty for readout-channel 2 = 0.302966
Darkdrift uncertainty for readout-channel 3 = 0.303069
Darkdrift uncertainty for readout-channel 4 = 0.303236
Trimmed average of values in readout-channel 1 = 5.592187
Trimmed average of values in readout-channel 2 = 5.234302
Trimmed average of values in readout-channel 3 = 5.562671
Trimmed average of values in readout-channel 4 = 5.693824
Darkdrift background term = 5.520746
...for data plane = 52
Darkdrift correction for readout-channel 1 = 0.251232
Darkdrift correction for readout-channel 2 = -0.048184
Darkdrift correction for readout-channel 3 = -0.066935
Darkdrift correction for readout-channel 4 = -0.136112
Darkdrift uncertainty for readout-channel 1 = 0.302724
Darkdrift uncertainty for readout-channel 2 = 0.303238
Darkdrift uncertainty for readout-channel 3 = 0.302958
Darkdrift uncertainty for readout-channel 4 = 0.302890
Trimmed average of values in readout-channel 1 = 5.746443
Trimmed average of values in readout-channel 2 = 5.447028
Trimmed average of values in readout-channel 3 = 5.428276
Trimmed average of values in readout-channel 4 = 5.359099
Darkdrift background term = 5.495211
...for data plane = 53
Darkdrift correction for readout-channel 1 = -0.301672
Darkdrift correction for readout-channel 2 = -0.237225
Darkdrift correction for readout-channel 3 = 0.289616
Darkdrift correction for readout-channel 4 = 0.249281
Darkdrift uncertainty for readout-channel 1 = 0.303234
Darkdrift uncertainty for readout-channel 2 = 0.265108
Darkdrift uncertainty for readout-channel 3 = 0.377372
Darkdrift uncertainty for readout-channel 4 = 0.303137
Trimmed average of values in readout-channel 1 = 5.307996
Trimmed average of values in readout-channel 2 = 5.372443
Trimmed average of values in readout-channel 3 = 5.899284
Trimmed average of values in readout-channel 4 = 5.858949
Darkdrift background term = 5.609668
...for data plane = 54
Darkdrift correction for readout-channel 1 = 0.137739
Darkdrift correction for readout-channel 2 = -0.176571
Darkdrift correction for readout-channel 3 = 0.246559
Darkdrift correction for readout-channel 4 = -0.207727
Darkdrift uncertainty for readout-channel 1 = 0.302999
Darkdrift uncertainty for readout-channel 2 = 0.304067
Darkdrift uncertainty for readout-channel 3 = 0.303204
Darkdrift uncertainty for readout-channel 4 = 0.303062
Trimmed average of values in readout-channel 1 = 6.071884
Trimmed average of values in readout-channel 2 = 5.757574
Trimmed average of values in readout-channel 3 = 6.180704
Trimmed average of values in readout-channel 4 = 5.726417
Darkdrift background term = 5.934145
...for data plane = 55
Darkdrift correction for readout-channel 1 = -0.263164
Darkdrift correction for readout-channel 2 = -0.299842
Darkdrift correction for readout-channel 3 = 0.161278
Darkdrift correction for readout-channel 4 = 0.401727
Darkdrift uncertainty for readout-channel 1 = 0.302710
Darkdrift uncertainty for readout-channel 2 = 0.302429
Darkdrift uncertainty for readout-channel 3 = 0.303119
Darkdrift uncertainty for readout-channel 4 = 0.303808
Trimmed average of values in readout-channel 1 = 5.472341
Trimmed average of values in readout-channel 2 = 5.435663
Trimmed average of values in readout-channel 3 = 5.896783
Trimmed average of values in readout-channel 4 = 6.137232
Darkdrift background term = 5.735505
...for data plane = 56
Darkdrift correction for readout-channel 1 = -0.162371
Darkdrift correction for readout-channel 2 = 0.174349
Darkdrift correction for readout-channel 3 = 0.201093
Darkdrift correction for readout-channel 4 = -0.213071
Darkdrift uncertainty for readout-channel 1 = 0.304002
Darkdrift uncertainty for readout-channel 2 = 0.303242
Darkdrift uncertainty for readout-channel 3 = 0.303455
Darkdrift uncertainty for readout-channel 4 = 0.303726
Trimmed average of values in readout-channel 1 = 5.185417
Trimmed average of values in readout-channel 2 = 5.522138
Trimmed average of values in readout-channel 3 = 5.548881
Trimmed average of values in readout-channel 4 = 5.134718
Darkdrift background term = 5.347788
...for data plane = 57
Darkdrift correction for readout-channel 1 = -0.402375
Darkdrift correction for readout-channel 2 = -0.287620
Darkdrift correction for readout-channel 3 = 0.165614
Darkdrift correction for readout-channel 4 = 0.524381
Darkdrift uncertainty for readout-channel 1 = 0.302840
Darkdrift uncertainty for readout-channel 2 = 0.302990
Darkdrift uncertainty for readout-channel 3 = 0.303222
Darkdrift uncertainty for readout-channel 4 = 0.305324
Trimmed average of values in readout-channel 1 = 4.873649
Trimmed average of values in readout-channel 2 = 4.988404
Trimmed average of values in readout-channel 3 = 5.441639
Trimmed average of values in readout-channel 4 = 5.800405
Darkdrift background term = 5.276024
...for data plane = 58
Darkdrift correction for readout-channel 1 = 0.237545
Darkdrift correction for readout-channel 2 = -0.950340
Darkdrift correction for readout-channel 3 = -0.151486
Darkdrift correction for readout-channel 4 = 0.864281
Darkdrift uncertainty for readout-channel 1 = 0.303467
Darkdrift uncertainty for readout-channel 2 = 0.303810
Darkdrift uncertainty for readout-channel 3 = 0.303109
Darkdrift uncertainty for readout-channel 4 = 0.302988
Trimmed average of values in readout-channel 1 = 0.760681
Trimmed average of values in readout-channel 2 = -0.427203
Trimmed average of values in readout-channel 3 = 0.371650
Trimmed average of values in readout-channel 4 = 1.387418
Darkdrift background term = 0.523137
...for data plane = 59
Darkdrift correction for readout-channel 1 = 0.345220
Darkdrift correction for readout-channel 2 = -0.649401
Darkdrift correction for readout-channel 3 = -0.084585
Darkdrift correction for readout-channel 4 = 0.388765
Darkdrift uncertainty for readout-channel 1 = 0.302978
Darkdrift uncertainty for readout-channel 2 = 0.303541
Darkdrift uncertainty for readout-channel 3 = 0.303128
Darkdrift uncertainty for readout-channel 4 = 0.303070
Trimmed average of values in readout-channel 1 = 5.969840
Trimmed average of values in readout-channel 2 = 4.975219
Trimmed average of values in readout-channel 3 = 5.540035
Trimmed average of values in readout-channel 4 = 6.013384
Darkdrift background term = 5.624619
...for data plane = 60
Darkdrift correction for readout-channel 1 = -0.014616
Darkdrift correction for readout-channel 2 = -0.153534
Darkdrift correction for readout-channel 3 = 0.068801
Darkdrift correction for readout-channel 4 = 0.099349
Darkdrift uncertainty for readout-channel 1 = 0.302988
Darkdrift uncertainty for readout-channel 2 = 0.303661
Darkdrift uncertainty for readout-channel 3 = 0.229275
Darkdrift uncertainty for readout-channel 4 = 0.341504
Trimmed average of values in readout-channel 1 = 5.990226
Trimmed average of values in readout-channel 2 = 5.851308
Trimmed average of values in readout-channel 3 = 6.073643
Trimmed average of values in readout-channel 4 = 6.104191
Darkdrift background term = 6.004842
...for data plane = 61
Darkdrift correction for readout-channel 1 = 0.536439
Darkdrift correction for readout-channel 2 = -0.408146
Darkdrift correction for readout-channel 3 = -0.090482
Darkdrift correction for readout-channel 4 = -0.037811
Darkdrift uncertainty for readout-channel 1 = 0.303874
Darkdrift uncertainty for readout-channel 2 = 0.305166
Darkdrift uncertainty for readout-channel 3 = 0.303133
Darkdrift uncertainty for readout-channel 4 = 0.302949
Trimmed average of values in readout-channel 1 = 5.889901
Trimmed average of values in readout-channel 2 = 4.945316
Trimmed average of values in readout-channel 3 = 5.262980
Trimmed average of values in readout-channel 4 = 5.315651
Darkdrift background term = 5.353462
...for data plane = 62
Darkdrift correction for readout-channel 1 = 0.285263
Darkdrift correction for readout-channel 2 = 0.025765
Darkdrift correction for readout-channel 3 = -0.197384
Darkdrift correction for readout-channel 4 = -0.113645
Darkdrift uncertainty for readout-channel 1 = 0.303239
Darkdrift uncertainty for readout-channel 2 = 0.302428
Darkdrift uncertainty for readout-channel 3 = 0.302981
Darkdrift uncertainty for readout-channel 4 = 0.302968
Trimmed average of values in readout-channel 1 = 5.821554
Trimmed average of values in readout-channel 2 = 5.562056
Trimmed average of values in readout-channel 3 = 5.338907
Trimmed average of values in readout-channel 4 = 5.422646
Darkdrift background term = 5.536291
...for data plane = 63
Darkdrift correction for readout-channel 1 = -0.063465
Darkdrift correction for readout-channel 2 = -0.191541
Darkdrift correction for readout-channel 3 = 0.214332
Darkdrift correction for readout-channel 4 = 0.040674
Darkdrift uncertainty for readout-channel 1 = 0.303105
Darkdrift uncertainty for readout-channel 2 = 0.302441
Darkdrift uncertainty for readout-channel 3 = 0.302832
Darkdrift uncertainty for readout-channel 4 = 0.302977
Trimmed average of values in readout-channel 1 = 5.427374
Trimmed average of values in readout-channel 2 = 5.299299
Trimmed average of values in readout-channel 3 = 5.705171
Trimmed average of values in readout-channel 4 = 5.531513
Darkdrift background term = 5.490839
...for data plane = 64
Darkdrift correction for readout-channel 1 = -0.072475
Darkdrift correction for readout-channel 2 = 0.036005
Darkdrift correction for readout-channel 3 = -0.253651
Darkdrift correction for readout-channel 4 = 0.290121
Darkdrift uncertainty for readout-channel 1 = 0.302970
Darkdrift uncertainty for readout-channel 2 = 0.302975
Darkdrift uncertainty for readout-channel 3 = 0.302963
Darkdrift uncertainty for readout-channel 4 = 0.302960
Trimmed average of values in readout-channel 1 = 5.464150
Trimmed average of values in readout-channel 2 = 5.572631
Trimmed average of values in readout-channel 3 = 5.282975
Trimmed average of values in readout-channel 4 = 5.826747
Darkdrift background term = 5.536626

Program darkdrift: Status Message: 0x0000
Normal exit from Function 0x0000: LOG_WRITER
darkdrift Warning: NaN's were produced in the results.
A total of     2013   NaN's were produced in the results.
Processing time: 11.890000 seconds
Current date/time: Sat Jan  9 14:59:13 2016
Program darkdrift, version 4.1, terminated.

darkdrift   exit_value =   0    execution_time = 12.000s
******************************************************************
Pipeline executing flatap
flatap -i darkdrift.fits -p cal/pmask.fits -f cal/skyflat.fits -ui sig_darkdrift.fits -uo sig_flatap.fits -d dmask.fits -o flatap.fits -c cal/skyflat_cmask.fits 
******************************************************************
Pipeline Module FLATAP Version 1.5
Processing time Sat Jan  9 14:59:14 2016

flatap_parse_namelist: Information only: Namelist not specified.
Sat Jan  9 14:59:14 2016
flatap_log_writer: Could not open Log File, using stdout
Flatap Version 1.5
Namelist File  = 
Input DCE = darkdrift.fits
Output DCE = !flatap.fits
Flatfield = cal/skyflat.fits
Input Uncertainty = sig_darkdrift.fits
Output Uncertainty = !sig_flatap.fits
Pmask File = cal/pmask.fits
Pmask Mask = 128
Dmask File = dmask.fits
Dmask Mask = 16384
Cmask File = cal/skyflat_cmask.fits
Cmask Mask = 256
Trans CAL File = 
Trans CAL CMask File = 
Processing Log File = 
Time =    0.17 seconds
*********************

Time = 0.170 seconds
exit code 0

flatap   exit_value =   0    execution_time = 0.250s
******************************************************************
Pipeline executing imfliprot
imfliprot -i flatap.fits -n cdf/pn107.nl -a /sos/sw/S19.2.0/STUDIO/downlink/include -o imfliprot.fits 
******************************************************************

imfliprot_log_writer: Printing Log output to stdout

Program imfliprot, Version 1.0
Namelist File  = cdf/pn107.nl
Input File = flatap.fits
Output File = imfliprot.fits
Image has been flipped
Image Rotation (degrees)  = 180
Ancillary Data-File Path = /sos/sw/S19.2.0/STUDIO/downlink/include
Verbose flag = 0
Debug flag = 0
imfliprot Status Message      0x0000: Normal exit from Function 0x0000: LOG_WRITER
Processing time: 0.190000 seconds
Current date/time: Sat Jan  9 14:59:15 2016
Program imfliprot, version 1.0, terminated.


imfliprot   exit_value =   0    execution_time = 0.230s
******************************************************************
Pipeline executing imfliprot
imfliprot -i sig_flatap.fits -n cdf/pn107.nl -a /sos/sw/S19.2.0/STUDIO/downlink/include -o sig_imfliprot.fits 
******************************************************************

imfliprot_log_writer: Printing Log output to stdout

Program imfliprot, Version 1.0
Namelist File  = cdf/pn107.nl
Input File = sig_flatap.fits
Output File = sig_imfliprot.fits
Image has been flipped
Image Rotation (degrees)  = 180
Ancillary Data-File Path = /sos/sw/S19.2.0/STUDIO/downlink/include
Verbose flag = 0
Debug flag = 0
imfliprot Status Message      0x0000: Normal exit from Function 0x0000: LOG_WRITER
Processing time: 0.210000 seconds
Current date/time: Sat Jan  9 14:59:15 2016
Program imfliprot, version 1.0, terminated.


imfliprot   exit_value =   0    execution_time = 0.240s
******************************************************************
Pipeline executing imfliprot
imfliprot -i dmask.fits -n cdf/pn107.nl -a /sos/sw/S19.2.0/STUDIO/downlink/include -o temp_dmask.fits 
******************************************************************

imfliprot_log_writer: Printing Log output to stdout

Program imfliprot, Version 1.0
Namelist File  = cdf/pn107.nl
Input File = dmask.fits
Output File = temp_dmask.fits
Image has been flipped
Image Rotation (degrees)  = 180
Ancillary Data-File Path = /sos/sw/S19.2.0/STUDIO/downlink/include
Verbose flag = 0
Debug flag = 0
imfliprot Status Message      0x0000: Normal exit from Function 0x0000: LOG_WRITER
Processing time: 0.050000 seconds
Current date/time: Sat Jan  9 14:59:16 2016
Program imfliprot, version 1.0, terminated.


imfliprot   exit_value =   0    execution_time = 0.090s
******************************************************************
Pipeline executing imfliprot
imfliprot -i fowlinearize.fits -n cdf/pn107.nl -a /sos/sw/S19.2.0/STUDIO/downlink/include -o temp_fowlinearize.fits 
******************************************************************

imfliprot_log_writer: Printing Log output to stdout

Program imfliprot, Version 1.0
Namelist File  = cdf/pn107.nl
Input File = fowlinearize.fits
Output File = temp_fowlinearize.fits
Image has been flipped
Image Rotation (degrees)  = 180
Ancillary Data-File Path = /sos/sw/S19.2.0/STUDIO/downlink/include
Verbose flag = 0
Debug flag = 0
imfliprot Status Message      0x0000: Normal exit from Function 0x0000: LOG_WRITER
Processing time: 0.080000 seconds
Current date/time: Sat Jan  9 14:59:16 2016
Program imfliprot, version 1.0, terminated.


imfliprot   exit_value =   0    execution_time = 0.130s
******************************************************************
Pipeline executing imfliprot
imfliprot -i sig_fowlinearize.fits -n cdf/pn107.nl -a /sos/sw/S19.2.0/STUDIO/downlink/include -o temp_sig_fowlinearize.fits 
******************************************************************

imfliprot_log_writer: Printing Log output to stdout

Program imfliprot, Version 1.0
Namelist File  = cdf/pn107.nl
Input File = sig_fowlinearize.fits
Output File = temp_sig_fowlinearize.fits
Image has been flipped
Image Rotation (degrees)  = 180
Ancillary Data-File Path = /sos/sw/S19.2.0/STUDIO/downlink/include
Verbose flag = 0
Debug flag = 0
imfliprot Status Message      0x0000: Normal exit from Function 0x0000: LOG_WRITER
Processing time: 0.100000 seconds
Current date/time: Sat Jan  9 14:59:17 2016
Program imfliprot, version 1.0, terminated.


imfliprot   exit_value =   0    execution_time = 0.140s
******************************************************************
Pipeline executing dntoflux
dntoflux -i imfliprot.fits -iu sig_imfliprot.fits -n cdf/pn107.nl -co 0 -c 0.1447 -u 0.0000 -a /sos/sw/S19.2.0/STUDIO/downlink/include -o1 dntoflux.fits -ou sig_dntoflux.fits -t 1 
******************************************************************

Program dntoflux, Version 4.2
Namelist File  = cdf/pn107.nl
Input Image = imfliprot.fits
Output File 1 = dntoflux.fits
Output Uncertainty Image = sig_dntoflux.fits
Operation flag = 0
Conversion factor = 0.144700
Input Uncertainty Image = sig_imfliprot.fits
Conversion-factor uncertainty = 0.000000
Output BUNIT setting = MJy/sr
Normalize-by-EXPTIME Flag = 1
EXPTIME = 1.920000
Data-Plane Flag = 1
Ancillary Data-File Path = /sos/sw/S19.2.0/STUDIO/downlink/include
Verbose flag = 0
Super-verbose flag = 0
Debug flag = 0
Terminating data-units-conversion program.
dntoflux Status Message: 0x0000
Normal exit from Function 0x0000: LOG_WRITER
dntoflux Probs Warning: NaN's were produced in the results.
A total of     4026   NaN's were produced in the results.
Processing time: 0.450000 seconds
Current date/time: Sat Jan  9 14:59:18 2016
Program dntoflux, version 4.2, terminated.

dntoflux   exit_value =   0    execution_time = 0.600s
******************************************************************
Pipeline executing qatool
qatool -i dntoflux.fits -n cdf/pn107.nl -nb QATOOLBCD -a /sos/sw/S19.2.0/STUDIO/downlink/include -o qa/BCD_qatool 
******************************************************************
qatool_parse_namelist: Information only: Namelist block-name = &QATOOLBCD
Program qatool, Version 6.0
Namelist File  = cdf/pn107.nl
Input File = dntoflux.fits
Output Data Filename Base = qa/BCD_qatool
Statistics Group = 0
Percent-Scaling Flag = 0
Calculation Type = 1
(set-up to do additional computations for four readout channels)
Number of Mean Absolute Deviations for Histogram Half-Width Coverage = 5
Number of Bins in Histograms = 41
Central fraction for trimmed average = 0.810000
Central fraction for trimmed std. dev. = 0.720000
Bad-pixel tolerance fraction = 0.900000
Statistics Box X position = 3
Statistics Box Y position = 4
Statistics Box X width = 20
Statistics Box Y height = 23
Input-Image Transpose Flag = 1
Unsigned Integer Flag = 0
Data-Plane Flag = 1
Number Edge Rows/Cols Skipped = 2
Keyword Prefix = bcd
Ancillary Data-File Path = /sos/sw/S19.2.0/STUDIO/downlink/include
Verbose flag = 0
Super-verbose flag = 0
Debug flag = 0
Performed statistical and histogram calculations.
Program qatool: Status Message: 0x0000
Normal exit from Function 0x0000: LOG_WRITER
Processing time: 1.260000 seconds
Current date/time: Sat Jan  9 14:59:20 2016
Program qatool, version 6.0, terminated.

qatool   exit_value =   0    execution_time = 1.360s
******************************************************************
Pipeline executing chkmask
chkmask dmask.fits -q qa/BCD_qatool.qa 
******************************************************************
 chkmask vsn 1.35 A40312
 
 No. of occurrences of the   3 status combinations:
   2267 occurrences of   256 (8)                                 
   6 occurrences of   16 (4)                                 
   2 occurrences of   272 (4,8)                               
 
 Status Bit: No. of Pixels
   0:   0
   1:   0
   2:   0
   3:   0
   4:   8
   5:   0
   6:   0
   7:   0
   8:   2269
   9:   0
   10:   0
   11:   0
   12:   0
   13:   0
   14:   0
 

chkmask   exit_value =   0    execution_time = 0.320s
******************************************************************
Loading QA information for DCE and BCD product
Keyword APDUV1E not found in header
Keyword APDUV2E not found in header
Keyword APDUV3E not found in header
Keyword APDUI1E not found in header
Keyword APDUI2E not found in header
Keyword APDUI3E not found in header
Could not append keyword APDUV1E to QA file qa/DCE_qatool.qa
Could not append keyword APDUV2E to QA file qa/DCE_qatool.qa
Could not append keyword APDUV3E to QA file qa/DCE_qatool.qa
Could not append keyword APDUI1E to QA file qa/DCE_qatool.qa
Could not append keyword APDUI2E to QA file qa/DCE_qatool.qa
Could not append keyword APDUI3E to QA file qa/DCE_qatool.qa
******************************************************************
Pipeline executing qaloader
qaloader -i qa/DCE_qatool.qa -tablename qa_iracdce -o qa/qaloader.sql -role pipelineswrole 
******************************************************************
2016/01/09 14:59:23 BEGIN qaloader v1.13
 -i (QA_FILE) qa/DCE_qatool.qa
 -tablename (TABLENAME) qa_iracdce
 -o (SQL_FILE) qa/qaloader.sql
 -role (ROLE) pipelineswrole
Using metadata version 13.0b
table name=qa_iracdce

QA values ingested:
{-4.635139e+01} {}
dceAveFI_1       -4.635139e+01 
{-4.967157e+01} {}
dceAveR1_1       -4.967157e+01 
{-2.942136e+01} {}
dceAveR2_1       -2.942136e+01 
{-3.394527e+01} {}
dceAveR3_1       -3.394527e+01 
{-7.236735e+01} {}
dceAveR4_1       -7.236735e+01 
{-2.200000e+01} {-4.967157e+01}
dceMedFI_1       -2.200000e+01 
{3.100085e+02} {}
dceSdevFI_1      3.100085e+02 
{4.770400e+00} {}
dceDSclFI_1      4.770400e+00 
{-1.032200e+04} {}
dceMinFI_1       -1.032200e+04 
{2.300000e+01} {}
dceMaxFI_1       2.300000e+01 
{147809470} {}
DCEID            147809470 
{2} {-4.635139e+01}
CHNLNUM          2 
{0} {}
ADCEID           0 
{8} {}
AFOWLNUM         8 
{184} {}
AWAITPER         184 
{0} {}
AWEASIDE         0 
{1} {}
AREADMOD         1 
{27.699513} {}
AFPAT1B          27.699513 
{28.671007} {}
AFPAT2B          28.671007 
{0} {}
APEDSIG          0 
{0} {}
ATXSTAT          0 
{0} {}
AFLSTAT          0 
{4} {}
ASHSTAT          4 
{-3.5585} {}
AVRSTBEG         -3.5585 
{-3.0562209} {}
AVDETBEG         -3.0562209 
{-3.618536} {}
AVGG1BEG         -3.618536 
{-3.5499908} {}
AVDDUBEG         -3.5499908 
{0} {}
AVGGCBEG         0 
{21.626487} {}
ACTENDT          21.626487 
{19.796908} {}
AFPECTE          19.796908 
{23.174509} {}
AFPEATE          23.174509 
{24.064953} {}
ATCTEMPE         24.064953 
{21.565525} {}
ACETEMPE         21.565525 
{21.565525} {}
APDTEMPE         21.565525 
{27.671961} {}
ACATMP2E         27.671961 
2016/01/09 14:59:23 END   qaloader status=0

qaloader   exit_value =   0    execution_time = 0.080s
******************************************************************
Pipeline executing qaloader
qaloader -i qa/BCD_qatool.qa -tablename qa_iracdp -o qa/qaloader.sql 
******************************************************************
2016/01/09 14:59:23 BEGIN qaloader v1.13
 -i (QA_FILE) qa/BCD_qatool.qa
 -tablename (TABLENAME) qa_iracdp
 -o (SQL_FILE) qa/qaloader.sql
Using metadata version 13.0b
table name=qa_iracdp

QA values ingested:
{2.501840e+00} {}
bcdAveFI_1       2.501840e+00 
{3.987139e+00} {}
bcdAveUB_1       3.987139e+00 
{5.141627e-01} {}
bcdMedFI_1       5.141627e-01 
{6.721519e-01} {}
bcdMedUB_1       6.721519e-01 
{2.640029e+01} {}
bcdSdevFI_1      2.640029e+01 
{3.440260e+01} {}
bcdSdevUB_1      3.440260e+01 
{4.063521e-01} {}
bcdDSclFI_1      4.063521e-01 
{5.383431e-01} {}
bcdDSclUB_1      5.383431e-01 
{-4.924217e-01} {}
bcdMinFI_1       -4.924217e-01 
{-4.924217e-01} {}
bcdMinUB_1       -4.924217e-01 
{7.048709e+02} {}
bcdMaxFI_1       7.048709e+02 
{7.048709e+02} {}
bcdMaxUB_1       7.048709e+02 
{4.885426e-01} {}
bcdC68lFI_1      4.885426e-01 
{5.357980e-01} {}
bcdC68uFI_1      5.357980e-01 
{391693267} {}
DPID             391693267 
{2} {2.501840e+00}
CHNLNUM          2 
2016/01/09 14:59:23 END   qaloader status=0

qaloader   exit_value =   0    execution_time = 0.140s
******************************************************************
Pipeline executing dbaccess
dbaccess -e sodb qa/qaloader.sql 
******************************************************************
set role pipelineswrole;
set lock mode to wait 30;
EXECUTE PROCEDURE addQA_iracdce (147809470, NULL, NULL, 2, -4.635139e+01, 
-2.200000e+01, -4.967157e+01, -2.942136e+01, -3.394527e+01, -7.236735e+01, 
3.100085e+02, 4.770400e+00, -1.032200e+04, 2.300000e+01, 0, 8, 184, 0, 1, 
27.699513, 28.671007, 0, 0, 0, 4, -3.5585, -3.0562209, -3.618536, -3.5499908, 
0, 21.626487, 19.796908, 23.174509, 24.064953, 21.565525, 21.565525, 27.671961, 
NULL, NULL, NULL, NULL, NULL, NULL);
EXECUTE PROCEDURE addQA_iracdp (391693267, NULL, NULL, 2, 2.501840e+00, 
3.987139e+00, 5.141627e-01, 6.721519e-01, 2.640029e+01, 3.440260e+01, 
4.063521e-01, 5.383431e-01, -4.924217e-01, -4.924217e-01, 7.048709e+02, 
7.048709e+02, 4.885426e-01, 5.357980e-01, NULL, NULL, NULL, NULL, NULL, NULL);
execute procedure setDceTimeParameters (147809470, 1037044605.178, "2012-11-10 19:50:24.871", 1.92, 2.00);

dbaccess   exit_value =   0    execution_time = 0.150s
******************************************************************
Finishing IRAC science pipeline processing
Could not copy cal/firstframe_corr.fits to /sbx10/S19.2.0/archive/proc/full/IRAC033400/bcd/4568/0046471424/2/0048/0000/17/01/1/cal/firstframe_corr.fits
Could not copy imask.fits to /sbx10/S19.2.0/archive/proc/full/IRAC033400/bcd/4568/0046471424/2/0048/0000/17/01/1/imask.fits
Could not copy muxbleedcorr.fits to /sbx10/S19.2.0/archive/proc/full/IRAC033400/bcd/4568/0046471424/2/0048/0000/17/01/1/muxbleedcorr.fits
Could not copy slremove.fits to /sbx10/S19.2.0/archive/proc/full/IRAC033400/bcd/4568/0046471424/2/0048/0000/17/01/1/slremove.fits
******************************************************************
PlScriptID 17 exiting Saturday, January  9, 2016  2:59:27 PM PST
Host: sopipe63
Local Processing Directory: /scr1/S19.2.0/IRAC033400/bcd/4568/0046471424/2/0048/0000/17/01/1
Sandbox Directory: /sbx10/S19.2.0/archive/proc/full/IRAC033400/bcd/4568/0046471424/2/0048/0000/17/01/1
Processing time: total 30.26 s (user 0.99, system 1.02, child user 17.4, child system 10.85)
Pipeline exit code: Normal exit (0)
******************************************************************
