 hdrupd8 vsn 1.6  A70821
******************************************************************
Executing IRAC science pipeline
******************************************************************
Pipeline executing sanity_datatype
sanity_datatype -i ../fos16.fits -t1 cdf/sanity_datatype1.tbl -t2 cdf/sanity_datatype2.tbl -o1 qa/sanity_datatype1.tbl -o2 qa/sanity_datatype2.tbl 
******************************************************************
Program Sanity_datatype is started .... Version 1.0, Sat Jan  9 14:56:47 2016
Input Image File = ../fos16.fits
Input Data Table 1 = cdf/sanity_datatype1.tbl
Input Data Table 2 = cdf/sanity_datatype2.tbl
Output Filename1 = qa/sanity_datatype1.tbl
Output Filename2 = qa/sanity_datatype2.tbl
Log File = stdout
I_Debug = 0
I_Verbose = 0
I_SuperVerbose = 0
Processing time: 0.070000 seconds
Program Sanity_datatype is done. Version 1.0, Sat Jan  9 14:56:47 2016


sanity_datatype   exit_value =   0    execution_time = 0.390s
******************************************************************
Pipeline executing qatool
qatool -i ../fos16.fits -n cdf/pn107.nl -nb QATOOLDCE -a /sos/sw/S19.2.0/STUDIO/downlink/include -o qa/DCE_qatool 
******************************************************************
qatool_parse_namelist: Information only: Namelist block-name = &QATOOLDCE
Program qatool, Version 6.0
Namelist File  = cdf/pn107.nl
Input File = ../fos16.fits
Output Data Filename Base = qa/DCE_qatool
Statistics Group = 0
Percent-Scaling Flag = 0
Calculation Type = 1
(set-up to do additional computations for four readout channels)
Number of Mean Absolute Deviations for Histogram Half-Width Coverage = 5
Number of Bins in Histograms = 41
Central fraction for trimmed average = 0.810000
Central fraction for trimmed std. dev. = 0.720000
Bad-pixel tolerance fraction = 0.340000
Statistics Box X position = 3
Statistics Box Y position = 4
Statistics Box X width = 27
Statistics Box Y height = 33
Input-Image Transpose Flag = 1
Unsigned Integer Flag = 0
Data-Plane Flag = 1
Number Edge Rows/Cols Skipped = 10
Keyword Prefix = dce
Ancillary Data-File Path = /sos/sw/S19.2.0/STUDIO/downlink/include
Verbose flag = 0
Super-verbose flag = 0
Debug flag = 0
Performed statistical and histogram calculations.
Program qatool: Status Message: 0x0000
Normal exit from Function 0x0000: LOG_WRITER
Processing time: 0.750000 seconds
Current date/time: Sat Jan  9 14:56:48 2016
Program qatool, version 6.0, terminated.

qatool   exit_value =   0    execution_time = 0.850s
******************************************************************
Pipeline executing sanity_check
sanity_check -i qa/DCE_qatool.tbl -o qa/sanity_check.tbl 
******************************************************************
Program Sanity_check is started .... Version 1.0, Sat Jan  9 14:56:52 2016

Input File = qa/DCE_qatool.tbl
Output = qa/sanity_check.tbl
Processing time: 0.030000 seconds
Current date/time: Sat Jan  9 14:56:52 2016
Program Sanity_check, version 1.0, terminated.

sanity_check   exit_value =   0    execution_time = 0.340s
******************************************************************
Pipeline executing abad_repair
abad_repair -i ../fos16.fits -o abad_repair.fits 
******************************************************************
Pipeline Module ABAD_REPAIR Version 1.2
Processing time Sat Jan  9 14:56:52 2016

ABAD_READ_DATA: A0752D00 = 0
status from read: 1
npixs = 65536
enter output with 0
files ../fos16.fits !abad_repair.fits 
open output [!abad_repair.fits]
comment [Sat Jan  9 14:56:52 2016]
Time = 0.040 seconds
exit code 0

abad_repair   exit_value =   0    execution_time = 0.080s
******************************************************************
Pipeline executing tranhead
tranhead -i abad_repair.fits -n cdf/pn107.nl -k /scr/S19.2.0/cdf/ctd/telemetry_dictionary.dat -a /sos/sw/S19.2.0/STUDIO/downlink/include -o tranhead.fits -t, cdf/Keyword_Include_List.dat 
******************************************************************

Program tranhead, Version 13.2
Namelist File  = cdf/pn107.nl
Input File = abad_repair.fits
Dictionary File = /scr/S19.2.0/cdf/ctd/telemetry_dictionary.dat
CTD Version String = 3.0.94S
Keyword-Include-List File = cdf/Keyword_Include_List.dat
Translated-Keyword File = tranhead.hdr
CSPICE leapseconds kernel = /scr/S19.2.0/cdf/spice/leapseconds.ker
CSPICE SCLK_SCET kernel = /scr/S19.2.0/cdf/spice/sclk_scet.ker
CSPICE Spitzer Ephemeris = /scr/S19.2.0/cdf/spice/sirtf.bsp
CSPICE Planets Ephemeris = /scr/S19.2.0/cdf/spice/de.bsp
Output File = tranhead.fits
Operation Type = 1
FITS-Header Comment Flag = 1
SCLK correction factor = 1.000380
Ignore Frames (1st) = -1
Ignore Frames (2nd and higher) = -1
Central fraction for trimmed average  = 0.900000
Central fraction for trimmed std. dev. = 0.900000
Gain = 3.710000
Gain_RdOutCh_1 = 3.710000
Gain_RdOutCh_2 = 3.710000
Gain_RdOutCh_3 = 3.710000
Gain_RdOutCh_4 = 3.710000
Ancillary Data-File Path = /sos/sw/S19.2.0/STUDIO/downlink/include
Verbose flag = 0
Super-verbose flag = 0
Debug flag = 0
Configured to perform forward FITS keyword translation.
tranhead Status Message: 0x0000
Normal exit from Function 0x0000: LOG_WRITER
A total of        0   NaN's were produced in the results.
Processing time: 0.340000 seconds
Current date/time: Sat Jan  9 14:56:53 2016
Program tranhead, version 13.2, terminated.

tranhead   exit_value =   0    execution_time = 0.470s
 hdrupd8 vsn 1.6  A70821


LabDark

chan, frametime, hdy, extrpt = 2, 2.00, F, 233
expid  adceid  repidx  =  102,  0,  0 

SkyDarkaor template time = 2
hdy  repidx =  F  0
expid  ext-repeat  =  102  233

******************************************************************
Pipeline executing caltrans
caltrans -n cdf/pn107.nl -m 2 -a 7 -b /scr3/S19.2.0/dlcaldata/irac -s tranhead.fits -o cal -u SUB -jk1 CHNLNUM -jv1 2 -ja1 N -ju1 0 -js1 flip -jk2 CHNLNUM;AFOWLNUM;AWAITPER;FRAMTIME;HDRMODE -jv2 2;8;184;2.00;F -ja2 N;N;N;N;S -ju2 0;0;0;0;0 -js2 sigma;cmask -jk3 CHNLNUM;AFOWLNUM;AWAITPER;FRAMTIME;HDRMODE -jv3 2;8;184;2.00;F -ja3 N;N;N;N;S -ju3 0;0;0;0;0 -js3 cmask -jk4 CHNLNUM -jv4 2 -ja4 N -ju4 0 -js4 cmask -jk5 CHNLNUM -jv5 2 -ja5 N -ju5 0 -js5 cmask -jk6 CHNLNUM -jv6 2 -ja6 N -ju6 0 -jk7 CHNLNUM;AFOWLNUM;AWAITPER -jv7 2;8;184 -ja7 N;N;N -ju7 0;0;0 -jk8 CHNLNUM;AFOWLNUM;AWAITPER -jv8 2;8;184 -ja8 N;N;N -ju8 0;0;0 -e CALTRANSsciSUB 
******************************************************************

Online Namelist file descriptor associated
Online namelist buffer loaded: length = 7422

Warning !:  Ancillary file #1  with full suffix filename  '/sos/archive/fallbacks/IRAC004600/SUB_2s_2sf8d1r1_ch2_v2.0.0_dark_sigma.fits'  NOT in archive/sandbox !!.
Proceed to the next suffix fileprocessing .....

Warning !:  Ancillary file #2  with full suffix filename  '/sos/archive/fallbacks/IRAC004600/SUB_2s_2sf8d1r1_ch2_v2.0.0_dark_cmask.fits'  NOT in archive/sandbox !!.
Proceed to the next suffix fileprocessing .....

Warning !:  Ancillary-suffix file #1: '/scr3/S19.2.0/dlcaldata/irac/fb1502_SUB_2s_2sf8d1r1_ch2_v2.0.0_dark_sigma.fits'  could NOT be identified on cache.
Processing continues ..... 


Warning !:  Ancillary-suffix file #2: '/scr3/S19.2.0/dlcaldata/irac/fb1502_SUB_2s_2sf8d1r1_ch2_v2.0.0_dark_cmask.fits'  could NOT be identified on cache.
Processing continues ..... 


Warning !:  Ancillary file #1  with full suffix filename  '/sos/archive/fallbacks/IRAC005300/lincal_b2_sa_011410_cmask.fits'  NOT in archive/sandbox !!.
Proceed to the next suffix fileprocessing .....

Warning !:  Ancillary-suffix file #1: '/scr3/S19.2.0/dlcaldata/irac/fb1579_lincal_b2_sa_011410_cmask.fits'  could NOT be identified on cache.
Processing continues ..... 

  Printing Log output to stdout...


Program CALTRANS, Version 4.0
Command-Line Namelist Filename  = cdf/pn107.nl
Command-Line Namelist Section = CALTRANSsciSUB
CalTrans Execution Mode  = 2
CalID = 7
Input Calibration Type list = pmask;labdark;skydark;lincal;sky_flat;fluxconv;muxbleed_lut;muxbleed_coeff
Input Calibration Rule list = 0;0;300;0;0;0;0;0
Input Generic Outfname list = pmask.fits;labdark.fits;skydark.fits;lincal.fits;skyflat.fits;fluxconv;muxbleed_lut;muxbleed_coeff
Science DCE Filename = tranhead.fits
CAL Destination Path = cal
Processing time: 0.500000 seconds
Current date/time: Sat Jan  9 14:57:09 2016
Program CALTRANS, version 4.0, terminated with status = 16

CalTrans exits with status = 16



caltrans   exit_value =  16    execution_time = 0.610s
******************************************************************
Pipeline executing insbposdom
insbposdom -i tranhead.fits -o insbposdom.fits 
******************************************************************
Pipeline Module INSBPOSDOM Version 1.1
Processing time Sat Jan  9 14:57:09 2016

Sat Jan  9 14:57:09 2016
Time = 0.040 seconds
exit code 0

insbposdom   exit_value =   0    execution_time = 0.080s
******************************************************************
Pipeline executing cvti2r4
cvti2r4 -i insbposdom.fits -a 0.5625 -b 0 -d cal/dmask_for_raw.fits -o cvti2r4.fits -m row 
******************************************************************
 SIRTF I*2-to-R*4 Data Cube Conversion program vsn 1.31 A61025
 Input file:  insbposdom.fits
 Using offset =    0.562500
 Using BLANK-fill value:   0
 Output file: cvti2r4.fits
 Missing-data pattern specified as rows

cvti2r4   exit_value =   0    execution_time = 0.470s
Image has barrel shift = 3
Computed truncation correction 0.5*(1-2^-ABARREL) = 0.5625
******************************************************************
Pipeline executing hdrupd8
hdrupd8 cvti2r4.fits -a cdf/hdrupd8_cubify.dat -d cdf/hdrupd8_planify.dat 
******************************************************************
 hdrupd8 vsn 1.6  A70821
 WARNING: keyword to be deleted not found: NAXIS3  

hdrupd8   exit_value =   0    execution_time = 0.350s
******************************************************************
Pipeline executing hdrupd8
hdrupd8 dmask.fits -a cdf/hdrupd8_cubify.dat -d cdf/hdrupd8_planify.dat 
******************************************************************
 hdrupd8 vsn 1.6  A70821
 WARNING: keyword to be deleted not found: NAXIS3  

hdrupd8   exit_value =   0    execution_time = 0.370s
******************************************************************
Pipeline executing iracwrapdet1
iracwrapdet1 -i cvti2r4.fits -n cdf/pn107.nl -p cal/pmask.fits -d dmask.fits -w wmask.fits -v 
******************************************************************
Pipeline Module IRACWRAPDET1 Version 1.4
Processing time Sat Jan  9 14:57:22 2016
iracwrapdet1_parse_args: Namelist File = 	cdf/pn107.nl
iracwrapdet1_parse_args: Pmask File = 	cal/pmask.fits
iracwrapdet1_parse_args: Dmask File = 	dmask.fits
iracwrapdet1_parse_args: Wmask File = 	wmask.fits
iracwrapdet1_parse_args: Input File = 	cvti2r4.fits
iracwrapdet1_parse_args: I_Verbose = 			1
chn 2 framtim 2.000000
iracwrapdet1_read_data: Data read from file:
cvti2r4.fits
iracwrapdet1_read_data: I_NX = 32
iracwrapdet1_read_data: I_NY = 32
iracwrapdet1_read_data: I_NZ = 64
iracwrapdet1_parse_namelist: Namelist File = 	cdf/pn107.nl
Coeff used: 55000.000000 55000.000000 55000.000000 55000.000000
iracwrapdet1_compute_results: Numerical Computations finished
Sat Jan  9 14:57:22 2016
iracwrapdet1_output: Results written to file(s).
Time = 0.010 seconds
iracwrapdet1_error_handler: Error Handler finished.
iracwrapdet1_exit: Memory Deallocated.
exit code 0

iracwrapdet1   exit_value =   0    execution_time = 0.060s
******************************************************************
Pipeline executing iracwrapdet2
iracwrapdet2 -i cvti2r4.fits -n cdf/pn107.nl -p cal/pmask.fits -d dmask.fits -w wmask.fits -a /sos/sw/S19.2.0/STUDIO/downlink/include 
******************************************************************

Program iracwrapdet2, Version 1.4
Namelist File  = cdf/pn107.nl
FITS Input Image = cvti2r4.fits
Pmask File = cal/pmask.fits
Dmask File = dmask.fits
Wmask File = mask.fits
M-Level       chan1     chan2     chan3     chan4
            55000.0   55000.0   55000.0   55000.0
Tolerance     chan1     chan2     chan3     chan4
             1200.0    1200.0    1200.0    1200.0
Pmask Maximum = 65535
Dmask Maximum = 65535
Ancillary Data-File Path = /sos/sw/S19.2.0/STUDIO/downlink/include
Verbose flag = 0
Super-verbose flag = 0
Debug flag = 0
iracwrapdet2 Status Message      0x0000
Normal exit from Function 0x0000: LOG_WRITER
Processing time: 0.110000 seconds
Current date/time: Sat Jan  9 14:57:23 2016
Program iracwrapdet2, version 1.4, terminated


iracwrapdet2   exit_value =   0    execution_time = 0.160s
******************************************************************
Pipeline executing iracwrapcorr
iracwrapcorr -i cvti2r4.fits -p cal/pmask.fits -d dmask.fits -w wmask.fits -o iracwrapcorr.fits 
******************************************************************
Pipeline Module IRACWRAPCORR Version 1.3
Processing time Sat Jan  9 14:57:23 2016
iracwrapcorr_parse_namelist: Information only: Namelist not specified.
Sat Jan  9 14:57:23 2016
Time = 0.030 seconds
exit code 0

iracwrapcorr   exit_value =   0    execution_time = 0.080s
******************************************************************
Pipeline executing iracnorm
iracnorm -i iracwrapcorr.fits -p cal/pmask.fits -d dmask.fits -o iracnorm.fits 
******************************************************************
Pipeline Module IRACWNORM Version 1.10
Processing time Sat Jan  9 14:57:24 2016

Sat Jan  9 14:57:24 2016
Time = 0.040 seconds
exit code 0

iracnorm   exit_value =   0    execution_time = 0.090s
******************************************************************
Pipeline executing iracebwc
iracebwc -i iracnorm.fits -n cdf/pn107.nl -p cal/pmask.fits -d dmask.fits -o iracebwc.fits 
******************************************************************
Pipeline Module IRACEBWC Version 1.2
Processing time Sat Jan  9 14:57:24 2016

Sat Jan  9 14:57:24 2016
Time = 0.040 seconds
exit code 0

iracebwc   exit_value =   0    execution_time = 0.080s
HDR mode   =  f
AOR Template Time     =  2
DCE Frame Time    =  2.00
EXTRpt     =  233
Frame NOBF =  0
From sub determine_delays:
   aottime = 2
   aordelay = 222.190359962807
   stellarmode = f
   expid=102
imdly = 1.33635999046325
frmdly = 1.33635999046325

Immed  Delay = 1.33635999046325
Frame  Delay = 1.33635999046325

 hdrupd8 vsn 1.6  A70821
 hdrupd8 vsn 1.6  A70821
 hdrupd8 vsn 1.6  A70821
 hdrupd8 vsn 1.6  A70821
 hdrupd8 vsn 1.6  A70821
 hdrupd8 vsn 1.6  A70821
 hdrupd8 vsn 1.6  A70821
******************************************************************
Pipeline executing darksubng
darksubng -i iracebwc.fits -a /sos/sw/S19.2.0/STUDIO/downlink/include -p cal/pmask.fits -d dmask.fits -o labdarksub.fits -cc cal/labdark.fits -v 
******************************************************************
/sos/sw/S19.2.0/STUDIO/downlink/bin/darksubng: namelist not given
/sos/sw/S19.2.0/STUDIO/downlink/bin/darksubng: input uncertainty image not given
/sos/sw/S19.2.0/STUDIO/downlink/bin/darksubng: output uncertainty image not given
/sos/sw/S19.2.0/STUDIO/downlink/bin/darksubng: WARNING no uncertainty calculations will be performed
/sos/sw/S19.2.0/STUDIO/downlink/bin/darksubng: Namelist               = []
/sos/sw/S19.2.0/STUDIO/downlink/bin/darksubng: Input image            = [iracebwc.fits]
/sos/sw/S19.2.0/STUDIO/downlink/bin/darksubng: Input uncertainty      = []
/sos/sw/S19.2.0/STUDIO/downlink/bin/darksubng: Output image           = [!labdarksub.fits]
/sos/sw/S19.2.0/STUDIO/downlink/bin/darksubng: Output uncertainty     = []
/sos/sw/S19.2.0/STUDIO/downlink/bin/darksubng: Dark                   = [cal/labdark.fits]
/sos/sw/S19.2.0/STUDIO/downlink/bin/darksubng: Pmask file             = [cal/pmask.fits]
/sos/sw/S19.2.0/STUDIO/downlink/bin/darksubng: Pmask fatality bitmask = [65536]
/sos/sw/S19.2.0/STUDIO/downlink/bin/darksubng: Dmask file             = [dmask.fits]
/sos/sw/S19.2.0/STUDIO/downlink/bin/darksubng: Dmask fatality bitmask = [65536]
/sos/sw/S19.2.0/STUDIO/downlink/bin/darksubng: Cmask file             = []
/sos/sw/S19.2.0/STUDIO/downlink/bin/darksubng: Cmask fatality bitmask = [65536]
/sos/sw/S19.2.0/STUDIO/downlink/bin/darksubng: Logfile                = []
/sos/sw/S19.2.0/STUDIO/downlink/bin/darksubng: Ancillary Path         = [/sos/sw/S19.2.0/STUDIO/downlink/include]
/sos/sw/S19.2.0/STUDIO/downlink/bin/darksubng: Uncertainty calculations will not be made
/sos/sw/S19.2.0/STUDIO/downlink/bin/darksubng: WARNING cal/labdark.fits has no BUNIT key
/sos/sw/S19.2.0/STUDIO/downlink/bin/darksubng: WARNING assuming cal/labdark.fits is in DN
/sos/sw/S19.2.0/STUDIO/downlink/bin/darksubng: WARNING cal/labdark.fits has no EXPTIME key
/sos/sw/S19.2.0/STUDIO/downlink/bin/darksubng: WARNING cal/labdark.fits has no GAIN keywords
/sos/sw/S19.2.0/STUDIO/downlink/bin/darksubng: compute - performing any unit conversions
/sos/sw/S19.2.0/STUDIO/downlink/bin/darksubng: compute - starting subtraction with masking 
/sos/sw/S19.2.0/STUDIO/downlink/bin/darksubng: Processing successful; Exiting

darksubng   exit_value =   0    execution_time = 0.130s
READ Noise !! =  9.4
******************************************************************
Pipeline executing snestimator
snestimator -i labdarksub.fits -n cdf/pn107.nl -a /sos/sw/S19.2.0/STUDIO/downlink/include -p cal/pmask.fits -d dmask.fits -on sig_snestimator.fits -g 3.71 -r 9.4 
******************************************************************
verbose 0

Program SNESTIMATOR, Version 1.5
Namelist File  = cdf/pn107.nl
Input FITS Image = labdarksub.fits
Noise Image = sig_snestimator.fits
Denominator type = IRAC_MODEL
Edge Pixels Excluded = 0
Gain Channel 1 = 3.710000 Channel 2 = 3.710000 Channel 3 = 3.710000 Channel 4 = 3.710000
Read Noise = 9.400000
Confusion Sigma = 0.000000
Ancillary Data-File Path = /sos/sw/S19.2.0/STUDIO/downlink/include
Verbose flag = 0
Super-verbose flag = 0
Debug flag = 0
snestimator Status Message      0x0000
Normal exit from Function 0x0000: LOG_WRITER
Processing time: 0.100000 seconds
Current date/time: Sat Jan  9 14:57:53 2016
Program SNESTIMATOR, version 1.5, terminated


snestimator   exit_value =   0    execution_time = 0.170s
******************************************************************
Pipeline executing darksubng
darksubng -i iracebwc.fits -iu sig_snestimator.fits -a /sos/sw/S19.2.0/STUDIO/downlink/include -p cal/pmask.fits -d dmask.fits -o labdarksub.fits -ou sig_labdarksub.fits -cc cal/labdark.fits -v 
******************************************************************
/sos/sw/S19.2.0/STUDIO/downlink/bin/darksubng: namelist not given
/sos/sw/S19.2.0/STUDIO/downlink/bin/darksubng: Namelist               = []
/sos/sw/S19.2.0/STUDIO/downlink/bin/darksubng: Input image            = [iracebwc.fits]
/sos/sw/S19.2.0/STUDIO/downlink/bin/darksubng: Input uncertainty      = [sig_snestimator.fits]
/sos/sw/S19.2.0/STUDIO/downlink/bin/darksubng: Output image           = [!labdarksub.fits]
/sos/sw/S19.2.0/STUDIO/downlink/bin/darksubng: Output uncertainty     = [!sig_labdarksub.fits]
/sos/sw/S19.2.0/STUDIO/downlink/bin/darksubng: Dark                   = [cal/labdark.fits]
/sos/sw/S19.2.0/STUDIO/downlink/bin/darksubng: Pmask file             = [cal/pmask.fits]
/sos/sw/S19.2.0/STUDIO/downlink/bin/darksubng: Pmask fatality bitmask = [65536]
/sos/sw/S19.2.0/STUDIO/downlink/bin/darksubng: Dmask file             = [dmask.fits]
/sos/sw/S19.2.0/STUDIO/downlink/bin/darksubng: Dmask fatality bitmask = [65536]
/sos/sw/S19.2.0/STUDIO/downlink/bin/darksubng: Cmask file             = []
/sos/sw/S19.2.0/STUDIO/downlink/bin/darksubng: Cmask fatality bitmask = [65536]
/sos/sw/S19.2.0/STUDIO/downlink/bin/darksubng: Logfile                = []
/sos/sw/S19.2.0/STUDIO/downlink/bin/darksubng: Ancillary Path         = [/sos/sw/S19.2.0/STUDIO/downlink/include]
/sos/sw/S19.2.0/STUDIO/downlink/bin/darksubng: Uncertainty calculations will be made
/sos/sw/S19.2.0/STUDIO/downlink/bin/darksubng: WARNING cal/labdark.fits has no BUNIT key
/sos/sw/S19.2.0/STUDIO/downlink/bin/darksubng: WARNING assuming cal/labdark.fits is in DN
/sos/sw/S19.2.0/STUDIO/downlink/bin/darksubng: WARNING cal/labdark.fits has no EXPTIME key
/sos/sw/S19.2.0/STUDIO/downlink/bin/darksubng: WARNING cal/labdark.fits has no GAIN keywords
/sos/sw/S19.2.0/STUDIO/downlink/bin/darksubng: compute - performing any unit conversions
/sos/sw/S19.2.0/STUDIO/downlink/bin/darksubng: compute - starting subtraction with masking 
/sos/sw/S19.2.0/STUDIO/downlink/bin/darksubng: Processing successful; Exiting

darksubng   exit_value =   0    execution_time = 0.190s
******************************************************************
Pipeline executing fowlinearize
fowlinearize -i1 labdarksub.fits -i3 sig_labdarksub.fits -n cdf/pn107.nl -a /sos/sw/S19.2.0/STUDIO/downlink/include -ip cal/pmask.fits -i2 cal/lincal.fits -id dmask.fits -o1 fowlinearize.fits -o2 sig_fowlinearize.fits -c 10 
******************************************************************

Program FOWLINEARIZE, Version 4.9
Namelist File  = cdf/pn107.nl
Input File 1 = labdarksub.fits
Input File 2 = cal/lincal.fits
Input File 3 = sig_labdarksub.fits
Model_Flag(1=quad. 2=cubic) = 1
Clock_Readout(10=sub-array, 200=full-array) = 10.000000
Input PMask Image = cal/pmask.fits
Unusable PMask Bits = 16384
Input DMask Image = dmask.fits
Unusable DMask Bits = 8192
Not-linearized DMask Bit = 4096
Not-linearized DMask Bit due to lincal-model saturation = 8192
Output File 1 = fowlinearize.fits
Output File 2 = sig_fowlinearize.fits
Ancillary Data-File Path = /sos/sw/S19.2.0/STUDIO/downlink/include
Verbose flag = 0
Super-verbose flag = 0
Debug flag = 0
Performed linearity correction.
Program fowlinearize: Status Message: 0x0000
Normal exit from Function 0x0000: LOG_WRITER
Processing time: 0.290000 seconds
Current date/time: Sat Jan  9 14:57:55 2016
Program FOWLINEARIZE, version 4.9, terminated.

fowlinearize   exit_value =   0    execution_time = 0.380s
Read Noise =  9.4
 hdrupd8 vsn 1.6  A70821
******************************************************************
Pipeline executing bgmodel
bgmodel -i fowlinearize.fits -n cdf/pn107.nl -h 
******************************************************************

Online Namelist file descriptor associated
Online namelist buffer loaded: length = 7422
bgmodel_log_writer: Printing Log output to stdout
bgmodel  Version 1.0
Namelist File  = cdf/pn107.nl
Input Image = fowlinearize.fits
Ephemeris = /scr3/S19.2.0/cdf/spice/sirtf.bsp
LeapSec Kernel = /scr3/S19.2.0/cdf/spice/leapseconds.ker
SPK Kernel = /scr3/S19.2.0/cdf/spice/de.bsp

bgmodel  Status Message      0x0000: No error.
Time = 0.070 seconds

Background exits with status = 0


bgmodel   exit_value =   0    execution_time = 0.120s
******************************************************************
Pipeline executing hdrupd8
hdrupd8 fowlinearize.fits -a addkeys.dat 
******************************************************************
 hdrupd8 vsn 1.6  A70821

hdrupd8   exit_value =   0    execution_time = 0.410s
SkyDk Med DN      = 16.56367 
Exposure time     = 1.92
SkyDk Med DN rate = 8.62691145833333
Flux Conv         = 0.1447 
SkyDk Med Flux    = 1.24831408802083
Image File = fowlinearize.fits 

 hdrupd8 vsn 1.6  A70821
 hdrupd8 vsn 1.6  A70821
 hdrupd8 vsn 1.6  A70821
 hdrupd8 vsn 1.6  A70821
 hdrupd8 vsn 1.6  A70821
******************************************************************
Pipeline executing darksubng
darksubng -i fowlinearize.fits -iu sig_fowlinearize.fits -a /sos/sw/S19.2.0/STUDIO/downlink/include -p cal/pmask.fits -d dmask.fits -o skydarksub.fits -ou sig_skydarksub.fits -cc cal/skydark.fits -v -c cal/skydark_cmask.fits 
******************************************************************
/sos/sw/S19.2.0/STUDIO/downlink/bin/darksubng: namelist not given
/sos/sw/S19.2.0/STUDIO/downlink/bin/darksubng: Namelist               = []
/sos/sw/S19.2.0/STUDIO/downlink/bin/darksubng: Input image            = [fowlinearize.fits]
/sos/sw/S19.2.0/STUDIO/downlink/bin/darksubng: Input uncertainty      = [sig_fowlinearize.fits]
/sos/sw/S19.2.0/STUDIO/downlink/bin/darksubng: Output image           = [!skydarksub.fits]
/sos/sw/S19.2.0/STUDIO/downlink/bin/darksubng: Output uncertainty     = [!sig_skydarksub.fits]
/sos/sw/S19.2.0/STUDIO/downlink/bin/darksubng: Dark                   = [cal/skydark.fits]
/sos/sw/S19.2.0/STUDIO/downlink/bin/darksubng: Pmask file             = [cal/pmask.fits]
/sos/sw/S19.2.0/STUDIO/downlink/bin/darksubng: Pmask fatality bitmask = [65536]
/sos/sw/S19.2.0/STUDIO/downlink/bin/darksubng: Dmask file             = [dmask.fits]
/sos/sw/S19.2.0/STUDIO/downlink/bin/darksubng: Dmask fatality bitmask = [65536]
/sos/sw/S19.2.0/STUDIO/downlink/bin/darksubng: Cmask file             = [cal/skydark_cmask.fits]
/sos/sw/S19.2.0/STUDIO/downlink/bin/darksubng: Cmask fatality bitmask = [65536]
/sos/sw/S19.2.0/STUDIO/downlink/bin/darksubng: Logfile                = []
/sos/sw/S19.2.0/STUDIO/downlink/bin/darksubng: Ancillary Path         = [/sos/sw/S19.2.0/STUDIO/downlink/include]
/sos/sw/S19.2.0/STUDIO/downlink/bin/darksubng: Uncertainty calculations will be made
/sos/sw/S19.2.0/STUDIO/downlink/bin/darksubng: compute - performing any unit conversions
/sos/sw/S19.2.0/STUDIO/downlink/bin/darksubng: compute - starting subtraction with masking 
/sos/sw/S19.2.0/STUDIO/downlink/bin/darksubng: Processing successful; Exiting

darksubng   exit_value =   0    execution_time = 0.220s
******************************************************************
Pipeline executing darkdrift
darkdrift -i skydarksub.fits -iu sig_skydarksub.fits -n cdf/pn107.nl -a /sos/sw/S19.2.0/STUDIO/downlink/include -o1 darkdrift.fits -o2 darkdriftcorr.fits -o3 darkdrift.tbl -ou sig_darkdrift.fits 
******************************************************************
Program darkdrift, Version 4.1
Namelist File  = cdf/pn107.nl
Input Image = skydarksub.fits
Input Uncertainty Image = sig_skydarksub.fits
Output Image 1 (corrected image) = darkdrift.fits
Output Image 2 (corrections) = darkdriftcorr.fits
Output Image 3 (uncertainties) = sig_darkdrift.fits
Output File 3 = darkdrift.tbl
Central fraction for trimmed average  = 0.900000
Central fraction for trimmed std. dev. = 0.900000
Time_Input = 0.250000
Time_Before = 0.000000
Time_After = 1.000000
Temp_Input = 270.000000
Temp_Before = 280.000000
Temp_After = 260.000000
Calculation Type = 1
Input-Image Transpose Flag = 1
Multiplicative-Correction Flag (Additive if zero) = 0
Readout Channel to exclude (none if zero) = 0
Data-Plane Flag = 1
Ancillary Data-File Path = /sos/sw/S19.2.0/STUDIO/downlink/include
Verbose flag = 0
Super-verbose flag = 0
Debug flag = 0
Dark-current offsets estimated from input image.

Detailed darkdrift calculational results:
...for data plane = 1
Darkdrift correction for readout-channel 1 = -0.274595
Darkdrift correction for readout-channel 2 = 0.131220
Darkdrift correction for readout-channel 3 = 0.029678
Darkdrift correction for readout-channel 4 = 0.113697
Darkdrift uncertainty for readout-channel 1 = 0.374281
Darkdrift uncertainty for readout-channel 2 = 0.302173
Darkdrift uncertainty for readout-channel 3 = 0.376362
Darkdrift uncertainty for readout-channel 4 = 0.301515
Trimmed average of values in readout-channel 1 = 7.103861
Trimmed average of values in readout-channel 2 = 7.509675
Trimmed average of values in readout-channel 3 = 7.408133
Trimmed average of values in readout-channel 4 = 7.492152
Darkdrift background term = 7.378455
...for data plane = 2
Darkdrift correction for readout-channel 1 = -0.039268
Darkdrift correction for readout-channel 2 = 0.082135
Darkdrift correction for readout-channel 3 = -0.030756
Darkdrift correction for readout-channel 4 = -0.012111
Darkdrift uncertainty for readout-channel 1 = 0.303475
Darkdrift uncertainty for readout-channel 2 = 0.302151
Darkdrift uncertainty for readout-channel 3 = 0.303300
Darkdrift uncertainty for readout-channel 4 = 0.303810
Trimmed average of values in readout-channel 1 = 4.765770
Trimmed average of values in readout-channel 2 = 4.887173
Trimmed average of values in readout-channel 3 = 4.774283
Trimmed average of values in readout-channel 4 = 4.792928
Darkdrift background term = 4.805039
...for data plane = 3
Darkdrift correction for readout-channel 1 = -0.222761
Darkdrift correction for readout-channel 2 = -0.035602
Darkdrift correction for readout-channel 3 = 0.229392
Darkdrift correction for readout-channel 4 = 0.028971
Darkdrift uncertainty for readout-channel 1 = 0.303238
Darkdrift uncertainty for readout-channel 2 = 0.303541
Darkdrift uncertainty for readout-channel 3 = 0.302985
Darkdrift uncertainty for readout-channel 4 = 0.303811
Trimmed average of values in readout-channel 1 = 4.710686
Trimmed average of values in readout-channel 2 = 4.897845
Trimmed average of values in readout-channel 3 = 5.162838
Trimmed average of values in readout-channel 4 = 4.962418
Darkdrift background term = 4.933447
...for data plane = 4
Darkdrift correction for readout-channel 1 = 0.137839
Darkdrift correction for readout-channel 2 = -0.005678
Darkdrift correction for readout-channel 3 = -0.269413
Darkdrift correction for readout-channel 4 = 0.137253
Darkdrift uncertainty for readout-channel 1 = 0.302988
Darkdrift uncertainty for readout-channel 2 = 0.304349
Darkdrift uncertainty for readout-channel 3 = 0.303056
Darkdrift uncertainty for readout-channel 4 = 0.303136
Trimmed average of values in readout-channel 1 = 5.308728
Trimmed average of values in readout-channel 2 = 5.165211
Trimmed average of values in readout-channel 3 = 4.901476
Trimmed average of values in readout-channel 4 = 5.308143
Darkdrift background term = 5.170890
...for data plane = 5
Darkdrift correction for readout-channel 1 = 0.305817
Darkdrift correction for readout-channel 2 = -0.232004
Darkdrift correction for readout-channel 3 = 0.091832
Darkdrift correction for readout-channel 4 = -0.165645
Darkdrift uncertainty for readout-channel 1 = 0.303236
Darkdrift uncertainty for readout-channel 2 = 0.228895
Darkdrift uncertainty for readout-channel 3 = 0.303003
Darkdrift uncertainty for readout-channel 4 = 0.303457
Trimmed average of values in readout-channel 1 = 5.599770
Trimmed average of values in readout-channel 2 = 5.061949
Trimmed average of values in readout-channel 3 = 5.385786
Trimmed average of values in readout-channel 4 = 5.128309
Darkdrift background term = 5.293954
...for data plane = 6
Darkdrift correction for readout-channel 1 = -0.101879
Darkdrift correction for readout-channel 2 = 0.253954
Darkdrift correction for readout-channel 3 = 0.029745
Darkdrift correction for readout-channel 4 = -0.181820
Darkdrift uncertainty for readout-channel 1 = 0.303623
Darkdrift uncertainty for readout-channel 2 = 0.302975
Darkdrift uncertainty for readout-channel 3 = 0.302811
Darkdrift uncertainty for readout-channel 4 = 0.340763
Trimmed average of values in readout-channel 1 = 5.593376
Trimmed average of values in readout-channel 2 = 5.949210
Trimmed average of values in readout-channel 3 = 5.725001
Trimmed average of values in readout-channel 4 = 5.513436
Darkdrift background term = 5.695256
...for data plane = 7
Darkdrift correction for readout-channel 1 = 0.289770
Darkdrift correction for readout-channel 2 = -0.006592
Darkdrift correction for readout-channel 3 = -0.426646
Darkdrift correction for readout-channel 4 = 0.143468
Darkdrift uncertainty for readout-channel 1 = 0.303099
Darkdrift uncertainty for readout-channel 2 = 0.302978
Darkdrift uncertainty for readout-channel 3 = 0.302968
Darkdrift uncertainty for readout-channel 4 = 0.303139
Trimmed average of values in readout-channel 1 = 5.913401
Trimmed average of values in readout-channel 2 = 5.617040
Trimmed average of values in readout-channel 3 = 5.196985
Trimmed average of values in readout-channel 4 = 5.767100
Darkdrift background term = 5.623631
...for data plane = 8
Darkdrift correction for readout-channel 1 = 0.052434
Darkdrift correction for readout-channel 2 = -0.325728
Darkdrift correction for readout-channel 3 = 0.199875
Darkdrift correction for readout-channel 4 = 0.073420
Darkdrift uncertainty for readout-channel 1 = 0.303353
Darkdrift uncertainty for readout-channel 2 = 0.302981
Darkdrift uncertainty for readout-channel 3 = 0.303289
Darkdrift uncertainty for readout-channel 4 = 0.302972
Trimmed average of values in readout-channel 1 = 5.939374
Trimmed average of values in readout-channel 2 = 5.561212
Trimmed average of values in readout-channel 3 = 6.086815
Trimmed average of values in readout-channel 4 = 5.960360
Darkdrift background term = 5.886940
...for data plane = 9
Darkdrift correction for readout-channel 1 = -0.137778
Darkdrift correction for readout-channel 2 = -0.092278
Darkdrift correction for readout-channel 3 = -0.236834
Darkdrift correction for readout-channel 4 = 0.466889
Darkdrift uncertainty for readout-channel 1 = 0.303484
Darkdrift uncertainty for readout-channel 2 = 0.302971
Darkdrift uncertainty for readout-channel 3 = 0.304104
Darkdrift uncertainty for readout-channel 4 = 0.303233
Trimmed average of values in readout-channel 1 = 5.974330
Trimmed average of values in readout-channel 2 = 6.019830
Trimmed average of values in readout-channel 3 = 5.875274
Trimmed average of values in readout-channel 4 = 6.578997
Darkdrift background term = 6.112108
...for data plane = 10
Darkdrift correction for readout-channel 1 = 0.032488
Darkdrift correction for readout-channel 2 = -0.193989
Darkdrift correction for readout-channel 3 = 0.183227
Darkdrift correction for readout-channel 4 = -0.021726
Darkdrift uncertainty for readout-channel 1 = 0.302965
Darkdrift uncertainty for readout-channel 2 = 0.302964
Darkdrift uncertainty for readout-channel 3 = 0.302558
Darkdrift uncertainty for readout-channel 4 = 0.302896
Trimmed average of values in readout-channel 1 = 6.134930
Trimmed average of values in readout-channel 2 = 5.908453
Trimmed average of values in readout-channel 3 = 6.285668
Trimmed average of values in readout-channel 4 = 6.080715
Darkdrift background term = 6.102441
...for data plane = 11
Darkdrift correction for readout-channel 1 = -0.136888
Darkdrift correction for readout-channel 2 = -0.010639
Darkdrift correction for readout-channel 3 = 0.297021
Darkdrift correction for readout-channel 4 = -0.149494
Darkdrift uncertainty for readout-channel 1 = 0.303752
Darkdrift uncertainty for readout-channel 2 = 0.244335
Darkdrift uncertainty for readout-channel 3 = 0.302951
Darkdrift uncertainty for readout-channel 4 = 0.302988
Trimmed average of values in readout-channel 1 = 5.784251
Trimmed average of values in readout-channel 2 = 5.910499
Trimmed average of values in readout-channel 3 = 6.218159
Trimmed average of values in readout-channel 4 = 5.771645
Darkdrift background term = 5.921138
...for data plane = 12
Darkdrift correction for readout-channel 1 = 0.210532
Darkdrift correction for readout-channel 2 = -0.357465
Darkdrift correction for readout-channel 3 = 0.134196
Darkdrift correction for readout-channel 4 = 0.012737
Darkdrift uncertainty for readout-channel 1 = 0.227880
Darkdrift uncertainty for readout-channel 2 = 0.300489
Darkdrift uncertainty for readout-channel 3 = 0.375663
Darkdrift uncertainty for readout-channel 4 = 0.302979
Trimmed average of values in readout-channel 1 = 6.022264
Trimmed average of values in readout-channel 2 = 5.454267
Trimmed average of values in readout-channel 3 = 5.945928
Trimmed average of values in readout-channel 4 = 5.824469
Darkdrift background term = 5.811732
...for data plane = 13
Darkdrift correction for readout-channel 1 = -0.147244
Darkdrift correction for readout-channel 2 = 0.082948
Darkdrift correction for readout-channel 3 = -0.082255
Darkdrift correction for readout-channel 4 = 0.146552
Darkdrift uncertainty for readout-channel 1 = 0.303101
Darkdrift uncertainty for readout-channel 2 = 0.228602
Darkdrift uncertainty for readout-channel 3 = 0.303037
Darkdrift uncertainty for readout-channel 4 = 0.302561
Trimmed average of values in readout-channel 1 = 5.349966
Trimmed average of values in readout-channel 2 = 5.580158
Trimmed average of values in readout-channel 3 = 5.414955
Trimmed average of values in readout-channel 4 = 5.643763
Darkdrift background term = 5.497211
...for data plane = 14
Darkdrift correction for readout-channel 1 = 0.216497
Darkdrift correction for readout-channel 2 = -0.401142
Darkdrift correction for readout-channel 3 = -0.090785
Darkdrift correction for readout-channel 4 = 0.275429
Darkdrift uncertainty for readout-channel 1 = 0.303750
Darkdrift uncertainty for readout-channel 2 = 0.302975
Darkdrift uncertainty for readout-channel 3 = 0.303096
Darkdrift uncertainty for readout-channel 4 = 0.302799
Trimmed average of values in readout-channel 1 = 5.898567
Trimmed average of values in readout-channel 2 = 5.280928
Trimmed average of values in readout-channel 3 = 5.591285
Trimmed average of values in readout-channel 4 = 5.957499
Darkdrift background term = 5.682070
...for data plane = 15
Darkdrift correction for readout-channel 1 = -0.050101
Darkdrift correction for readout-channel 2 = -0.028900
Darkdrift correction for readout-channel 3 = -0.089588
Darkdrift correction for readout-channel 4 = 0.168589
Darkdrift uncertainty for readout-channel 1 = 0.302965
Darkdrift uncertainty for readout-channel 2 = 0.302973
Darkdrift uncertainty for readout-channel 3 = 0.302959
Darkdrift uncertainty for readout-channel 4 = 0.303039
Trimmed average of values in readout-channel 1 = 5.751124
Trimmed average of values in readout-channel 2 = 5.772326
Trimmed average of values in readout-channel 3 = 5.711638
Trimmed average of values in readout-channel 4 = 5.969815
Darkdrift background term = 5.801226
...for data plane = 16
Darkdrift correction for readout-channel 1 = -0.192534
Darkdrift correction for readout-channel 2 = -0.058389
Darkdrift correction for readout-channel 3 = -0.429583
Darkdrift correction for readout-channel 4 = 0.680507
Darkdrift uncertainty for readout-channel 1 = 0.303223
Darkdrift uncertainty for readout-channel 2 = 0.303518
Darkdrift uncertainty for readout-channel 3 = 0.302983
Darkdrift uncertainty for readout-channel 4 = 0.303128
Trimmed average of values in readout-channel 1 = 5.765575
Trimmed average of values in readout-channel 2 = 5.899720
Trimmed average of values in readout-channel 3 = 5.528526
Trimmed average of values in readout-channel 4 = 6.638616
Darkdrift background term = 5.958109
...for data plane = 17
Darkdrift correction for readout-channel 1 = -0.052961
Darkdrift correction for readout-channel 2 = -0.236742
Darkdrift correction for readout-channel 3 = 0.275221
Darkdrift correction for readout-channel 4 = 0.014482
Darkdrift uncertainty for readout-channel 1 = 0.302979
Darkdrift uncertainty for readout-channel 2 = 0.302982
Darkdrift uncertainty for readout-channel 3 = 0.302968
Darkdrift uncertainty for readout-channel 4 = 0.302891
Trimmed average of values in readout-channel 1 = 5.757621
Trimmed average of values in readout-channel 2 = 5.573839
Trimmed average of values in readout-channel 3 = 6.085802
Trimmed average of values in readout-channel 4 = 5.825063
Darkdrift background term = 5.810581
...for data plane = 18
Darkdrift correction for readout-channel 1 = 0.177628
Darkdrift correction for readout-channel 2 = -0.636442
Darkdrift correction for readout-channel 3 = 0.414670
Darkdrift correction for readout-channel 4 = 0.044144
Darkdrift uncertainty for readout-channel 1 = 0.302276
Darkdrift uncertainty for readout-channel 2 = 0.303799
Darkdrift uncertainty for readout-channel 3 = 0.302990
Darkdrift uncertainty for readout-channel 4 = 0.303140
Trimmed average of values in readout-channel 1 = 6.142354
Trimmed average of values in readout-channel 2 = 5.328284
Trimmed average of values in readout-channel 3 = 6.379396
Trimmed average of values in readout-channel 4 = 6.008870
Darkdrift background term = 5.964726
...for data plane = 19
Darkdrift correction for readout-channel 1 = 0.105106
Darkdrift correction for readout-channel 2 = -0.128186
Darkdrift correction for readout-channel 3 = -0.266930
Darkdrift correction for readout-channel 4 = 0.290011
Darkdrift uncertainty for readout-channel 1 = 0.303768
Darkdrift uncertainty for readout-channel 2 = 0.302979
Darkdrift uncertainty for readout-channel 3 = 0.302961
Darkdrift uncertainty for readout-channel 4 = 0.303134
Trimmed average of values in readout-channel 1 = 5.987526
Trimmed average of values in readout-channel 2 = 5.754234
Trimmed average of values in readout-channel 3 = 5.615490
Trimmed average of values in readout-channel 4 = 6.172431
Darkdrift background term = 5.882420
...for data plane = 20
Darkdrift correction for readout-channel 1 = 0.112380
Darkdrift correction for readout-channel 2 = -0.368958
Darkdrift correction for readout-channel 3 = -0.020951
Darkdrift correction for readout-channel 4 = 0.277530
Darkdrift uncertainty for readout-channel 1 = 0.303237
Darkdrift uncertainty for readout-channel 2 = 0.303282
Darkdrift uncertainty for readout-channel 3 = 0.303046
Darkdrift uncertainty for readout-channel 4 = 0.302965
Trimmed average of values in readout-channel 1 = 5.847111
Trimmed average of values in readout-channel 2 = 5.365773
Trimmed average of values in readout-channel 3 = 5.713780
Trimmed average of values in readout-channel 4 = 6.012261
Darkdrift background term = 5.734731
...for data plane = 21
Darkdrift correction for readout-channel 1 = -0.250368
Darkdrift correction for readout-channel 2 = -0.243761
Darkdrift correction for readout-channel 3 = 0.111605
Darkdrift correction for readout-channel 4 = 0.382524
Darkdrift uncertainty for readout-channel 1 = 0.303096
Darkdrift uncertainty for readout-channel 2 = 0.302183
Darkdrift uncertainty for readout-channel 3 = 0.303207
Darkdrift uncertainty for readout-channel 4 = 0.302662
Trimmed average of values in readout-channel 1 = 5.599932
Trimmed average of values in readout-channel 2 = 5.606539
Trimmed average of values in readout-channel 3 = 5.961905
Trimmed average of values in readout-channel 4 = 6.232824
Darkdrift background term = 5.850300
...for data plane = 22
Darkdrift correction for readout-channel 1 = -0.300138
Darkdrift correction for readout-channel 2 = 0.193033
Darkdrift correction for readout-channel 3 = 0.161007
Darkdrift correction for readout-channel 4 = -0.053902
Darkdrift uncertainty for readout-channel 1 = 0.303292
Darkdrift uncertainty for readout-channel 2 = 0.302969
Darkdrift uncertainty for readout-channel 3 = 0.303284
Darkdrift uncertainty for readout-channel 4 = 0.303216
Trimmed average of values in readout-channel 1 = 5.076077
Trimmed average of values in readout-channel 2 = 5.569248
Trimmed average of values in readout-channel 3 = 5.537223
Trimmed average of values in readout-channel 4 = 5.322314
Darkdrift background term = 5.376215
...for data plane = 23
Darkdrift correction for readout-channel 1 = 0.453605
Darkdrift correction for readout-channel 2 = -0.198214
Darkdrift correction for readout-channel 3 = -0.264107
Darkdrift correction for readout-channel 4 = 0.008717
Darkdrift uncertainty for readout-channel 1 = 0.304242
Darkdrift uncertainty for readout-channel 2 = 0.303250
Darkdrift uncertainty for readout-channel 3 = 0.303125
Darkdrift uncertainty for readout-channel 4 = 0.303479
Trimmed average of values in readout-channel 1 = 6.228313
Trimmed average of values in readout-channel 2 = 5.576494
Trimmed average of values in readout-channel 3 = 5.510601
Trimmed average of values in readout-channel 4 = 5.783425
Darkdrift background term = 5.774708
...for data plane = 24
Darkdrift correction for readout-channel 1 = -0.002900
Darkdrift correction for readout-channel 2 = -0.179314
Darkdrift correction for readout-channel 3 = -0.094567
Darkdrift correction for readout-channel 4 = 0.276780
Darkdrift uncertainty for readout-channel 1 = 0.303235
Darkdrift uncertainty for readout-channel 2 = 0.302433
Darkdrift uncertainty for readout-channel 3 = 0.303220
Darkdrift uncertainty for readout-channel 4 = 0.303231
Trimmed average of values in readout-channel 1 = 5.704965
Trimmed average of values in readout-channel 2 = 5.528551
Trimmed average of values in readout-channel 3 = 5.613298
Trimmed average of values in readout-channel 4 = 5.984645
Darkdrift background term = 5.707865
...for data plane = 25
Darkdrift correction for readout-channel 1 = 0.207337
Darkdrift correction for readout-channel 2 = -0.283882
Darkdrift correction for readout-channel 3 = 0.230397
Darkdrift correction for readout-channel 4 = -0.153852
Darkdrift uncertainty for readout-channel 1 = 0.303469
Darkdrift uncertainty for readout-channel 2 = 0.302978
Darkdrift uncertainty for readout-channel 3 = 0.302995
Darkdrift uncertainty for readout-channel 4 = 0.303462
Trimmed average of values in readout-channel 1 = 6.383103
Trimmed average of values in readout-channel 2 = 5.891884
Trimmed average of values in readout-channel 3 = 6.406163
Trimmed average of values in readout-channel 4 = 6.021914
Darkdrift background term = 6.175766
...for data plane = 26
Darkdrift correction for readout-channel 1 = -0.175443
Darkdrift correction for readout-channel 2 = -0.525285
Darkdrift correction for readout-channel 3 = 0.304120
Darkdrift correction for readout-channel 4 = 0.396609
Darkdrift uncertainty for readout-channel 1 = 0.302983
Darkdrift uncertainty for readout-channel 2 = 0.305183
Darkdrift uncertainty for readout-channel 3 = 0.303142
Darkdrift uncertainty for readout-channel 4 = 0.302976
Trimmed average of values in readout-channel 1 = 6.026854
Trimmed average of values in readout-channel 2 = 5.677012
Trimmed average of values in readout-channel 3 = 6.506417
Trimmed average of values in readout-channel 4 = 6.598907
Darkdrift background term = 6.202297
...for data plane = 27
Darkdrift correction for readout-channel 1 = 0.292013
Darkdrift correction for readout-channel 2 = -0.346940
Darkdrift correction for readout-channel 3 = 0.149525
Darkdrift correction for readout-channel 4 = -0.094598
Darkdrift uncertainty for readout-channel 1 = 0.303353
Darkdrift uncertainty for readout-channel 2 = 0.302690
Darkdrift uncertainty for readout-channel 3 = 0.303130
Darkdrift uncertainty for readout-channel 4 = 0.302038
Trimmed average of values in readout-channel 1 = 6.320638
Trimmed average of values in readout-channel 2 = 5.681684
Trimmed average of values in readout-channel 3 = 6.178149
Trimmed average of values in readout-channel 4 = 5.934027
Darkdrift background term = 6.028624
...for data plane = 28
Darkdrift correction for readout-channel 1 = -0.103088
Darkdrift correction for readout-channel 2 = -0.262658
Darkdrift correction for readout-channel 3 = 0.225016
Darkdrift correction for readout-channel 4 = 0.140730
Darkdrift uncertainty for readout-channel 1 = 0.302981
Darkdrift uncertainty for readout-channel 2 = 0.302145
Darkdrift uncertainty for readout-channel 3 = 0.303297
Darkdrift uncertainty for readout-channel 4 = 0.302967
Trimmed average of values in readout-channel 1 = 5.767503
Trimmed average of values in readout-channel 2 = 5.607932
Trimmed average of values in readout-channel 3 = 6.095607
Trimmed average of values in readout-channel 4 = 6.011321
Darkdrift background term = 5.870591
...for data plane = 29
Darkdrift correction for readout-channel 1 = 0.299657
Darkdrift correction for readout-channel 2 = -0.426156
Darkdrift correction for readout-channel 3 = -0.348835
Darkdrift correction for readout-channel 4 = 0.475334
Darkdrift uncertainty for readout-channel 1 = 0.303230
Darkdrift uncertainty for readout-channel 2 = 0.302413
Darkdrift uncertainty for readout-channel 3 = 0.302968
Darkdrift uncertainty for readout-channel 4 = 0.303228
Trimmed average of values in readout-channel 1 = 5.844611
Trimmed average of values in readout-channel 2 = 5.118797
Trimmed average of values in readout-channel 3 = 5.196118
Trimmed average of values in readout-channel 4 = 6.020287
Darkdrift background term = 5.544953
...for data plane = 30
Darkdrift correction for readout-channel 1 = -0.435276
Darkdrift correction for readout-channel 2 = 0.035142
Darkdrift correction for readout-channel 3 = 0.080001
Darkdrift correction for readout-channel 4 = 0.320133
Darkdrift uncertainty for readout-channel 1 = 0.302976
Darkdrift uncertainty for readout-channel 2 = 0.302975
Darkdrift uncertainty for readout-channel 3 = 0.303206
Darkdrift uncertainty for readout-channel 4 = 0.303899
Trimmed average of values in readout-channel 1 = 5.185102
Trimmed average of values in readout-channel 2 = 5.655521
Trimmed average of values in readout-channel 3 = 5.700380
Trimmed average of values in readout-channel 4 = 5.940512
Darkdrift background term = 5.620379
...for data plane = 31
Darkdrift correction for readout-channel 1 = -0.255331
Darkdrift correction for readout-channel 2 = -0.104763
Darkdrift correction for readout-channel 3 = 0.379139
Darkdrift correction for readout-channel 4 = -0.019045
Darkdrift uncertainty for readout-channel 1 = 0.303242
Darkdrift uncertainty for readout-channel 2 = 0.302689
Darkdrift uncertainty for readout-channel 3 = 0.303535
Darkdrift uncertainty for readout-channel 4 = 0.302998
Trimmed average of values in readout-channel 1 = 5.400984
Trimmed average of values in readout-channel 2 = 5.551552
Trimmed average of values in readout-channel 3 = 6.035453
Trimmed average of values in readout-channel 4 = 5.637269
Darkdrift background term = 5.656315
...for data plane = 32
Darkdrift correction for readout-channel 1 = -0.217322
Darkdrift correction for readout-channel 2 = 0.178847
Darkdrift correction for readout-channel 3 = 0.319283
Darkdrift correction for readout-channel 4 = -0.280808
Darkdrift uncertainty for readout-channel 1 = 0.302968
Darkdrift uncertainty for readout-channel 2 = 0.229436
Darkdrift uncertainty for readout-channel 3 = 0.302992
Darkdrift uncertainty for readout-channel 4 = 0.303831
Trimmed average of values in readout-channel 1 = 5.527766
Trimmed average of values in readout-channel 2 = 5.923934
Trimmed average of values in readout-channel 3 = 6.064370
Trimmed average of values in readout-channel 4 = 5.464280
Darkdrift background term = 5.745087
...for data plane = 33
Darkdrift correction for readout-channel 1 = -0.097644
Darkdrift correction for readout-channel 2 = -0.606263
Darkdrift correction for readout-channel 3 = 0.219573
Darkdrift correction for readout-channel 4 = 0.484334
Darkdrift uncertainty for readout-channel 1 = 0.302978
Darkdrift uncertainty for readout-channel 2 = 0.303803
Darkdrift uncertainty for readout-channel 3 = 0.302973
Darkdrift uncertainty for readout-channel 4 = 0.302992
Trimmed average of values in readout-channel 1 = 5.414806
Trimmed average of values in readout-channel 2 = 4.906187
Trimmed average of values in readout-channel 3 = 5.732023
Trimmed average of values in readout-channel 4 = 5.996784
Darkdrift background term = 5.512450
...for data plane = 34
Darkdrift correction for readout-channel 1 = 0.240352
Darkdrift correction for readout-channel 2 = -0.251222
Darkdrift correction for readout-channel 3 = 0.260581
Darkdrift correction for readout-channel 4 = -0.249712
Darkdrift uncertainty for readout-channel 1 = 0.302965
Darkdrift uncertainty for readout-channel 2 = 0.302971
Darkdrift uncertainty for readout-channel 3 = 0.303148
Darkdrift uncertainty for readout-channel 4 = 0.302975
Trimmed average of values in readout-channel 1 = 6.271800
Trimmed average of values in readout-channel 2 = 5.780226
Trimmed average of values in readout-channel 3 = 6.292029
Trimmed average of values in readout-channel 4 = 5.781737
Darkdrift background term = 6.031448
...for data plane = 35
Darkdrift correction for readout-channel 1 = -0.008285
Darkdrift correction for readout-channel 2 = -0.170174
Darkdrift correction for readout-channel 3 = 0.028207
Darkdrift correction for readout-channel 4 = 0.150252
Darkdrift uncertainty for readout-channel 1 = 0.376889
Darkdrift uncertainty for readout-channel 2 = 0.303242
Darkdrift uncertainty for readout-channel 3 = 0.302824
Darkdrift uncertainty for readout-channel 4 = 0.303003
Trimmed average of values in readout-channel 1 = 6.219744
Trimmed average of values in readout-channel 2 = 6.057855
Trimmed average of values in readout-channel 3 = 6.256236
Trimmed average of values in readout-channel 4 = 6.378281
Darkdrift background term = 6.228029
...for data plane = 36
Darkdrift correction for readout-channel 1 = 0.063901
Darkdrift correction for readout-channel 2 = -0.110079
Darkdrift correction for readout-channel 3 = -0.043278
Darkdrift correction for readout-channel 4 = 0.089457
Darkdrift uncertainty for readout-channel 1 = 0.303495
Darkdrift uncertainty for readout-channel 2 = 0.303258
Darkdrift uncertainty for readout-channel 3 = 0.302891
Darkdrift uncertainty for readout-channel 4 = 0.305667
Trimmed average of values in readout-channel 1 = 6.138367
Trimmed average of values in readout-channel 2 = 5.964387
Trimmed average of values in readout-channel 3 = 6.031188
Trimmed average of values in readout-channel 4 = 6.163924
Darkdrift background term = 6.074466
...for data plane = 37
Darkdrift correction for readout-channel 1 = -0.042955
Darkdrift correction for readout-channel 2 = -0.240414
Darkdrift correction for readout-channel 3 = -0.213122
Darkdrift correction for readout-channel 4 = 0.496491
Darkdrift uncertainty for readout-channel 1 = 0.303481
Darkdrift uncertainty for readout-channel 2 = 0.304061
Darkdrift uncertainty for readout-channel 3 = 0.302994
Darkdrift uncertainty for readout-channel 4 = 0.303071
Trimmed average of values in readout-channel 1 = 5.433162
Trimmed average of values in readout-channel 2 = 5.235703
Trimmed average of values in readout-channel 3 = 5.262996
Trimmed average of values in readout-channel 4 = 5.972609
Darkdrift background term = 5.476118
...for data plane = 38
Darkdrift correction for readout-channel 1 = 0.156179
Darkdrift correction for readout-channel 2 = -0.480101
Darkdrift correction for readout-channel 3 = -0.147031
Darkdrift correction for readout-channel 4 = 0.470953
Darkdrift uncertainty for readout-channel 1 = 0.302858
Darkdrift uncertainty for readout-channel 2 = 0.302974
Darkdrift uncertainty for readout-channel 3 = 0.303136
Darkdrift uncertainty for readout-channel 4 = 0.302983
Trimmed average of values in readout-channel 1 = 5.818275
Trimmed average of values in readout-channel 2 = 5.181994
Trimmed average of values in readout-channel 3 = 5.515064
Trimmed average of values in readout-channel 4 = 6.133049
Darkdrift background term = 5.662096
...for data plane = 39
Darkdrift correction for readout-channel 1 = 0.061735
Darkdrift correction for readout-channel 2 = -0.499048
Darkdrift correction for readout-channel 3 = 0.153517
Darkdrift correction for readout-channel 4 = 0.283797
Darkdrift uncertainty for readout-channel 1 = 0.302974
Darkdrift uncertainty for readout-channel 2 = 0.304349
Darkdrift uncertainty for readout-channel 3 = 0.303630
Darkdrift uncertainty for readout-channel 4 = 0.303447
Trimmed average of values in readout-channel 1 = 5.761306
Trimmed average of values in readout-channel 2 = 5.200523
Trimmed average of values in readout-channel 3 = 5.853088
Trimmed average of values in readout-channel 4 = 5.983369
Darkdrift background term = 5.699572
...for data plane = 40
Darkdrift correction for readout-channel 1 = 0.072260
Darkdrift correction for readout-channel 2 = 0.011846
Darkdrift correction for readout-channel 3 = -0.192791
Darkdrift correction for readout-channel 4 = 0.108685
Darkdrift uncertainty for readout-channel 1 = 0.302990
Darkdrift uncertainty for readout-channel 2 = 0.303799
Darkdrift uncertainty for readout-channel 3 = 0.302820
Darkdrift uncertainty for readout-channel 4 = 0.303009
Trimmed average of values in readout-channel 1 = 5.541116
Trimmed average of values in readout-channel 2 = 5.480702
Trimmed average of values in readout-channel 3 = 5.276065
Trimmed average of values in readout-channel 4 = 5.577542
Darkdrift background term = 5.468856
...for data plane = 41
Darkdrift correction for readout-channel 1 = 0.190787
Darkdrift correction for readout-channel 2 = -0.261132
Darkdrift correction for readout-channel 3 = -0.276753
Darkdrift correction for readout-channel 4 = 0.347097
Darkdrift uncertainty for readout-channel 1 = 0.302984
Darkdrift uncertainty for readout-channel 2 = 0.303239
Darkdrift uncertainty for readout-channel 3 = 0.303494
Darkdrift uncertainty for readout-channel 4 = 0.376982
Trimmed average of values in readout-channel 1 = 5.828646
Trimmed average of values in readout-channel 2 = 5.376727
Trimmed average of values in readout-channel 3 = 5.361106
Trimmed average of values in readout-channel 4 = 5.984956
Darkdrift background term = 5.637859
...for data plane = 42
Darkdrift correction for readout-channel 1 = 0.266701
Darkdrift correction for readout-channel 2 = -0.306712
Darkdrift correction for readout-channel 3 = -0.008730
Darkdrift correction for readout-channel 4 = 0.048742
Darkdrift uncertainty for readout-channel 1 = 0.303749
Darkdrift uncertainty for readout-channel 2 = 0.303514
Darkdrift uncertainty for readout-channel 3 = 0.302970
Darkdrift uncertainty for readout-channel 4 = 0.303305
Trimmed average of values in readout-channel 1 = 5.755150
Trimmed average of values in readout-channel 2 = 5.181737
Trimmed average of values in readout-channel 3 = 5.479719
Trimmed average of values in readout-channel 4 = 5.537191
Darkdrift background term = 5.488449
...for data plane = 43
Darkdrift correction for readout-channel 1 = -0.303696
Darkdrift correction for readout-channel 2 = -0.104947
Darkdrift correction for readout-channel 3 = 0.066118
Darkdrift correction for readout-channel 4 = 0.342524
Darkdrift uncertainty for readout-channel 1 = 0.303225
Darkdrift uncertainty for readout-channel 2 = 0.304075
Darkdrift uncertainty for readout-channel 3 = 0.302505
Darkdrift uncertainty for readout-channel 4 = 0.302996
Trimmed average of values in readout-channel 1 = 5.511790
Trimmed average of values in readout-channel 2 = 5.710539
Trimmed average of values in readout-channel 3 = 5.881604
Trimmed average of values in readout-channel 4 = 6.158010
Darkdrift background term = 5.815486
...for data plane = 44
Darkdrift correction for readout-channel 1 = -0.535506
Darkdrift correction for readout-channel 2 = -0.188028
Darkdrift correction for readout-channel 3 = 0.335392
Darkdrift correction for readout-channel 4 = 0.388141
Darkdrift uncertainty for readout-channel 1 = 0.303361
Darkdrift uncertainty for readout-channel 2 = 0.302688
Darkdrift uncertainty for readout-channel 3 = 0.302912
Darkdrift uncertainty for readout-channel 4 = 0.303232
Trimmed average of values in readout-channel 1 = 5.515438
Trimmed average of values in readout-channel 2 = 5.862917
Trimmed average of values in readout-channel 3 = 6.386337
Trimmed average of values in readout-channel 4 = 6.439086
Darkdrift background term = 6.050944
...for data plane = 45
Darkdrift correction for readout-channel 1 = 0.396556
Darkdrift correction for readout-channel 2 = -0.161282
Darkdrift correction for readout-channel 3 = -0.263258
Darkdrift correction for readout-channel 4 = 0.027984
Darkdrift uncertainty for readout-channel 1 = 0.302829
Darkdrift uncertainty for readout-channel 2 = 0.308201
Darkdrift uncertainty for readout-channel 3 = 0.302557
Darkdrift uncertainty for readout-channel 4 = 0.303215
Trimmed average of values in readout-channel 1 = 6.152865
Trimmed average of values in readout-channel 2 = 5.595027
Trimmed average of values in readout-channel 3 = 5.493051
Trimmed average of values in readout-channel 4 = 5.784293
Darkdrift background term = 5.756309
...for data plane = 46
Darkdrift correction for readout-channel 1 = 0.210055
Darkdrift correction for readout-channel 2 = -0.312556
Darkdrift correction for readout-channel 3 = -0.422464
Darkdrift correction for readout-channel 4 = 0.524965
Darkdrift uncertainty for readout-channel 1 = 0.303750
Darkdrift uncertainty for readout-channel 2 = 0.303793
Darkdrift uncertainty for readout-channel 3 = 0.303206
Darkdrift uncertainty for readout-channel 4 = 0.303469
Trimmed average of values in readout-channel 1 = 5.794975
Trimmed average of values in readout-channel 2 = 5.272364
Trimmed average of values in readout-channel 3 = 5.162456
Trimmed average of values in readout-channel 4 = 6.109885
Darkdrift background term = 5.584920
...for data plane = 47
Darkdrift correction for readout-channel 1 = -0.129264
Darkdrift correction for readout-channel 2 = -0.291343
Darkdrift correction for readout-channel 3 = 0.177603
Darkdrift correction for readout-channel 4 = 0.243004
Darkdrift uncertainty for readout-channel 1 = 0.303453
Darkdrift uncertainty for readout-channel 2 = 0.302974
Darkdrift uncertainty for readout-channel 3 = 0.303376
Darkdrift uncertainty for readout-channel 4 = 0.302989
Trimmed average of values in readout-channel 1 = 5.468028
Trimmed average of values in readout-channel 2 = 5.305949
Trimmed average of values in readout-channel 3 = 5.774895
Trimmed average of values in readout-channel 4 = 5.840297
Darkdrift background term = 5.597292
...for data plane = 48
Darkdrift correction for readout-channel 1 = -0.059367
Darkdrift correction for readout-channel 2 = -0.122597
Darkdrift correction for readout-channel 3 = -0.031044
Darkdrift correction for readout-channel 4 = 0.213009
Darkdrift uncertainty for readout-channel 1 = 0.303115
Darkdrift uncertainty for readout-channel 2 = 0.302982
Darkdrift uncertainty for readout-channel 3 = 0.303164
Darkdrift uncertainty for readout-channel 4 = 0.303075
Trimmed average of values in readout-channel 1 = 5.263567
Trimmed average of values in readout-channel 2 = 5.200337
Trimmed average of values in readout-channel 3 = 5.291890
Trimmed average of values in readout-channel 4 = 5.535943
Darkdrift background term = 5.322934
...for data plane = 49
Darkdrift correction for readout-channel 1 = 0.006546
Darkdrift correction for readout-channel 2 = 0.226558
Darkdrift correction for readout-channel 3 = -0.088316
Darkdrift correction for readout-channel 4 = -0.144789
Darkdrift uncertainty for readout-channel 1 = 0.303487
Darkdrift uncertainty for readout-channel 2 = 0.303788
Darkdrift uncertainty for readout-channel 3 = 0.302977
Darkdrift uncertainty for readout-channel 4 = 0.302815
Trimmed average of values in readout-channel 1 = 5.592414
Trimmed average of values in readout-channel 2 = 5.812426
Trimmed average of values in readout-channel 3 = 5.497552
Trimmed average of values in readout-channel 4 = 5.441079
Darkdrift background term = 5.585868
...for data plane = 50
Darkdrift correction for readout-channel 1 = -0.034858
Darkdrift correction for readout-channel 2 = -0.092217
Darkdrift correction for readout-channel 3 = -0.034479
Darkdrift correction for readout-channel 4 = 0.161554
Darkdrift uncertainty for readout-channel 1 = 0.303102
Darkdrift uncertainty for readout-channel 2 = 0.302977
Darkdrift uncertainty for readout-channel 3 = 0.303378
Darkdrift uncertainty for readout-channel 4 = 0.302884
Trimmed average of values in readout-channel 1 = 5.512503
Trimmed average of values in readout-channel 2 = 5.455144
Trimmed average of values in readout-channel 3 = 5.512882
Trimmed average of values in readout-channel 4 = 5.708915
Darkdrift background term = 5.547361
...for data plane = 51
Darkdrift correction for readout-channel 1 = 0.094315
Darkdrift correction for readout-channel 2 = -0.308863
Darkdrift correction for readout-channel 3 = 0.268794
Darkdrift correction for readout-channel 4 = -0.054246
Darkdrift uncertainty for readout-channel 1 = 0.303088
Darkdrift uncertainty for readout-channel 2 = 0.303260
Darkdrift uncertainty for readout-channel 3 = 0.302873
Darkdrift uncertainty for readout-channel 4 = 0.302965
Trimmed average of values in readout-channel 1 = 5.749476
Trimmed average of values in readout-channel 2 = 5.346298
Trimmed average of values in readout-channel 3 = 5.923955
Trimmed average of values in readout-channel 4 = 5.600915
Darkdrift background term = 5.655161
...for data plane = 52
Darkdrift correction for readout-channel 1 = -0.111245
Darkdrift correction for readout-channel 2 = -0.323114
Darkdrift correction for readout-channel 3 = 0.089440
Darkdrift correction for readout-channel 4 = 0.344919
Darkdrift uncertainty for readout-channel 1 = 0.303231
Darkdrift uncertainty for readout-channel 2 = 0.303268
Darkdrift uncertainty for readout-channel 3 = 0.303078
Darkdrift uncertainty for readout-channel 4 = 0.303026
Trimmed average of values in readout-channel 1 = 5.691857
Trimmed average of values in readout-channel 2 = 5.479989
Trimmed average of values in readout-channel 3 = 5.892542
Trimmed average of values in readout-channel 4 = 6.148021
Darkdrift background term = 5.803102
...for data plane = 53
Darkdrift correction for readout-channel 1 = -0.266341
Darkdrift correction for readout-channel 2 = 0.320326
Darkdrift correction for readout-channel 3 = -0.308467
Darkdrift correction for readout-channel 4 = 0.254482
Darkdrift uncertainty for readout-channel 1 = 0.303363
Darkdrift uncertainty for readout-channel 2 = 0.302983
Darkdrift uncertainty for readout-channel 3 = 0.303288
Darkdrift uncertainty for readout-channel 4 = 0.303380
Trimmed average of values in readout-channel 1 = 5.700305
Trimmed average of values in readout-channel 2 = 6.286972
Trimmed average of values in readout-channel 3 = 5.658179
Trimmed average of values in readout-channel 4 = 6.221128
Darkdrift background term = 5.966646
...for data plane = 54
Darkdrift correction for readout-channel 1 = 0.337101
Darkdrift correction for readout-channel 2 = -0.444829
Darkdrift correction for readout-channel 3 = 0.082422
Darkdrift correction for readout-channel 4 = 0.025306
Darkdrift uncertainty for readout-channel 1 = 0.303101
Darkdrift uncertainty for readout-channel 2 = 0.302986
Darkdrift uncertainty for readout-channel 3 = 0.302868
Darkdrift uncertainty for readout-channel 4 = 0.302979
Trimmed average of values in readout-channel 1 = 6.135994
Trimmed average of values in readout-channel 2 = 5.354063
Trimmed average of values in readout-channel 3 = 5.881315
Trimmed average of values in readout-channel 4 = 5.824199
Darkdrift background term = 5.798893
...for data plane = 55
Darkdrift correction for readout-channel 1 = -0.233220
Darkdrift correction for readout-channel 2 = 0.052316
Darkdrift correction for readout-channel 3 = 0.030751
Darkdrift correction for readout-channel 4 = 0.150153
Darkdrift uncertainty for readout-channel 1 = 0.302967
Darkdrift uncertainty for readout-channel 2 = 0.304362
Darkdrift uncertainty for readout-channel 3 = 0.303136
Darkdrift uncertainty for readout-channel 4 = 0.302984
Trimmed average of values in readout-channel 1 = 5.373649
Trimmed average of values in readout-channel 2 = 5.659185
Trimmed average of values in readout-channel 3 = 5.637620
Trimmed average of values in readout-channel 4 = 5.757022
Darkdrift background term = 5.606869
...for data plane = 56
Darkdrift correction for readout-channel 1 = 0.040770
Darkdrift correction for readout-channel 2 = -0.357374
Darkdrift correction for readout-channel 3 = 0.221395
Darkdrift correction for readout-channel 4 = 0.095208
Darkdrift uncertainty for readout-channel 1 = 0.303108
Darkdrift uncertainty for readout-channel 2 = 0.303251
Darkdrift uncertainty for readout-channel 3 = 0.303305
Darkdrift uncertainty for readout-channel 4 = 0.302976
Trimmed average of values in readout-channel 1 = 5.486455
Trimmed average of values in readout-channel 2 = 5.088310
Trimmed average of values in readout-channel 3 = 5.667080
Trimmed average of values in readout-channel 4 = 5.540893
Darkdrift background term = 5.445684
...for data plane = 57
Darkdrift correction for readout-channel 1 = -0.090632
Darkdrift correction for readout-channel 2 = -0.008517
Darkdrift correction for readout-channel 3 = -0.020169
Darkdrift correction for readout-channel 4 = 0.119317
Darkdrift uncertainty for readout-channel 1 = 0.303238
Darkdrift uncertainty for readout-channel 2 = 0.302426
Darkdrift uncertainty for readout-channel 3 = 0.303209
Darkdrift uncertainty for readout-channel 4 = 0.303058
Trimmed average of values in readout-channel 1 = 5.589857
Trimmed average of values in readout-channel 2 = 5.671972
Trimmed average of values in readout-channel 3 = 5.660321
Trimmed average of values in readout-channel 4 = 5.799806
Darkdrift background term = 5.680489
...for data plane = 58
Darkdrift correction for readout-channel 1 = 0.055536
Darkdrift correction for readout-channel 2 = -0.249154
Darkdrift correction for readout-channel 3 = -0.326018
Darkdrift correction for readout-channel 4 = 0.519635
Darkdrift uncertainty for readout-channel 1 = 0.378799
Darkdrift uncertainty for readout-channel 2 = 0.302997
Darkdrift uncertainty for readout-channel 3 = 0.303057
Darkdrift uncertainty for readout-channel 4 = 0.303144
Trimmed average of values in readout-channel 1 = 0.338207
Trimmed average of values in readout-channel 2 = 0.033517
Trimmed average of values in readout-channel 3 = -0.043348
Trimmed average of values in readout-channel 4 = 0.802306
Darkdrift background term = 0.282671
...for data plane = 59
Darkdrift correction for readout-channel 1 = -0.050738
Darkdrift correction for readout-channel 2 = 0.167980
Darkdrift correction for readout-channel 3 = -0.355604
Darkdrift correction for readout-channel 4 = 0.238362
Darkdrift uncertainty for readout-channel 1 = 0.302063
Darkdrift uncertainty for readout-channel 2 = 0.304375
Darkdrift uncertainty for readout-channel 3 = 0.303529
Darkdrift uncertainty for readout-channel 4 = 0.302964
Trimmed average of values in readout-channel 1 = 5.023488
Trimmed average of values in readout-channel 2 = 5.242207
Trimmed average of values in readout-channel 3 = 4.718622
Trimmed average of values in readout-channel 4 = 5.312588
Darkdrift background term = 5.074226
...for data plane = 60
Darkdrift correction for readout-channel 1 = -0.453079
Darkdrift correction for readout-channel 2 = 0.132987
Darkdrift correction for readout-channel 3 = -0.033867
Darkdrift correction for readout-channel 4 = 0.353959
Darkdrift uncertainty for readout-channel 1 = 0.302843
Darkdrift uncertainty for readout-channel 2 = 0.302991
Darkdrift uncertainty for readout-channel 3 = 0.302958
Darkdrift uncertainty for readout-channel 4 = 0.303465
Trimmed average of values in readout-channel 1 = 5.078291
Trimmed average of values in readout-channel 2 = 5.664357
Trimmed average of values in readout-channel 3 = 5.497503
Trimmed average of values in readout-channel 4 = 5.885329
Darkdrift background term = 5.531370
...for data plane = 61
Darkdrift correction for readout-channel 1 = 0.174388
Darkdrift correction for readout-channel 2 = -0.240843
Darkdrift correction for readout-channel 3 = 0.130565
Darkdrift correction for readout-channel 4 = -0.064110
Darkdrift uncertainty for readout-channel 1 = 0.303371
Darkdrift uncertainty for readout-channel 2 = 0.303251
Darkdrift uncertainty for readout-channel 3 = 0.303010
Darkdrift uncertainty for readout-channel 4 = 0.302895
Trimmed average of values in readout-channel 1 = 6.048115
Trimmed average of values in readout-channel 2 = 5.632884
Trimmed average of values in readout-channel 3 = 6.004292
Trimmed average of values in readout-channel 4 = 5.809617
Darkdrift background term = 5.873727
...for data plane = 62
Darkdrift correction for readout-channel 1 = 0.201310
Darkdrift correction for readout-channel 2 = -0.140392
Darkdrift correction for readout-channel 3 = -0.017823
Darkdrift correction for readout-channel 4 = -0.043095
Darkdrift uncertainty for readout-channel 1 = 0.302988
Darkdrift uncertainty for readout-channel 2 = 0.302988
Darkdrift uncertainty for readout-channel 3 = 0.303364
Darkdrift uncertainty for readout-channel 4 = 0.302979
Trimmed average of values in readout-channel 1 = 6.060247
Trimmed average of values in readout-channel 2 = 5.718545
Trimmed average of values in readout-channel 3 = 5.841113
Trimmed average of values in readout-channel 4 = 5.815841
Darkdrift background term = 5.858937
...for data plane = 63
Darkdrift correction for readout-channel 1 = -0.093563
Darkdrift correction for readout-channel 2 = -0.277994
Darkdrift correction for readout-channel 3 = 0.090482
Darkdrift correction for readout-channel 4 = 0.281075
Darkdrift uncertainty for readout-channel 1 = 0.303238
Darkdrift uncertainty for readout-channel 2 = 0.302832
Darkdrift uncertainty for readout-channel 3 = 0.303059
Darkdrift uncertainty for readout-channel 4 = 0.227590
Trimmed average of values in readout-channel 1 = 5.771264
Trimmed average of values in readout-channel 2 = 5.586833
Trimmed average of values in readout-channel 3 = 5.955309
Trimmed average of values in readout-channel 4 = 6.145902
Darkdrift background term = 5.864827
...for data plane = 64
Darkdrift correction for readout-channel 1 = -0.121625
Darkdrift correction for readout-channel 2 = -0.076869
Darkdrift correction for readout-channel 3 = 0.041925
Darkdrift correction for readout-channel 4 = 0.156569
Darkdrift uncertainty for readout-channel 1 = 0.303112
Darkdrift uncertainty for readout-channel 2 = 0.302988
Darkdrift uncertainty for readout-channel 3 = 0.303218
Darkdrift uncertainty for readout-channel 4 = 0.302992
Trimmed average of values in readout-channel 1 = 5.695628
Trimmed average of values in readout-channel 2 = 5.740384
Trimmed average of values in readout-channel 3 = 5.859178
Trimmed average of values in readout-channel 4 = 5.973823
Darkdrift background term = 5.817253

Program darkdrift: Status Message: 0x0000
Normal exit from Function 0x0000: LOG_WRITER
darkdrift Warning: NaN's were produced in the results.
A total of     2013   NaN's were produced in the results.
Processing time: 13.800000 seconds
Current date/time: Sat Jan  9 14:58:36 2016
Program darkdrift, version 4.1, terminated.

darkdrift   exit_value =   0    execution_time = 13.900s
******************************************************************
Pipeline executing flatap
flatap -i darkdrift.fits -p cal/pmask.fits -f cal/skyflat.fits -ui sig_darkdrift.fits -uo sig_flatap.fits -d dmask.fits -o flatap.fits -c cal/skyflat_cmask.fits 
******************************************************************
Pipeline Module FLATAP Version 1.5
Processing time Sat Jan  9 14:58:37 2016

flatap_parse_namelist: Information only: Namelist not specified.
Sat Jan  9 14:58:37 2016
flatap_log_writer: Could not open Log File, using stdout
Flatap Version 1.5
Namelist File  = 
Input DCE = darkdrift.fits
Output DCE = !flatap.fits
Flatfield = cal/skyflat.fits
Input Uncertainty = sig_darkdrift.fits
Output Uncertainty = !sig_flatap.fits
Pmask File = cal/pmask.fits
Pmask Mask = 128
Dmask File = dmask.fits
Dmask Mask = 16384
Cmask File = cal/skyflat_cmask.fits
Cmask Mask = 256
Trans CAL File = 
Trans CAL CMask File = 
Processing Log File = 
Time =    0.22 seconds
*********************

Time = 0.220 seconds
exit code 0

flatap   exit_value =   0    execution_time = 0.290s
******************************************************************
Pipeline executing imfliprot
imfliprot -i flatap.fits -n cdf/pn107.nl -a /sos/sw/S19.2.0/STUDIO/downlink/include -o imfliprot.fits 
******************************************************************

imfliprot_log_writer: Printing Log output to stdout

Program imfliprot, Version 1.0
Namelist File  = cdf/pn107.nl
Input File = flatap.fits
Output File = imfliprot.fits
Image has been flipped
Image Rotation (degrees)  = 180
Ancillary Data-File Path = /sos/sw/S19.2.0/STUDIO/downlink/include
Verbose flag = 0
Debug flag = 0
imfliprot Status Message      0x0000: Normal exit from Function 0x0000: LOG_WRITER
Processing time: 0.210000 seconds
Current date/time: Sat Jan  9 14:58:38 2016
Program imfliprot, version 1.0, terminated.


imfliprot   exit_value =   0    execution_time = 0.270s
******************************************************************
Pipeline executing imfliprot
imfliprot -i sig_flatap.fits -n cdf/pn107.nl -a /sos/sw/S19.2.0/STUDIO/downlink/include -o sig_imfliprot.fits 
******************************************************************

imfliprot_log_writer: Printing Log output to stdout

Program imfliprot, Version 1.0
Namelist File  = cdf/pn107.nl
Input File = sig_flatap.fits
Output File = sig_imfliprot.fits
Image has been flipped
Image Rotation (degrees)  = 180
Ancillary Data-File Path = /sos/sw/S19.2.0/STUDIO/downlink/include
Verbose flag = 0
Debug flag = 0
imfliprot Status Message      0x0000: Normal exit from Function 0x0000: LOG_WRITER
Processing time: 0.200000 seconds
Current date/time: Sat Jan  9 14:58:39 2016
Program imfliprot, version 1.0, terminated.


imfliprot   exit_value =   0    execution_time = 0.260s
******************************************************************
Pipeline executing imfliprot
imfliprot -i dmask.fits -n cdf/pn107.nl -a /sos/sw/S19.2.0/STUDIO/downlink/include -o temp_dmask.fits 
******************************************************************

imfliprot_log_writer: Printing Log output to stdout

Program imfliprot, Version 1.0
Namelist File  = cdf/pn107.nl
Input File = dmask.fits
Output File = temp_dmask.fits
Image has been flipped
Image Rotation (degrees)  = 180
Ancillary Data-File Path = /sos/sw/S19.2.0/STUDIO/downlink/include
Verbose flag = 0
Debug flag = 0
imfliprot Status Message      0x0000: Normal exit from Function 0x0000: LOG_WRITER
Processing time: 0.060000 seconds
Current date/time: Sat Jan  9 14:58:39 2016
Program imfliprot, version 1.0, terminated.


imfliprot   exit_value =   0    execution_time = 0.110s
******************************************************************
Pipeline executing imfliprot
imfliprot -i fowlinearize.fits -n cdf/pn107.nl -a /sos/sw/S19.2.0/STUDIO/downlink/include -o temp_fowlinearize.fits 
******************************************************************

imfliprot_log_writer: Printing Log output to stdout

Program imfliprot, Version 1.0
Namelist File  = cdf/pn107.nl
Input File = fowlinearize.fits
Output File = temp_fowlinearize.fits
Image has been flipped
Image Rotation (degrees)  = 180
Ancillary Data-File Path = /sos/sw/S19.2.0/STUDIO/downlink/include
Verbose flag = 0
Debug flag = 0
imfliprot Status Message      0x0000: Normal exit from Function 0x0000: LOG_WRITER
Processing time: 0.090000 seconds
Current date/time: Sat Jan  9 14:58:40 2016
Program imfliprot, version 1.0, terminated.


imfliprot   exit_value =   0    execution_time = 0.140s
******************************************************************
Pipeline executing imfliprot
imfliprot -i sig_fowlinearize.fits -n cdf/pn107.nl -a /sos/sw/S19.2.0/STUDIO/downlink/include -o temp_sig_fowlinearize.fits 
******************************************************************

imfliprot_log_writer: Printing Log output to stdout

Program imfliprot, Version 1.0
Namelist File  = cdf/pn107.nl
Input File = sig_fowlinearize.fits
Output File = temp_sig_fowlinearize.fits
Image has been flipped
Image Rotation (degrees)  = 180
Ancillary Data-File Path = /sos/sw/S19.2.0/STUDIO/downlink/include
Verbose flag = 0
Debug flag = 0
imfliprot Status Message      0x0000: Normal exit from Function 0x0000: LOG_WRITER
Processing time: 0.110000 seconds
Current date/time: Sat Jan  9 14:58:40 2016
Program imfliprot, version 1.0, terminated.


imfliprot   exit_value =   0    execution_time = 0.170s
******************************************************************
Pipeline executing dntoflux
dntoflux -i imfliprot.fits -iu sig_imfliprot.fits -n cdf/pn107.nl -co 0 -c 0.1447 -u 0.0000 -a /sos/sw/S19.2.0/STUDIO/downlink/include -o1 dntoflux.fits -ou sig_dntoflux.fits -t 1 
******************************************************************

Program dntoflux, Version 4.2
Namelist File  = cdf/pn107.nl
Input Image = imfliprot.fits
Output File 1 = dntoflux.fits
Output Uncertainty Image = sig_dntoflux.fits
Operation flag = 0
Conversion factor = 0.144700
Input Uncertainty Image = sig_imfliprot.fits
Conversion-factor uncertainty = 0.000000
Output BUNIT setting = MJy/sr
Normalize-by-EXPTIME Flag = 1
EXPTIME = 1.920000
Data-Plane Flag = 1
Ancillary Data-File Path = /sos/sw/S19.2.0/STUDIO/downlink/include
Verbose flag = 0
Super-verbose flag = 0
Debug flag = 0
Terminating data-units-conversion program.
dntoflux Status Message: 0x0000
Normal exit from Function 0x0000: LOG_WRITER
dntoflux Probs Warning: NaN's were produced in the results.
A total of     4026   NaN's were produced in the results.
Processing time: 0.490000 seconds
Current date/time: Sat Jan  9 14:58:42 2016
Program dntoflux, version 4.2, terminated.

dntoflux   exit_value =   0    execution_time = 0.630s
******************************************************************
Pipeline executing qatool
qatool -i dntoflux.fits -n cdf/pn107.nl -nb QATOOLBCD -a /sos/sw/S19.2.0/STUDIO/downlink/include -o qa/BCD_qatool 
******************************************************************
qatool_parse_namelist: Information only: Namelist block-name = &QATOOLBCD
Program qatool, Version 6.0
Namelist File  = cdf/pn107.nl
Input File = dntoflux.fits
Output Data Filename Base = qa/BCD_qatool
Statistics Group = 0
Percent-Scaling Flag = 0
Calculation Type = 1
(set-up to do additional computations for four readout channels)
Number of Mean Absolute Deviations for Histogram Half-Width Coverage = 5
Number of Bins in Histograms = 41
Central fraction for trimmed average = 0.810000
Central fraction for trimmed std. dev. = 0.720000
Bad-pixel tolerance fraction = 0.900000
Statistics Box X position = 3
Statistics Box Y position = 4
Statistics Box X width = 20
Statistics Box Y height = 23
Input-Image Transpose Flag = 1
Unsigned Integer Flag = 0
Data-Plane Flag = 1
Number Edge Rows/Cols Skipped = 2
Keyword Prefix = bcd
Ancillary Data-File Path = /sos/sw/S19.2.0/STUDIO/downlink/include
Verbose flag = 0
Super-verbose flag = 0
Debug flag = 0
Performed statistical and histogram calculations.
Program qatool: Status Message: 0x0000
Normal exit from Function 0x0000: LOG_WRITER
Processing time: 1.330000 seconds
Current date/time: Sat Jan  9 14:58:44 2016
Program qatool, version 6.0, terminated.

qatool   exit_value =   0    execution_time = 1.420s
******************************************************************
Pipeline executing chkmask
chkmask dmask.fits -q qa/BCD_qatool.qa 
******************************************************************
 chkmask vsn 1.35 A40312
 
 No. of occurrences of the   3 status combinations:
   2267 occurrences of   256 (8)                                 
   5 occurrences of   16 (4)                                 
   2 occurrences of   272 (4,8)                               
 
 Status Bit: No. of Pixels
   0:   0
   1:   0
   2:   0
   3:   0
   4:   7
   5:   0
   6:   0
   7:   0
   8:   2269
   9:   0
   10:   0
   11:   0
   12:   0
   13:   0
   14:   0
 

chkmask   exit_value =   0    execution_time = 0.420s
******************************************************************
Loading QA information for DCE and BCD product
Keyword APDUV1E not found in header
Keyword APDUV2E not found in header
Keyword APDUV3E not found in header
Keyword APDUI1E not found in header
Keyword APDUI2E not found in header
Keyword APDUI3E not found in header
Could not append keyword APDUV1E to QA file qa/DCE_qatool.qa
Could not append keyword APDUV2E to QA file qa/DCE_qatool.qa
Could not append keyword APDUV3E to QA file qa/DCE_qatool.qa
Could not append keyword APDUI1E to QA file qa/DCE_qatool.qa
Could not append keyword APDUI2E to QA file qa/DCE_qatool.qa
Could not append keyword APDUI3E to QA file qa/DCE_qatool.qa
******************************************************************
Pipeline executing qaloader
qaloader -i qa/DCE_qatool.qa -tablename qa_iracdce -o qa/qaloader.sql -role pipelineswrole 
******************************************************************
2016/01/09 14:58:48 BEGIN qaloader v1.13
 -i (QA_FILE) qa/DCE_qatool.qa
 -tablename (TABLENAME) qa_iracdce
 -o (SQL_FILE) qa/qaloader.sql
 -role (ROLE) pipelineswrole
Using metadata version 13.0b
table name=qa_iracdce

QA values ingested:
{-4.607469e+01} {}
dceAveFI_1       -4.607469e+01 
{-4.920217e+01} {}
dceAveR1_1       -4.920217e+01 
{-2.919879e+01} {}
dceAveR2_1       -2.919879e+01 
{-3.306772e+01} {}
dceAveR3_1       -3.306772e+01 
{-7.283008e+01} {}
dceAveR4_1       -7.283008e+01 
{-2.200000e+01} {-4.920217e+01}
dceMedFI_1       -2.200000e+01 
{3.066801e+02} {}
dceSdevFI_1      3.066801e+02 
{4.770400e+00} {}
dceDSclFI_1      4.770400e+00 
{-8.880000e+03} {}
dceMinFI_1       -8.880000e+03 
{5.000000e+00} {}
dceMaxFI_1       5.000000e+00 
{147809524} {}
DCEID            147809524 
{2} {-4.607469e+01}
CHNLNUM          2 
{0} {}
ADCEID           0 
{8} {}
AFOWLNUM         8 
{184} {}
AWAITPER         184 
{0} {}
AWEASIDE         0 
{1} {}
AREADMOD         1 
{27.699513} {}
AFPAT1B          27.699513 
{28.669623} {}
AFPAT2B          28.669623 
{0} {}
APEDSIG          0 
{0} {}
ATXSTAT          0 
{0} {}
AFLSTAT          0 
{4} {}
ASHSTAT          4 
{-3.5585} {}
AVRSTBEG         -3.5585 
{-3.0562209} {}
AVDETBEG         -3.0562209 
{-3.618536} {}
AVGG1BEG         -3.618536 
{-3.550644} {}
AVDDUBEG         -3.550644 
{0} {}
AVGGCBEG         0 
{21.443602} {}
ACTENDT          21.443602 
{19.621448} {}
AFPECTE          19.621448 
{22.99905} {}
AFPEATE          22.99905 
{23.912549} {}
ATCTEMPE         23.912549 
{21.38264} {}
ACETEMPE         21.38264 
{21.35216} {}
APDTEMPE         21.35216 
{27.671961} {}
ACATMP2E         27.671961 
2016/01/09 14:58:48 END   qaloader status=0

qaloader   exit_value =   0    execution_time = 0.080s
******************************************************************
Pipeline executing qaloader
qaloader -i qa/BCD_qatool.qa -tablename qa_iracdp -o qa/qaloader.sql 
******************************************************************
2016/01/09 14:58:49 BEGIN qaloader v1.13
 -i (QA_FILE) qa/BCD_qatool.qa
 -tablename (TABLENAME) qa_iracdp
 -o (SQL_FILE) qa/qaloader.sql
Using metadata version 13.0b
table name=qa_iracdp

QA values ingested:
{2.531306e+00} {}
bcdAveFI_1       2.531306e+00 
{4.002673e+00} {}
bcdAveUB_1       4.002673e+00 
{5.420408e-01} {}
bcdMedFI_1       5.420408e-01 
{6.612395e-01} {}
bcdMedUB_1       6.612395e-01 
{2.596793e+01} {}
bcdSdevFI_1      2.596793e+01 
{3.383766e+01} {}
bcdSdevUB_1      3.383766e+01 
{4.497148e-01} {}
bcdDSclFI_1      4.497148e-01 
{4.855497e-01} {}
bcdDSclUB_1      4.855497e-01 
{-4.764423e-01} {}
bcdMinFI_1       -4.764423e-01 
{-3.039313e-01} {}
bcdMinUB_1       -3.039313e-01 
{6.909153e+02} {}
bcdMaxFI_1       6.909153e+02 
{6.909153e+02} {}
bcdMaxUB_1       6.909153e+02 
{5.301289e-01} {}
bcdC68lFI_1      5.301289e-01 
{5.585792e-01} {}
bcdC68uFI_1      5.585792e-01 
{391693124} {}
DPID             391693124 
{2} {2.531306e+00}
CHNLNUM          2 
2016/01/09 14:58:49 END   qaloader status=0

qaloader   exit_value =   0    execution_time = 0.150s
******************************************************************
Pipeline executing dbaccess
dbaccess -e sodb qa/qaloader.sql 
******************************************************************
set role pipelineswrole;
set lock mode to wait 30;
EXECUTE PROCEDURE addQA_iracdce (147809524, NULL, NULL, 2, -4.607469e+01, 
-2.200000e+01, -4.920217e+01, -2.919879e+01, -3.306772e+01, -7.283008e+01, 
3.066801e+02, 4.770400e+00, -8.880000e+03, 5.000000e+00, 0, 8, 184, 0, 1, 
27.699513, 28.669623, 0, 0, 0, 4, -3.5585, -3.0562209, -3.618536, -3.550644, 0, 
21.443602, 19.621448, 22.99905, 23.912549, 21.38264, 21.35216, 27.671961, NULL, 
NULL, NULL, NULL, NULL, NULL);
EXECUTE PROCEDURE addQA_iracdp (391693124, NULL, NULL, 2, 2.531306e+00, 
4.002673e+00, 5.420408e-01, 6.612395e-01, 2.596793e+01, 3.383766e+01, 
4.497148e-01, 4.855497e-01, -4.764423e-01, -3.039313e-01, 6.909153e+02, 
6.909153e+02, 5.301289e-01, 5.585792e-01, NULL, NULL, NULL, NULL, NULL, NULL);
execute procedure setDceTimeParameters (147809524, 1037051592.688, "2012-11-10 21:46:52.375", 1.92, 2.00);

dbaccess   exit_value =   0    execution_time = 0.180s
******************************************************************
Finishing IRAC science pipeline processing
Could not copy cal/firstframe_corr.fits to /sbx10/S19.2.0/archive/proc/full/IRAC033400/bcd/4568/0046471424/2/0102/0000/17/01/1/cal/firstframe_corr.fits
Could not copy imask.fits to /sbx10/S19.2.0/archive/proc/full/IRAC033400/bcd/4568/0046471424/2/0102/0000/17/01/1/imask.fits
Could not copy muxbleedcorr.fits to /sbx10/S19.2.0/archive/proc/full/IRAC033400/bcd/4568/0046471424/2/0102/0000/17/01/1/muxbleedcorr.fits
Could not copy slremove.fits to /sbx10/S19.2.0/archive/proc/full/IRAC033400/bcd/4568/0046471424/2/0102/0000/17/01/1/slremove.fits
******************************************************************
PlScriptID 17 exiting Saturday, January  9, 2016  2:58:52 PM PST
Host: sopipe63
Local Processing Directory: /scr3/S19.2.0/IRAC033400/bcd/4568/0046471424/2/0102/0000/17/01/1
Sandbox Directory: /sbx10/S19.2.0/archive/proc/full/IRAC033400/bcd/4568/0046471424/2/0102/0000/17/01/1
Processing time: total 32.84 s (user 1.02, system 1.08, child user 19.32, child system 11.42)
Pipeline exit code: Normal exit (0)
******************************************************************
