 hdrupd8 vsn 1.6  A70821
******************************************************************
Executing IRAC science pipeline
******************************************************************
Pipeline executing sanity_datatype
sanity_datatype -i ../fos16.fits -t1 cdf/sanity_datatype1.tbl -t2 cdf/sanity_datatype2.tbl -o1 qa/sanity_datatype1.tbl -o2 qa/sanity_datatype2.tbl 
******************************************************************
Program Sanity_datatype is started .... Version 1.0, Sat Jan  9 14:56:46 2016
Input Image File = ../fos16.fits
Input Data Table 1 = cdf/sanity_datatype1.tbl
Input Data Table 2 = cdf/sanity_datatype2.tbl
Output Filename1 = qa/sanity_datatype1.tbl
Output Filename2 = qa/sanity_datatype2.tbl
Log File = stdout
I_Debug = 0
I_Verbose = 0
I_SuperVerbose = 0
Processing time: 0.070000 seconds
Program Sanity_datatype is done. Version 1.0, Sat Jan  9 14:56:46 2016


sanity_datatype   exit_value =   0    execution_time = 0.410s
******************************************************************
Pipeline executing qatool
qatool -i ../fos16.fits -n cdf/pn107.nl -nb QATOOLDCE -a /sos/sw/S19.2.0/STUDIO/downlink/include -o qa/DCE_qatool 
******************************************************************
qatool_parse_namelist: Information only: Namelist block-name = &QATOOLDCE
Program qatool, Version 6.0
Namelist File  = cdf/pn107.nl
Input File = ../fos16.fits
Output Data Filename Base = qa/DCE_qatool
Statistics Group = 0
Percent-Scaling Flag = 0
Calculation Type = 1
(set-up to do additional computations for four readout channels)
Number of Mean Absolute Deviations for Histogram Half-Width Coverage = 5
Number of Bins in Histograms = 41
Central fraction for trimmed average = 0.810000
Central fraction for trimmed std. dev. = 0.720000
Bad-pixel tolerance fraction = 0.340000
Statistics Box X position = 3
Statistics Box Y position = 4
Statistics Box X width = 27
Statistics Box Y height = 33
Input-Image Transpose Flag = 1
Unsigned Integer Flag = 0
Data-Plane Flag = 1
Number Edge Rows/Cols Skipped = 10
Keyword Prefix = dce
Ancillary Data-File Path = /sos/sw/S19.2.0/STUDIO/downlink/include
Verbose flag = 0
Super-verbose flag = 0
Debug flag = 0
Performed statistical and histogram calculations.
Program qatool: Status Message: 0x0000
Normal exit from Function 0x0000: LOG_WRITER
Processing time: 0.810000 seconds
Current date/time: Sat Jan  9 14:56:47 2016
Program qatool, version 6.0, terminated.

qatool   exit_value =   0    execution_time = 0.910s
******************************************************************
Pipeline executing sanity_check
sanity_check -i qa/DCE_qatool.tbl -o qa/sanity_check.tbl 
******************************************************************
Program Sanity_check is started .... Version 1.0, Sat Jan  9 14:56:51 2016

Input File = qa/DCE_qatool.tbl
Output = qa/sanity_check.tbl
Processing time: 0.020000 seconds
Current date/time: Sat Jan  9 14:56:51 2016
Program Sanity_check, version 1.0, terminated.

sanity_check   exit_value =   0    execution_time = 0.370s
******************************************************************
Pipeline executing abad_repair
abad_repair -i ../fos16.fits -o abad_repair.fits 
******************************************************************
Pipeline Module ABAD_REPAIR Version 1.2
Processing time Sat Jan  9 14:56:51 2016

ABAD_READ_DATA: A0752D00 = 0
status from read: 1
npixs = 65536
enter output with 0
files ../fos16.fits !abad_repair.fits 
open output [!abad_repair.fits]
comment [Sat Jan  9 14:56:51 2016]
Time = 0.050 seconds
exit code 0

abad_repair   exit_value =   0    execution_time = 0.090s
******************************************************************
Pipeline executing tranhead
tranhead -i abad_repair.fits -n cdf/pn107.nl -k /scr/S19.2.0/cdf/ctd/telemetry_dictionary.dat -a /sos/sw/S19.2.0/STUDIO/downlink/include -o tranhead.fits -t, cdf/Keyword_Include_List.dat 
******************************************************************

Program tranhead, Version 13.2
Namelist File  = cdf/pn107.nl
Input File = abad_repair.fits
Dictionary File = /scr/S19.2.0/cdf/ctd/telemetry_dictionary.dat
CTD Version String = 3.0.94S
Keyword-Include-List File = cdf/Keyword_Include_List.dat
Translated-Keyword File = tranhead.hdr
CSPICE leapseconds kernel = /scr/S19.2.0/cdf/spice/leapseconds.ker
CSPICE SCLK_SCET kernel = /scr/S19.2.0/cdf/spice/sclk_scet.ker
CSPICE Spitzer Ephemeris = /scr/S19.2.0/cdf/spice/sirtf.bsp
CSPICE Planets Ephemeris = /scr/S19.2.0/cdf/spice/de.bsp
Output File = tranhead.fits
Operation Type = 1
FITS-Header Comment Flag = 1
SCLK correction factor = 1.000380
Ignore Frames (1st) = -1
Ignore Frames (2nd and higher) = -1
Central fraction for trimmed average  = 0.900000
Central fraction for trimmed std. dev. = 0.900000
Gain = 3.710000
Gain_RdOutCh_1 = 3.710000
Gain_RdOutCh_2 = 3.710000
Gain_RdOutCh_3 = 3.710000
Gain_RdOutCh_4 = 3.710000
Ancillary Data-File Path = /sos/sw/S19.2.0/STUDIO/downlink/include
Verbose flag = 0
Super-verbose flag = 0
Debug flag = 0
Configured to perform forward FITS keyword translation.
tranhead Status Message: 0x0000
Normal exit from Function 0x0000: LOG_WRITER
A total of        0   NaN's were produced in the results.
Processing time: 0.310000 seconds
Current date/time: Sat Jan  9 14:56:52 2016
Program tranhead, version 13.2, terminated.

tranhead   exit_value =   0    execution_time = 0.420s
 hdrupd8 vsn 1.6  A70821


LabDark

chan, frametime, hdy, extrpt = 2, 2.00, F, 233
expid  adceid  repidx  =  105,  0,  0 

SkyDarkaor template time = 2
hdy  repidx =  F  0
expid  ext-repeat  =  105  233

******************************************************************
Pipeline executing caltrans
caltrans -n cdf/pn107.nl -m 2 -a 7 -b /scr3/S19.2.0/dlcaldata/irac -s tranhead.fits -o cal -u SUB -jk1 CHNLNUM -jv1 2 -ja1 N -ju1 0 -js1 flip -jk2 CHNLNUM;AFOWLNUM;AWAITPER;FRAMTIME;HDRMODE -jv2 2;8;184;2.00;F -ja2 N;N;N;N;S -ju2 0;0;0;0;0 -js2 sigma;cmask -jk3 CHNLNUM;AFOWLNUM;AWAITPER;FRAMTIME;HDRMODE -jv3 2;8;184;2.00;F -ja3 N;N;N;N;S -ju3 0;0;0;0;0 -js3 cmask -jk4 CHNLNUM -jv4 2 -ja4 N -ju4 0 -js4 cmask -jk5 CHNLNUM -jv5 2 -ja5 N -ju5 0 -js5 cmask -jk6 CHNLNUM -jv6 2 -ja6 N -ju6 0 -jk7 CHNLNUM;AFOWLNUM;AWAITPER -jv7 2;8;184 -ja7 N;N;N -ju7 0;0;0 -jk8 CHNLNUM;AFOWLNUM;AWAITPER -jv8 2;8;184 -ja8 N;N;N -ju8 0;0;0 -e CALTRANSsciSUB 
******************************************************************

Online Namelist file descriptor associated
Online namelist buffer loaded: length = 7422

Warning !:  Ancillary file #1  with full suffix filename  '/sos/archive/fallbacks/IRAC004600/SUB_2s_2sf8d1r1_ch2_v2.0.0_dark_sigma.fits'  NOT in archive/sandbox !!.
Proceed to the next suffix fileprocessing .....

Warning !:  Ancillary file #2  with full suffix filename  '/sos/archive/fallbacks/IRAC004600/SUB_2s_2sf8d1r1_ch2_v2.0.0_dark_cmask.fits'  NOT in archive/sandbox !!.
Proceed to the next suffix fileprocessing .....

Warning !:  Ancillary-suffix file #1: '/scr3/S19.2.0/dlcaldata/irac/fb1502_SUB_2s_2sf8d1r1_ch2_v2.0.0_dark_sigma.fits'  could NOT be identified on cache.
Processing continues ..... 


Warning !:  Ancillary-suffix file #2: '/scr3/S19.2.0/dlcaldata/irac/fb1502_SUB_2s_2sf8d1r1_ch2_v2.0.0_dark_cmask.fits'  could NOT be identified on cache.
Processing continues ..... 


Warning !:  Ancillary file #1  with full suffix filename  '/sos/archive/fallbacks/IRAC005300/lincal_b2_sa_011410_cmask.fits'  NOT in archive/sandbox !!.
Proceed to the next suffix fileprocessing .....

Warning !:  Ancillary-suffix file #1: '/scr3/S19.2.0/dlcaldata/irac/fb1579_lincal_b2_sa_011410_cmask.fits'  could NOT be identified on cache.
Processing continues ..... 

  Printing Log output to stdout...


Program CALTRANS, Version 4.0
Command-Line Namelist Filename  = cdf/pn107.nl
Command-Line Namelist Section = CALTRANSsciSUB
CalTrans Execution Mode  = 2
CalID = 7
Input Calibration Type list = pmask;labdark;skydark;lincal;sky_flat;fluxconv;muxbleed_lut;muxbleed_coeff
Input Calibration Rule list = 0;0;300;0;0;0;0;0
Input Generic Outfname list = pmask.fits;labdark.fits;skydark.fits;lincal.fits;skyflat.fits;fluxconv;muxbleed_lut;muxbleed_coeff
Science DCE Filename = tranhead.fits
CAL Destination Path = cal
Processing time: 0.550000 seconds
Current date/time: Sat Jan  9 14:57:08 2016
Program CALTRANS, version 4.0, terminated with status = 16

CalTrans exits with status = 16



caltrans   exit_value =  16    execution_time = 0.680s
******************************************************************
Pipeline executing insbposdom
insbposdom -i tranhead.fits -o insbposdom.fits 
******************************************************************
Pipeline Module INSBPOSDOM Version 1.1
Processing time Sat Jan  9 14:57:08 2016

Sat Jan  9 14:57:08 2016
Time = 0.040 seconds
exit code 0

insbposdom   exit_value =   0    execution_time = 0.080s
******************************************************************
Pipeline executing cvti2r4
cvti2r4 -i insbposdom.fits -a 0.5625 -b 0 -d cal/dmask_for_raw.fits -o cvti2r4.fits -m row 
******************************************************************
 SIRTF I*2-to-R*4 Data Cube Conversion program vsn 1.31 A61025
 Input file:  insbposdom.fits
 Using offset =    0.562500
 Using BLANK-fill value:   0
 Output file: cvti2r4.fits
 Missing-data pattern specified as rows

cvti2r4   exit_value =   0    execution_time = 0.460s
Image has barrel shift = 3
Computed truncation correction 0.5*(1-2^-ABARREL) = 0.5625
******************************************************************
Pipeline executing hdrupd8
hdrupd8 cvti2r4.fits -a cdf/hdrupd8_cubify.dat -d cdf/hdrupd8_planify.dat 
******************************************************************
 hdrupd8 vsn 1.6  A70821
 WARNING: keyword to be deleted not found: NAXIS3  

hdrupd8   exit_value =   0    execution_time = 0.380s
******************************************************************
Pipeline executing hdrupd8
hdrupd8 dmask.fits -a cdf/hdrupd8_cubify.dat -d cdf/hdrupd8_planify.dat 
******************************************************************
 hdrupd8 vsn 1.6  A70821
 WARNING: keyword to be deleted not found: NAXIS3  

hdrupd8   exit_value =   0    execution_time = 0.400s
******************************************************************
Pipeline executing iracwrapdet1
iracwrapdet1 -i cvti2r4.fits -n cdf/pn107.nl -p cal/pmask.fits -d dmask.fits -w wmask.fits -v 
******************************************************************
Pipeline Module IRACWRAPDET1 Version 1.4
Processing time Sat Jan  9 14:57:21 2016
iracwrapdet1_parse_args: Namelist File = 	cdf/pn107.nl
iracwrapdet1_parse_args: Pmask File = 	cal/pmask.fits
iracwrapdet1_parse_args: Dmask File = 	dmask.fits
iracwrapdet1_parse_args: Wmask File = 	wmask.fits
iracwrapdet1_parse_args: Input File = 	cvti2r4.fits
iracwrapdet1_parse_args: I_Verbose = 			1
chn 2 framtim 2.000000
iracwrapdet1_read_data: Data read from file:
cvti2r4.fits
iracwrapdet1_read_data: I_NX = 32
iracwrapdet1_read_data: I_NY = 32
iracwrapdet1_read_data: I_NZ = 64
iracwrapdet1_parse_namelist: Namelist File = 	cdf/pn107.nl
Coeff used: 55000.000000 55000.000000 55000.000000 55000.000000
iracwrapdet1_compute_results: Numerical Computations finished
Sat Jan  9 14:57:21 2016
iracwrapdet1_output: Results written to file(s).
Time = 0.030 seconds
iracwrapdet1_error_handler: Error Handler finished.
iracwrapdet1_exit: Memory Deallocated.
exit code 0

iracwrapdet1   exit_value =   0    execution_time = 0.080s
******************************************************************
Pipeline executing iracwrapdet2
iracwrapdet2 -i cvti2r4.fits -n cdf/pn107.nl -p cal/pmask.fits -d dmask.fits -w wmask.fits -a /sos/sw/S19.2.0/STUDIO/downlink/include 
******************************************************************

Program iracwrapdet2, Version 1.4
Namelist File  = cdf/pn107.nl
FITS Input Image = cvti2r4.fits
Pmask File = cal/pmask.fits
Dmask File = dmask.fits
Wmask File = mask.fits
M-Level       chan1     chan2     chan3     chan4
            55000.0   55000.0   55000.0   55000.0
Tolerance     chan1     chan2     chan3     chan4
             1200.0    1200.0    1200.0    1200.0
Pmask Maximum = 65535
Dmask Maximum = 65535
Ancillary Data-File Path = /sos/sw/S19.2.0/STUDIO/downlink/include
Verbose flag = 0
Super-verbose flag = 0
Debug flag = 0
iracwrapdet2 Status Message      0x0000
Normal exit from Function 0x0000: LOG_WRITER
Processing time: 0.110000 seconds
Current date/time: Sat Jan  9 14:57:22 2016
Program iracwrapdet2, version 1.4, terminated


iracwrapdet2   exit_value =   0    execution_time = 0.160s
******************************************************************
Pipeline executing iracwrapcorr
iracwrapcorr -i cvti2r4.fits -p cal/pmask.fits -d dmask.fits -w wmask.fits -o iracwrapcorr.fits 
******************************************************************
Pipeline Module IRACWRAPCORR Version 1.3
Processing time Sat Jan  9 14:57:22 2016
iracwrapcorr_parse_namelist: Information only: Namelist not specified.
Sat Jan  9 14:57:22 2016
Time = 0.030 seconds
exit code 0

iracwrapcorr   exit_value =   0    execution_time = 0.070s
******************************************************************
Pipeline executing iracnorm
iracnorm -i iracwrapcorr.fits -p cal/pmask.fits -d dmask.fits -o iracnorm.fits 
******************************************************************
Pipeline Module IRACWNORM Version 1.10
Processing time Sat Jan  9 14:57:23 2016

Sat Jan  9 14:57:23 2016
Time = 0.040 seconds
exit code 0

iracnorm   exit_value =   0    execution_time = 0.080s
******************************************************************
Pipeline executing iracebwc
iracebwc -i iracnorm.fits -n cdf/pn107.nl -p cal/pmask.fits -d dmask.fits -o iracebwc.fits 
******************************************************************
Pipeline Module IRACEBWC Version 1.2
Processing time Sat Jan  9 14:57:23 2016

Sat Jan  9 14:57:23 2016
Time = 0.040 seconds
exit code 0

iracebwc   exit_value =   0    execution_time = 0.080s
HDR mode   =  f
AOR Template Time     =  2
DCE Frame Time    =  2.00
EXTRpt     =  233
Frame NOBF =  0
From sub determine_delays:
   aottime = 2
   aordelay = 222.190359962807
   stellarmode = f
   expid=105
imdly = 1.36435998760223
frmdly = 1.36435998760223

Immed  Delay = 1.36435998760223
Frame  Delay = 1.36435998760223

 hdrupd8 vsn 1.6  A70821
 hdrupd8 vsn 1.6  A70821
 hdrupd8 vsn 1.6  A70821
 hdrupd8 vsn 1.6  A70821
 hdrupd8 vsn 1.6  A70821
 hdrupd8 vsn 1.6  A70821
 hdrupd8 vsn 1.6  A70821
******************************************************************
Pipeline executing darksubng
darksubng -i iracebwc.fits -a /sos/sw/S19.2.0/STUDIO/downlink/include -p cal/pmask.fits -d dmask.fits -o labdarksub.fits -cc cal/labdark.fits -v 
******************************************************************
/sos/sw/S19.2.0/STUDIO/downlink/bin/darksubng: namelist not given
/sos/sw/S19.2.0/STUDIO/downlink/bin/darksubng: input uncertainty image not given
/sos/sw/S19.2.0/STUDIO/downlink/bin/darksubng: output uncertainty image not given
/sos/sw/S19.2.0/STUDIO/downlink/bin/darksubng: WARNING no uncertainty calculations will be performed
/sos/sw/S19.2.0/STUDIO/downlink/bin/darksubng: Namelist               = []
/sos/sw/S19.2.0/STUDIO/downlink/bin/darksubng: Input image            = [iracebwc.fits]
/sos/sw/S19.2.0/STUDIO/downlink/bin/darksubng: Input uncertainty      = []
/sos/sw/S19.2.0/STUDIO/downlink/bin/darksubng: Output image           = [!labdarksub.fits]
/sos/sw/S19.2.0/STUDIO/downlink/bin/darksubng: Output uncertainty     = []
/sos/sw/S19.2.0/STUDIO/downlink/bin/darksubng: Dark                   = [cal/labdark.fits]
/sos/sw/S19.2.0/STUDIO/downlink/bin/darksubng: Pmask file             = [cal/pmask.fits]
/sos/sw/S19.2.0/STUDIO/downlink/bin/darksubng: Pmask fatality bitmask = [65536]
/sos/sw/S19.2.0/STUDIO/downlink/bin/darksubng: Dmask file             = [dmask.fits]
/sos/sw/S19.2.0/STUDIO/downlink/bin/darksubng: Dmask fatality bitmask = [65536]
/sos/sw/S19.2.0/STUDIO/downlink/bin/darksubng: Cmask file             = []
/sos/sw/S19.2.0/STUDIO/downlink/bin/darksubng: Cmask fatality bitmask = [65536]
/sos/sw/S19.2.0/STUDIO/downlink/bin/darksubng: Logfile                = []
/sos/sw/S19.2.0/STUDIO/downlink/bin/darksubng: Ancillary Path         = [/sos/sw/S19.2.0/STUDIO/downlink/include]
/sos/sw/S19.2.0/STUDIO/downlink/bin/darksubng: Uncertainty calculations will not be made
/sos/sw/S19.2.0/STUDIO/downlink/bin/darksubng: WARNING cal/labdark.fits has no BUNIT key
/sos/sw/S19.2.0/STUDIO/downlink/bin/darksubng: WARNING assuming cal/labdark.fits is in DN
/sos/sw/S19.2.0/STUDIO/downlink/bin/darksubng: WARNING cal/labdark.fits has no EXPTIME key
/sos/sw/S19.2.0/STUDIO/downlink/bin/darksubng: WARNING cal/labdark.fits has no GAIN keywords
/sos/sw/S19.2.0/STUDIO/downlink/bin/darksubng: compute - performing any unit conversions
/sos/sw/S19.2.0/STUDIO/downlink/bin/darksubng: compute - starting subtraction with masking 
/sos/sw/S19.2.0/STUDIO/downlink/bin/darksubng: Processing successful; Exiting

darksubng   exit_value =   0    execution_time = 0.130s
READ Noise !! =  9.4
******************************************************************
Pipeline executing snestimator
snestimator -i labdarksub.fits -n cdf/pn107.nl -a /sos/sw/S19.2.0/STUDIO/downlink/include -p cal/pmask.fits -d dmask.fits -on sig_snestimator.fits -g 3.71 -r 9.4 
******************************************************************
verbose 0

Program SNESTIMATOR, Version 1.5
Namelist File  = cdf/pn107.nl
Input FITS Image = labdarksub.fits
Noise Image = sig_snestimator.fits
Denominator type = IRAC_MODEL
Edge Pixels Excluded = 0
Gain Channel 1 = 3.710000 Channel 2 = 3.710000 Channel 3 = 3.710000 Channel 4 = 3.710000
Read Noise = 9.400000
Confusion Sigma = 0.000000
Ancillary Data-File Path = /sos/sw/S19.2.0/STUDIO/downlink/include
Verbose flag = 0
Super-verbose flag = 0
Debug flag = 0
snestimator Status Message      0x0000
Normal exit from Function 0x0000: LOG_WRITER
Processing time: 0.100000 seconds
Current date/time: Sat Jan  9 14:57:53 2016
Program SNESTIMATOR, version 1.5, terminated


snestimator   exit_value =   0    execution_time = 0.180s
******************************************************************
Pipeline executing darksubng
darksubng -i iracebwc.fits -iu sig_snestimator.fits -a /sos/sw/S19.2.0/STUDIO/downlink/include -p cal/pmask.fits -d dmask.fits -o labdarksub.fits -ou sig_labdarksub.fits -cc cal/labdark.fits -v 
******************************************************************
/sos/sw/S19.2.0/STUDIO/downlink/bin/darksubng: namelist not given
/sos/sw/S19.2.0/STUDIO/downlink/bin/darksubng: Namelist               = []
/sos/sw/S19.2.0/STUDIO/downlink/bin/darksubng: Input image            = [iracebwc.fits]
/sos/sw/S19.2.0/STUDIO/downlink/bin/darksubng: Input uncertainty      = [sig_snestimator.fits]
/sos/sw/S19.2.0/STUDIO/downlink/bin/darksubng: Output image           = [!labdarksub.fits]
/sos/sw/S19.2.0/STUDIO/downlink/bin/darksubng: Output uncertainty     = [!sig_labdarksub.fits]
/sos/sw/S19.2.0/STUDIO/downlink/bin/darksubng: Dark                   = [cal/labdark.fits]
/sos/sw/S19.2.0/STUDIO/downlink/bin/darksubng: Pmask file             = [cal/pmask.fits]
/sos/sw/S19.2.0/STUDIO/downlink/bin/darksubng: Pmask fatality bitmask = [65536]
/sos/sw/S19.2.0/STUDIO/downlink/bin/darksubng: Dmask file             = [dmask.fits]
/sos/sw/S19.2.0/STUDIO/downlink/bin/darksubng: Dmask fatality bitmask = [65536]
/sos/sw/S19.2.0/STUDIO/downlink/bin/darksubng: Cmask file             = []
/sos/sw/S19.2.0/STUDIO/downlink/bin/darksubng: Cmask fatality bitmask = [65536]
/sos/sw/S19.2.0/STUDIO/downlink/bin/darksubng: Logfile                = []
/sos/sw/S19.2.0/STUDIO/downlink/bin/darksubng: Ancillary Path         = [/sos/sw/S19.2.0/STUDIO/downlink/include]
/sos/sw/S19.2.0/STUDIO/downlink/bin/darksubng: Uncertainty calculations will be made
/sos/sw/S19.2.0/STUDIO/downlink/bin/darksubng: WARNING cal/labdark.fits has no BUNIT key
/sos/sw/S19.2.0/STUDIO/downlink/bin/darksubng: WARNING assuming cal/labdark.fits is in DN
/sos/sw/S19.2.0/STUDIO/downlink/bin/darksubng: WARNING cal/labdark.fits has no EXPTIME key
/sos/sw/S19.2.0/STUDIO/downlink/bin/darksubng: WARNING cal/labdark.fits has no GAIN keywords
/sos/sw/S19.2.0/STUDIO/downlink/bin/darksubng: compute - performing any unit conversions
/sos/sw/S19.2.0/STUDIO/downlink/bin/darksubng: compute - starting subtraction with masking 
/sos/sw/S19.2.0/STUDIO/downlink/bin/darksubng: Processing successful; Exiting

darksubng   exit_value =   0    execution_time = 0.200s
******************************************************************
Pipeline executing fowlinearize
fowlinearize -i1 labdarksub.fits -i3 sig_labdarksub.fits -n cdf/pn107.nl -a /sos/sw/S19.2.0/STUDIO/downlink/include -ip cal/pmask.fits -i2 cal/lincal.fits -id dmask.fits -o1 fowlinearize.fits -o2 sig_fowlinearize.fits -c 10 
******************************************************************

Program FOWLINEARIZE, Version 4.9
Namelist File  = cdf/pn107.nl
Input File 1 = labdarksub.fits
Input File 2 = cal/lincal.fits
Input File 3 = sig_labdarksub.fits
Model_Flag(1=quad. 2=cubic) = 1
Clock_Readout(10=sub-array, 200=full-array) = 10.000000
Input PMask Image = cal/pmask.fits
Unusable PMask Bits = 16384
Input DMask Image = dmask.fits
Unusable DMask Bits = 8192
Not-linearized DMask Bit = 4096
Not-linearized DMask Bit due to lincal-model saturation = 8192
Output File 1 = fowlinearize.fits
Output File 2 = sig_fowlinearize.fits
Ancillary Data-File Path = /sos/sw/S19.2.0/STUDIO/downlink/include
Verbose flag = 0
Super-verbose flag = 0
Debug flag = 0
Performed linearity correction.
Program fowlinearize: Status Message: 0x0000
Normal exit from Function 0x0000: LOG_WRITER
Processing time: 0.290000 seconds
Current date/time: Sat Jan  9 14:57:54 2016
Program FOWLINEARIZE, version 4.9, terminated.

fowlinearize   exit_value =   0    execution_time = 0.410s
Read Noise =  9.4
 hdrupd8 vsn 1.6  A70821
******************************************************************
Pipeline executing bgmodel
bgmodel -i fowlinearize.fits -n cdf/pn107.nl -h 
******************************************************************

Online Namelist file descriptor associated
Online namelist buffer loaded: length = 7422
bgmodel_log_writer: Printing Log output to stdout
bgmodel  Version 1.0
Namelist File  = cdf/pn107.nl
Input Image = fowlinearize.fits
Ephemeris = /scr3/S19.2.0/cdf/spice/sirtf.bsp
LeapSec Kernel = /scr3/S19.2.0/cdf/spice/leapseconds.ker
SPK Kernel = /scr3/S19.2.0/cdf/spice/de.bsp

bgmodel  Status Message      0x0000: No error.
Time = 0.070 seconds

Background exits with status = 0


bgmodel   exit_value =   0    execution_time = 0.120s
******************************************************************
Pipeline executing hdrupd8
hdrupd8 fowlinearize.fits -a addkeys.dat 
******************************************************************
 hdrupd8 vsn 1.6  A70821

hdrupd8   exit_value =   0    execution_time = 0.410s
SkyDk Med DN      = 16.56367 
Exposure time     = 1.92
SkyDk Med DN rate = 8.62691145833333
Flux Conv         = 0.1447 
SkyDk Med Flux    = 1.24831408802083
Image File = fowlinearize.fits 

 hdrupd8 vsn 1.6  A70821
 hdrupd8 vsn 1.6  A70821
 hdrupd8 vsn 1.6  A70821
 hdrupd8 vsn 1.6  A70821
 hdrupd8 vsn 1.6  A70821
******************************************************************
Pipeline executing darksubng
darksubng -i fowlinearize.fits -iu sig_fowlinearize.fits -a /sos/sw/S19.2.0/STUDIO/downlink/include -p cal/pmask.fits -d dmask.fits -o skydarksub.fits -ou sig_skydarksub.fits -cc cal/skydark.fits -v -c cal/skydark_cmask.fits 
******************************************************************
/sos/sw/S19.2.0/STUDIO/downlink/bin/darksubng: namelist not given
/sos/sw/S19.2.0/STUDIO/downlink/bin/darksubng: Namelist               = []
/sos/sw/S19.2.0/STUDIO/downlink/bin/darksubng: Input image            = [fowlinearize.fits]
/sos/sw/S19.2.0/STUDIO/downlink/bin/darksubng: Input uncertainty      = [sig_fowlinearize.fits]
/sos/sw/S19.2.0/STUDIO/downlink/bin/darksubng: Output image           = [!skydarksub.fits]
/sos/sw/S19.2.0/STUDIO/downlink/bin/darksubng: Output uncertainty     = [!sig_skydarksub.fits]
/sos/sw/S19.2.0/STUDIO/downlink/bin/darksubng: Dark                   = [cal/skydark.fits]
/sos/sw/S19.2.0/STUDIO/downlink/bin/darksubng: Pmask file             = [cal/pmask.fits]
/sos/sw/S19.2.0/STUDIO/downlink/bin/darksubng: Pmask fatality bitmask = [65536]
/sos/sw/S19.2.0/STUDIO/downlink/bin/darksubng: Dmask file             = [dmask.fits]
/sos/sw/S19.2.0/STUDIO/downlink/bin/darksubng: Dmask fatality bitmask = [65536]
/sos/sw/S19.2.0/STUDIO/downlink/bin/darksubng: Cmask file             = [cal/skydark_cmask.fits]
/sos/sw/S19.2.0/STUDIO/downlink/bin/darksubng: Cmask fatality bitmask = [65536]
/sos/sw/S19.2.0/STUDIO/downlink/bin/darksubng: Logfile                = []
/sos/sw/S19.2.0/STUDIO/downlink/bin/darksubng: Ancillary Path         = [/sos/sw/S19.2.0/STUDIO/downlink/include]
/sos/sw/S19.2.0/STUDIO/downlink/bin/darksubng: Uncertainty calculations will be made
/sos/sw/S19.2.0/STUDIO/downlink/bin/darksubng: compute - performing any unit conversions
/sos/sw/S19.2.0/STUDIO/downlink/bin/darksubng: compute - starting subtraction with masking 
/sos/sw/S19.2.0/STUDIO/downlink/bin/darksubng: Processing successful; Exiting

darksubng   exit_value =   0    execution_time = 0.220s
******************************************************************
Pipeline executing darkdrift
darkdrift -i skydarksub.fits -iu sig_skydarksub.fits -n cdf/pn107.nl -a /sos/sw/S19.2.0/STUDIO/downlink/include -o1 darkdrift.fits -o2 darkdriftcorr.fits -o3 darkdrift.tbl -ou sig_darkdrift.fits 
******************************************************************
Program darkdrift, Version 4.1
Namelist File  = cdf/pn107.nl
Input Image = skydarksub.fits
Input Uncertainty Image = sig_skydarksub.fits
Output Image 1 (corrected image) = darkdrift.fits
Output Image 2 (corrections) = darkdriftcorr.fits
Output Image 3 (uncertainties) = sig_darkdrift.fits
Output File 3 = darkdrift.tbl
Central fraction for trimmed average  = 0.900000
Central fraction for trimmed std. dev. = 0.900000
Time_Input = 0.250000
Time_Before = 0.000000
Time_After = 1.000000
Temp_Input = 270.000000
Temp_Before = 280.000000
Temp_After = 260.000000
Calculation Type = 1
Input-Image Transpose Flag = 1
Multiplicative-Correction Flag (Additive if zero) = 0
Readout Channel to exclude (none if zero) = 0
Data-Plane Flag = 1
Ancillary Data-File Path = /sos/sw/S19.2.0/STUDIO/downlink/include
Verbose flag = 0
Super-verbose flag = 0
Debug flag = 0
Dark-current offsets estimated from input image.

Detailed darkdrift calculational results:
...for data plane = 1
Darkdrift correction for readout-channel 1 = -0.444133
Darkdrift correction for readout-channel 2 = 0.092822
Darkdrift correction for readout-channel 3 = 0.041089
Darkdrift correction for readout-channel 4 = 0.310221
Darkdrift uncertainty for readout-channel 1 = 0.337389
Darkdrift uncertainty for readout-channel 2 = 0.301607
Darkdrift uncertainty for readout-channel 3 = 0.301874
Darkdrift uncertainty for readout-channel 4 = 0.339190
Trimmed average of values in readout-channel 1 = 6.743693
Trimmed average of values in readout-channel 2 = 7.280648
Trimmed average of values in readout-channel 3 = 7.228915
Trimmed average of values in readout-channel 4 = 7.498047
Darkdrift background term = 7.187826
...for data plane = 2
Darkdrift correction for readout-channel 1 = 0.472666
Darkdrift correction for readout-channel 2 = -0.695396
Darkdrift correction for readout-channel 3 = -0.030005
Darkdrift correction for readout-channel 4 = 0.252735
Darkdrift uncertainty for readout-channel 1 = 0.303766
Darkdrift uncertainty for readout-channel 2 = 0.305474
Darkdrift uncertainty for readout-channel 3 = 0.303143
Darkdrift uncertainty for readout-channel 4 = 0.303234
Trimmed average of values in readout-channel 1 = 5.308016
Trimmed average of values in readout-channel 2 = 4.139955
Trimmed average of values in readout-channel 3 = 4.805346
Trimmed average of values in readout-channel 4 = 5.088085
Darkdrift background term = 4.835351
...for data plane = 3
Darkdrift correction for readout-channel 1 = 0.295977
Darkdrift correction for readout-channel 2 = -0.342534
Darkdrift correction for readout-channel 3 = -0.283265
Darkdrift correction for readout-channel 4 = 0.329822
Darkdrift uncertainty for readout-channel 1 = 0.303105
Darkdrift uncertainty for readout-channel 2 = 0.303531
Darkdrift uncertainty for readout-channel 3 = 0.303052
Darkdrift uncertainty for readout-channel 4 = 0.302718
Trimmed average of values in readout-channel 1 = 5.150188
Trimmed average of values in readout-channel 2 = 4.511677
Trimmed average of values in readout-channel 3 = 4.570946
Trimmed average of values in readout-channel 4 = 5.184032
Darkdrift background term = 4.854211
...for data plane = 4
Darkdrift correction for readout-channel 1 = -0.436303
Darkdrift correction for readout-channel 2 = -0.112955
Darkdrift correction for readout-channel 3 = 0.257162
Darkdrift correction for readout-channel 4 = 0.292096
Darkdrift uncertainty for readout-channel 1 = 0.303234
Darkdrift uncertainty for readout-channel 2 = 0.303532
Darkdrift uncertainty for readout-channel 3 = 0.303138
Darkdrift uncertainty for readout-channel 4 = 0.302977
Trimmed average of values in readout-channel 1 = 4.508886
Trimmed average of values in readout-channel 2 = 4.832234
Trimmed average of values in readout-channel 3 = 5.202351
Trimmed average of values in readout-channel 4 = 5.237285
Darkdrift background term = 4.945189
...for data plane = 5
Darkdrift correction for readout-channel 1 = -0.250647
Darkdrift correction for readout-channel 2 = -0.255541
Darkdrift correction for readout-channel 3 = 0.202438
Darkdrift correction for readout-channel 4 = 0.303751
Darkdrift uncertainty for readout-channel 1 = 0.303490
Darkdrift uncertainty for readout-channel 2 = 0.304908
Darkdrift uncertainty for readout-channel 3 = 0.302984
Darkdrift uncertainty for readout-channel 4 = 0.303002
Trimmed average of values in readout-channel 1 = 5.156021
Trimmed average of values in readout-channel 2 = 5.151128
Trimmed average of values in readout-channel 3 = 5.609106
Trimmed average of values in readout-channel 4 = 5.710419
Darkdrift background term = 5.406669
...for data plane = 6
Darkdrift correction for readout-channel 1 = 0.217950
Darkdrift correction for readout-channel 2 = 0.095910
Darkdrift correction for readout-channel 3 = -0.372930
Darkdrift correction for readout-channel 4 = 0.059070
Darkdrift uncertainty for readout-channel 1 = 0.302971
Darkdrift uncertainty for readout-channel 2 = 0.302978
Darkdrift uncertainty for readout-channel 3 = 0.302735
Darkdrift uncertainty for readout-channel 4 = 0.302970
Trimmed average of values in readout-channel 1 = 5.726501
Trimmed average of values in readout-channel 2 = 5.604461
Trimmed average of values in readout-channel 3 = 5.135622
Trimmed average of values in readout-channel 4 = 5.567622
Darkdrift background term = 5.508551
...for data plane = 7
Darkdrift correction for readout-channel 1 = -0.095618
Darkdrift correction for readout-channel 2 = -0.048925
Darkdrift correction for readout-channel 3 = 0.132916
Darkdrift correction for readout-channel 4 = 0.011627
Darkdrift uncertainty for readout-channel 1 = 0.302960
Darkdrift uncertainty for readout-channel 2 = 0.303801
Darkdrift uncertainty for readout-channel 3 = 0.303301
Darkdrift uncertainty for readout-channel 4 = 0.304493
Trimmed average of values in readout-channel 1 = 5.764302
Trimmed average of values in readout-channel 2 = 5.810996
Trimmed average of values in readout-channel 3 = 5.992836
Trimmed average of values in readout-channel 4 = 5.871548
Darkdrift background term = 5.859921
...for data plane = 8
Darkdrift correction for readout-channel 1 = 0.176231
Darkdrift correction for readout-channel 2 = -0.215375
Darkdrift correction for readout-channel 3 = -0.182079
Darkdrift correction for readout-channel 4 = 0.221224
Darkdrift uncertainty for readout-channel 1 = 0.228650
Darkdrift uncertainty for readout-channel 2 = 0.302974
Darkdrift uncertainty for readout-channel 3 = 0.303050
Darkdrift uncertainty for readout-channel 4 = 0.302971
Trimmed average of values in readout-channel 1 = 6.058972
Trimmed average of values in readout-channel 2 = 5.667367
Trimmed average of values in readout-channel 3 = 5.700663
Trimmed average of values in readout-channel 4 = 6.103965
Darkdrift background term = 5.882742
...for data plane = 9
Darkdrift correction for readout-channel 1 = -0.145395
Darkdrift correction for readout-channel 2 = 0.134808
Darkdrift correction for readout-channel 3 = 0.040811
Darkdrift correction for readout-channel 4 = -0.030225
Darkdrift uncertainty for readout-channel 1 = 0.304404
Darkdrift uncertainty for readout-channel 2 = 0.305719
Darkdrift uncertainty for readout-channel 3 = 0.303697
Darkdrift uncertainty for readout-channel 4 = 0.303379
Trimmed average of values in readout-channel 1 = 5.649267
Trimmed average of values in readout-channel 2 = 5.929470
Trimmed average of values in readout-channel 3 = 5.835474
Trimmed average of values in readout-channel 4 = 5.764438
Darkdrift background term = 5.794662
...for data plane = 10
Darkdrift correction for readout-channel 1 = -0.239205
Darkdrift correction for readout-channel 2 = 0.084572
Darkdrift correction for readout-channel 3 = -0.099853
Darkdrift correction for readout-channel 4 = 0.254485
Darkdrift uncertainty for readout-channel 1 = 0.302969
Darkdrift uncertainty for readout-channel 2 = 0.302966
Darkdrift uncertainty for readout-channel 3 = 0.302947
Darkdrift uncertainty for readout-channel 4 = 0.303384
Trimmed average of values in readout-channel 1 = 5.699557
Trimmed average of values in readout-channel 2 = 6.023334
Trimmed average of values in readout-channel 3 = 5.838909
Trimmed average of values in readout-channel 4 = 6.193247
Darkdrift background term = 5.938762
...for data plane = 11
Darkdrift correction for readout-channel 1 = -0.278822
Darkdrift correction for readout-channel 2 = -0.008465
Darkdrift correction for readout-channel 3 = -0.105522
Darkdrift correction for readout-channel 4 = 0.392810
Darkdrift uncertainty for readout-channel 1 = 0.303226
Darkdrift uncertainty for readout-channel 2 = 0.303239
Darkdrift uncertainty for readout-channel 3 = 0.303214
Darkdrift uncertainty for readout-channel 4 = 0.302797
Trimmed average of values in readout-channel 1 = 5.473388
Trimmed average of values in readout-channel 2 = 5.743745
Trimmed average of values in readout-channel 3 = 5.646688
Trimmed average of values in readout-channel 4 = 6.145020
Darkdrift background term = 5.752210
...for data plane = 12
Darkdrift correction for readout-channel 1 = 0.237642
Darkdrift correction for readout-channel 2 = 0.017496
Darkdrift correction for readout-channel 3 = -0.253268
Darkdrift correction for readout-channel 4 = -0.001870
Darkdrift uncertainty for readout-channel 1 = 0.303610
Darkdrift uncertainty for readout-channel 2 = 0.302693
Darkdrift uncertainty for readout-channel 3 = 0.303135
Darkdrift uncertainty for readout-channel 4 = 0.302967
Trimmed average of values in readout-channel 1 = 5.825114
Trimmed average of values in readout-channel 2 = 5.604967
Trimmed average of values in readout-channel 3 = 5.334203
Trimmed average of values in readout-channel 4 = 5.585602
Darkdrift background term = 5.587471
...for data plane = 13
Darkdrift correction for readout-channel 1 = -0.422856
Darkdrift correction for readout-channel 2 = -0.060464
Darkdrift correction for readout-channel 3 = 0.033652
Darkdrift correction for readout-channel 4 = 0.449667
Darkdrift uncertainty for readout-channel 1 = 0.302979
Darkdrift uncertainty for readout-channel 2 = 0.302414
Darkdrift uncertainty for readout-channel 3 = 0.303127
Darkdrift uncertainty for readout-channel 4 = 0.303133
Trimmed average of values in readout-channel 1 = 5.096736
Trimmed average of values in readout-channel 2 = 5.459128
Trimmed average of values in readout-channel 3 = 5.553244
Trimmed average of values in readout-channel 4 = 5.969259
Darkdrift background term = 5.519592
...for data plane = 14
Darkdrift correction for readout-channel 1 = 0.018435
Darkdrift correction for readout-channel 2 = -0.295117
Darkdrift correction for readout-channel 3 = -0.036239
Darkdrift correction for readout-channel 4 = 0.312920
Darkdrift uncertainty for readout-channel 1 = 0.303491
Darkdrift uncertainty for readout-channel 2 = 0.302979
Darkdrift uncertainty for readout-channel 3 = 0.303122
Darkdrift uncertainty for readout-channel 4 = 0.302648
Trimmed average of values in readout-channel 1 = 5.587928
Trimmed average of values in readout-channel 2 = 5.274376
Trimmed average of values in readout-channel 3 = 5.533254
Trimmed average of values in readout-channel 4 = 5.882413
Darkdrift background term = 5.569493
...for data plane = 15
Darkdrift correction for readout-channel 1 = 0.202373
Darkdrift correction for readout-channel 2 = -0.004341
Darkdrift correction for readout-channel 3 = -0.013493
Darkdrift correction for readout-channel 4 = -0.184540
Darkdrift uncertainty for readout-channel 1 = 0.303002
Darkdrift uncertainty for readout-channel 2 = 0.302706
Darkdrift uncertainty for readout-channel 3 = 0.378389
Darkdrift uncertainty for readout-channel 4 = 0.302955
Trimmed average of values in readout-channel 1 = 5.773544
Trimmed average of values in readout-channel 2 = 5.566830
Trimmed average of values in readout-channel 3 = 5.557677
Trimmed average of values in readout-channel 4 = 5.386630
Darkdrift background term = 5.571170
...for data plane = 16
Darkdrift correction for readout-channel 1 = 0.302661
Darkdrift correction for readout-channel 2 = -0.669373
Darkdrift correction for readout-channel 3 = -0.028896
Darkdrift correction for readout-channel 4 = 0.395608
Darkdrift uncertainty for readout-channel 1 = 0.303108
Darkdrift uncertainty for readout-channel 2 = 0.228745
Darkdrift uncertainty for readout-channel 3 = 0.303215
Darkdrift uncertainty for readout-channel 4 = 0.303308
Trimmed average of values in readout-channel 1 = 5.891243
Trimmed average of values in readout-channel 2 = 4.919209
Trimmed average of values in readout-channel 3 = 5.559686
Trimmed average of values in readout-channel 4 = 5.984190
Darkdrift background term = 5.588582
...for data plane = 17
Darkdrift correction for readout-channel 1 = 0.213293
Darkdrift correction for readout-channel 2 = -0.718564
Darkdrift correction for readout-channel 3 = 0.283100
Darkdrift correction for readout-channel 4 = 0.222171
Darkdrift uncertainty for readout-channel 1 = 0.304125
Darkdrift uncertainty for readout-channel 2 = 0.302988
Darkdrift uncertainty for readout-channel 3 = 0.303209
Darkdrift uncertainty for readout-channel 4 = 0.302860
Trimmed average of values in readout-channel 1 = 6.045805
Trimmed average of values in readout-channel 2 = 5.113948
Trimmed average of values in readout-channel 3 = 6.115612
Trimmed average of values in readout-channel 4 = 6.054683
Darkdrift background term = 5.832512
...for data plane = 18
Darkdrift correction for readout-channel 1 = -0.085258
Darkdrift correction for readout-channel 2 = -0.019449
Darkdrift correction for readout-channel 3 = 0.116896
Darkdrift correction for readout-channel 4 = -0.012188
Darkdrift uncertainty for readout-channel 1 = 0.301759
Darkdrift uncertainty for readout-channel 2 = 0.303518
Darkdrift uncertainty for readout-channel 3 = 0.303041
Darkdrift uncertainty for readout-channel 4 = 0.303309
Trimmed average of values in readout-channel 1 = 5.735325
Trimmed average of values in readout-channel 2 = 5.801134
Trimmed average of values in readout-channel 3 = 5.937479
Trimmed average of values in readout-channel 4 = 5.808395
Darkdrift background term = 5.820583
...for data plane = 19
Darkdrift correction for readout-channel 1 = 0.206394
Darkdrift correction for readout-channel 2 = -0.008580
Darkdrift correction for readout-channel 3 = 0.140555
Darkdrift correction for readout-channel 4 = -0.338368
Darkdrift uncertainty for readout-channel 1 = 0.303339
Darkdrift uncertainty for readout-channel 2 = 0.302971
Darkdrift uncertainty for readout-channel 3 = 0.302823
Darkdrift uncertainty for readout-channel 4 = 0.302966
Trimmed average of values in readout-channel 1 = 5.884751
Trimmed average of values in readout-channel 2 = 5.669777
Trimmed average of values in readout-channel 3 = 5.818912
Trimmed average of values in readout-channel 4 = 5.339989
Darkdrift background term = 5.678357
...for data plane = 20
Darkdrift correction for readout-channel 1 = -0.079538
Darkdrift correction for readout-channel 2 = 0.133883
Darkdrift correction for readout-channel 3 = -0.119475
Darkdrift correction for readout-channel 4 = 0.065130
Darkdrift uncertainty for readout-channel 1 = 0.230740
Darkdrift uncertainty for readout-channel 2 = 0.303537
Darkdrift uncertainty for readout-channel 3 = 0.303688
Darkdrift uncertainty for readout-channel 4 = 0.303886
Trimmed average of values in readout-channel 1 = 5.986011
Trimmed average of values in readout-channel 2 = 6.199432
Trimmed average of values in readout-channel 3 = 5.946075
Trimmed average of values in readout-channel 4 = 6.130679
Darkdrift background term = 6.065549
...for data plane = 21
Darkdrift correction for readout-channel 1 = -0.013321
Darkdrift correction for readout-channel 2 = -0.278341
Darkdrift correction for readout-channel 3 = 0.205822
Darkdrift correction for readout-channel 4 = 0.085840
Darkdrift uncertainty for readout-channel 1 = 0.304012
Darkdrift uncertainty for readout-channel 2 = 0.304070
Darkdrift uncertainty for readout-channel 3 = 0.303221
Darkdrift uncertainty for readout-channel 4 = 0.302799
Trimmed average of values in readout-channel 1 = 5.885918
Trimmed average of values in readout-channel 2 = 5.620898
Trimmed average of values in readout-channel 3 = 6.105061
Trimmed average of values in readout-channel 4 = 5.985079
Darkdrift background term = 5.899239
...for data plane = 22
Darkdrift correction for readout-channel 1 = 0.056443
Darkdrift correction for readout-channel 2 = -0.184371
Darkdrift correction for readout-channel 3 = 0.068627
Darkdrift correction for readout-channel 4 = 0.059301
Darkdrift uncertainty for readout-channel 1 = 0.302978
Darkdrift uncertainty for readout-channel 2 = 0.376778
Darkdrift uncertainty for readout-channel 3 = 0.376992
Darkdrift uncertainty for readout-channel 4 = 0.303046
Trimmed average of values in readout-channel 1 = 5.851263
Trimmed average of values in readout-channel 2 = 5.610448
Trimmed average of values in readout-channel 3 = 5.863447
Trimmed average of values in readout-channel 4 = 5.854120
Darkdrift background term = 5.794820
...for data plane = 23
Darkdrift correction for readout-channel 1 = 0.327456
Darkdrift correction for readout-channel 2 = -0.149183
Darkdrift correction for readout-channel 3 = -0.374646
Darkdrift correction for readout-channel 4 = 0.196372
Darkdrift uncertainty for readout-channel 1 = 0.229153
Darkdrift uncertainty for readout-channel 2 = 0.301875
Darkdrift uncertainty for readout-channel 3 = 0.302968
Darkdrift uncertainty for readout-channel 4 = 0.303395
Trimmed average of values in readout-channel 1 = 6.453990
Trimmed average of values in readout-channel 2 = 5.977351
Trimmed average of values in readout-channel 3 = 5.751888
Trimmed average of values in readout-channel 4 = 6.322905
Darkdrift background term = 6.126533
...for data plane = 24
Darkdrift correction for readout-channel 1 = 0.173002
Darkdrift correction for readout-channel 2 = 0.094348
Darkdrift correction for readout-channel 3 = -0.131017
Darkdrift correction for readout-channel 4 = -0.136333
Darkdrift uncertainty for readout-channel 1 = 0.303245
Darkdrift uncertainty for readout-channel 2 = 0.303792
Darkdrift uncertainty for readout-channel 3 = 0.302971
Darkdrift uncertainty for readout-channel 4 = 0.302703
Trimmed average of values in readout-channel 1 = 5.917589
Trimmed average of values in readout-channel 2 = 5.838935
Trimmed average of values in readout-channel 3 = 5.613570
Trimmed average of values in readout-channel 4 = 5.608254
Darkdrift background term = 5.744587
...for data plane = 25
Darkdrift correction for readout-channel 1 = 0.057196
Darkdrift correction for readout-channel 2 = -0.109356
Darkdrift correction for readout-channel 3 = 0.111574
Darkdrift correction for readout-channel 4 = -0.059414
Darkdrift uncertainty for readout-channel 1 = 0.303709
Darkdrift uncertainty for readout-channel 2 = 0.303253
Darkdrift uncertainty for readout-channel 3 = 0.302992
Darkdrift uncertainty for readout-channel 4 = 0.303156
Trimmed average of values in readout-channel 1 = 5.974750
Trimmed average of values in readout-channel 2 = 5.808198
Trimmed average of values in readout-channel 3 = 6.029128
Trimmed average of values in readout-channel 4 = 5.858140
Darkdrift background term = 5.917554
...for data plane = 26
Darkdrift correction for readout-channel 1 = -0.240476
Darkdrift correction for readout-channel 2 = 0.133372
Darkdrift correction for readout-channel 3 = -0.065734
Darkdrift correction for readout-channel 4 = 0.172838
Darkdrift uncertainty for readout-channel 1 = 0.303880
Darkdrift uncertainty for readout-channel 2 = 0.302133
Darkdrift uncertainty for readout-channel 3 = 0.303789
Darkdrift uncertainty for readout-channel 4 = 0.303382
Trimmed average of values in readout-channel 1 = 5.552510
Trimmed average of values in readout-channel 2 = 5.926357
Trimmed average of values in readout-channel 3 = 5.727251
Trimmed average of values in readout-channel 4 = 5.965824
Darkdrift background term = 5.792985
...for data plane = 27
Darkdrift correction for readout-channel 1 = 0.062924
Darkdrift correction for readout-channel 2 = -0.410156
Darkdrift correction for readout-channel 3 = 0.361606
Darkdrift correction for readout-channel 4 = -0.014374
Darkdrift uncertainty for readout-channel 1 = 0.303220
Darkdrift uncertainty for readout-channel 2 = 0.302966
Darkdrift uncertainty for readout-channel 3 = 0.302825
Darkdrift uncertainty for readout-channel 4 = 0.229502
Trimmed average of values in readout-channel 1 = 5.442106
Trimmed average of values in readout-channel 2 = 4.969025
Trimmed average of values in readout-channel 3 = 5.740787
Trimmed average of values in readout-channel 4 = 5.364808
Darkdrift background term = 5.379182
...for data plane = 28
Darkdrift correction for readout-channel 1 = -0.081277
Darkdrift correction for readout-channel 2 = 0.067633
Darkdrift correction for readout-channel 3 = -0.081785
Darkdrift correction for readout-channel 4 = 0.095430
Darkdrift uncertainty for readout-channel 1 = 0.303095
Darkdrift uncertainty for readout-channel 2 = 0.303805
Darkdrift uncertainty for readout-channel 3 = 0.303027
Darkdrift uncertainty for readout-channel 4 = 0.302822
Trimmed average of values in readout-channel 1 = 5.694453
Trimmed average of values in readout-channel 2 = 5.843363
Trimmed average of values in readout-channel 3 = 5.693945
Trimmed average of values in readout-channel 4 = 5.871160
Darkdrift background term = 5.775730
...for data plane = 29
Darkdrift correction for readout-channel 1 = -0.210569
Darkdrift correction for readout-channel 2 = -0.561663
Darkdrift correction for readout-channel 3 = 0.171974
Darkdrift correction for readout-channel 4 = 0.600258
Darkdrift uncertainty for readout-channel 1 = 0.303497
Darkdrift uncertainty for readout-channel 2 = 0.303239
Darkdrift uncertainty for readout-channel 3 = 0.303064
Darkdrift uncertainty for readout-channel 4 = 0.302973
Trimmed average of values in readout-channel 1 = 5.420563
Trimmed average of values in readout-channel 2 = 5.069470
Trimmed average of values in readout-channel 3 = 5.803107
Trimmed average of values in readout-channel 4 = 6.231391
Darkdrift background term = 5.631133
...for data plane = 30
Darkdrift correction for readout-channel 1 = 0.281716
Darkdrift correction for readout-channel 2 = -0.402832
Darkdrift correction for readout-channel 3 = 0.144612
Darkdrift correction for readout-channel 4 = -0.023496
Darkdrift uncertainty for readout-channel 1 = 0.302971
Darkdrift uncertainty for readout-channel 2 = 0.302420
Darkdrift uncertainty for readout-channel 3 = 0.302985
Darkdrift uncertainty for readout-channel 4 = 0.377465
Trimmed average of values in readout-channel 1 = 5.878270
Trimmed average of values in readout-channel 2 = 5.193722
Trimmed average of values in readout-channel 3 = 5.741166
Trimmed average of values in readout-channel 4 = 5.573057
Darkdrift background term = 5.596554
...for data plane = 31
Darkdrift correction for readout-channel 1 = -0.039238
Darkdrift correction for readout-channel 2 = -0.409015
Darkdrift correction for readout-channel 3 = -0.198601
Darkdrift correction for readout-channel 4 = 0.646854
Darkdrift uncertainty for readout-channel 1 = 0.302967
Darkdrift uncertainty for readout-channel 2 = 0.301598
Darkdrift uncertainty for readout-channel 3 = 0.303537
Darkdrift uncertainty for readout-channel 4 = 0.303388
Trimmed average of values in readout-channel 1 = 5.350263
Trimmed average of values in readout-channel 2 = 4.980486
Trimmed average of values in readout-channel 3 = 5.190900
Trimmed average of values in readout-channel 4 = 6.036355
Darkdrift background term = 5.389501
...for data plane = 32
Darkdrift correction for readout-channel 1 = -0.109615
Darkdrift correction for readout-channel 2 = -0.289282
Darkdrift correction for readout-channel 3 = 0.553065
Darkdrift correction for readout-channel 4 = -0.154168
Darkdrift uncertainty for readout-channel 1 = 0.302974
Darkdrift uncertainty for readout-channel 2 = 0.302678
Darkdrift uncertainty for readout-channel 3 = 0.303369
Darkdrift uncertainty for readout-channel 4 = 0.302987
Trimmed average of values in readout-channel 1 = 5.593676
Trimmed average of values in readout-channel 2 = 5.414008
Trimmed average of values in readout-channel 3 = 6.256355
Trimmed average of values in readout-channel 4 = 5.549122
Darkdrift background term = 5.703290
...for data plane = 33
Darkdrift correction for readout-channel 1 = 0.354420
Darkdrift correction for readout-channel 2 = -0.422227
Darkdrift correction for readout-channel 3 = -0.145299
Darkdrift correction for readout-channel 4 = 0.213105
Darkdrift uncertainty for readout-channel 1 = 0.303477
Darkdrift uncertainty for readout-channel 2 = 0.305169
Darkdrift uncertainty for readout-channel 3 = 0.302962
Darkdrift uncertainty for readout-channel 4 = 0.303299
Trimmed average of values in readout-channel 1 = 6.280700
Trimmed average of values in readout-channel 2 = 5.504053
Trimmed average of values in readout-channel 3 = 5.780981
Trimmed average of values in readout-channel 4 = 6.139385
Darkdrift background term = 5.926280
...for data plane = 34
Darkdrift correction for readout-channel 1 = -0.002258
Darkdrift correction for readout-channel 2 = -0.253002
Darkdrift correction for readout-channel 3 = -0.074239
Darkdrift correction for readout-channel 4 = 0.329499
Darkdrift uncertainty for readout-channel 1 = 0.300886
Darkdrift uncertainty for readout-channel 2 = 0.304625
Darkdrift uncertainty for readout-channel 3 = 0.303546
Darkdrift uncertainty for readout-channel 4 = 0.302968
Trimmed average of values in readout-channel 1 = 5.908659
Trimmed average of values in readout-channel 2 = 5.657915
Trimmed average of values in readout-channel 3 = 5.836678
Trimmed average of values in readout-channel 4 = 6.240416
Darkdrift background term = 5.910917
...for data plane = 35
Darkdrift correction for readout-channel 1 = 0.262629
Darkdrift correction for readout-channel 2 = -0.227304
Darkdrift correction for readout-channel 3 = -0.137812
Darkdrift correction for readout-channel 4 = 0.102487
Darkdrift uncertainty for readout-channel 1 = 0.303374
Darkdrift uncertainty for readout-channel 2 = 0.303544
Darkdrift uncertainty for readout-channel 3 = 0.303053
Darkdrift uncertainty for readout-channel 4 = 0.303308
Trimmed average of values in readout-channel 1 = 6.364575
Trimmed average of values in readout-channel 2 = 5.874642
Trimmed average of values in readout-channel 3 = 5.964134
Trimmed average of values in readout-channel 4 = 6.204433
Darkdrift background term = 6.101946
...for data plane = 36
Darkdrift correction for readout-channel 1 = 0.012499
Darkdrift correction for readout-channel 2 = -0.089648
Darkdrift correction for readout-channel 3 = -0.178862
Darkdrift correction for readout-channel 4 = 0.256010
Darkdrift uncertainty for readout-channel 1 = 0.302992
Darkdrift uncertainty for readout-channel 2 = 0.302425
Darkdrift uncertainty for readout-channel 3 = 0.302976
Darkdrift uncertainty for readout-channel 4 = 0.303039
Trimmed average of values in readout-channel 1 = 5.900792
Trimmed average of values in readout-channel 2 = 5.798644
Trimmed average of values in readout-channel 3 = 5.709431
Trimmed average of values in readout-channel 4 = 6.144303
Darkdrift background term = 5.888292
...for data plane = 37
Darkdrift correction for readout-channel 1 = -0.101868
Darkdrift correction for readout-channel 2 = -0.134751
Darkdrift correction for readout-channel 3 = -0.043329
Darkdrift correction for readout-channel 4 = 0.279949
Darkdrift uncertainty for readout-channel 1 = 0.303125
Darkdrift uncertainty for readout-channel 2 = 0.303799
Darkdrift uncertainty for readout-channel 3 = 0.302971
Darkdrift uncertainty for readout-channel 4 = 0.302971
Trimmed average of values in readout-channel 1 = 5.799940
Trimmed average of values in readout-channel 2 = 5.767057
Trimmed average of values in readout-channel 3 = 5.858479
Trimmed average of values in readout-channel 4 = 6.181757
Darkdrift background term = 5.901808
...for data plane = 38
Darkdrift correction for readout-channel 1 = 0.039969
Darkdrift correction for readout-channel 2 = -0.425909
Darkdrift correction for readout-channel 3 = -0.065849
Darkdrift correction for readout-channel 4 = 0.451789
Darkdrift uncertainty for readout-channel 1 = 0.303498
Darkdrift uncertainty for readout-channel 2 = 0.303247
Darkdrift uncertainty for readout-channel 3 = 0.302914
Darkdrift uncertainty for readout-channel 4 = 0.303134
Trimmed average of values in readout-channel 1 = 5.906915
Trimmed average of values in readout-channel 2 = 5.441037
Trimmed average of values in readout-channel 3 = 5.801098
Trimmed average of values in readout-channel 4 = 6.318735
Darkdrift background term = 5.866946
...for data plane = 39
Darkdrift correction for readout-channel 1 = 0.576707
Darkdrift correction for readout-channel 2 = 0.022119
Darkdrift correction for readout-channel 3 = -0.586520
Darkdrift correction for readout-channel 4 = -0.012306
Darkdrift uncertainty for readout-channel 1 = 0.378590
Darkdrift uncertainty for readout-channel 2 = 0.304091
Darkdrift uncertainty for readout-channel 3 = 0.303377
Darkdrift uncertainty for readout-channel 4 = 0.303535
Trimmed average of values in readout-channel 1 = 6.203103
Trimmed average of values in readout-channel 2 = 5.648515
Trimmed average of values in readout-channel 3 = 5.039877
Trimmed average of values in readout-channel 4 = 5.614090
Darkdrift background term = 5.626396
...for data plane = 40
Darkdrift correction for readout-channel 1 = -0.279885
Darkdrift correction for readout-channel 2 = -0.411377
Darkdrift correction for readout-channel 3 = 0.292216
Darkdrift correction for readout-channel 4 = 0.399047
Darkdrift uncertainty for readout-channel 1 = 0.303360
Darkdrift uncertainty for readout-channel 2 = 0.302987
Darkdrift uncertainty for readout-channel 3 = 0.378372
Darkdrift uncertainty for readout-channel 4 = 0.303230
Trimmed average of values in readout-channel 1 = 5.271282
Trimmed average of values in readout-channel 2 = 5.139790
Trimmed average of values in readout-channel 3 = 5.843384
Trimmed average of values in readout-channel 4 = 5.950214
Darkdrift background term = 5.551167
...for data plane = 41
Darkdrift correction for readout-channel 1 = 0.055393
Darkdrift correction for readout-channel 2 = -0.375861
Darkdrift correction for readout-channel 3 = -0.031255
Darkdrift correction for readout-channel 4 = 0.351723
Darkdrift uncertainty for readout-channel 1 = 0.303099
Darkdrift uncertainty for readout-channel 2 = 0.302973
Darkdrift uncertainty for readout-channel 3 = 0.302727
Darkdrift uncertainty for readout-channel 4 = 0.302961
Trimmed average of values in readout-channel 1 = 5.559457
Trimmed average of values in readout-channel 2 = 5.128204
Trimmed average of values in readout-channel 3 = 5.472810
Trimmed average of values in readout-channel 4 = 5.855787
Darkdrift background term = 5.504064
...for data plane = 42
Darkdrift correction for readout-channel 1 = -0.057973
Darkdrift correction for readout-channel 2 = 0.096033
Darkdrift correction for readout-channel 3 = -0.053214
Darkdrift correction for readout-channel 4 = 0.015154
Darkdrift uncertainty for readout-channel 1 = 0.228144
Darkdrift uncertainty for readout-channel 2 = 0.302971
Darkdrift uncertainty for readout-channel 3 = 0.309183
Darkdrift uncertainty for readout-channel 4 = 0.228829
Trimmed average of values in readout-channel 1 = 5.407929
Trimmed average of values in readout-channel 2 = 5.561936
Trimmed average of values in readout-channel 3 = 5.412688
Trimmed average of values in readout-channel 4 = 5.481057
Darkdrift background term = 5.465902
...for data plane = 43
Darkdrift correction for readout-channel 1 = -0.390378
Darkdrift correction for readout-channel 2 = -0.115650
Darkdrift correction for readout-channel 3 = 0.074882
Darkdrift correction for readout-channel 4 = 0.431146
Darkdrift uncertainty for readout-channel 1 = 0.303355
Darkdrift uncertainty for readout-channel 2 = 0.304343
Darkdrift uncertainty for readout-channel 3 = 0.303220
Darkdrift uncertainty for readout-channel 4 = 0.303050
Trimmed average of values in readout-channel 1 = 5.300158
Trimmed average of values in readout-channel 2 = 5.574887
Trimmed average of values in readout-channel 3 = 5.765418
Trimmed average of values in readout-channel 4 = 6.121683
Darkdrift background term = 5.690537
...for data plane = 44
Darkdrift correction for readout-channel 1 = 0.060401
Darkdrift correction for readout-channel 2 = -0.234129
Darkdrift correction for readout-channel 3 = 0.193769
Darkdrift correction for readout-channel 4 = -0.020041
Darkdrift uncertainty for readout-channel 1 = 0.302962
Darkdrift uncertainty for readout-channel 2 = 0.377091
Darkdrift uncertainty for readout-channel 3 = 0.302980
Darkdrift uncertainty for readout-channel 4 = 0.302974
Trimmed average of values in readout-channel 1 = 5.137696
Trimmed average of values in readout-channel 2 = 4.843166
Trimmed average of values in readout-channel 3 = 5.271064
Trimmed average of values in readout-channel 4 = 5.057255
Darkdrift background term = 5.077295
...for data plane = 45
Darkdrift correction for readout-channel 1 = 0.489308
Darkdrift correction for readout-channel 2 = -0.740933
Darkdrift correction for readout-channel 3 = 0.080548
Darkdrift correction for readout-channel 4 = 0.171078
Darkdrift uncertainty for readout-channel 1 = 0.302594
Darkdrift uncertainty for readout-channel 2 = 0.300492
Darkdrift uncertainty for readout-channel 3 = 0.302981
Darkdrift uncertainty for readout-channel 4 = 0.302901
Trimmed average of values in readout-channel 1 = 6.128988
Trimmed average of values in readout-channel 2 = 4.898748
Trimmed average of values in readout-channel 3 = 5.720228
Trimmed average of values in readout-channel 4 = 5.810758
Darkdrift background term = 5.639680
...for data plane = 46
Darkdrift correction for readout-channel 1 = 0.490457
Darkdrift correction for readout-channel 2 = 0.140088
Darkdrift correction for readout-channel 3 = -0.536882
Darkdrift correction for readout-channel 4 = -0.093662
Darkdrift uncertainty for readout-channel 1 = 0.306770
Darkdrift uncertainty for readout-channel 2 = 0.303519
Darkdrift uncertainty for readout-channel 3 = 0.303131
Darkdrift uncertainty for readout-channel 4 = 0.302976
Trimmed average of values in readout-channel 1 = 6.421902
Trimmed average of values in readout-channel 2 = 6.071533
Trimmed average of values in readout-channel 3 = 5.394562
Trimmed average of values in readout-channel 4 = 5.837783
Darkdrift background term = 5.931445
...for data plane = 47
Darkdrift correction for readout-channel 1 = 0.014146
Darkdrift correction for readout-channel 2 = 0.005863
Darkdrift correction for readout-channel 3 = -0.162950
Darkdrift correction for readout-channel 4 = 0.142941
Darkdrift uncertainty for readout-channel 1 = 0.303462
Darkdrift uncertainty for readout-channel 2 = 0.302978
Darkdrift uncertainty for readout-channel 3 = 0.302984
Darkdrift uncertainty for readout-channel 4 = 0.303067
Trimmed average of values in readout-channel 1 = 5.769722
Trimmed average of values in readout-channel 2 = 5.761439
Trimmed average of values in readout-channel 3 = 5.592625
Trimmed average of values in readout-channel 4 = 5.898516
Darkdrift background term = 5.755576
...for data plane = 48
Darkdrift correction for readout-channel 1 = 0.631164
Darkdrift correction for readout-channel 2 = -0.392614
Darkdrift correction for readout-channel 3 = -0.366704
Darkdrift correction for readout-channel 4 = 0.128154
Darkdrift uncertainty for readout-channel 1 = 0.302974
Darkdrift uncertainty for readout-channel 2 = 0.303235
Darkdrift uncertainty for readout-channel 3 = 0.302977
Darkdrift uncertainty for readout-channel 4 = 0.302991
Trimmed average of values in readout-channel 1 = 6.229376
Trimmed average of values in readout-channel 2 = 5.205598
Trimmed average of values in readout-channel 3 = 5.231508
Trimmed average of values in readout-channel 4 = 5.726366
Darkdrift background term = 5.598212
...for data plane = 49
Darkdrift correction for readout-channel 1 = -0.213565
Darkdrift correction for readout-channel 2 = 0.071788
Darkdrift correction for readout-channel 3 = 0.152674
Darkdrift correction for readout-channel 4 = -0.010897
Darkdrift uncertainty for readout-channel 1 = 0.302996
Darkdrift uncertainty for readout-channel 2 = 0.302977
Darkdrift uncertainty for readout-channel 3 = 0.303212
Darkdrift uncertainty for readout-channel 4 = 0.302970
Trimmed average of values in readout-channel 1 = 5.537363
Trimmed average of values in readout-channel 2 = 5.822716
Trimmed average of values in readout-channel 3 = 5.903602
Trimmed average of values in readout-channel 4 = 5.740032
Darkdrift background term = 5.750928
...for data plane = 50
Darkdrift correction for readout-channel 1 = -0.005845
Darkdrift correction for readout-channel 2 = 0.025452
Darkdrift correction for readout-channel 3 = -0.376258
Darkdrift correction for readout-channel 4 = 0.356650
Darkdrift uncertainty for readout-channel 1 = 0.302980
Darkdrift uncertainty for readout-channel 2 = 0.302153
Darkdrift uncertainty for readout-channel 3 = 0.303133
Darkdrift uncertainty for readout-channel 4 = 0.303206
Trimmed average of values in readout-channel 1 = 5.762919
Trimmed average of values in readout-channel 2 = 5.794216
Trimmed average of values in readout-channel 3 = 5.392506
Trimmed average of values in readout-channel 4 = 6.125414
Darkdrift background term = 5.768764
...for data plane = 51
Darkdrift correction for readout-channel 1 = -0.046644
Darkdrift correction for readout-channel 2 = -0.758269
Darkdrift correction for readout-channel 3 = 0.160903
Darkdrift correction for readout-channel 4 = 0.644011
Darkdrift uncertainty for readout-channel 1 = 0.302976
Darkdrift uncertainty for readout-channel 2 = 0.302971
Darkdrift uncertainty for readout-channel 3 = 0.303611
Darkdrift uncertainty for readout-channel 4 = 0.303166
Trimmed average of values in readout-channel 1 = 5.802663
Trimmed average of values in readout-channel 2 = 5.091038
Trimmed average of values in readout-channel 3 = 6.010209
Trimmed average of values in readout-channel 4 = 6.493318
Darkdrift background term = 5.849307
...for data plane = 52
Darkdrift correction for readout-channel 1 = 0.225233
Darkdrift correction for readout-channel 2 = 0.068894
Darkdrift correction for readout-channel 3 = -0.200655
Darkdrift correction for readout-channel 4 = -0.093473
Darkdrift uncertainty for readout-channel 1 = 0.302977
Darkdrift uncertainty for readout-channel 2 = 0.303823
Darkdrift uncertainty for readout-channel 3 = 0.303218
Darkdrift uncertainty for readout-channel 4 = 0.303803
Trimmed average of values in readout-channel 1 = 6.309331
Trimmed average of values in readout-channel 2 = 6.152992
Trimmed average of values in readout-channel 3 = 5.883443
Trimmed average of values in readout-channel 4 = 5.990625
Darkdrift background term = 6.084098
...for data plane = 53
Darkdrift correction for readout-channel 1 = 0.117300
Darkdrift correction for readout-channel 2 = -0.407207
Darkdrift correction for readout-channel 3 = 0.307317
Darkdrift correction for readout-channel 4 = -0.017410
Darkdrift uncertainty for readout-channel 1 = 0.302981
Darkdrift uncertainty for readout-channel 2 = 0.302699
Darkdrift uncertainty for readout-channel 3 = 0.302566
Darkdrift uncertainty for readout-channel 4 = 0.303219
Trimmed average of values in readout-channel 1 = 5.557525
Trimmed average of values in readout-channel 2 = 5.033018
Trimmed average of values in readout-channel 3 = 5.747541
Trimmed average of values in readout-channel 4 = 5.422814
Darkdrift background term = 5.440225
...for data plane = 54
Darkdrift correction for readout-channel 1 = 0.212743
Darkdrift correction for readout-channel 2 = -0.193945
Darkdrift correction for readout-channel 3 = -0.183676
Darkdrift correction for readout-channel 4 = 0.164878
Darkdrift uncertainty for readout-channel 1 = 0.303491
Darkdrift uncertainty for readout-channel 2 = 0.302964
Darkdrift uncertainty for readout-channel 3 = 0.303056
Darkdrift uncertainty for readout-channel 4 = 0.303213
Trimmed average of values in readout-channel 1 = 5.791258
Trimmed average of values in readout-channel 2 = 5.384570
Trimmed average of values in readout-channel 3 = 5.394839
Trimmed average of values in readout-channel 4 = 5.743392
Darkdrift background term = 5.578515
...for data plane = 55
Darkdrift correction for readout-channel 1 = -0.269266
Darkdrift correction for readout-channel 2 = -0.181962
Darkdrift correction for readout-channel 3 = 0.133716
Darkdrift correction for readout-channel 4 = 0.317512
Darkdrift uncertainty for readout-channel 1 = 0.302838
Darkdrift uncertainty for readout-channel 2 = 0.302987
Darkdrift uncertainty for readout-channel 3 = 0.302978
Darkdrift uncertainty for readout-channel 4 = 0.303063
Trimmed average of values in readout-channel 1 = 5.098612
Trimmed average of values in readout-channel 2 = 5.185917
Trimmed average of values in readout-channel 3 = 5.501595
Trimmed average of values in readout-channel 4 = 5.685391
Darkdrift background term = 5.367879
...for data plane = 56
Darkdrift correction for readout-channel 1 = 0.100413
Darkdrift correction for readout-channel 2 = -0.040876
Darkdrift correction for readout-channel 3 = -0.093844
Darkdrift correction for readout-channel 4 = 0.034307
Darkdrift uncertainty for readout-channel 1 = 0.302976
Darkdrift uncertainty for readout-channel 2 = 0.302962
Darkdrift uncertainty for readout-channel 3 = 0.302975
Darkdrift uncertainty for readout-channel 4 = 0.303469
Trimmed average of values in readout-channel 1 = 5.554761
Trimmed average of values in readout-channel 2 = 5.413472
Trimmed average of values in readout-channel 3 = 5.360504
Trimmed average of values in readout-channel 4 = 5.488655
Darkdrift background term = 5.454348
...for data plane = 57
Darkdrift correction for readout-channel 1 = 0.155715
Darkdrift correction for readout-channel 2 = 0.114939
Darkdrift correction for readout-channel 3 = -0.285810
Darkdrift correction for readout-channel 4 = 0.015157
Darkdrift uncertainty for readout-channel 1 = 0.303884
Darkdrift uncertainty for readout-channel 2 = 0.303513
Darkdrift uncertainty for readout-channel 3 = 0.303218
Darkdrift uncertainty for readout-channel 4 = 0.303222
Trimmed average of values in readout-channel 1 = 5.659597
Trimmed average of values in readout-channel 2 = 5.618821
Trimmed average of values in readout-channel 3 = 5.218072
Trimmed average of values in readout-channel 4 = 5.519039
Darkdrift background term = 5.503882
...for data plane = 58
Darkdrift correction for readout-channel 1 = 0.303942
Darkdrift correction for readout-channel 2 = -0.484685
Darkdrift correction for readout-channel 3 = -0.059081
Darkdrift correction for readout-channel 4 = 0.239824
Darkdrift uncertainty for readout-channel 1 = 0.303464
Darkdrift uncertainty for readout-channel 2 = 0.303411
Darkdrift uncertainty for readout-channel 3 = 0.303700
Darkdrift uncertainty for readout-channel 4 = 0.303050
Trimmed average of values in readout-channel 1 = 0.677797
Trimmed average of values in readout-channel 2 = -0.110831
Trimmed average of values in readout-channel 3 = 0.314774
Trimmed average of values in readout-channel 4 = 0.613679
Darkdrift background term = 0.373855
...for data plane = 59
Darkdrift correction for readout-channel 1 = -0.120489
Darkdrift correction for readout-channel 2 = -0.190179
Darkdrift correction for readout-channel 3 = 0.101647
Darkdrift correction for readout-channel 4 = 0.209020
Darkdrift uncertainty for readout-channel 1 = 0.278958
Darkdrift uncertainty for readout-channel 2 = 0.302981
Darkdrift uncertainty for readout-channel 3 = 0.302964
Darkdrift uncertainty for readout-channel 4 = 0.304163
Trimmed average of values in readout-channel 1 = 5.600350
Trimmed average of values in readout-channel 2 = 5.530660
Trimmed average of values in readout-channel 3 = 5.822486
Trimmed average of values in readout-channel 4 = 5.929859
Darkdrift background term = 5.720839
...for data plane = 60
Darkdrift correction for readout-channel 1 = -0.303176
Darkdrift correction for readout-channel 2 = -0.133536
Darkdrift correction for readout-channel 3 = -0.191239
Darkdrift correction for readout-channel 4 = 0.627951
Darkdrift uncertainty for readout-channel 1 = 0.378583
Darkdrift uncertainty for readout-channel 2 = 0.302986
Darkdrift uncertainty for readout-channel 3 = 0.302975
Darkdrift uncertainty for readout-channel 4 = 0.304392
Trimmed average of values in readout-channel 1 = 5.286926
Trimmed average of values in readout-channel 2 = 5.456567
Trimmed average of values in readout-channel 3 = 5.398863
Trimmed average of values in readout-channel 4 = 6.218054
Darkdrift background term = 5.590103
...for data plane = 61
Darkdrift correction for readout-channel 1 = -0.098519
Darkdrift correction for readout-channel 2 = -0.619789
Darkdrift correction for readout-channel 3 = 0.084435
Darkdrift correction for readout-channel 4 = 0.633873
Darkdrift uncertainty for readout-channel 1 = 0.340835
Darkdrift uncertainty for readout-channel 2 = 0.304350
Darkdrift uncertainty for readout-channel 3 = 0.303049
Darkdrift uncertainty for readout-channel 4 = 0.302982
Trimmed average of values in readout-channel 1 = 5.230750
Trimmed average of values in readout-channel 2 = 4.709479
Trimmed average of values in readout-channel 3 = 5.413703
Trimmed average of values in readout-channel 4 = 5.963142
Darkdrift background term = 5.329269
...for data plane = 62
Darkdrift correction for readout-channel 1 = 0.201378
Darkdrift correction for readout-channel 2 = -0.493709
Darkdrift correction for readout-channel 3 = 0.233724
Darkdrift correction for readout-channel 4 = 0.058606
Darkdrift uncertainty for readout-channel 1 = 0.303348
Darkdrift uncertainty for readout-channel 2 = 0.302708
Darkdrift uncertainty for readout-channel 3 = 0.302968
Darkdrift uncertainty for readout-channel 4 = 0.302971
Trimmed average of values in readout-channel 1 = 6.036996
Trimmed average of values in readout-channel 2 = 5.341909
Trimmed average of values in readout-channel 3 = 6.069342
Trimmed average of values in readout-channel 4 = 5.894224
Darkdrift background term = 5.835618
...for data plane = 63
Darkdrift correction for readout-channel 1 = 0.190172
Darkdrift correction for readout-channel 2 = -0.225099
Darkdrift correction for readout-channel 3 = -0.043467
Darkdrift correction for readout-channel 4 = 0.078394
Darkdrift uncertainty for readout-channel 1 = 0.304013
Darkdrift uncertainty for readout-channel 2 = 0.301595
Darkdrift uncertainty for readout-channel 3 = 0.302916
Darkdrift uncertainty for readout-channel 4 = 0.302973
Trimmed average of values in readout-channel 1 = 6.039194
Trimmed average of values in readout-channel 2 = 5.623924
Trimmed average of values in readout-channel 3 = 5.805555
Trimmed average of values in readout-channel 4 = 5.927417
Darkdrift background term = 5.849022
...for data plane = 64
Darkdrift correction for readout-channel 1 = 0.098883
Darkdrift correction for readout-channel 2 = -0.286168
Darkdrift correction for readout-channel 3 = -0.273327
Darkdrift correction for readout-channel 4 = 0.460611
Darkdrift uncertainty for readout-channel 1 = 0.303089
Darkdrift uncertainty for readout-channel 2 = 0.303243
Darkdrift uncertainty for readout-channel 3 = 0.303407
Darkdrift uncertainty for readout-channel 4 = 0.303152
Trimmed average of values in readout-channel 1 = 5.768604
Trimmed average of values in readout-channel 2 = 5.383553
Trimmed average of values in readout-channel 3 = 5.396394
Trimmed average of values in readout-channel 4 = 6.130332
Darkdrift background term = 5.669721

Program darkdrift: Status Message: 0x0000
Normal exit from Function 0x0000: LOG_WRITER
darkdrift Warning: NaN's were produced in the results.
A total of     2013   NaN's were produced in the results.
Processing time: 13.550000 seconds
Current date/time: Sat Jan  9 14:58:35 2016
Program darkdrift, version 4.1, terminated.

darkdrift   exit_value =   0    execution_time = 13.640s
******************************************************************
Pipeline executing flatap
flatap -i darkdrift.fits -p cal/pmask.fits -f cal/skyflat.fits -ui sig_darkdrift.fits -uo sig_flatap.fits -d dmask.fits -o flatap.fits -c cal/skyflat_cmask.fits 
******************************************************************
Pipeline Module FLATAP Version 1.5
Processing time Sat Jan  9 14:58:36 2016

flatap_parse_namelist: Information only: Namelist not specified.
Sat Jan  9 14:58:36 2016
flatap_log_writer: Could not open Log File, using stdout
Flatap Version 1.5
Namelist File  = 
Input DCE = darkdrift.fits
Output DCE = !flatap.fits
Flatfield = cal/skyflat.fits
Input Uncertainty = sig_darkdrift.fits
Output Uncertainty = !sig_flatap.fits
Pmask File = cal/pmask.fits
Pmask Mask = 128
Dmask File = dmask.fits
Dmask Mask = 16384
Cmask File = cal/skyflat_cmask.fits
Cmask Mask = 256
Trans CAL File = 
Trans CAL CMask File = 
Processing Log File = 
Time =    0.20 seconds
*********************

Time = 0.200 seconds
exit code 0

flatap   exit_value =   0    execution_time = 0.290s
******************************************************************
Pipeline executing imfliprot
imfliprot -i flatap.fits -n cdf/pn107.nl -a /sos/sw/S19.2.0/STUDIO/downlink/include -o imfliprot.fits 
******************************************************************

imfliprot_log_writer: Printing Log output to stdout

Program imfliprot, Version 1.0
Namelist File  = cdf/pn107.nl
Input File = flatap.fits
Output File = imfliprot.fits
Image has been flipped
Image Rotation (degrees)  = 180
Ancillary Data-File Path = /sos/sw/S19.2.0/STUDIO/downlink/include
Verbose flag = 0
Debug flag = 0
imfliprot Status Message      0x0000: Normal exit from Function 0x0000: LOG_WRITER
Processing time: 0.200000 seconds
Current date/time: Sat Jan  9 14:58:37 2016
Program imfliprot, version 1.0, terminated.


imfliprot   exit_value =   0    execution_time = 0.250s
******************************************************************
Pipeline executing imfliprot
imfliprot -i sig_flatap.fits -n cdf/pn107.nl -a /sos/sw/S19.2.0/STUDIO/downlink/include -o sig_imfliprot.fits 
******************************************************************

imfliprot_log_writer: Printing Log output to stdout

Program imfliprot, Version 1.0
Namelist File  = cdf/pn107.nl
Input File = sig_flatap.fits
Output File = sig_imfliprot.fits
Image has been flipped
Image Rotation (degrees)  = 180
Ancillary Data-File Path = /sos/sw/S19.2.0/STUDIO/downlink/include
Verbose flag = 0
Debug flag = 0
imfliprot Status Message      0x0000: Normal exit from Function 0x0000: LOG_WRITER
Processing time: 0.230000 seconds
Current date/time: Sat Jan  9 14:58:38 2016
Program imfliprot, version 1.0, terminated.


imfliprot   exit_value =   0    execution_time = 0.270s
******************************************************************
Pipeline executing imfliprot
imfliprot -i dmask.fits -n cdf/pn107.nl -a /sos/sw/S19.2.0/STUDIO/downlink/include -o temp_dmask.fits 
******************************************************************

imfliprot_log_writer: Printing Log output to stdout

Program imfliprot, Version 1.0
Namelist File  = cdf/pn107.nl
Input File = dmask.fits
Output File = temp_dmask.fits
Image has been flipped
Image Rotation (degrees)  = 180
Ancillary Data-File Path = /sos/sw/S19.2.0/STUDIO/downlink/include
Verbose flag = 0
Debug flag = 0
imfliprot Status Message      0x0000: Normal exit from Function 0x0000: LOG_WRITER
Processing time: 0.050000 seconds
Current date/time: Sat Jan  9 14:58:39 2016
Program imfliprot, version 1.0, terminated.


imfliprot   exit_value =   0    execution_time = 0.100s
******************************************************************
Pipeline executing imfliprot
imfliprot -i fowlinearize.fits -n cdf/pn107.nl -a /sos/sw/S19.2.0/STUDIO/downlink/include -o temp_fowlinearize.fits 
******************************************************************

imfliprot_log_writer: Printing Log output to stdout

Program imfliprot, Version 1.0
Namelist File  = cdf/pn107.nl
Input File = fowlinearize.fits
Output File = temp_fowlinearize.fits
Image has been flipped
Image Rotation (degrees)  = 180
Ancillary Data-File Path = /sos/sw/S19.2.0/STUDIO/downlink/include
Verbose flag = 0
Debug flag = 0
imfliprot Status Message      0x0000: Normal exit from Function 0x0000: LOG_WRITER
Processing time: 0.100000 seconds
Current date/time: Sat Jan  9 14:58:39 2016
Program imfliprot, version 1.0, terminated.


imfliprot   exit_value =   0    execution_time = 0.140s
******************************************************************
Pipeline executing imfliprot
imfliprot -i sig_fowlinearize.fits -n cdf/pn107.nl -a /sos/sw/S19.2.0/STUDIO/downlink/include -o temp_sig_fowlinearize.fits 
******************************************************************

imfliprot_log_writer: Printing Log output to stdout

Program imfliprot, Version 1.0
Namelist File  = cdf/pn107.nl
Input File = sig_fowlinearize.fits
Output File = temp_sig_fowlinearize.fits
Image has been flipped
Image Rotation (degrees)  = 180
Ancillary Data-File Path = /sos/sw/S19.2.0/STUDIO/downlink/include
Verbose flag = 0
Debug flag = 0
imfliprot Status Message      0x0000: Normal exit from Function 0x0000: LOG_WRITER
Processing time: 0.090000 seconds
Current date/time: Sat Jan  9 14:58:40 2016
Program imfliprot, version 1.0, terminated.


imfliprot   exit_value =   0    execution_time = 0.140s
******************************************************************
Pipeline executing dntoflux
dntoflux -i imfliprot.fits -iu sig_imfliprot.fits -n cdf/pn107.nl -co 0 -c 0.1447 -u 0.0000 -a /sos/sw/S19.2.0/STUDIO/downlink/include -o1 dntoflux.fits -ou sig_dntoflux.fits -t 1 
******************************************************************

Program dntoflux, Version 4.2
Namelist File  = cdf/pn107.nl
Input Image = imfliprot.fits
Output File 1 = dntoflux.fits
Output Uncertainty Image = sig_dntoflux.fits
Operation flag = 0
Conversion factor = 0.144700
Input Uncertainty Image = sig_imfliprot.fits
Conversion-factor uncertainty = 0.000000
Output BUNIT setting = MJy/sr
Normalize-by-EXPTIME Flag = 1
EXPTIME = 1.920000
Data-Plane Flag = 1
Ancillary Data-File Path = /sos/sw/S19.2.0/STUDIO/downlink/include
Verbose flag = 0
Super-verbose flag = 0
Debug flag = 0
Terminating data-units-conversion program.
dntoflux Status Message: 0x0000
Normal exit from Function 0x0000: LOG_WRITER
dntoflux Probs Warning: NaN's were produced in the results.
A total of     4026   NaN's were produced in the results.
Processing time: 0.500000 seconds
Current date/time: Sat Jan  9 14:58:41 2016
Program dntoflux, version 4.2, terminated.

dntoflux   exit_value =   0    execution_time = 0.640s
******************************************************************
Pipeline executing qatool
qatool -i dntoflux.fits -n cdf/pn107.nl -nb QATOOLBCD -a /sos/sw/S19.2.0/STUDIO/downlink/include -o qa/BCD_qatool 
******************************************************************
qatool_parse_namelist: Information only: Namelist block-name = &QATOOLBCD
Program qatool, Version 6.0
Namelist File  = cdf/pn107.nl
Input File = dntoflux.fits
Output Data Filename Base = qa/BCD_qatool
Statistics Group = 0
Percent-Scaling Flag = 0
Calculation Type = 1
(set-up to do additional computations for four readout channels)
Number of Mean Absolute Deviations for Histogram Half-Width Coverage = 5
Number of Bins in Histograms = 41
Central fraction for trimmed average = 0.810000
Central fraction for trimmed std. dev. = 0.720000
Bad-pixel tolerance fraction = 0.900000
Statistics Box X position = 3
Statistics Box Y position = 4
Statistics Box X width = 20
Statistics Box Y height = 23
Input-Image Transpose Flag = 1
Unsigned Integer Flag = 0
Data-Plane Flag = 1
Number Edge Rows/Cols Skipped = 2
Keyword Prefix = bcd
Ancillary Data-File Path = /sos/sw/S19.2.0/STUDIO/downlink/include
Verbose flag = 0
Super-verbose flag = 0
Debug flag = 0
Performed statistical and histogram calculations.
Program qatool: Status Message: 0x0000
Normal exit from Function 0x0000: LOG_WRITER
Processing time: 1.310000 seconds
Current date/time: Sat Jan  9 14:58:43 2016
Program qatool, version 6.0, terminated.

qatool   exit_value =   0    execution_time = 1.420s
******************************************************************
Pipeline executing chkmask
chkmask dmask.fits -q qa/BCD_qatool.qa 
******************************************************************
 chkmask vsn 1.35 A40312
 
 No. of occurrences of the   3 status combinations:
   2268 occurrences of   256 (8)                                 
   5 occurrences of   16 (4)                                 
     1 occurrence of   272 (4,8)                               
 
 Status Bit: No. of Pixels
   0:   0
   1:   0
   2:   0
   3:   0
   4:   6
   5:   0
   6:   0
   7:   0
   8:   2269
   9:   0
   10:   0
   11:   0
   12:   0
   13:   0
   14:   0
 

chkmask   exit_value =   0    execution_time = 0.400s
******************************************************************
Loading QA information for DCE and BCD product
Keyword APDUV1E not found in header
Keyword APDUV2E not found in header
Keyword APDUV3E not found in header
Keyword APDUI1E not found in header
Keyword APDUI2E not found in header
Keyword APDUI3E not found in header
Could not append keyword APDUV1E to QA file qa/DCE_qatool.qa
Could not append keyword APDUV2E to QA file qa/DCE_qatool.qa
Could not append keyword APDUV3E to QA file qa/DCE_qatool.qa
Could not append keyword APDUI1E to QA file qa/DCE_qatool.qa
Could not append keyword APDUI2E to QA file qa/DCE_qatool.qa
Could not append keyword APDUI3E to QA file qa/DCE_qatool.qa
******************************************************************
Pipeline executing qaloader
qaloader -i qa/DCE_qatool.qa -tablename qa_iracdce -o qa/qaloader.sql -role pipelineswrole 
******************************************************************
2016/01/09 14:58:47 BEGIN qaloader v1.13
 -i (QA_FILE) qa/DCE_qatool.qa
 -tablename (TABLENAME) qa_iracdce
 -o (SQL_FILE) qa/qaloader.sql
 -role (ROLE) pipelineswrole
Using metadata version 13.0b
table name=qa_iracdce

QA values ingested:
{-4.606868e+01} {}
dceAveFI_1       -4.606868e+01 
{-4.941461e+01} {}
dceAveR1_1       -4.941461e+01 
{-2.926357e+01} {}
dceAveR2_1       -2.926357e+01 
{-3.289328e+01} {}
dceAveR3_1       -3.289328e+01 
{-7.270325e+01} {}
dceAveR4_1       -7.270325e+01 
{-2.200000e+01} {-4.941461e+01}
dceMedFI_1       -2.200000e+01 
{3.070295e+02} {}
dceSdevFI_1      3.070295e+02 
{4.770400e+00} {}
dceDSclFI_1      4.770400e+00 
{-8.891000e+03} {}
dceMinFI_1       -8.891000e+03 
{1.500000e+01} {}
dceMaxFI_1       1.500000e+01 
{147809527} {}
DCEID            147809527 
{2} {-4.606868e+01}
CHNLNUM          2 
{0} {}
ADCEID           0 
{8} {}
AFOWLNUM         8 
{184} {}
AWAITPER         184 
{0} {}
AWEASIDE         0 
{1} {}
AREADMOD         1 
{27.699513} {}
AFPAT1B          27.699513 
{28.671007} {}
AFPAT2B          28.671007 
{0} {}
APEDSIG          0 
{0} {}
ATXSTAT          0 
{0} {}
AFLSTAT          0 
{4} {}
ASHSTAT          4 
{-3.5585} {}
AVRSTBEG         -3.5585 
{-3.0562209} {}
AVDETBEG         -3.0562209 
{-3.618536} {}
AVGG1BEG         -3.618536 
{-3.550644} {}
AVDDUBEG         -3.550644 
{0} {}
AVGGCBEG         0 
{21.413121} {}
ACTENDT          21.413121 
{19.577583} {}
AFPECTE          19.577583 
{22.955185} {}
AFPEATE          22.955185 
{23.882068} {}
ATCTEMPE         23.882068 
{21.38264} {}
ACETEMPE         21.38264 
{21.35216} {}
APDTEMPE         21.35216 
{27.671961} {}
ACATMP2E         27.671961 
2016/01/09 14:58:47 END   qaloader status=0

qaloader   exit_value =   0    execution_time = 0.120s
******************************************************************
Pipeline executing qaloader
qaloader -i qa/BCD_qatool.qa -tablename qa_iracdp -o qa/qaloader.sql 
******************************************************************
2016/01/09 14:58:48 BEGIN qaloader v1.13
 -i (QA_FILE) qa/BCD_qatool.qa
 -tablename (TABLENAME) qa_iracdp
 -o (SQL_FILE) qa/qaloader.sql
Using metadata version 13.0b
table name=qa_iracdp

QA values ingested:
{2.510012e+00} {}
bcdAveFI_1       2.510012e+00 
{3.984122e+00} {}
bcdAveUB_1       3.984122e+00 
{5.345350e-01} {}
bcdMedFI_1       5.345350e-01 
{6.465618e-01} {}
bcdMedUB_1       6.465618e-01 
{2.635747e+01} {}
bcdSdevFI_1      2.635747e+01 
{3.434760e+01} {}
bcdSdevUB_1      3.434760e+01 
{4.439978e-01} {}
bcdDSclFI_1      4.439978e-01 
{5.292946e-01} {}
bcdDSclUB_1      5.292946e-01 
{-1.379075e+00} {}
bcdMinFI_1       -1.379075e+00 
{-1.379075e+00} {}
bcdMinUB_1       -1.379075e+00 
{7.030864e+02} {}
bcdMaxFI_1       7.030864e+02 
{7.030864e+02} {}
bcdMaxUB_1       7.030864e+02 
{5.246589e-01} {}
bcdC68lFI_1      5.246589e-01 
{5.682091e-01} {}
bcdC68uFI_1      5.682091e-01 
{391693121} {}
DPID             391693121 
{2} {2.510012e+00}
CHNLNUM          2 
2016/01/09 14:58:48 END   qaloader status=0

qaloader   exit_value =   0    execution_time = 0.150s
******************************************************************
Pipeline executing dbaccess
dbaccess -e sodb qa/qaloader.sql 
******************************************************************
set role pipelineswrole;
set lock mode to wait 30;
EXECUTE PROCEDURE addQA_iracdce (147809527, NULL, NULL, 2, -4.606868e+01, 
-2.200000e+01, -4.941461e+01, -2.926357e+01, -3.289328e+01, -7.270325e+01, 
3.070295e+02, 4.770400e+00, -8.891000e+03, 1.500000e+01, 0, 8, 184, 0, 1, 
27.699513, 28.671007, 0, 0, 0, 4, -3.5585, -3.0562209, -3.618536, -3.550644, 0, 
21.413121, 19.577583, 22.955185, 23.882068, 21.38264, 21.35216, 27.671961, 
NULL, NULL, NULL, NULL, NULL, NULL);
EXECUTE PROCEDURE addQA_iracdp (391693121, NULL, NULL, 2, 2.510012e+00, 
3.984122e+00, 5.345350e-01, 6.465618e-01, 2.635747e+01, 3.434760e+01, 
4.439978e-01, 5.292946e-01, -1.379075e+00, -1.379075e+00, 7.030864e+02, 
7.030864e+02, 5.246589e-01, 5.682091e-01, NULL, NULL, NULL, NULL, NULL, NULL);
execute procedure setDceTimeParameters (147809527, 1037051980.902, "2012-11-10 21:53:20.585", 1.92, 2.00);

dbaccess   exit_value =   0    execution_time = 0.160s
******************************************************************
Finishing IRAC science pipeline processing
Could not copy cal/firstframe_corr.fits to /sbx20/S19.2.0/archive/proc/full/IRAC033400/bcd/4568/0046471424/2/0105/0000/17/01/1/cal/firstframe_corr.fits
Could not copy imask.fits to /sbx20/S19.2.0/archive/proc/full/IRAC033400/bcd/4568/0046471424/2/0105/0000/17/01/1/imask.fits
Could not copy muxbleedcorr.fits to /sbx20/S19.2.0/archive/proc/full/IRAC033400/bcd/4568/0046471424/2/0105/0000/17/01/1/muxbleedcorr.fits
Could not copy slremove.fits to /sbx20/S19.2.0/archive/proc/full/IRAC033400/bcd/4568/0046471424/2/0105/0000/17/01/1/slremove.fits
******************************************************************
PlScriptID 17 exiting Saturday, January  9, 2016  2:58:52 PM PST
Host: sopipe63
Local Processing Directory: /scr3/S19.2.0/IRAC033400/bcd/4568/0046471424/2/0105/0000/17/01/1
Sandbox Directory: /sbx20/S19.2.0/archive/proc/full/IRAC033400/bcd/4568/0046471424/2/0105/0000/17/01/1
Processing time: total 32.71 s (user 0.98, system 1.06, child user 19.12, child system 11.55)
Pipeline exit code: Normal exit (0)
******************************************************************
