 hdrupd8 vsn 1.6  A70821
******************************************************************
Executing IRAC science pipeline
******************************************************************
Pipeline executing sanity_datatype
sanity_datatype -i ../fos16.fits -t1 cdf/sanity_datatype1.tbl -t2 cdf/sanity_datatype2.tbl -o1 qa/sanity_datatype1.tbl -o2 qa/sanity_datatype2.tbl 
******************************************************************
Program Sanity_datatype is started .... Version 1.0, Sat Jan  9 14:56:15 2016
Input Image File = ../fos16.fits
Input Data Table 1 = cdf/sanity_datatype1.tbl
Input Data Table 2 = cdf/sanity_datatype2.tbl
Output Filename1 = qa/sanity_datatype1.tbl
Output Filename2 = qa/sanity_datatype2.tbl
Log File = stdout
I_Debug = 0
I_Verbose = 0
I_SuperVerbose = 0
Processing time: 0.070000 seconds
Program Sanity_datatype is done. Version 1.0, Sat Jan  9 14:56:15 2016


sanity_datatype   exit_value =   0    execution_time = 0.440s
******************************************************************
Pipeline executing qatool
qatool -i ../fos16.fits -n cdf/pn107.nl -nb QATOOLDCE -a /sos/sw/S19.2.0/STUDIO/downlink/include -o qa/DCE_qatool 
******************************************************************
qatool_parse_namelist: Information only: Namelist block-name = &QATOOLDCE
Program qatool, Version 6.0
Namelist File  = cdf/pn107.nl
Input File = ../fos16.fits
Output Data Filename Base = qa/DCE_qatool
Statistics Group = 0
Percent-Scaling Flag = 0
Calculation Type = 1
(set-up to do additional computations for four readout channels)
Number of Mean Absolute Deviations for Histogram Half-Width Coverage = 5
Number of Bins in Histograms = 41
Central fraction for trimmed average = 0.810000
Central fraction for trimmed std. dev. = 0.720000
Bad-pixel tolerance fraction = 0.340000
Statistics Box X position = 3
Statistics Box Y position = 4
Statistics Box X width = 27
Statistics Box Y height = 33
Input-Image Transpose Flag = 1
Unsigned Integer Flag = 0
Data-Plane Flag = 1
Number Edge Rows/Cols Skipped = 10
Keyword Prefix = dce
Ancillary Data-File Path = /sos/sw/S19.2.0/STUDIO/downlink/include
Verbose flag = 0
Super-verbose flag = 0
Debug flag = 0
Performed statistical and histogram calculations.
Program qatool: Status Message: 0x0000
Normal exit from Function 0x0000: LOG_WRITER
Processing time: 0.720000 seconds
Current date/time: Sat Jan  9 14:56:16 2016
Program qatool, version 6.0, terminated.

qatool   exit_value =   0    execution_time = 0.830s
******************************************************************
Pipeline executing sanity_check
sanity_check -i qa/DCE_qatool.tbl -o qa/sanity_check.tbl 
******************************************************************
Program Sanity_check is started .... Version 1.0, Sat Jan  9 14:56:20 2016

Input File = qa/DCE_qatool.tbl
Output = qa/sanity_check.tbl
Processing time: 0.030000 seconds
Current date/time: Sat Jan  9 14:56:20 2016
Program Sanity_check, version 1.0, terminated.

sanity_check   exit_value =   0    execution_time = 0.350s
******************************************************************
Pipeline executing abad_repair
abad_repair -i ../fos16.fits -o abad_repair.fits 
******************************************************************
Pipeline Module ABAD_REPAIR Version 1.2
Processing time Sat Jan  9 14:56:20 2016

ABAD_READ_DATA: A0752D00 = 0
status from read: 1
npixs = 65536
enter output with 0
files ../fos16.fits !abad_repair.fits 
open output [!abad_repair.fits]
comment [Sat Jan  9 14:56:20 2016]
Time = 0.050 seconds
exit code 0

abad_repair   exit_value =   0    execution_time = 0.080s
******************************************************************
Pipeline executing tranhead
tranhead -i abad_repair.fits -n cdf/pn107.nl -k /scr/S19.2.0/cdf/ctd/telemetry_dictionary.dat -a /sos/sw/S19.2.0/STUDIO/downlink/include -o tranhead.fits -t, cdf/Keyword_Include_List.dat 
******************************************************************

Program tranhead, Version 13.2
Namelist File  = cdf/pn107.nl
Input File = abad_repair.fits
Dictionary File = /scr/S19.2.0/cdf/ctd/telemetry_dictionary.dat
CTD Version String = 3.0.94S
Keyword-Include-List File = cdf/Keyword_Include_List.dat
Translated-Keyword File = tranhead.hdr
CSPICE leapseconds kernel = /scr/S19.2.0/cdf/spice/leapseconds.ker
CSPICE SCLK_SCET kernel = /scr/S19.2.0/cdf/spice/sclk_scet.ker
CSPICE Spitzer Ephemeris = /scr/S19.2.0/cdf/spice/sirtf.bsp
CSPICE Planets Ephemeris = /scr/S19.2.0/cdf/spice/de.bsp
Output File = tranhead.fits
Operation Type = 1
FITS-Header Comment Flag = 1
SCLK correction factor = 1.000380
Ignore Frames (1st) = -1
Ignore Frames (2nd and higher) = -1
Central fraction for trimmed average  = 0.900000
Central fraction for trimmed std. dev. = 0.900000
Gain = 3.710000
Gain_RdOutCh_1 = 3.710000
Gain_RdOutCh_2 = 3.710000
Gain_RdOutCh_3 = 3.710000
Gain_RdOutCh_4 = 3.710000
Ancillary Data-File Path = /sos/sw/S19.2.0/STUDIO/downlink/include
Verbose flag = 0
Super-verbose flag = 0
Debug flag = 0
Configured to perform forward FITS keyword translation.
tranhead Status Message: 0x0000
Normal exit from Function 0x0000: LOG_WRITER
A total of        0   NaN's were produced in the results.
Processing time: 0.310000 seconds
Current date/time: Sat Jan  9 14:56:21 2016
Program tranhead, version 13.2, terminated.

tranhead   exit_value =   0    execution_time = 0.430s
 hdrupd8 vsn 1.6  A70821


LabDark

chan, frametime, hdy, extrpt = 2, 2.00, F, 233
expid  adceid  repidx  =  182,  0,  0 

SkyDarkaor template time = 2
hdy  repidx =  F  0
expid  ext-repeat  =  182  233

******************************************************************
Pipeline executing caltrans
caltrans -n cdf/pn107.nl -m 2 -a 7 -b /scr7/S19.2.0/dlcaldata/irac -s tranhead.fits -o cal -u SUB -jk1 CHNLNUM -jv1 2 -ja1 N -ju1 0 -js1 flip -jk2 CHNLNUM;AFOWLNUM;AWAITPER;FRAMTIME;HDRMODE -jv2 2;8;184;2.00;F -ja2 N;N;N;N;S -ju2 0;0;0;0;0 -js2 sigma;cmask -jk3 CHNLNUM;AFOWLNUM;AWAITPER;FRAMTIME;HDRMODE -jv3 2;8;184;2.00;F -ja3 N;N;N;N;S -ju3 0;0;0;0;0 -js3 cmask -jk4 CHNLNUM -jv4 2 -ja4 N -ju4 0 -js4 cmask -jk5 CHNLNUM -jv5 2 -ja5 N -ju5 0 -js5 cmask -jk6 CHNLNUM -jv6 2 -ja6 N -ju6 0 -jk7 CHNLNUM;AFOWLNUM;AWAITPER -jv7 2;8;184 -ja7 N;N;N -ju7 0;0;0 -jk8 CHNLNUM;AFOWLNUM;AWAITPER -jv8 2;8;184 -ja8 N;N;N -ju8 0;0;0 -e CALTRANSsciSUB 
******************************************************************

Online Namelist file descriptor associated
Online namelist buffer loaded: length = 7422

Warning !:  Ancillary file #1  with full suffix filename  '/sos/archive/fallbacks/IRAC004600/SUB_2s_2sf8d1r1_ch2_v2.0.0_dark_sigma.fits'  NOT in archive/sandbox !!.
Proceed to the next suffix fileprocessing .....

Warning !:  Ancillary file #2  with full suffix filename  '/sos/archive/fallbacks/IRAC004600/SUB_2s_2sf8d1r1_ch2_v2.0.0_dark_cmask.fits'  NOT in archive/sandbox !!.
Proceed to the next suffix fileprocessing .....

Warning !:  Ancillary-suffix file #1: '/scr7/S19.2.0/dlcaldata/irac/fb1502_SUB_2s_2sf8d1r1_ch2_v2.0.0_dark_sigma.fits'  could NOT be identified on cache.
Processing continues ..... 


Warning !:  Ancillary-suffix file #2: '/scr7/S19.2.0/dlcaldata/irac/fb1502_SUB_2s_2sf8d1r1_ch2_v2.0.0_dark_cmask.fits'  could NOT be identified on cache.
Processing continues ..... 


Warning !:  Ancillary file #1  with full suffix filename  '/sos/archive/fallbacks/IRAC005300/lincal_b2_sa_011410_cmask.fits'  NOT in archive/sandbox !!.
Proceed to the next suffix fileprocessing .....

Warning !:  Ancillary-suffix file #1: '/scr7/S19.2.0/dlcaldata/irac/fb1579_lincal_b2_sa_011410_cmask.fits'  could NOT be identified on cache.
Processing continues ..... 

  Printing Log output to stdout...


Program CALTRANS, Version 4.0
Command-Line Namelist Filename  = cdf/pn107.nl
Command-Line Namelist Section = CALTRANSsciSUB
CalTrans Execution Mode  = 2
CalID = 7
Input Calibration Type list = pmask;labdark;skydark;lincal;sky_flat;fluxconv;muxbleed_lut;muxbleed_coeff
Input Calibration Rule list = 0;0;300;0;0;0;0;0
Input Generic Outfname list = pmask.fits;labdark.fits;skydark.fits;lincal.fits;skyflat.fits;fluxconv;muxbleed_lut;muxbleed_coeff
Science DCE Filename = tranhead.fits
CAL Destination Path = cal
Processing time: 0.410000 seconds
Current date/time: Sat Jan  9 14:56:37 2016
Program CALTRANS, version 4.0, terminated with status = 16

CalTrans exits with status = 16



caltrans   exit_value =  16    execution_time = 0.540s
******************************************************************
Pipeline executing insbposdom
insbposdom -i tranhead.fits -o insbposdom.fits 
******************************************************************
Pipeline Module INSBPOSDOM Version 1.1
Processing time Sat Jan  9 14:56:37 2016

Sat Jan  9 14:56:37 2016
Time = 0.030 seconds
exit code 0

insbposdom   exit_value =   0    execution_time = 0.080s
******************************************************************
Pipeline executing cvti2r4
cvti2r4 -i insbposdom.fits -a 0.5625 -b 0 -d cal/dmask_for_raw.fits -o cvti2r4.fits -m row 
******************************************************************
 SIRTF I*2-to-R*4 Data Cube Conversion program vsn 1.31 A61025
 Input file:  insbposdom.fits
 Using offset =    0.562500
 Using BLANK-fill value:   0
 Output file: cvti2r4.fits
 Missing-data pattern specified as rows

cvti2r4   exit_value =   0    execution_time = 0.320s
Image has barrel shift = 3
Computed truncation correction 0.5*(1-2^-ABARREL) = 0.5625
******************************************************************
Pipeline executing hdrupd8
hdrupd8 cvti2r4.fits -a cdf/hdrupd8_cubify.dat -d cdf/hdrupd8_planify.dat 
******************************************************************
 hdrupd8 vsn 1.6  A70821
 WARNING: keyword to be deleted not found: NAXIS3  

hdrupd8   exit_value =   0    execution_time = 0.290s
******************************************************************
Pipeline executing hdrupd8
hdrupd8 dmask.fits -a cdf/hdrupd8_cubify.dat -d cdf/hdrupd8_planify.dat 
******************************************************************
 hdrupd8 vsn 1.6  A70821
 WARNING: keyword to be deleted not found: NAXIS3  

hdrupd8   exit_value =   0    execution_time = 0.360s
******************************************************************
Pipeline executing iracwrapdet1
iracwrapdet1 -i cvti2r4.fits -n cdf/pn107.nl -p cal/pmask.fits -d dmask.fits -w wmask.fits -v 
******************************************************************
Pipeline Module IRACWRAPDET1 Version 1.4
Processing time Sat Jan  9 14:56:48 2016
iracwrapdet1_parse_args: Namelist File = 	cdf/pn107.nl
iracwrapdet1_parse_args: Pmask File = 	cal/pmask.fits
iracwrapdet1_parse_args: Dmask File = 	dmask.fits
iracwrapdet1_parse_args: Wmask File = 	wmask.fits
iracwrapdet1_parse_args: Input File = 	cvti2r4.fits
iracwrapdet1_parse_args: I_Verbose = 			1
chn 2 framtim 2.000000
iracwrapdet1_read_data: Data read from file:
cvti2r4.fits
iracwrapdet1_read_data: I_NX = 32
iracwrapdet1_read_data: I_NY = 32
iracwrapdet1_read_data: I_NZ = 64
iracwrapdet1_parse_namelist: Namelist File = 	cdf/pn107.nl
Coeff used: 55000.000000 55000.000000 55000.000000 55000.000000
iracwrapdet1_compute_results: Numerical Computations finished
Sat Jan  9 14:56:48 2016
iracwrapdet1_output: Results written to file(s).
Time = 0.030 seconds
iracwrapdet1_error_handler: Error Handler finished.
iracwrapdet1_exit: Memory Deallocated.
exit code 0

iracwrapdet1   exit_value =   0    execution_time = 0.070s
******************************************************************
Pipeline executing iracwrapdet2
iracwrapdet2 -i cvti2r4.fits -n cdf/pn107.nl -p cal/pmask.fits -d dmask.fits -w wmask.fits -a /sos/sw/S19.2.0/STUDIO/downlink/include 
******************************************************************

Program iracwrapdet2, Version 1.4
Namelist File  = cdf/pn107.nl
FITS Input Image = cvti2r4.fits
Pmask File = cal/pmask.fits
Dmask File = dmask.fits
Wmask File = mask.fits
M-Level       chan1     chan2     chan3     chan4
            55000.0   55000.0   55000.0   55000.0
Tolerance     chan1     chan2     chan3     chan4
             1200.0    1200.0    1200.0    1200.0
Pmask Maximum = 65535
Dmask Maximum = 65535
Ancillary Data-File Path = /sos/sw/S19.2.0/STUDIO/downlink/include
Verbose flag = 0
Super-verbose flag = 0
Debug flag = 0
iracwrapdet2 Status Message      0x0000
Normal exit from Function 0x0000: LOG_WRITER
Processing time: 0.170000 seconds
Current date/time: Sat Jan  9 14:56:49 2016
Program iracwrapdet2, version 1.4, terminated


iracwrapdet2   exit_value =   0    execution_time = 0.230s
******************************************************************
Pipeline executing iracwrapcorr
iracwrapcorr -i cvti2r4.fits -p cal/pmask.fits -d dmask.fits -w wmask.fits -o iracwrapcorr.fits 
******************************************************************
Pipeline Module IRACWRAPCORR Version 1.3
Processing time Sat Jan  9 14:56:49 2016
iracwrapcorr_parse_namelist: Information only: Namelist not specified.
Sat Jan  9 14:56:49 2016
Time = 0.030 seconds
exit code 0

iracwrapcorr   exit_value =   0    execution_time = 0.060s
******************************************************************
Pipeline executing iracnorm
iracnorm -i iracwrapcorr.fits -p cal/pmask.fits -d dmask.fits -o iracnorm.fits 
******************************************************************
Pipeline Module IRACWNORM Version 1.10
Processing time Sat Jan  9 14:56:50 2016

Sat Jan  9 14:56:50 2016
Time = 0.040 seconds
exit code 0

iracnorm   exit_value =   0    execution_time = 0.080s
******************************************************************
Pipeline executing iracebwc
iracebwc -i iracnorm.fits -n cdf/pn107.nl -p cal/pmask.fits -d dmask.fits -o iracebwc.fits 
******************************************************************
Pipeline Module IRACEBWC Version 1.2
Processing time Sat Jan  9 14:56:50 2016

Sat Jan  9 14:56:50 2016
Time = 0.040 seconds
exit code 0

iracebwc   exit_value =   0    execution_time = 0.090s
HDR mode   =  f
AOR Template Time     =  2
DCE Frame Time    =  2.00
EXTRpt     =  233
Frame NOBF =  0
From sub determine_delays:
   aottime = 2
   aordelay = 222.190359962807
   stellarmode = f
   expid=182
imdly = 1.35335995040893
frmdly = 1.35335995040893

Immed  Delay = 1.35335995040893
Frame  Delay = 1.35335995040893

 hdrupd8 vsn 1.6  A70821
 hdrupd8 vsn 1.6  A70821
 hdrupd8 vsn 1.6  A70821
 hdrupd8 vsn 1.6  A70821
 hdrupd8 vsn 1.6  A70821
 hdrupd8 vsn 1.6  A70821
 hdrupd8 vsn 1.6  A70821
******************************************************************
Pipeline executing darksubng
darksubng -i iracebwc.fits -a /sos/sw/S19.2.0/STUDIO/downlink/include -p cal/pmask.fits -d dmask.fits -o labdarksub.fits -cc cal/labdark.fits -v 
******************************************************************
/sos/sw/S19.2.0/STUDIO/downlink/bin/darksubng: namelist not given
/sos/sw/S19.2.0/STUDIO/downlink/bin/darksubng: input uncertainty image not given
/sos/sw/S19.2.0/STUDIO/downlink/bin/darksubng: output uncertainty image not given
/sos/sw/S19.2.0/STUDIO/downlink/bin/darksubng: WARNING no uncertainty calculations will be performed
/sos/sw/S19.2.0/STUDIO/downlink/bin/darksubng: Namelist               = []
/sos/sw/S19.2.0/STUDIO/downlink/bin/darksubng: Input image            = [iracebwc.fits]
/sos/sw/S19.2.0/STUDIO/downlink/bin/darksubng: Input uncertainty      = []
/sos/sw/S19.2.0/STUDIO/downlink/bin/darksubng: Output image           = [!labdarksub.fits]
/sos/sw/S19.2.0/STUDIO/downlink/bin/darksubng: Output uncertainty     = []
/sos/sw/S19.2.0/STUDIO/downlink/bin/darksubng: Dark                   = [cal/labdark.fits]
/sos/sw/S19.2.0/STUDIO/downlink/bin/darksubng: Pmask file             = [cal/pmask.fits]
/sos/sw/S19.2.0/STUDIO/downlink/bin/darksubng: Pmask fatality bitmask = [65536]
/sos/sw/S19.2.0/STUDIO/downlink/bin/darksubng: Dmask file             = [dmask.fits]
/sos/sw/S19.2.0/STUDIO/downlink/bin/darksubng: Dmask fatality bitmask = [65536]
/sos/sw/S19.2.0/STUDIO/downlink/bin/darksubng: Cmask file             = []
/sos/sw/S19.2.0/STUDIO/downlink/bin/darksubng: Cmask fatality bitmask = [65536]
/sos/sw/S19.2.0/STUDIO/downlink/bin/darksubng: Logfile                = []
/sos/sw/S19.2.0/STUDIO/downlink/bin/darksubng: Ancillary Path         = [/sos/sw/S19.2.0/STUDIO/downlink/include]
/sos/sw/S19.2.0/STUDIO/downlink/bin/darksubng: Uncertainty calculations will not be made
/sos/sw/S19.2.0/STUDIO/downlink/bin/darksubng: WARNING cal/labdark.fits has no BUNIT key
/sos/sw/S19.2.0/STUDIO/downlink/bin/darksubng: WARNING assuming cal/labdark.fits is in DN
/sos/sw/S19.2.0/STUDIO/downlink/bin/darksubng: WARNING cal/labdark.fits has no EXPTIME key
/sos/sw/S19.2.0/STUDIO/downlink/bin/darksubng: WARNING cal/labdark.fits has no GAIN keywords
/sos/sw/S19.2.0/STUDIO/downlink/bin/darksubng: compute - performing any unit conversions
/sos/sw/S19.2.0/STUDIO/downlink/bin/darksubng: compute - starting subtraction with masking 
/sos/sw/S19.2.0/STUDIO/downlink/bin/darksubng: Processing successful; Exiting

darksubng   exit_value =   0    execution_time = 0.150s
READ Noise !! =  9.4
******************************************************************
Pipeline executing snestimator
snestimator -i labdarksub.fits -n cdf/pn107.nl -a /sos/sw/S19.2.0/STUDIO/downlink/include -p cal/pmask.fits -d dmask.fits -on sig_snestimator.fits -g 3.71 -r 9.4 
******************************************************************
verbose 0

Program SNESTIMATOR, Version 1.5
Namelist File  = cdf/pn107.nl
Input FITS Image = labdarksub.fits
Noise Image = sig_snestimator.fits
Denominator type = IRAC_MODEL
Edge Pixels Excluded = 0
Gain Channel 1 = 3.710000 Channel 2 = 3.710000 Channel 3 = 3.710000 Channel 4 = 3.710000
Read Noise = 9.400000
Confusion Sigma = 0.000000
Ancillary Data-File Path = /sos/sw/S19.2.0/STUDIO/downlink/include
Verbose flag = 0
Super-verbose flag = 0
Debug flag = 0
snestimator Status Message      0x0000
Normal exit from Function 0x0000: LOG_WRITER
Processing time: 0.090000 seconds
Current date/time: Sat Jan  9 14:57:20 2016
Program SNESTIMATOR, version 1.5, terminated


snestimator   exit_value =   0    execution_time = 0.180s
******************************************************************
Pipeline executing darksubng
darksubng -i iracebwc.fits -iu sig_snestimator.fits -a /sos/sw/S19.2.0/STUDIO/downlink/include -p cal/pmask.fits -d dmask.fits -o labdarksub.fits -ou sig_labdarksub.fits -cc cal/labdark.fits -v 
******************************************************************
/sos/sw/S19.2.0/STUDIO/downlink/bin/darksubng: namelist not given
/sos/sw/S19.2.0/STUDIO/downlink/bin/darksubng: Namelist               = []
/sos/sw/S19.2.0/STUDIO/downlink/bin/darksubng: Input image            = [iracebwc.fits]
/sos/sw/S19.2.0/STUDIO/downlink/bin/darksubng: Input uncertainty      = [sig_snestimator.fits]
/sos/sw/S19.2.0/STUDIO/downlink/bin/darksubng: Output image           = [!labdarksub.fits]
/sos/sw/S19.2.0/STUDIO/downlink/bin/darksubng: Output uncertainty     = [!sig_labdarksub.fits]
/sos/sw/S19.2.0/STUDIO/downlink/bin/darksubng: Dark                   = [cal/labdark.fits]
/sos/sw/S19.2.0/STUDIO/downlink/bin/darksubng: Pmask file             = [cal/pmask.fits]
/sos/sw/S19.2.0/STUDIO/downlink/bin/darksubng: Pmask fatality bitmask = [65536]
/sos/sw/S19.2.0/STUDIO/downlink/bin/darksubng: Dmask file             = [dmask.fits]
/sos/sw/S19.2.0/STUDIO/downlink/bin/darksubng: Dmask fatality bitmask = [65536]
/sos/sw/S19.2.0/STUDIO/downlink/bin/darksubng: Cmask file             = []
/sos/sw/S19.2.0/STUDIO/downlink/bin/darksubng: Cmask fatality bitmask = [65536]
/sos/sw/S19.2.0/STUDIO/downlink/bin/darksubng: Logfile                = []
/sos/sw/S19.2.0/STUDIO/downlink/bin/darksubng: Ancillary Path         = [/sos/sw/S19.2.0/STUDIO/downlink/include]
/sos/sw/S19.2.0/STUDIO/downlink/bin/darksubng: Uncertainty calculations will be made
/sos/sw/S19.2.0/STUDIO/downlink/bin/darksubng: WARNING cal/labdark.fits has no BUNIT key
/sos/sw/S19.2.0/STUDIO/downlink/bin/darksubng: WARNING assuming cal/labdark.fits is in DN
/sos/sw/S19.2.0/STUDIO/downlink/bin/darksubng: WARNING cal/labdark.fits has no EXPTIME key
/sos/sw/S19.2.0/STUDIO/downlink/bin/darksubng: WARNING cal/labdark.fits has no GAIN keywords
/sos/sw/S19.2.0/STUDIO/downlink/bin/darksubng: compute - performing any unit conversions
/sos/sw/S19.2.0/STUDIO/downlink/bin/darksubng: compute - starting subtraction with masking 
/sos/sw/S19.2.0/STUDIO/downlink/bin/darksubng: Processing successful; Exiting

darksubng   exit_value =   0    execution_time = 0.250s
******************************************************************
Pipeline executing fowlinearize
fowlinearize -i1 labdarksub.fits -i3 sig_labdarksub.fits -n cdf/pn107.nl -a /sos/sw/S19.2.0/STUDIO/downlink/include -ip cal/pmask.fits -i2 cal/lincal.fits -id dmask.fits -o1 fowlinearize.fits -o2 sig_fowlinearize.fits -c 10 
******************************************************************

Program FOWLINEARIZE, Version 4.9
Namelist File  = cdf/pn107.nl
Input File 1 = labdarksub.fits
Input File 2 = cal/lincal.fits
Input File 3 = sig_labdarksub.fits
Model_Flag(1=quad. 2=cubic) = 1
Clock_Readout(10=sub-array, 200=full-array) = 10.000000
Input PMask Image = cal/pmask.fits
Unusable PMask Bits = 16384
Input DMask Image = dmask.fits
Unusable DMask Bits = 8192
Not-linearized DMask Bit = 4096
Not-linearized DMask Bit due to lincal-model saturation = 8192
Output File 1 = fowlinearize.fits
Output File 2 = sig_fowlinearize.fits
Ancillary Data-File Path = /sos/sw/S19.2.0/STUDIO/downlink/include
Verbose flag = 0
Super-verbose flag = 0
Debug flag = 0
Performed linearity correction.
Program fowlinearize: Status Message: 0x0000
Normal exit from Function 0x0000: LOG_WRITER
Processing time: 0.290000 seconds
Current date/time: Sat Jan  9 14:57:22 2016
Program FOWLINEARIZE, version 4.9, terminated.

fowlinearize   exit_value =   0    execution_time = 0.380s
Read Noise =  9.4
 hdrupd8 vsn 1.6  A70821
******************************************************************
Pipeline executing bgmodel
bgmodel -i fowlinearize.fits -n cdf/pn107.nl -h 
******************************************************************

Online Namelist file descriptor associated
Online namelist buffer loaded: length = 7422
bgmodel_log_writer: Printing Log output to stdout
bgmodel  Version 1.0
Namelist File  = cdf/pn107.nl
Input Image = fowlinearize.fits
Ephemeris = /scr7/S19.2.0/cdf/spice/sirtf.bsp
LeapSec Kernel = /scr7/S19.2.0/cdf/spice/leapseconds.ker
SPK Kernel = /scr7/S19.2.0/cdf/spice/de.bsp

bgmodel  Status Message      0x0000: No error.
Time = 0.070 seconds

Background exits with status = 0


bgmodel   exit_value =   0    execution_time = 0.130s
******************************************************************
Pipeline executing hdrupd8
hdrupd8 fowlinearize.fits -a addkeys.dat 
******************************************************************
 hdrupd8 vsn 1.6  A70821

hdrupd8   exit_value =   0    execution_time = 0.470s
SkyDk Med DN      = 16.56367 
Exposure time     = 1.92
SkyDk Med DN rate = 8.62691145833333
Flux Conv         = 0.1447 
SkyDk Med Flux    = 1.24831408802083
Image File = fowlinearize.fits 

 hdrupd8 vsn 1.6  A70821
 hdrupd8 vsn 1.6  A70821
 hdrupd8 vsn 1.6  A70821
 hdrupd8 vsn 1.6  A70821
 hdrupd8 vsn 1.6  A70821
******************************************************************
Pipeline executing darksubng
darksubng -i fowlinearize.fits -iu sig_fowlinearize.fits -a /sos/sw/S19.2.0/STUDIO/downlink/include -p cal/pmask.fits -d dmask.fits -o skydarksub.fits -ou sig_skydarksub.fits -cc cal/skydark.fits -v -c cal/skydark_cmask.fits 
******************************************************************
/sos/sw/S19.2.0/STUDIO/downlink/bin/darksubng: namelist not given
/sos/sw/S19.2.0/STUDIO/downlink/bin/darksubng: Namelist               = []
/sos/sw/S19.2.0/STUDIO/downlink/bin/darksubng: Input image            = [fowlinearize.fits]
/sos/sw/S19.2.0/STUDIO/downlink/bin/darksubng: Input uncertainty      = [sig_fowlinearize.fits]
/sos/sw/S19.2.0/STUDIO/downlink/bin/darksubng: Output image           = [!skydarksub.fits]
/sos/sw/S19.2.0/STUDIO/downlink/bin/darksubng: Output uncertainty     = [!sig_skydarksub.fits]
/sos/sw/S19.2.0/STUDIO/downlink/bin/darksubng: Dark                   = [cal/skydark.fits]
/sos/sw/S19.2.0/STUDIO/downlink/bin/darksubng: Pmask file             = [cal/pmask.fits]
/sos/sw/S19.2.0/STUDIO/downlink/bin/darksubng: Pmask fatality bitmask = [65536]
/sos/sw/S19.2.0/STUDIO/downlink/bin/darksubng: Dmask file             = [dmask.fits]
/sos/sw/S19.2.0/STUDIO/downlink/bin/darksubng: Dmask fatality bitmask = [65536]
/sos/sw/S19.2.0/STUDIO/downlink/bin/darksubng: Cmask file             = [cal/skydark_cmask.fits]
/sos/sw/S19.2.0/STUDIO/downlink/bin/darksubng: Cmask fatality bitmask = [65536]
/sos/sw/S19.2.0/STUDIO/downlink/bin/darksubng: Logfile                = []
/sos/sw/S19.2.0/STUDIO/downlink/bin/darksubng: Ancillary Path         = [/sos/sw/S19.2.0/STUDIO/downlink/include]
/sos/sw/S19.2.0/STUDIO/downlink/bin/darksubng: Uncertainty calculations will be made
/sos/sw/S19.2.0/STUDIO/downlink/bin/darksubng: compute - performing any unit conversions
/sos/sw/S19.2.0/STUDIO/downlink/bin/darksubng: compute - starting subtraction with masking 
/sos/sw/S19.2.0/STUDIO/downlink/bin/darksubng: Processing successful; Exiting

darksubng   exit_value =   0    execution_time = 0.210s
******************************************************************
Pipeline executing darkdrift
darkdrift -i skydarksub.fits -iu sig_skydarksub.fits -n cdf/pn107.nl -a /sos/sw/S19.2.0/STUDIO/downlink/include -o1 darkdrift.fits -o2 darkdriftcorr.fits -o3 darkdrift.tbl -ou sig_darkdrift.fits 
******************************************************************
Program darkdrift, Version 4.1
Namelist File  = cdf/pn107.nl
Input Image = skydarksub.fits
Input Uncertainty Image = sig_skydarksub.fits
Output Image 1 (corrected image) = darkdrift.fits
Output Image 2 (corrections) = darkdriftcorr.fits
Output Image 3 (uncertainties) = sig_darkdrift.fits
Output File 3 = darkdrift.tbl
Central fraction for trimmed average  = 0.900000
Central fraction for trimmed std. dev. = 0.900000
Time_Input = 0.250000
Time_Before = 0.000000
Time_After = 1.000000
Temp_Input = 270.000000
Temp_Before = 280.000000
Temp_After = 260.000000
Calculation Type = 1
Input-Image Transpose Flag = 1
Multiplicative-Correction Flag (Additive if zero) = 0
Readout Channel to exclude (none if zero) = 0
Data-Plane Flag = 1
Ancillary Data-File Path = /sos/sw/S19.2.0/STUDIO/downlink/include
Verbose flag = 0
Super-verbose flag = 0
Debug flag = 0
Dark-current offsets estimated from input image.

Detailed darkdrift calculational results:
...for data plane = 1
Darkdrift correction for readout-channel 1 = -0.078935
Darkdrift correction for readout-channel 2 = -0.165185
Darkdrift correction for readout-channel 3 = 0.368000
Darkdrift correction for readout-channel 4 = -0.123879
Darkdrift uncertainty for readout-channel 1 = 0.374498
Darkdrift uncertainty for readout-channel 2 = 0.374289
Darkdrift uncertainty for readout-channel 3 = 0.301163
Darkdrift uncertainty for readout-channel 4 = 0.301279
Trimmed average of values in readout-channel 1 = 7.262527
Trimmed average of values in readout-channel 2 = 7.176277
Trimmed average of values in readout-channel 3 = 7.709463
Trimmed average of values in readout-channel 4 = 7.217583
Darkdrift background term = 7.341462
...for data plane = 2
Darkdrift correction for readout-channel 1 = 0.543847
Darkdrift correction for readout-channel 2 = -0.928446
Darkdrift correction for readout-channel 3 = 0.057685
Darkdrift correction for readout-channel 4 = 0.326914
Darkdrift uncertainty for readout-channel 1 = 0.304113
Darkdrift uncertainty for readout-channel 2 = 0.266221
Darkdrift uncertainty for readout-channel 3 = 0.378649
Darkdrift uncertainty for readout-channel 4 = 0.303153
Trimmed average of values in readout-channel 1 = 5.408714
Trimmed average of values in readout-channel 2 = 3.936421
Trimmed average of values in readout-channel 3 = 4.922552
Trimmed average of values in readout-channel 4 = 5.191781
Darkdrift background term = 4.864867
...for data plane = 3
Darkdrift correction for readout-channel 1 = 0.566500
Darkdrift correction for readout-channel 2 = -0.575708
Darkdrift correction for readout-channel 3 = 0.066986
Darkdrift correction for readout-channel 4 = -0.057778
Darkdrift uncertainty for readout-channel 1 = 0.303382
Darkdrift uncertainty for readout-channel 2 = 0.302980
Darkdrift uncertainty for readout-channel 3 = 0.303300
Darkdrift uncertainty for readout-channel 4 = 0.302979
Trimmed average of values in readout-channel 1 = 5.739204
Trimmed average of values in readout-channel 2 = 4.596997
Trimmed average of values in readout-channel 3 = 5.239691
Trimmed average of values in readout-channel 4 = 5.114926
Darkdrift background term = 5.172704
...for data plane = 4
Darkdrift correction for readout-channel 1 = 0.322294
Darkdrift correction for readout-channel 2 = -0.331057
Darkdrift correction for readout-channel 3 = -0.107969
Darkdrift correction for readout-channel 4 = 0.116731
Darkdrift uncertainty for readout-channel 1 = 0.302968
Darkdrift uncertainty for readout-channel 2 = 0.302978
Darkdrift uncertainty for readout-channel 3 = 0.302912
Darkdrift uncertainty for readout-channel 4 = 0.303142
Trimmed average of values in readout-channel 1 = 5.802760
Trimmed average of values in readout-channel 2 = 5.149410
Trimmed average of values in readout-channel 3 = 5.372497
Trimmed average of values in readout-channel 4 = 5.597197
Darkdrift background term = 5.480466
...for data plane = 5
Darkdrift correction for readout-channel 1 = -0.015831
Darkdrift correction for readout-channel 2 = -0.376929
Darkdrift correction for readout-channel 3 = 0.286857
Darkdrift correction for readout-channel 4 = 0.105904
Darkdrift uncertainty for readout-channel 1 = 0.303371
Darkdrift uncertainty for readout-channel 2 = 0.303253
Darkdrift uncertainty for readout-channel 3 = 0.303057
Darkdrift uncertainty for readout-channel 4 = 0.302726
Trimmed average of values in readout-channel 1 = 5.681479
Trimmed average of values in readout-channel 2 = 5.320381
Trimmed average of values in readout-channel 3 = 5.984167
Trimmed average of values in readout-channel 4 = 5.803214
Darkdrift background term = 5.697310
...for data plane = 6
Darkdrift correction for readout-channel 1 = 0.084834
Darkdrift correction for readout-channel 2 = 0.037536
Darkdrift correction for readout-channel 3 = -0.118856
Darkdrift correction for readout-channel 4 = -0.003514
Darkdrift uncertainty for readout-channel 1 = 0.303020
Darkdrift uncertainty for readout-channel 2 = 0.302990
Darkdrift uncertainty for readout-channel 3 = 0.302978
Darkdrift uncertainty for readout-channel 4 = 0.304350
Trimmed average of values in readout-channel 1 = 5.682837
Trimmed average of values in readout-channel 2 = 5.635539
Trimmed average of values in readout-channel 3 = 5.479147
Trimmed average of values in readout-channel 4 = 5.594489
Darkdrift background term = 5.598003
...for data plane = 7
Darkdrift correction for readout-channel 1 = 0.277744
Darkdrift correction for readout-channel 2 = -0.018363
Darkdrift correction for readout-channel 3 = 0.015341
Darkdrift correction for readout-channel 4 = -0.274722
Darkdrift uncertainty for readout-channel 1 = 0.302966
Darkdrift uncertainty for readout-channel 2 = 0.302986
Darkdrift uncertainty for readout-channel 3 = 0.303062
Darkdrift uncertainty for readout-channel 4 = 0.303056
Trimmed average of values in readout-channel 1 = 5.734949
Trimmed average of values in readout-channel 2 = 5.438843
Trimmed average of values in readout-channel 3 = 5.472546
Trimmed average of values in readout-channel 4 = 5.182484
Darkdrift background term = 5.457206
...for data plane = 8
Darkdrift correction for readout-channel 1 = 0.150262
Darkdrift correction for readout-channel 2 = -0.219389
Darkdrift correction for readout-channel 3 = -0.077986
Darkdrift correction for readout-channel 4 = 0.147112
Darkdrift uncertainty for readout-channel 1 = 0.303226
Darkdrift uncertainty for readout-channel 2 = 0.303255
Darkdrift uncertainty for readout-channel 3 = 0.340845
Darkdrift uncertainty for readout-channel 4 = 0.302761
Trimmed average of values in readout-channel 1 = 5.799475
Trimmed average of values in readout-channel 2 = 5.429824
Trimmed average of values in readout-channel 3 = 5.571227
Trimmed average of values in readout-channel 4 = 5.796325
Darkdrift background term = 5.649213
...for data plane = 9
Darkdrift correction for readout-channel 1 = 0.168872
Darkdrift correction for readout-channel 2 = -0.076389
Darkdrift correction for readout-channel 3 = 0.087480
Darkdrift correction for readout-channel 4 = -0.179963
Darkdrift uncertainty for readout-channel 1 = 0.302835
Darkdrift uncertainty for readout-channel 2 = 0.302697
Darkdrift uncertainty for readout-channel 3 = 0.378104
Darkdrift uncertainty for readout-channel 4 = 0.305141
Trimmed average of values in readout-channel 1 = 5.516687
Trimmed average of values in readout-channel 2 = 5.271427
Trimmed average of values in readout-channel 3 = 5.435296
Trimmed average of values in readout-channel 4 = 5.167852
Darkdrift background term = 5.347815
...for data plane = 10
Darkdrift correction for readout-channel 1 = 0.035022
Darkdrift correction for readout-channel 2 = -0.100409
Darkdrift correction for readout-channel 3 = -0.068574
Darkdrift correction for readout-channel 4 = 0.133961
Darkdrift uncertainty for readout-channel 1 = 0.303108
Darkdrift uncertainty for readout-channel 2 = 0.307119
Darkdrift uncertainty for readout-channel 3 = 0.302984
Darkdrift uncertainty for readout-channel 4 = 0.302977
Trimmed average of values in readout-channel 1 = 5.903584
Trimmed average of values in readout-channel 2 = 5.768153
Trimmed average of values in readout-channel 3 = 5.799988
Trimmed average of values in readout-channel 4 = 6.002523
Darkdrift background term = 5.868562
...for data plane = 11
Darkdrift correction for readout-channel 1 = 0.101921
Darkdrift correction for readout-channel 2 = -0.454394
Darkdrift correction for readout-channel 3 = 0.392657
Darkdrift correction for readout-channel 4 = -0.040184
Darkdrift uncertainty for readout-channel 1 = 0.302840
Darkdrift uncertainty for readout-channel 2 = 0.302969
Darkdrift uncertainty for readout-channel 3 = 0.303150
Darkdrift uncertainty for readout-channel 4 = 0.302984
Trimmed average of values in readout-channel 1 = 5.860569
Trimmed average of values in readout-channel 2 = 5.304255
Trimmed average of values in readout-channel 3 = 6.151306
Trimmed average of values in readout-channel 4 = 5.718465
Darkdrift background term = 5.758649
...for data plane = 12
Darkdrift correction for readout-channel 1 = -0.149520
Darkdrift correction for readout-channel 2 = 0.180711
Darkdrift correction for readout-channel 3 = -0.060885
Darkdrift correction for readout-channel 4 = 0.029695
Darkdrift uncertainty for readout-channel 1 = 0.302864
Darkdrift uncertainty for readout-channel 2 = 0.304898
Darkdrift uncertainty for readout-channel 3 = 0.303081
Darkdrift uncertainty for readout-channel 4 = 0.303301
Trimmed average of values in readout-channel 1 = 6.045011
Trimmed average of values in readout-channel 2 = 6.375242
Trimmed average of values in readout-channel 3 = 6.133646
Trimmed average of values in readout-channel 4 = 6.224226
Darkdrift background term = 6.194531
...for data plane = 13
Darkdrift correction for readout-channel 1 = -0.091312
Darkdrift correction for readout-channel 2 = -0.119379
Darkdrift correction for readout-channel 3 = 0.143240
Darkdrift correction for readout-channel 4 = 0.067451
Darkdrift uncertainty for readout-channel 1 = 0.303228
Darkdrift uncertainty for readout-channel 2 = 0.303802
Darkdrift uncertainty for readout-channel 3 = 0.302970
Darkdrift uncertainty for readout-channel 4 = 0.302988
Trimmed average of values in readout-channel 1 = 5.894939
Trimmed average of values in readout-channel 2 = 5.866872
Trimmed average of values in readout-channel 3 = 6.129492
Trimmed average of values in readout-channel 4 = 6.053703
Darkdrift background term = 5.986252
...for data plane = 14
Darkdrift correction for readout-channel 1 = 0.036208
Darkdrift correction for readout-channel 2 = -0.268596
Darkdrift correction for readout-channel 3 = -0.065400
Darkdrift correction for readout-channel 4 = 0.297788
Darkdrift uncertainty for readout-channel 1 = 0.302977
Darkdrift uncertainty for readout-channel 2 = 0.303236
Darkdrift uncertainty for readout-channel 3 = 0.302735
Darkdrift uncertainty for readout-channel 4 = 0.303226
Trimmed average of values in readout-channel 1 = 6.135087
Trimmed average of values in readout-channel 2 = 5.830283
Trimmed average of values in readout-channel 3 = 6.033480
Trimmed average of values in readout-channel 4 = 6.396667
Darkdrift background term = 6.098879
...for data plane = 15
Darkdrift correction for readout-channel 1 = -0.018975
Darkdrift correction for readout-channel 2 = -0.252698
Darkdrift correction for readout-channel 3 = -0.067822
Darkdrift correction for readout-channel 4 = 0.339495
Darkdrift uncertainty for readout-channel 1 = 0.303498
Darkdrift uncertainty for readout-channel 2 = 0.302698
Darkdrift uncertainty for readout-channel 3 = 0.302984
Darkdrift uncertainty for readout-channel 4 = 0.302813
Trimmed average of values in readout-channel 1 = 5.803079
Trimmed average of values in readout-channel 2 = 5.569357
Trimmed average of values in readout-channel 3 = 5.754232
Trimmed average of values in readout-channel 4 = 6.161549
Darkdrift background term = 5.822054
...for data plane = 16
Darkdrift correction for readout-channel 1 = -0.170220
Darkdrift correction for readout-channel 2 = -0.637914
Darkdrift correction for readout-channel 3 = 0.115825
Darkdrift correction for readout-channel 4 = 0.692309
Darkdrift uncertainty for readout-channel 1 = 0.302840
Darkdrift uncertainty for readout-channel 2 = 0.304085
Darkdrift uncertainty for readout-channel 3 = 0.302953
Darkdrift uncertainty for readout-channel 4 = 0.303137
Trimmed average of values in readout-channel 1 = 5.260844
Trimmed average of values in readout-channel 2 = 4.793150
Trimmed average of values in readout-channel 3 = 5.546889
Trimmed average of values in readout-channel 4 = 6.123373
Darkdrift background term = 5.431064
...for data plane = 17
Darkdrift correction for readout-channel 1 = -0.309127
Darkdrift correction for readout-channel 2 = -0.001083
Darkdrift correction for readout-channel 3 = 0.124312
Darkdrift correction for readout-channel 4 = 0.185898
Darkdrift uncertainty for readout-channel 1 = 0.302964
Darkdrift uncertainty for readout-channel 2 = 0.304359
Darkdrift uncertainty for readout-channel 3 = 0.303135
Darkdrift uncertainty for readout-channel 4 = 0.302970
Trimmed average of values in readout-channel 1 = 5.602297
Trimmed average of values in readout-channel 2 = 5.910341
Trimmed average of values in readout-channel 3 = 6.035737
Trimmed average of values in readout-channel 4 = 6.097322
Darkdrift background term = 5.911424
...for data plane = 18
Darkdrift correction for readout-channel 1 = 0.104805
Darkdrift correction for readout-channel 2 = -0.371628
Darkdrift correction for readout-channel 3 = 0.124956
Darkdrift correction for readout-channel 4 = 0.141867
Darkdrift uncertainty for readout-channel 1 = 0.301761
Darkdrift uncertainty for readout-channel 2 = 0.303524
Darkdrift uncertainty for readout-channel 3 = 0.302984
Darkdrift uncertainty for readout-channel 4 = 0.303146
Trimmed average of values in readout-channel 1 = 5.796876
Trimmed average of values in readout-channel 2 = 5.320443
Trimmed average of values in readout-channel 3 = 5.817027
Trimmed average of values in readout-channel 4 = 5.833938
Darkdrift background term = 5.692071
...for data plane = 19
Darkdrift correction for readout-channel 1 = 0.020123
Darkdrift correction for readout-channel 2 = -0.277462
Darkdrift correction for readout-channel 3 = -0.129859
Darkdrift correction for readout-channel 4 = 0.387198
Darkdrift uncertainty for readout-channel 1 = 0.302970
Darkdrift uncertainty for readout-channel 2 = 0.303246
Darkdrift uncertainty for readout-channel 3 = 0.302658
Darkdrift uncertainty for readout-channel 4 = 0.302979
Trimmed average of values in readout-channel 1 = 5.888423
Trimmed average of values in readout-channel 2 = 5.590839
Trimmed average of values in readout-channel 3 = 5.738441
Trimmed average of values in readout-channel 4 = 6.255498
Darkdrift background term = 5.868300
...for data plane = 20
Darkdrift correction for readout-channel 1 = -0.245000
Darkdrift correction for readout-channel 2 = 0.073968
Darkdrift correction for readout-channel 3 = 0.047770
Darkdrift correction for readout-channel 4 = 0.123261
Darkdrift uncertainty for readout-channel 1 = 0.303752
Darkdrift uncertainty for readout-channel 2 = 0.301029
Darkdrift uncertainty for readout-channel 3 = 0.302976
Darkdrift uncertainty for readout-channel 4 = 0.302987
Trimmed average of values in readout-channel 1 = 5.581930
Trimmed average of values in readout-channel 2 = 5.900898
Trimmed average of values in readout-channel 3 = 5.874700
Trimmed average of values in readout-channel 4 = 5.950191
Darkdrift background term = 5.826930
...for data plane = 21
Darkdrift correction for readout-channel 1 = 0.217080
Darkdrift correction for readout-channel 2 = -0.370579
Darkdrift correction for readout-channel 3 = 0.117473
Darkdrift correction for readout-channel 4 = 0.036026
Darkdrift uncertainty for readout-channel 1 = 0.303353
Darkdrift uncertainty for readout-channel 2 = 0.229840
Darkdrift uncertainty for readout-channel 3 = 0.303297
Darkdrift uncertainty for readout-channel 4 = 0.303163
Trimmed average of values in readout-channel 1 = 6.351820
Trimmed average of values in readout-channel 2 = 5.764160
Trimmed average of values in readout-channel 3 = 6.252212
Trimmed average of values in readout-channel 4 = 6.170765
Darkdrift background term = 6.134739
...for data plane = 22
Darkdrift correction for readout-channel 1 = -0.028957
Darkdrift correction for readout-channel 2 = -0.225436
Darkdrift correction for readout-channel 3 = 0.121493
Darkdrift correction for readout-channel 4 = 0.132900
Darkdrift uncertainty for readout-channel 1 = 0.303241
Darkdrift uncertainty for readout-channel 2 = 0.302960
Darkdrift uncertainty for readout-channel 3 = 0.302968
Darkdrift uncertainty for readout-channel 4 = 0.303071
Trimmed average of values in readout-channel 1 = 5.887266
Trimmed average of values in readout-channel 2 = 5.690787
Trimmed average of values in readout-channel 3 = 6.037716
Trimmed average of values in readout-channel 4 = 6.049123
Darkdrift background term = 5.916223
...for data plane = 23
Darkdrift correction for readout-channel 1 = -0.110428
Darkdrift correction for readout-channel 2 = -0.092127
Darkdrift correction for readout-channel 3 = 0.020325
Darkdrift correction for readout-channel 4 = 0.182230
Darkdrift uncertainty for readout-channel 1 = 0.303462
Darkdrift uncertainty for readout-channel 2 = 0.303804
Darkdrift uncertainty for readout-channel 3 = 0.303051
Darkdrift uncertainty for readout-channel 4 = 0.303149
Trimmed average of values in readout-channel 1 = 5.943029
Trimmed average of values in readout-channel 2 = 5.961329
Trimmed average of values in readout-channel 3 = 6.073782
Trimmed average of values in readout-channel 4 = 6.235687
Darkdrift background term = 6.053457
...for data plane = 24
Darkdrift correction for readout-channel 1 = -0.285750
Darkdrift correction for readout-channel 2 = 0.137981
Darkdrift correction for readout-channel 3 = 0.040569
Darkdrift correction for readout-channel 4 = 0.107199
Darkdrift uncertainty for readout-channel 1 = 0.303496
Darkdrift uncertainty for readout-channel 2 = 0.303552
Darkdrift uncertainty for readout-channel 3 = 0.302978
Darkdrift uncertainty for readout-channel 4 = 0.302892
Trimmed average of values in readout-channel 1 = 5.626603
Trimmed average of values in readout-channel 2 = 6.050334
Trimmed average of values in readout-channel 3 = 5.952922
Trimmed average of values in readout-channel 4 = 6.019551
Darkdrift background term = 5.912352
...for data plane = 25
Darkdrift correction for readout-channel 1 = 0.386947
Darkdrift correction for readout-channel 2 = -0.250936
Darkdrift correction for readout-channel 3 = 0.029096
Darkdrift correction for readout-channel 4 = -0.165107
Darkdrift uncertainty for readout-channel 1 = 0.303975
Darkdrift uncertainty for readout-channel 2 = 0.254400
Darkdrift uncertainty for readout-channel 3 = 0.303447
Darkdrift uncertainty for readout-channel 4 = 0.303067
Trimmed average of values in readout-channel 1 = 5.904032
Trimmed average of values in readout-channel 2 = 5.266149
Trimmed average of values in readout-channel 3 = 5.546181
Trimmed average of values in readout-channel 4 = 5.351978
Darkdrift background term = 5.517085
...for data plane = 26
Darkdrift correction for readout-channel 1 = 0.012187
Darkdrift correction for readout-channel 2 = -0.659144
Darkdrift correction for readout-channel 3 = 0.401107
Darkdrift correction for readout-channel 4 = 0.245851
Darkdrift uncertainty for readout-channel 1 = 0.303352
Darkdrift uncertainty for readout-channel 2 = 0.303256
Darkdrift uncertainty for readout-channel 3 = 0.302974
Darkdrift uncertainty for readout-channel 4 = 0.228081
Trimmed average of values in readout-channel 1 = 5.823201
Trimmed average of values in readout-channel 2 = 5.151871
Trimmed average of values in readout-channel 3 = 6.212121
Trimmed average of values in readout-channel 4 = 6.056865
Darkdrift background term = 5.811014
...for data plane = 27
Darkdrift correction for readout-channel 1 = -0.125914
Darkdrift correction for readout-channel 2 = -0.006002
Darkdrift correction for readout-channel 3 = 0.222932
Darkdrift correction for readout-channel 4 = -0.091016
Darkdrift uncertainty for readout-channel 1 = 0.302964
Darkdrift uncertainty for readout-channel 2 = 0.304052
Darkdrift uncertainty for readout-channel 3 = 0.302969
Darkdrift uncertainty for readout-channel 4 = 0.302981
Trimmed average of values in readout-channel 1 = 5.844558
Trimmed average of values in readout-channel 2 = 5.964470
Trimmed average of values in readout-channel 3 = 6.193405
Trimmed average of values in readout-channel 4 = 5.879456
Darkdrift background term = 5.970472
...for data plane = 28
Darkdrift correction for readout-channel 1 = 0.340602
Darkdrift correction for readout-channel 2 = -0.161394
Darkdrift correction for readout-channel 3 = 0.015389
Darkdrift correction for readout-channel 4 = -0.194597
Darkdrift uncertainty for readout-channel 1 = 0.302447
Darkdrift uncertainty for readout-channel 2 = 0.302973
Darkdrift uncertainty for readout-channel 3 = 0.302987
Darkdrift uncertainty for readout-channel 4 = 0.302887
Trimmed average of values in readout-channel 1 = 6.090425
Trimmed average of values in readout-channel 2 = 5.588429
Trimmed average of values in readout-channel 3 = 5.765212
Trimmed average of values in readout-channel 4 = 5.555226
Darkdrift background term = 5.749823
...for data plane = 29
Darkdrift correction for readout-channel 1 = -0.317515
Darkdrift correction for readout-channel 2 = -0.465245
Darkdrift correction for readout-channel 3 = 0.046841
Darkdrift correction for readout-channel 4 = 0.735919
Darkdrift uncertainty for readout-channel 1 = 0.302983
Darkdrift uncertainty for readout-channel 2 = 0.304079
Darkdrift uncertainty for readout-channel 3 = 0.302994
Darkdrift uncertainty for readout-channel 4 = 0.302883
Trimmed average of values in readout-channel 1 = 5.452580
Trimmed average of values in readout-channel 2 = 5.304850
Trimmed average of values in readout-channel 3 = 5.816936
Trimmed average of values in readout-channel 4 = 6.506015
Darkdrift background term = 5.770095
...for data plane = 30
Darkdrift correction for readout-channel 1 = -0.185583
Darkdrift correction for readout-channel 2 = -0.345009
Darkdrift correction for readout-channel 3 = 0.219680
Darkdrift correction for readout-channel 4 = 0.310912
Darkdrift uncertainty for readout-channel 1 = 0.302965
Darkdrift uncertainty for readout-channel 2 = 0.303801
Darkdrift uncertainty for readout-channel 3 = 0.303303
Darkdrift uncertainty for readout-channel 4 = 0.303223
Trimmed average of values in readout-channel 1 = 5.951341
Trimmed average of values in readout-channel 2 = 5.791915
Trimmed average of values in readout-channel 3 = 6.356604
Trimmed average of values in readout-channel 4 = 6.447835
Darkdrift background term = 6.136924
...for data plane = 31
Darkdrift correction for readout-channel 1 = -0.207288
Darkdrift correction for readout-channel 2 = -0.446134
Darkdrift correction for readout-channel 3 = 0.786803
Darkdrift correction for readout-channel 4 = -0.133381
Darkdrift uncertainty for readout-channel 1 = 0.303254
Darkdrift uncertainty for readout-channel 2 = 0.302975
Darkdrift uncertainty for readout-channel 3 = 0.303625
Darkdrift uncertainty for readout-channel 4 = 0.377192
Trimmed average of values in readout-channel 1 = 5.918318
Trimmed average of values in readout-channel 2 = 5.679472
Trimmed average of values in readout-channel 3 = 6.912409
Trimmed average of values in readout-channel 4 = 5.992226
Darkdrift background term = 6.125606
...for data plane = 32
Darkdrift correction for readout-channel 1 = 0.365302
Darkdrift correction for readout-channel 2 = -0.129634
Darkdrift correction for readout-channel 3 = -0.543103
Darkdrift correction for readout-channel 4 = 0.307434
Darkdrift uncertainty for readout-channel 1 = 0.302133
Darkdrift uncertainty for readout-channel 2 = 0.303520
Darkdrift uncertainty for readout-channel 3 = 0.303056
Darkdrift uncertainty for readout-channel 4 = 0.303135
Trimmed average of values in readout-channel 1 = 6.039101
Trimmed average of values in readout-channel 2 = 5.544165
Trimmed average of values in readout-channel 3 = 5.130696
Trimmed average of values in readout-channel 4 = 5.981233
Darkdrift background term = 5.673799
...for data plane = 33
Darkdrift correction for readout-channel 1 = -0.069620
Darkdrift correction for readout-channel 2 = 0.276572
Darkdrift correction for readout-channel 3 = -0.182562
Darkdrift correction for readout-channel 4 = -0.024391
Darkdrift uncertainty for readout-channel 1 = 0.302977
Darkdrift uncertainty for readout-channel 2 = 0.302977
Darkdrift uncertainty for readout-channel 3 = 0.303457
Darkdrift uncertainty for readout-channel 4 = 0.302984
Trimmed average of values in readout-channel 1 = 5.641320
Trimmed average of values in readout-channel 2 = 5.987512
Trimmed average of values in readout-channel 3 = 5.528378
Trimmed average of values in readout-channel 4 = 5.686549
Darkdrift background term = 5.710940
...for data plane = 34
Darkdrift correction for readout-channel 1 = 0.086975
Darkdrift correction for readout-channel 2 = -0.241109
Darkdrift correction for readout-channel 3 = 0.049175
Darkdrift correction for readout-channel 4 = 0.104959
Darkdrift uncertainty for readout-channel 1 = 0.303234
Darkdrift uncertainty for readout-channel 2 = 0.303526
Darkdrift uncertainty for readout-channel 3 = 0.303124
Darkdrift uncertainty for readout-channel 4 = 0.302888
Trimmed average of values in readout-channel 1 = 6.008421
Trimmed average of values in readout-channel 2 = 5.680337
Trimmed average of values in readout-channel 3 = 5.970622
Trimmed average of values in readout-channel 4 = 6.026405
Darkdrift background term = 5.921446
...for data plane = 35
Darkdrift correction for readout-channel 1 = -0.290092
Darkdrift correction for readout-channel 2 = -0.560735
Darkdrift correction for readout-channel 3 = 0.367891
Darkdrift correction for readout-channel 4 = 0.482936
Darkdrift uncertainty for readout-channel 1 = 0.376507
Darkdrift uncertainty for readout-channel 2 = 0.303516
Darkdrift uncertainty for readout-channel 3 = 0.303219
Darkdrift uncertainty for readout-channel 4 = 0.302961
Trimmed average of values in readout-channel 1 = 5.274308
Trimmed average of values in readout-channel 2 = 5.003665
Trimmed average of values in readout-channel 3 = 5.932291
Trimmed average of values in readout-channel 4 = 6.047336
Darkdrift background term = 5.564400
...for data plane = 36
Darkdrift correction for readout-channel 1 = 0.042638
Darkdrift correction for readout-channel 2 = -0.039581
Darkdrift correction for readout-channel 3 = -0.044064
Darkdrift correction for readout-channel 4 = 0.041008
Darkdrift uncertainty for readout-channel 1 = 0.302975
Darkdrift uncertainty for readout-channel 2 = 0.302968
Darkdrift uncertainty for readout-channel 3 = 0.303217
Darkdrift uncertainty for readout-channel 4 = 0.302891
Trimmed average of values in readout-channel 1 = 5.619708
Trimmed average of values in readout-channel 2 = 5.537489
Trimmed average of values in readout-channel 3 = 5.533007
Trimmed average of values in readout-channel 4 = 5.618078
Darkdrift background term = 5.577071
...for data plane = 37
Darkdrift correction for readout-channel 1 = -0.114103
Darkdrift correction for readout-channel 2 = -0.522502
Darkdrift correction for readout-channel 3 = 0.233648
Darkdrift correction for readout-channel 4 = 0.402957
Darkdrift uncertainty for readout-channel 1 = 0.301934
Darkdrift uncertainty for readout-channel 2 = 0.302981
Darkdrift uncertainty for readout-channel 3 = 0.303241
Darkdrift uncertainty for readout-channel 4 = 0.302982
Trimmed average of values in readout-channel 1 = 5.725291
Trimmed average of values in readout-channel 2 = 5.316892
Trimmed average of values in readout-channel 3 = 6.073042
Trimmed average of values in readout-channel 4 = 6.242351
Darkdrift background term = 5.839394
...for data plane = 38
Darkdrift correction for readout-channel 1 = -0.162899
Darkdrift correction for readout-channel 2 = -0.349562
Darkdrift correction for readout-channel 3 = 0.459492
Darkdrift correction for readout-channel 4 = 0.052968
Darkdrift uncertainty for readout-channel 1 = 0.302836
Darkdrift uncertainty for readout-channel 2 = 0.302962
Darkdrift uncertainty for readout-channel 3 = 0.303296
Darkdrift uncertainty for readout-channel 4 = 0.302804
Trimmed average of values in readout-channel 1 = 5.745700
Trimmed average of values in readout-channel 2 = 5.559037
Trimmed average of values in readout-channel 3 = 6.368091
Trimmed average of values in readout-channel 4 = 5.961567
Darkdrift background term = 5.908599
...for data plane = 39
Darkdrift correction for readout-channel 1 = 0.125599
Darkdrift correction for readout-channel 2 = -0.092943
Darkdrift correction for readout-channel 3 = -0.240129
Darkdrift correction for readout-channel 4 = 0.207474
Darkdrift uncertainty for readout-channel 1 = 0.304523
Darkdrift uncertainty for readout-channel 2 = 0.302979
Darkdrift uncertainty for readout-channel 3 = 0.303472
Darkdrift uncertainty for readout-channel 4 = 0.303629
Trimmed average of values in readout-channel 1 = 5.898739
Trimmed average of values in readout-channel 2 = 5.680197
Trimmed average of values in readout-channel 3 = 5.533011
Trimmed average of values in readout-channel 4 = 5.980613
Darkdrift background term = 5.773140
...for data plane = 40
Darkdrift correction for readout-channel 1 = 0.403092
Darkdrift correction for readout-channel 2 = -0.119779
Darkdrift correction for readout-channel 3 = -0.004297
Darkdrift correction for readout-channel 4 = -0.279016
Darkdrift uncertainty for readout-channel 1 = 0.306261
Darkdrift uncertainty for readout-channel 2 = 0.303251
Darkdrift uncertainty for readout-channel 3 = 0.304297
Darkdrift uncertainty for readout-channel 4 = 0.227898
Trimmed average of values in readout-channel 1 = 5.926859
Trimmed average of values in readout-channel 2 = 5.403987
Trimmed average of values in readout-channel 3 = 5.519470
Trimmed average of values in readout-channel 4 = 5.244751
Darkdrift background term = 5.523766
...for data plane = 41
Darkdrift correction for readout-channel 1 = 0.282814
Darkdrift correction for readout-channel 2 = -0.120951
Darkdrift correction for readout-channel 3 = -0.196911
Darkdrift correction for readout-channel 4 = 0.035048
Darkdrift uncertainty for readout-channel 1 = 0.305053
Darkdrift uncertainty for readout-channel 2 = 0.301594
Darkdrift uncertainty for readout-channel 3 = 0.303213
Darkdrift uncertainty for readout-channel 4 = 0.303061
Trimmed average of values in readout-channel 1 = 6.070352
Trimmed average of values in readout-channel 2 = 5.666587
Trimmed average of values in readout-channel 3 = 5.590627
Trimmed average of values in readout-channel 4 = 5.822586
Darkdrift background term = 5.787538
...for data plane = 42
Darkdrift correction for readout-channel 1 = 0.040584
Darkdrift correction for readout-channel 2 = -0.140477
Darkdrift correction for readout-channel 3 = -0.289339
Darkdrift correction for readout-channel 4 = 0.389231
Darkdrift uncertainty for readout-channel 1 = 0.303623
Darkdrift uncertainty for readout-channel 2 = 0.303261
Darkdrift uncertainty for readout-channel 3 = 0.303213
Darkdrift uncertainty for readout-channel 4 = 0.302975
Trimmed average of values in readout-channel 1 = 5.411793
Trimmed average of values in readout-channel 2 = 5.230733
Trimmed average of values in readout-channel 3 = 5.081871
Trimmed average of values in readout-channel 4 = 5.760441
Darkdrift background term = 5.371209
...for data plane = 43
Darkdrift correction for readout-channel 1 = 0.049026
Darkdrift correction for readout-channel 2 = -0.277614
Darkdrift correction for readout-channel 3 = 0.385563
Darkdrift correction for readout-channel 4 = -0.156975
Darkdrift uncertainty for readout-channel 1 = 0.303483
Darkdrift uncertainty for readout-channel 2 = 0.228069
Darkdrift uncertainty for readout-channel 3 = 0.303236
Darkdrift uncertainty for readout-channel 4 = 0.302971
Trimmed average of values in readout-channel 1 = 5.817071
Trimmed average of values in readout-channel 2 = 5.490430
Trimmed average of values in readout-channel 3 = 6.153607
Trimmed average of values in readout-channel 4 = 5.611069
Darkdrift background term = 5.768044
...for data plane = 44
Darkdrift correction for readout-channel 1 = 0.142689
Darkdrift correction for readout-channel 2 = -0.229531
Darkdrift correction for readout-channel 3 = 0.004539
Darkdrift correction for readout-channel 4 = 0.082304
Darkdrift uncertainty for readout-channel 1 = 0.302848
Darkdrift uncertainty for readout-channel 2 = 0.303256
Darkdrift uncertainty for readout-channel 3 = 0.303042
Darkdrift uncertainty for readout-channel 4 = 0.303298
Trimmed average of values in readout-channel 1 = 5.599723
Trimmed average of values in readout-channel 2 = 5.227503
Trimmed average of values in readout-channel 3 = 5.461573
Trimmed average of values in readout-channel 4 = 5.539339
Darkdrift background term = 5.457035
...for data plane = 45
Darkdrift correction for readout-channel 1 = -0.020588
Darkdrift correction for readout-channel 2 = -0.131481
Darkdrift correction for readout-channel 3 = 0.310462
Darkdrift correction for readout-channel 4 = -0.158392
Darkdrift uncertainty for readout-channel 1 = 0.375341
Darkdrift uncertainty for readout-channel 2 = 0.302973
Darkdrift uncertainty for readout-channel 3 = 0.303542
Darkdrift uncertainty for readout-channel 4 = 0.302981
Trimmed average of values in readout-channel 1 = 5.782047
Trimmed average of values in readout-channel 2 = 5.671154
Trimmed average of values in readout-channel 3 = 6.113097
Trimmed average of values in readout-channel 4 = 5.644243
Darkdrift background term = 5.802635
...for data plane = 46
Darkdrift correction for readout-channel 1 = 0.701393
Darkdrift correction for readout-channel 2 = -0.607379
Darkdrift correction for readout-channel 3 = -0.085571
Darkdrift correction for readout-channel 4 = -0.008443
Darkdrift uncertainty for readout-channel 1 = 0.302982
Darkdrift uncertainty for readout-channel 2 = 0.302144
Darkdrift uncertainty for readout-channel 3 = 0.303223
Darkdrift uncertainty for readout-channel 4 = 0.302979
Trimmed average of values in readout-channel 1 = 6.789106
Trimmed average of values in readout-channel 2 = 5.480334
Trimmed average of values in readout-channel 3 = 6.002141
Trimmed average of values in readout-channel 4 = 6.079269
Darkdrift background term = 6.087713
...for data plane = 47
Darkdrift correction for readout-channel 1 = 0.060512
Darkdrift correction for readout-channel 2 = -0.270481
Darkdrift correction for readout-channel 3 = 0.112280
Darkdrift correction for readout-channel 4 = 0.097689
Darkdrift uncertainty for readout-channel 1 = 0.303854
Darkdrift uncertainty for readout-channel 2 = 0.302974
Darkdrift uncertainty for readout-channel 3 = 0.303311
Darkdrift uncertainty for readout-channel 4 = 0.303212
Trimmed average of values in readout-channel 1 = 5.972496
Trimmed average of values in readout-channel 2 = 5.641503
Trimmed average of values in readout-channel 3 = 6.024264
Trimmed average of values in readout-channel 4 = 6.009672
Darkdrift background term = 5.911984
...for data plane = 48
Darkdrift correction for readout-channel 1 = -0.262769
Darkdrift correction for readout-channel 2 = -0.029505
Darkdrift correction for readout-channel 3 = 0.450569
Darkdrift correction for readout-channel 4 = -0.158295
Darkdrift uncertainty for readout-channel 1 = 0.303490
Darkdrift uncertainty for readout-channel 2 = 0.302964
Darkdrift uncertainty for readout-channel 3 = 0.303136
Darkdrift uncertainty for readout-channel 4 = 0.378423
Trimmed average of values in readout-channel 1 = 5.692730
Trimmed average of values in readout-channel 2 = 5.925994
Trimmed average of values in readout-channel 3 = 6.406068
Trimmed average of values in readout-channel 4 = 5.797204
Darkdrift background term = 5.955499
...for data plane = 49
Darkdrift correction for readout-channel 1 = 0.026411
Darkdrift correction for readout-channel 2 = 0.520382
Darkdrift correction for readout-channel 3 = -0.168177
Darkdrift correction for readout-channel 4 = -0.378616
Darkdrift uncertainty for readout-channel 1 = 0.303753
Darkdrift uncertainty for readout-channel 2 = 0.302982
Darkdrift uncertainty for readout-channel 3 = 0.303059
Darkdrift uncertainty for readout-channel 4 = 0.303223
Trimmed average of values in readout-channel 1 = 5.544709
Trimmed average of values in readout-channel 2 = 6.038679
Trimmed average of values in readout-channel 3 = 5.350120
Trimmed average of values in readout-channel 4 = 5.139681
Darkdrift background term = 5.518297
...for data plane = 50
Darkdrift correction for readout-channel 1 = -0.469477
Darkdrift correction for readout-channel 2 = -0.370833
Darkdrift correction for readout-channel 3 = 0.434437
Darkdrift correction for readout-channel 4 = 0.405873
Darkdrift uncertainty for readout-channel 1 = 0.377501
Darkdrift uncertainty for readout-channel 2 = 0.304355
Darkdrift uncertainty for readout-channel 3 = 0.302976
Darkdrift uncertainty for readout-channel 4 = 0.302983
Trimmed average of values in readout-channel 1 = 5.155110
Trimmed average of values in readout-channel 2 = 5.253754
Trimmed average of values in readout-channel 3 = 6.059023
Trimmed average of values in readout-channel 4 = 6.030460
Darkdrift background term = 5.624587
...for data plane = 51
Darkdrift correction for readout-channel 1 = 0.041991
Darkdrift correction for readout-channel 2 = 0.144145
Darkdrift correction for readout-channel 3 = 0.048900
Darkdrift correction for readout-channel 4 = -0.235036
Darkdrift uncertainty for readout-channel 1 = 0.228520
Darkdrift uncertainty for readout-channel 2 = 0.302984
Darkdrift uncertainty for readout-channel 3 = 0.303122
Darkdrift uncertainty for readout-channel 4 = 0.302897
Trimmed average of values in readout-channel 1 = 5.274157
Trimmed average of values in readout-channel 2 = 5.376312
Trimmed average of values in readout-channel 3 = 5.281067
Trimmed average of values in readout-channel 4 = 4.997131
Darkdrift background term = 5.232167
...for data plane = 52
Darkdrift correction for readout-channel 1 = -0.200883
Darkdrift correction for readout-channel 2 = 0.044270
Darkdrift correction for readout-channel 3 = -0.290992
Darkdrift correction for readout-channel 4 = 0.447605
Darkdrift uncertainty for readout-channel 1 = 0.302985
Darkdrift uncertainty for readout-channel 2 = 0.302972
Darkdrift uncertainty for readout-channel 3 = 0.302809
Darkdrift uncertainty for readout-channel 4 = 0.303645
Trimmed average of values in readout-channel 1 = 5.406741
Trimmed average of values in readout-channel 2 = 5.651895
Trimmed average of values in readout-channel 3 = 5.316632
Trimmed average of values in readout-channel 4 = 6.055230
Darkdrift background term = 5.607625
...for data plane = 53
Darkdrift correction for readout-channel 1 = -0.000948
Darkdrift correction for readout-channel 2 = -0.014869
Darkdrift correction for readout-channel 3 = 0.066715
Darkdrift correction for readout-channel 4 = -0.050898
Darkdrift uncertainty for readout-channel 1 = 0.303331
Darkdrift uncertainty for readout-channel 2 = 0.301859
Darkdrift uncertainty for readout-channel 3 = 0.303051
Darkdrift uncertainty for readout-channel 4 = 0.303043
Trimmed average of values in readout-channel 1 = 5.617541
Trimmed average of values in readout-channel 2 = 5.603620
Trimmed average of values in readout-channel 3 = 5.685204
Trimmed average of values in readout-channel 4 = 5.567592
Darkdrift background term = 5.618489
...for data plane = 54
Darkdrift correction for readout-channel 1 = 0.142016
Darkdrift correction for readout-channel 2 = -0.082886
Darkdrift correction for readout-channel 3 = 0.003352
Darkdrift correction for readout-channel 4 = -0.062482
Darkdrift uncertainty for readout-channel 1 = 0.303230
Darkdrift uncertainty for readout-channel 2 = 0.303526
Darkdrift uncertainty for readout-channel 3 = 0.302825
Darkdrift uncertainty for readout-channel 4 = 0.302969
Trimmed average of values in readout-channel 1 = 5.895244
Trimmed average of values in readout-channel 2 = 5.670342
Trimmed average of values in readout-channel 3 = 5.756580
Trimmed average of values in readout-channel 4 = 5.690746
Darkdrift background term = 5.753228
...for data plane = 55
Darkdrift correction for readout-channel 1 = -0.398401
Darkdrift correction for readout-channel 2 = -0.095785
Darkdrift correction for readout-channel 3 = 0.092973
Darkdrift correction for readout-channel 4 = 0.401213
Darkdrift uncertainty for readout-channel 1 = 0.301149
Darkdrift uncertainty for readout-channel 2 = 0.302979
Darkdrift uncertainty for readout-channel 3 = 0.303200
Darkdrift uncertainty for readout-channel 4 = 0.303037
Trimmed average of values in readout-channel 1 = 5.463419
Trimmed average of values in readout-channel 2 = 5.766036
Trimmed average of values in readout-channel 3 = 5.954793
Trimmed average of values in readout-channel 4 = 6.263034
Darkdrift background term = 5.861821
...for data plane = 56
Darkdrift correction for readout-channel 1 = 0.222234
Darkdrift correction for readout-channel 2 = 0.122827
Darkdrift correction for readout-channel 3 = 0.190858
Darkdrift correction for readout-channel 4 = -0.535918
Darkdrift uncertainty for readout-channel 1 = 0.303106
Darkdrift uncertainty for readout-channel 2 = 0.303248
Darkdrift uncertainty for readout-channel 3 = 0.303043
Darkdrift uncertainty for readout-channel 4 = 0.302980
Trimmed average of values in readout-channel 1 = 5.791953
Trimmed average of values in readout-channel 2 = 5.692546
Trimmed average of values in readout-channel 3 = 5.760577
Trimmed average of values in readout-channel 4 = 5.033801
Darkdrift background term = 5.569719
...for data plane = 57
Darkdrift correction for readout-channel 1 = -0.064153
Darkdrift correction for readout-channel 2 = -0.319574
Darkdrift correction for readout-channel 3 = 0.045067
Darkdrift correction for readout-channel 4 = 0.338660
Darkdrift uncertainty for readout-channel 1 = 0.303108
Darkdrift uncertainty for readout-channel 2 = 0.302435
Darkdrift uncertainty for readout-channel 3 = 0.303061
Darkdrift uncertainty for readout-channel 4 = 0.303140
Trimmed average of values in readout-channel 1 = 5.812203
Trimmed average of values in readout-channel 2 = 5.556782
Trimmed average of values in readout-channel 3 = 5.921423
Trimmed average of values in readout-channel 4 = 6.215016
Darkdrift background term = 5.876356
...for data plane = 58
Darkdrift correction for readout-channel 1 = -0.183480
Darkdrift correction for readout-channel 2 = -0.426520
Darkdrift correction for readout-channel 3 = 0.419551
Darkdrift correction for readout-channel 4 = 0.190449
Darkdrift uncertainty for readout-channel 1 = 0.379452
Darkdrift uncertainty for readout-channel 2 = 0.303255
Darkdrift uncertainty for readout-channel 3 = 0.302540
Darkdrift uncertainty for readout-channel 4 = 0.303054
Trimmed average of values in readout-channel 1 = 0.255212
Trimmed average of values in readout-channel 2 = 0.012172
Trimmed average of values in readout-channel 3 = 0.858243
Trimmed average of values in readout-channel 4 = 0.629141
Darkdrift background term = 0.438692
...for data plane = 59
Darkdrift correction for readout-channel 1 = 0.145876
Darkdrift correction for readout-channel 2 = -0.310387
Darkdrift correction for readout-channel 3 = 0.069137
Darkdrift correction for readout-channel 4 = 0.095375
Darkdrift uncertainty for readout-channel 1 = 0.302970
Darkdrift uncertainty for readout-channel 2 = 0.302966
Darkdrift uncertainty for readout-channel 3 = 0.303376
Darkdrift uncertainty for readout-channel 4 = 0.227654
Trimmed average of values in readout-channel 1 = 5.236800
Trimmed average of values in readout-channel 2 = 4.780537
Trimmed average of values in readout-channel 3 = 5.160061
Trimmed average of values in readout-channel 4 = 5.186299
Darkdrift background term = 5.090924
...for data plane = 60
Darkdrift correction for readout-channel 1 = 0.019231
Darkdrift correction for readout-channel 2 = -0.268523
Darkdrift correction for readout-channel 3 = 0.218180
Darkdrift correction for readout-channel 4 = 0.031112
Darkdrift uncertainty for readout-channel 1 = 0.303361
Darkdrift uncertainty for readout-channel 2 = 0.300489
Darkdrift uncertainty for readout-channel 3 = 0.303136
Darkdrift uncertainty for readout-channel 4 = 0.303463
Trimmed average of values in readout-channel 1 = 5.561864
Trimmed average of values in readout-channel 2 = 5.274110
Trimmed average of values in readout-channel 3 = 5.760812
Trimmed average of values in readout-channel 4 = 5.573744
Darkdrift background term = 5.542633
...for data plane = 61
Darkdrift correction for readout-channel 1 = -0.074414
Darkdrift correction for readout-channel 2 = -0.145900
Darkdrift correction for readout-channel 3 = 0.495786
Darkdrift correction for readout-channel 4 = -0.275471
Darkdrift uncertainty for readout-channel 1 = 0.303223
Darkdrift uncertainty for readout-channel 2 = 0.303386
Darkdrift uncertainty for readout-channel 3 = 0.302814
Darkdrift uncertainty for readout-channel 4 = 0.378432
Trimmed average of values in readout-channel 1 = 5.514228
Trimmed average of values in readout-channel 2 = 5.442741
Trimmed average of values in readout-channel 3 = 6.084427
Trimmed average of values in readout-channel 4 = 5.313170
Darkdrift background term = 5.588642
...for data plane = 62
Darkdrift correction for readout-channel 1 = 0.418060
Darkdrift correction for readout-channel 2 = -0.389053
Darkdrift correction for readout-channel 3 = -0.140103
Darkdrift correction for readout-channel 4 = 0.111096
Darkdrift uncertainty for readout-channel 1 = 0.377923
Darkdrift uncertainty for readout-channel 2 = 0.307652
Darkdrift uncertainty for readout-channel 3 = 0.303286
Darkdrift uncertainty for readout-channel 4 = 0.303306
Trimmed average of values in readout-channel 1 = 6.265169
Trimmed average of values in readout-channel 2 = 5.458057
Trimmed average of values in readout-channel 3 = 5.707007
Trimmed average of values in readout-channel 4 = 5.958206
Darkdrift background term = 5.847110
...for data plane = 63
Darkdrift correction for readout-channel 1 = -0.175080
Darkdrift correction for readout-channel 2 = -0.034166
Darkdrift correction for readout-channel 3 = 0.140017
Darkdrift correction for readout-channel 4 = 0.069229
Darkdrift uncertainty for readout-channel 1 = 0.302715
Darkdrift uncertainty for readout-channel 2 = 0.302438
Darkdrift uncertainty for readout-channel 3 = 0.302985
Darkdrift uncertainty for readout-channel 4 = 0.303133
Trimmed average of values in readout-channel 1 = 5.673280
Trimmed average of values in readout-channel 2 = 5.814194
Trimmed average of values in readout-channel 3 = 5.988377
Trimmed average of values in readout-channel 4 = 5.917589
Darkdrift background term = 5.848360
...for data plane = 64
Darkdrift correction for readout-channel 1 = 0.022437
Darkdrift correction for readout-channel 2 = -0.168696
Darkdrift correction for readout-channel 3 = 0.163095
Darkdrift correction for readout-channel 4 = -0.016836
Darkdrift uncertainty for readout-channel 1 = 0.302972
Darkdrift uncertainty for readout-channel 2 = 0.303814
Darkdrift uncertainty for readout-channel 3 = 0.303292
Darkdrift uncertainty for readout-channel 4 = 0.302999
Trimmed average of values in readout-channel 1 = 5.812119
Trimmed average of values in readout-channel 2 = 5.620986
Trimmed average of values in readout-channel 3 = 5.952777
Trimmed average of values in readout-channel 4 = 5.772847
Darkdrift background term = 5.789682

Program darkdrift: Status Message: 0x0000
Normal exit from Function 0x0000: LOG_WRITER
darkdrift Warning: NaN's were produced in the results.
A total of     2013   NaN's were produced in the results.
Processing time: 12.740000 seconds
Current date/time: Sat Jan  9 14:58:05 2016
Program darkdrift, version 4.1, terminated.

darkdrift   exit_value =   0    execution_time = 12.830s
******************************************************************
Pipeline executing flatap
flatap -i darkdrift.fits -p cal/pmask.fits -f cal/skyflat.fits -ui sig_darkdrift.fits -uo sig_flatap.fits -d dmask.fits -o flatap.fits -c cal/skyflat_cmask.fits 
******************************************************************
Pipeline Module FLATAP Version 1.5
Processing time Sat Jan  9 14:58:06 2016

flatap_parse_namelist: Information only: Namelist not specified.
Sat Jan  9 14:58:06 2016
flatap_log_writer: Could not open Log File, using stdout
Flatap Version 1.5
Namelist File  = 
Input DCE = darkdrift.fits
Output DCE = !flatap.fits
Flatfield = cal/skyflat.fits
Input Uncertainty = sig_darkdrift.fits
Output Uncertainty = !sig_flatap.fits
Pmask File = cal/pmask.fits
Pmask Mask = 128
Dmask File = dmask.fits
Dmask Mask = 16384
Cmask File = cal/skyflat_cmask.fits
Cmask Mask = 256
Trans CAL File = 
Trans CAL CMask File = 
Processing Log File = 
Time =    0.21 seconds
*********************

Time = 0.210 seconds
exit code 0

flatap   exit_value =   0    execution_time = 0.300s
******************************************************************
Pipeline executing imfliprot
imfliprot -i flatap.fits -n cdf/pn107.nl -a /sos/sw/S19.2.0/STUDIO/downlink/include -o imfliprot.fits 
******************************************************************

imfliprot_log_writer: Printing Log output to stdout

Program imfliprot, Version 1.0
Namelist File  = cdf/pn107.nl
Input File = flatap.fits
Output File = imfliprot.fits
Image has been flipped
Image Rotation (degrees)  = 180
Ancillary Data-File Path = /sos/sw/S19.2.0/STUDIO/downlink/include
Verbose flag = 0
Debug flag = 0
imfliprot Status Message      0x0000: Normal exit from Function 0x0000: LOG_WRITER
Processing time: 0.250000 seconds
Current date/time: Sat Jan  9 14:58:07 2016
Program imfliprot, version 1.0, terminated.


imfliprot   exit_value =   0    execution_time = 0.290s
******************************************************************
Pipeline executing imfliprot
imfliprot -i sig_flatap.fits -n cdf/pn107.nl -a /sos/sw/S19.2.0/STUDIO/downlink/include -o sig_imfliprot.fits 
******************************************************************

imfliprot_log_writer: Printing Log output to stdout

Program imfliprot, Version 1.0
Namelist File  = cdf/pn107.nl
Input File = sig_flatap.fits
Output File = sig_imfliprot.fits
Image has been flipped
Image Rotation (degrees)  = 180
Ancillary Data-File Path = /sos/sw/S19.2.0/STUDIO/downlink/include
Verbose flag = 0
Debug flag = 0
imfliprot Status Message      0x0000: Normal exit from Function 0x0000: LOG_WRITER
Processing time: 0.220000 seconds
Current date/time: Sat Jan  9 14:58:07 2016
Program imfliprot, version 1.0, terminated.


imfliprot   exit_value =   0    execution_time = 0.270s
******************************************************************
Pipeline executing imfliprot
imfliprot -i dmask.fits -n cdf/pn107.nl -a /sos/sw/S19.2.0/STUDIO/downlink/include -o temp_dmask.fits 
******************************************************************

imfliprot_log_writer: Printing Log output to stdout

Program imfliprot, Version 1.0
Namelist File  = cdf/pn107.nl
Input File = dmask.fits
Output File = temp_dmask.fits
Image has been flipped
Image Rotation (degrees)  = 180
Ancillary Data-File Path = /sos/sw/S19.2.0/STUDIO/downlink/include
Verbose flag = 0
Debug flag = 0
imfliprot Status Message      0x0000: Normal exit from Function 0x0000: LOG_WRITER
Processing time: 0.070000 seconds
Current date/time: Sat Jan  9 14:58:08 2016
Program imfliprot, version 1.0, terminated.


imfliprot   exit_value =   0    execution_time = 0.110s
******************************************************************
Pipeline executing imfliprot
imfliprot -i fowlinearize.fits -n cdf/pn107.nl -a /sos/sw/S19.2.0/STUDIO/downlink/include -o temp_fowlinearize.fits 
******************************************************************

imfliprot_log_writer: Printing Log output to stdout

Program imfliprot, Version 1.0
Namelist File  = cdf/pn107.nl
Input File = fowlinearize.fits
Output File = temp_fowlinearize.fits
Image has been flipped
Image Rotation (degrees)  = 180
Ancillary Data-File Path = /sos/sw/S19.2.0/STUDIO/downlink/include
Verbose flag = 0
Debug flag = 0
imfliprot Status Message      0x0000: Normal exit from Function 0x0000: LOG_WRITER
Processing time: 0.090000 seconds
Current date/time: Sat Jan  9 14:58:08 2016
Program imfliprot, version 1.0, terminated.


imfliprot   exit_value =   0    execution_time = 0.130s
******************************************************************
Pipeline executing imfliprot
imfliprot -i sig_fowlinearize.fits -n cdf/pn107.nl -a /sos/sw/S19.2.0/STUDIO/downlink/include -o temp_sig_fowlinearize.fits 
******************************************************************

imfliprot_log_writer: Printing Log output to stdout

Program imfliprot, Version 1.0
Namelist File  = cdf/pn107.nl
Input File = sig_fowlinearize.fits
Output File = temp_sig_fowlinearize.fits
Image has been flipped
Image Rotation (degrees)  = 180
Ancillary Data-File Path = /sos/sw/S19.2.0/STUDIO/downlink/include
Verbose flag = 0
Debug flag = 0
imfliprot Status Message      0x0000: Normal exit from Function 0x0000: LOG_WRITER
Processing time: 0.100000 seconds
Current date/time: Sat Jan  9 14:58:09 2016
Program imfliprot, version 1.0, terminated.


imfliprot   exit_value =   0    execution_time = 0.140s
******************************************************************
Pipeline executing dntoflux
dntoflux -i imfliprot.fits -iu sig_imfliprot.fits -n cdf/pn107.nl -co 0 -c 0.1447 -u 0.0000 -a /sos/sw/S19.2.0/STUDIO/downlink/include -o1 dntoflux.fits -ou sig_dntoflux.fits -t 1 
******************************************************************

Program dntoflux, Version 4.2
Namelist File  = cdf/pn107.nl
Input Image = imfliprot.fits
Output File 1 = dntoflux.fits
Output Uncertainty Image = sig_dntoflux.fits
Operation flag = 0
Conversion factor = 0.144700
Input Uncertainty Image = sig_imfliprot.fits
Conversion-factor uncertainty = 0.000000
Output BUNIT setting = MJy/sr
Normalize-by-EXPTIME Flag = 1
EXPTIME = 1.920000
Data-Plane Flag = 1
Ancillary Data-File Path = /sos/sw/S19.2.0/STUDIO/downlink/include
Verbose flag = 0
Super-verbose flag = 0
Debug flag = 0
Terminating data-units-conversion program.
dntoflux Status Message: 0x0000
Normal exit from Function 0x0000: LOG_WRITER
dntoflux Probs Warning: NaN's were produced in the results.
A total of     4026   NaN's were produced in the results.
Processing time: 0.560000 seconds
Current date/time: Sat Jan  9 14:58:10 2016
Program dntoflux, version 4.2, terminated.

dntoflux   exit_value =   0    execution_time = 0.730s
******************************************************************
Pipeline executing qatool
qatool -i dntoflux.fits -n cdf/pn107.nl -nb QATOOLBCD -a /sos/sw/S19.2.0/STUDIO/downlink/include -o qa/BCD_qatool 
******************************************************************
qatool_parse_namelist: Information only: Namelist block-name = &QATOOLBCD
Program qatool, Version 6.0
Namelist File  = cdf/pn107.nl
Input File = dntoflux.fits
Output Data Filename Base = qa/BCD_qatool
Statistics Group = 0
Percent-Scaling Flag = 0
Calculation Type = 1
(set-up to do additional computations for four readout channels)
Number of Mean Absolute Deviations for Histogram Half-Width Coverage = 5
Number of Bins in Histograms = 41
Central fraction for trimmed average = 0.810000
Central fraction for trimmed std. dev. = 0.720000
Bad-pixel tolerance fraction = 0.900000
Statistics Box X position = 3
Statistics Box Y position = 4
Statistics Box X width = 20
Statistics Box Y height = 23
Input-Image Transpose Flag = 1
Unsigned Integer Flag = 0
Data-Plane Flag = 1
Number Edge Rows/Cols Skipped = 2
Keyword Prefix = bcd
Ancillary Data-File Path = /sos/sw/S19.2.0/STUDIO/downlink/include
Verbose flag = 0
Super-verbose flag = 0
Debug flag = 0
Performed statistical and histogram calculations.
Program qatool: Status Message: 0x0000
Normal exit from Function 0x0000: LOG_WRITER
Processing time: 1.550000 seconds
Current date/time: Sat Jan  9 14:58:12 2016
Program qatool, version 6.0, terminated.

qatool   exit_value =   0    execution_time = 1.650s
******************************************************************
Pipeline executing chkmask
chkmask dmask.fits -q qa/BCD_qatool.qa 
******************************************************************
 chkmask vsn 1.35 A40312
 
 No. of occurrences of the   2 status combinations:
   2269 occurrences of   256 (8)                                 
   3 occurrences of   16 (4)                                 
 
 Status Bit: No. of Pixels
   0:   0
   1:   0
   2:   0
   3:   0
   4:   3
   5:   0
   6:   0
   7:   0
   8:   2269
   9:   0
   10:   0
   11:   0
   12:   0
   13:   0
   14:   0
 

chkmask   exit_value =   0    execution_time = 0.320s
******************************************************************
Loading QA information for DCE and BCD product
Keyword APDUV1E not found in header
Keyword APDUV2E not found in header
Keyword APDUV3E not found in header
Keyword APDUI1E not found in header
Keyword APDUI2E not found in header
Keyword APDUI3E not found in header
Could not append keyword APDUV1E to QA file qa/DCE_qatool.qa
Could not append keyword APDUV2E to QA file qa/DCE_qatool.qa
Could not append keyword APDUV3E to QA file qa/DCE_qatool.qa
Could not append keyword APDUI1E to QA file qa/DCE_qatool.qa
Could not append keyword APDUI2E to QA file qa/DCE_qatool.qa
Could not append keyword APDUI3E to QA file qa/DCE_qatool.qa
******************************************************************
Pipeline executing qaloader
qaloader -i qa/DCE_qatool.qa -tablename qa_iracdce -o qa/qaloader.sql -role pipelineswrole 
******************************************************************
2016/01/09 14:58:15 BEGIN qaloader v1.13
 -i (QA_FILE) qa/DCE_qatool.qa
 -tablename (TABLENAME) qa_iracdce
 -o (SQL_FILE) qa/qaloader.sql
 -role (ROLE) pipelineswrole
Using metadata version 13.0b
table name=qa_iracdce

QA values ingested:
{-4.612220e+01} {}
dceAveFI_1       -4.612220e+01 
{-4.977126e+01} {}
dceAveR1_1       -4.977126e+01 
{-2.946502e+01} {}
dceAveR2_1       -2.946502e+01 
{-3.301278e+01} {}
dceAveR3_1       -3.301278e+01 
{-7.223973e+01} {}
dceAveR4_1       -7.223973e+01 
{-2.200000e+01} {-4.977126e+01}
dceMedFI_1       -2.200000e+01 
{3.032066e+02} {}
dceSdevFI_1      3.032066e+02 
{4.770400e+00} {}
dceDSclFI_1      4.770400e+00 
{-8.786000e+03} {}
dceMinFI_1       -8.786000e+03 
{1.100000e+01} {}
dceMaxFI_1       1.100000e+01 
{147809604} {}
DCEID            147809604 
{2} {-4.612220e+01}
CHNLNUM          2 
{0} {}
ADCEID           0 
{8} {}
AFOWLNUM         8 
{184} {}
AWAITPER         184 
{0} {}
AWEASIDE         0 
{1} {}
AREADMOD         1 
{27.699513} {}
AFPAT1B          27.699513 
{28.669623} {}
AFPAT2B          28.669623 
{0} {}
APEDSIG          0 
{0} {}
ATXSTAT          0 
{0} {}
AFLSTAT          0 
{4} {}
ASHSTAT          4 
{-3.5591532} {}
AVRSTBEG         -3.5591532 
{-3.056874} {}
AVDETBEG         -3.056874 
{-3.618536} {}
AVGG1BEG         -3.618536 
{-3.550644} {}
AVDDUBEG         -3.550644 
{0} {}
AVGGCBEG         0 
{21.047351} {}
ACTENDT          21.047351 
{19.270529} {}
AFPECTE          19.270529 
{22.64813} {}
AFPEATE          22.64813 
{23.546779} {}
ATCTEMPE         23.546779 
{21.01687} {}
ACETEMPE         21.01687 
{20.98639} {}
APDTEMPE         20.98639 
{27.671961} {}
ACATMP2E         27.671961 
2016/01/09 14:58:15 END   qaloader status=0

qaloader   exit_value =   0    execution_time = 0.100s
******************************************************************
Pipeline executing qaloader
qaloader -i qa/BCD_qatool.qa -tablename qa_iracdp -o qa/qaloader.sql 
******************************************************************
2016/01/09 14:58:16 BEGIN qaloader v1.13
 -i (QA_FILE) qa/BCD_qatool.qa
 -tablename (TABLENAME) qa_iracdp
 -o (SQL_FILE) qa/qaloader.sql
Using metadata version 13.0b
table name=qa_iracdp

QA values ingested:
{2.510388e+00} {}
bcdAveFI_1       2.510388e+00 
{3.981377e+00} {}
bcdAveUB_1       3.981377e+00 
{5.203680e-01} {}
bcdMedFI_1       5.203680e-01 
{6.583072e-01} {}
bcdMedUB_1       6.583072e-01 
{2.613212e+01} {}
bcdSdevFI_1      2.613212e+01 
{3.405287e+01} {}
bcdSdevUB_1      3.405287e+01 
{4.278739e-01} {}
bcdDSclFI_1      4.278739e-01 
{5.415836e-01} {}
bcdDSclUB_1      5.415836e-01 
{-7.866336e-01} {}
bcdMinFI_1       -7.866336e-01 
{-7.866336e-01} {}
bcdMinUB_1       -7.866336e-01 
{6.960940e+02} {}
bcdMaxFI_1       6.960940e+02 
{6.960940e+02} {}
bcdMaxUB_1       6.960940e+02 
{4.951478e-01} {}
bcdC68lFI_1      4.951478e-01 
{5.480040e-01} {}
bcdC68uFI_1      5.480040e-01 
{391693025} {}
DPID             391693025 
{2} {2.510388e+00}
CHNLNUM          2 
2016/01/09 14:58:16 END   qaloader status=0

qaloader   exit_value =   0    execution_time = 0.160s
******************************************************************
Pipeline executing dbaccess
dbaccess -e sodb qa/qaloader.sql 
******************************************************************
set role pipelineswrole;
set lock mode to wait 30;
EXECUTE PROCEDURE addQA_iracdce (147809604, NULL, NULL, 2, -4.612220e+01, 
-2.200000e+01, -4.977126e+01, -2.946502e+01, -3.301278e+01, -7.223973e+01, 
3.032066e+02, 4.770400e+00, -8.786000e+03, 1.100000e+01, 0, 8, 184, 0, 1, 
27.699513, 28.669623, 0, 0, 0, 4, -3.5591532, -3.056874, -3.618536, -3.550644, 
0, 21.047351, 19.270529, 22.64813, 23.546779, 21.01687, 20.98639, 27.671961, 
NULL, NULL, NULL, NULL, NULL, NULL);
EXECUTE PROCEDURE addQA_iracdp (391693025, NULL, NULL, 2, 2.510388e+00, 
3.981377e+00, 5.203680e-01, 6.583072e-01, 2.613212e+01, 3.405287e+01, 
4.278739e-01, 5.415836e-01, -7.866336e-01, -7.866336e-01, 6.960940e+02, 
6.960940e+02, 4.951478e-01, 5.480040e-01, NULL, NULL, NULL, NULL, NULL, NULL);
execute procedure setDceTimeParameters (147809604, 1037061944.676, "2012-11-11 00:39:24.350", 1.92, 2.00);

dbaccess   exit_value =   0    execution_time = 0.150s
******************************************************************
Finishing IRAC science pipeline processing
Could not copy cal/firstframe_corr.fits to /sbx10/S19.2.0/archive/proc/full/IRAC033400/bcd/4568/0046471424/2/0182/0000/17/01/1/cal/firstframe_corr.fits
Could not copy imask.fits to /sbx10/S19.2.0/archive/proc/full/IRAC033400/bcd/4568/0046471424/2/0182/0000/17/01/1/imask.fits
Could not copy muxbleedcorr.fits to /sbx10/S19.2.0/archive/proc/full/IRAC033400/bcd/4568/0046471424/2/0182/0000/17/01/1/muxbleedcorr.fits
Could not copy slremove.fits to /sbx10/S19.2.0/archive/proc/full/IRAC033400/bcd/4568/0046471424/2/0182/0000/17/01/1/slremove.fits
******************************************************************
PlScriptID 17 exiting Saturday, January  9, 2016  2:58:19 PM PST
Host: sopipe61
Local Processing Directory: /scr7/S19.2.0/IRAC033400/bcd/4568/0046471424/2/0182/0000/17/01/1
Sandbox Directory: /sbx10/S19.2.0/archive/proc/full/IRAC033400/bcd/4568/0046471424/2/0182/0000/17/01/1
Processing time: total 32.16 s (user 1.01, system 1.04, child user 18.68, child system 11.43)
Pipeline exit code: Normal exit (0)
******************************************************************
