 hdrupd8 vsn 1.6  A70821
******************************************************************
Executing IRAC science pipeline
******************************************************************
Pipeline executing sanity_datatype
sanity_datatype -i ../fos16.fits -t1 cdf/sanity_datatype1.tbl -t2 cdf/sanity_datatype2.tbl -o1 qa/sanity_datatype1.tbl -o2 qa/sanity_datatype2.tbl 
******************************************************************
Program Sanity_datatype is started .... Version 1.0, Sat Jan  9 14:56:12 2016
Input Image File = ../fos16.fits
Input Data Table 1 = cdf/sanity_datatype1.tbl
Input Data Table 2 = cdf/sanity_datatype2.tbl
Output Filename1 = qa/sanity_datatype1.tbl
Output Filename2 = qa/sanity_datatype2.tbl
Log File = stdout
I_Debug = 0
I_Verbose = 0
I_SuperVerbose = 0
Processing time: 0.070000 seconds
Program Sanity_datatype is done. Version 1.0, Sat Jan  9 14:56:12 2016


sanity_datatype   exit_value =   0    execution_time = 0.310s
******************************************************************
Pipeline executing qatool
qatool -i ../fos16.fits -n cdf/pn107.nl -nb QATOOLDCE -a /sos/sw/S19.2.0/STUDIO/downlink/include -o qa/DCE_qatool 
******************************************************************
qatool_parse_namelist: Information only: Namelist block-name = &QATOOLDCE
Program qatool, Version 6.0
Namelist File  = cdf/pn107.nl
Input File = ../fos16.fits
Output Data Filename Base = qa/DCE_qatool
Statistics Group = 0
Percent-Scaling Flag = 0
Calculation Type = 1
(set-up to do additional computations for four readout channels)
Number of Mean Absolute Deviations for Histogram Half-Width Coverage = 5
Number of Bins in Histograms = 41
Central fraction for trimmed average = 0.810000
Central fraction for trimmed std. dev. = 0.720000
Bad-pixel tolerance fraction = 0.340000
Statistics Box X position = 3
Statistics Box Y position = 4
Statistics Box X width = 27
Statistics Box Y height = 33
Input-Image Transpose Flag = 1
Unsigned Integer Flag = 0
Data-Plane Flag = 1
Number Edge Rows/Cols Skipped = 10
Keyword Prefix = dce
Ancillary Data-File Path = /sos/sw/S19.2.0/STUDIO/downlink/include
Verbose flag = 0
Super-verbose flag = 0
Debug flag = 0
Performed statistical and histogram calculations.
Program qatool: Status Message: 0x0000
Normal exit from Function 0x0000: LOG_WRITER
Processing time: 0.710000 seconds
Current date/time: Sat Jan  9 14:56:13 2016
Program qatool, version 6.0, terminated.

qatool   exit_value =   0    execution_time = 0.800s
******************************************************************
Pipeline executing sanity_check
sanity_check -i qa/DCE_qatool.tbl -o qa/sanity_check.tbl 
******************************************************************
Program Sanity_check is started .... Version 1.0, Sat Jan  9 14:56:14 2016

Input File = qa/DCE_qatool.tbl
Output = qa/sanity_check.tbl
Processing time: 0.030000 seconds
Current date/time: Sat Jan  9 14:56:14 2016
Program Sanity_check, version 1.0, terminated.

sanity_check   exit_value =   0    execution_time = 0.270s
******************************************************************
Pipeline executing abad_repair
abad_repair -i ../fos16.fits -o abad_repair.fits 
******************************************************************
Pipeline Module ABAD_REPAIR Version 1.2
Processing time Sat Jan  9 14:56:15 2016

ABAD_READ_DATA: A0752D00 = 0
status from read: 1
npixs = 65536
enter output with 0
files ../fos16.fits !abad_repair.fits 
open output [!abad_repair.fits]
comment [Sat Jan  9 14:56:15 2016]
Time = 0.050 seconds
exit code 0

abad_repair   exit_value =   0    execution_time = 0.090s
******************************************************************
Pipeline executing tranhead
tranhead -i abad_repair.fits -n cdf/pn107.nl -k /scr/S19.2.0/cdf/ctd/telemetry_dictionary.dat -a /sos/sw/S19.2.0/STUDIO/downlink/include -o tranhead.fits -t, cdf/Keyword_Include_List.dat 
******************************************************************

Program tranhead, Version 13.2
Namelist File  = cdf/pn107.nl
Input File = abad_repair.fits
Dictionary File = /scr/S19.2.0/cdf/ctd/telemetry_dictionary.dat
CTD Version String = 3.0.94S
Keyword-Include-List File = cdf/Keyword_Include_List.dat
Translated-Keyword File = tranhead.hdr
CSPICE leapseconds kernel = /scr/S19.2.0/cdf/spice/leapseconds.ker
CSPICE SCLK_SCET kernel = /scr/S19.2.0/cdf/spice/sclk_scet.ker
CSPICE Spitzer Ephemeris = /scr/S19.2.0/cdf/spice/sirtf.bsp
CSPICE Planets Ephemeris = /scr/S19.2.0/cdf/spice/de.bsp
Output File = tranhead.fits
Operation Type = 1
FITS-Header Comment Flag = 1
SCLK correction factor = 1.000380
Ignore Frames (1st) = -1
Ignore Frames (2nd and higher) = -1
Central fraction for trimmed average  = 0.900000
Central fraction for trimmed std. dev. = 0.900000
Gain = 3.710000
Gain_RdOutCh_1 = 3.710000
Gain_RdOutCh_2 = 3.710000
Gain_RdOutCh_3 = 3.710000
Gain_RdOutCh_4 = 3.710000
Ancillary Data-File Path = /sos/sw/S19.2.0/STUDIO/downlink/include
Verbose flag = 0
Super-verbose flag = 0
Debug flag = 0
Configured to perform forward FITS keyword translation.
tranhead Status Message: 0x0000
Normal exit from Function 0x0000: LOG_WRITER
A total of        0   NaN's were produced in the results.
Processing time: 0.330000 seconds
Current date/time: Sat Jan  9 14:56:15 2016
Program tranhead, version 13.2, terminated.

tranhead   exit_value =   0    execution_time = 0.430s
 hdrupd8 vsn 1.6  A70821


LabDark

chan, frametime, hdy, extrpt = 2, 2.00, F, 233
expid  adceid  repidx  =  183,  0,  0 

SkyDarkaor template time = 2
hdy  repidx =  F  0
expid  ext-repeat  =  183  233

******************************************************************
Pipeline executing caltrans
caltrans -n cdf/pn107.nl -m 2 -a 7 -b /scr7/S19.2.0/dlcaldata/irac -s tranhead.fits -o cal -u SUB -jk1 CHNLNUM -jv1 2 -ja1 N -ju1 0 -js1 flip -jk2 CHNLNUM;AFOWLNUM;AWAITPER;FRAMTIME;HDRMODE -jv2 2;8;184;2.00;F -ja2 N;N;N;N;S -ju2 0;0;0;0;0 -js2 sigma;cmask -jk3 CHNLNUM;AFOWLNUM;AWAITPER;FRAMTIME;HDRMODE -jv3 2;8;184;2.00;F -ja3 N;N;N;N;S -ju3 0;0;0;0;0 -js3 cmask -jk4 CHNLNUM -jv4 2 -ja4 N -ju4 0 -js4 cmask -jk5 CHNLNUM -jv5 2 -ja5 N -ju5 0 -js5 cmask -jk6 CHNLNUM -jv6 2 -ja6 N -ju6 0 -jk7 CHNLNUM;AFOWLNUM;AWAITPER -jv7 2;8;184 -ja7 N;N;N -ju7 0;0;0 -jk8 CHNLNUM;AFOWLNUM;AWAITPER -jv8 2;8;184 -ja8 N;N;N -ju8 0;0;0 -e CALTRANSsciSUB 
******************************************************************

Online Namelist file descriptor associated
Online namelist buffer loaded: length = 7422

Warning !:  Ancillary file #1  with full suffix filename  '/sos/archive/fallbacks/IRAC004600/SUB_2s_2sf8d1r1_ch2_v2.0.0_dark_sigma.fits'  NOT in archive/sandbox !!.
Proceed to the next suffix fileprocessing .....

Warning !:  Ancillary file #2  with full suffix filename  '/sos/archive/fallbacks/IRAC004600/SUB_2s_2sf8d1r1_ch2_v2.0.0_dark_cmask.fits'  NOT in archive/sandbox !!.
Proceed to the next suffix fileprocessing .....

Warning !:  Ancillary-suffix file #1: '/scr7/S19.2.0/dlcaldata/irac/fb1502_SUB_2s_2sf8d1r1_ch2_v2.0.0_dark_sigma.fits'  could NOT be identified on cache.
Processing continues ..... 


Warning !:  Ancillary-suffix file #2: '/scr7/S19.2.0/dlcaldata/irac/fb1502_SUB_2s_2sf8d1r1_ch2_v2.0.0_dark_cmask.fits'  could NOT be identified on cache.
Processing continues ..... 


Warning !:  Ancillary file #1  with full suffix filename  '/sos/archive/fallbacks/IRAC005300/lincal_b2_sa_011410_cmask.fits'  NOT in archive/sandbox !!.
Proceed to the next suffix fileprocessing .....

Warning !:  Ancillary-suffix file #1: '/scr7/S19.2.0/dlcaldata/irac/fb1579_lincal_b2_sa_011410_cmask.fits'  could NOT be identified on cache.
Processing continues ..... 

  Printing Log output to stdout...


Program CALTRANS, Version 4.0
Command-Line Namelist Filename  = cdf/pn107.nl
Command-Line Namelist Section = CALTRANSsciSUB
CalTrans Execution Mode  = 2
CalID = 7
Input Calibration Type list = pmask;labdark;skydark;lincal;sky_flat;fluxconv;muxbleed_lut;muxbleed_coeff
Input Calibration Rule list = 0;0;300;0;0;0;0;0
Input Generic Outfname list = pmask.fits;labdark.fits;skydark.fits;lincal.fits;skyflat.fits;fluxconv;muxbleed_lut;muxbleed_coeff
Science DCE Filename = tranhead.fits
CAL Destination Path = cal
Processing time: 0.430000 seconds
Current date/time: Sat Jan  9 14:56:25 2016
Program CALTRANS, version 4.0, terminated with status = 16

CalTrans exits with status = 16



caltrans   exit_value =  16    execution_time = 0.550s
******************************************************************
Pipeline executing insbposdom
insbposdom -i tranhead.fits -o insbposdom.fits 
******************************************************************
Pipeline Module INSBPOSDOM Version 1.1
Processing time Sat Jan  9 14:56:25 2016

Sat Jan  9 14:56:25 2016
Time = 0.040 seconds
exit code 0

insbposdom   exit_value =   0    execution_time = 0.090s
******************************************************************
Pipeline executing cvti2r4
cvti2r4 -i insbposdom.fits -a 0.5625 -b 0 -d cal/dmask_for_raw.fits -o cvti2r4.fits -m row 
******************************************************************
 SIRTF I*2-to-R*4 Data Cube Conversion program vsn 1.31 A61025
 Input file:  insbposdom.fits
 Using offset =    0.562500
 Using BLANK-fill value:   0
 Output file: cvti2r4.fits
 Missing-data pattern specified as rows

cvti2r4   exit_value =   0    execution_time = 0.280s
Image has barrel shift = 3
Computed truncation correction 0.5*(1-2^-ABARREL) = 0.5625
******************************************************************
Pipeline executing hdrupd8
hdrupd8 cvti2r4.fits -a cdf/hdrupd8_cubify.dat -d cdf/hdrupd8_planify.dat 
******************************************************************
 hdrupd8 vsn 1.6  A70821
 WARNING: keyword to be deleted not found: NAXIS3  

hdrupd8   exit_value =   0    execution_time = 0.270s
******************************************************************
Pipeline executing hdrupd8
hdrupd8 dmask.fits -a cdf/hdrupd8_cubify.dat -d cdf/hdrupd8_planify.dat 
******************************************************************
 hdrupd8 vsn 1.6  A70821
 WARNING: keyword to be deleted not found: NAXIS3  

hdrupd8   exit_value =   0    execution_time = 0.250s
******************************************************************
Pipeline executing iracwrapdet1
iracwrapdet1 -i cvti2r4.fits -n cdf/pn107.nl -p cal/pmask.fits -d dmask.fits -w wmask.fits -v 
******************************************************************
Pipeline Module IRACWRAPDET1 Version 1.4
Processing time Sat Jan  9 14:56:30 2016
iracwrapdet1_parse_args: Namelist File = 	cdf/pn107.nl
iracwrapdet1_parse_args: Pmask File = 	cal/pmask.fits
iracwrapdet1_parse_args: Dmask File = 	dmask.fits
iracwrapdet1_parse_args: Wmask File = 	wmask.fits
iracwrapdet1_parse_args: Input File = 	cvti2r4.fits
iracwrapdet1_parse_args: I_Verbose = 			1
chn 2 framtim 2.000000
iracwrapdet1_read_data: Data read from file:
cvti2r4.fits
iracwrapdet1_read_data: I_NX = 32
iracwrapdet1_read_data: I_NY = 32
iracwrapdet1_read_data: I_NZ = 64
iracwrapdet1_parse_namelist: Namelist File = 	cdf/pn107.nl
Coeff used: 55000.000000 55000.000000 55000.000000 55000.000000
iracwrapdet1_compute_results: Numerical Computations finished
Sat Jan  9 14:56:30 2016
iracwrapdet1_output: Results written to file(s).
Time = 0.030 seconds
iracwrapdet1_error_handler: Error Handler finished.
iracwrapdet1_exit: Memory Deallocated.
exit code 0

iracwrapdet1   exit_value =   0    execution_time = 0.070s
******************************************************************
Pipeline executing iracwrapdet2
iracwrapdet2 -i cvti2r4.fits -n cdf/pn107.nl -p cal/pmask.fits -d dmask.fits -w wmask.fits -a /sos/sw/S19.2.0/STUDIO/downlink/include 
******************************************************************

Program iracwrapdet2, Version 1.4
Namelist File  = cdf/pn107.nl
FITS Input Image = cvti2r4.fits
Pmask File = cal/pmask.fits
Dmask File = dmask.fits
Wmask File = mask.fits
M-Level       chan1     chan2     chan3     chan4
            55000.0   55000.0   55000.0   55000.0
Tolerance     chan1     chan2     chan3     chan4
             1200.0    1200.0    1200.0    1200.0
Pmask Maximum = 65535
Dmask Maximum = 65535
Ancillary Data-File Path = /sos/sw/S19.2.0/STUDIO/downlink/include
Verbose flag = 0
Super-verbose flag = 0
Debug flag = 0
iracwrapdet2 Status Message      0x0000
Normal exit from Function 0x0000: LOG_WRITER
Processing time: 0.180000 seconds
Current date/time: Sat Jan  9 14:56:31 2016
Program iracwrapdet2, version 1.4, terminated


iracwrapdet2   exit_value =   0    execution_time = 0.220s
******************************************************************
Pipeline executing iracwrapcorr
iracwrapcorr -i cvti2r4.fits -p cal/pmask.fits -d dmask.fits -w wmask.fits -o iracwrapcorr.fits 
******************************************************************
Pipeline Module IRACWRAPCORR Version 1.3
Processing time Sat Jan  9 14:56:31 2016
iracwrapcorr_parse_namelist: Information only: Namelist not specified.
Sat Jan  9 14:56:31 2016
Time = 0.030 seconds
exit code 0

iracwrapcorr   exit_value =   0    execution_time = 0.070s
******************************************************************
Pipeline executing iracnorm
iracnorm -i iracwrapcorr.fits -p cal/pmask.fits -d dmask.fits -o iracnorm.fits 
******************************************************************
Pipeline Module IRACWNORM Version 1.10
Processing time Sat Jan  9 14:56:31 2016

Sat Jan  9 14:56:31 2016
Time = 0.040 seconds
exit code 0

iracnorm   exit_value =   0    execution_time = 0.080s
******************************************************************
Pipeline executing iracebwc
iracebwc -i iracnorm.fits -n cdf/pn107.nl -p cal/pmask.fits -d dmask.fits -o iracebwc.fits 
******************************************************************
Pipeline Module IRACEBWC Version 1.2
Processing time Sat Jan  9 14:56:31 2016

Sat Jan  9 14:56:31 2016
Time = 0.040 seconds
exit code 0

iracebwc   exit_value =   0    execution_time = 0.080s
HDR mode   =  f
AOR Template Time     =  2
DCE Frame Time    =  2.00
EXTRpt     =  233
Frame NOBF =  0
From sub determine_delays:
   aottime = 2
   aordelay = 222.190359962807
   stellarmode = f
   expid=183
imdly = 1.4273599513626
frmdly = 1.4273599513626

Immed  Delay = 1.4273599513626
Frame  Delay = 1.4273599513626

 hdrupd8 vsn 1.6  A70821
 hdrupd8 vsn 1.6  A70821
 hdrupd8 vsn 1.6  A70821
 hdrupd8 vsn 1.6  A70821
 hdrupd8 vsn 1.6  A70821
 hdrupd8 vsn 1.6  A70821
 hdrupd8 vsn 1.6  A70821
******************************************************************
Pipeline executing darksubng
darksubng -i iracebwc.fits -a /sos/sw/S19.2.0/STUDIO/downlink/include -p cal/pmask.fits -d dmask.fits -o labdarksub.fits -cc cal/labdark.fits -v 
******************************************************************
/sos/sw/S19.2.0/STUDIO/downlink/bin/darksubng: namelist not given
/sos/sw/S19.2.0/STUDIO/downlink/bin/darksubng: input uncertainty image not given
/sos/sw/S19.2.0/STUDIO/downlink/bin/darksubng: output uncertainty image not given
/sos/sw/S19.2.0/STUDIO/downlink/bin/darksubng: WARNING no uncertainty calculations will be performed
/sos/sw/S19.2.0/STUDIO/downlink/bin/darksubng: Namelist               = []
/sos/sw/S19.2.0/STUDIO/downlink/bin/darksubng: Input image            = [iracebwc.fits]
/sos/sw/S19.2.0/STUDIO/downlink/bin/darksubng: Input uncertainty      = []
/sos/sw/S19.2.0/STUDIO/downlink/bin/darksubng: Output image           = [!labdarksub.fits]
/sos/sw/S19.2.0/STUDIO/downlink/bin/darksubng: Output uncertainty     = []
/sos/sw/S19.2.0/STUDIO/downlink/bin/darksubng: Dark                   = [cal/labdark.fits]
/sos/sw/S19.2.0/STUDIO/downlink/bin/darksubng: Pmask file             = [cal/pmask.fits]
/sos/sw/S19.2.0/STUDIO/downlink/bin/darksubng: Pmask fatality bitmask = [65536]
/sos/sw/S19.2.0/STUDIO/downlink/bin/darksubng: Dmask file             = [dmask.fits]
/sos/sw/S19.2.0/STUDIO/downlink/bin/darksubng: Dmask fatality bitmask = [65536]
/sos/sw/S19.2.0/STUDIO/downlink/bin/darksubng: Cmask file             = []
/sos/sw/S19.2.0/STUDIO/downlink/bin/darksubng: Cmask fatality bitmask = [65536]
/sos/sw/S19.2.0/STUDIO/downlink/bin/darksubng: Logfile                = []
/sos/sw/S19.2.0/STUDIO/downlink/bin/darksubng: Ancillary Path         = [/sos/sw/S19.2.0/STUDIO/downlink/include]
/sos/sw/S19.2.0/STUDIO/downlink/bin/darksubng: Uncertainty calculations will not be made
/sos/sw/S19.2.0/STUDIO/downlink/bin/darksubng: WARNING cal/labdark.fits has no BUNIT key
/sos/sw/S19.2.0/STUDIO/downlink/bin/darksubng: WARNING assuming cal/labdark.fits is in DN
/sos/sw/S19.2.0/STUDIO/downlink/bin/darksubng: WARNING cal/labdark.fits has no EXPTIME key
/sos/sw/S19.2.0/STUDIO/downlink/bin/darksubng: WARNING cal/labdark.fits has no GAIN keywords
/sos/sw/S19.2.0/STUDIO/downlink/bin/darksubng: compute - performing any unit conversions
/sos/sw/S19.2.0/STUDIO/downlink/bin/darksubng: compute - starting subtraction with masking 
/sos/sw/S19.2.0/STUDIO/downlink/bin/darksubng: Processing successful; Exiting

darksubng   exit_value =   0    execution_time = 0.120s
READ Noise !! =  9.4
******************************************************************
Pipeline executing snestimator
snestimator -i labdarksub.fits -n cdf/pn107.nl -a /sos/sw/S19.2.0/STUDIO/downlink/include -p cal/pmask.fits -d dmask.fits -on sig_snestimator.fits -g 3.71 -r 9.4 
******************************************************************
verbose 0

Program SNESTIMATOR, Version 1.5
Namelist File  = cdf/pn107.nl
Input FITS Image = labdarksub.fits
Noise Image = sig_snestimator.fits
Denominator type = IRAC_MODEL
Edge Pixels Excluded = 0
Gain Channel 1 = 3.710000 Channel 2 = 3.710000 Channel 3 = 3.710000 Channel 4 = 3.710000
Read Noise = 9.400000
Confusion Sigma = 0.000000
Ancillary Data-File Path = /sos/sw/S19.2.0/STUDIO/downlink/include
Verbose flag = 0
Super-verbose flag = 0
Debug flag = 0
snestimator Status Message      0x0000
Normal exit from Function 0x0000: LOG_WRITER
Processing time: 0.100000 seconds
Current date/time: Sat Jan  9 14:56:41 2016
Program SNESTIMATOR, version 1.5, terminated


snestimator   exit_value =   0    execution_time = 0.160s
******************************************************************
Pipeline executing darksubng
darksubng -i iracebwc.fits -iu sig_snestimator.fits -a /sos/sw/S19.2.0/STUDIO/downlink/include -p cal/pmask.fits -d dmask.fits -o labdarksub.fits -ou sig_labdarksub.fits -cc cal/labdark.fits -v 
******************************************************************
/sos/sw/S19.2.0/STUDIO/downlink/bin/darksubng: namelist not given
/sos/sw/S19.2.0/STUDIO/downlink/bin/darksubng: Namelist               = []
/sos/sw/S19.2.0/STUDIO/downlink/bin/darksubng: Input image            = [iracebwc.fits]
/sos/sw/S19.2.0/STUDIO/downlink/bin/darksubng: Input uncertainty      = [sig_snestimator.fits]
/sos/sw/S19.2.0/STUDIO/downlink/bin/darksubng: Output image           = [!labdarksub.fits]
/sos/sw/S19.2.0/STUDIO/downlink/bin/darksubng: Output uncertainty     = [!sig_labdarksub.fits]
/sos/sw/S19.2.0/STUDIO/downlink/bin/darksubng: Dark                   = [cal/labdark.fits]
/sos/sw/S19.2.0/STUDIO/downlink/bin/darksubng: Pmask file             = [cal/pmask.fits]
/sos/sw/S19.2.0/STUDIO/downlink/bin/darksubng: Pmask fatality bitmask = [65536]
/sos/sw/S19.2.0/STUDIO/downlink/bin/darksubng: Dmask file             = [dmask.fits]
/sos/sw/S19.2.0/STUDIO/downlink/bin/darksubng: Dmask fatality bitmask = [65536]
/sos/sw/S19.2.0/STUDIO/downlink/bin/darksubng: Cmask file             = []
/sos/sw/S19.2.0/STUDIO/downlink/bin/darksubng: Cmask fatality bitmask = [65536]
/sos/sw/S19.2.0/STUDIO/downlink/bin/darksubng: Logfile                = []
/sos/sw/S19.2.0/STUDIO/downlink/bin/darksubng: Ancillary Path         = [/sos/sw/S19.2.0/STUDIO/downlink/include]
/sos/sw/S19.2.0/STUDIO/downlink/bin/darksubng: Uncertainty calculations will be made
/sos/sw/S19.2.0/STUDIO/downlink/bin/darksubng: WARNING cal/labdark.fits has no BUNIT key
/sos/sw/S19.2.0/STUDIO/downlink/bin/darksubng: WARNING assuming cal/labdark.fits is in DN
/sos/sw/S19.2.0/STUDIO/downlink/bin/darksubng: WARNING cal/labdark.fits has no EXPTIME key
/sos/sw/S19.2.0/STUDIO/downlink/bin/darksubng: WARNING cal/labdark.fits has no GAIN keywords
/sos/sw/S19.2.0/STUDIO/downlink/bin/darksubng: compute - performing any unit conversions
/sos/sw/S19.2.0/STUDIO/downlink/bin/darksubng: compute - starting subtraction with masking 
/sos/sw/S19.2.0/STUDIO/downlink/bin/darksubng: Processing successful; Exiting

darksubng   exit_value =   0    execution_time = 0.180s
******************************************************************
Pipeline executing fowlinearize
fowlinearize -i1 labdarksub.fits -i3 sig_labdarksub.fits -n cdf/pn107.nl -a /sos/sw/S19.2.0/STUDIO/downlink/include -ip cal/pmask.fits -i2 cal/lincal.fits -id dmask.fits -o1 fowlinearize.fits -o2 sig_fowlinearize.fits -c 10 
******************************************************************

Program FOWLINEARIZE, Version 4.9
Namelist File  = cdf/pn107.nl
Input File 1 = labdarksub.fits
Input File 2 = cal/lincal.fits
Input File 3 = sig_labdarksub.fits
Model_Flag(1=quad. 2=cubic) = 1
Clock_Readout(10=sub-array, 200=full-array) = 10.000000
Input PMask Image = cal/pmask.fits
Unusable PMask Bits = 16384
Input DMask Image = dmask.fits
Unusable DMask Bits = 8192
Not-linearized DMask Bit = 4096
Not-linearized DMask Bit due to lincal-model saturation = 8192
Output File 1 = fowlinearize.fits
Output File 2 = sig_fowlinearize.fits
Ancillary Data-File Path = /sos/sw/S19.2.0/STUDIO/downlink/include
Verbose flag = 0
Super-verbose flag = 0
Debug flag = 0
Performed linearity correction.
Program fowlinearize: Status Message: 0x0000
Normal exit from Function 0x0000: LOG_WRITER
Processing time: 0.290000 seconds
Current date/time: Sat Jan  9 14:56:42 2016
Program FOWLINEARIZE, version 4.9, terminated.

fowlinearize   exit_value =   0    execution_time = 0.380s
Read Noise =  9.4
 hdrupd8 vsn 1.6  A70821
******************************************************************
Pipeline executing bgmodel
bgmodel -i fowlinearize.fits -n cdf/pn107.nl -h 
******************************************************************

Online Namelist file descriptor associated
Online namelist buffer loaded: length = 7422
bgmodel_log_writer: Printing Log output to stdout
bgmodel  Version 1.0
Namelist File  = cdf/pn107.nl
Input Image = fowlinearize.fits
Ephemeris = /scr7/S19.2.0/cdf/spice/sirtf.bsp
LeapSec Kernel = /scr7/S19.2.0/cdf/spice/leapseconds.ker
SPK Kernel = /scr7/S19.2.0/cdf/spice/de.bsp

bgmodel  Status Message      0x0000: No error.
Time = 0.090 seconds

Background exits with status = 0


bgmodel   exit_value =   0    execution_time = 0.130s
******************************************************************
Pipeline executing hdrupd8
hdrupd8 fowlinearize.fits -a addkeys.dat 
******************************************************************
 hdrupd8 vsn 1.6  A70821

hdrupd8   exit_value =   0    execution_time = 0.310s
SkyDk Med DN      = 16.56367 
Exposure time     = 1.92
SkyDk Med DN rate = 8.62691145833333
Flux Conv         = 0.1447 
SkyDk Med Flux    = 1.24831408802083
Image File = fowlinearize.fits 

 hdrupd8 vsn 1.6  A70821
 hdrupd8 vsn 1.6  A70821
 hdrupd8 vsn 1.6  A70821
 hdrupd8 vsn 1.6  A70821
 hdrupd8 vsn 1.6  A70821
******************************************************************
Pipeline executing darksubng
darksubng -i fowlinearize.fits -iu sig_fowlinearize.fits -a /sos/sw/S19.2.0/STUDIO/downlink/include -p cal/pmask.fits -d dmask.fits -o skydarksub.fits -ou sig_skydarksub.fits -cc cal/skydark.fits -v -c cal/skydark_cmask.fits 
******************************************************************
/sos/sw/S19.2.0/STUDIO/downlink/bin/darksubng: namelist not given
/sos/sw/S19.2.0/STUDIO/downlink/bin/darksubng: Namelist               = []
/sos/sw/S19.2.0/STUDIO/downlink/bin/darksubng: Input image            = [fowlinearize.fits]
/sos/sw/S19.2.0/STUDIO/downlink/bin/darksubng: Input uncertainty      = [sig_fowlinearize.fits]
/sos/sw/S19.2.0/STUDIO/downlink/bin/darksubng: Output image           = [!skydarksub.fits]
/sos/sw/S19.2.0/STUDIO/downlink/bin/darksubng: Output uncertainty     = [!sig_skydarksub.fits]
/sos/sw/S19.2.0/STUDIO/downlink/bin/darksubng: Dark                   = [cal/skydark.fits]
/sos/sw/S19.2.0/STUDIO/downlink/bin/darksubng: Pmask file             = [cal/pmask.fits]
/sos/sw/S19.2.0/STUDIO/downlink/bin/darksubng: Pmask fatality bitmask = [65536]
/sos/sw/S19.2.0/STUDIO/downlink/bin/darksubng: Dmask file             = [dmask.fits]
/sos/sw/S19.2.0/STUDIO/downlink/bin/darksubng: Dmask fatality bitmask = [65536]
/sos/sw/S19.2.0/STUDIO/downlink/bin/darksubng: Cmask file             = [cal/skydark_cmask.fits]
/sos/sw/S19.2.0/STUDIO/downlink/bin/darksubng: Cmask fatality bitmask = [65536]
/sos/sw/S19.2.0/STUDIO/downlink/bin/darksubng: Logfile                = []
/sos/sw/S19.2.0/STUDIO/downlink/bin/darksubng: Ancillary Path         = [/sos/sw/S19.2.0/STUDIO/downlink/include]
/sos/sw/S19.2.0/STUDIO/downlink/bin/darksubng: Uncertainty calculations will be made
/sos/sw/S19.2.0/STUDIO/downlink/bin/darksubng: compute - performing any unit conversions
/sos/sw/S19.2.0/STUDIO/downlink/bin/darksubng: compute - starting subtraction with masking 
/sos/sw/S19.2.0/STUDIO/downlink/bin/darksubng: Processing successful; Exiting

darksubng   exit_value =   0    execution_time = 0.200s
******************************************************************
Pipeline executing darkdrift
darkdrift -i skydarksub.fits -iu sig_skydarksub.fits -n cdf/pn107.nl -a /sos/sw/S19.2.0/STUDIO/downlink/include -o1 darkdrift.fits -o2 darkdriftcorr.fits -o3 darkdrift.tbl -ou sig_darkdrift.fits 
******************************************************************
Program darkdrift, Version 4.1
Namelist File  = cdf/pn107.nl
Input Image = skydarksub.fits
Input Uncertainty Image = sig_skydarksub.fits
Output Image 1 (corrected image) = darkdrift.fits
Output Image 2 (corrections) = darkdriftcorr.fits
Output Image 3 (uncertainties) = sig_darkdrift.fits
Output File 3 = darkdrift.tbl
Central fraction for trimmed average  = 0.900000
Central fraction for trimmed std. dev. = 0.900000
Time_Input = 0.250000
Time_Before = 0.000000
Time_After = 1.000000
Temp_Input = 270.000000
Temp_Before = 280.000000
Temp_After = 260.000000
Calculation Type = 1
Input-Image Transpose Flag = 1
Multiplicative-Correction Flag (Additive if zero) = 0
Readout Channel to exclude (none if zero) = 0
Data-Plane Flag = 1
Ancillary Data-File Path = /sos/sw/S19.2.0/STUDIO/downlink/include
Verbose flag = 0
Super-verbose flag = 0
Debug flag = 0
Dark-current offsets estimated from input image.

Detailed darkdrift calculational results:
...for data plane = 1
Darkdrift correction for readout-channel 1 = -0.426820
Darkdrift correction for readout-channel 2 = 0.465721
Darkdrift correction for readout-channel 3 = -0.421104
Darkdrift correction for readout-channel 4 = 0.382203
Darkdrift uncertainty for readout-channel 1 = 0.300798
Darkdrift uncertainty for readout-channel 2 = 0.301094
Darkdrift uncertainty for readout-channel 3 = 0.303452
Darkdrift uncertainty for readout-channel 4 = 0.301275
Trimmed average of values in readout-channel 1 = 7.030803
Trimmed average of values in readout-channel 2 = 7.923344
Trimmed average of values in readout-channel 3 = 7.036519
Trimmed average of values in readout-channel 4 = 7.839826
Darkdrift background term = 7.457623
...for data plane = 2
Darkdrift correction for readout-channel 1 = -0.098325
Darkdrift correction for readout-channel 2 = -0.553388
Darkdrift correction for readout-channel 3 = 0.165199
Darkdrift correction for readout-channel 4 = 0.486514
Darkdrift uncertainty for readout-channel 1 = 0.304120
Darkdrift uncertainty for readout-channel 2 = 0.302982
Darkdrift uncertainty for readout-channel 3 = 0.302984
Darkdrift uncertainty for readout-channel 4 = 0.303073
Trimmed average of values in readout-channel 1 = 4.610226
Trimmed average of values in readout-channel 2 = 4.155163
Trimmed average of values in readout-channel 3 = 4.873750
Trimmed average of values in readout-channel 4 = 5.195066
Darkdrift background term = 4.708551
...for data plane = 3
Darkdrift correction for readout-channel 1 = 0.146110
Darkdrift correction for readout-channel 2 = 0.019913
Darkdrift correction for readout-channel 3 = -0.225797
Darkdrift correction for readout-channel 4 = 0.059774
Darkdrift uncertainty for readout-channel 1 = 0.303494
Darkdrift uncertainty for readout-channel 2 = 0.302688
Darkdrift uncertainty for readout-channel 3 = 0.302996
Darkdrift uncertainty for readout-channel 4 = 0.303161
Trimmed average of values in readout-channel 1 = 5.177173
Trimmed average of values in readout-channel 2 = 5.050975
Trimmed average of values in readout-channel 3 = 4.805266
Trimmed average of values in readout-channel 4 = 5.090836
Darkdrift background term = 5.031062
...for data plane = 4
Darkdrift correction for readout-channel 1 = -0.028965
Darkdrift correction for readout-channel 2 = -0.284826
Darkdrift correction for readout-channel 3 = 0.105508
Darkdrift correction for readout-channel 4 = 0.208284
Darkdrift uncertainty for readout-channel 1 = 0.302846
Darkdrift uncertainty for readout-channel 2 = 0.302975
Darkdrift uncertainty for readout-channel 3 = 0.303200
Darkdrift uncertainty for readout-channel 4 = 0.302988
Trimmed average of values in readout-channel 1 = 5.370694
Trimmed average of values in readout-channel 2 = 5.114833
Trimmed average of values in readout-channel 3 = 5.505167
Trimmed average of values in readout-channel 4 = 5.607943
Darkdrift background term = 5.399659
...for data plane = 5
Darkdrift correction for readout-channel 1 = -0.676457
Darkdrift correction for readout-channel 2 = -0.200895
Darkdrift correction for readout-channel 3 = 0.391996
Darkdrift correction for readout-channel 4 = 0.485356
Darkdrift uncertainty for readout-channel 1 = 0.303361
Darkdrift uncertainty for readout-channel 2 = 0.302986
Darkdrift uncertainty for readout-channel 3 = 0.302989
Darkdrift uncertainty for readout-channel 4 = 0.302981
Trimmed average of values in readout-channel 1 = 5.103285
Trimmed average of values in readout-channel 2 = 5.578847
Trimmed average of values in readout-channel 3 = 6.171738
Trimmed average of values in readout-channel 4 = 6.265098
Darkdrift background term = 5.779742
...for data plane = 6
Darkdrift correction for readout-channel 1 = 0.545899
Darkdrift correction for readout-channel 2 = -0.696546
Darkdrift correction for readout-channel 3 = 0.231857
Darkdrift correction for readout-channel 4 = -0.081211
Darkdrift uncertainty for readout-channel 1 = 0.302710
Darkdrift uncertainty for readout-channel 2 = 0.302974
Darkdrift uncertainty for readout-channel 3 = 0.302977
Darkdrift uncertainty for readout-channel 4 = 0.303059
Trimmed average of values in readout-channel 1 = 6.333625
Trimmed average of values in readout-channel 2 = 5.091180
Trimmed average of values in readout-channel 3 = 6.019583
Trimmed average of values in readout-channel 4 = 5.706515
Darkdrift background term = 5.787726
...for data plane = 7
Darkdrift correction for readout-channel 1 = -0.161110
Darkdrift correction for readout-channel 2 = -0.213331
Darkdrift correction for readout-channel 3 = 0.083564
Darkdrift correction for readout-channel 4 = 0.290877
Darkdrift uncertainty for readout-channel 1 = 0.303361
Darkdrift uncertainty for readout-channel 2 = 0.303520
Darkdrift uncertainty for readout-channel 3 = 0.303036
Darkdrift uncertainty for readout-channel 4 = 0.302973
Trimmed average of values in readout-channel 1 = 5.808530
Trimmed average of values in readout-channel 2 = 5.756308
Trimmed average of values in readout-channel 3 = 6.053203
Trimmed average of values in readout-channel 4 = 6.260516
Darkdrift background term = 5.969639
...for data plane = 8
Darkdrift correction for readout-channel 1 = 0.148514
Darkdrift correction for readout-channel 2 = 0.001149
Darkdrift correction for readout-channel 3 = -0.056723
Darkdrift correction for readout-channel 4 = -0.092939
Darkdrift uncertainty for readout-channel 1 = 0.304522
Darkdrift uncertainty for readout-channel 2 = 0.303246
Darkdrift uncertainty for readout-channel 3 = 0.303130
Darkdrift uncertainty for readout-channel 4 = 0.302971
Trimmed average of values in readout-channel 1 = 5.941730
Trimmed average of values in readout-channel 2 = 5.794365
Trimmed average of values in readout-channel 3 = 5.736493
Trimmed average of values in readout-channel 4 = 5.700277
Darkdrift background term = 5.793216
...for data plane = 9
Darkdrift correction for readout-channel 1 = 0.558163
Darkdrift correction for readout-channel 2 = -0.595805
Darkdrift correction for readout-channel 3 = 0.173289
Darkdrift correction for readout-channel 4 = -0.135647
Darkdrift uncertainty for readout-channel 1 = 0.303621
Darkdrift uncertainty for readout-channel 2 = 0.302984
Darkdrift uncertainty for readout-channel 3 = 0.303531
Darkdrift uncertainty for readout-channel 4 = 0.303062
Trimmed average of values in readout-channel 1 = 5.984543
Trimmed average of values in readout-channel 2 = 4.830575
Trimmed average of values in readout-channel 3 = 5.599669
Trimmed average of values in readout-channel 4 = 5.290734
Darkdrift background term = 5.426380
...for data plane = 10
Darkdrift correction for readout-channel 1 = -0.216456
Darkdrift correction for readout-channel 2 = -0.186731
Darkdrift correction for readout-channel 3 = 0.114876
Darkdrift correction for readout-channel 4 = 0.288311
Darkdrift uncertainty for readout-channel 1 = 0.301029
Darkdrift uncertainty for readout-channel 2 = 0.303661
Darkdrift uncertainty for readout-channel 3 = 0.302810
Darkdrift uncertainty for readout-channel 4 = 0.302973
Trimmed average of values in readout-channel 1 = 5.583794
Trimmed average of values in readout-channel 2 = 5.613519
Trimmed average of values in readout-channel 3 = 5.915126
Trimmed average of values in readout-channel 4 = 6.088561
Darkdrift background term = 5.800250
...for data plane = 11
Darkdrift correction for readout-channel 1 = 0.004803
Darkdrift correction for readout-channel 2 = -0.366174
Darkdrift correction for readout-channel 3 = 0.394662
Darkdrift correction for readout-channel 4 = -0.033291
Darkdrift uncertainty for readout-channel 1 = 0.302970
Darkdrift uncertainty for readout-channel 2 = 0.302984
Darkdrift uncertainty for readout-channel 3 = 0.303306
Darkdrift uncertainty for readout-channel 4 = 0.302977
Trimmed average of values in readout-channel 1 = 5.515842
Trimmed average of values in readout-channel 2 = 5.144866
Trimmed average of values in readout-channel 3 = 5.905702
Trimmed average of values in readout-channel 4 = 5.477748
Darkdrift background term = 5.511039
...for data plane = 12
Darkdrift correction for readout-channel 1 = 0.293146
Darkdrift correction for readout-channel 2 = -0.029845
Darkdrift correction for readout-channel 3 = -0.398087
Darkdrift correction for readout-channel 4 = 0.134787
Darkdrift uncertainty for readout-channel 1 = 0.302977
Darkdrift uncertainty for readout-channel 2 = 0.302427
Darkdrift uncertainty for readout-channel 3 = 0.302979
Darkdrift uncertainty for readout-channel 4 = 0.303161
Trimmed average of values in readout-channel 1 = 6.007868
Trimmed average of values in readout-channel 2 = 5.684877
Trimmed average of values in readout-channel 3 = 5.316635
Trimmed average of values in readout-channel 4 = 5.849509
Darkdrift background term = 5.714722
...for data plane = 13
Darkdrift correction for readout-channel 1 = -0.107359
Darkdrift correction for readout-channel 2 = -0.291595
Darkdrift correction for readout-channel 3 = -0.048740
Darkdrift correction for readout-channel 4 = 0.447693
Darkdrift uncertainty for readout-channel 1 = 0.378332
Darkdrift uncertainty for readout-channel 2 = 0.304078
Darkdrift uncertainty for readout-channel 3 = 0.303372
Darkdrift uncertainty for readout-channel 4 = 0.303037
Trimmed average of values in readout-channel 1 = 5.744696
Trimmed average of values in readout-channel 2 = 5.560459
Trimmed average of values in readout-channel 3 = 5.803314
Trimmed average of values in readout-channel 4 = 6.299747
Darkdrift background term = 5.852054
...for data plane = 14
Darkdrift correction for readout-channel 1 = 0.257312
Darkdrift correction for readout-channel 2 = -0.323189
Darkdrift correction for readout-channel 3 = 0.033529
Darkdrift correction for readout-channel 4 = 0.032349
Darkdrift uncertainty for readout-channel 1 = 0.302582
Darkdrift uncertainty for readout-channel 2 = 0.304627
Darkdrift uncertainty for readout-channel 3 = 0.378224
Darkdrift uncertainty for readout-channel 4 = 0.303380
Trimmed average of values in readout-channel 1 = 6.185806
Trimmed average of values in readout-channel 2 = 5.605306
Trimmed average of values in readout-channel 3 = 5.962024
Trimmed average of values in readout-channel 4 = 5.960844
Darkdrift background term = 5.928495
...for data plane = 15
Darkdrift correction for readout-channel 1 = -0.149475
Darkdrift correction for readout-channel 2 = 0.040732
Darkdrift correction for readout-channel 3 = 0.160629
Darkdrift correction for readout-channel 4 = -0.051886
Darkdrift uncertainty for readout-channel 1 = 0.302973
Darkdrift uncertainty for readout-channel 2 = 0.302974
Darkdrift uncertainty for readout-channel 3 = 0.303220
Darkdrift uncertainty for readout-channel 4 = 0.302970
Trimmed average of values in readout-channel 1 = 6.037829
Trimmed average of values in readout-channel 2 = 6.228036
Trimmed average of values in readout-channel 3 = 6.347933
Trimmed average of values in readout-channel 4 = 6.135418
Darkdrift background term = 6.187304
...for data plane = 16
Darkdrift correction for readout-channel 1 = 0.325936
Darkdrift correction for readout-channel 2 = -0.125895
Darkdrift correction for readout-channel 3 = -0.131804
Darkdrift correction for readout-channel 4 = -0.068237
Darkdrift uncertainty for readout-channel 1 = 0.304155
Darkdrift uncertainty for readout-channel 2 = 0.302139
Darkdrift uncertainty for readout-channel 3 = 0.302742
Darkdrift uncertainty for readout-channel 4 = 0.303394
Trimmed average of values in readout-channel 1 = 6.231873
Trimmed average of values in readout-channel 2 = 5.780042
Trimmed average of values in readout-channel 3 = 5.774132
Trimmed average of values in readout-channel 4 = 5.837700
Darkdrift background term = 5.905937
...for data plane = 17
Darkdrift correction for readout-channel 1 = -0.291284
Darkdrift correction for readout-channel 2 = -0.290340
Darkdrift correction for readout-channel 3 = 0.003104
Darkdrift correction for readout-channel 4 = 0.578520
Darkdrift uncertainty for readout-channel 1 = 0.303368
Darkdrift uncertainty for readout-channel 2 = 0.302697
Darkdrift uncertainty for readout-channel 3 = 0.302808
Darkdrift uncertainty for readout-channel 4 = 0.303050
Trimmed average of values in readout-channel 1 = 5.236594
Trimmed average of values in readout-channel 2 = 5.237539
Trimmed average of values in readout-channel 3 = 5.530982
Trimmed average of values in readout-channel 4 = 6.106399
Darkdrift background term = 5.527879
...for data plane = 18
Darkdrift correction for readout-channel 1 = -0.066171
Darkdrift correction for readout-channel 2 = -0.237457
Darkdrift correction for readout-channel 3 = -0.020600
Darkdrift correction for readout-channel 4 = 0.324228
Darkdrift uncertainty for readout-channel 1 = 0.301623
Darkdrift uncertainty for readout-channel 2 = 0.302985
Darkdrift uncertainty for readout-channel 3 = 0.302977
Darkdrift uncertainty for readout-channel 4 = 0.302982
Trimmed average of values in readout-channel 1 = 5.610588
Trimmed average of values in readout-channel 2 = 5.439303
Trimmed average of values in readout-channel 3 = 5.656160
Trimmed average of values in readout-channel 4 = 6.000988
Darkdrift background term = 5.676760
...for data plane = 19
Darkdrift correction for readout-channel 1 = -0.042773
Darkdrift correction for readout-channel 2 = 0.224750
Darkdrift correction for readout-channel 3 = -0.005134
Darkdrift correction for readout-channel 4 = -0.176842
Darkdrift uncertainty for readout-channel 1 = 0.302992
Darkdrift uncertainty for readout-channel 2 = 0.302964
Darkdrift uncertainty for readout-channel 3 = 0.340545
Darkdrift uncertainty for readout-channel 4 = 0.303052
Trimmed average of values in readout-channel 1 = 5.742253
Trimmed average of values in readout-channel 2 = 6.009775
Trimmed average of values in readout-channel 3 = 5.779891
Trimmed average of values in readout-channel 4 = 5.608183
Darkdrift background term = 5.785026
...for data plane = 20
Darkdrift correction for readout-channel 1 = 0.595529
Darkdrift correction for readout-channel 2 = -0.394253
Darkdrift correction for readout-channel 3 = -0.390548
Darkdrift correction for readout-channel 4 = 0.189271
Darkdrift uncertainty for readout-channel 1 = 0.303609
Darkdrift uncertainty for readout-channel 2 = 0.302977
Darkdrift uncertainty for readout-channel 3 = 0.302989
Darkdrift uncertainty for readout-channel 4 = 0.378623
Trimmed average of values in readout-channel 1 = 6.280430
Trimmed average of values in readout-channel 2 = 5.290648
Trimmed average of values in readout-channel 3 = 5.294353
Trimmed average of values in readout-channel 4 = 5.874172
Darkdrift background term = 5.684901
...for data plane = 21
Darkdrift correction for readout-channel 1 = 0.347524
Darkdrift correction for readout-channel 2 = -0.025425
Darkdrift correction for readout-channel 3 = -0.164297
Darkdrift correction for readout-channel 4 = -0.157802
Darkdrift uncertainty for readout-channel 1 = 0.302449
Darkdrift uncertainty for readout-channel 2 = 0.305169
Darkdrift uncertainty for readout-channel 3 = 0.303122
Darkdrift uncertainty for readout-channel 4 = 0.302977
Trimmed average of values in readout-channel 1 = 5.931269
Trimmed average of values in readout-channel 2 = 5.558320
Trimmed average of values in readout-channel 3 = 5.419447
Trimmed average of values in readout-channel 4 = 5.425942
Darkdrift background term = 5.583745
...for data plane = 22
Darkdrift correction for readout-channel 1 = 0.135774
Darkdrift correction for readout-channel 2 = -0.175328
Darkdrift correction for readout-channel 3 = -0.154287
Darkdrift correction for readout-channel 4 = 0.193841
Darkdrift uncertainty for readout-channel 1 = 0.302065
Darkdrift uncertainty for readout-channel 2 = 0.304085
Darkdrift uncertainty for readout-channel 3 = 0.303412
Darkdrift uncertainty for readout-channel 4 = 0.303142
Trimmed average of values in readout-channel 1 = 5.742546
Trimmed average of values in readout-channel 2 = 5.431444
Trimmed average of values in readout-channel 3 = 5.452485
Trimmed average of values in readout-channel 4 = 5.800613
Darkdrift background term = 5.606772
...for data plane = 23
Darkdrift correction for readout-channel 1 = 0.180677
Darkdrift correction for readout-channel 2 = 0.076934
Darkdrift correction for readout-channel 3 = 0.177546
Darkdrift correction for readout-channel 4 = -0.435158
Darkdrift uncertainty for readout-channel 1 = 0.303589
Darkdrift uncertainty for readout-channel 2 = 0.293537
Darkdrift uncertainty for readout-channel 3 = 0.303373
Darkdrift uncertainty for readout-channel 4 = 0.303394
Trimmed average of values in readout-channel 1 = 6.375849
Trimmed average of values in readout-channel 2 = 6.272106
Trimmed average of values in readout-channel 3 = 6.372719
Trimmed average of values in readout-channel 4 = 5.760014
Darkdrift background term = 6.195172
...for data plane = 24
Darkdrift correction for readout-channel 1 = -0.293393
Darkdrift correction for readout-channel 2 = -0.025755
Darkdrift correction for readout-channel 3 = -0.056295
Darkdrift correction for readout-channel 4 = 0.375443
Darkdrift uncertainty for readout-channel 1 = 0.304790
Darkdrift uncertainty for readout-channel 2 = 0.355814
Darkdrift uncertainty for readout-channel 3 = 0.303135
Darkdrift uncertainty for readout-channel 4 = 0.302711
Trimmed average of values in readout-channel 1 = 5.729685
Trimmed average of values in readout-channel 2 = 5.997323
Trimmed average of values in readout-channel 3 = 5.966783
Trimmed average of values in readout-channel 4 = 6.398521
Darkdrift background term = 6.023078
...for data plane = 25
Darkdrift correction for readout-channel 1 = 0.088978
Darkdrift correction for readout-channel 2 = -0.245976
Darkdrift correction for readout-channel 3 = -0.007101
Darkdrift correction for readout-channel 4 = 0.164099
Darkdrift uncertainty for readout-channel 1 = 0.304369
Darkdrift uncertainty for readout-channel 2 = 0.302968
Darkdrift uncertainty for readout-channel 3 = 0.303053
Darkdrift uncertainty for readout-channel 4 = 0.302540
Trimmed average of values in readout-channel 1 = 5.977803
Trimmed average of values in readout-channel 2 = 5.642848
Trimmed average of values in readout-channel 3 = 5.881724
Trimmed average of values in readout-channel 4 = 6.052923
Darkdrift background term = 5.888824
...for data plane = 26
Darkdrift correction for readout-channel 1 = 0.698447
Darkdrift correction for readout-channel 2 = -0.427419
Darkdrift correction for readout-channel 3 = -0.342539
Darkdrift correction for readout-channel 4 = 0.071511
Darkdrift uncertainty for readout-channel 1 = 0.302974
Darkdrift uncertainty for readout-channel 2 = 0.302982
Darkdrift uncertainty for readout-channel 3 = 0.302905
Darkdrift uncertainty for readout-channel 4 = 0.302981
Trimmed average of values in readout-channel 1 = 6.730363
Trimmed average of values in readout-channel 2 = 5.604498
Trimmed average of values in readout-channel 3 = 5.689378
Trimmed average of values in readout-channel 4 = 6.103428
Darkdrift background term = 6.031917
...for data plane = 27
Darkdrift correction for readout-channel 1 = 0.091052
Darkdrift correction for readout-channel 2 = 0.156988
Darkdrift correction for readout-channel 3 = -0.223076
Darkdrift correction for readout-channel 4 = -0.024965
Darkdrift uncertainty for readout-channel 1 = 0.303236
Darkdrift uncertainty for readout-channel 2 = 0.303796
Darkdrift uncertainty for readout-channel 3 = 0.302895
Darkdrift uncertainty for readout-channel 4 = 0.303055
Trimmed average of values in readout-channel 1 = 5.800706
Trimmed average of values in readout-channel 2 = 5.866642
Trimmed average of values in readout-channel 3 = 5.486579
Trimmed average of values in readout-channel 4 = 5.684689
Darkdrift background term = 5.709654
...for data plane = 28
Darkdrift correction for readout-channel 1 = -0.359150
Darkdrift correction for readout-channel 2 = -0.256289
Darkdrift correction for readout-channel 3 = 0.361726
Darkdrift correction for readout-channel 4 = 0.253713
Darkdrift uncertainty for readout-channel 1 = 0.302989
Darkdrift uncertainty for readout-channel 2 = 0.300486
Darkdrift uncertainty for readout-channel 3 = 0.303061
Darkdrift uncertainty for readout-channel 4 = 0.303562
Trimmed average of values in readout-channel 1 = 5.201094
Trimmed average of values in readout-channel 2 = 5.303955
Trimmed average of values in readout-channel 3 = 5.921970
Trimmed average of values in readout-channel 4 = 5.813957
Darkdrift background term = 5.560244
...for data plane = 29
Darkdrift correction for readout-channel 1 = 0.307819
Darkdrift correction for readout-channel 2 = -0.399971
Darkdrift correction for readout-channel 3 = -0.156490
Darkdrift correction for readout-channel 4 = 0.248642
Darkdrift uncertainty for readout-channel 1 = 0.303623
Darkdrift uncertainty for readout-channel 2 = 0.302978
Darkdrift uncertainty for readout-channel 3 = 0.303213
Darkdrift uncertainty for readout-channel 4 = 0.302806
Trimmed average of values in readout-channel 1 = 6.017606
Trimmed average of values in readout-channel 2 = 5.309816
Trimmed average of values in readout-channel 3 = 5.553297
Trimmed average of values in readout-channel 4 = 5.958429
Darkdrift background term = 5.709787
...for data plane = 30
Darkdrift correction for readout-channel 1 = 0.040921
Darkdrift correction for readout-channel 2 = -0.276874
Darkdrift correction for readout-channel 3 = 0.416716
Darkdrift correction for readout-channel 4 = -0.180763
Darkdrift uncertainty for readout-channel 1 = 0.303487
Darkdrift uncertainty for readout-channel 2 = 0.302704
Darkdrift uncertainty for readout-channel 3 = 0.302740
Darkdrift uncertainty for readout-channel 4 = 0.302969
Trimmed average of values in readout-channel 1 = 5.289043
Trimmed average of values in readout-channel 2 = 4.971248
Trimmed average of values in readout-channel 3 = 5.664837
Trimmed average of values in readout-channel 4 = 5.067358
Darkdrift background term = 5.248122
...for data plane = 31
Darkdrift correction for readout-channel 1 = -0.139608
Darkdrift correction for readout-channel 2 = -0.276114
Darkdrift correction for readout-channel 3 = 0.204377
Darkdrift correction for readout-channel 4 = 0.211345
Darkdrift uncertainty for readout-channel 1 = 0.302978
Darkdrift uncertainty for readout-channel 2 = 0.305733
Darkdrift uncertainty for readout-channel 3 = 0.303470
Darkdrift uncertainty for readout-channel 4 = 0.302970
Trimmed average of values in readout-channel 1 = 5.700488
Trimmed average of values in readout-channel 2 = 5.563982
Trimmed average of values in readout-channel 3 = 6.044473
Trimmed average of values in readout-channel 4 = 6.051441
Darkdrift background term = 5.840096
...for data plane = 32
Darkdrift correction for readout-channel 1 = 0.247780
Darkdrift correction for readout-channel 2 = -0.007604
Darkdrift correction for readout-channel 3 = -0.490674
Darkdrift correction for readout-channel 4 = 0.250498
Darkdrift uncertainty for readout-channel 1 = 0.302934
Darkdrift uncertainty for readout-channel 2 = 0.303518
Darkdrift uncertainty for readout-channel 3 = 0.303130
Darkdrift uncertainty for readout-channel 4 = 0.227915
Trimmed average of values in readout-channel 1 = 6.008036
Trimmed average of values in readout-channel 2 = 5.752652
Trimmed average of values in readout-channel 3 = 5.269583
Trimmed average of values in readout-channel 4 = 6.010754
Darkdrift background term = 5.760256
...for data plane = 33
Darkdrift correction for readout-channel 1 = -0.310144
Darkdrift correction for readout-channel 2 = 0.266519
Darkdrift correction for readout-channel 3 = 0.213972
Darkdrift correction for readout-channel 4 = -0.170346
Darkdrift uncertainty for readout-channel 1 = 0.302867
Darkdrift uncertainty for readout-channel 2 = 0.303511
Darkdrift uncertainty for readout-channel 3 = 0.342928
Darkdrift uncertainty for readout-channel 4 = 0.302984
Trimmed average of values in readout-channel 1 = 5.677139
Trimmed average of values in readout-channel 2 = 6.253801
Trimmed average of values in readout-channel 3 = 6.201255
Trimmed average of values in readout-channel 4 = 5.816936
Darkdrift background term = 5.987283
...for data plane = 34
Darkdrift correction for readout-channel 1 = 0.095219
Darkdrift correction for readout-channel 2 = -0.335312
Darkdrift correction for readout-channel 3 = 0.086466
Darkdrift correction for readout-channel 4 = 0.153627
Darkdrift uncertainty for readout-channel 1 = 0.303227
Darkdrift uncertainty for readout-channel 2 = 0.302977
Darkdrift uncertainty for readout-channel 3 = 0.303703
Darkdrift uncertainty for readout-channel 4 = 0.302987
Trimmed average of values in readout-channel 1 = 6.021559
Trimmed average of values in readout-channel 2 = 5.591028
Trimmed average of values in readout-channel 3 = 6.012806
Trimmed average of values in readout-channel 4 = 6.079967
Darkdrift background term = 5.926340
...for data plane = 35
Darkdrift correction for readout-channel 1 = 0.021399
Darkdrift correction for readout-channel 2 = -0.233441
Darkdrift correction for readout-channel 3 = -0.025853
Darkdrift correction for readout-channel 4 = 0.237895
Darkdrift uncertainty for readout-channel 1 = 0.302975
Darkdrift uncertainty for readout-channel 2 = 0.302964
Darkdrift uncertainty for readout-channel 3 = 0.302724
Darkdrift uncertainty for readout-channel 4 = 0.303416
Trimmed average of values in readout-channel 1 = 6.093596
Trimmed average of values in readout-channel 2 = 5.838756
Trimmed average of values in readout-channel 3 = 6.046344
Trimmed average of values in readout-channel 4 = 6.310092
Darkdrift background term = 6.072197
...for data plane = 36
Darkdrift correction for readout-channel 1 = -0.220899
Darkdrift correction for readout-channel 2 = 0.017723
Darkdrift correction for readout-channel 3 = 0.410574
Darkdrift correction for readout-channel 4 = -0.207397
Darkdrift uncertainty for readout-channel 1 = 0.302710
Darkdrift uncertainty for readout-channel 2 = 0.228875
Darkdrift uncertainty for readout-channel 3 = 0.302881
Darkdrift uncertainty for readout-channel 4 = 0.302639
Trimmed average of values in readout-channel 1 = 5.484281
Trimmed average of values in readout-channel 2 = 5.722903
Trimmed average of values in readout-channel 3 = 6.115754
Trimmed average of values in readout-channel 4 = 5.497783
Darkdrift background term = 5.705180
...for data plane = 37
Darkdrift correction for readout-channel 1 = 0.053150
Darkdrift correction for readout-channel 2 = -0.564957
Darkdrift correction for readout-channel 3 = 0.355508
Darkdrift correction for readout-channel 4 = 0.156298
Darkdrift uncertainty for readout-channel 1 = 0.303485
Darkdrift uncertainty for readout-channel 2 = 0.302708
Darkdrift uncertainty for readout-channel 3 = 0.376934
Darkdrift uncertainty for readout-channel 4 = 0.303013
Trimmed average of values in readout-channel 1 = 5.464979
Trimmed average of values in readout-channel 2 = 4.846871
Trimmed average of values in readout-channel 3 = 5.767337
Trimmed average of values in readout-channel 4 = 5.568127
Darkdrift background term = 5.411829
...for data plane = 38
Darkdrift correction for readout-channel 1 = 0.504934
Darkdrift correction for readout-channel 2 = -0.698351
Darkdrift correction for readout-channel 3 = -0.056594
Darkdrift correction for readout-channel 4 = 0.250010
Darkdrift uncertainty for readout-channel 1 = 0.298927
Darkdrift uncertainty for readout-channel 2 = 0.298279
Darkdrift uncertainty for readout-channel 3 = 0.302653
Darkdrift uncertainty for readout-channel 4 = 0.303208
Trimmed average of values in readout-channel 1 = 5.961165
Trimmed average of values in readout-channel 2 = 4.757880
Trimmed average of values in readout-channel 3 = 5.399637
Trimmed average of values in readout-channel 4 = 5.706241
Darkdrift background term = 5.456231
...for data plane = 39
Darkdrift correction for readout-channel 1 = -0.380964
Darkdrift correction for readout-channel 2 = -0.434848
Darkdrift correction for readout-channel 3 = 0.609807
Darkdrift correction for readout-channel 4 = 0.206005
Darkdrift uncertainty for readout-channel 1 = 0.303886
Darkdrift uncertainty for readout-channel 2 = 0.302990
Darkdrift uncertainty for readout-channel 3 = 0.303305
Darkdrift uncertainty for readout-channel 4 = 0.303464
Trimmed average of values in readout-channel 1 = 5.308315
Trimmed average of values in readout-channel 2 = 5.254432
Trimmed average of values in readout-channel 3 = 6.299087
Trimmed average of values in readout-channel 4 = 5.895284
Darkdrift background term = 5.689280
...for data plane = 40
Darkdrift correction for readout-channel 1 = 0.127294
Darkdrift correction for readout-channel 2 = -0.102958
Darkdrift correction for readout-channel 3 = -0.033373
Darkdrift correction for readout-channel 4 = 0.009038
Darkdrift uncertainty for readout-channel 1 = 0.302838
Darkdrift uncertainty for readout-channel 2 = 0.304070
Darkdrift uncertainty for readout-channel 3 = 0.303218
Darkdrift uncertainty for readout-channel 4 = 0.303057
Trimmed average of values in readout-channel 1 = 5.823515
Trimmed average of values in readout-channel 2 = 5.593264
Trimmed average of values in readout-channel 3 = 5.662849
Trimmed average of values in readout-channel 4 = 5.705259
Darkdrift background term = 5.696222
...for data plane = 41
Darkdrift correction for readout-channel 1 = -0.158231
Darkdrift correction for readout-channel 2 = 0.495341
Darkdrift correction for readout-channel 3 = -0.143851
Darkdrift correction for readout-channel 4 = -0.193259
Darkdrift uncertainty for readout-channel 1 = 0.303110
Darkdrift uncertainty for readout-channel 2 = 0.302971
Darkdrift uncertainty for readout-channel 3 = 0.303129
Darkdrift uncertainty for readout-channel 4 = 0.302958
Trimmed average of values in readout-channel 1 = 5.596960
Trimmed average of values in readout-channel 2 = 6.250531
Trimmed average of values in readout-channel 3 = 5.611340
Trimmed average of values in readout-channel 4 = 5.561931
Darkdrift background term = 5.755191
...for data plane = 42
Darkdrift correction for readout-channel 1 = 0.475792
Darkdrift correction for readout-channel 2 = -0.300647
Darkdrift correction for readout-channel 3 = 0.178338
Darkdrift correction for readout-channel 4 = -0.353483
Darkdrift uncertainty for readout-channel 1 = 0.303366
Darkdrift uncertainty for readout-channel 2 = 0.303257
Darkdrift uncertainty for readout-channel 3 = 0.302983
Darkdrift uncertainty for readout-channel 4 = 0.302992
Trimmed average of values in readout-channel 1 = 6.138673
Trimmed average of values in readout-channel 2 = 5.362233
Trimmed average of values in readout-channel 3 = 5.841219
Trimmed average of values in readout-channel 4 = 5.309397
Darkdrift background term = 5.662880
...for data plane = 43
Darkdrift correction for readout-channel 1 = -0.048977
Darkdrift correction for readout-channel 2 = -0.324025
Darkdrift correction for readout-channel 3 = 0.131799
Darkdrift correction for readout-channel 4 = 0.241203
Darkdrift uncertainty for readout-channel 1 = 0.302974
Darkdrift uncertainty for readout-channel 2 = 0.303521
Darkdrift uncertainty for readout-channel 3 = 0.378380
Darkdrift uncertainty for readout-channel 4 = 0.302969
Trimmed average of values in readout-channel 1 = 6.162280
Trimmed average of values in readout-channel 2 = 5.887232
Trimmed average of values in readout-channel 3 = 6.343056
Trimmed average of values in readout-channel 4 = 6.452460
Darkdrift background term = 6.211257
...for data plane = 44
Darkdrift correction for readout-channel 1 = 0.192452
Darkdrift correction for readout-channel 2 = -0.353749
Darkdrift correction for readout-channel 3 = 0.060416
Darkdrift correction for readout-channel 4 = 0.100881
Darkdrift uncertainty for readout-channel 1 = 0.304134
Darkdrift uncertainty for readout-channel 2 = 0.304069
Darkdrift uncertainty for readout-channel 3 = 0.303055
Darkdrift uncertainty for readout-channel 4 = 0.302742
Trimmed average of values in readout-channel 1 = 6.075872
Trimmed average of values in readout-channel 2 = 5.529670
Trimmed average of values in readout-channel 3 = 5.943835
Trimmed average of values in readout-channel 4 = 5.984301
Darkdrift background term = 5.883419
...for data plane = 45
Darkdrift correction for readout-channel 1 = 0.343328
Darkdrift correction for readout-channel 2 = -0.349379
Darkdrift correction for readout-channel 3 = 0.504024
Darkdrift correction for readout-channel 4 = -0.497973
Darkdrift uncertainty for readout-channel 1 = 0.302451
Darkdrift uncertainty for readout-channel 2 = 0.302418
Darkdrift uncertainty for readout-channel 3 = 0.303060
Darkdrift uncertainty for readout-channel 4 = 0.302729
Trimmed average of values in readout-channel 1 = 5.957178
Trimmed average of values in readout-channel 2 = 5.264471
Trimmed average of values in readout-channel 3 = 6.117874
Trimmed average of values in readout-channel 4 = 5.115877
Darkdrift background term = 5.613850
...for data plane = 46
Darkdrift correction for readout-channel 1 = 0.080277
Darkdrift correction for readout-channel 2 = 0.055502
Darkdrift correction for readout-channel 3 = -0.484655
Darkdrift correction for readout-channel 4 = 0.348876
Darkdrift uncertainty for readout-channel 1 = 0.303365
Darkdrift uncertainty for readout-channel 2 = 0.303242
Darkdrift uncertainty for readout-channel 3 = 0.302727
Darkdrift uncertainty for readout-channel 4 = 0.303018
Trimmed average of values in readout-channel 1 = 5.892438
Trimmed average of values in readout-channel 2 = 5.867664
Trimmed average of values in readout-channel 3 = 5.327506
Trimmed average of values in readout-channel 4 = 6.161038
Darkdrift background term = 5.812161
...for data plane = 47
Darkdrift correction for readout-channel 1 = 0.084371
Darkdrift correction for readout-channel 2 = -0.592084
Darkdrift correction for readout-channel 3 = 0.446822
Darkdrift correction for readout-channel 4 = 0.060891
Darkdrift uncertainty for readout-channel 1 = 0.303711
Darkdrift uncertainty for readout-channel 2 = 0.304080
Darkdrift uncertainty for readout-channel 3 = 0.302978
Darkdrift uncertainty for readout-channel 4 = 0.302574
Trimmed average of values in readout-channel 1 = 5.697538
Trimmed average of values in readout-channel 2 = 5.021082
Trimmed average of values in readout-channel 3 = 6.059988
Trimmed average of values in readout-channel 4 = 5.674058
Darkdrift background term = 5.613167
...for data plane = 48
Darkdrift correction for readout-channel 1 = 0.519801
Darkdrift correction for readout-channel 2 = -0.271199
Darkdrift correction for readout-channel 3 = -0.018239
Darkdrift correction for readout-channel 4 = -0.230363
Darkdrift uncertainty for readout-channel 1 = 0.303495
Darkdrift uncertainty for readout-channel 2 = 0.376512
Darkdrift uncertainty for readout-channel 3 = 0.303209
Darkdrift uncertainty for readout-channel 4 = 0.302545
Trimmed average of values in readout-channel 1 = 5.738395
Trimmed average of values in readout-channel 2 = 4.947394
Trimmed average of values in readout-channel 3 = 5.200355
Trimmed average of values in readout-channel 4 = 4.988231
Darkdrift background term = 5.218594
...for data plane = 49
Darkdrift correction for readout-channel 1 = 0.044026
Darkdrift correction for readout-channel 2 = 0.098118
Darkdrift correction for readout-channel 3 = -0.101234
Darkdrift correction for readout-channel 4 = -0.040910
Darkdrift uncertainty for readout-channel 1 = 0.378063
Darkdrift uncertainty for readout-channel 2 = 0.307383
Darkdrift uncertainty for readout-channel 3 = 0.303369
Darkdrift uncertainty for readout-channel 4 = 0.378131
Trimmed average of values in readout-channel 1 = 5.505982
Trimmed average of values in readout-channel 2 = 5.560074
Trimmed average of values in readout-channel 3 = 5.360722
Trimmed average of values in readout-channel 4 = 5.421046
Darkdrift background term = 5.461956
...for data plane = 50
Darkdrift correction for readout-channel 1 = 0.256370
Darkdrift correction for readout-channel 2 = -0.368385
Darkdrift correction for readout-channel 3 = 0.252585
Darkdrift correction for readout-channel 4 = -0.140570
Darkdrift uncertainty for readout-channel 1 = 0.303098
Darkdrift uncertainty for readout-channel 2 = 0.302968
Darkdrift uncertainty for readout-channel 3 = 0.303362
Darkdrift uncertainty for readout-channel 4 = 0.303059
Trimmed average of values in readout-channel 1 = 6.025359
Trimmed average of values in readout-channel 2 = 5.400604
Trimmed average of values in readout-channel 3 = 6.021574
Trimmed average of values in readout-channel 4 = 5.628419
Darkdrift background term = 5.768989
...for data plane = 51
Darkdrift correction for readout-channel 1 = -0.023107
Darkdrift correction for readout-channel 2 = -0.542296
Darkdrift correction for readout-channel 3 = 0.204388
Darkdrift correction for readout-channel 4 = 0.361015
Darkdrift uncertainty for readout-channel 1 = 0.302589
Darkdrift uncertainty for readout-channel 2 = 0.302999
Darkdrift uncertainty for readout-channel 3 = 0.303061
Darkdrift uncertainty for readout-channel 4 = 0.303484
Trimmed average of values in readout-channel 1 = 5.714114
Trimmed average of values in readout-channel 2 = 5.194925
Trimmed average of values in readout-channel 3 = 5.941610
Trimmed average of values in readout-channel 4 = 6.098236
Darkdrift background term = 5.737221
...for data plane = 52
Darkdrift correction for readout-channel 1 = -0.298460
Darkdrift correction for readout-channel 2 = -0.049446
Darkdrift correction for readout-channel 3 = 0.050231
Darkdrift correction for readout-channel 4 = 0.297675
Darkdrift uncertainty for readout-channel 1 = 0.302823
Darkdrift uncertainty for readout-channel 2 = 0.303805
Darkdrift uncertainty for readout-channel 3 = 0.303156
Darkdrift uncertainty for readout-channel 4 = 0.228671
Trimmed average of values in readout-channel 1 = 5.673165
Trimmed average of values in readout-channel 2 = 5.922179
Trimmed average of values in readout-channel 3 = 6.021855
Trimmed average of values in readout-channel 4 = 6.269300
Darkdrift background term = 5.971625
...for data plane = 53
Darkdrift correction for readout-channel 1 = -0.061723
Darkdrift correction for readout-channel 2 = -0.307848
Darkdrift correction for readout-channel 3 = -0.161015
Darkdrift correction for readout-channel 4 = 0.530586
Darkdrift uncertainty for readout-channel 1 = 0.303362
Darkdrift uncertainty for readout-channel 2 = 0.304627
Darkdrift uncertainty for readout-channel 3 = 0.302975
Darkdrift uncertainty for readout-channel 4 = 0.303331
Trimmed average of values in readout-channel 1 = 5.505573
Trimmed average of values in readout-channel 2 = 5.259448
Trimmed average of values in readout-channel 3 = 5.406281
Trimmed average of values in readout-channel 4 = 6.097882
Darkdrift background term = 5.567296
...for data plane = 54
Darkdrift correction for readout-channel 1 = 0.081058
Darkdrift correction for readout-channel 2 = -0.251314
Darkdrift correction for readout-channel 3 = -0.084243
Darkdrift correction for readout-channel 4 = 0.254499
Darkdrift uncertainty for readout-channel 1 = 0.302979
Darkdrift uncertainty for readout-channel 2 = 0.303261
Darkdrift uncertainty for readout-channel 3 = 0.303281
Darkdrift uncertainty for readout-channel 4 = 0.303224
Trimmed average of values in readout-channel 1 = 5.734473
Trimmed average of values in readout-channel 2 = 5.402101
Trimmed average of values in readout-channel 3 = 5.569172
Trimmed average of values in readout-channel 4 = 5.907914
Darkdrift background term = 5.653415
...for data plane = 55
Darkdrift correction for readout-channel 1 = 0.219767
Darkdrift correction for readout-channel 2 = -0.415482
Darkdrift correction for readout-channel 3 = -0.073094
Darkdrift correction for readout-channel 4 = 0.268808
Darkdrift uncertainty for readout-channel 1 = 0.233711
Darkdrift uncertainty for readout-channel 2 = 0.229999
Darkdrift uncertainty for readout-channel 3 = 0.302968
Darkdrift uncertainty for readout-channel 4 = 0.302371
Trimmed average of values in readout-channel 1 = 6.127036
Trimmed average of values in readout-channel 2 = 5.491787
Trimmed average of values in readout-channel 3 = 5.834175
Trimmed average of values in readout-channel 4 = 6.176077
Darkdrift background term = 5.907269
...for data plane = 56
Darkdrift correction for readout-channel 1 = -0.026000
Darkdrift correction for readout-channel 2 = 0.124858
Darkdrift correction for readout-channel 3 = 0.111796
Darkdrift correction for readout-channel 4 = -0.210654
Darkdrift uncertainty for readout-channel 1 = 0.302961
Darkdrift uncertainty for readout-channel 2 = 0.303281
Darkdrift uncertainty for readout-channel 3 = 0.303057
Darkdrift uncertainty for readout-channel 4 = 0.303679
Trimmed average of values in readout-channel 1 = 5.556541
Trimmed average of values in readout-channel 2 = 5.707399
Trimmed average of values in readout-channel 3 = 5.694336
Trimmed average of values in readout-channel 4 = 5.371887
Darkdrift background term = 5.582541
...for data plane = 57
Darkdrift correction for readout-channel 1 = 0.194263
Darkdrift correction for readout-channel 2 = -0.249733
Darkdrift correction for readout-channel 3 = 0.017599
Darkdrift correction for readout-channel 4 = 0.037872
Darkdrift uncertainty for readout-channel 1 = 0.303378
Darkdrift uncertainty for readout-channel 2 = 0.302981
Darkdrift uncertainty for readout-channel 3 = 0.303138
Darkdrift uncertainty for readout-channel 4 = 0.303060
Trimmed average of values in readout-channel 1 = 5.762511
Trimmed average of values in readout-channel 2 = 5.318515
Trimmed average of values in readout-channel 3 = 5.585847
Trimmed average of values in readout-channel 4 = 5.606120
Darkdrift background term = 5.568248
...for data plane = 58
Darkdrift correction for readout-channel 1 = 0.444259
Darkdrift correction for readout-channel 2 = -0.845964
Darkdrift correction for readout-channel 3 = -0.247504
Darkdrift correction for readout-channel 4 = 0.649210
Darkdrift uncertainty for readout-channel 1 = 0.303462
Darkdrift uncertainty for readout-channel 2 = 0.301885
Darkdrift uncertainty for readout-channel 3 = 0.227640
Darkdrift uncertainty for readout-channel 4 = 0.303573
Trimmed average of values in readout-channel 1 = 0.719732
Trimmed average of values in readout-channel 2 = -0.570491
Trimmed average of values in readout-channel 3 = 0.027969
Trimmed average of values in readout-channel 4 = 0.924683
Darkdrift background term = 0.275473
...for data plane = 59
Darkdrift correction for readout-channel 1 = 0.076680
Darkdrift correction for readout-channel 2 = -0.178600
Darkdrift correction for readout-channel 3 = 0.104112
Darkdrift correction for readout-channel 4 = -0.002193
Darkdrift uncertainty for readout-channel 1 = 0.303481
Darkdrift uncertainty for readout-channel 2 = 0.302979
Darkdrift uncertainty for readout-channel 3 = 0.302977
Darkdrift uncertainty for readout-channel 4 = 0.303039
Trimmed average of values in readout-channel 1 = 5.547890
Trimmed average of values in readout-channel 2 = 5.292610
Trimmed average of values in readout-channel 3 = 5.575322
Trimmed average of values in readout-channel 4 = 5.469016
Darkdrift background term = 5.471209
...for data plane = 60
Darkdrift correction for readout-channel 1 = -0.055637
Darkdrift correction for readout-channel 2 = -0.202262
Darkdrift correction for readout-channel 3 = 0.291046
Darkdrift correction for readout-channel 4 = -0.033147
Darkdrift uncertainty for readout-channel 1 = 0.302984
Darkdrift uncertainty for readout-channel 2 = 0.302421
Darkdrift uncertainty for readout-channel 3 = 0.302962
Darkdrift uncertainty for readout-channel 4 = 0.303442
Trimmed average of values in readout-channel 1 = 5.699966
Trimmed average of values in readout-channel 2 = 5.553341
Trimmed average of values in readout-channel 3 = 6.046649
Trimmed average of values in readout-channel 4 = 5.722455
Darkdrift background term = 5.755603
...for data plane = 61
Darkdrift correction for readout-channel 1 = -0.223183
Darkdrift correction for readout-channel 2 = -0.186494
Darkdrift correction for readout-channel 3 = -0.048244
Darkdrift correction for readout-channel 4 = 0.457921
Darkdrift uncertainty for readout-channel 1 = 0.303490
Darkdrift uncertainty for readout-channel 2 = 0.302978
Darkdrift uncertainty for readout-channel 3 = 0.303044
Darkdrift uncertainty for readout-channel 4 = 0.303174
Trimmed average of values in readout-channel 1 = 5.311211
Trimmed average of values in readout-channel 2 = 5.347901
Trimmed average of values in readout-channel 3 = 5.486150
Trimmed average of values in readout-channel 4 = 5.992315
Darkdrift background term = 5.534394
...for data plane = 62
Darkdrift correction for readout-channel 1 = -0.155513
Darkdrift correction for readout-channel 2 = 0.139377
Darkdrift correction for readout-channel 3 = 0.217230
Darkdrift correction for readout-channel 4 = -0.201094
Darkdrift uncertainty for readout-channel 1 = 0.302967
Darkdrift uncertainty for readout-channel 2 = 0.303550
Darkdrift uncertainty for readout-channel 3 = 0.303466
Darkdrift uncertainty for readout-channel 4 = 0.302975
Trimmed average of values in readout-channel 1 = 5.419402
Trimmed average of values in readout-channel 2 = 5.714293
Trimmed average of values in readout-channel 3 = 5.792146
Trimmed average of values in readout-channel 4 = 5.373822
Darkdrift background term = 5.574916
...for data plane = 63
Darkdrift correction for readout-channel 1 = 0.306433
Darkdrift correction for readout-channel 2 = -0.428014
Darkdrift correction for readout-channel 3 = -0.160675
Darkdrift correction for readout-channel 4 = 0.282255
Darkdrift uncertainty for readout-channel 1 = 0.303117
Darkdrift uncertainty for readout-channel 2 = 0.302987
Darkdrift uncertainty for readout-channel 3 = 0.302979
Darkdrift uncertainty for readout-channel 4 = 0.303227
Trimmed average of values in readout-channel 1 = 6.270196
Trimmed average of values in readout-channel 2 = 5.535749
Trimmed average of values in readout-channel 3 = 5.803088
Trimmed average of values in readout-channel 4 = 6.246018
Darkdrift background term = 5.963763
...for data plane = 64
Darkdrift correction for readout-channel 1 = 0.215585
Darkdrift correction for readout-channel 2 = -0.513023
Darkdrift correction for readout-channel 3 = 0.003648
Darkdrift correction for readout-channel 4 = 0.293790
Darkdrift uncertainty for readout-channel 1 = 0.303237
Darkdrift uncertainty for readout-channel 2 = 0.302957
Darkdrift uncertainty for readout-channel 3 = 0.303153
Darkdrift uncertainty for readout-channel 4 = 0.302990
Trimmed average of values in readout-channel 1 = 6.088661
Trimmed average of values in readout-channel 2 = 5.360053
Trimmed average of values in readout-channel 3 = 5.876724
Trimmed average of values in readout-channel 4 = 6.166866
Darkdrift background term = 5.873076

Program darkdrift: Status Message: 0x0000
Normal exit from Function 0x0000: LOG_WRITER
darkdrift Warning: NaN's were produced in the results.
A total of     2013   NaN's were produced in the results.
Processing time: 11.450000 seconds
Current date/time: Sat Jan  9 14:57:02 2016
Program darkdrift, version 4.1, terminated.

darkdrift   exit_value =   0    execution_time = 11.540s
******************************************************************
Pipeline executing flatap
flatap -i darkdrift.fits -p cal/pmask.fits -f cal/skyflat.fits -ui sig_darkdrift.fits -uo sig_flatap.fits -d dmask.fits -o flatap.fits -c cal/skyflat_cmask.fits 
******************************************************************
Pipeline Module FLATAP Version 1.5
Processing time Sat Jan  9 14:57:02 2016

flatap_parse_namelist: Information only: Namelist not specified.
Sat Jan  9 14:57:02 2016
flatap_log_writer: Could not open Log File, using stdout
Flatap Version 1.5
Namelist File  = 
Input DCE = darkdrift.fits
Output DCE = !flatap.fits
Flatfield = cal/skyflat.fits
Input Uncertainty = sig_darkdrift.fits
Output Uncertainty = !sig_flatap.fits
Pmask File = cal/pmask.fits
Pmask Mask = 128
Dmask File = dmask.fits
Dmask Mask = 16384
Cmask File = cal/skyflat_cmask.fits
Cmask Mask = 256
Trans CAL File = 
Trans CAL CMask File = 
Processing Log File = 
Time =    0.18 seconds
*********************

Time = 0.180 seconds
exit code 0

flatap   exit_value =   0    execution_time = 0.240s
******************************************************************
Pipeline executing imfliprot
imfliprot -i flatap.fits -n cdf/pn107.nl -a /sos/sw/S19.2.0/STUDIO/downlink/include -o imfliprot.fits 
******************************************************************

imfliprot_log_writer: Printing Log output to stdout

Program imfliprot, Version 1.0
Namelist File  = cdf/pn107.nl
Input File = flatap.fits
Output File = imfliprot.fits
Image has been flipped
Image Rotation (degrees)  = 180
Ancillary Data-File Path = /sos/sw/S19.2.0/STUDIO/downlink/include
Verbose flag = 0
Debug flag = 0
imfliprot Status Message      0x0000: Normal exit from Function 0x0000: LOG_WRITER
Processing time: 0.180000 seconds
Current date/time: Sat Jan  9 14:57:03 2016
Program imfliprot, version 1.0, terminated.


imfliprot   exit_value =   0    execution_time = 0.220s
******************************************************************
Pipeline executing imfliprot
imfliprot -i sig_flatap.fits -n cdf/pn107.nl -a /sos/sw/S19.2.0/STUDIO/downlink/include -o sig_imfliprot.fits 
******************************************************************

imfliprot_log_writer: Printing Log output to stdout

Program imfliprot, Version 1.0
Namelist File  = cdf/pn107.nl
Input File = sig_flatap.fits
Output File = sig_imfliprot.fits
Image has been flipped
Image Rotation (degrees)  = 180
Ancillary Data-File Path = /sos/sw/S19.2.0/STUDIO/downlink/include
Verbose flag = 0
Debug flag = 0
imfliprot Status Message      0x0000: Normal exit from Function 0x0000: LOG_WRITER
Processing time: 0.180000 seconds
Current date/time: Sat Jan  9 14:57:03 2016
Program imfliprot, version 1.0, terminated.


imfliprot   exit_value =   0    execution_time = 0.220s
******************************************************************
Pipeline executing imfliprot
imfliprot -i dmask.fits -n cdf/pn107.nl -a /sos/sw/S19.2.0/STUDIO/downlink/include -o temp_dmask.fits 
******************************************************************

imfliprot_log_writer: Printing Log output to stdout

Program imfliprot, Version 1.0
Namelist File  = cdf/pn107.nl
Input File = dmask.fits
Output File = temp_dmask.fits
Image has been flipped
Image Rotation (degrees)  = 180
Ancillary Data-File Path = /sos/sw/S19.2.0/STUDIO/downlink/include
Verbose flag = 0
Debug flag = 0
imfliprot Status Message      0x0000: Normal exit from Function 0x0000: LOG_WRITER
Processing time: 0.060000 seconds
Current date/time: Sat Jan  9 14:57:03 2016
Program imfliprot, version 1.0, terminated.


imfliprot   exit_value =   0    execution_time = 0.100s
******************************************************************
Pipeline executing imfliprot
imfliprot -i fowlinearize.fits -n cdf/pn107.nl -a /sos/sw/S19.2.0/STUDIO/downlink/include -o temp_fowlinearize.fits 
******************************************************************

imfliprot_log_writer: Printing Log output to stdout

Program imfliprot, Version 1.0
Namelist File  = cdf/pn107.nl
Input File = fowlinearize.fits
Output File = temp_fowlinearize.fits
Image has been flipped
Image Rotation (degrees)  = 180
Ancillary Data-File Path = /sos/sw/S19.2.0/STUDIO/downlink/include
Verbose flag = 0
Debug flag = 0
imfliprot Status Message      0x0000: Normal exit from Function 0x0000: LOG_WRITER
Processing time: 0.080000 seconds
Current date/time: Sat Jan  9 14:57:04 2016
Program imfliprot, version 1.0, terminated.


imfliprot   exit_value =   0    execution_time = 0.120s
******************************************************************
Pipeline executing imfliprot
imfliprot -i sig_fowlinearize.fits -n cdf/pn107.nl -a /sos/sw/S19.2.0/STUDIO/downlink/include -o temp_sig_fowlinearize.fits 
******************************************************************

imfliprot_log_writer: Printing Log output to stdout

Program imfliprot, Version 1.0
Namelist File  = cdf/pn107.nl
Input File = sig_fowlinearize.fits
Output File = temp_sig_fowlinearize.fits
Image has been flipped
Image Rotation (degrees)  = 180
Ancillary Data-File Path = /sos/sw/S19.2.0/STUDIO/downlink/include
Verbose flag = 0
Debug flag = 0
imfliprot Status Message      0x0000: Normal exit from Function 0x0000: LOG_WRITER
Processing time: 0.080000 seconds
Current date/time: Sat Jan  9 14:57:04 2016
Program imfliprot, version 1.0, terminated.


imfliprot   exit_value =   0    execution_time = 0.120s
******************************************************************
Pipeline executing dntoflux
dntoflux -i imfliprot.fits -iu sig_imfliprot.fits -n cdf/pn107.nl -co 0 -c 0.1447 -u 0.0000 -a /sos/sw/S19.2.0/STUDIO/downlink/include -o1 dntoflux.fits -ou sig_dntoflux.fits -t 1 
******************************************************************

Program dntoflux, Version 4.2
Namelist File  = cdf/pn107.nl
Input Image = imfliprot.fits
Output File 1 = dntoflux.fits
Output Uncertainty Image = sig_dntoflux.fits
Operation flag = 0
Conversion factor = 0.144700
Input Uncertainty Image = sig_imfliprot.fits
Conversion-factor uncertainty = 0.000000
Output BUNIT setting = MJy/sr
Normalize-by-EXPTIME Flag = 1
EXPTIME = 1.920000
Data-Plane Flag = 1
Ancillary Data-File Path = /sos/sw/S19.2.0/STUDIO/downlink/include
Verbose flag = 0
Super-verbose flag = 0
Debug flag = 0
Terminating data-units-conversion program.
dntoflux Status Message: 0x0000
Normal exit from Function 0x0000: LOG_WRITER
dntoflux Probs Warning: NaN's were produced in the results.
A total of     4026   NaN's were produced in the results.
Processing time: 0.410000 seconds
Current date/time: Sat Jan  9 14:57:05 2016
Program dntoflux, version 4.2, terminated.

dntoflux   exit_value =   0    execution_time = 0.550s
******************************************************************
Pipeline executing qatool
qatool -i dntoflux.fits -n cdf/pn107.nl -nb QATOOLBCD -a /sos/sw/S19.2.0/STUDIO/downlink/include -o qa/BCD_qatool 
******************************************************************
qatool_parse_namelist: Information only: Namelist block-name = &QATOOLBCD
Program qatool, Version 6.0
Namelist File  = cdf/pn107.nl
Input File = dntoflux.fits
Output Data Filename Base = qa/BCD_qatool
Statistics Group = 0
Percent-Scaling Flag = 0
Calculation Type = 1
(set-up to do additional computations for four readout channels)
Number of Mean Absolute Deviations for Histogram Half-Width Coverage = 5
Number of Bins in Histograms = 41
Central fraction for trimmed average = 0.810000
Central fraction for trimmed std. dev. = 0.720000
Bad-pixel tolerance fraction = 0.900000
Statistics Box X position = 3
Statistics Box Y position = 4
Statistics Box X width = 20
Statistics Box Y height = 23
Input-Image Transpose Flag = 1
Unsigned Integer Flag = 0
Data-Plane Flag = 1
Number Edge Rows/Cols Skipped = 2
Keyword Prefix = bcd
Ancillary Data-File Path = /sos/sw/S19.2.0/STUDIO/downlink/include
Verbose flag = 0
Super-verbose flag = 0
Debug flag = 0
Performed statistical and histogram calculations.
Program qatool: Status Message: 0x0000
Normal exit from Function 0x0000: LOG_WRITER
Processing time: 1.170000 seconds
Current date/time: Sat Jan  9 14:57:06 2016
Program qatool, version 6.0, terminated.

qatool   exit_value =   0    execution_time = 1.260s
******************************************************************
Pipeline executing chkmask
chkmask dmask.fits -q qa/BCD_qatool.qa 
******************************************************************
 chkmask vsn 1.35 A40312
 
 No. of occurrences of the   2 status combinations:
   2269 occurrences of   256 (8)                                 
   4 occurrences of   16 (4)                                 
 
 Status Bit: No. of Pixels
   0:   0
   1:   0
   2:   0
   3:   0
   4:   4
   5:   0
   6:   0
   7:   0
   8:   2269
   9:   0
   10:   0
   11:   0
   12:   0
   13:   0
   14:   0
 

chkmask   exit_value =   0    execution_time = 0.240s
******************************************************************
Loading QA information for DCE and BCD product
Keyword APDUV1E not found in header
Keyword APDUV2E not found in header
Keyword APDUV3E not found in header
Keyword APDUI1E not found in header
Keyword APDUI2E not found in header
Keyword APDUI3E not found in header
Could not append keyword APDUV1E to QA file qa/DCE_qatool.qa
Could not append keyword APDUV2E to QA file qa/DCE_qatool.qa
Could not append keyword APDUV3E to QA file qa/DCE_qatool.qa
Could not append keyword APDUI1E to QA file qa/DCE_qatool.qa
Could not append keyword APDUI2E to QA file qa/DCE_qatool.qa
Could not append keyword APDUI3E to QA file qa/DCE_qatool.qa
******************************************************************
Pipeline executing qaloader
qaloader -i qa/DCE_qatool.qa -tablename qa_iracdce -o qa/qaloader.sql -role pipelineswrole 
******************************************************************
2016/01/09 14:57:07 BEGIN qaloader v1.13
 -i (QA_FILE) qa/DCE_qatool.qa
 -tablename (TABLENAME) qa_iracdce
 -o (SQL_FILE) qa/qaloader.sql
 -role (ROLE) pipelineswrole
Using metadata version 13.0b
table name=qa_iracdce

QA values ingested:
{-4.630927e+01} {}
dceAveFI_1       -4.630927e+01 
{-4.973980e+01} {}
dceAveR1_1       -4.973980e+01 
{-2.949440e+01} {}
dceAveR2_1       -2.949440e+01 
{-3.371323e+01} {}
dceAveR3_1       -3.371323e+01 
{-7.228964e+01} {}
dceAveR4_1       -7.228964e+01 
{-2.200000e+01} {-4.973980e+01}
dceMedFI_1       -2.200000e+01 
{3.060194e+02} {}
dceSdevFI_1      3.060194e+02 
{4.770400e+00} {}
dceDSclFI_1      4.770400e+00 
{-8.844000e+03} {}
dceMinFI_1       -8.844000e+03 
{6.000000e+00} {}
dceMaxFI_1       6.000000e+00 
{147809605} {}
DCEID            147809605 
{2} {-4.630927e+01}
CHNLNUM          2 
{0} {}
ADCEID           0 
{8} {}
AFOWLNUM         8 
{184} {}
AWAITPER         184 
{0} {}
AWEASIDE         0 
{1} {}
AREADMOD         1 
{27.699513} {}
AFPAT1B          27.699513 
{28.671007} {}
AFPAT2B          28.671007 
{0} {}
APEDSIG          0 
{0} {}
ATXSTAT          0 
{0} {}
AFLSTAT          0 
{4} {}
ASHSTAT          4 
{-3.5591532} {}
AVRSTBEG         -3.5591532 
{-3.0562209} {}
AVDETBEG         -3.0562209 
{-3.618536} {}
AVGG1BEG         -3.618536 
{-3.550644} {}
AVDDUBEG         -3.550644 
{0} {}
AVGGCBEG         0 
{21.047351} {}
ACTENDT          21.047351 
{19.270529} {}
AFPECTE          19.270529 
{22.604265} {}
AFPEATE          22.604265 
{23.516298} {}
ATCTEMPE         23.516298 
{20.98639} {}
ACETEMPE         20.98639 
{20.955909} {}
APDTEMPE         20.955909 
{27.671961} {}
ACATMP2E         27.671961 
2016/01/09 14:57:07 END   qaloader status=0

qaloader   exit_value =   0    execution_time = 0.080s
******************************************************************
Pipeline executing qaloader
qaloader -i qa/BCD_qatool.qa -tablename qa_iracdp -o qa/qaloader.sql 
******************************************************************
2016/01/09 14:57:07 BEGIN qaloader v1.13
 -i (QA_FILE) qa/BCD_qatool.qa
 -tablename (TABLENAME) qa_iracdp
 -o (SQL_FILE) qa/qaloader.sql
Using metadata version 13.0b
table name=qa_iracdp

QA values ingested:
{2.528225e+00} {}
bcdAveFI_1       2.528225e+00 
{4.003157e+00} {}
bcdAveUB_1       4.003157e+00 
{5.804514e-01} {}
bcdMedFI_1       5.804514e-01 
{6.730941e-01} {}
bcdMedUB_1       6.730941e-01 
{2.590547e+01} {}
bcdSdevFI_1      2.590547e+01 
{3.375566e+01} {}
bcdSdevUB_1      3.375566e+01 
{4.053030e-01} {}
bcdDSclFI_1      4.053030e-01 
{4.990903e-01} {}
bcdDSclUB_1      4.990903e-01 
{-5.918327e-01} {}
bcdMinFI_1       -5.918327e-01 
{-4.555538e-01} {}
bcdMinUB_1       -4.555538e-01 
{6.888650e+02} {}
bcdMaxFI_1       6.888650e+02 
{6.888650e+02} {}
bcdMaxUB_1       6.888650e+02 
{5.726092e-01} {}
bcdC68lFI_1      5.726092e-01 
{5.909754e-01} {}
bcdC68uFI_1      5.909754e-01 
{391693044} {}
DPID             391693044 
{2} {2.528225e+00}
CHNLNUM          2 
2016/01/09 14:57:07 END   qaloader status=0

qaloader   exit_value =   0    execution_time = 0.120s
******************************************************************
Pipeline executing dbaccess
dbaccess -e sodb qa/qaloader.sql 
******************************************************************
set role pipelineswrole;
set lock mode to wait 30;
EXECUTE PROCEDURE addQA_iracdce (147809605, NULL, NULL, 2, -4.630927e+01, 
-2.200000e+01, -4.973980e+01, -2.949440e+01, -3.371323e+01, -7.228964e+01, 
3.060194e+02, 4.770400e+00, -8.844000e+03, 6.000000e+00, 0, 8, 184, 0, 1, 
27.699513, 28.671007, 0, 0, 0, 4, -3.5591532, -3.0562209, -3.618536, -3.550644, 
0, 21.047351, 19.270529, 22.604265, 23.516298, 20.98639, 20.955909, 27.671961, 
NULL, NULL, NULL, NULL, NULL, NULL);
EXECUTE PROCEDURE addQA_iracdp (391693044, NULL, NULL, 2, 2.528225e+00, 
4.003157e+00, 5.804514e-01, 6.730941e-01, 2.590547e+01, 3.375566e+01, 
4.053030e-01, 4.990903e-01, -5.918327e-01, -4.555538e-01, 6.888650e+02, 
6.888650e+02, 5.726092e-01, 5.909754e-01, NULL, NULL, NULL, NULL, NULL, NULL);
execute procedure setDceTimeParameters (147809605, 1037062074.152, "2012-11-11 00:41:33.827", 1.92, 2.00);

dbaccess   exit_value =   0    execution_time = 0.120s
******************************************************************
Finishing IRAC science pipeline processing
Could not copy cal/firstframe_corr.fits to /sbx10/S19.2.0/archive/proc/full/IRAC033400/bcd/4568/0046471424/2/0183/0000/17/01/1/cal/firstframe_corr.fits
Could not copy imask.fits to /sbx10/S19.2.0/archive/proc/full/IRAC033400/bcd/4568/0046471424/2/0183/0000/17/01/1/imask.fits
Could not copy muxbleedcorr.fits to /sbx10/S19.2.0/archive/proc/full/IRAC033400/bcd/4568/0046471424/2/0183/0000/17/01/1/muxbleedcorr.fits
Could not copy slremove.fits to /sbx10/S19.2.0/archive/proc/full/IRAC033400/bcd/4568/0046471424/2/0183/0000/17/01/1/slremove.fits
******************************************************************
PlScriptID 17 exiting Saturday, January  9, 2016  2:57:08 PM PST
Host: sopipe89
Local Processing Directory: /scr7/S19.2.0/IRAC033400/bcd/4568/0046471424/2/0183/0000/17/01/1
Sandbox Directory: /sbx10/S19.2.0/archive/proc/full/IRAC033400/bcd/4568/0046471424/2/0183/0000/17/01/1
Processing time: total 27 s (user 0.95, system 1.01, child user 16.48, child system 8.56)
Pipeline exit code: Normal exit (0)
******************************************************************
