 hdrupd8 vsn 1.6  A70821
******************************************************************
Executing IRAC science pipeline
******************************************************************
Pipeline executing sanity_datatype
sanity_datatype -i ../fos16.fits -t1 cdf/sanity_datatype1.tbl -t2 cdf/sanity_datatype2.tbl -o1 qa/sanity_datatype1.tbl -o2 qa/sanity_datatype2.tbl 
******************************************************************
Program Sanity_datatype is started .... Version 1.0, Sat Jan  9 14:57:41 2016
Input Image File = ../fos16.fits
Input Data Table 1 = cdf/sanity_datatype1.tbl
Input Data Table 2 = cdf/sanity_datatype2.tbl
Output Filename1 = qa/sanity_datatype1.tbl
Output Filename2 = qa/sanity_datatype2.tbl
Log File = stdout
I_Debug = 0
I_Verbose = 0
I_SuperVerbose = 0
Processing time: 0.070000 seconds
Program Sanity_datatype is done. Version 1.0, Sat Jan  9 14:57:41 2016


sanity_datatype   exit_value =   0    execution_time = 0.490s
******************************************************************
Pipeline executing qatool
qatool -i ../fos16.fits -n cdf/pn107.nl -nb QATOOLDCE -a /sos/sw/S19.2.0/STUDIO/downlink/include -o qa/DCE_qatool 
******************************************************************
qatool_parse_namelist: Information only: Namelist block-name = &QATOOLDCE
Program qatool, Version 6.0
Namelist File  = cdf/pn107.nl
Input File = ../fos16.fits
Output Data Filename Base = qa/DCE_qatool
Statistics Group = 0
Percent-Scaling Flag = 0
Calculation Type = 1
(set-up to do additional computations for four readout channels)
Number of Mean Absolute Deviations for Histogram Half-Width Coverage = 5
Number of Bins in Histograms = 41
Central fraction for trimmed average = 0.810000
Central fraction for trimmed std. dev. = 0.720000
Bad-pixel tolerance fraction = 0.340000
Statistics Box X position = 3
Statistics Box Y position = 4
Statistics Box X width = 27
Statistics Box Y height = 33
Input-Image Transpose Flag = 1
Unsigned Integer Flag = 0
Data-Plane Flag = 1
Number Edge Rows/Cols Skipped = 10
Keyword Prefix = dce
Ancillary Data-File Path = /sos/sw/S19.2.0/STUDIO/downlink/include
Verbose flag = 0
Super-verbose flag = 0
Debug flag = 0
Performed statistical and histogram calculations.
Program qatool: Status Message: 0x0000
Normal exit from Function 0x0000: LOG_WRITER
Processing time: 0.720000 seconds
Current date/time: Sat Jan  9 14:57:42 2016
Program qatool, version 6.0, terminated.

qatool   exit_value =   0    execution_time = 0.820s
******************************************************************
Pipeline executing sanity_check
sanity_check -i qa/DCE_qatool.tbl -o qa/sanity_check.tbl 
******************************************************************
Program Sanity_check is started .... Version 1.0, Sat Jan  9 14:57:46 2016

Input File = qa/DCE_qatool.tbl
Output = qa/sanity_check.tbl
Processing time: 0.030000 seconds
Current date/time: Sat Jan  9 14:57:46 2016
Program Sanity_check, version 1.0, terminated.

sanity_check   exit_value =   0    execution_time = 0.400s
******************************************************************
Pipeline executing abad_repair
abad_repair -i ../fos16.fits -o abad_repair.fits 
******************************************************************
Pipeline Module ABAD_REPAIR Version 1.2
Processing time Sat Jan  9 14:57:46 2016

ABAD_READ_DATA: A0752D00 = 0
status from read: 1
npixs = 65536
enter output with 0
files ../fos16.fits !abad_repair.fits 
open output [!abad_repair.fits]
comment [Sat Jan  9 14:57:46 2016]
Time = 0.040 seconds
exit code 0

abad_repair   exit_value =   0    execution_time = 0.090s
******************************************************************
Pipeline executing tranhead
tranhead -i abad_repair.fits -n cdf/pn107.nl -k /scr/S19.2.0/cdf/ctd/telemetry_dictionary.dat -a /sos/sw/S19.2.0/STUDIO/downlink/include -o tranhead.fits -t, cdf/Keyword_Include_List.dat 
******************************************************************

Program tranhead, Version 13.2
Namelist File  = cdf/pn107.nl
Input File = abad_repair.fits
Dictionary File = /scr/S19.2.0/cdf/ctd/telemetry_dictionary.dat
CTD Version String = 3.0.94S
Keyword-Include-List File = cdf/Keyword_Include_List.dat
Translated-Keyword File = tranhead.hdr
CSPICE leapseconds kernel = /scr/S19.2.0/cdf/spice/leapseconds.ker
CSPICE SCLK_SCET kernel = /scr/S19.2.0/cdf/spice/sclk_scet.ker
CSPICE Spitzer Ephemeris = /scr/S19.2.0/cdf/spice/sirtf.bsp
CSPICE Planets Ephemeris = /scr/S19.2.0/cdf/spice/de.bsp
Output File = tranhead.fits
Operation Type = 1
FITS-Header Comment Flag = 1
SCLK correction factor = 1.000380
Ignore Frames (1st) = -1
Ignore Frames (2nd and higher) = -1
Central fraction for trimmed average  = 0.900000
Central fraction for trimmed std. dev. = 0.900000
Gain = 3.710000
Gain_RdOutCh_1 = 3.710000
Gain_RdOutCh_2 = 3.710000
Gain_RdOutCh_3 = 3.710000
Gain_RdOutCh_4 = 3.710000
Ancillary Data-File Path = /sos/sw/S19.2.0/STUDIO/downlink/include
Verbose flag = 0
Super-verbose flag = 0
Debug flag = 0
Configured to perform forward FITS keyword translation.
tranhead Status Message: 0x0000
Normal exit from Function 0x0000: LOG_WRITER
A total of        0   NaN's were produced in the results.
Processing time: 0.360000 seconds
Current date/time: Sat Jan  9 14:57:47 2016
Program tranhead, version 13.2, terminated.

tranhead   exit_value =   0    execution_time = 0.480s
 hdrupd8 vsn 1.6  A70821


LabDark

chan, frametime, hdy, extrpt = 2, 2.00, F, 233
expid  adceid  repidx  =  39,  0,  0 

SkyDarkaor template time = 2
hdy  repidx =  F  0
expid  ext-repeat  =  39  233

******************************************************************
Pipeline executing caltrans
caltrans -n cdf/pn107.nl -m 2 -a 7 -b /scr4/S19.2.0/dlcaldata/irac -s tranhead.fits -o cal -u SUB -jk1 CHNLNUM -jv1 2 -ja1 N -ju1 0 -js1 flip -jk2 CHNLNUM;AFOWLNUM;AWAITPER;FRAMTIME;HDRMODE -jv2 2;8;184;2.00;F -ja2 N;N;N;N;S -ju2 0;0;0;0;0 -js2 sigma;cmask -jk3 CHNLNUM;AFOWLNUM;AWAITPER;FRAMTIME;HDRMODE -jv3 2;8;184;2.00;F -ja3 N;N;N;N;S -ju3 0;0;0;0;0 -js3 cmask -jk4 CHNLNUM -jv4 2 -ja4 N -ju4 0 -js4 cmask -jk5 CHNLNUM -jv5 2 -ja5 N -ju5 0 -js5 cmask -jk6 CHNLNUM -jv6 2 -ja6 N -ju6 0 -jk7 CHNLNUM;AFOWLNUM;AWAITPER -jv7 2;8;184 -ja7 N;N;N -ju7 0;0;0 -jk8 CHNLNUM;AFOWLNUM;AWAITPER -jv8 2;8;184 -ja8 N;N;N -ju8 0;0;0 -e CALTRANSsciSUB 
******************************************************************

Online Namelist file descriptor associated
Online namelist buffer loaded: length = 7422

Warning !:  Ancillary file #1  with full suffix filename  '/sos/archive/fallbacks/IRAC004600/SUB_2s_2sf8d1r1_ch2_v2.0.0_dark_sigma.fits'  NOT in archive/sandbox !!.
Proceed to the next suffix fileprocessing .....

Warning !:  Ancillary file #2  with full suffix filename  '/sos/archive/fallbacks/IRAC004600/SUB_2s_2sf8d1r1_ch2_v2.0.0_dark_cmask.fits'  NOT in archive/sandbox !!.
Proceed to the next suffix fileprocessing .....

Warning !:  Ancillary-suffix file #1: '/scr4/S19.2.0/dlcaldata/irac/fb1502_SUB_2s_2sf8d1r1_ch2_v2.0.0_dark_sigma.fits'  could NOT be identified on cache.
Processing continues ..... 


Warning !:  Ancillary-suffix file #2: '/scr4/S19.2.0/dlcaldata/irac/fb1502_SUB_2s_2sf8d1r1_ch2_v2.0.0_dark_cmask.fits'  could NOT be identified on cache.
Processing continues ..... 


Warning !:  Ancillary file #1  with full suffix filename  '/sos/archive/fallbacks/IRAC005300/lincal_b2_sa_011410_cmask.fits'  NOT in archive/sandbox !!.
Proceed to the next suffix fileprocessing .....

Warning !:  Ancillary-suffix file #1: '/scr4/S19.2.0/dlcaldata/irac/fb1579_lincal_b2_sa_011410_cmask.fits'  could NOT be identified on cache.
Processing continues ..... 

  Printing Log output to stdout...


Program CALTRANS, Version 4.0
Command-Line Namelist Filename  = cdf/pn107.nl
Command-Line Namelist Section = CALTRANSsciSUB
CalTrans Execution Mode  = 2
CalID = 7
Input Calibration Type list = pmask;labdark;skydark;lincal;sky_flat;fluxconv;muxbleed_lut;muxbleed_coeff
Input Calibration Rule list = 0;0;300;0;0;0;0;0
Input Generic Outfname list = pmask.fits;labdark.fits;skydark.fits;lincal.fits;skyflat.fits;fluxconv;muxbleed_lut;muxbleed_coeff
Science DCE Filename = tranhead.fits
CAL Destination Path = cal
Processing time: 0.430000 seconds
Current date/time: Sat Jan  9 14:58:02 2016
Program CALTRANS, version 4.0, terminated with status = 16

CalTrans exits with status = 16



caltrans   exit_value =  16    execution_time = 0.570s
******************************************************************
Pipeline executing insbposdom
insbposdom -i tranhead.fits -o insbposdom.fits 
******************************************************************
Pipeline Module INSBPOSDOM Version 1.1
Processing time Sat Jan  9 14:58:03 2016

Sat Jan  9 14:58:03 2016
Time = 0.050 seconds
exit code 0

insbposdom   exit_value =   0    execution_time = 0.090s
******************************************************************
Pipeline executing cvti2r4
cvti2r4 -i insbposdom.fits -a 0.5625 -b 0 -d cal/dmask_for_raw.fits -o cvti2r4.fits -m row 
******************************************************************
 SIRTF I*2-to-R*4 Data Cube Conversion program vsn 1.31 A61025
 Input file:  insbposdom.fits
 Using offset =    0.562500
 Using BLANK-fill value:   0
 Output file: cvti2r4.fits
 Missing-data pattern specified as rows

cvti2r4   exit_value =   0    execution_time = 0.310s
Image has barrel shift = 3
Computed truncation correction 0.5*(1-2^-ABARREL) = 0.5625
******************************************************************
Pipeline executing hdrupd8
hdrupd8 cvti2r4.fits -a cdf/hdrupd8_cubify.dat -d cdf/hdrupd8_planify.dat 
******************************************************************
 hdrupd8 vsn 1.6  A70821
 WARNING: keyword to be deleted not found: NAXIS3  

hdrupd8   exit_value =   0    execution_time = 0.330s
******************************************************************
Pipeline executing hdrupd8
hdrupd8 dmask.fits -a cdf/hdrupd8_cubify.dat -d cdf/hdrupd8_planify.dat 
******************************************************************
 hdrupd8 vsn 1.6  A70821
 WARNING: keyword to be deleted not found: NAXIS3  

hdrupd8   exit_value =   0    execution_time = 0.310s
******************************************************************
Pipeline executing iracwrapdet1
iracwrapdet1 -i cvti2r4.fits -n cdf/pn107.nl -p cal/pmask.fits -d dmask.fits -w wmask.fits -v 
******************************************************************
Pipeline Module IRACWRAPDET1 Version 1.4
Processing time Sat Jan  9 14:58:12 2016
iracwrapdet1_parse_args: Namelist File = 	cdf/pn107.nl
iracwrapdet1_parse_args: Pmask File = 	cal/pmask.fits
iracwrapdet1_parse_args: Dmask File = 	dmask.fits
iracwrapdet1_parse_args: Wmask File = 	wmask.fits
iracwrapdet1_parse_args: Input File = 	cvti2r4.fits
iracwrapdet1_parse_args: I_Verbose = 			1
chn 2 framtim 2.000000
iracwrapdet1_read_data: Data read from file:
cvti2r4.fits
iracwrapdet1_read_data: I_NX = 32
iracwrapdet1_read_data: I_NY = 32
iracwrapdet1_read_data: I_NZ = 64
iracwrapdet1_parse_namelist: Namelist File = 	cdf/pn107.nl
Coeff used: 55000.000000 55000.000000 55000.000000 55000.000000
iracwrapdet1_compute_results: Numerical Computations finished
Sat Jan  9 14:58:12 2016
iracwrapdet1_output: Results written to file(s).
Time = 0.020 seconds
iracwrapdet1_error_handler: Error Handler finished.
iracwrapdet1_exit: Memory Deallocated.
exit code 0

iracwrapdet1   exit_value =   0    execution_time = 0.060s
******************************************************************
Pipeline executing iracwrapdet2
iracwrapdet2 -i cvti2r4.fits -n cdf/pn107.nl -p cal/pmask.fits -d dmask.fits -w wmask.fits -a /sos/sw/S19.2.0/STUDIO/downlink/include 
******************************************************************

Program iracwrapdet2, Version 1.4
Namelist File  = cdf/pn107.nl
FITS Input Image = cvti2r4.fits
Pmask File = cal/pmask.fits
Dmask File = dmask.fits
Wmask File = mask.fits
M-Level       chan1     chan2     chan3     chan4
            55000.0   55000.0   55000.0   55000.0
Tolerance     chan1     chan2     chan3     chan4
             1200.0    1200.0    1200.0    1200.0
Pmask Maximum = 65535
Dmask Maximum = 65535
Ancillary Data-File Path = /sos/sw/S19.2.0/STUDIO/downlink/include
Verbose flag = 0
Super-verbose flag = 0
Debug flag = 0
iracwrapdet2 Status Message      0x0000
Normal exit from Function 0x0000: LOG_WRITER
Processing time: 0.140000 seconds
Current date/time: Sat Jan  9 14:58:13 2016
Program iracwrapdet2, version 1.4, terminated


iracwrapdet2   exit_value =   0    execution_time = 0.180s
******************************************************************
Pipeline executing iracwrapcorr
iracwrapcorr -i cvti2r4.fits -p cal/pmask.fits -d dmask.fits -w wmask.fits -o iracwrapcorr.fits 
******************************************************************
Pipeline Module IRACWRAPCORR Version 1.3
Processing time Sat Jan  9 14:58:13 2016
iracwrapcorr_parse_namelist: Information only: Namelist not specified.
Sat Jan  9 14:58:13 2016
Time = 0.040 seconds
exit code 0

iracwrapcorr   exit_value =   0    execution_time = 0.070s
******************************************************************
Pipeline executing iracnorm
iracnorm -i iracwrapcorr.fits -p cal/pmask.fits -d dmask.fits -o iracnorm.fits 
******************************************************************
Pipeline Module IRACWNORM Version 1.10
Processing time Sat Jan  9 14:58:14 2016

Sat Jan  9 14:58:14 2016
Time = 0.040 seconds
exit code 0

iracnorm   exit_value =   0    execution_time = 0.080s
******************************************************************
Pipeline executing iracebwc
iracebwc -i iracnorm.fits -n cdf/pn107.nl -p cal/pmask.fits -d dmask.fits -o iracebwc.fits 
******************************************************************
Pipeline Module IRACEBWC Version 1.2
Processing time Sat Jan  9 14:58:14 2016

Sat Jan  9 14:58:14 2016
Time = 0.050 seconds
exit code 0

iracebwc   exit_value =   0    execution_time = 0.080s
HDR mode   =  f
AOR Template Time     =  2
DCE Frame Time    =  2.00
EXTRpt     =  233
Frame NOBF =  0
From sub determine_delays:
   aottime = 2
   aordelay = 222.190359962807
   stellarmode = f
   expid=39
imdly = 1.2673599847412
frmdly = 1.2673599847412

Immed  Delay = 1.2673599847412
Frame  Delay = 1.2673599847412

 hdrupd8 vsn 1.6  A70821
 hdrupd8 vsn 1.6  A70821
 hdrupd8 vsn 1.6  A70821
 hdrupd8 vsn 1.6  A70821
 hdrupd8 vsn 1.6  A70821
 hdrupd8 vsn 1.6  A70821
 hdrupd8 vsn 1.6  A70821
******************************************************************
Pipeline executing darksubng
darksubng -i iracebwc.fits -a /sos/sw/S19.2.0/STUDIO/downlink/include -p cal/pmask.fits -d dmask.fits -o labdarksub.fits -cc cal/labdark.fits -v 
******************************************************************
/sos/sw/S19.2.0/STUDIO/downlink/bin/darksubng: namelist not given
/sos/sw/S19.2.0/STUDIO/downlink/bin/darksubng: input uncertainty image not given
/sos/sw/S19.2.0/STUDIO/downlink/bin/darksubng: output uncertainty image not given
/sos/sw/S19.2.0/STUDIO/downlink/bin/darksubng: WARNING no uncertainty calculations will be performed
/sos/sw/S19.2.0/STUDIO/downlink/bin/darksubng: Namelist               = []
/sos/sw/S19.2.0/STUDIO/downlink/bin/darksubng: Input image            = [iracebwc.fits]
/sos/sw/S19.2.0/STUDIO/downlink/bin/darksubng: Input uncertainty      = []
/sos/sw/S19.2.0/STUDIO/downlink/bin/darksubng: Output image           = [!labdarksub.fits]
/sos/sw/S19.2.0/STUDIO/downlink/bin/darksubng: Output uncertainty     = []
/sos/sw/S19.2.0/STUDIO/downlink/bin/darksubng: Dark                   = [cal/labdark.fits]
/sos/sw/S19.2.0/STUDIO/downlink/bin/darksubng: Pmask file             = [cal/pmask.fits]
/sos/sw/S19.2.0/STUDIO/downlink/bin/darksubng: Pmask fatality bitmask = [65536]
/sos/sw/S19.2.0/STUDIO/downlink/bin/darksubng: Dmask file             = [dmask.fits]
/sos/sw/S19.2.0/STUDIO/downlink/bin/darksubng: Dmask fatality bitmask = [65536]
/sos/sw/S19.2.0/STUDIO/downlink/bin/darksubng: Cmask file             = []
/sos/sw/S19.2.0/STUDIO/downlink/bin/darksubng: Cmask fatality bitmask = [65536]
/sos/sw/S19.2.0/STUDIO/downlink/bin/darksubng: Logfile                = []
/sos/sw/S19.2.0/STUDIO/downlink/bin/darksubng: Ancillary Path         = [/sos/sw/S19.2.0/STUDIO/downlink/include]
/sos/sw/S19.2.0/STUDIO/downlink/bin/darksubng: Uncertainty calculations will not be made
/sos/sw/S19.2.0/STUDIO/downlink/bin/darksubng: WARNING cal/labdark.fits has no BUNIT key
/sos/sw/S19.2.0/STUDIO/downlink/bin/darksubng: WARNING assuming cal/labdark.fits is in DN
/sos/sw/S19.2.0/STUDIO/downlink/bin/darksubng: WARNING cal/labdark.fits has no EXPTIME key
/sos/sw/S19.2.0/STUDIO/downlink/bin/darksubng: WARNING cal/labdark.fits has no GAIN keywords
/sos/sw/S19.2.0/STUDIO/downlink/bin/darksubng: compute - performing any unit conversions
/sos/sw/S19.2.0/STUDIO/downlink/bin/darksubng: compute - starting subtraction with masking 
/sos/sw/S19.2.0/STUDIO/downlink/bin/darksubng: Processing successful; Exiting

darksubng   exit_value =   0    execution_time = 0.140s
READ Noise !! =  9.4
******************************************************************
Pipeline executing snestimator
snestimator -i labdarksub.fits -n cdf/pn107.nl -a /sos/sw/S19.2.0/STUDIO/downlink/include -p cal/pmask.fits -d dmask.fits -on sig_snestimator.fits -g 3.71 -r 9.4 
******************************************************************
verbose 0

Program SNESTIMATOR, Version 1.5
Namelist File  = cdf/pn107.nl
Input FITS Image = labdarksub.fits
Noise Image = sig_snestimator.fits
Denominator type = IRAC_MODEL
Edge Pixels Excluded = 0
Gain Channel 1 = 3.710000 Channel 2 = 3.710000 Channel 3 = 3.710000 Channel 4 = 3.710000
Read Noise = 9.400000
Confusion Sigma = 0.000000
Ancillary Data-File Path = /sos/sw/S19.2.0/STUDIO/downlink/include
Verbose flag = 0
Super-verbose flag = 0
Debug flag = 0
snestimator Status Message      0x0000
Normal exit from Function 0x0000: LOG_WRITER
Processing time: 0.110000 seconds
Current date/time: Sat Jan  9 14:58:39 2016
Program SNESTIMATOR, version 1.5, terminated


snestimator   exit_value =   0    execution_time = 0.170s
******************************************************************
Pipeline executing darksubng
darksubng -i iracebwc.fits -iu sig_snestimator.fits -a /sos/sw/S19.2.0/STUDIO/downlink/include -p cal/pmask.fits -d dmask.fits -o labdarksub.fits -ou sig_labdarksub.fits -cc cal/labdark.fits -v 
******************************************************************
/sos/sw/S19.2.0/STUDIO/downlink/bin/darksubng: namelist not given
/sos/sw/S19.2.0/STUDIO/downlink/bin/darksubng: Namelist               = []
/sos/sw/S19.2.0/STUDIO/downlink/bin/darksubng: Input image            = [iracebwc.fits]
/sos/sw/S19.2.0/STUDIO/downlink/bin/darksubng: Input uncertainty      = [sig_snestimator.fits]
/sos/sw/S19.2.0/STUDIO/downlink/bin/darksubng: Output image           = [!labdarksub.fits]
/sos/sw/S19.2.0/STUDIO/downlink/bin/darksubng: Output uncertainty     = [!sig_labdarksub.fits]
/sos/sw/S19.2.0/STUDIO/downlink/bin/darksubng: Dark                   = [cal/labdark.fits]
/sos/sw/S19.2.0/STUDIO/downlink/bin/darksubng: Pmask file             = [cal/pmask.fits]
/sos/sw/S19.2.0/STUDIO/downlink/bin/darksubng: Pmask fatality bitmask = [65536]
/sos/sw/S19.2.0/STUDIO/downlink/bin/darksubng: Dmask file             = [dmask.fits]
/sos/sw/S19.2.0/STUDIO/downlink/bin/darksubng: Dmask fatality bitmask = [65536]
/sos/sw/S19.2.0/STUDIO/downlink/bin/darksubng: Cmask file             = []
/sos/sw/S19.2.0/STUDIO/downlink/bin/darksubng: Cmask fatality bitmask = [65536]
/sos/sw/S19.2.0/STUDIO/downlink/bin/darksubng: Logfile                = []
/sos/sw/S19.2.0/STUDIO/downlink/bin/darksubng: Ancillary Path         = [/sos/sw/S19.2.0/STUDIO/downlink/include]
/sos/sw/S19.2.0/STUDIO/downlink/bin/darksubng: Uncertainty calculations will be made
/sos/sw/S19.2.0/STUDIO/downlink/bin/darksubng: WARNING cal/labdark.fits has no BUNIT key
/sos/sw/S19.2.0/STUDIO/downlink/bin/darksubng: WARNING assuming cal/labdark.fits is in DN
/sos/sw/S19.2.0/STUDIO/downlink/bin/darksubng: WARNING cal/labdark.fits has no EXPTIME key
/sos/sw/S19.2.0/STUDIO/downlink/bin/darksubng: WARNING cal/labdark.fits has no GAIN keywords
/sos/sw/S19.2.0/STUDIO/downlink/bin/darksubng: compute - performing any unit conversions
/sos/sw/S19.2.0/STUDIO/downlink/bin/darksubng: compute - starting subtraction with masking 
/sos/sw/S19.2.0/STUDIO/downlink/bin/darksubng: Processing successful; Exiting

darksubng   exit_value =   0    execution_time = 0.180s
******************************************************************
Pipeline executing fowlinearize
fowlinearize -i1 labdarksub.fits -i3 sig_labdarksub.fits -n cdf/pn107.nl -a /sos/sw/S19.2.0/STUDIO/downlink/include -ip cal/pmask.fits -i2 cal/lincal.fits -id dmask.fits -o1 fowlinearize.fits -o2 sig_fowlinearize.fits -c 10 
******************************************************************

Program FOWLINEARIZE, Version 4.9
Namelist File  = cdf/pn107.nl
Input File 1 = labdarksub.fits
Input File 2 = cal/lincal.fits
Input File 3 = sig_labdarksub.fits
Model_Flag(1=quad. 2=cubic) = 1
Clock_Readout(10=sub-array, 200=full-array) = 10.000000
Input PMask Image = cal/pmask.fits
Unusable PMask Bits = 16384
Input DMask Image = dmask.fits
Unusable DMask Bits = 8192
Not-linearized DMask Bit = 4096
Not-linearized DMask Bit due to lincal-model saturation = 8192
Output File 1 = fowlinearize.fits
Output File 2 = sig_fowlinearize.fits
Ancillary Data-File Path = /sos/sw/S19.2.0/STUDIO/downlink/include
Verbose flag = 0
Super-verbose flag = 0
Debug flag = 0
Performed linearity correction.
Program fowlinearize: Status Message: 0x0000
Normal exit from Function 0x0000: LOG_WRITER
Processing time: 0.300000 seconds
Current date/time: Sat Jan  9 14:58:41 2016
Program FOWLINEARIZE, version 4.9, terminated.

fowlinearize   exit_value =   0    execution_time = 0.400s
Read Noise =  9.4
 hdrupd8 vsn 1.6  A70821
******************************************************************
Pipeline executing bgmodel
bgmodel -i fowlinearize.fits -n cdf/pn107.nl -h 
******************************************************************

Online Namelist file descriptor associated
Online namelist buffer loaded: length = 7422
bgmodel_log_writer: Printing Log output to stdout
bgmodel  Version 1.0
Namelist File  = cdf/pn107.nl
Input Image = fowlinearize.fits
Ephemeris = /scr4/S19.2.0/cdf/spice/sirtf.bsp
LeapSec Kernel = /scr4/S19.2.0/cdf/spice/leapseconds.ker
SPK Kernel = /scr4/S19.2.0/cdf/spice/de.bsp

bgmodel  Status Message      0x0000: No error.
Time = 0.070 seconds

Background exits with status = 0


bgmodel   exit_value =   0    execution_time = 0.130s
******************************************************************
Pipeline executing hdrupd8
hdrupd8 fowlinearize.fits -a addkeys.dat 
******************************************************************
 hdrupd8 vsn 1.6  A70821

hdrupd8   exit_value =   0    execution_time = 0.380s
SkyDk Med DN      = 16.56367 
Exposure time     = 1.92
SkyDk Med DN rate = 8.62691145833333
Flux Conv         = 0.1447 
SkyDk Med Flux    = 1.24831408802083
Image File = fowlinearize.fits 

 hdrupd8 vsn 1.6  A70821
 hdrupd8 vsn 1.6  A70821
 hdrupd8 vsn 1.6  A70821
 hdrupd8 vsn 1.6  A70821
 hdrupd8 vsn 1.6  A70821
******************************************************************
Pipeline executing darksubng
darksubng -i fowlinearize.fits -iu sig_fowlinearize.fits -a /sos/sw/S19.2.0/STUDIO/downlink/include -p cal/pmask.fits -d dmask.fits -o skydarksub.fits -ou sig_skydarksub.fits -cc cal/skydark.fits -v -c cal/skydark_cmask.fits 
******************************************************************
/sos/sw/S19.2.0/STUDIO/downlink/bin/darksubng: namelist not given
/sos/sw/S19.2.0/STUDIO/downlink/bin/darksubng: Namelist               = []
/sos/sw/S19.2.0/STUDIO/downlink/bin/darksubng: Input image            = [fowlinearize.fits]
/sos/sw/S19.2.0/STUDIO/downlink/bin/darksubng: Input uncertainty      = [sig_fowlinearize.fits]
/sos/sw/S19.2.0/STUDIO/downlink/bin/darksubng: Output image           = [!skydarksub.fits]
/sos/sw/S19.2.0/STUDIO/downlink/bin/darksubng: Output uncertainty     = [!sig_skydarksub.fits]
/sos/sw/S19.2.0/STUDIO/downlink/bin/darksubng: Dark                   = [cal/skydark.fits]
/sos/sw/S19.2.0/STUDIO/downlink/bin/darksubng: Pmask file             = [cal/pmask.fits]
/sos/sw/S19.2.0/STUDIO/downlink/bin/darksubng: Pmask fatality bitmask = [65536]
/sos/sw/S19.2.0/STUDIO/downlink/bin/darksubng: Dmask file             = [dmask.fits]
/sos/sw/S19.2.0/STUDIO/downlink/bin/darksubng: Dmask fatality bitmask = [65536]
/sos/sw/S19.2.0/STUDIO/downlink/bin/darksubng: Cmask file             = [cal/skydark_cmask.fits]
/sos/sw/S19.2.0/STUDIO/downlink/bin/darksubng: Cmask fatality bitmask = [65536]
/sos/sw/S19.2.0/STUDIO/downlink/bin/darksubng: Logfile                = []
/sos/sw/S19.2.0/STUDIO/downlink/bin/darksubng: Ancillary Path         = [/sos/sw/S19.2.0/STUDIO/downlink/include]
/sos/sw/S19.2.0/STUDIO/downlink/bin/darksubng: Uncertainty calculations will be made
/sos/sw/S19.2.0/STUDIO/downlink/bin/darksubng: compute - performing any unit conversions
/sos/sw/S19.2.0/STUDIO/downlink/bin/darksubng: compute - starting subtraction with masking 
/sos/sw/S19.2.0/STUDIO/downlink/bin/darksubng: Processing successful; Exiting

darksubng   exit_value =   0    execution_time = 0.200s
******************************************************************
Pipeline executing darkdrift
darkdrift -i skydarksub.fits -iu sig_skydarksub.fits -n cdf/pn107.nl -a /sos/sw/S19.2.0/STUDIO/downlink/include -o1 darkdrift.fits -o2 darkdriftcorr.fits -o3 darkdrift.tbl -ou sig_darkdrift.fits 
******************************************************************
Program darkdrift, Version 4.1
Namelist File  = cdf/pn107.nl
Input Image = skydarksub.fits
Input Uncertainty Image = sig_skydarksub.fits
Output Image 1 (corrected image) = darkdrift.fits
Output Image 2 (corrections) = darkdriftcorr.fits
Output Image 3 (uncertainties) = sig_darkdrift.fits
Output File 3 = darkdrift.tbl
Central fraction for trimmed average  = 0.900000
Central fraction for trimmed std. dev. = 0.900000
Time_Input = 0.250000
Time_Before = 0.000000
Time_After = 1.000000
Temp_Input = 270.000000
Temp_Before = 280.000000
Temp_After = 260.000000
Calculation Type = 1
Input-Image Transpose Flag = 1
Multiplicative-Correction Flag (Additive if zero) = 0
Readout Channel to exclude (none if zero) = 0
Data-Plane Flag = 1
Ancillary Data-File Path = /sos/sw/S19.2.0/STUDIO/downlink/include
Verbose flag = 0
Super-verbose flag = 0
Debug flag = 0
Dark-current offsets estimated from input image.

Detailed darkdrift calculational results:
...for data plane = 1
Darkdrift correction for readout-channel 1 = -0.351047
Darkdrift correction for readout-channel 2 = -0.184283
Darkdrift correction for readout-channel 3 = 0.042527
Darkdrift correction for readout-channel 4 = 0.492803
Darkdrift uncertainty for readout-channel 1 = 0.374876
Darkdrift uncertainty for readout-channel 2 = 0.372650
Darkdrift uncertainty for readout-channel 3 = 0.376211
Darkdrift uncertainty for readout-channel 4 = 0.301173
Trimmed average of values in readout-channel 1 = 6.621154
Trimmed average of values in readout-channel 2 = 6.787918
Trimmed average of values in readout-channel 3 = 7.014728
Trimmed average of values in readout-channel 4 = 7.465003
Darkdrift background term = 6.972201
...for data plane = 2
Darkdrift correction for readout-channel 1 = 0.078823
Darkdrift correction for readout-channel 2 = -0.674887
Darkdrift correction for readout-channel 3 = -0.008464
Darkdrift correction for readout-channel 4 = 0.604527
Darkdrift uncertainty for readout-channel 1 = 0.303723
Darkdrift uncertainty for readout-channel 2 = 0.303247
Darkdrift uncertainty for readout-channel 3 = 0.303226
Darkdrift uncertainty for readout-channel 4 = 0.303000
Trimmed average of values in readout-channel 1 = 4.625004
Trimmed average of values in readout-channel 2 = 3.871293
Trimmed average of values in readout-channel 3 = 4.537717
Trimmed average of values in readout-channel 4 = 5.150707
Darkdrift background term = 4.546180
...for data plane = 3
Darkdrift correction for readout-channel 1 = -0.348895
Darkdrift correction for readout-channel 2 = 0.022160
Darkdrift correction for readout-channel 3 = -0.274505
Darkdrift correction for readout-channel 4 = 0.601240
Darkdrift uncertainty for readout-channel 1 = 0.303099
Darkdrift uncertainty for readout-channel 2 = 0.303263
Darkdrift uncertainty for readout-channel 3 = 0.302828
Darkdrift uncertainty for readout-channel 4 = 0.302979
Trimmed average of values in readout-channel 1 = 4.458675
Trimmed average of values in readout-channel 2 = 4.829730
Trimmed average of values in readout-channel 3 = 4.533065
Trimmed average of values in readout-channel 4 = 5.408810
Darkdrift background term = 4.807570
...for data plane = 4
Darkdrift correction for readout-channel 1 = -0.028159
Darkdrift correction for readout-channel 2 = 0.472871
Darkdrift correction for readout-channel 3 = -0.402536
Darkdrift correction for readout-channel 4 = -0.042176
Darkdrift uncertainty for readout-channel 1 = 0.302966
Darkdrift uncertainty for readout-channel 2 = 0.303240
Darkdrift uncertainty for readout-channel 3 = 0.303060
Darkdrift uncertainty for readout-channel 4 = 0.303801
Trimmed average of values in readout-channel 1 = 5.458801
Trimmed average of values in readout-channel 2 = 5.959830
Trimmed average of values in readout-channel 3 = 5.084423
Trimmed average of values in readout-channel 4 = 5.444783
Darkdrift background term = 5.486959
...for data plane = 5
Darkdrift correction for readout-channel 1 = -0.186119
Darkdrift correction for readout-channel 2 = -0.437166
Darkdrift correction for readout-channel 3 = -0.032092
Darkdrift correction for readout-channel 4 = 0.655378
Darkdrift uncertainty for readout-channel 1 = 0.378450
Darkdrift uncertainty for readout-channel 2 = 0.304341
Darkdrift uncertainty for readout-channel 3 = 0.302934
Darkdrift uncertainty for readout-channel 4 = 0.302966
Trimmed average of values in readout-channel 1 = 5.200471
Trimmed average of values in readout-channel 2 = 4.949423
Trimmed average of values in readout-channel 3 = 5.354497
Trimmed average of values in readout-channel 4 = 6.041967
Darkdrift background term = 5.386590
...for data plane = 6
Darkdrift correction for readout-channel 1 = -0.035066
Darkdrift correction for readout-channel 2 = -0.248731
Darkdrift correction for readout-channel 3 = 0.444929
Darkdrift correction for readout-channel 4 = -0.161132
Darkdrift uncertainty for readout-channel 1 = 0.303105
Darkdrift uncertainty for readout-channel 2 = 0.228597
Darkdrift uncertainty for readout-channel 3 = 0.302745
Darkdrift uncertainty for readout-channel 4 = 0.302719
Trimmed average of values in readout-channel 1 = 5.610836
Trimmed average of values in readout-channel 2 = 5.397171
Trimmed average of values in readout-channel 3 = 6.090831
Trimmed average of values in readout-channel 4 = 5.484769
Darkdrift background term = 5.645902
...for data plane = 7
Darkdrift correction for readout-channel 1 = -0.336958
Darkdrift correction for readout-channel 2 = -0.291583
Darkdrift correction for readout-channel 3 = 0.109857
Darkdrift correction for readout-channel 4 = 0.518684
Darkdrift uncertainty for readout-channel 1 = 0.304401
Darkdrift uncertainty for readout-channel 2 = 0.303528
Darkdrift uncertainty for readout-channel 3 = 0.303381
Darkdrift uncertainty for readout-channel 4 = 0.302974
Trimmed average of values in readout-channel 1 = 5.163914
Trimmed average of values in readout-channel 2 = 5.209289
Trimmed average of values in readout-channel 3 = 5.610730
Trimmed average of values in readout-channel 4 = 6.019556
Darkdrift background term = 5.500872
...for data plane = 8
Darkdrift correction for readout-channel 1 = 0.056431
Darkdrift correction for readout-channel 2 = -0.415787
Darkdrift correction for readout-channel 3 = 0.186940
Darkdrift correction for readout-channel 4 = 0.172415
Darkdrift uncertainty for readout-channel 1 = 0.303359
Darkdrift uncertainty for readout-channel 2 = 0.303799
Darkdrift uncertainty for readout-channel 3 = 0.303056
Darkdrift uncertainty for readout-channel 4 = 0.302961
Trimmed average of values in readout-channel 1 = 5.442866
Trimmed average of values in readout-channel 2 = 4.970649
Trimmed average of values in readout-channel 3 = 5.573376
Trimmed average of values in readout-channel 4 = 5.558851
Darkdrift background term = 5.386435
...for data plane = 9
Darkdrift correction for readout-channel 1 = 0.074720
Darkdrift correction for readout-channel 2 = -0.249769
Darkdrift correction for readout-channel 3 = 0.039627
Darkdrift correction for readout-channel 4 = 0.135422
Darkdrift uncertainty for readout-channel 1 = 0.303247
Darkdrift uncertainty for readout-channel 2 = 0.228334
Darkdrift uncertainty for readout-channel 3 = 0.303472
Darkdrift uncertainty for readout-channel 4 = 0.378713
Trimmed average of values in readout-channel 1 = 5.679231
Trimmed average of values in readout-channel 2 = 5.354742
Trimmed average of values in readout-channel 3 = 5.644138
Trimmed average of values in readout-channel 4 = 5.739932
Darkdrift background term = 5.604511
...for data plane = 10
Darkdrift correction for readout-channel 1 = 0.070896
Darkdrift correction for readout-channel 2 = 0.074675
Darkdrift correction for readout-channel 3 = 0.245187
Darkdrift correction for readout-channel 4 = -0.390757
Darkdrift uncertainty for readout-channel 1 = 0.302962
Darkdrift uncertainty for readout-channel 2 = 0.302969
Darkdrift uncertainty for readout-channel 3 = 0.302971
Darkdrift uncertainty for readout-channel 4 = 0.302986
Trimmed average of values in readout-channel 1 = 6.147351
Trimmed average of values in readout-channel 2 = 6.151129
Trimmed average of values in readout-channel 3 = 6.321641
Trimmed average of values in readout-channel 4 = 5.685697
Darkdrift background term = 6.076454
...for data plane = 11
Darkdrift correction for readout-channel 1 = -0.345200
Darkdrift correction for readout-channel 2 = -0.164834
Darkdrift correction for readout-channel 3 = 0.273867
Darkdrift correction for readout-channel 4 = 0.236167
Darkdrift uncertainty for readout-channel 1 = 0.303121
Darkdrift uncertainty for readout-channel 2 = 0.302961
Darkdrift uncertainty for readout-channel 3 = 0.302978
Darkdrift uncertainty for readout-channel 4 = 0.303052
Trimmed average of values in readout-channel 1 = 5.295508
Trimmed average of values in readout-channel 2 = 5.475874
Trimmed average of values in readout-channel 3 = 5.914575
Trimmed average of values in readout-channel 4 = 5.876875
Darkdrift background term = 5.640708
...for data plane = 12
Darkdrift correction for readout-channel 1 = 0.121318
Darkdrift correction for readout-channel 2 = -0.073872
Darkdrift correction for readout-channel 3 = -0.046261
Darkdrift correction for readout-channel 4 = -0.001184
Darkdrift uncertainty for readout-channel 1 = 0.303738
Darkdrift uncertainty for readout-channel 2 = 0.377052
Darkdrift uncertainty for readout-channel 3 = 0.303070
Darkdrift uncertainty for readout-channel 4 = 0.302993
Trimmed average of values in readout-channel 1 = 5.926030
Trimmed average of values in readout-channel 2 = 5.730840
Trimmed average of values in readout-channel 3 = 5.758451
Trimmed average of values in readout-channel 4 = 5.803529
Darkdrift background term = 5.804712
...for data plane = 13
Darkdrift correction for readout-channel 1 = 0.036509
Darkdrift correction for readout-channel 2 = -0.187382
Darkdrift correction for readout-channel 3 = -0.111626
Darkdrift correction for readout-channel 4 = 0.262499
Darkdrift uncertainty for readout-channel 1 = 0.302887
Darkdrift uncertainty for readout-channel 2 = 0.303008
Darkdrift uncertainty for readout-channel 3 = 0.303225
Darkdrift uncertainty for readout-channel 4 = 0.302970
Trimmed average of values in readout-channel 1 = 6.040699
Trimmed average of values in readout-channel 2 = 5.816809
Trimmed average of values in readout-channel 3 = 5.892565
Trimmed average of values in readout-channel 4 = 6.266690
Darkdrift background term = 6.004191
...for data plane = 14
Darkdrift correction for readout-channel 1 = 0.153568
Darkdrift correction for readout-channel 2 = -0.245985
Darkdrift correction for readout-channel 3 = 0.079476
Darkdrift correction for readout-channel 4 = 0.012942
Darkdrift uncertainty for readout-channel 1 = 0.303745
Darkdrift uncertainty for readout-channel 2 = 0.303262
Darkdrift uncertainty for readout-channel 3 = 0.302982
Darkdrift uncertainty for readout-channel 4 = 0.301871
Trimmed average of values in readout-channel 1 = 5.673875
Trimmed average of values in readout-channel 2 = 5.274322
Trimmed average of values in readout-channel 3 = 5.599783
Trimmed average of values in readout-channel 4 = 5.533249
Darkdrift background term = 5.520307
...for data plane = 15
Darkdrift correction for readout-channel 1 = -0.444072
Darkdrift correction for readout-channel 2 = -0.079955
Darkdrift correction for readout-channel 3 = 0.113175
Darkdrift correction for readout-channel 4 = 0.410853
Darkdrift uncertainty for readout-channel 1 = 0.303247
Darkdrift uncertainty for readout-channel 2 = 0.301916
Darkdrift uncertainty for readout-channel 3 = 0.302894
Darkdrift uncertainty for readout-channel 4 = 0.227896
Trimmed average of values in readout-channel 1 = 5.079010
Trimmed average of values in readout-channel 2 = 5.443127
Trimmed average of values in readout-channel 3 = 5.636257
Trimmed average of values in readout-channel 4 = 5.933936
Darkdrift background term = 5.523083
...for data plane = 16
Darkdrift correction for readout-channel 1 = 0.186305
Darkdrift correction for readout-channel 2 = -0.242712
Darkdrift correction for readout-channel 3 = -0.179617
Darkdrift correction for readout-channel 4 = 0.236024
Darkdrift uncertainty for readout-channel 1 = 0.303741
Darkdrift uncertainty for readout-channel 2 = 0.302424
Darkdrift uncertainty for readout-channel 3 = 0.303218
Darkdrift uncertainty for readout-channel 4 = 0.302980
Trimmed average of values in readout-channel 1 = 5.974791
Trimmed average of values in readout-channel 2 = 5.545774
Trimmed average of values in readout-channel 3 = 5.608869
Trimmed average of values in readout-channel 4 = 6.024510
Darkdrift background term = 5.788486
...for data plane = 17
Darkdrift correction for readout-channel 1 = -0.075888
Darkdrift correction for readout-channel 2 = -0.366967
Darkdrift correction for readout-channel 3 = 0.180335
Darkdrift correction for readout-channel 4 = 0.262519
Darkdrift uncertainty for readout-channel 1 = 0.303748
Darkdrift uncertainty for readout-channel 2 = 0.303255
Darkdrift uncertainty for readout-channel 3 = 0.302973
Darkdrift uncertainty for readout-channel 4 = 0.303400
Trimmed average of values in readout-channel 1 = 5.600567
Trimmed average of values in readout-channel 2 = 5.309488
Trimmed average of values in readout-channel 3 = 5.856790
Trimmed average of values in readout-channel 4 = 5.938974
Darkdrift background term = 5.676455
...for data plane = 18
Darkdrift correction for readout-channel 1 = -0.411406
Darkdrift correction for readout-channel 2 = 0.140268
Darkdrift correction for readout-channel 3 = 0.016179
Darkdrift correction for readout-channel 4 = 0.254959
Darkdrift uncertainty for readout-channel 1 = 0.301897
Darkdrift uncertainty for readout-channel 2 = 0.303255
Darkdrift uncertainty for readout-channel 3 = 0.303055
Darkdrift uncertainty for readout-channel 4 = 0.303006
Trimmed average of values in readout-channel 1 = 5.134306
Trimmed average of values in readout-channel 2 = 5.685980
Trimmed average of values in readout-channel 3 = 5.561891
Trimmed average of values in readout-channel 4 = 5.800671
Darkdrift background term = 5.545712
...for data plane = 19
Darkdrift correction for readout-channel 1 = 0.137972
Darkdrift correction for readout-channel 2 = -0.008353
Darkdrift correction for readout-channel 3 = -0.184861
Darkdrift correction for readout-channel 4 = 0.055242
Darkdrift uncertainty for readout-channel 1 = 0.303099
Darkdrift uncertainty for readout-channel 2 = 0.302981
Darkdrift uncertainty for readout-channel 3 = 0.302901
Darkdrift uncertainty for readout-channel 4 = 0.303128
Trimmed average of values in readout-channel 1 = 5.969743
Trimmed average of values in readout-channel 2 = 5.823418
Trimmed average of values in readout-channel 3 = 5.646911
Trimmed average of values in readout-channel 4 = 5.887013
Darkdrift background term = 5.831771
...for data plane = 20
Darkdrift correction for readout-channel 1 = -0.081317
Darkdrift correction for readout-channel 2 = 0.120162
Darkdrift correction for readout-channel 3 = -0.160110
Darkdrift correction for readout-channel 4 = 0.121265
Darkdrift uncertainty for readout-channel 1 = 0.230565
Darkdrift uncertainty for readout-channel 2 = 0.304080
Darkdrift uncertainty for readout-channel 3 = 0.303301
Darkdrift uncertainty for readout-channel 4 = 0.266526
Trimmed average of values in readout-channel 1 = 5.855156
Trimmed average of values in readout-channel 2 = 6.056635
Trimmed average of values in readout-channel 3 = 5.776364
Trimmed average of values in readout-channel 4 = 6.057738
Darkdrift background term = 5.936473
...for data plane = 21
Darkdrift correction for readout-channel 1 = 0.059741
Darkdrift correction for readout-channel 2 = -0.077457
Darkdrift correction for readout-channel 3 = 0.237236
Darkdrift correction for readout-channel 4 = -0.219519
Darkdrift uncertainty for readout-channel 1 = 0.303095
Darkdrift uncertainty for readout-channel 2 = 0.303784
Darkdrift uncertainty for readout-channel 3 = 0.302900
Darkdrift uncertainty for readout-channel 4 = 0.303227
Trimmed average of values in readout-channel 1 = 5.719719
Trimmed average of values in readout-channel 2 = 5.582520
Trimmed average of values in readout-channel 3 = 5.897213
Trimmed average of values in readout-channel 4 = 5.440458
Darkdrift background term = 5.659978
...for data plane = 22
Darkdrift correction for readout-channel 1 = 0.103096
Darkdrift correction for readout-channel 2 = 0.075240
Darkdrift correction for readout-channel 3 = -0.258910
Darkdrift correction for readout-channel 4 = 0.080573
Darkdrift uncertainty for readout-channel 1 = 0.303364
Darkdrift uncertainty for readout-channel 2 = 0.305489
Darkdrift uncertainty for readout-channel 3 = 0.302975
Darkdrift uncertainty for readout-channel 4 = 0.302972
Trimmed average of values in readout-channel 1 = 5.935041
Trimmed average of values in readout-channel 2 = 5.907185
Trimmed average of values in readout-channel 3 = 5.573035
Trimmed average of values in readout-channel 4 = 5.912518
Darkdrift background term = 5.831945
...for data plane = 23
Darkdrift correction for readout-channel 1 = -0.349054
Darkdrift correction for readout-channel 2 = -0.318003
Darkdrift correction for readout-channel 3 = 0.309011
Darkdrift correction for readout-channel 4 = 0.358046
Darkdrift uncertainty for readout-channel 1 = 0.303585
Darkdrift uncertainty for readout-channel 2 = 0.303787
Darkdrift uncertainty for readout-channel 3 = 0.303145
Darkdrift uncertainty for readout-channel 4 = 0.378581
Trimmed average of values in readout-channel 1 = 5.459987
Trimmed average of values in readout-channel 2 = 5.491038
Trimmed average of values in readout-channel 3 = 6.118053
Trimmed average of values in readout-channel 4 = 6.167087
Darkdrift background term = 5.809041
...for data plane = 24
Darkdrift correction for readout-channel 1 = 0.287095
Darkdrift correction for readout-channel 2 = 0.088472
Darkdrift correction for readout-channel 3 = -0.195061
Darkdrift correction for readout-channel 4 = -0.180506
Darkdrift uncertainty for readout-channel 1 = 0.304390
Darkdrift uncertainty for readout-channel 2 = 0.301858
Darkdrift uncertainty for readout-channel 3 = 0.303065
Darkdrift uncertainty for readout-channel 4 = 0.302964
Trimmed average of values in readout-channel 1 = 6.053444
Trimmed average of values in readout-channel 2 = 5.854820
Trimmed average of values in readout-channel 3 = 5.571287
Trimmed average of values in readout-channel 4 = 5.585843
Darkdrift background term = 5.766349
...for data plane = 25
Darkdrift correction for readout-channel 1 = -0.243194
Darkdrift correction for readout-channel 2 = -0.403350
Darkdrift correction for readout-channel 3 = 0.503794
Darkdrift correction for readout-channel 4 = 0.142751
Darkdrift uncertainty for readout-channel 1 = 0.303722
Darkdrift uncertainty for readout-channel 2 = 0.232744
Darkdrift uncertainty for readout-channel 3 = 0.302726
Darkdrift uncertainty for readout-channel 4 = 0.303482
Trimmed average of values in readout-channel 1 = 5.514299
Trimmed average of values in readout-channel 2 = 5.354143
Trimmed average of values in readout-channel 3 = 6.261287
Trimmed average of values in readout-channel 4 = 5.900244
Darkdrift background term = 5.757493
...for data plane = 26
Darkdrift correction for readout-channel 1 = 0.153255
Darkdrift correction for readout-channel 2 = -0.695087
Darkdrift correction for readout-channel 3 = 0.403792
Darkdrift correction for readout-channel 4 = 0.138039
Darkdrift uncertainty for readout-channel 1 = 0.302983
Darkdrift uncertainty for readout-channel 2 = 0.302966
Darkdrift uncertainty for readout-channel 3 = 0.303381
Darkdrift uncertainty for readout-channel 4 = 0.302891
Trimmed average of values in readout-channel 1 = 6.008015
Trimmed average of values in readout-channel 2 = 5.159673
Trimmed average of values in readout-channel 3 = 6.258552
Trimmed average of values in readout-channel 4 = 5.992799
Darkdrift background term = 5.854760
...for data plane = 27
Darkdrift correction for readout-channel 1 = 0.236579
Darkdrift correction for readout-channel 2 = -0.246676
Darkdrift correction for readout-channel 3 = 0.037091
Darkdrift correction for readout-channel 4 = -0.026993
Darkdrift uncertainty for readout-channel 1 = 0.302989
Darkdrift uncertainty for readout-channel 2 = 0.303788
Darkdrift uncertainty for readout-channel 3 = 0.303119
Darkdrift uncertainty for readout-channel 4 = 0.303303
Trimmed average of values in readout-channel 1 = 5.971801
Trimmed average of values in readout-channel 2 = 5.488546
Trimmed average of values in readout-channel 3 = 5.772313
Trimmed average of values in readout-channel 4 = 5.708229
Darkdrift background term = 5.735222
...for data plane = 28
Darkdrift correction for readout-channel 1 = -0.465945
Darkdrift correction for readout-channel 2 = -0.389844
Darkdrift correction for readout-channel 3 = 0.476947
Darkdrift correction for readout-channel 4 = 0.378842
Darkdrift uncertainty for readout-channel 1 = 0.302718
Darkdrift uncertainty for readout-channel 2 = 0.302965
Darkdrift uncertainty for readout-channel 3 = 0.302976
Darkdrift uncertainty for readout-channel 4 = 0.303034
Trimmed average of values in readout-channel 1 = 5.318126
Trimmed average of values in readout-channel 2 = 5.394226
Trimmed average of values in readout-channel 3 = 6.261018
Trimmed average of values in readout-channel 4 = 6.162912
Darkdrift background term = 5.784070
...for data plane = 29
Darkdrift correction for readout-channel 1 = -0.261016
Darkdrift correction for readout-channel 2 = -0.004862
Darkdrift correction for readout-channel 3 = 0.433015
Darkdrift correction for readout-channel 4 = -0.167137
Darkdrift uncertainty for readout-channel 1 = 0.378322
Darkdrift uncertainty for readout-channel 2 = 0.302712
Darkdrift uncertainty for readout-channel 3 = 0.302990
Darkdrift uncertainty for readout-channel 4 = 0.303737
Trimmed average of values in readout-channel 1 = 5.774329
Trimmed average of values in readout-channel 2 = 6.030483
Trimmed average of values in readout-channel 3 = 6.468361
Trimmed average of values in readout-channel 4 = 5.868209
Darkdrift background term = 6.035345
...for data plane = 30
Darkdrift correction for readout-channel 1 = -0.031951
Darkdrift correction for readout-channel 2 = 0.127064
Darkdrift correction for readout-channel 3 = -0.474455
Darkdrift correction for readout-channel 4 = 0.379343
Darkdrift uncertainty for readout-channel 1 = 0.303612
Darkdrift uncertainty for readout-channel 2 = 0.305174
Darkdrift uncertainty for readout-channel 3 = 0.303941
Darkdrift uncertainty for readout-channel 4 = 0.302990
Trimmed average of values in readout-channel 1 = 5.513299
Trimmed average of values in readout-channel 2 = 5.672314
Trimmed average of values in readout-channel 3 = 5.070795
Trimmed average of values in readout-channel 4 = 5.924593
Darkdrift background term = 5.545250
...for data plane = 31
Darkdrift correction for readout-channel 1 = 0.240107
Darkdrift correction for readout-channel 2 = -0.225808
Darkdrift correction for readout-channel 3 = 0.133341
Darkdrift correction for readout-channel 4 = -0.147640
Darkdrift uncertainty for readout-channel 1 = 0.302966
Darkdrift uncertainty for readout-channel 2 = 0.308225
Darkdrift uncertainty for readout-channel 3 = 0.304253
Darkdrift uncertainty for readout-channel 4 = 0.302973
Trimmed average of values in readout-channel 1 = 5.866438
Trimmed average of values in readout-channel 2 = 5.400522
Trimmed average of values in readout-channel 3 = 5.759671
Trimmed average of values in readout-channel 4 = 5.478691
Darkdrift background term = 5.626331
...for data plane = 32
Darkdrift correction for readout-channel 1 = 0.045942
Darkdrift correction for readout-channel 2 = 0.184614
Darkdrift correction for readout-channel 3 = -0.394128
Darkdrift correction for readout-channel 4 = 0.163572
Darkdrift uncertainty for readout-channel 1 = 0.376899
Darkdrift uncertainty for readout-channel 2 = 0.302976
Darkdrift uncertainty for readout-channel 3 = 0.302989
Darkdrift uncertainty for readout-channel 4 = 0.339398
Trimmed average of values in readout-channel 1 = 5.977257
Trimmed average of values in readout-channel 2 = 6.115928
Trimmed average of values in readout-channel 3 = 5.537186
Trimmed average of values in readout-channel 4 = 6.094887
Darkdrift background term = 5.931315
...for data plane = 33
Darkdrift correction for readout-channel 1 = -0.558864
Darkdrift correction for readout-channel 2 = 0.407665
Darkdrift correction for readout-channel 3 = 0.211334
Darkdrift correction for readout-channel 4 = -0.060135
Darkdrift uncertainty for readout-channel 1 = 0.303901
Darkdrift uncertainty for readout-channel 2 = 0.302977
Darkdrift uncertainty for readout-channel 3 = 0.302980
Darkdrift uncertainty for readout-channel 4 = 0.303050
Trimmed average of values in readout-channel 1 = 5.209317
Trimmed average of values in readout-channel 2 = 6.175846
Trimmed average of values in readout-channel 3 = 5.979515
Trimmed average of values in readout-channel 4 = 5.708046
Darkdrift background term = 5.768181
...for data plane = 34
Darkdrift correction for readout-channel 1 = -0.028140
Darkdrift correction for readout-channel 2 = 0.173634
Darkdrift correction for readout-channel 3 = 0.108307
Darkdrift correction for readout-channel 4 = -0.253801
Darkdrift uncertainty for readout-channel 1 = 0.303033
Darkdrift uncertainty for readout-channel 2 = 0.304622
Darkdrift uncertainty for readout-channel 3 = 0.303136
Darkdrift uncertainty for readout-channel 4 = 0.303215
Trimmed average of values in readout-channel 1 = 5.615288
Trimmed average of values in readout-channel 2 = 5.817062
Trimmed average of values in readout-channel 3 = 5.751735
Trimmed average of values in readout-channel 4 = 5.389628
Darkdrift background term = 5.643428
...for data plane = 35
Darkdrift correction for readout-channel 1 = 0.151800
Darkdrift correction for readout-channel 2 = -0.223050
Darkdrift correction for readout-channel 3 = -0.067552
Darkdrift correction for readout-channel 4 = 0.138802
Darkdrift uncertainty for readout-channel 1 = 0.302975
Darkdrift uncertainty for readout-channel 2 = 0.302986
Darkdrift uncertainty for readout-channel 3 = 0.302811
Darkdrift uncertainty for readout-channel 4 = 0.303056
Trimmed average of values in readout-channel 1 = 5.738696
Trimmed average of values in readout-channel 2 = 5.363847
Trimmed average of values in readout-channel 3 = 5.519344
Trimmed average of values in readout-channel 4 = 5.725699
Darkdrift background term = 5.586897
...for data plane = 36
Darkdrift correction for readout-channel 1 = 0.038161
Darkdrift correction for readout-channel 2 = -0.178609
Darkdrift correction for readout-channel 3 = 0.139620
Darkdrift correction for readout-channel 4 = 0.000827
Darkdrift uncertainty for readout-channel 1 = 0.302989
Darkdrift uncertainty for readout-channel 2 = 0.302968
Darkdrift uncertainty for readout-channel 3 = 0.302961
Darkdrift uncertainty for readout-channel 4 = 0.302977
Trimmed average of values in readout-channel 1 = 6.290796
Trimmed average of values in readout-channel 2 = 6.074026
Trimmed average of values in readout-channel 3 = 6.392255
Trimmed average of values in readout-channel 4 = 6.253462
Darkdrift background term = 6.252635
...for data plane = 37
Darkdrift correction for readout-channel 1 = 0.306638
Darkdrift correction for readout-channel 2 = -0.052067
Darkdrift correction for readout-channel 3 = -0.391678
Darkdrift correction for readout-channel 4 = 0.137107
Darkdrift uncertainty for readout-channel 1 = 0.302964
Darkdrift uncertainty for readout-channel 2 = 0.303261
Darkdrift uncertainty for readout-channel 3 = 0.303059
Darkdrift uncertainty for readout-channel 4 = 0.303153
Trimmed average of values in readout-channel 1 = 5.704146
Trimmed average of values in readout-channel 2 = 5.345442
Trimmed average of values in readout-channel 3 = 5.005830
Trimmed average of values in readout-channel 4 = 5.534616
Darkdrift background term = 5.397508
...for data plane = 38
Darkdrift correction for readout-channel 1 = -0.227860
Darkdrift correction for readout-channel 2 = 0.038750
Darkdrift correction for readout-channel 3 = 0.128626
Darkdrift correction for readout-channel 4 = 0.060484
Darkdrift uncertainty for readout-channel 1 = 0.302975
Darkdrift uncertainty for readout-channel 2 = 0.302967
Darkdrift uncertainty for readout-channel 3 = 0.303953
Darkdrift uncertainty for readout-channel 4 = 0.303294
Trimmed average of values in readout-channel 1 = 5.274750
Trimmed average of values in readout-channel 2 = 5.541360
Trimmed average of values in readout-channel 3 = 5.631237
Trimmed average of values in readout-channel 4 = 5.563094
Darkdrift background term = 5.502610
...for data plane = 39
Darkdrift correction for readout-channel 1 = 0.281984
Darkdrift correction for readout-channel 2 = -0.260947
Darkdrift correction for readout-channel 3 = 0.271077
Darkdrift correction for readout-channel 4 = -0.292114
Darkdrift uncertainty for readout-channel 1 = 0.302977
Darkdrift uncertainty for readout-channel 2 = 0.302980
Darkdrift uncertainty for readout-channel 3 = 0.303448
Darkdrift uncertainty for readout-channel 4 = 0.303465
Trimmed average of values in readout-channel 1 = 5.970766
Trimmed average of values in readout-channel 2 = 5.427836
Trimmed average of values in readout-channel 3 = 5.959860
Trimmed average of values in readout-channel 4 = 5.396669
Darkdrift background term = 5.688783
...for data plane = 40
Darkdrift correction for readout-channel 1 = -0.141659
Darkdrift correction for readout-channel 2 = -0.509563
Darkdrift correction for readout-channel 3 = -0.018111
Darkdrift correction for readout-channel 4 = 0.669333
Darkdrift uncertainty for readout-channel 1 = 0.303343
Darkdrift uncertainty for readout-channel 2 = 0.229705
Darkdrift uncertainty for readout-channel 3 = 0.303061
Darkdrift uncertainty for readout-channel 4 = 0.302716
Trimmed average of values in readout-channel 1 = 5.461074
Trimmed average of values in readout-channel 2 = 5.093171
Trimmed average of values in readout-channel 3 = 5.584622
Trimmed average of values in readout-channel 4 = 6.272066
Darkdrift background term = 5.602733
...for data plane = 41
Darkdrift correction for readout-channel 1 = 0.241880
Darkdrift correction for readout-channel 2 = 0.094313
Darkdrift correction for readout-channel 3 = -0.331846
Darkdrift correction for readout-channel 4 = -0.004346
Darkdrift uncertainty for readout-channel 1 = 0.302961
Darkdrift uncertainty for readout-channel 2 = 0.302696
Darkdrift uncertainty for readout-channel 3 = 0.303292
Darkdrift uncertainty for readout-channel 4 = 0.303052
Trimmed average of values in readout-channel 1 = 5.958546
Trimmed average of values in readout-channel 2 = 5.810978
Trimmed average of values in readout-channel 3 = 5.384820
Trimmed average of values in readout-channel 4 = 5.712319
Darkdrift background term = 5.716666
...for data plane = 42
Darkdrift correction for readout-channel 1 = 0.087926
Darkdrift correction for readout-channel 2 = -0.279107
Darkdrift correction for readout-channel 3 = 0.191697
Darkdrift correction for readout-channel 4 = -0.000515
Darkdrift uncertainty for readout-channel 1 = 0.303233
Darkdrift uncertainty for readout-channel 2 = 0.302979
Darkdrift uncertainty for readout-channel 3 = 0.303217
Darkdrift uncertainty for readout-channel 4 = 0.302893
Trimmed average of values in readout-channel 1 = 5.594803
Trimmed average of values in readout-channel 2 = 5.227769
Trimmed average of values in readout-channel 3 = 5.698574
Trimmed average of values in readout-channel 4 = 5.506362
Darkdrift background term = 5.506877
...for data plane = 43
Darkdrift correction for readout-channel 1 = 0.062983
Darkdrift correction for readout-channel 2 = 0.010052
Darkdrift correction for readout-channel 3 = 0.085265
Darkdrift correction for readout-channel 4 = -0.158300
Darkdrift uncertainty for readout-channel 1 = 0.303350
Darkdrift uncertainty for readout-channel 2 = 0.229980
Darkdrift uncertainty for readout-channel 3 = 0.302977
Darkdrift uncertainty for readout-channel 4 = 0.303236
Trimmed average of values in readout-channel 1 = 5.966263
Trimmed average of values in readout-channel 2 = 5.913332
Trimmed average of values in readout-channel 3 = 5.988545
Trimmed average of values in readout-channel 4 = 5.744980
Darkdrift background term = 5.903280
...for data plane = 44
Darkdrift correction for readout-channel 1 = -0.120089
Darkdrift correction for readout-channel 2 = -0.180015
Darkdrift correction for readout-channel 3 = 0.009404
Darkdrift correction for readout-channel 4 = 0.290700
Darkdrift uncertainty for readout-channel 1 = 0.302978
Darkdrift uncertainty for readout-channel 2 = 0.304070
Darkdrift uncertainty for readout-channel 3 = 0.302570
Darkdrift uncertainty for readout-channel 4 = 0.303178
Trimmed average of values in readout-channel 1 = 5.274367
Trimmed average of values in readout-channel 2 = 5.214440
Trimmed average of values in readout-channel 3 = 5.403860
Trimmed average of values in readout-channel 4 = 5.685156
Darkdrift background term = 5.394456
...for data plane = 45
Darkdrift correction for readout-channel 1 = 0.376781
Darkdrift correction for readout-channel 2 = -0.599402
Darkdrift correction for readout-channel 3 = -0.116823
Darkdrift correction for readout-channel 4 = 0.339444
Darkdrift uncertainty for readout-channel 1 = 0.302061
Darkdrift uncertainty for readout-channel 2 = 0.303257
Darkdrift uncertainty for readout-channel 3 = 0.302894
Darkdrift uncertainty for readout-channel 4 = 0.378634
Trimmed average of values in readout-channel 1 = 6.171413
Trimmed average of values in readout-channel 2 = 5.195230
Trimmed average of values in readout-channel 3 = 5.677809
Trimmed average of values in readout-channel 4 = 6.134076
Darkdrift background term = 5.794632
...for data plane = 46
Darkdrift correction for readout-channel 1 = 0.117801
Darkdrift correction for readout-channel 2 = 0.131993
Darkdrift correction for readout-channel 3 = -0.061881
Darkdrift correction for readout-channel 4 = -0.187914
Darkdrift uncertainty for readout-channel 1 = 0.302975
Darkdrift uncertainty for readout-channel 2 = 0.302425
Darkdrift uncertainty for readout-channel 3 = 0.303059
Darkdrift uncertainty for readout-channel 4 = 0.303050
Trimmed average of values in readout-channel 1 = 5.909486
Trimmed average of values in readout-channel 2 = 5.923678
Trimmed average of values in readout-channel 3 = 5.729804
Trimmed average of values in readout-channel 4 = 5.603771
Darkdrift background term = 5.791685
...for data plane = 47
Darkdrift correction for readout-channel 1 = -0.315310
Darkdrift correction for readout-channel 2 = -0.190514
Darkdrift correction for readout-channel 3 = -0.188749
Darkdrift correction for readout-channel 4 = 0.694573
Darkdrift uncertainty for readout-channel 1 = 0.303840
Darkdrift uncertainty for readout-channel 2 = 0.303526
Darkdrift uncertainty for readout-channel 3 = 0.303047
Darkdrift uncertainty for readout-channel 4 = 0.303224
Trimmed average of values in readout-channel 1 = 4.893232
Trimmed average of values in readout-channel 2 = 5.018028
Trimmed average of values in readout-channel 3 = 5.019794
Trimmed average of values in readout-channel 4 = 5.903115
Darkdrift background term = 5.208542
...for data plane = 48
Darkdrift correction for readout-channel 1 = -0.389439
Darkdrift correction for readout-channel 2 = 0.162629
Darkdrift correction for readout-channel 3 = 0.119560
Darkdrift correction for readout-channel 4 = 0.107249
Darkdrift uncertainty for readout-channel 1 = 0.302968
Darkdrift uncertainty for readout-channel 2 = 0.302696
Darkdrift uncertainty for readout-channel 3 = 0.303292
Darkdrift uncertainty for readout-channel 4 = 0.302985
Trimmed average of values in readout-channel 1 = 5.642215
Trimmed average of values in readout-channel 2 = 6.194283
Trimmed average of values in readout-channel 3 = 6.151214
Trimmed average of values in readout-channel 4 = 6.138902
Darkdrift background term = 6.031653
...for data plane = 49
Darkdrift correction for readout-channel 1 = 0.036581
Darkdrift correction for readout-channel 2 = -0.006443
Darkdrift correction for readout-channel 3 = -0.026053
Darkdrift correction for readout-channel 4 = -0.004085
Darkdrift uncertainty for readout-channel 1 = 0.303100
Darkdrift uncertainty for readout-channel 2 = 0.301951
Darkdrift uncertainty for readout-channel 3 = 0.303135
Darkdrift uncertainty for readout-channel 4 = 0.302983
Trimmed average of values in readout-channel 1 = 5.765076
Trimmed average of values in readout-channel 2 = 5.722053
Trimmed average of values in readout-channel 3 = 5.702443
Trimmed average of values in readout-channel 4 = 5.724410
Darkdrift background term = 5.728496
...for data plane = 50
Darkdrift correction for readout-channel 1 = -0.255514
Darkdrift correction for readout-channel 2 = -0.145836
Darkdrift correction for readout-channel 3 = 0.301054
Darkdrift correction for readout-channel 4 = 0.100296
Darkdrift uncertainty for readout-channel 1 = 0.303020
Darkdrift uncertainty for readout-channel 2 = 0.305471
Darkdrift uncertainty for readout-channel 3 = 0.302990
Darkdrift uncertainty for readout-channel 4 = 0.302973
Trimmed average of values in readout-channel 1 = 5.527771
Trimmed average of values in readout-channel 2 = 5.637450
Trimmed average of values in readout-channel 3 = 6.084340
Trimmed average of values in readout-channel 4 = 5.883582
Darkdrift background term = 5.783286
...for data plane = 51
Darkdrift correction for readout-channel 1 = -0.109616
Darkdrift correction for readout-channel 2 = -0.161895
Darkdrift correction for readout-channel 3 = 0.102507
Darkdrift correction for readout-channel 4 = 0.169004
Darkdrift uncertainty for readout-channel 1 = 0.303361
Darkdrift uncertainty for readout-channel 2 = 0.302973
Darkdrift uncertainty for readout-channel 3 = 0.303061
Darkdrift uncertainty for readout-channel 4 = 0.303007
Trimmed average of values in readout-channel 1 = 5.541575
Trimmed average of values in readout-channel 2 = 5.489296
Trimmed average of values in readout-channel 3 = 5.753698
Trimmed average of values in readout-channel 4 = 5.820195
Darkdrift background term = 5.651191
...for data plane = 52
Darkdrift correction for readout-channel 1 = 0.268031
Darkdrift correction for readout-channel 2 = -0.473438
Darkdrift correction for readout-channel 3 = 0.249341
Darkdrift correction for readout-channel 4 = -0.043934
Darkdrift uncertainty for readout-channel 1 = 0.303230
Darkdrift uncertainty for readout-channel 2 = 0.303815
Darkdrift uncertainty for readout-channel 3 = 0.227624
Darkdrift uncertainty for readout-channel 4 = 0.302968
Trimmed average of values in readout-channel 1 = 5.857536
Trimmed average of values in readout-channel 2 = 5.116067
Trimmed average of values in readout-channel 3 = 5.838846
Trimmed average of values in readout-channel 4 = 5.545571
Darkdrift background term = 5.589505
...for data plane = 53
Darkdrift correction for readout-channel 1 = 0.432694
Darkdrift correction for readout-channel 2 = -0.266656
Darkdrift correction for readout-channel 3 = -0.256668
Darkdrift correction for readout-channel 4 = 0.090630
Darkdrift uncertainty for readout-channel 1 = 0.302984
Darkdrift uncertainty for readout-channel 2 = 0.302988
Darkdrift uncertainty for readout-channel 3 = 0.302808
Darkdrift uncertainty for readout-channel 4 = 0.302982
Trimmed average of values in readout-channel 1 = 5.954829
Trimmed average of values in readout-channel 2 = 5.255479
Trimmed average of values in readout-channel 3 = 5.265467
Trimmed average of values in readout-channel 4 = 5.612765
Darkdrift background term = 5.522135
...for data plane = 54
Darkdrift correction for readout-channel 1 = 0.097211
Darkdrift correction for readout-channel 2 = 0.096572
Darkdrift correction for readout-channel 3 = -0.328872
Darkdrift correction for readout-channel 4 = 0.135089
Darkdrift uncertainty for readout-channel 1 = 0.302982
Darkdrift uncertainty for readout-channel 2 = 0.302688
Darkdrift uncertainty for readout-channel 3 = 0.303004
Darkdrift uncertainty for readout-channel 4 = 0.303554
Trimmed average of values in readout-channel 1 = 5.852124
Trimmed average of values in readout-channel 2 = 5.851485
Trimmed average of values in readout-channel 3 = 5.426041
Trimmed average of values in readout-channel 4 = 5.890002
Darkdrift background term = 5.754913
...for data plane = 55
Darkdrift correction for readout-channel 1 = -0.022661
Darkdrift correction for readout-channel 2 = -0.392235
Darkdrift correction for readout-channel 3 = 0.455626
Darkdrift correction for readout-channel 4 = -0.040731
Darkdrift uncertainty for readout-channel 1 = 0.302861
Darkdrift uncertainty for readout-channel 2 = 0.230532
Darkdrift uncertainty for readout-channel 3 = 0.303449
Darkdrift uncertainty for readout-channel 4 = 0.303054
Trimmed average of values in readout-channel 1 = 5.788857
Trimmed average of values in readout-channel 2 = 5.419283
Trimmed average of values in readout-channel 3 = 6.267144
Trimmed average of values in readout-channel 4 = 5.770787
Darkdrift background term = 5.811518
...for data plane = 56
Darkdrift correction for readout-channel 1 = -0.329869
Darkdrift correction for readout-channel 2 = -0.342941
Darkdrift correction for readout-channel 3 = 0.123061
Darkdrift correction for readout-channel 4 = 0.549749
Darkdrift uncertainty for readout-channel 1 = 0.303614
Darkdrift uncertainty for readout-channel 2 = 0.303246
Darkdrift uncertainty for readout-channel 3 = 0.378639
Darkdrift uncertainty for readout-channel 4 = 0.303047
Trimmed average of values in readout-channel 1 = 4.847659
Trimmed average of values in readout-channel 2 = 4.834587
Trimmed average of values in readout-channel 3 = 5.300589
Trimmed average of values in readout-channel 4 = 5.727277
Darkdrift background term = 5.177528
...for data plane = 57
Darkdrift correction for readout-channel 1 = 0.022564
Darkdrift correction for readout-channel 2 = 0.240266
Darkdrift correction for readout-channel 3 = -0.263749
Darkdrift correction for readout-channel 4 = 0.000919
Darkdrift uncertainty for readout-channel 1 = 0.303216
Darkdrift uncertainty for readout-channel 2 = 0.302971
Darkdrift uncertainty for readout-channel 3 = 0.302977
Darkdrift uncertainty for readout-channel 4 = 0.302969
Trimmed average of values in readout-channel 1 = 5.794166
Trimmed average of values in readout-channel 2 = 6.011868
Trimmed average of values in readout-channel 3 = 5.507854
Trimmed average of values in readout-channel 4 = 5.772521
Darkdrift background term = 5.771602
...for data plane = 58
Darkdrift correction for readout-channel 1 = 0.272212
Darkdrift correction for readout-channel 2 = -0.757613
Darkdrift correction for readout-channel 3 = -0.034014
Darkdrift correction for readout-channel 4 = 0.519416
Darkdrift uncertainty for readout-channel 1 = 0.303727
Darkdrift uncertainty for readout-channel 2 = 0.303523
Darkdrift uncertainty for readout-channel 3 = 0.302982
Darkdrift uncertainty for readout-channel 4 = 0.303137
Trimmed average of values in readout-channel 1 = 0.816279
Trimmed average of values in readout-channel 2 = -0.213546
Trimmed average of values in readout-channel 3 = 0.510053
Trimmed average of values in readout-channel 4 = 1.063483
Darkdrift background term = 0.544067
...for data plane = 59
Darkdrift correction for readout-channel 1 = 0.308121
Darkdrift correction for readout-channel 2 = -0.074712
Darkdrift correction for readout-channel 3 = -0.534105
Darkdrift correction for readout-channel 4 = 0.300696
Darkdrift uncertainty for readout-channel 1 = 0.303498
Darkdrift uncertainty for readout-channel 2 = 0.302973
Darkdrift uncertainty for readout-channel 3 = 0.303057
Darkdrift uncertainty for readout-channel 4 = 0.303151
Trimmed average of values in readout-channel 1 = 5.623373
Trimmed average of values in readout-channel 2 = 5.240540
Trimmed average of values in readout-channel 3 = 4.781147
Trimmed average of values in readout-channel 4 = 5.615948
Darkdrift background term = 5.315252
...for data plane = 60
Darkdrift correction for readout-channel 1 = -0.198698
Darkdrift correction for readout-channel 2 = -0.030729
Darkdrift correction for readout-channel 3 = -0.069996
Darkdrift correction for readout-channel 4 = 0.299424
Darkdrift uncertainty for readout-channel 1 = 0.302977
Darkdrift uncertainty for readout-channel 2 = 0.302961
Darkdrift uncertainty for readout-channel 3 = 0.302889
Darkdrift uncertainty for readout-channel 4 = 0.303764
Trimmed average of values in readout-channel 1 = 5.547516
Trimmed average of values in readout-channel 2 = 5.715485
Trimmed average of values in readout-channel 3 = 5.676219
Trimmed average of values in readout-channel 4 = 6.045638
Darkdrift background term = 5.746214
...for data plane = 61
Darkdrift correction for readout-channel 1 = 0.139529
Darkdrift correction for readout-channel 2 = 0.046516
Darkdrift correction for readout-channel 3 = -0.372189
Darkdrift correction for readout-channel 4 = 0.186144
Darkdrift uncertainty for readout-channel 1 = 0.302968
Darkdrift uncertainty for readout-channel 2 = 0.303265
Darkdrift uncertainty for readout-channel 3 = 0.302988
Darkdrift uncertainty for readout-channel 4 = 0.302815
Trimmed average of values in readout-channel 1 = 5.819294
Trimmed average of values in readout-channel 2 = 5.726281
Trimmed average of values in readout-channel 3 = 5.307576
Trimmed average of values in readout-channel 4 = 5.865910
Darkdrift background term = 5.679765
...for data plane = 62
Darkdrift correction for readout-channel 1 = -0.123341
Darkdrift correction for readout-channel 2 = 0.046274
Darkdrift correction for readout-channel 3 = -0.078895
Darkdrift correction for readout-channel 4 = 0.155961
Darkdrift uncertainty for readout-channel 1 = 0.303104
Darkdrift uncertainty for readout-channel 2 = 0.303797
Darkdrift uncertainty for readout-channel 3 = 0.303217
Darkdrift uncertainty for readout-channel 4 = 0.303140
Trimmed average of values in readout-channel 1 = 5.564544
Trimmed average of values in readout-channel 2 = 5.734158
Trimmed average of values in readout-channel 3 = 5.608989
Trimmed average of values in readout-channel 4 = 5.843845
Darkdrift background term = 5.687884
...for data plane = 63
Darkdrift correction for readout-channel 1 = -0.091257
Darkdrift correction for readout-channel 2 = 0.151252
Darkdrift correction for readout-channel 3 = 0.057521
Darkdrift correction for readout-channel 4 = -0.117516
Darkdrift uncertainty for readout-channel 1 = 0.302987
Darkdrift uncertainty for readout-channel 2 = 0.302961
Darkdrift uncertainty for readout-channel 3 = 0.302802
Darkdrift uncertainty for readout-channel 4 = 0.302802
Trimmed average of values in readout-channel 1 = 5.391299
Trimmed average of values in readout-channel 2 = 5.633808
Trimmed average of values in readout-channel 3 = 5.540077
Trimmed average of values in readout-channel 4 = 5.365040
Darkdrift background term = 5.482556
...for data plane = 64
Darkdrift correction for readout-channel 1 = -0.111781
Darkdrift correction for readout-channel 2 = 0.253212
Darkdrift correction for readout-channel 3 = -0.097412
Darkdrift correction for readout-channel 4 = -0.044018
Darkdrift uncertainty for readout-channel 1 = 0.227494
Darkdrift uncertainty for readout-channel 2 = 0.303528
Darkdrift uncertainty for readout-channel 3 = 0.302969
Darkdrift uncertainty for readout-channel 4 = 0.302803
Trimmed average of values in readout-channel 1 = 5.618472
Trimmed average of values in readout-channel 2 = 5.983465
Trimmed average of values in readout-channel 3 = 5.632841
Trimmed average of values in readout-channel 4 = 5.686235
Darkdrift background term = 5.730253

Program darkdrift: Status Message: 0x0000
Normal exit from Function 0x0000: LOG_WRITER
darkdrift Warning: NaN's were produced in the results.
A total of     2013   NaN's were produced in the results.
Processing time: 11.810000 seconds
Current date/time: Sat Jan  9 14:59:21 2016
Program darkdrift, version 4.1, terminated.

darkdrift   exit_value =   0    execution_time = 11.920s
******************************************************************
Pipeline executing flatap
flatap -i darkdrift.fits -p cal/pmask.fits -f cal/skyflat.fits -ui sig_darkdrift.fits -uo sig_flatap.fits -d dmask.fits -o flatap.fits -c cal/skyflat_cmask.fits 
******************************************************************
Pipeline Module FLATAP Version 1.5
Processing time Sat Jan  9 14:59:22 2016

flatap_parse_namelist: Information only: Namelist not specified.
Sat Jan  9 14:59:22 2016
flatap_log_writer: Could not open Log File, using stdout
Flatap Version 1.5
Namelist File  = 
Input DCE = darkdrift.fits
Output DCE = !flatap.fits
Flatfield = cal/skyflat.fits
Input Uncertainty = sig_darkdrift.fits
Output Uncertainty = !sig_flatap.fits
Pmask File = cal/pmask.fits
Pmask Mask = 128
Dmask File = dmask.fits
Dmask Mask = 16384
Cmask File = cal/skyflat_cmask.fits
Cmask Mask = 256
Trans CAL File = 
Trans CAL CMask File = 
Processing Log File = 
Time =    0.18 seconds
*********************

Time = 0.180 seconds
exit code 0

flatap   exit_value =   0    execution_time = 0.260s
******************************************************************
Pipeline executing imfliprot
imfliprot -i flatap.fits -n cdf/pn107.nl -a /sos/sw/S19.2.0/STUDIO/downlink/include -o imfliprot.fits 
******************************************************************

imfliprot_log_writer: Printing Log output to stdout

Program imfliprot, Version 1.0
Namelist File  = cdf/pn107.nl
Input File = flatap.fits
Output File = imfliprot.fits
Image has been flipped
Image Rotation (degrees)  = 180
Ancillary Data-File Path = /sos/sw/S19.2.0/STUDIO/downlink/include
Verbose flag = 0
Debug flag = 0
imfliprot Status Message      0x0000: Normal exit from Function 0x0000: LOG_WRITER
Processing time: 0.190000 seconds
Current date/time: Sat Jan  9 14:59:23 2016
Program imfliprot, version 1.0, terminated.


imfliprot   exit_value =   0    execution_time = 0.230s
******************************************************************
Pipeline executing imfliprot
imfliprot -i sig_flatap.fits -n cdf/pn107.nl -a /sos/sw/S19.2.0/STUDIO/downlink/include -o sig_imfliprot.fits 
******************************************************************

imfliprot_log_writer: Printing Log output to stdout

Program imfliprot, Version 1.0
Namelist File  = cdf/pn107.nl
Input File = sig_flatap.fits
Output File = sig_imfliprot.fits
Image has been flipped
Image Rotation (degrees)  = 180
Ancillary Data-File Path = /sos/sw/S19.2.0/STUDIO/downlink/include
Verbose flag = 0
Debug flag = 0
imfliprot Status Message      0x0000: Normal exit from Function 0x0000: LOG_WRITER
Processing time: 0.200000 seconds
Current date/time: Sat Jan  9 14:59:24 2016
Program imfliprot, version 1.0, terminated.


imfliprot   exit_value =   0    execution_time = 0.240s
******************************************************************
Pipeline executing imfliprot
imfliprot -i dmask.fits -n cdf/pn107.nl -a /sos/sw/S19.2.0/STUDIO/downlink/include -o temp_dmask.fits 
******************************************************************

imfliprot_log_writer: Printing Log output to stdout

Program imfliprot, Version 1.0
Namelist File  = cdf/pn107.nl
Input File = dmask.fits
Output File = temp_dmask.fits
Image has been flipped
Image Rotation (degrees)  = 180
Ancillary Data-File Path = /sos/sw/S19.2.0/STUDIO/downlink/include
Verbose flag = 0
Debug flag = 0
imfliprot Status Message      0x0000: Normal exit from Function 0x0000: LOG_WRITER
Processing time: 0.050000 seconds
Current date/time: Sat Jan  9 14:59:24 2016
Program imfliprot, version 1.0, terminated.


imfliprot   exit_value =   0    execution_time = 0.090s
******************************************************************
Pipeline executing imfliprot
imfliprot -i fowlinearize.fits -n cdf/pn107.nl -a /sos/sw/S19.2.0/STUDIO/downlink/include -o temp_fowlinearize.fits 
******************************************************************

imfliprot_log_writer: Printing Log output to stdout

Program imfliprot, Version 1.0
Namelist File  = cdf/pn107.nl
Input File = fowlinearize.fits
Output File = temp_fowlinearize.fits
Image has been flipped
Image Rotation (degrees)  = 180
Ancillary Data-File Path = /sos/sw/S19.2.0/STUDIO/downlink/include
Verbose flag = 0
Debug flag = 0
imfliprot Status Message      0x0000: Normal exit from Function 0x0000: LOG_WRITER
Processing time: 0.080000 seconds
Current date/time: Sat Jan  9 14:59:25 2016
Program imfliprot, version 1.0, terminated.


imfliprot   exit_value =   0    execution_time = 0.120s
******************************************************************
Pipeline executing imfliprot
imfliprot -i sig_fowlinearize.fits -n cdf/pn107.nl -a /sos/sw/S19.2.0/STUDIO/downlink/include -o temp_sig_fowlinearize.fits 
******************************************************************

imfliprot_log_writer: Printing Log output to stdout

Program imfliprot, Version 1.0
Namelist File  = cdf/pn107.nl
Input File = sig_fowlinearize.fits
Output File = temp_sig_fowlinearize.fits
Image has been flipped
Image Rotation (degrees)  = 180
Ancillary Data-File Path = /sos/sw/S19.2.0/STUDIO/downlink/include
Verbose flag = 0
Debug flag = 0
imfliprot Status Message      0x0000: Normal exit from Function 0x0000: LOG_WRITER
Processing time: 0.080000 seconds
Current date/time: Sat Jan  9 14:59:25 2016
Program imfliprot, version 1.0, terminated.


imfliprot   exit_value =   0    execution_time = 0.130s
******************************************************************
Pipeline executing dntoflux
dntoflux -i imfliprot.fits -iu sig_imfliprot.fits -n cdf/pn107.nl -co 0 -c 0.1447 -u 0.0000 -a /sos/sw/S19.2.0/STUDIO/downlink/include -o1 dntoflux.fits -ou sig_dntoflux.fits -t 1 
******************************************************************

Program dntoflux, Version 4.2
Namelist File  = cdf/pn107.nl
Input Image = imfliprot.fits
Output File 1 = dntoflux.fits
Output Uncertainty Image = sig_dntoflux.fits
Operation flag = 0
Conversion factor = 0.144700
Input Uncertainty Image = sig_imfliprot.fits
Conversion-factor uncertainty = 0.000000
Output BUNIT setting = MJy/sr
Normalize-by-EXPTIME Flag = 1
EXPTIME = 1.920000
Data-Plane Flag = 1
Ancillary Data-File Path = /sos/sw/S19.2.0/STUDIO/downlink/include
Verbose flag = 0
Super-verbose flag = 0
Debug flag = 0
Terminating data-units-conversion program.
dntoflux Status Message: 0x0000
Normal exit from Function 0x0000: LOG_WRITER
dntoflux Probs Warning: NaN's were produced in the results.
A total of     4026   NaN's were produced in the results.
Processing time: 0.440000 seconds
Current date/time: Sat Jan  9 14:59:27 2016
Program dntoflux, version 4.2, terminated.

dntoflux   exit_value =   0    execution_time = 0.620s
******************************************************************
Pipeline executing qatool
qatool -i dntoflux.fits -n cdf/pn107.nl -nb QATOOLBCD -a /sos/sw/S19.2.0/STUDIO/downlink/include -o qa/BCD_qatool 
******************************************************************
qatool_parse_namelist: Information only: Namelist block-name = &QATOOLBCD
Program qatool, Version 6.0
Namelist File  = cdf/pn107.nl
Input File = dntoflux.fits
Output Data Filename Base = qa/BCD_qatool
Statistics Group = 0
Percent-Scaling Flag = 0
Calculation Type = 1
(set-up to do additional computations for four readout channels)
Number of Mean Absolute Deviations for Histogram Half-Width Coverage = 5
Number of Bins in Histograms = 41
Central fraction for trimmed average = 0.810000
Central fraction for trimmed std. dev. = 0.720000
Bad-pixel tolerance fraction = 0.900000
Statistics Box X position = 3
Statistics Box Y position = 4
Statistics Box X width = 20
Statistics Box Y height = 23
Input-Image Transpose Flag = 1
Unsigned Integer Flag = 0
Data-Plane Flag = 1
Number Edge Rows/Cols Skipped = 2
Keyword Prefix = bcd
Ancillary Data-File Path = /sos/sw/S19.2.0/STUDIO/downlink/include
Verbose flag = 0
Super-verbose flag = 0
Debug flag = 0
Performed statistical and histogram calculations.
Program qatool: Status Message: 0x0000
Normal exit from Function 0x0000: LOG_WRITER
Processing time: 1.290000 seconds
Current date/time: Sat Jan  9 14:59:28 2016
Program qatool, version 6.0, terminated.

qatool   exit_value =   0    execution_time = 1.390s
******************************************************************
Pipeline executing chkmask
chkmask dmask.fits -q qa/BCD_qatool.qa 
******************************************************************
 chkmask vsn 1.35 A40312
 
 No. of occurrences of the   3 status combinations:
   2268 occurrences of   256 (8)                                 
   9 occurrences of   16 (4)                                 
     1 occurrence of   272 (4,8)                               
 
 Status Bit: No. of Pixels
   0:   0
   1:   0
   2:   0
   3:   0
   4:   10
   5:   0
   6:   0
   7:   0
   8:   2269
   9:   0
   10:   0
   11:   0
   12:   0
   13:   0
   14:   0
 

chkmask   exit_value =   0    execution_time = 0.390s
******************************************************************
Loading QA information for DCE and BCD product
Keyword APDUV1E not found in header
Keyword APDUV2E not found in header
Keyword APDUV3E not found in header
Keyword APDUI1E not found in header
Keyword APDUI2E not found in header
Keyword APDUI3E not found in header
Could not append keyword APDUV1E to QA file qa/DCE_qatool.qa
Could not append keyword APDUV2E to QA file qa/DCE_qatool.qa
Could not append keyword APDUV3E to QA file qa/DCE_qatool.qa
Could not append keyword APDUI1E to QA file qa/DCE_qatool.qa
Could not append keyword APDUI2E to QA file qa/DCE_qatool.qa
Could not append keyword APDUI3E to QA file qa/DCE_qatool.qa
******************************************************************
Pipeline executing qaloader
qaloader -i qa/DCE_qatool.qa -tablename qa_iracdce -o qa/qaloader.sql -role pipelineswrole 
******************************************************************
2016/01/09 14:59:33 BEGIN qaloader v1.13
 -i (QA_FILE) qa/DCE_qatool.qa
 -tablename (TABLENAME) qa_iracdce
 -o (SQL_FILE) qa/qaloader.sql
 -role (ROLE) pipelineswrole
Using metadata version 13.0b
table name=qa_iracdce

QA values ingested:
{-4.608798e+01} {}
dceAveFI_1       -4.608798e+01 
{-4.886556e+01} {}
dceAveR1_1       -4.886556e+01 
{-2.907483e+01} {}
dceAveR2_1       -2.907483e+01 
{-3.343745e+01} {}
dceAveR3_1       -3.343745e+01 
{-7.297407e+01} {}
dceAveR4_1       -7.297407e+01 
{-2.200000e+01} {-4.886556e+01}
dceMedFI_1       -2.200000e+01 
{3.093179e+02} {}
dceSdevFI_1      3.093179e+02 
{4.770400e+00} {}
dceDSclFI_1      4.770400e+00 
{-8.945000e+03} {}
dceMinFI_1       -8.945000e+03 
{1.300000e+01} {}
dceMaxFI_1       1.300000e+01 
{147809461} {}
DCEID            147809461 
{2} {-4.608798e+01}
CHNLNUM          2 
{0} {}
ADCEID           0 
{8} {}
AFOWLNUM         8 
{184} {}
AWAITPER         184 
{0} {}
AWEASIDE         0 
{1} {}
AREADMOD         1 
{27.699513} {}
AFPAT1B          27.699513 
{28.671007} {}
AFPAT2B          28.671007 
{0} {}
APEDSIG          0 
{0} {}
ATXSTAT          0 
{0} {}
AFLSTAT          0 
{4} {}
ASHSTAT          4 
{-3.5585} {}
AVRSTBEG         -3.5585 
{-3.0562209} {}
AVDETBEG         -3.0562209 
{-3.618536} {}
AVGG1BEG         -3.618536 
{-3.5499908} {}
AVDDUBEG         -3.5499908 
{0} {}
AVGGCBEG         0 
{21.626487} {}
ACTENDT          21.626487 
{19.796908} {}
AFPECTE          19.796908 
{23.174509} {}
AFPEATE          23.174509 
{24.095434} {}
ATCTEMPE         24.095434 
{21.565525} {}
ACETEMPE         21.565525 
{21.565525} {}
APDTEMPE         21.565525 
{27.671961} {}
ACATMP2E         27.671961 
2016/01/09 14:59:33 END   qaloader status=0

qaloader   exit_value =   0    execution_time = 0.110s
******************************************************************
Pipeline executing qaloader
qaloader -i qa/BCD_qatool.qa -tablename qa_iracdp -o qa/qaloader.sql 
******************************************************************
2016/01/09 14:59:33 BEGIN qaloader v1.13
 -i (QA_FILE) qa/BCD_qatool.qa
 -tablename (TABLENAME) qa_iracdp
 -o (SQL_FILE) qa/qaloader.sql
Using metadata version 13.0b
table name=qa_iracdp

QA values ingested:
{2.499950e+00} {}
bcdAveFI_1       2.499950e+00 
{3.981392e+00} {}
bcdAveUB_1       3.981392e+00 
{5.119805e-01} {}
bcdMedFI_1       5.119805e-01 
{6.269302e-01} {}
bcdMedUB_1       6.269302e-01 
{2.665689e+01} {}
bcdSdevFI_1      2.665689e+01 
{3.473849e+01} {}
bcdSdevUB_1      3.473849e+01 
{4.404288e-01} {}
bcdDSclFI_1      4.404288e-01 
{5.284203e-01} {}
bcdDSclUB_1      5.284203e-01 
{-6.366604e-01} {}
bcdMinFI_1       -6.366604e-01 
{-6.366604e-01} {}
bcdMinUB_1       -6.366604e-01 
{7.120538e+02} {}
bcdMaxFI_1       7.120538e+02 
{7.120538e+02} {}
bcdMaxUB_1       7.120538e+02 
{4.968060e-01} {}
bcdC68lFI_1      4.968060e-01 
{5.325667e-01} {}
bcdC68uFI_1      5.325667e-01 
{391693306} {}
DPID             391693306 
{2} {2.499950e+00}
CHNLNUM          2 
2016/01/09 14:59:33 END   qaloader status=0

qaloader   exit_value =   0    execution_time = 0.150s
******************************************************************
Pipeline executing dbaccess
dbaccess -e sodb qa/qaloader.sql 
******************************************************************
set role pipelineswrole;
set lock mode to wait 30;
EXECUTE PROCEDURE addQA_iracdce (147809461, NULL, NULL, 2, -4.608798e+01, 
-2.200000e+01, -4.886556e+01, -2.907483e+01, -3.343745e+01, -7.297407e+01, 
3.093179e+02, 4.770400e+00, -8.945000e+03, 1.300000e+01, 0, 8, 184, 0, 1, 
27.699513, 28.671007, 0, 0, 0, 4, -3.5585, -3.0562209, -3.618536, -3.5499908, 
0, 21.626487, 19.796908, 23.174509, 24.095434, 21.565525, 21.565525, 27.671961, 
NULL, NULL, NULL, NULL, NULL, NULL);
EXECUTE PROCEDURE addQA_iracdp (391693306, NULL, NULL, 2, 2.499950e+00, 
3.981392e+00, 5.119805e-01, 6.269302e-01, 2.665689e+01, 3.473849e+01, 
4.404288e-01, 5.284203e-01, -6.366604e-01, -6.366604e-01, 7.120538e+02, 
7.120538e+02, 4.968060e-01, 5.325667e-01, NULL, NULL, NULL, NULL, NULL, NULL);
execute procedure setDceTimeParameters (147809461, 1037043440.512, "2012-11-10 19:31:00.205", 1.92, 2.00);

dbaccess   exit_value =   0    execution_time = 0.180s
******************************************************************
Finishing IRAC science pipeline processing
Could not copy cal/firstframe_corr.fits to /sbx20/S19.2.0/archive/proc/full/IRAC033400/bcd/4568/0046471424/2/0039/0000/17/01/1/cal/firstframe_corr.fits
Could not copy imask.fits to /sbx20/S19.2.0/archive/proc/full/IRAC033400/bcd/4568/0046471424/2/0039/0000/17/01/1/imask.fits
Could not copy muxbleedcorr.fits to /sbx20/S19.2.0/archive/proc/full/IRAC033400/bcd/4568/0046471424/2/0039/0000/17/01/1/muxbleedcorr.fits
Could not copy slremove.fits to /sbx20/S19.2.0/archive/proc/full/IRAC033400/bcd/4568/0046471424/2/0039/0000/17/01/1/slremove.fits
******************************************************************
PlScriptID 17 exiting Saturday, January  9, 2016  2:59:39 PM PST
Host: sopipe61
Local Processing Directory: /scr4/S19.2.0/IRAC033400/bcd/4568/0046471424/2/0039/0000/17/01/1
Sandbox Directory: /sbx20/S19.2.0/archive/proc/full/IRAC033400/bcd/4568/0046471424/2/0039/0000/17/01/1
Processing time: total 30.45 s (user 1, system 1.11, child user 17.27, child system 11.07)
Pipeline exit code: Normal exit (0)
******************************************************************
