 hdrupd8 vsn 1.6  A70821
******************************************************************
Executing IRAC science pipeline
******************************************************************
Pipeline executing sanity_datatype
sanity_datatype -i ../fos16.fits -t1 cdf/sanity_datatype1.tbl -t2 cdf/sanity_datatype2.tbl -o1 qa/sanity_datatype1.tbl -o2 qa/sanity_datatype2.tbl 
******************************************************************
Program Sanity_datatype is started .... Version 1.0, Sat Jan  9 14:56:53 2016
Input Image File = ../fos16.fits
Input Data Table 1 = cdf/sanity_datatype1.tbl
Input Data Table 2 = cdf/sanity_datatype2.tbl
Output Filename1 = qa/sanity_datatype1.tbl
Output Filename2 = qa/sanity_datatype2.tbl
Log File = stdout
I_Debug = 0
I_Verbose = 0
I_SuperVerbose = 0
Processing time: 0.070000 seconds
Program Sanity_datatype is done. Version 1.0, Sat Jan  9 14:56:53 2016


sanity_datatype   exit_value =   0    execution_time = 0.370s
******************************************************************
Pipeline executing qatool
qatool -i ../fos16.fits -n cdf/pn107.nl -nb QATOOLDCE -a /sos/sw/S19.2.0/STUDIO/downlink/include -o qa/DCE_qatool 
******************************************************************
qatool_parse_namelist: Information only: Namelist block-name = &QATOOLDCE
Program qatool, Version 6.0
Namelist File  = cdf/pn107.nl
Input File = ../fos16.fits
Output Data Filename Base = qa/DCE_qatool
Statistics Group = 0
Percent-Scaling Flag = 0
Calculation Type = 1
(set-up to do additional computations for four readout channels)
Number of Mean Absolute Deviations for Histogram Half-Width Coverage = 5
Number of Bins in Histograms = 41
Central fraction for trimmed average = 0.810000
Central fraction for trimmed std. dev. = 0.720000
Bad-pixel tolerance fraction = 0.340000
Statistics Box X position = 3
Statistics Box Y position = 4
Statistics Box X width = 27
Statistics Box Y height = 33
Input-Image Transpose Flag = 1
Unsigned Integer Flag = 0
Data-Plane Flag = 1
Number Edge Rows/Cols Skipped = 10
Keyword Prefix = dce
Ancillary Data-File Path = /sos/sw/S19.2.0/STUDIO/downlink/include
Verbose flag = 0
Super-verbose flag = 0
Debug flag = 0
Performed statistical and histogram calculations.
Program qatool: Status Message: 0x0000
Normal exit from Function 0x0000: LOG_WRITER
Processing time: 0.720000 seconds
Current date/time: Sat Jan  9 14:56:54 2016
Program qatool, version 6.0, terminated.

qatool   exit_value =   0    execution_time = 0.810s
******************************************************************
Pipeline executing sanity_check
sanity_check -i qa/DCE_qatool.tbl -o qa/sanity_check.tbl 
******************************************************************
Program Sanity_check is started .... Version 1.0, Sat Jan  9 14:56:58 2016

Input File = qa/DCE_qatool.tbl
Output = qa/sanity_check.tbl
Processing time: 0.020000 seconds
Current date/time: Sat Jan  9 14:56:58 2016
Program Sanity_check, version 1.0, terminated.

sanity_check   exit_value =   0    execution_time = 0.390s
******************************************************************
Pipeline executing abad_repair
abad_repair -i ../fos16.fits -o abad_repair.fits 
******************************************************************
Pipeline Module ABAD_REPAIR Version 1.2
Processing time Sat Jan  9 14:56:58 2016

ABAD_READ_DATA: A0752D00 = 0
status from read: 1
npixs = 65536
enter output with 0
files ../fos16.fits !abad_repair.fits 
open output [!abad_repair.fits]
comment [Sat Jan  9 14:56:58 2016]
Time = 0.050 seconds
exit code 0

abad_repair   exit_value =   0    execution_time = 0.100s
******************************************************************
Pipeline executing tranhead
tranhead -i abad_repair.fits -n cdf/pn107.nl -k /scr/S19.2.0/cdf/ctd/telemetry_dictionary.dat -a /sos/sw/S19.2.0/STUDIO/downlink/include -o tranhead.fits -t, cdf/Keyword_Include_List.dat 
******************************************************************

Program tranhead, Version 13.2
Namelist File  = cdf/pn107.nl
Input File = abad_repair.fits
Dictionary File = /scr/S19.2.0/cdf/ctd/telemetry_dictionary.dat
CTD Version String = 3.0.94S
Keyword-Include-List File = cdf/Keyword_Include_List.dat
Translated-Keyword File = tranhead.hdr
CSPICE leapseconds kernel = /scr/S19.2.0/cdf/spice/leapseconds.ker
CSPICE SCLK_SCET kernel = /scr/S19.2.0/cdf/spice/sclk_scet.ker
CSPICE Spitzer Ephemeris = /scr/S19.2.0/cdf/spice/sirtf.bsp
CSPICE Planets Ephemeris = /scr/S19.2.0/cdf/spice/de.bsp
Output File = tranhead.fits
Operation Type = 1
FITS-Header Comment Flag = 1
SCLK correction factor = 1.000380
Ignore Frames (1st) = -1
Ignore Frames (2nd and higher) = -1
Central fraction for trimmed average  = 0.900000
Central fraction for trimmed std. dev. = 0.900000
Gain = 3.710000
Gain_RdOutCh_1 = 3.710000
Gain_RdOutCh_2 = 3.710000
Gain_RdOutCh_3 = 3.710000
Gain_RdOutCh_4 = 3.710000
Ancillary Data-File Path = /sos/sw/S19.2.0/STUDIO/downlink/include
Verbose flag = 0
Super-verbose flag = 0
Debug flag = 0
Configured to perform forward FITS keyword translation.
tranhead Status Message: 0x0000
Normal exit from Function 0x0000: LOG_WRITER
A total of        0   NaN's were produced in the results.
Processing time: 0.310000 seconds
Current date/time: Sat Jan  9 14:56:59 2016
Program tranhead, version 13.2, terminated.

tranhead   exit_value =   0    execution_time = 0.420s
 hdrupd8 vsn 1.6  A70821


LabDark

chan, frametime, hdy, extrpt = 2, 2.00, F, 233
expid  adceid  repidx  =  92,  0,  0 

SkyDarkaor template time = 2
hdy  repidx =  F  0
expid  ext-repeat  =  92  233

******************************************************************
Pipeline executing caltrans
caltrans -n cdf/pn107.nl -m 2 -a 7 -b /scr7/S19.2.0/dlcaldata/irac -s tranhead.fits -o cal -u SUB -jk1 CHNLNUM -jv1 2 -ja1 N -ju1 0 -js1 flip -jk2 CHNLNUM;AFOWLNUM;AWAITPER;FRAMTIME;HDRMODE -jv2 2;8;184;2.00;F -ja2 N;N;N;N;S -ju2 0;0;0;0;0 -js2 sigma;cmask -jk3 CHNLNUM;AFOWLNUM;AWAITPER;FRAMTIME;HDRMODE -jv3 2;8;184;2.00;F -ja3 N;N;N;N;S -ju3 0;0;0;0;0 -js3 cmask -jk4 CHNLNUM -jv4 2 -ja4 N -ju4 0 -js4 cmask -jk5 CHNLNUM -jv5 2 -ja5 N -ju5 0 -js5 cmask -jk6 CHNLNUM -jv6 2 -ja6 N -ju6 0 -jk7 CHNLNUM;AFOWLNUM;AWAITPER -jv7 2;8;184 -ja7 N;N;N -ju7 0;0;0 -jk8 CHNLNUM;AFOWLNUM;AWAITPER -jv8 2;8;184 -ja8 N;N;N -ju8 0;0;0 -e CALTRANSsciSUB 
******************************************************************

Online Namelist file descriptor associated
Online namelist buffer loaded: length = 7422

Warning !:  Ancillary file #1  with full suffix filename  '/sos/archive/fallbacks/IRAC004600/SUB_2s_2sf8d1r1_ch2_v2.0.0_dark_sigma.fits'  NOT in archive/sandbox !!.
Proceed to the next suffix fileprocessing .....

Warning !:  Ancillary file #2  with full suffix filename  '/sos/archive/fallbacks/IRAC004600/SUB_2s_2sf8d1r1_ch2_v2.0.0_dark_cmask.fits'  NOT in archive/sandbox !!.
Proceed to the next suffix fileprocessing .....

Warning !:  Ancillary-suffix file #1: '/scr7/S19.2.0/dlcaldata/irac/fb1502_SUB_2s_2sf8d1r1_ch2_v2.0.0_dark_sigma.fits'  could NOT be identified on cache.
Processing continues ..... 


Warning !:  Ancillary-suffix file #2: '/scr7/S19.2.0/dlcaldata/irac/fb1502_SUB_2s_2sf8d1r1_ch2_v2.0.0_dark_cmask.fits'  could NOT be identified on cache.
Processing continues ..... 


Warning !:  Ancillary file #1  with full suffix filename  '/sos/archive/fallbacks/IRAC005300/lincal_b2_sa_011410_cmask.fits'  NOT in archive/sandbox !!.
Proceed to the next suffix fileprocessing .....

Warning !:  Ancillary-suffix file #1: '/scr7/S19.2.0/dlcaldata/irac/fb1579_lincal_b2_sa_011410_cmask.fits'  could NOT be identified on cache.
Processing continues ..... 

  Printing Log output to stdout...


Program CALTRANS, Version 4.0
Command-Line Namelist Filename  = cdf/pn107.nl
Command-Line Namelist Section = CALTRANSsciSUB
CalTrans Execution Mode  = 2
CalID = 7
Input Calibration Type list = pmask;labdark;skydark;lincal;sky_flat;fluxconv;muxbleed_lut;muxbleed_coeff
Input Calibration Rule list = 0;0;300;0;0;0;0;0
Input Generic Outfname list = pmask.fits;labdark.fits;skydark.fits;lincal.fits;skyflat.fits;fluxconv;muxbleed_lut;muxbleed_coeff
Science DCE Filename = tranhead.fits
CAL Destination Path = cal
Processing time: 0.640000 seconds
Current date/time: Sat Jan  9 14:57:15 2016
Program CALTRANS, version 4.0, terminated with status = 16

CalTrans exits with status = 16



caltrans   exit_value =  16    execution_time = 0.800s
******************************************************************
Pipeline executing insbposdom
insbposdom -i tranhead.fits -o insbposdom.fits 
******************************************************************
Pipeline Module INSBPOSDOM Version 1.1
Processing time Sat Jan  9 14:57:16 2016

Sat Jan  9 14:57:16 2016
Time = 0.040 seconds
exit code 0

insbposdom   exit_value =   0    execution_time = 0.080s
******************************************************************
Pipeline executing cvti2r4
cvti2r4 -i insbposdom.fits -a 0.5625 -b 0 -d cal/dmask_for_raw.fits -o cvti2r4.fits -m row 
******************************************************************
 SIRTF I*2-to-R*4 Data Cube Conversion program vsn 1.31 A61025
 Input file:  insbposdom.fits
 Using offset =    0.562500
 Using BLANK-fill value:   0
 Output file: cvti2r4.fits
 Missing-data pattern specified as rows

cvti2r4   exit_value =   0    execution_time = 0.440s
Image has barrel shift = 3
Computed truncation correction 0.5*(1-2^-ABARREL) = 0.5625
******************************************************************
Pipeline executing hdrupd8
hdrupd8 cvti2r4.fits -a cdf/hdrupd8_cubify.dat -d cdf/hdrupd8_planify.dat 
******************************************************************
 hdrupd8 vsn 1.6  A70821
 WARNING: keyword to be deleted not found: NAXIS3  

hdrupd8   exit_value =   0    execution_time = 0.380s
******************************************************************
Pipeline executing hdrupd8
hdrupd8 dmask.fits -a cdf/hdrupd8_cubify.dat -d cdf/hdrupd8_planify.dat 
******************************************************************
 hdrupd8 vsn 1.6  A70821
 WARNING: keyword to be deleted not found: NAXIS3  

hdrupd8   exit_value =   0    execution_time = 0.440s
******************************************************************
Pipeline executing iracwrapdet1
iracwrapdet1 -i cvti2r4.fits -n cdf/pn107.nl -p cal/pmask.fits -d dmask.fits -w wmask.fits -v 
******************************************************************
Pipeline Module IRACWRAPDET1 Version 1.4
Processing time Sat Jan  9 14:57:29 2016
iracwrapdet1_parse_args: Namelist File = 	cdf/pn107.nl
iracwrapdet1_parse_args: Pmask File = 	cal/pmask.fits
iracwrapdet1_parse_args: Dmask File = 	dmask.fits
iracwrapdet1_parse_args: Wmask File = 	wmask.fits
iracwrapdet1_parse_args: Input File = 	cvti2r4.fits
iracwrapdet1_parse_args: I_Verbose = 			1
chn 2 framtim 2.000000
iracwrapdet1_read_data: Data read from file:
cvti2r4.fits
iracwrapdet1_read_data: I_NX = 32
iracwrapdet1_read_data: I_NY = 32
iracwrapdet1_read_data: I_NZ = 64
iracwrapdet1_parse_namelist: Namelist File = 	cdf/pn107.nl
Coeff used: 55000.000000 55000.000000 55000.000000 55000.000000
iracwrapdet1_compute_results: Numerical Computations finished
Sat Jan  9 14:57:29 2016
iracwrapdet1_output: Results written to file(s).
Time = 0.030 seconds
iracwrapdet1_error_handler: Error Handler finished.
iracwrapdet1_exit: Memory Deallocated.
exit code 0

iracwrapdet1   exit_value =   0    execution_time = 0.080s
******************************************************************
Pipeline executing iracwrapdet2
iracwrapdet2 -i cvti2r4.fits -n cdf/pn107.nl -p cal/pmask.fits -d dmask.fits -w wmask.fits -a /sos/sw/S19.2.0/STUDIO/downlink/include 
******************************************************************

Program iracwrapdet2, Version 1.4
Namelist File  = cdf/pn107.nl
FITS Input Image = cvti2r4.fits
Pmask File = cal/pmask.fits
Dmask File = dmask.fits
Wmask File = mask.fits
M-Level       chan1     chan2     chan3     chan4
            55000.0   55000.0   55000.0   55000.0
Tolerance     chan1     chan2     chan3     chan4
             1200.0    1200.0    1200.0    1200.0
Pmask Maximum = 65535
Dmask Maximum = 65535
Ancillary Data-File Path = /sos/sw/S19.2.0/STUDIO/downlink/include
Verbose flag = 0
Super-verbose flag = 0
Debug flag = 0
iracwrapdet2 Status Message      0x0000
Normal exit from Function 0x0000: LOG_WRITER
Processing time: 0.100000 seconds
Current date/time: Sat Jan  9 14:57:29 2016
Program iracwrapdet2, version 1.4, terminated


iracwrapdet2   exit_value =   0    execution_time = 0.160s
******************************************************************
Pipeline executing iracwrapcorr
iracwrapcorr -i cvti2r4.fits -p cal/pmask.fits -d dmask.fits -w wmask.fits -o iracwrapcorr.fits 
******************************************************************
Pipeline Module IRACWRAPCORR Version 1.3
Processing time Sat Jan  9 14:57:30 2016
iracwrapcorr_parse_namelist: Information only: Namelist not specified.
Sat Jan  9 14:57:30 2016
Time = 0.020 seconds
exit code 0

iracwrapcorr   exit_value =   0    execution_time = 0.100s
******************************************************************
Pipeline executing iracnorm
iracnorm -i iracwrapcorr.fits -p cal/pmask.fits -d dmask.fits -o iracnorm.fits 
******************************************************************
Pipeline Module IRACWNORM Version 1.10
Processing time Sat Jan  9 14:57:30 2016

Sat Jan  9 14:57:30 2016
Time = 0.040 seconds
exit code 0

iracnorm   exit_value =   0    execution_time = 0.100s
******************************************************************
Pipeline executing iracebwc
iracebwc -i iracnorm.fits -n cdf/pn107.nl -p cal/pmask.fits -d dmask.fits -o iracebwc.fits 
******************************************************************
Pipeline Module IRACEBWC Version 1.2
Processing time Sat Jan  9 14:57:31 2016

Sat Jan  9 14:57:31 2016
Time = 0.040 seconds
exit code 0

iracebwc   exit_value =   0    execution_time = 0.090s
HDR mode   =  f
AOR Template Time     =  2
DCE Frame Time    =  2.00
EXTRpt     =  233
Frame NOBF =  0
From sub determine_delays:
   aottime = 2
   aordelay = 222.190359962807
   stellarmode = f
   expid=92
imdly = 1.34736002765655
frmdly = 1.34736002765655

Immed  Delay = 1.34736002765655
Frame  Delay = 1.34736002765655

 hdrupd8 vsn 1.6  A70821
 hdrupd8 vsn 1.6  A70821
 hdrupd8 vsn 1.6  A70821
 hdrupd8 vsn 1.6  A70821
 hdrupd8 vsn 1.6  A70821
 hdrupd8 vsn 1.6  A70821
 hdrupd8 vsn 1.6  A70821
******************************************************************
Pipeline executing darksubng
darksubng -i iracebwc.fits -a /sos/sw/S19.2.0/STUDIO/downlink/include -p cal/pmask.fits -d dmask.fits -o labdarksub.fits -cc cal/labdark.fits -v 
******************************************************************
/sos/sw/S19.2.0/STUDIO/downlink/bin/darksubng: namelist not given
/sos/sw/S19.2.0/STUDIO/downlink/bin/darksubng: input uncertainty image not given
/sos/sw/S19.2.0/STUDIO/downlink/bin/darksubng: output uncertainty image not given
/sos/sw/S19.2.0/STUDIO/downlink/bin/darksubng: WARNING no uncertainty calculations will be performed
/sos/sw/S19.2.0/STUDIO/downlink/bin/darksubng: Namelist               = []
/sos/sw/S19.2.0/STUDIO/downlink/bin/darksubng: Input image            = [iracebwc.fits]
/sos/sw/S19.2.0/STUDIO/downlink/bin/darksubng: Input uncertainty      = []
/sos/sw/S19.2.0/STUDIO/downlink/bin/darksubng: Output image           = [!labdarksub.fits]
/sos/sw/S19.2.0/STUDIO/downlink/bin/darksubng: Output uncertainty     = []
/sos/sw/S19.2.0/STUDIO/downlink/bin/darksubng: Dark                   = [cal/labdark.fits]
/sos/sw/S19.2.0/STUDIO/downlink/bin/darksubng: Pmask file             = [cal/pmask.fits]
/sos/sw/S19.2.0/STUDIO/downlink/bin/darksubng: Pmask fatality bitmask = [65536]
/sos/sw/S19.2.0/STUDIO/downlink/bin/darksubng: Dmask file             = [dmask.fits]
/sos/sw/S19.2.0/STUDIO/downlink/bin/darksubng: Dmask fatality bitmask = [65536]
/sos/sw/S19.2.0/STUDIO/downlink/bin/darksubng: Cmask file             = []
/sos/sw/S19.2.0/STUDIO/downlink/bin/darksubng: Cmask fatality bitmask = [65536]
/sos/sw/S19.2.0/STUDIO/downlink/bin/darksubng: Logfile                = []
/sos/sw/S19.2.0/STUDIO/downlink/bin/darksubng: Ancillary Path         = [/sos/sw/S19.2.0/STUDIO/downlink/include]
/sos/sw/S19.2.0/STUDIO/downlink/bin/darksubng: Uncertainty calculations will not be made
/sos/sw/S19.2.0/STUDIO/downlink/bin/darksubng: WARNING cal/labdark.fits has no BUNIT key
/sos/sw/S19.2.0/STUDIO/downlink/bin/darksubng: WARNING assuming cal/labdark.fits is in DN
/sos/sw/S19.2.0/STUDIO/downlink/bin/darksubng: WARNING cal/labdark.fits has no EXPTIME key
/sos/sw/S19.2.0/STUDIO/downlink/bin/darksubng: WARNING cal/labdark.fits has no GAIN keywords
/sos/sw/S19.2.0/STUDIO/downlink/bin/darksubng: compute - performing any unit conversions
/sos/sw/S19.2.0/STUDIO/downlink/bin/darksubng: compute - starting subtraction with masking 
/sos/sw/S19.2.0/STUDIO/downlink/bin/darksubng: Processing successful; Exiting

darksubng   exit_value =   0    execution_time = 0.140s
READ Noise !! =  9.4
******************************************************************
Pipeline executing snestimator
snestimator -i labdarksub.fits -n cdf/pn107.nl -a /sos/sw/S19.2.0/STUDIO/downlink/include -p cal/pmask.fits -d dmask.fits -on sig_snestimator.fits -g 3.71 -r 9.4 
******************************************************************
verbose 0

Program SNESTIMATOR, Version 1.5
Namelist File  = cdf/pn107.nl
Input FITS Image = labdarksub.fits
Noise Image = sig_snestimator.fits
Denominator type = IRAC_MODEL
Edge Pixels Excluded = 0
Gain Channel 1 = 3.710000 Channel 2 = 3.710000 Channel 3 = 3.710000 Channel 4 = 3.710000
Read Noise = 9.400000
Confusion Sigma = 0.000000
Ancillary Data-File Path = /sos/sw/S19.2.0/STUDIO/downlink/include
Verbose flag = 0
Super-verbose flag = 0
Debug flag = 0
snestimator Status Message      0x0000
Normal exit from Function 0x0000: LOG_WRITER
Processing time: 0.110000 seconds
Current date/time: Sat Jan  9 14:58:00 2016
Program SNESTIMATOR, version 1.5, terminated


snestimator   exit_value =   0    execution_time = 0.190s
******************************************************************
Pipeline executing darksubng
darksubng -i iracebwc.fits -iu sig_snestimator.fits -a /sos/sw/S19.2.0/STUDIO/downlink/include -p cal/pmask.fits -d dmask.fits -o labdarksub.fits -ou sig_labdarksub.fits -cc cal/labdark.fits -v 
******************************************************************
/sos/sw/S19.2.0/STUDIO/downlink/bin/darksubng: namelist not given
/sos/sw/S19.2.0/STUDIO/downlink/bin/darksubng: Namelist               = []
/sos/sw/S19.2.0/STUDIO/downlink/bin/darksubng: Input image            = [iracebwc.fits]
/sos/sw/S19.2.0/STUDIO/downlink/bin/darksubng: Input uncertainty      = [sig_snestimator.fits]
/sos/sw/S19.2.0/STUDIO/downlink/bin/darksubng: Output image           = [!labdarksub.fits]
/sos/sw/S19.2.0/STUDIO/downlink/bin/darksubng: Output uncertainty     = [!sig_labdarksub.fits]
/sos/sw/S19.2.0/STUDIO/downlink/bin/darksubng: Dark                   = [cal/labdark.fits]
/sos/sw/S19.2.0/STUDIO/downlink/bin/darksubng: Pmask file             = [cal/pmask.fits]
/sos/sw/S19.2.0/STUDIO/downlink/bin/darksubng: Pmask fatality bitmask = [65536]
/sos/sw/S19.2.0/STUDIO/downlink/bin/darksubng: Dmask file             = [dmask.fits]
/sos/sw/S19.2.0/STUDIO/downlink/bin/darksubng: Dmask fatality bitmask = [65536]
/sos/sw/S19.2.0/STUDIO/downlink/bin/darksubng: Cmask file             = []
/sos/sw/S19.2.0/STUDIO/downlink/bin/darksubng: Cmask fatality bitmask = [65536]
/sos/sw/S19.2.0/STUDIO/downlink/bin/darksubng: Logfile                = []
/sos/sw/S19.2.0/STUDIO/downlink/bin/darksubng: Ancillary Path         = [/sos/sw/S19.2.0/STUDIO/downlink/include]
/sos/sw/S19.2.0/STUDIO/downlink/bin/darksubng: Uncertainty calculations will be made
/sos/sw/S19.2.0/STUDIO/downlink/bin/darksubng: WARNING cal/labdark.fits has no BUNIT key
/sos/sw/S19.2.0/STUDIO/downlink/bin/darksubng: WARNING assuming cal/labdark.fits is in DN
/sos/sw/S19.2.0/STUDIO/downlink/bin/darksubng: WARNING cal/labdark.fits has no EXPTIME key
/sos/sw/S19.2.0/STUDIO/downlink/bin/darksubng: WARNING cal/labdark.fits has no GAIN keywords
/sos/sw/S19.2.0/STUDIO/downlink/bin/darksubng: compute - performing any unit conversions
/sos/sw/S19.2.0/STUDIO/downlink/bin/darksubng: compute - starting subtraction with masking 
/sos/sw/S19.2.0/STUDIO/downlink/bin/darksubng: Processing successful; Exiting

darksubng   exit_value =   0    execution_time = 0.190s
******************************************************************
Pipeline executing fowlinearize
fowlinearize -i1 labdarksub.fits -i3 sig_labdarksub.fits -n cdf/pn107.nl -a /sos/sw/S19.2.0/STUDIO/downlink/include -ip cal/pmask.fits -i2 cal/lincal.fits -id dmask.fits -o1 fowlinearize.fits -o2 sig_fowlinearize.fits -c 10 
******************************************************************

Program FOWLINEARIZE, Version 4.9
Namelist File  = cdf/pn107.nl
Input File 1 = labdarksub.fits
Input File 2 = cal/lincal.fits
Input File 3 = sig_labdarksub.fits
Model_Flag(1=quad. 2=cubic) = 1
Clock_Readout(10=sub-array, 200=full-array) = 10.000000
Input PMask Image = cal/pmask.fits
Unusable PMask Bits = 16384
Input DMask Image = dmask.fits
Unusable DMask Bits = 8192
Not-linearized DMask Bit = 4096
Not-linearized DMask Bit due to lincal-model saturation = 8192
Output File 1 = fowlinearize.fits
Output File 2 = sig_fowlinearize.fits
Ancillary Data-File Path = /sos/sw/S19.2.0/STUDIO/downlink/include
Verbose flag = 0
Super-verbose flag = 0
Debug flag = 0
Performed linearity correction.
Program fowlinearize: Status Message: 0x0000
Normal exit from Function 0x0000: LOG_WRITER
Processing time: 0.320000 seconds
Current date/time: Sat Jan  9 14:58:01 2016
Program FOWLINEARIZE, version 4.9, terminated.

fowlinearize   exit_value =   0    execution_time = 0.420s
Read Noise =  9.4
 hdrupd8 vsn 1.6  A70821
******************************************************************
Pipeline executing bgmodel
bgmodel -i fowlinearize.fits -n cdf/pn107.nl -h 
******************************************************************

Online Namelist file descriptor associated
Online namelist buffer loaded: length = 7422
bgmodel_log_writer: Printing Log output to stdout
bgmodel  Version 1.0
Namelist File  = cdf/pn107.nl
Input Image = fowlinearize.fits
Ephemeris = /scr7/S19.2.0/cdf/spice/sirtf.bsp
LeapSec Kernel = /scr7/S19.2.0/cdf/spice/leapseconds.ker
SPK Kernel = /scr7/S19.2.0/cdf/spice/de.bsp

bgmodel  Status Message      0x0000: No error.
Time = 0.070 seconds

Background exits with status = 0


bgmodel   exit_value =   0    execution_time = 0.120s
******************************************************************
Pipeline executing hdrupd8
hdrupd8 fowlinearize.fits -a addkeys.dat 
******************************************************************
 hdrupd8 vsn 1.6  A70821

hdrupd8   exit_value =   0    execution_time = 0.380s
SkyDk Med DN      = 16.56367 
Exposure time     = 1.92
SkyDk Med DN rate = 8.62691145833333
Flux Conv         = 0.1447 
SkyDk Med Flux    = 1.24831408802083
Image File = fowlinearize.fits 

 hdrupd8 vsn 1.6  A70821
 hdrupd8 vsn 1.6  A70821
 hdrupd8 vsn 1.6  A70821
 hdrupd8 vsn 1.6  A70821
 hdrupd8 vsn 1.6  A70821
******************************************************************
Pipeline executing darksubng
darksubng -i fowlinearize.fits -iu sig_fowlinearize.fits -a /sos/sw/S19.2.0/STUDIO/downlink/include -p cal/pmask.fits -d dmask.fits -o skydarksub.fits -ou sig_skydarksub.fits -cc cal/skydark.fits -v -c cal/skydark_cmask.fits 
******************************************************************
/sos/sw/S19.2.0/STUDIO/downlink/bin/darksubng: namelist not given
/sos/sw/S19.2.0/STUDIO/downlink/bin/darksubng: Namelist               = []
/sos/sw/S19.2.0/STUDIO/downlink/bin/darksubng: Input image            = [fowlinearize.fits]
/sos/sw/S19.2.0/STUDIO/downlink/bin/darksubng: Input uncertainty      = [sig_fowlinearize.fits]
/sos/sw/S19.2.0/STUDIO/downlink/bin/darksubng: Output image           = [!skydarksub.fits]
/sos/sw/S19.2.0/STUDIO/downlink/bin/darksubng: Output uncertainty     = [!sig_skydarksub.fits]
/sos/sw/S19.2.0/STUDIO/downlink/bin/darksubng: Dark                   = [cal/skydark.fits]
/sos/sw/S19.2.0/STUDIO/downlink/bin/darksubng: Pmask file             = [cal/pmask.fits]
/sos/sw/S19.2.0/STUDIO/downlink/bin/darksubng: Pmask fatality bitmask = [65536]
/sos/sw/S19.2.0/STUDIO/downlink/bin/darksubng: Dmask file             = [dmask.fits]
/sos/sw/S19.2.0/STUDIO/downlink/bin/darksubng: Dmask fatality bitmask = [65536]
/sos/sw/S19.2.0/STUDIO/downlink/bin/darksubng: Cmask file             = [cal/skydark_cmask.fits]
/sos/sw/S19.2.0/STUDIO/downlink/bin/darksubng: Cmask fatality bitmask = [65536]
/sos/sw/S19.2.0/STUDIO/downlink/bin/darksubng: Logfile                = []
/sos/sw/S19.2.0/STUDIO/downlink/bin/darksubng: Ancillary Path         = [/sos/sw/S19.2.0/STUDIO/downlink/include]
/sos/sw/S19.2.0/STUDIO/downlink/bin/darksubng: Uncertainty calculations will be made
/sos/sw/S19.2.0/STUDIO/downlink/bin/darksubng: compute - performing any unit conversions
/sos/sw/S19.2.0/STUDIO/downlink/bin/darksubng: compute - starting subtraction with masking 
/sos/sw/S19.2.0/STUDIO/downlink/bin/darksubng: Processing successful; Exiting

darksubng   exit_value =   0    execution_time = 0.200s
******************************************************************
Pipeline executing darkdrift
darkdrift -i skydarksub.fits -iu sig_skydarksub.fits -n cdf/pn107.nl -a /sos/sw/S19.2.0/STUDIO/downlink/include -o1 darkdrift.fits -o2 darkdriftcorr.fits -o3 darkdrift.tbl -ou sig_darkdrift.fits 
******************************************************************
Program darkdrift, Version 4.1
Namelist File  = cdf/pn107.nl
Input Image = skydarksub.fits
Input Uncertainty Image = sig_skydarksub.fits
Output Image 1 (corrected image) = darkdrift.fits
Output Image 2 (corrections) = darkdriftcorr.fits
Output Image 3 (uncertainties) = sig_darkdrift.fits
Output File 3 = darkdrift.tbl
Central fraction for trimmed average  = 0.900000
Central fraction for trimmed std. dev. = 0.900000
Time_Input = 0.250000
Time_Before = 0.000000
Time_After = 1.000000
Temp_Input = 270.000000
Temp_Before = 280.000000
Temp_After = 260.000000
Calculation Type = 1
Input-Image Transpose Flag = 1
Multiplicative-Correction Flag (Additive if zero) = 0
Readout Channel to exclude (none if zero) = 0
Data-Plane Flag = 1
Ancillary Data-File Path = /sos/sw/S19.2.0/STUDIO/downlink/include
Verbose flag = 0
Super-verbose flag = 0
Debug flag = 0
Dark-current offsets estimated from input image.

Detailed darkdrift calculational results:
...for data plane = 1
Darkdrift correction for readout-channel 1 = -0.111251
Darkdrift correction for readout-channel 2 = -0.132158
Darkdrift correction for readout-channel 3 = 0.061225
Darkdrift correction for readout-channel 4 = 0.182184
Darkdrift uncertainty for readout-channel 1 = 0.375007
Darkdrift uncertainty for readout-channel 2 = 0.300808
Darkdrift uncertainty for readout-channel 3 = 0.301654
Darkdrift uncertainty for readout-channel 4 = 0.301488
Trimmed average of values in readout-channel 1 = 7.336184
Trimmed average of values in readout-channel 2 = 7.315278
Trimmed average of values in readout-channel 3 = 7.508660
Trimmed average of values in readout-channel 4 = 7.629619
Darkdrift background term = 7.447435
...for data plane = 2
Darkdrift correction for readout-channel 1 = -0.025068
Darkdrift correction for readout-channel 2 = -0.312583
Darkdrift correction for readout-channel 3 = 0.012707
Darkdrift correction for readout-channel 4 = 0.324943
Darkdrift uncertainty for readout-channel 1 = 0.379008
Darkdrift uncertainty for readout-channel 2 = 0.302994
Darkdrift uncertainty for readout-channel 3 = 0.303377
Darkdrift uncertainty for readout-channel 4 = 0.303080
Trimmed average of values in readout-channel 1 = 4.719952
Trimmed average of values in readout-channel 2 = 4.432437
Trimmed average of values in readout-channel 3 = 4.757727
Trimmed average of values in readout-channel 4 = 5.069963
Darkdrift background term = 4.745020
...for data plane = 3
Darkdrift correction for readout-channel 1 = 0.330833
Darkdrift correction for readout-channel 2 = -0.411544
Darkdrift correction for readout-channel 3 = -0.018085
Darkdrift correction for readout-channel 4 = 0.098796
Darkdrift uncertainty for readout-channel 1 = 0.302984
Darkdrift uncertainty for readout-channel 2 = 0.303264
Darkdrift uncertainty for readout-channel 3 = 0.303460
Darkdrift uncertainty for readout-channel 4 = 0.302999
Trimmed average of values in readout-channel 1 = 5.444366
Trimmed average of values in readout-channel 2 = 4.701989
Trimmed average of values in readout-channel 3 = 5.095448
Trimmed average of values in readout-channel 4 = 5.212329
Darkdrift background term = 5.113533
...for data plane = 4
Darkdrift correction for readout-channel 1 = 0.093500
Darkdrift correction for readout-channel 2 = -0.019393
Darkdrift correction for readout-channel 3 = -0.209644
Darkdrift correction for readout-channel 4 = 0.135537
Darkdrift uncertainty for readout-channel 1 = 0.303611
Darkdrift uncertainty for readout-channel 2 = 0.304067
Darkdrift uncertainty for readout-channel 3 = 0.302991
Darkdrift uncertainty for readout-channel 4 = 0.303140
Trimmed average of values in readout-channel 1 = 5.693439
Trimmed average of values in readout-channel 2 = 5.580546
Trimmed average of values in readout-channel 3 = 5.390295
Trimmed average of values in readout-channel 4 = 5.735476
Darkdrift background term = 5.599939
...for data plane = 5
Darkdrift correction for readout-channel 1 = -0.298947
Darkdrift correction for readout-channel 2 = -0.552333
Darkdrift correction for readout-channel 3 = 0.213272
Darkdrift correction for readout-channel 4 = 0.638008
Darkdrift uncertainty for readout-channel 1 = 0.302963
Darkdrift uncertainty for readout-channel 2 = 0.303528
Darkdrift uncertainty for readout-channel 3 = 0.303129
Darkdrift uncertainty for readout-channel 4 = 0.303224
Trimmed average of values in readout-channel 1 = 5.523567
Trimmed average of values in readout-channel 2 = 5.270181
Trimmed average of values in readout-channel 3 = 6.035786
Trimmed average of values in readout-channel 4 = 6.460523
Darkdrift background term = 5.822514
...for data plane = 6
Darkdrift correction for readout-channel 1 = 0.132225
Darkdrift correction for readout-channel 2 = 0.001620
Darkdrift correction for readout-channel 3 = 0.036854
Darkdrift correction for readout-channel 4 = -0.170699
Darkdrift uncertainty for readout-channel 1 = 0.302333
Darkdrift uncertainty for readout-channel 2 = 0.302971
Darkdrift uncertainty for readout-channel 3 = 0.302905
Darkdrift uncertainty for readout-channel 4 = 0.303306
Trimmed average of values in readout-channel 1 = 5.387065
Trimmed average of values in readout-channel 2 = 5.256459
Trimmed average of values in readout-channel 3 = 5.291693
Trimmed average of values in readout-channel 4 = 5.084140
Darkdrift background term = 5.254839
...for data plane = 7
Darkdrift correction for readout-channel 1 = -0.107767
Darkdrift correction for readout-channel 2 = -0.524117
Darkdrift correction for readout-channel 3 = 0.334281
Darkdrift correction for readout-channel 4 = 0.297603
Darkdrift uncertainty for readout-channel 1 = 0.303104
Darkdrift uncertainty for readout-channel 2 = 0.302979
Darkdrift uncertainty for readout-channel 3 = 0.303060
Darkdrift uncertainty for readout-channel 4 = 0.302975
Trimmed average of values in readout-channel 1 = 5.271661
Trimmed average of values in readout-channel 2 = 4.855310
Trimmed average of values in readout-channel 3 = 5.713709
Trimmed average of values in readout-channel 4 = 5.677030
Darkdrift background term = 5.379427
...for data plane = 8
Darkdrift correction for readout-channel 1 = -0.012158
Darkdrift correction for readout-channel 2 = -0.260287
Darkdrift correction for readout-channel 3 = -0.469184
Darkdrift correction for readout-channel 4 = 0.741629
Darkdrift uncertainty for readout-channel 1 = 0.303224
Darkdrift uncertainty for readout-channel 2 = 0.301867
Darkdrift uncertainty for readout-channel 3 = 0.303132
Darkdrift uncertainty for readout-channel 4 = 0.303065
Trimmed average of values in readout-channel 1 = 6.041579
Trimmed average of values in readout-channel 2 = 5.793449
Trimmed average of values in readout-channel 3 = 5.584553
Trimmed average of values in readout-channel 4 = 6.795366
Darkdrift background term = 6.053737
...for data plane = 9
Darkdrift correction for readout-channel 1 = -0.034818
Darkdrift correction for readout-channel 2 = -0.084658
Darkdrift correction for readout-channel 3 = 0.145485
Darkdrift correction for readout-channel 4 = -0.026010
Darkdrift uncertainty for readout-channel 1 = 0.304000
Darkdrift uncertainty for readout-channel 2 = 0.304396
Darkdrift uncertainty for readout-channel 3 = 0.304226
Darkdrift uncertainty for readout-channel 4 = 0.302982
Trimmed average of values in readout-channel 1 = 5.797147
Trimmed average of values in readout-channel 2 = 5.747307
Trimmed average of values in readout-channel 3 = 5.977451
Trimmed average of values in readout-channel 4 = 5.805955
Darkdrift background term = 5.831965
...for data plane = 10
Darkdrift correction for readout-channel 1 = 0.200904
Darkdrift correction for readout-channel 2 = -0.185182
Darkdrift correction for readout-channel 3 = 0.077689
Darkdrift correction for readout-channel 4 = -0.093411
Darkdrift uncertainty for readout-channel 1 = 0.302981
Darkdrift uncertainty for readout-channel 2 = 0.302415
Darkdrift uncertainty for readout-channel 3 = 0.303287
Darkdrift uncertainty for readout-channel 4 = 0.378136
Trimmed average of values in readout-channel 1 = 5.667208
Trimmed average of values in readout-channel 2 = 5.281121
Trimmed average of values in readout-channel 3 = 5.543993
Trimmed average of values in readout-channel 4 = 5.372893
Darkdrift background term = 5.466304
...for data plane = 11
Darkdrift correction for readout-channel 1 = 0.162704
Darkdrift correction for readout-channel 2 = -0.361127
Darkdrift correction for readout-channel 3 = 0.044891
Darkdrift correction for readout-channel 4 = 0.153532
Darkdrift uncertainty for readout-channel 1 = 0.303352
Darkdrift uncertainty for readout-channel 2 = 0.302971
Darkdrift uncertainty for readout-channel 3 = 0.302974
Darkdrift uncertainty for readout-channel 4 = 0.303133
Trimmed average of values in readout-channel 1 = 6.148646
Trimmed average of values in readout-channel 2 = 5.624815
Trimmed average of values in readout-channel 3 = 6.030833
Trimmed average of values in readout-channel 4 = 6.139474
Darkdrift background term = 5.985942
...for data plane = 12
Darkdrift correction for readout-channel 1 = -0.029975
Darkdrift correction for readout-channel 2 = -0.120664
Darkdrift correction for readout-channel 3 = -0.313753
Darkdrift correction for readout-channel 4 = 0.464393
Darkdrift uncertainty for readout-channel 1 = 0.302961
Darkdrift uncertainty for readout-channel 2 = 0.301857
Darkdrift uncertainty for readout-channel 3 = 0.303382
Darkdrift uncertainty for readout-channel 4 = 0.302918
Trimmed average of values in readout-channel 1 = 6.154309
Trimmed average of values in readout-channel 2 = 6.063620
Trimmed average of values in readout-channel 3 = 5.870531
Trimmed average of values in readout-channel 4 = 6.648677
Darkdrift background term = 6.184284
...for data plane = 13
Darkdrift correction for readout-channel 1 = -0.740029
Darkdrift correction for readout-channel 2 = 0.065889
Darkdrift correction for readout-channel 3 = 0.620899
Darkdrift correction for readout-channel 4 = 0.053242
Darkdrift uncertainty for readout-channel 1 = 0.303494
Darkdrift uncertainty for readout-channel 2 = 0.302969
Darkdrift uncertainty for readout-channel 3 = 0.302979
Darkdrift uncertainty for readout-channel 4 = 0.302992
Trimmed average of values in readout-channel 1 = 5.233745
Trimmed average of values in readout-channel 2 = 6.039664
Trimmed average of values in readout-channel 3 = 6.594674
Trimmed average of values in readout-channel 4 = 6.027017
Darkdrift background term = 5.973775
...for data plane = 14
Darkdrift correction for readout-channel 1 = -0.280401
Darkdrift correction for readout-channel 2 = -0.122328
Darkdrift correction for readout-channel 3 = 0.221172
Darkdrift correction for readout-channel 4 = 0.181557
Darkdrift uncertainty for readout-channel 1 = 0.302963
Darkdrift uncertainty for readout-channel 2 = 0.303237
Darkdrift uncertainty for readout-channel 3 = 0.302966
Darkdrift uncertainty for readout-channel 4 = 0.302888
Trimmed average of values in readout-channel 1 = 5.455804
Trimmed average of values in readout-channel 2 = 5.613877
Trimmed average of values in readout-channel 3 = 5.957378
Trimmed average of values in readout-channel 4 = 5.917763
Darkdrift background term = 5.736206
...for data plane = 15
Darkdrift correction for readout-channel 1 = 0.171664
Darkdrift correction for readout-channel 2 = 0.131959
Darkdrift correction for readout-channel 3 = -0.204983
Darkdrift correction for readout-channel 4 = -0.098640
Darkdrift uncertainty for readout-channel 1 = 0.302960
Darkdrift uncertainty for readout-channel 2 = 0.303794
Darkdrift uncertainty for readout-channel 3 = 0.303053
Darkdrift uncertainty for readout-channel 4 = 0.303265
Trimmed average of values in readout-channel 1 = 5.376072
Trimmed average of values in readout-channel 2 = 5.336366
Trimmed average of values in readout-channel 3 = 4.999424
Trimmed average of values in readout-channel 4 = 5.105768
Darkdrift background term = 5.204407
...for data plane = 16
Darkdrift correction for readout-channel 1 = -0.038587
Darkdrift correction for readout-channel 2 = -0.155689
Darkdrift correction for readout-channel 3 = -0.043869
Darkdrift correction for readout-channel 4 = 0.238145
Darkdrift uncertainty for readout-channel 1 = 0.303225
Darkdrift uncertainty for readout-channel 2 = 0.302964
Darkdrift uncertainty for readout-channel 3 = 0.340892
Darkdrift uncertainty for readout-channel 4 = 0.303484
Trimmed average of values in readout-channel 1 = 5.857526
Trimmed average of values in readout-channel 2 = 5.740423
Trimmed average of values in readout-channel 3 = 5.852243
Trimmed average of values in readout-channel 4 = 6.134258
Darkdrift background term = 5.896113
...for data plane = 17
Darkdrift correction for readout-channel 1 = -0.186442
Darkdrift correction for readout-channel 2 = -0.325476
Darkdrift correction for readout-channel 3 = 0.078762
Darkdrift correction for readout-channel 4 = 0.433157
Darkdrift uncertainty for readout-channel 1 = 0.303108
Darkdrift uncertainty for readout-channel 2 = 0.301882
Darkdrift uncertainty for readout-channel 3 = 0.303290
Darkdrift uncertainty for readout-channel 4 = 0.302810
Trimmed average of values in readout-channel 1 = 5.854971
Trimmed average of values in readout-channel 2 = 5.715937
Trimmed average of values in readout-channel 3 = 6.120175
Trimmed average of values in readout-channel 4 = 6.474570
Darkdrift background term = 6.041413
...for data plane = 18
Darkdrift correction for readout-channel 1 = 0.149762
Darkdrift correction for readout-channel 2 = -0.123121
Darkdrift correction for readout-channel 3 = 0.235424
Darkdrift correction for readout-channel 4 = -0.262066
Darkdrift uncertainty for readout-channel 1 = 0.302265
Darkdrift uncertainty for readout-channel 2 = 0.302163
Darkdrift uncertainty for readout-channel 3 = 0.378089
Darkdrift uncertainty for readout-channel 4 = 0.302974
Trimmed average of values in readout-channel 1 = 5.963233
Trimmed average of values in readout-channel 2 = 5.690350
Trimmed average of values in readout-channel 3 = 6.048895
Trimmed average of values in readout-channel 4 = 5.551405
Darkdrift background term = 5.813471
...for data plane = 19
Darkdrift correction for readout-channel 1 = -0.015987
Darkdrift correction for readout-channel 2 = 0.206868
Darkdrift correction for readout-channel 3 = -0.208733
Darkdrift correction for readout-channel 4 = 0.017852
Darkdrift uncertainty for readout-channel 1 = 0.228524
Darkdrift uncertainty for readout-channel 2 = 0.303544
Darkdrift uncertainty for readout-channel 3 = 0.303214
Darkdrift uncertainty for readout-channel 4 = 0.302976
Trimmed average of values in readout-channel 1 = 5.935815
Trimmed average of values in readout-channel 2 = 6.158669
Trimmed average of values in readout-channel 3 = 5.743069
Trimmed average of values in readout-channel 4 = 5.969654
Darkdrift background term = 5.951802
...for data plane = 20
Darkdrift correction for readout-channel 1 = -0.011210
Darkdrift correction for readout-channel 2 = -0.590094
Darkdrift correction for readout-channel 3 = 0.050262
Darkdrift correction for readout-channel 4 = 0.551043
Darkdrift uncertainty for readout-channel 1 = 0.303341
Darkdrift uncertainty for readout-channel 2 = 0.302976
Darkdrift uncertainty for readout-channel 3 = 0.302467
Darkdrift uncertainty for readout-channel 4 = 0.303059
Trimmed average of values in readout-channel 1 = 5.585455
Trimmed average of values in readout-channel 2 = 5.006571
Trimmed average of values in readout-channel 3 = 5.646927
Trimmed average of values in readout-channel 4 = 6.147708
Darkdrift background term = 5.596665
...for data plane = 21
Darkdrift correction for readout-channel 1 = 0.687530
Darkdrift correction for readout-channel 2 = -0.199565
Darkdrift correction for readout-channel 3 = 0.070282
Darkdrift correction for readout-channel 4 = -0.558248
Darkdrift uncertainty for readout-channel 1 = 0.303752
Darkdrift uncertainty for readout-channel 2 = 0.302183
Darkdrift uncertainty for readout-channel 3 = 0.302974
Darkdrift uncertainty for readout-channel 4 = 0.302975
Trimmed average of values in readout-channel 1 = 7.056859
Trimmed average of values in readout-channel 2 = 6.169764
Trimmed average of values in readout-channel 3 = 6.439610
Trimmed average of values in readout-channel 4 = 5.811081
Darkdrift background term = 6.369328
...for data plane = 22
Darkdrift correction for readout-channel 1 = -0.190958
Darkdrift correction for readout-channel 2 = -0.149324
Darkdrift correction for readout-channel 3 = 0.007620
Darkdrift correction for readout-channel 4 = 0.332663
Darkdrift uncertainty for readout-channel 1 = 0.302713
Darkdrift uncertainty for readout-channel 2 = 0.300217
Darkdrift uncertainty for readout-channel 3 = 0.303052
Darkdrift uncertainty for readout-channel 4 = 0.303060
Trimmed average of values in readout-channel 1 = 5.615799
Trimmed average of values in readout-channel 2 = 5.657432
Trimmed average of values in readout-channel 3 = 5.814377
Trimmed average of values in readout-channel 4 = 6.139420
Darkdrift background term = 5.806757
...for data plane = 23
Darkdrift correction for readout-channel 1 = 0.159755
Darkdrift correction for readout-channel 2 = -0.091310
Darkdrift correction for readout-channel 3 = 0.012013
Darkdrift correction for readout-channel 4 = -0.080458
Darkdrift uncertainty for readout-channel 1 = 0.303706
Darkdrift uncertainty for readout-channel 2 = 0.300760
Darkdrift uncertainty for readout-channel 3 = 0.303213
Darkdrift uncertainty for readout-channel 4 = 0.303393
Trimmed average of values in readout-channel 1 = 6.055760
Trimmed average of values in readout-channel 2 = 5.804695
Trimmed average of values in readout-channel 3 = 5.908018
Trimmed average of values in readout-channel 4 = 5.815548
Darkdrift background term = 5.896005
...for data plane = 24
Darkdrift correction for readout-channel 1 = -0.321667
Darkdrift correction for readout-channel 2 = -0.120515
Darkdrift correction for readout-channel 3 = -0.062946
Darkdrift correction for readout-channel 4 = 0.505128
Darkdrift uncertainty for readout-channel 1 = 0.378456
Darkdrift uncertainty for readout-channel 2 = 0.303092
Darkdrift uncertainty for readout-channel 3 = 0.302979
Darkdrift uncertainty for readout-channel 4 = 0.302987
Trimmed average of values in readout-channel 1 = 5.354454
Trimmed average of values in readout-channel 2 = 5.555606
Trimmed average of values in readout-channel 3 = 5.613175
Trimmed average of values in readout-channel 4 = 6.181248
Darkdrift background term = 5.676121
...for data plane = 25
Darkdrift correction for readout-channel 1 = -0.503142
Darkdrift correction for readout-channel 2 = -0.005229
Darkdrift correction for readout-channel 3 = 0.101956
Darkdrift correction for readout-channel 4 = 0.406415
Darkdrift uncertainty for readout-channel 1 = 0.303455
Darkdrift uncertainty for readout-channel 2 = 0.304632
Darkdrift uncertainty for readout-channel 3 = 0.303290
Darkdrift uncertainty for readout-channel 4 = 0.302982
Trimmed average of values in readout-channel 1 = 5.579755
Trimmed average of values in readout-channel 2 = 6.077668
Trimmed average of values in readout-channel 3 = 6.184853
Trimmed average of values in readout-channel 4 = 6.489312
Darkdrift background term = 6.082897
...for data plane = 26
Darkdrift correction for readout-channel 1 = 0.002138
Darkdrift correction for readout-channel 2 = -0.301184
Darkdrift correction for readout-channel 3 = -0.103028
Darkdrift correction for readout-channel 4 = 0.402073
Darkdrift uncertainty for readout-channel 1 = 0.303102
Darkdrift uncertainty for readout-channel 2 = 0.301871
Darkdrift uncertainty for readout-channel 3 = 0.302966
Darkdrift uncertainty for readout-channel 4 = 0.302977
Trimmed average of values in readout-channel 1 = 5.852398
Trimmed average of values in readout-channel 2 = 5.549076
Trimmed average of values in readout-channel 3 = 5.747233
Trimmed average of values in readout-channel 4 = 6.252334
Darkdrift background term = 5.850260
...for data plane = 27
Darkdrift correction for readout-channel 1 = -0.031063
Darkdrift correction for readout-channel 2 = 0.367240
Darkdrift correction for readout-channel 3 = -0.442243
Darkdrift correction for readout-channel 4 = 0.106065
Darkdrift uncertainty for readout-channel 1 = 0.303232
Darkdrift uncertainty for readout-channel 2 = 0.302969
Darkdrift uncertainty for readout-channel 3 = 0.341127
Darkdrift uncertainty for readout-channel 4 = 0.302982
Trimmed average of values in readout-channel 1 = 5.597949
Trimmed average of values in readout-channel 2 = 5.996252
Trimmed average of values in readout-channel 3 = 5.186769
Trimmed average of values in readout-channel 4 = 5.735077
Darkdrift background term = 5.629012
...for data plane = 28
Darkdrift correction for readout-channel 1 = 0.126365
Darkdrift correction for readout-channel 2 = -0.573595
Darkdrift correction for readout-channel 3 = 0.070449
Darkdrift correction for readout-channel 4 = 0.376781
Darkdrift uncertainty for readout-channel 1 = 0.303366
Darkdrift uncertainty for readout-channel 2 = 0.303241
Darkdrift uncertainty for readout-channel 3 = 0.378715
Darkdrift uncertainty for readout-channel 4 = 0.378380
Trimmed average of values in readout-channel 1 = 6.042295
Trimmed average of values in readout-channel 2 = 5.342335
Trimmed average of values in readout-channel 3 = 5.986380
Trimmed average of values in readout-channel 4 = 6.292711
Darkdrift background term = 5.915930
...for data plane = 29
Darkdrift correction for readout-channel 1 = 0.141484
Darkdrift correction for readout-channel 2 = -0.520904
Darkdrift correction for readout-channel 3 = 0.251498
Darkdrift correction for readout-channel 4 = 0.127922
Darkdrift uncertainty for readout-channel 1 = 0.303232
Darkdrift uncertainty for readout-channel 2 = 0.302701
Darkdrift uncertainty for readout-channel 3 = 0.303466
Darkdrift uncertainty for readout-channel 4 = 0.301372
Trimmed average of values in readout-channel 1 = 6.143718
Trimmed average of values in readout-channel 2 = 5.481330
Trimmed average of values in readout-channel 3 = 6.253732
Trimmed average of values in readout-channel 4 = 6.130156
Darkdrift background term = 6.002234
...for data plane = 30
Darkdrift correction for readout-channel 1 = 0.132366
Darkdrift correction for readout-channel 2 = -0.037432
Darkdrift correction for readout-channel 3 = -0.155691
Darkdrift correction for readout-channel 4 = 0.060756
Darkdrift uncertainty for readout-channel 1 = 0.303367
Darkdrift uncertainty for readout-channel 2 = 0.302996
Darkdrift uncertainty for readout-channel 3 = 0.303048
Darkdrift uncertainty for readout-channel 4 = 0.303219
Trimmed average of values in readout-channel 1 = 5.792144
Trimmed average of values in readout-channel 2 = 5.622345
Trimmed average of values in readout-channel 3 = 5.504086
Trimmed average of values in readout-channel 4 = 5.720533
Darkdrift background term = 5.659777
...for data plane = 31
Darkdrift correction for readout-channel 1 = -0.270849
Darkdrift correction for readout-channel 2 = -0.638828
Darkdrift correction for readout-channel 3 = 0.109965
Darkdrift correction for readout-channel 4 = 0.799712
Darkdrift uncertainty for readout-channel 1 = 0.302842
Darkdrift uncertainty for readout-channel 2 = 0.301864
Darkdrift uncertainty for readout-channel 3 = 0.303481
Darkdrift uncertainty for readout-channel 4 = 0.302645
Trimmed average of values in readout-channel 1 = 5.365395
Trimmed average of values in readout-channel 2 = 4.997417
Trimmed average of values in readout-channel 3 = 5.746210
Trimmed average of values in readout-channel 4 = 6.435957
Darkdrift background term = 5.636245
...for data plane = 32
Darkdrift correction for readout-channel 1 = 0.094609
Darkdrift correction for readout-channel 2 = -0.218888
Darkdrift correction for readout-channel 3 = -0.251321
Darkdrift correction for readout-channel 4 = 0.375600
Darkdrift uncertainty for readout-channel 1 = 0.302853
Darkdrift uncertainty for readout-channel 2 = 0.302426
Darkdrift uncertainty for readout-channel 3 = 0.302970
Darkdrift uncertainty for readout-channel 4 = 0.303740
Trimmed average of values in readout-channel 1 = 5.713827
Trimmed average of values in readout-channel 2 = 5.400331
Trimmed average of values in readout-channel 3 = 5.367897
Trimmed average of values in readout-channel 4 = 5.994819
Darkdrift background term = 5.619219
...for data plane = 33
Darkdrift correction for readout-channel 1 = 0.051690
Darkdrift correction for readout-channel 2 = -0.061376
Darkdrift correction for readout-channel 3 = -0.399819
Darkdrift correction for readout-channel 4 = 0.409505
Darkdrift uncertainty for readout-channel 1 = 0.302974
Darkdrift uncertainty for readout-channel 2 = 0.302973
Darkdrift uncertainty for readout-channel 3 = 0.302981
Darkdrift uncertainty for readout-channel 4 = 0.303222
Trimmed average of values in readout-channel 1 = 5.971517
Trimmed average of values in readout-channel 2 = 5.858451
Trimmed average of values in readout-channel 3 = 5.520007
Trimmed average of values in readout-channel 4 = 6.329331
Darkdrift background term = 5.919826
...for data plane = 34
Darkdrift correction for readout-channel 1 = -0.007426
Darkdrift correction for readout-channel 2 = 0.097833
Darkdrift correction for readout-channel 3 = 0.176408
Darkdrift correction for readout-channel 4 = -0.266816
Darkdrift uncertainty for readout-channel 1 = 0.302972
Darkdrift uncertainty for readout-channel 2 = 0.302990
Darkdrift uncertainty for readout-channel 3 = 0.303307
Darkdrift uncertainty for readout-channel 4 = 0.378208
Trimmed average of values in readout-channel 1 = 6.023398
Trimmed average of values in readout-channel 2 = 6.128656
Trimmed average of values in readout-channel 3 = 6.207232
Trimmed average of values in readout-channel 4 = 5.764008
Darkdrift background term = 6.030823
...for data plane = 35
Darkdrift correction for readout-channel 1 = 0.335849
Darkdrift correction for readout-channel 2 = -0.323403
Darkdrift correction for readout-channel 3 = -0.407676
Darkdrift correction for readout-channel 4 = 0.395230
Darkdrift uncertainty for readout-channel 1 = 0.302978
Darkdrift uncertainty for readout-channel 2 = 0.303517
Darkdrift uncertainty for readout-channel 3 = 0.302980
Darkdrift uncertainty for readout-channel 4 = 0.302982
Trimmed average of values in readout-channel 1 = 5.892204
Trimmed average of values in readout-channel 2 = 5.232952
Trimmed average of values in readout-channel 3 = 5.148679
Trimmed average of values in readout-channel 4 = 5.951586
Darkdrift background term = 5.556355
...for data plane = 36
Darkdrift correction for readout-channel 1 = -0.115745
Darkdrift correction for readout-channel 2 = -0.261714
Darkdrift correction for readout-channel 3 = 0.142436
Darkdrift correction for readout-channel 4 = 0.235023
Darkdrift uncertainty for readout-channel 1 = 0.302970
Darkdrift uncertainty for readout-channel 2 = 0.303249
Darkdrift uncertainty for readout-channel 3 = 0.373489
Darkdrift uncertainty for readout-channel 4 = 0.303220
Trimmed average of values in readout-channel 1 = 5.629445
Trimmed average of values in readout-channel 2 = 5.483477
Trimmed average of values in readout-channel 3 = 5.887627
Trimmed average of values in readout-channel 4 = 5.980213
Darkdrift background term = 5.745190
...for data plane = 37
Darkdrift correction for readout-channel 1 = 0.001156
Darkdrift correction for readout-channel 2 = -0.322700
Darkdrift correction for readout-channel 3 = 0.299126
Darkdrift correction for readout-channel 4 = 0.022417
Darkdrift uncertainty for readout-channel 1 = 0.303237
Darkdrift uncertainty for readout-channel 2 = 0.303268
Darkdrift uncertainty for readout-channel 3 = 0.303454
Darkdrift uncertainty for readout-channel 4 = 0.302987
Trimmed average of values in readout-channel 1 = 5.493088
Trimmed average of values in readout-channel 2 = 5.169232
Trimmed average of values in readout-channel 3 = 5.791059
Trimmed average of values in readout-channel 4 = 5.514349
Darkdrift background term = 5.491932
...for data plane = 38
Darkdrift correction for readout-channel 1 = 0.275171
Darkdrift correction for readout-channel 2 = -0.291131
Darkdrift correction for readout-channel 3 = -0.072163
Darkdrift correction for readout-channel 4 = 0.088123
Darkdrift uncertainty for readout-channel 1 = 0.303376
Darkdrift uncertainty for readout-channel 2 = 0.302968
Darkdrift uncertainty for readout-channel 3 = 0.303407
Darkdrift uncertainty for readout-channel 4 = 0.303134
Trimmed average of values in readout-channel 1 = 6.077020
Trimmed average of values in readout-channel 2 = 5.510718
Trimmed average of values in readout-channel 3 = 5.729686
Trimmed average of values in readout-channel 4 = 5.889972
Darkdrift background term = 5.801849
...for data plane = 39
Darkdrift correction for readout-channel 1 = 0.022905
Darkdrift correction for readout-channel 2 = 0.359624
Darkdrift correction for readout-channel 3 = 0.085720
Darkdrift correction for readout-channel 4 = -0.468249
Darkdrift uncertainty for readout-channel 1 = 0.302977
Darkdrift uncertainty for readout-channel 2 = 0.302994
Darkdrift uncertainty for readout-channel 3 = 0.303511
Darkdrift uncertainty for readout-channel 4 = 0.303458
Trimmed average of values in readout-channel 1 = 5.866123
Trimmed average of values in readout-channel 2 = 6.202842
Trimmed average of values in readout-channel 3 = 5.928937
Trimmed average of values in readout-channel 4 = 5.374968
Darkdrift background term = 5.843218
...for data plane = 40
Darkdrift correction for readout-channel 1 = -0.264116
Darkdrift correction for readout-channel 2 = -0.373787
Darkdrift correction for readout-channel 3 = 0.315239
Darkdrift correction for readout-channel 4 = 0.322664
Darkdrift uncertainty for readout-channel 1 = 0.302971
Darkdrift uncertainty for readout-channel 2 = 0.303527
Darkdrift uncertainty for readout-channel 3 = 0.303051
Darkdrift uncertainty for readout-channel 4 = 0.303380
Trimmed average of values in readout-channel 1 = 5.259713
Trimmed average of values in readout-channel 2 = 5.150042
Trimmed average of values in readout-channel 3 = 5.839068
Trimmed average of values in readout-channel 4 = 5.846493
Darkdrift background term = 5.523829
...for data plane = 41
Darkdrift correction for readout-channel 1 = 0.016034
Darkdrift correction for readout-channel 2 = -0.076073
Darkdrift correction for readout-channel 3 = -0.106571
Darkdrift correction for readout-channel 4 = 0.166610
Darkdrift uncertainty for readout-channel 1 = 0.302597
Darkdrift uncertainty for readout-channel 2 = 0.229434
Darkdrift uncertainty for readout-channel 3 = 0.302972
Darkdrift uncertainty for readout-channel 4 = 0.302983
Trimmed average of values in readout-channel 1 = 5.600006
Trimmed average of values in readout-channel 2 = 5.507899
Trimmed average of values in readout-channel 3 = 5.477400
Trimmed average of values in readout-channel 4 = 5.750582
Darkdrift background term = 5.583972
...for data plane = 42
Darkdrift correction for readout-channel 1 = -0.018185
Darkdrift correction for readout-channel 2 = 0.015194
Darkdrift correction for readout-channel 3 = 0.042266
Darkdrift correction for readout-channel 4 = -0.039275
Darkdrift uncertainty for readout-channel 1 = 0.302968
Darkdrift uncertainty for readout-channel 2 = 0.300775
Darkdrift uncertainty for readout-channel 3 = 0.303467
Darkdrift uncertainty for readout-channel 4 = 0.302955
Trimmed average of values in readout-channel 1 = 6.001790
Trimmed average of values in readout-channel 2 = 6.035169
Trimmed average of values in readout-channel 3 = 6.062240
Trimmed average of values in readout-channel 4 = 5.980700
Darkdrift background term = 6.019975
...for data plane = 43
Darkdrift correction for readout-channel 1 = 0.193942
Darkdrift correction for readout-channel 2 = -0.455711
Darkdrift correction for readout-channel 3 = 0.000834
Darkdrift correction for readout-channel 4 = 0.260935
Darkdrift uncertainty for readout-channel 1 = 0.302968
Darkdrift uncertainty for readout-channel 2 = 0.302987
Darkdrift uncertainty for readout-channel 3 = 0.302975
Darkdrift uncertainty for readout-channel 4 = 0.302900
Trimmed average of values in readout-channel 1 = 5.869335
Trimmed average of values in readout-channel 2 = 5.219682
Trimmed average of values in readout-channel 3 = 5.676227
Trimmed average of values in readout-channel 4 = 5.936329
Darkdrift background term = 5.675393
...for data plane = 44
Darkdrift correction for readout-channel 1 = 0.180489
Darkdrift correction for readout-channel 2 = -0.683435
Darkdrift correction for readout-channel 3 = 0.198489
Darkdrift correction for readout-channel 4 = 0.304457
Darkdrift uncertainty for readout-channel 1 = 0.302976
Darkdrift uncertainty for readout-channel 2 = 0.302977
Darkdrift uncertainty for readout-channel 3 = 0.304589
Darkdrift uncertainty for readout-channel 4 = 0.303376
Trimmed average of values in readout-channel 1 = 5.653467
Trimmed average of values in readout-channel 2 = 4.789543
Trimmed average of values in readout-channel 3 = 5.671467
Trimmed average of values in readout-channel 4 = 5.777435
Darkdrift background term = 5.472978
...for data plane = 45
Darkdrift correction for readout-channel 1 = 0.097540
Darkdrift correction for readout-channel 2 = -0.340503
Darkdrift correction for readout-channel 3 = 0.168664
Darkdrift correction for readout-channel 4 = 0.074299
Darkdrift uncertainty for readout-channel 1 = 0.302991
Darkdrift uncertainty for readout-channel 2 = 0.302973
Darkdrift uncertainty for readout-channel 3 = 0.303217
Darkdrift uncertainty for readout-channel 4 = 0.302959
Trimmed average of values in readout-channel 1 = 5.702780
Trimmed average of values in readout-channel 2 = 5.264737
Trimmed average of values in readout-channel 3 = 5.773904
Trimmed average of values in readout-channel 4 = 5.679539
Darkdrift background term = 5.605240
...for data plane = 46
Darkdrift correction for readout-channel 1 = 0.532193
Darkdrift correction for readout-channel 2 = -0.527137
Darkdrift correction for readout-channel 3 = -0.391428
Darkdrift correction for readout-channel 4 = 0.386373
Darkdrift uncertainty for readout-channel 1 = 0.302853
Darkdrift uncertainty for readout-channel 2 = 0.302419
Darkdrift uncertainty for readout-channel 3 = 0.302975
Darkdrift uncertainty for readout-channel 4 = 0.303715
Trimmed average of values in readout-channel 1 = 6.193434
Trimmed average of values in readout-channel 2 = 5.134104
Trimmed average of values in readout-channel 3 = 5.269813
Trimmed average of values in readout-channel 4 = 6.047614
Darkdrift background term = 5.661242
...for data plane = 47
Darkdrift correction for readout-channel 1 = 0.058003
Darkdrift correction for readout-channel 2 = -0.189970
Darkdrift correction for readout-channel 3 = 0.111068
Darkdrift correction for readout-channel 4 = 0.020899
Darkdrift uncertainty for readout-channel 1 = 0.303455
Darkdrift uncertainty for readout-channel 2 = 0.303812
Darkdrift uncertainty for readout-channel 3 = 0.303367
Darkdrift uncertainty for readout-channel 4 = 0.303695
Trimmed average of values in readout-channel 1 = 5.810229
Trimmed average of values in readout-channel 2 = 5.562255
Trimmed average of values in readout-channel 3 = 5.863294
Trimmed average of values in readout-channel 4 = 5.773125
Darkdrift background term = 5.752226
...for data plane = 48
Darkdrift correction for readout-channel 1 = -0.088581
Darkdrift correction for readout-channel 2 = -0.499277
Darkdrift correction for readout-channel 3 = 0.182860
Darkdrift correction for readout-channel 4 = 0.404998
Darkdrift uncertainty for readout-channel 1 = 0.303226
Darkdrift uncertainty for readout-channel 2 = 0.301592
Darkdrift uncertainty for readout-channel 3 = 0.303013
Darkdrift uncertainty for readout-channel 4 = 0.302880
Trimmed average of values in readout-channel 1 = 5.491709
Trimmed average of values in readout-channel 2 = 5.081013
Trimmed average of values in readout-channel 3 = 5.763149
Trimmed average of values in readout-channel 4 = 5.985288
Darkdrift background term = 5.580290
...for data plane = 49
Darkdrift correction for readout-channel 1 = 0.281435
Darkdrift correction for readout-channel 2 = 0.029910
Darkdrift correction for readout-channel 3 = 0.011118
Darkdrift correction for readout-channel 4 = -0.322463
Darkdrift uncertainty for readout-channel 1 = 0.304147
Darkdrift uncertainty for readout-channel 2 = 0.302981
Darkdrift uncertainty for readout-channel 3 = 0.303114
Darkdrift uncertainty for readout-channel 4 = 0.302983
Trimmed average of values in readout-channel 1 = 5.841121
Trimmed average of values in readout-channel 2 = 5.589596
Trimmed average of values in readout-channel 3 = 5.570804
Trimmed average of values in readout-channel 4 = 5.237223
Darkdrift background term = 5.559686
...for data plane = 50
Darkdrift correction for readout-channel 1 = -0.557037
Darkdrift correction for readout-channel 2 = -0.080899
Darkdrift correction for readout-channel 3 = 0.542759
Darkdrift correction for readout-channel 4 = 0.095177
Darkdrift uncertainty for readout-channel 1 = 0.303023
Darkdrift uncertainty for readout-channel 2 = 0.304213
Darkdrift uncertainty for readout-channel 3 = 0.302912
Darkdrift uncertainty for readout-channel 4 = 0.302892
Trimmed average of values in readout-channel 1 = 5.105396
Trimmed average of values in readout-channel 2 = 5.581533
Trimmed average of values in readout-channel 3 = 6.205191
Trimmed average of values in readout-channel 4 = 5.757610
Darkdrift background term = 5.662433
...for data plane = 51
Darkdrift correction for readout-channel 1 = -0.025261
Darkdrift correction for readout-channel 2 = -0.178088
Darkdrift correction for readout-channel 3 = -0.171167
Darkdrift correction for readout-channel 4 = 0.374516
Darkdrift uncertainty for readout-channel 1 = 0.303227
Darkdrift uncertainty for readout-channel 2 = 0.302700
Darkdrift uncertainty for readout-channel 3 = 0.302980
Darkdrift uncertainty for readout-channel 4 = 0.303232
Trimmed average of values in readout-channel 1 = 5.712538
Trimmed average of values in readout-channel 2 = 5.559711
Trimmed average of values in readout-channel 3 = 5.566632
Trimmed average of values in readout-channel 4 = 6.112316
Darkdrift background term = 5.737799
...for data plane = 52
Darkdrift correction for readout-channel 1 = 0.166875
Darkdrift correction for readout-channel 2 = -0.544249
Darkdrift correction for readout-channel 3 = 0.248535
Darkdrift correction for readout-channel 4 = 0.128839
Darkdrift uncertainty for readout-channel 1 = 0.302835
Darkdrift uncertainty for readout-channel 2 = 0.302989
Darkdrift uncertainty for readout-channel 3 = 0.302961
Darkdrift uncertainty for readout-channel 4 = 0.302974
Trimmed average of values in readout-channel 1 = 5.861776
Trimmed average of values in readout-channel 2 = 5.150652
Trimmed average of values in readout-channel 3 = 5.943436
Trimmed average of values in readout-channel 4 = 5.823740
Darkdrift background term = 5.694901
...for data plane = 53
Darkdrift correction for readout-channel 1 = -0.005155
Darkdrift correction for readout-channel 2 = -0.055892
Darkdrift correction for readout-channel 3 = -0.323554
Darkdrift correction for readout-channel 4 = 0.384601
Darkdrift uncertainty for readout-channel 1 = 0.303479
Darkdrift uncertainty for readout-channel 2 = 0.303250
Darkdrift uncertainty for readout-channel 3 = 0.302981
Darkdrift uncertainty for readout-channel 4 = 0.302975
Trimmed average of values in readout-channel 1 = 5.521542
Trimmed average of values in readout-channel 2 = 5.470805
Trimmed average of values in readout-channel 3 = 5.203143
Trimmed average of values in readout-channel 4 = 5.911298
Darkdrift background term = 5.526697
...for data plane = 54
Darkdrift correction for readout-channel 1 = 0.174801
Darkdrift correction for readout-channel 2 = -0.152342
Darkdrift correction for readout-channel 3 = -0.237442
Darkdrift correction for readout-channel 4 = 0.214983
Darkdrift uncertainty for readout-channel 1 = 0.302995
Darkdrift uncertainty for readout-channel 2 = 0.303792
Darkdrift uncertainty for readout-channel 3 = 0.303209
Darkdrift uncertainty for readout-channel 4 = 0.303141
Trimmed average of values in readout-channel 1 = 6.168437
Trimmed average of values in readout-channel 2 = 5.841294
Trimmed average of values in readout-channel 3 = 5.756194
Trimmed average of values in readout-channel 4 = 6.208619
Darkdrift background term = 5.993636
...for data plane = 55
Darkdrift correction for readout-channel 1 = -0.197966
Darkdrift correction for readout-channel 2 = 0.007728
Darkdrift correction for readout-channel 3 = 0.094274
Darkdrift correction for readout-channel 4 = 0.095964
Darkdrift uncertainty for readout-channel 1 = 0.302979
Darkdrift uncertainty for readout-channel 2 = 0.302979
Darkdrift uncertainty for readout-channel 3 = 0.302964
Darkdrift uncertainty for readout-channel 4 = 0.229007
Trimmed average of values in readout-channel 1 = 5.577571
Trimmed average of values in readout-channel 2 = 5.783264
Trimmed average of values in readout-channel 3 = 5.869811
Trimmed average of values in readout-channel 4 = 5.871500
Darkdrift background term = 5.775536
...for data plane = 56
Darkdrift correction for readout-channel 1 = -0.143813
Darkdrift correction for readout-channel 2 = 0.090618
Darkdrift correction for readout-channel 3 = 0.115352
Darkdrift correction for readout-channel 4 = -0.062157
Darkdrift uncertainty for readout-channel 1 = 0.303472
Darkdrift uncertainty for readout-channel 2 = 0.302423
Darkdrift uncertainty for readout-channel 3 = 0.303049
Darkdrift uncertainty for readout-channel 4 = 0.303898
Trimmed average of values in readout-channel 1 = 5.439025
Trimmed average of values in readout-channel 2 = 5.673457
Trimmed average of values in readout-channel 3 = 5.698191
Trimmed average of values in readout-channel 4 = 5.520682
Darkdrift background term = 5.582839
...for data plane = 57
Darkdrift correction for readout-channel 1 = -0.190129
Darkdrift correction for readout-channel 2 = 0.167297
Darkdrift correction for readout-channel 3 = -0.078729
Darkdrift correction for readout-channel 4 = 0.101561
Darkdrift uncertainty for readout-channel 1 = 0.228522
Darkdrift uncertainty for readout-channel 2 = 0.302979
Darkdrift uncertainty for readout-channel 3 = 0.303138
Darkdrift uncertainty for readout-channel 4 = 0.302979
Trimmed average of values in readout-channel 1 = 5.374496
Trimmed average of values in readout-channel 2 = 5.731922
Trimmed average of values in readout-channel 3 = 5.485897
Trimmed average of values in readout-channel 4 = 5.666187
Darkdrift background term = 5.564626
...for data plane = 58
Darkdrift correction for readout-channel 1 = 0.258954
Darkdrift correction for readout-channel 2 = -0.127833
Darkdrift correction for readout-channel 3 = -0.577187
Darkdrift correction for readout-channel 4 = 0.446066
Darkdrift uncertainty for readout-channel 1 = 0.303857
Darkdrift uncertainty for readout-channel 2 = 0.302429
Darkdrift uncertainty for readout-channel 3 = 0.303290
Darkdrift uncertainty for readout-channel 4 = 0.303146
Trimmed average of values in readout-channel 1 = 0.703123
Trimmed average of values in readout-channel 2 = 0.316336
Trimmed average of values in readout-channel 3 = -0.133017
Trimmed average of values in readout-channel 4 = 0.890236
Darkdrift background term = 0.444170
...for data plane = 59
Darkdrift correction for readout-channel 1 = -0.211435
Darkdrift correction for readout-channel 2 = -0.566471
Darkdrift correction for readout-channel 3 = 0.621458
Darkdrift correction for readout-channel 4 = 0.156447
Darkdrift uncertainty for readout-channel 1 = 0.304397
Darkdrift uncertainty for readout-channel 2 = 0.302969
Darkdrift uncertainty for readout-channel 3 = 0.303221
Darkdrift uncertainty for readout-channel 4 = 0.302981
Trimmed average of values in readout-channel 1 = 5.631096
Trimmed average of values in readout-channel 2 = 5.276060
Trimmed average of values in readout-channel 3 = 6.463989
Trimmed average of values in readout-channel 4 = 5.998978
Darkdrift background term = 5.842531
...for data plane = 60
Darkdrift correction for readout-channel 1 = -0.342055
Darkdrift correction for readout-channel 2 = -0.059759
Darkdrift correction for readout-channel 3 = 0.093399
Darkdrift correction for readout-channel 4 = 0.308416
Darkdrift uncertainty for readout-channel 1 = 0.302179
Darkdrift uncertainty for readout-channel 2 = 0.303519
Darkdrift uncertainty for readout-channel 3 = 0.303222
Darkdrift uncertainty for readout-channel 4 = 0.303619
Trimmed average of values in readout-channel 1 = 5.427933
Trimmed average of values in readout-channel 2 = 5.710229
Trimmed average of values in readout-channel 3 = 5.863387
Trimmed average of values in readout-channel 4 = 6.078404
Darkdrift background term = 5.769988
...for data plane = 61
Darkdrift correction for readout-channel 1 = 0.330411
Darkdrift correction for readout-channel 2 = -0.346086
Darkdrift correction for readout-channel 3 = -0.046767
Darkdrift correction for readout-channel 4 = 0.062442
Darkdrift uncertainty for readout-channel 1 = 0.303043
Darkdrift uncertainty for readout-channel 2 = 0.303281
Darkdrift uncertainty for readout-channel 3 = 0.378334
Darkdrift uncertainty for readout-channel 4 = 0.303736
Trimmed average of values in readout-channel 1 = 5.648882
Trimmed average of values in readout-channel 2 = 4.972384
Trimmed average of values in readout-channel 3 = 5.271703
Trimmed average of values in readout-channel 4 = 5.380912
Darkdrift background term = 5.318470
...for data plane = 62
Darkdrift correction for readout-channel 1 = 0.099928
Darkdrift correction for readout-channel 2 = -0.615857
Darkdrift correction for readout-channel 3 = 0.606396
Darkdrift correction for readout-channel 4 = -0.090467
Darkdrift uncertainty for readout-channel 1 = 0.302959
Darkdrift uncertainty for readout-channel 2 = 0.302992
Darkdrift uncertainty for readout-channel 3 = 0.302987
Darkdrift uncertainty for readout-channel 4 = 0.303047
Trimmed average of values in readout-channel 1 = 5.589010
Trimmed average of values in readout-channel 2 = 4.873224
Trimmed average of values in readout-channel 3 = 6.095478
Trimmed average of values in readout-channel 4 = 5.398615
Darkdrift background term = 5.489082
...for data plane = 63
Darkdrift correction for readout-channel 1 = 0.044208
Darkdrift correction for readout-channel 2 = -0.206329
Darkdrift correction for readout-channel 3 = -0.167493
Darkdrift correction for readout-channel 4 = 0.329613
Darkdrift uncertainty for readout-channel 1 = 0.304401
Darkdrift uncertainty for readout-channel 2 = 0.304101
Darkdrift uncertainty for readout-channel 3 = 0.302969
Darkdrift uncertainty for readout-channel 4 = 0.303561
Trimmed average of values in readout-channel 1 = 5.639741
Trimmed average of values in readout-channel 2 = 5.389204
Trimmed average of values in readout-channel 3 = 5.428041
Trimmed average of values in readout-channel 4 = 5.925147
Darkdrift background term = 5.595533
...for data plane = 64
Darkdrift correction for readout-channel 1 = 0.076319
Darkdrift correction for readout-channel 2 = -0.397806
Darkdrift correction for readout-channel 3 = 0.019652
Darkdrift correction for readout-channel 4 = 0.301835
Darkdrift uncertainty for readout-channel 1 = 0.303102
Darkdrift uncertainty for readout-channel 2 = 0.302972
Darkdrift uncertainty for readout-channel 3 = 0.303203
Darkdrift uncertainty for readout-channel 4 = 0.304418
Trimmed average of values in readout-channel 1 = 5.884432
Trimmed average of values in readout-channel 2 = 5.410307
Trimmed average of values in readout-channel 3 = 5.827764
Trimmed average of values in readout-channel 4 = 6.109948
Darkdrift background term = 5.808113

Program darkdrift: Status Message: 0x0000
Normal exit from Function 0x0000: LOG_WRITER
darkdrift Warning: NaN's were produced in the results.
A total of     2013   NaN's were produced in the results.
Processing time: 12.540000 seconds
Current date/time: Sat Jan  9 14:58:37 2016
Program darkdrift, version 4.1, terminated.

darkdrift   exit_value =   0    execution_time = 12.640s
******************************************************************
Pipeline executing flatap
flatap -i darkdrift.fits -p cal/pmask.fits -f cal/skyflat.fits -ui sig_darkdrift.fits -uo sig_flatap.fits -d dmask.fits -o flatap.fits -c cal/skyflat_cmask.fits 
******************************************************************
Pipeline Module FLATAP Version 1.5
Processing time Sat Jan  9 14:58:38 2016

flatap_parse_namelist: Information only: Namelist not specified.
Sat Jan  9 14:58:38 2016
flatap_log_writer: Could not open Log File, using stdout
Flatap Version 1.5
Namelist File  = 
Input DCE = darkdrift.fits
Output DCE = !flatap.fits
Flatfield = cal/skyflat.fits
Input Uncertainty = sig_darkdrift.fits
Output Uncertainty = !sig_flatap.fits
Pmask File = cal/pmask.fits
Pmask Mask = 128
Dmask File = dmask.fits
Dmask Mask = 16384
Cmask File = cal/skyflat_cmask.fits
Cmask Mask = 256
Trans CAL File = 
Trans CAL CMask File = 
Processing Log File = 
Time =    0.19 seconds
*********************

Time = 0.190 seconds
exit code 0

flatap   exit_value =   0    execution_time = 0.270s
******************************************************************
Pipeline executing imfliprot
imfliprot -i flatap.fits -n cdf/pn107.nl -a /sos/sw/S19.2.0/STUDIO/downlink/include -o imfliprot.fits 
******************************************************************

imfliprot_log_writer: Printing Log output to stdout

Program imfliprot, Version 1.0
Namelist File  = cdf/pn107.nl
Input File = flatap.fits
Output File = imfliprot.fits
Image has been flipped
Image Rotation (degrees)  = 180
Ancillary Data-File Path = /sos/sw/S19.2.0/STUDIO/downlink/include
Verbose flag = 0
Debug flag = 0
imfliprot Status Message      0x0000: Normal exit from Function 0x0000: LOG_WRITER
Processing time: 0.200000 seconds
Current date/time: Sat Jan  9 14:58:39 2016
Program imfliprot, version 1.0, terminated.


imfliprot   exit_value =   0    execution_time = 0.240s
******************************************************************
Pipeline executing imfliprot
imfliprot -i sig_flatap.fits -n cdf/pn107.nl -a /sos/sw/S19.2.0/STUDIO/downlink/include -o sig_imfliprot.fits 
******************************************************************

imfliprot_log_writer: Printing Log output to stdout

Program imfliprot, Version 1.0
Namelist File  = cdf/pn107.nl
Input File = sig_flatap.fits
Output File = sig_imfliprot.fits
Image has been flipped
Image Rotation (degrees)  = 180
Ancillary Data-File Path = /sos/sw/S19.2.0/STUDIO/downlink/include
Verbose flag = 0
Debug flag = 0
imfliprot Status Message      0x0000: Normal exit from Function 0x0000: LOG_WRITER
Processing time: 0.190000 seconds
Current date/time: Sat Jan  9 14:58:40 2016
Program imfliprot, version 1.0, terminated.


imfliprot   exit_value =   0    execution_time = 0.230s
******************************************************************
Pipeline executing imfliprot
imfliprot -i dmask.fits -n cdf/pn107.nl -a /sos/sw/S19.2.0/STUDIO/downlink/include -o temp_dmask.fits 
******************************************************************

imfliprot_log_writer: Printing Log output to stdout

Program imfliprot, Version 1.0
Namelist File  = cdf/pn107.nl
Input File = dmask.fits
Output File = temp_dmask.fits
Image has been flipped
Image Rotation (degrees)  = 180
Ancillary Data-File Path = /sos/sw/S19.2.0/STUDIO/downlink/include
Verbose flag = 0
Debug flag = 0
imfliprot Status Message      0x0000: Normal exit from Function 0x0000: LOG_WRITER
Processing time: 0.060000 seconds
Current date/time: Sat Jan  9 14:58:40 2016
Program imfliprot, version 1.0, terminated.


imfliprot   exit_value =   0    execution_time = 0.110s
******************************************************************
Pipeline executing imfliprot
imfliprot -i fowlinearize.fits -n cdf/pn107.nl -a /sos/sw/S19.2.0/STUDIO/downlink/include -o temp_fowlinearize.fits 
******************************************************************

imfliprot_log_writer: Printing Log output to stdout

Program imfliprot, Version 1.0
Namelist File  = cdf/pn107.nl
Input File = fowlinearize.fits
Output File = temp_fowlinearize.fits
Image has been flipped
Image Rotation (degrees)  = 180
Ancillary Data-File Path = /sos/sw/S19.2.0/STUDIO/downlink/include
Verbose flag = 0
Debug flag = 0
imfliprot Status Message      0x0000: Normal exit from Function 0x0000: LOG_WRITER
Processing time: 0.090000 seconds
Current date/time: Sat Jan  9 14:58:41 2016
Program imfliprot, version 1.0, terminated.


imfliprot   exit_value =   0    execution_time = 0.130s
******************************************************************
Pipeline executing imfliprot
imfliprot -i sig_fowlinearize.fits -n cdf/pn107.nl -a /sos/sw/S19.2.0/STUDIO/downlink/include -o temp_sig_fowlinearize.fits 
******************************************************************

imfliprot_log_writer: Printing Log output to stdout

Program imfliprot, Version 1.0
Namelist File  = cdf/pn107.nl
Input File = sig_fowlinearize.fits
Output File = temp_sig_fowlinearize.fits
Image has been flipped
Image Rotation (degrees)  = 180
Ancillary Data-File Path = /sos/sw/S19.2.0/STUDIO/downlink/include
Verbose flag = 0
Debug flag = 0
imfliprot Status Message      0x0000: Normal exit from Function 0x0000: LOG_WRITER
Processing time: 0.090000 seconds
Current date/time: Sat Jan  9 14:58:41 2016
Program imfliprot, version 1.0, terminated.


imfliprot   exit_value =   0    execution_time = 0.160s
******************************************************************
Pipeline executing dntoflux
dntoflux -i imfliprot.fits -iu sig_imfliprot.fits -n cdf/pn107.nl -co 0 -c 0.1447 -u 0.0000 -a /sos/sw/S19.2.0/STUDIO/downlink/include -o1 dntoflux.fits -ou sig_dntoflux.fits -t 1 
******************************************************************

Program dntoflux, Version 4.2
Namelist File  = cdf/pn107.nl
Input Image = imfliprot.fits
Output File 1 = dntoflux.fits
Output Uncertainty Image = sig_dntoflux.fits
Operation flag = 0
Conversion factor = 0.144700
Input Uncertainty Image = sig_imfliprot.fits
Conversion-factor uncertainty = 0.000000
Output BUNIT setting = MJy/sr
Normalize-by-EXPTIME Flag = 1
EXPTIME = 1.920000
Data-Plane Flag = 1
Ancillary Data-File Path = /sos/sw/S19.2.0/STUDIO/downlink/include
Verbose flag = 0
Super-verbose flag = 0
Debug flag = 0
Terminating data-units-conversion program.
dntoflux Status Message: 0x0000
Normal exit from Function 0x0000: LOG_WRITER
dntoflux Probs Warning: NaN's were produced in the results.
A total of     4026   NaN's were produced in the results.
Processing time: 0.500000 seconds
Current date/time: Sat Jan  9 14:58:43 2016
Program dntoflux, version 4.2, terminated.

dntoflux   exit_value =   0    execution_time = 0.660s
******************************************************************
Pipeline executing qatool
qatool -i dntoflux.fits -n cdf/pn107.nl -nb QATOOLBCD -a /sos/sw/S19.2.0/STUDIO/downlink/include -o qa/BCD_qatool 
******************************************************************
qatool_parse_namelist: Information only: Namelist block-name = &QATOOLBCD
Program qatool, Version 6.0
Namelist File  = cdf/pn107.nl
Input File = dntoflux.fits
Output Data Filename Base = qa/BCD_qatool
Statistics Group = 0
Percent-Scaling Flag = 0
Calculation Type = 1
(set-up to do additional computations for four readout channels)
Number of Mean Absolute Deviations for Histogram Half-Width Coverage = 5
Number of Bins in Histograms = 41
Central fraction for trimmed average = 0.810000
Central fraction for trimmed std. dev. = 0.720000
Bad-pixel tolerance fraction = 0.900000
Statistics Box X position = 3
Statistics Box Y position = 4
Statistics Box X width = 20
Statistics Box Y height = 23
Input-Image Transpose Flag = 1
Unsigned Integer Flag = 0
Data-Plane Flag = 1
Number Edge Rows/Cols Skipped = 2
Keyword Prefix = bcd
Ancillary Data-File Path = /sos/sw/S19.2.0/STUDIO/downlink/include
Verbose flag = 0
Super-verbose flag = 0
Debug flag = 0
Performed statistical and histogram calculations.
Program qatool: Status Message: 0x0000
Normal exit from Function 0x0000: LOG_WRITER
Processing time: 1.320000 seconds
Current date/time: Sat Jan  9 14:58:45 2016
Program qatool, version 6.0, terminated.

qatool   exit_value =   0    execution_time = 1.440s
******************************************************************
Pipeline executing chkmask
chkmask dmask.fits -q qa/BCD_qatool.qa 
******************************************************************
 chkmask vsn 1.35 A40312
 
 No. of occurrences of the   3 status combinations:
   2268 occurrences of   256 (8)                                 
   5 occurrences of   16 (4)                                 
     1 occurrence of   272 (4,8)                               
 
 Status Bit: No. of Pixels
   0:   0
   1:   0
   2:   0
   3:   0
   4:   6
   5:   0
   6:   0
   7:   0
   8:   2269
   9:   0
   10:   0
   11:   0
   12:   0
   13:   0
   14:   0
 

chkmask   exit_value =   0    execution_time = 0.370s
******************************************************************
Loading QA information for DCE and BCD product
Keyword APDUV1E not found in header
Keyword APDUV2E not found in header
Keyword APDUV3E not found in header
Keyword APDUI1E not found in header
Keyword APDUI2E not found in header
Keyword APDUI3E not found in header
Could not append keyword APDUV1E to QA file qa/DCE_qatool.qa
Could not append keyword APDUV2E to QA file qa/DCE_qatool.qa
Could not append keyword APDUV3E to QA file qa/DCE_qatool.qa
Could not append keyword APDUI1E to QA file qa/DCE_qatool.qa
Could not append keyword APDUI2E to QA file qa/DCE_qatool.qa
Could not append keyword APDUI3E to QA file qa/DCE_qatool.qa
******************************************************************
Pipeline executing qaloader
qaloader -i qa/DCE_qatool.qa -tablename qa_iracdce -o qa/qaloader.sql -role pipelineswrole 
******************************************************************
2016/01/09 14:58:49 BEGIN qaloader v1.13
 -i (QA_FILE) qa/DCE_qatool.qa
 -tablename (TABLENAME) qa_iracdce
 -o (SQL_FILE) qa/qaloader.sql
 -role (ROLE) pipelineswrole
Using metadata version 13.0b
table name=qa_iracdce

QA values ingested:
{-4.614100e+01} {}
dceAveFI_1       -4.614100e+01 
{-4.907527e+01} {}
dceAveR1_1       -4.907527e+01 
{-2.911706e+01} {}
dceAveR2_1       -2.911706e+01 
{-3.333503e+01} {}
dceAveR3_1       -3.333503e+01 
{-7.303663e+01} {}
dceAveR4_1       -7.303663e+01 
{-2.200000e+01} {-4.907527e+01}
dceMedFI_1       -2.200000e+01 
{3.096078e+02} {}
dceSdevFI_1      3.096078e+02 
{4.770400e+00} {}
dceDSclFI_1      4.770400e+00 
{-8.899000e+03} {}
dceMinFI_1       -8.899000e+03 
{1.600000e+01} {}
dceMaxFI_1       1.600000e+01 
{147809514} {}
DCEID            147809514 
{2} {-4.614100e+01}
CHNLNUM          2 
{0} {}
ADCEID           0 
{8} {}
AFOWLNUM         8 
{184} {}
AWAITPER         184 
{0} {}
AWEASIDE         0 
{1} {}
AREADMOD         1 
{27.699513} {}
AFPAT1B          27.699513 
{28.671007} {}
AFPAT2B          28.671007 
{0} {}
APEDSIG          0 
{0} {}
ATXSTAT          0 
{0} {}
AFLSTAT          0 
{4} {}
ASHSTAT          4 
{-3.5585} {}
AVRSTBEG         -3.5585 
{-3.0562209} {}
AVDETBEG         -3.0562209 
{-3.618536} {}
AVGG1BEG         -3.618536 
{-3.5499908} {}
AVDDUBEG         -3.5499908 
{0} {}
AVGGCBEG         0 
{21.474083} {}
ACTENDT          21.474083 
{19.621448} {}
AFPECTE          19.621448 
{22.99905} {}
AFPEATE          22.99905 
{23.943029} {}
ATCTEMPE         23.943029 
{21.413121} {}
ACETEMPE         21.413121 
{21.38264} {}
APDTEMPE         21.38264 
{27.671961} {}
ACATMP2E         27.671961 
2016/01/09 14:58:49 END   qaloader status=0

qaloader   exit_value =   0    execution_time = 0.100s
******************************************************************
Pipeline executing qaloader
qaloader -i qa/BCD_qatool.qa -tablename qa_iracdp -o qa/qaloader.sql 
******************************************************************
2016/01/09 14:58:50 BEGIN qaloader v1.13
 -i (QA_FILE) qa/BCD_qatool.qa
 -tablename (TABLENAME) qa_iracdp
 -o (SQL_FILE) qa/qaloader.sql
Using metadata version 13.0b
table name=qa_iracdp

QA values ingested:
{2.541829e+00} {}
bcdAveFI_1       2.541829e+00 
{4.032716e+00} {}
bcdAveUB_1       4.032716e+00 
{5.512508e-01} {}
bcdMedFI_1       5.512508e-01 
{6.721932e-01} {}
bcdMedUB_1       6.721932e-01 
{2.667446e+01} {}
bcdSdevFI_1      2.667446e+01 
{3.476076e+01} {}
bcdSdevUB_1      3.476076e+01 
{4.289404e-01} {}
bcdDSclFI_1      4.289404e-01 
{4.859194e-01} {}
bcdDSclUB_1      4.859194e-01 
{-9.832257e-01} {}
bcdMinFI_1       -9.832257e-01 
{-9.832257e-01} {}
bcdMinUB_1       -9.832257e-01 
{7.128412e+02} {}
bcdMaxFI_1       7.128412e+02 
{7.128412e+02} {}
bcdMaxUB_1       7.128412e+02 
{5.432462e-01} {}
bcdC68lFI_1      5.432462e-01 
{5.633352e-01} {}
bcdC68uFI_1      5.633352e-01 
{391693140} {}
DPID             391693140 
{2} {2.541829e+00}
CHNLNUM          2 
2016/01/09 14:58:50 END   qaloader status=0

qaloader   exit_value =   0    execution_time = 0.160s
******************************************************************
Pipeline executing dbaccess
dbaccess -e sodb qa/qaloader.sql 
******************************************************************
set role pipelineswrole;
set lock mode to wait 30;
EXECUTE PROCEDURE addQA_iracdce (147809514, NULL, NULL, 2, -4.614100e+01, 
-2.200000e+01, -4.907527e+01, -2.911706e+01, -3.333503e+01, -7.303663e+01, 
3.096078e+02, 4.770400e+00, -8.899000e+03, 1.600000e+01, 0, 8, 184, 0, 1, 
27.699513, 28.671007, 0, 0, 0, 4, -3.5585, -3.0562209, -3.618536, -3.5499908, 
0, 21.474083, 19.621448, 22.99905, 23.943029, 21.413121, 21.38264, 27.671961, 
NULL, NULL, NULL, NULL, NULL, NULL);
EXECUTE PROCEDURE addQA_iracdp (391693140, NULL, NULL, 2, 2.541829e+00, 
4.032716e+00, 5.512508e-01, 6.721932e-01, 2.667446e+01, 3.476076e+01, 
4.289404e-01, 4.859194e-01, -9.832257e-01, -9.832257e-01, 7.128412e+02, 
7.128412e+02, 5.432462e-01, 5.633352e-01, NULL, NULL, NULL, NULL, NULL, NULL);
execute procedure setDceTimeParameters (147809514, 1037050298.700, "2012-11-10 21:25:18.388", 1.92, 2.00);

dbaccess   exit_value =   0    execution_time = 0.170s
******************************************************************
Finishing IRAC science pipeline processing
Could not copy cal/firstframe_corr.fits to /sbx20/S19.2.0/archive/proc/full/IRAC033400/bcd/4568/0046471424/2/0092/0000/17/01/1/cal/firstframe_corr.fits
Could not copy imask.fits to /sbx20/S19.2.0/archive/proc/full/IRAC033400/bcd/4568/0046471424/2/0092/0000/17/01/1/imask.fits
Could not copy muxbleedcorr.fits to /sbx20/S19.2.0/archive/proc/full/IRAC033400/bcd/4568/0046471424/2/0092/0000/17/01/1/muxbleedcorr.fits
Could not copy slremove.fits to /sbx20/S19.2.0/archive/proc/full/IRAC033400/bcd/4568/0046471424/2/0092/0000/17/01/1/slremove.fits
******************************************************************
PlScriptID 17 exiting Saturday, January  9, 2016  2:58:53 PM PST
Host: sopipe61
Local Processing Directory: /scr7/S19.2.0/IRAC033400/bcd/4568/0046471424/2/0092/0000/17/01/1
Sandbox Directory: /sbx20/S19.2.0/archive/proc/full/IRAC033400/bcd/4568/0046471424/2/0092/0000/17/01/1
Processing time: total 31.28 s (user 0.97, system 0.99, child user 18.07, child system 11.25)
Pipeline exit code: Normal exit (0)
******************************************************************
