 hdrupd8 vsn 1.6  A70821
******************************************************************
Executing IRAC science pipeline
******************************************************************
Pipeline executing sanity_datatype
sanity_datatype -i ../fos16.fits -t1 cdf/sanity_datatype1.tbl -t2 cdf/sanity_datatype2.tbl -o1 qa/sanity_datatype1.tbl -o2 qa/sanity_datatype2.tbl 
******************************************************************
Program Sanity_datatype is started .... Version 1.0, Sat Jan  9 14:57:14 2016
Input Image File = ../fos16.fits
Input Data Table 1 = cdf/sanity_datatype1.tbl
Input Data Table 2 = cdf/sanity_datatype2.tbl
Output Filename1 = qa/sanity_datatype1.tbl
Output Filename2 = qa/sanity_datatype2.tbl
Log File = stdout
I_Debug = 0
I_Verbose = 0
I_SuperVerbose = 0
Processing time: 0.080000 seconds
Program Sanity_datatype is done. Version 1.0, Sat Jan  9 14:57:14 2016


sanity_datatype   exit_value =   0    execution_time = 0.320s
******************************************************************
Pipeline executing qatool
qatool -i ../fos16.fits -n cdf/pn107.nl -nb QATOOLDCE -a /sos/sw/S19.2.0/STUDIO/downlink/include -o qa/DCE_qatool 
******************************************************************
qatool_parse_namelist: Information only: Namelist block-name = &QATOOLDCE
Program qatool, Version 6.0
Namelist File  = cdf/pn107.nl
Input File = ../fos16.fits
Output Data Filename Base = qa/DCE_qatool
Statistics Group = 0
Percent-Scaling Flag = 0
Calculation Type = 1
(set-up to do additional computations for four readout channels)
Number of Mean Absolute Deviations for Histogram Half-Width Coverage = 5
Number of Bins in Histograms = 41
Central fraction for trimmed average = 0.810000
Central fraction for trimmed std. dev. = 0.720000
Bad-pixel tolerance fraction = 0.340000
Statistics Box X position = 3
Statistics Box Y position = 4
Statistics Box X width = 27
Statistics Box Y height = 33
Input-Image Transpose Flag = 1
Unsigned Integer Flag = 0
Data-Plane Flag = 1
Number Edge Rows/Cols Skipped = 10
Keyword Prefix = dce
Ancillary Data-File Path = /sos/sw/S19.2.0/STUDIO/downlink/include
Verbose flag = 0
Super-verbose flag = 0
Debug flag = 0
Performed statistical and histogram calculations.
Program qatool: Status Message: 0x0000
Normal exit from Function 0x0000: LOG_WRITER
Processing time: 0.720000 seconds
Current date/time: Sat Jan  9 14:57:15 2016
Program qatool, version 6.0, terminated.

qatool   exit_value =   0    execution_time = 0.810s
******************************************************************
Pipeline executing sanity_check
sanity_check -i qa/DCE_qatool.tbl -o qa/sanity_check.tbl 
******************************************************************
Program Sanity_check is started .... Version 1.0, Sat Jan  9 14:57:16 2016

Input File = qa/DCE_qatool.tbl
Output = qa/sanity_check.tbl
Processing time: 0.030000 seconds
Current date/time: Sat Jan  9 14:57:16 2016
Program Sanity_check, version 1.0, terminated.

sanity_check   exit_value =   0    execution_time = 0.270s
******************************************************************
Pipeline executing abad_repair
abad_repair -i ../fos16.fits -o abad_repair.fits 
******************************************************************
Pipeline Module ABAD_REPAIR Version 1.2
Processing time Sat Jan  9 14:57:16 2016

ABAD_READ_DATA: A0752D00 = 0
status from read: 1
npixs = 65536
enter output with 0
files ../fos16.fits !abad_repair.fits 
open output [!abad_repair.fits]
comment [Sat Jan  9 14:57:16 2016]
Time = 0.040 seconds
exit code 0

abad_repair   exit_value =   0    execution_time = 0.080s
******************************************************************
Pipeline executing tranhead
tranhead -i abad_repair.fits -n cdf/pn107.nl -k /scr/S19.2.0/cdf/ctd/telemetry_dictionary.dat -a /sos/sw/S19.2.0/STUDIO/downlink/include -o tranhead.fits -t, cdf/Keyword_Include_List.dat 
******************************************************************

Program tranhead, Version 13.2
Namelist File  = cdf/pn107.nl
Input File = abad_repair.fits
Dictionary File = /scr/S19.2.0/cdf/ctd/telemetry_dictionary.dat
CTD Version String = 3.0.94S
Keyword-Include-List File = cdf/Keyword_Include_List.dat
Translated-Keyword File = tranhead.hdr
CSPICE leapseconds kernel = /scr/S19.2.0/cdf/spice/leapseconds.ker
CSPICE SCLK_SCET kernel = /scr/S19.2.0/cdf/spice/sclk_scet.ker
CSPICE Spitzer Ephemeris = /scr/S19.2.0/cdf/spice/sirtf.bsp
CSPICE Planets Ephemeris = /scr/S19.2.0/cdf/spice/de.bsp
Output File = tranhead.fits
Operation Type = 1
FITS-Header Comment Flag = 1
SCLK correction factor = 1.000380
Ignore Frames (1st) = -1
Ignore Frames (2nd and higher) = -1
Central fraction for trimmed average  = 0.900000
Central fraction for trimmed std. dev. = 0.900000
Gain = 3.710000
Gain_RdOutCh_1 = 3.710000
Gain_RdOutCh_2 = 3.710000
Gain_RdOutCh_3 = 3.710000
Gain_RdOutCh_4 = 3.710000
Ancillary Data-File Path = /sos/sw/S19.2.0/STUDIO/downlink/include
Verbose flag = 0
Super-verbose flag = 0
Debug flag = 0
Configured to perform forward FITS keyword translation.
tranhead Status Message: 0x0000
Normal exit from Function 0x0000: LOG_WRITER
A total of        0   NaN's were produced in the results.
Processing time: 0.320000 seconds
Current date/time: Sat Jan  9 14:57:17 2016
Program tranhead, version 13.2, terminated.

tranhead   exit_value =   0    execution_time = 0.430s
 hdrupd8 vsn 1.6  A70821


LabDark

chan, frametime, hdy, extrpt = 2, 2.00, F, 233
expid  adceid  repidx  =  61,  0,  0 

SkyDarkaor template time = 2
hdy  repidx =  F  0
expid  ext-repeat  =  61  233

******************************************************************
Pipeline executing caltrans
caltrans -n cdf/pn107.nl -m 2 -a 7 -b /scr7/S19.2.0/dlcaldata/irac -s tranhead.fits -o cal -u SUB -jk1 CHNLNUM -jv1 2 -ja1 N -ju1 0 -js1 flip -jk2 CHNLNUM;AFOWLNUM;AWAITPER;FRAMTIME;HDRMODE -jv2 2;8;184;2.00;F -ja2 N;N;N;N;S -ju2 0;0;0;0;0 -js2 sigma;cmask -jk3 CHNLNUM;AFOWLNUM;AWAITPER;FRAMTIME;HDRMODE -jv3 2;8;184;2.00;F -ja3 N;N;N;N;S -ju3 0;0;0;0;0 -js3 cmask -jk4 CHNLNUM -jv4 2 -ja4 N -ju4 0 -js4 cmask -jk5 CHNLNUM -jv5 2 -ja5 N -ju5 0 -js5 cmask -jk6 CHNLNUM -jv6 2 -ja6 N -ju6 0 -jk7 CHNLNUM;AFOWLNUM;AWAITPER -jv7 2;8;184 -ja7 N;N;N -ju7 0;0;0 -jk8 CHNLNUM;AFOWLNUM;AWAITPER -jv8 2;8;184 -ja8 N;N;N -ju8 0;0;0 -e CALTRANSsciSUB 
******************************************************************

Online Namelist file descriptor associated
Online namelist buffer loaded: length = 7422

Warning !:  Ancillary file #1  with full suffix filename  '/sos/archive/fallbacks/IRAC004600/SUB_2s_2sf8d1r1_ch2_v2.0.0_dark_sigma.fits'  NOT in archive/sandbox !!.
Proceed to the next suffix fileprocessing .....

Warning !:  Ancillary file #2  with full suffix filename  '/sos/archive/fallbacks/IRAC004600/SUB_2s_2sf8d1r1_ch2_v2.0.0_dark_cmask.fits'  NOT in archive/sandbox !!.
Proceed to the next suffix fileprocessing .....

Warning !:  Ancillary-suffix file #1: '/scr7/S19.2.0/dlcaldata/irac/fb1502_SUB_2s_2sf8d1r1_ch2_v2.0.0_dark_sigma.fits'  could NOT be identified on cache.
Processing continues ..... 


Warning !:  Ancillary-suffix file #2: '/scr7/S19.2.0/dlcaldata/irac/fb1502_SUB_2s_2sf8d1r1_ch2_v2.0.0_dark_cmask.fits'  could NOT be identified on cache.
Processing continues ..... 


Warning !:  Ancillary file #1  with full suffix filename  '/sos/archive/fallbacks/IRAC005300/lincal_b2_sa_011410_cmask.fits'  NOT in archive/sandbox !!.
Proceed to the next suffix fileprocessing .....

Warning !:  Ancillary-suffix file #1: '/scr7/S19.2.0/dlcaldata/irac/fb1579_lincal_b2_sa_011410_cmask.fits'  could NOT be identified on cache.
Processing continues ..... 

  Printing Log output to stdout...


Program CALTRANS, Version 4.0
Command-Line Namelist Filename  = cdf/pn107.nl
Command-Line Namelist Section = CALTRANSsciSUB
CalTrans Execution Mode  = 2
CalID = 7
Input Calibration Type list = pmask;labdark;skydark;lincal;sky_flat;fluxconv;muxbleed_lut;muxbleed_coeff
Input Calibration Rule list = 0;0;300;0;0;0;0;0
Input Generic Outfname list = pmask.fits;labdark.fits;skydark.fits;lincal.fits;skyflat.fits;fluxconv;muxbleed_lut;muxbleed_coeff
Science DCE Filename = tranhead.fits
CAL Destination Path = cal
Processing time: 0.420000 seconds
Current date/time: Sat Jan  9 14:57:25 2016
Program CALTRANS, version 4.0, terminated with status = 16

CalTrans exits with status = 16



caltrans   exit_value =  16    execution_time = 0.540s
******************************************************************
Pipeline executing insbposdom
insbposdom -i tranhead.fits -o insbposdom.fits 
******************************************************************
Pipeline Module INSBPOSDOM Version 1.1
Processing time Sat Jan  9 14:57:25 2016

Sat Jan  9 14:57:25 2016
Time = 0.030 seconds
exit code 0

insbposdom   exit_value =   0    execution_time = 0.070s
******************************************************************
Pipeline executing cvti2r4
cvti2r4 -i insbposdom.fits -a 0.5625 -b 0 -d cal/dmask_for_raw.fits -o cvti2r4.fits -m row 
******************************************************************
 SIRTF I*2-to-R*4 Data Cube Conversion program vsn 1.31 A61025
 Input file:  insbposdom.fits
 Using offset =    0.562500
 Using BLANK-fill value:   0
 Output file: cvti2r4.fits
 Missing-data pattern specified as rows

cvti2r4   exit_value =   0    execution_time = 0.290s
Image has barrel shift = 3
Computed truncation correction 0.5*(1-2^-ABARREL) = 0.5625
******************************************************************
Pipeline executing hdrupd8
hdrupd8 cvti2r4.fits -a cdf/hdrupd8_cubify.dat -d cdf/hdrupd8_planify.dat 
******************************************************************
 hdrupd8 vsn 1.6  A70821
 WARNING: keyword to be deleted not found: NAXIS3  

hdrupd8   exit_value =   0    execution_time = 0.240s
******************************************************************
Pipeline executing hdrupd8
hdrupd8 dmask.fits -a cdf/hdrupd8_cubify.dat -d cdf/hdrupd8_planify.dat 
******************************************************************
 hdrupd8 vsn 1.6  A70821
 WARNING: keyword to be deleted not found: NAXIS3  

hdrupd8   exit_value =   0    execution_time = 0.250s
******************************************************************
Pipeline executing iracwrapdet1
iracwrapdet1 -i cvti2r4.fits -n cdf/pn107.nl -p cal/pmask.fits -d dmask.fits -w wmask.fits -v 
******************************************************************
Pipeline Module IRACWRAPDET1 Version 1.4
Processing time Sat Jan  9 14:57:29 2016
iracwrapdet1_parse_args: Namelist File = 	cdf/pn107.nl
iracwrapdet1_parse_args: Pmask File = 	cal/pmask.fits
iracwrapdet1_parse_args: Dmask File = 	dmask.fits
iracwrapdet1_parse_args: Wmask File = 	wmask.fits
iracwrapdet1_parse_args: Input File = 	cvti2r4.fits
iracwrapdet1_parse_args: I_Verbose = 			1
chn 2 framtim 2.000000
iracwrapdet1_read_data: Data read from file:
cvti2r4.fits
iracwrapdet1_read_data: I_NX = 32
iracwrapdet1_read_data: I_NY = 32
iracwrapdet1_read_data: I_NZ = 64
iracwrapdet1_parse_namelist: Namelist File = 	cdf/pn107.nl
Coeff used: 55000.000000 55000.000000 55000.000000 55000.000000
iracwrapdet1_compute_results: Numerical Computations finished
Sat Jan  9 14:57:29 2016
iracwrapdet1_output: Results written to file(s).
Time = 0.020 seconds
iracwrapdet1_error_handler: Error Handler finished.
iracwrapdet1_exit: Memory Deallocated.
exit code 0

iracwrapdet1   exit_value =   0    execution_time = 0.060s
******************************************************************
Pipeline executing iracwrapdet2
iracwrapdet2 -i cvti2r4.fits -n cdf/pn107.nl -p cal/pmask.fits -d dmask.fits -w wmask.fits -a /sos/sw/S19.2.0/STUDIO/downlink/include 
******************************************************************

Program iracwrapdet2, Version 1.4
Namelist File  = cdf/pn107.nl
FITS Input Image = cvti2r4.fits
Pmask File = cal/pmask.fits
Dmask File = dmask.fits
Wmask File = mask.fits
M-Level       chan1     chan2     chan3     chan4
            55000.0   55000.0   55000.0   55000.0
Tolerance     chan1     chan2     chan3     chan4
             1200.0    1200.0    1200.0    1200.0
Pmask Maximum = 65535
Dmask Maximum = 65535
Ancillary Data-File Path = /sos/sw/S19.2.0/STUDIO/downlink/include
Verbose flag = 0
Super-verbose flag = 0
Debug flag = 0
iracwrapdet2 Status Message      0x0000
Normal exit from Function 0x0000: LOG_WRITER
Processing time: 0.110000 seconds
Current date/time: Sat Jan  9 14:57:30 2016
Program iracwrapdet2, version 1.4, terminated


iracwrapdet2   exit_value =   0    execution_time = 0.150s
******************************************************************
Pipeline executing iracwrapcorr
iracwrapcorr -i cvti2r4.fits -p cal/pmask.fits -d dmask.fits -w wmask.fits -o iracwrapcorr.fits 
******************************************************************
Pipeline Module IRACWRAPCORR Version 1.3
Processing time Sat Jan  9 14:57:30 2016
iracwrapcorr_parse_namelist: Information only: Namelist not specified.
Sat Jan  9 14:57:30 2016
Time = 0.030 seconds
exit code 0

iracwrapcorr   exit_value =   0    execution_time = 0.060s
******************************************************************
Pipeline executing iracnorm
iracnorm -i iracwrapcorr.fits -p cal/pmask.fits -d dmask.fits -o iracnorm.fits 
******************************************************************
Pipeline Module IRACWNORM Version 1.10
Processing time Sat Jan  9 14:57:30 2016

Sat Jan  9 14:57:30 2016
Time = 0.040 seconds
exit code 0

iracnorm   exit_value =   0    execution_time = 0.080s
******************************************************************
Pipeline executing iracebwc
iracebwc -i iracnorm.fits -n cdf/pn107.nl -p cal/pmask.fits -d dmask.fits -o iracebwc.fits 
******************************************************************
Pipeline Module IRACEBWC Version 1.2
Processing time Sat Jan  9 14:57:30 2016

Sat Jan  9 14:57:30 2016
Time = 0.040 seconds
exit code 0

iracebwc   exit_value =   0    execution_time = 0.080s
HDR mode   =  f
AOR Template Time     =  2
DCE Frame Time    =  2.00
EXTRpt     =  233
Frame NOBF =  0
From sub determine_delays:
   aottime = 2
   aordelay = 222.190359962807
   stellarmode = f
   expid=61
imdly = 1.33835996471404
frmdly = 1.33835996471404

Immed  Delay = 1.33835996471404
Frame  Delay = 1.33835996471404

 hdrupd8 vsn 1.6  A70821
 hdrupd8 vsn 1.6  A70821
 hdrupd8 vsn 1.6  A70821
 hdrupd8 vsn 1.6  A70821
 hdrupd8 vsn 1.6  A70821
 hdrupd8 vsn 1.6  A70821
 hdrupd8 vsn 1.6  A70821
******************************************************************
Pipeline executing darksubng
darksubng -i iracebwc.fits -a /sos/sw/S19.2.0/STUDIO/downlink/include -p cal/pmask.fits -d dmask.fits -o labdarksub.fits -cc cal/labdark.fits -v 
******************************************************************
/sos/sw/S19.2.0/STUDIO/downlink/bin/darksubng: namelist not given
/sos/sw/S19.2.0/STUDIO/downlink/bin/darksubng: input uncertainty image not given
/sos/sw/S19.2.0/STUDIO/downlink/bin/darksubng: output uncertainty image not given
/sos/sw/S19.2.0/STUDIO/downlink/bin/darksubng: WARNING no uncertainty calculations will be performed
/sos/sw/S19.2.0/STUDIO/downlink/bin/darksubng: Namelist               = []
/sos/sw/S19.2.0/STUDIO/downlink/bin/darksubng: Input image            = [iracebwc.fits]
/sos/sw/S19.2.0/STUDIO/downlink/bin/darksubng: Input uncertainty      = []
/sos/sw/S19.2.0/STUDIO/downlink/bin/darksubng: Output image           = [!labdarksub.fits]
/sos/sw/S19.2.0/STUDIO/downlink/bin/darksubng: Output uncertainty     = []
/sos/sw/S19.2.0/STUDIO/downlink/bin/darksubng: Dark                   = [cal/labdark.fits]
/sos/sw/S19.2.0/STUDIO/downlink/bin/darksubng: Pmask file             = [cal/pmask.fits]
/sos/sw/S19.2.0/STUDIO/downlink/bin/darksubng: Pmask fatality bitmask = [65536]
/sos/sw/S19.2.0/STUDIO/downlink/bin/darksubng: Dmask file             = [dmask.fits]
/sos/sw/S19.2.0/STUDIO/downlink/bin/darksubng: Dmask fatality bitmask = [65536]
/sos/sw/S19.2.0/STUDIO/downlink/bin/darksubng: Cmask file             = []
/sos/sw/S19.2.0/STUDIO/downlink/bin/darksubng: Cmask fatality bitmask = [65536]
/sos/sw/S19.2.0/STUDIO/downlink/bin/darksubng: Logfile                = []
/sos/sw/S19.2.0/STUDIO/downlink/bin/darksubng: Ancillary Path         = [/sos/sw/S19.2.0/STUDIO/downlink/include]
/sos/sw/S19.2.0/STUDIO/downlink/bin/darksubng: Uncertainty calculations will not be made
/sos/sw/S19.2.0/STUDIO/downlink/bin/darksubng: WARNING cal/labdark.fits has no BUNIT key
/sos/sw/S19.2.0/STUDIO/downlink/bin/darksubng: WARNING assuming cal/labdark.fits is in DN
/sos/sw/S19.2.0/STUDIO/downlink/bin/darksubng: WARNING cal/labdark.fits has no EXPTIME key
/sos/sw/S19.2.0/STUDIO/downlink/bin/darksubng: WARNING cal/labdark.fits has no GAIN keywords
/sos/sw/S19.2.0/STUDIO/downlink/bin/darksubng: compute - performing any unit conversions
/sos/sw/S19.2.0/STUDIO/downlink/bin/darksubng: compute - starting subtraction with masking 
/sos/sw/S19.2.0/STUDIO/downlink/bin/darksubng: Processing successful; Exiting

darksubng   exit_value =   0    execution_time = 0.120s
READ Noise !! =  9.4
******************************************************************
Pipeline executing snestimator
snestimator -i labdarksub.fits -n cdf/pn107.nl -a /sos/sw/S19.2.0/STUDIO/downlink/include -p cal/pmask.fits -d dmask.fits -on sig_snestimator.fits -g 3.71 -r 9.4 
******************************************************************
verbose 0

Program SNESTIMATOR, Version 1.5
Namelist File  = cdf/pn107.nl
Input FITS Image = labdarksub.fits
Noise Image = sig_snestimator.fits
Denominator type = IRAC_MODEL
Edge Pixels Excluded = 0
Gain Channel 1 = 3.710000 Channel 2 = 3.710000 Channel 3 = 3.710000 Channel 4 = 3.710000
Read Noise = 9.400000
Confusion Sigma = 0.000000
Ancillary Data-File Path = /sos/sw/S19.2.0/STUDIO/downlink/include
Verbose flag = 0
Super-verbose flag = 0
Debug flag = 0
snestimator Status Message      0x0000
Normal exit from Function 0x0000: LOG_WRITER
Processing time: 0.100000 seconds
Current date/time: Sat Jan  9 14:57:39 2016
Program SNESTIMATOR, version 1.5, terminated


snestimator   exit_value =   0    execution_time = 0.170s
******************************************************************
Pipeline executing darksubng
darksubng -i iracebwc.fits -iu sig_snestimator.fits -a /sos/sw/S19.2.0/STUDIO/downlink/include -p cal/pmask.fits -d dmask.fits -o labdarksub.fits -ou sig_labdarksub.fits -cc cal/labdark.fits -v 
******************************************************************
/sos/sw/S19.2.0/STUDIO/downlink/bin/darksubng: namelist not given
/sos/sw/S19.2.0/STUDIO/downlink/bin/darksubng: Namelist               = []
/sos/sw/S19.2.0/STUDIO/downlink/bin/darksubng: Input image            = [iracebwc.fits]
/sos/sw/S19.2.0/STUDIO/downlink/bin/darksubng: Input uncertainty      = [sig_snestimator.fits]
/sos/sw/S19.2.0/STUDIO/downlink/bin/darksubng: Output image           = [!labdarksub.fits]
/sos/sw/S19.2.0/STUDIO/downlink/bin/darksubng: Output uncertainty     = [!sig_labdarksub.fits]
/sos/sw/S19.2.0/STUDIO/downlink/bin/darksubng: Dark                   = [cal/labdark.fits]
/sos/sw/S19.2.0/STUDIO/downlink/bin/darksubng: Pmask file             = [cal/pmask.fits]
/sos/sw/S19.2.0/STUDIO/downlink/bin/darksubng: Pmask fatality bitmask = [65536]
/sos/sw/S19.2.0/STUDIO/downlink/bin/darksubng: Dmask file             = [dmask.fits]
/sos/sw/S19.2.0/STUDIO/downlink/bin/darksubng: Dmask fatality bitmask = [65536]
/sos/sw/S19.2.0/STUDIO/downlink/bin/darksubng: Cmask file             = []
/sos/sw/S19.2.0/STUDIO/downlink/bin/darksubng: Cmask fatality bitmask = [65536]
/sos/sw/S19.2.0/STUDIO/downlink/bin/darksubng: Logfile                = []
/sos/sw/S19.2.0/STUDIO/downlink/bin/darksubng: Ancillary Path         = [/sos/sw/S19.2.0/STUDIO/downlink/include]
/sos/sw/S19.2.0/STUDIO/downlink/bin/darksubng: Uncertainty calculations will be made
/sos/sw/S19.2.0/STUDIO/downlink/bin/darksubng: WARNING cal/labdark.fits has no BUNIT key
/sos/sw/S19.2.0/STUDIO/downlink/bin/darksubng: WARNING assuming cal/labdark.fits is in DN
/sos/sw/S19.2.0/STUDIO/downlink/bin/darksubng: WARNING cal/labdark.fits has no EXPTIME key
/sos/sw/S19.2.0/STUDIO/downlink/bin/darksubng: WARNING cal/labdark.fits has no GAIN keywords
/sos/sw/S19.2.0/STUDIO/downlink/bin/darksubng: compute - performing any unit conversions
/sos/sw/S19.2.0/STUDIO/downlink/bin/darksubng: compute - starting subtraction with masking 
/sos/sw/S19.2.0/STUDIO/downlink/bin/darksubng: Processing successful; Exiting

darksubng   exit_value =   0    execution_time = 0.180s
******************************************************************
Pipeline executing fowlinearize
fowlinearize -i1 labdarksub.fits -i3 sig_labdarksub.fits -n cdf/pn107.nl -a /sos/sw/S19.2.0/STUDIO/downlink/include -ip cal/pmask.fits -i2 cal/lincal.fits -id dmask.fits -o1 fowlinearize.fits -o2 sig_fowlinearize.fits -c 10 
******************************************************************

Program FOWLINEARIZE, Version 4.9
Namelist File  = cdf/pn107.nl
Input File 1 = labdarksub.fits
Input File 2 = cal/lincal.fits
Input File 3 = sig_labdarksub.fits
Model_Flag(1=quad. 2=cubic) = 1
Clock_Readout(10=sub-array, 200=full-array) = 10.000000
Input PMask Image = cal/pmask.fits
Unusable PMask Bits = 16384
Input DMask Image = dmask.fits
Unusable DMask Bits = 8192
Not-linearized DMask Bit = 4096
Not-linearized DMask Bit due to lincal-model saturation = 8192
Output File 1 = fowlinearize.fits
Output File 2 = sig_fowlinearize.fits
Ancillary Data-File Path = /sos/sw/S19.2.0/STUDIO/downlink/include
Verbose flag = 0
Super-verbose flag = 0
Debug flag = 0
Performed linearity correction.
Program fowlinearize: Status Message: 0x0000
Normal exit from Function 0x0000: LOG_WRITER
Processing time: 0.280000 seconds
Current date/time: Sat Jan  9 14:57:40 2016
Program FOWLINEARIZE, version 4.9, terminated.

fowlinearize   exit_value =   0    execution_time = 0.370s
Read Noise =  9.4
 hdrupd8 vsn 1.6  A70821
******************************************************************
Pipeline executing bgmodel
bgmodel -i fowlinearize.fits -n cdf/pn107.nl -h 
******************************************************************

Online Namelist file descriptor associated
Online namelist buffer loaded: length = 7422
bgmodel_log_writer: Printing Log output to stdout
bgmodel  Version 1.0
Namelist File  = cdf/pn107.nl
Input Image = fowlinearize.fits
Ephemeris = /scr7/S19.2.0/cdf/spice/sirtf.bsp
LeapSec Kernel = /scr7/S19.2.0/cdf/spice/leapseconds.ker
SPK Kernel = /scr7/S19.2.0/cdf/spice/de.bsp

bgmodel  Status Message      0x0000: No error.
Time = 0.100 seconds

Background exits with status = 0


bgmodel   exit_value =   0    execution_time = 0.140s
******************************************************************
Pipeline executing hdrupd8
hdrupd8 fowlinearize.fits -a addkeys.dat 
******************************************************************
 hdrupd8 vsn 1.6  A70821

hdrupd8   exit_value =   0    execution_time = 0.300s
SkyDk Med DN      = 16.56367 
Exposure time     = 1.92
SkyDk Med DN rate = 8.62691145833333
Flux Conv         = 0.1447 
SkyDk Med Flux    = 1.24831408802083
Image File = fowlinearize.fits 

 hdrupd8 vsn 1.6  A70821
 hdrupd8 vsn 1.6  A70821
 hdrupd8 vsn 1.6  A70821
 hdrupd8 vsn 1.6  A70821
 hdrupd8 vsn 1.6  A70821
******************************************************************
Pipeline executing darksubng
darksubng -i fowlinearize.fits -iu sig_fowlinearize.fits -a /sos/sw/S19.2.0/STUDIO/downlink/include -p cal/pmask.fits -d dmask.fits -o skydarksub.fits -ou sig_skydarksub.fits -cc cal/skydark.fits -v -c cal/skydark_cmask.fits 
******************************************************************
/sos/sw/S19.2.0/STUDIO/downlink/bin/darksubng: namelist not given
/sos/sw/S19.2.0/STUDIO/downlink/bin/darksubng: Namelist               = []
/sos/sw/S19.2.0/STUDIO/downlink/bin/darksubng: Input image            = [fowlinearize.fits]
/sos/sw/S19.2.0/STUDIO/downlink/bin/darksubng: Input uncertainty      = [sig_fowlinearize.fits]
/sos/sw/S19.2.0/STUDIO/downlink/bin/darksubng: Output image           = [!skydarksub.fits]
/sos/sw/S19.2.0/STUDIO/downlink/bin/darksubng: Output uncertainty     = [!sig_skydarksub.fits]
/sos/sw/S19.2.0/STUDIO/downlink/bin/darksubng: Dark                   = [cal/skydark.fits]
/sos/sw/S19.2.0/STUDIO/downlink/bin/darksubng: Pmask file             = [cal/pmask.fits]
/sos/sw/S19.2.0/STUDIO/downlink/bin/darksubng: Pmask fatality bitmask = [65536]
/sos/sw/S19.2.0/STUDIO/downlink/bin/darksubng: Dmask file             = [dmask.fits]
/sos/sw/S19.2.0/STUDIO/downlink/bin/darksubng: Dmask fatality bitmask = [65536]
/sos/sw/S19.2.0/STUDIO/downlink/bin/darksubng: Cmask file             = [cal/skydark_cmask.fits]
/sos/sw/S19.2.0/STUDIO/downlink/bin/darksubng: Cmask fatality bitmask = [65536]
/sos/sw/S19.2.0/STUDIO/downlink/bin/darksubng: Logfile                = []
/sos/sw/S19.2.0/STUDIO/downlink/bin/darksubng: Ancillary Path         = [/sos/sw/S19.2.0/STUDIO/downlink/include]
/sos/sw/S19.2.0/STUDIO/downlink/bin/darksubng: Uncertainty calculations will be made
/sos/sw/S19.2.0/STUDIO/downlink/bin/darksubng: compute - performing any unit conversions
/sos/sw/S19.2.0/STUDIO/downlink/bin/darksubng: compute - starting subtraction with masking 
/sos/sw/S19.2.0/STUDIO/downlink/bin/darksubng: Processing successful; Exiting

darksubng   exit_value =   0    execution_time = 0.190s
******************************************************************
Pipeline executing darkdrift
darkdrift -i skydarksub.fits -iu sig_skydarksub.fits -n cdf/pn107.nl -a /sos/sw/S19.2.0/STUDIO/downlink/include -o1 darkdrift.fits -o2 darkdriftcorr.fits -o3 darkdrift.tbl -ou sig_darkdrift.fits 
******************************************************************
Program darkdrift, Version 4.1
Namelist File  = cdf/pn107.nl
Input Image = skydarksub.fits
Input Uncertainty Image = sig_skydarksub.fits
Output Image 1 (corrected image) = darkdrift.fits
Output Image 2 (corrections) = darkdriftcorr.fits
Output Image 3 (uncertainties) = sig_darkdrift.fits
Output File 3 = darkdrift.tbl
Central fraction for trimmed average  = 0.900000
Central fraction for trimmed std. dev. = 0.900000
Time_Input = 0.250000
Time_Before = 0.000000
Time_After = 1.000000
Temp_Input = 270.000000
Temp_Before = 280.000000
Temp_After = 260.000000
Calculation Type = 1
Input-Image Transpose Flag = 1
Multiplicative-Correction Flag (Additive if zero) = 0
Readout Channel to exclude (none if zero) = 0
Data-Plane Flag = 1
Ancillary Data-File Path = /sos/sw/S19.2.0/STUDIO/downlink/include
Verbose flag = 0
Super-verbose flag = 0
Debug flag = 0
Dark-current offsets estimated from input image.

Detailed darkdrift calculational results:
...for data plane = 1
Darkdrift correction for readout-channel 1 = -0.309434
Darkdrift correction for readout-channel 2 = -0.310699
Darkdrift correction for readout-channel 3 = 0.392887
Darkdrift correction for readout-channel 4 = 0.227245
Darkdrift uncertainty for readout-channel 1 = 0.374500
Darkdrift uncertainty for readout-channel 2 = 0.299694
Darkdrift uncertainty for readout-channel 3 = 0.301519
Darkdrift uncertainty for readout-channel 4 = 0.301586
Trimmed average of values in readout-channel 1 = 6.998252
Trimmed average of values in readout-channel 2 = 6.996987
Trimmed average of values in readout-channel 3 = 7.700573
Trimmed average of values in readout-channel 4 = 7.534930
Darkdrift background term = 7.307685
...for data plane = 2
Darkdrift correction for readout-channel 1 = 0.209657
Darkdrift correction for readout-channel 2 = -0.360180
Darkdrift correction for readout-channel 3 = 0.170701
Darkdrift correction for readout-channel 4 = -0.020178
Darkdrift uncertainty for readout-channel 1 = 0.378670
Darkdrift uncertainty for readout-channel 2 = 0.302457
Darkdrift uncertainty for readout-channel 3 = 0.303144
Darkdrift uncertainty for readout-channel 4 = 0.303067
Trimmed average of values in readout-channel 1 = 5.224294
Trimmed average of values in readout-channel 2 = 4.654457
Trimmed average of values in readout-channel 3 = 5.185338
Trimmed average of values in readout-channel 4 = 4.994459
Darkdrift background term = 5.014637
...for data plane = 3
Darkdrift correction for readout-channel 1 = 0.040954
Darkdrift correction for readout-channel 2 = -0.412352
Darkdrift correction for readout-channel 3 = -0.033617
Darkdrift correction for readout-channel 4 = 0.405015
Darkdrift uncertainty for readout-channel 1 = 0.302980
Darkdrift uncertainty for readout-channel 2 = 0.302979
Darkdrift uncertainty for readout-channel 3 = 0.302892
Darkdrift uncertainty for readout-channel 4 = 0.304231
Trimmed average of values in readout-channel 1 = 5.147994
Trimmed average of values in readout-channel 2 = 4.694688
Trimmed average of values in readout-channel 3 = 5.073423
Trimmed average of values in readout-channel 4 = 5.512055
Darkdrift background term = 5.107040
...for data plane = 4
Darkdrift correction for readout-channel 1 = -0.536688
Darkdrift correction for readout-channel 2 = -0.313270
Darkdrift correction for readout-channel 3 = 0.457498
Darkdrift correction for readout-channel 4 = 0.392460
Darkdrift uncertainty for readout-channel 1 = 0.302707
Darkdrift uncertainty for readout-channel 2 = 0.303666
Darkdrift uncertainty for readout-channel 3 = 0.302724
Darkdrift uncertainty for readout-channel 4 = 0.303813
Trimmed average of values in readout-channel 1 = 4.565802
Trimmed average of values in readout-channel 2 = 4.789221
Trimmed average of values in readout-channel 3 = 5.559989
Trimmed average of values in readout-channel 4 = 5.494951
Darkdrift background term = 5.102491
...for data plane = 5
Darkdrift correction for readout-channel 1 = -0.268252
Darkdrift correction for readout-channel 2 = 0.218828
Darkdrift correction for readout-channel 3 = -0.110094
Darkdrift correction for readout-channel 4 = 0.159517
Darkdrift uncertainty for readout-channel 1 = 0.303106
Darkdrift uncertainty for readout-channel 2 = 0.302159
Darkdrift uncertainty for readout-channel 3 = 0.303060
Darkdrift uncertainty for readout-channel 4 = 0.303566
Trimmed average of values in readout-channel 1 = 5.564719
Trimmed average of values in readout-channel 2 = 6.051799
Trimmed average of values in readout-channel 3 = 5.722877
Trimmed average of values in readout-channel 4 = 5.992487
Darkdrift background term = 5.832970
...for data plane = 6
Darkdrift correction for readout-channel 1 = -0.013146
Darkdrift correction for readout-channel 2 = -0.506677
Darkdrift correction for readout-channel 3 = 0.194487
Darkdrift correction for readout-channel 4 = 0.325336
Darkdrift uncertainty for readout-channel 1 = 0.302712
Darkdrift uncertainty for readout-channel 2 = 0.303388
Darkdrift uncertainty for readout-channel 3 = 0.303134
Darkdrift uncertainty for readout-channel 4 = 0.303072
Trimmed average of values in readout-channel 1 = 5.227169
Trimmed average of values in readout-channel 2 = 4.733638
Trimmed average of values in readout-channel 3 = 5.434803
Trimmed average of values in readout-channel 4 = 5.565652
Darkdrift background term = 5.240316
...for data plane = 7
Darkdrift correction for readout-channel 1 = -0.294508
Darkdrift correction for readout-channel 2 = -0.392863
Darkdrift correction for readout-channel 3 = 0.162680
Darkdrift correction for readout-channel 4 = 0.524691
Darkdrift uncertainty for readout-channel 1 = 0.302868
Darkdrift uncertainty for readout-channel 2 = 0.302973
Darkdrift uncertainty for readout-channel 3 = 0.303296
Darkdrift uncertainty for readout-channel 4 = 0.303310
Trimmed average of values in readout-channel 1 = 5.497598
Trimmed average of values in readout-channel 2 = 5.399243
Trimmed average of values in readout-channel 3 = 5.954786
Trimmed average of values in readout-channel 4 = 6.316797
Darkdrift background term = 5.792106
...for data plane = 8
Darkdrift correction for readout-channel 1 = 0.346498
Darkdrift correction for readout-channel 2 = -0.138619
Darkdrift correction for readout-channel 3 = -0.356128
Darkdrift correction for readout-channel 4 = 0.148249
Darkdrift uncertainty for readout-channel 1 = 0.302981
Darkdrift uncertainty for readout-channel 2 = 0.302974
Darkdrift uncertainty for readout-channel 3 = 0.303135
Darkdrift uncertainty for readout-channel 4 = 0.303244
Trimmed average of values in readout-channel 1 = 6.014750
Trimmed average of values in readout-channel 2 = 5.529634
Trimmed average of values in readout-channel 3 = 5.312125
Trimmed average of values in readout-channel 4 = 5.816502
Darkdrift background term = 5.668253
...for data plane = 9
Darkdrift correction for readout-channel 1 = 0.065270
Darkdrift correction for readout-channel 2 = -0.028739
Darkdrift correction for readout-channel 3 = 0.028104
Darkdrift correction for readout-channel 4 = -0.064635
Darkdrift uncertainty for readout-channel 1 = 0.303105
Darkdrift uncertainty for readout-channel 2 = 0.302991
Darkdrift uncertainty for readout-channel 3 = 0.303230
Darkdrift uncertainty for readout-channel 4 = 0.303313
Trimmed average of values in readout-channel 1 = 5.790210
Trimmed average of values in readout-channel 2 = 5.696200
Trimmed average of values in readout-channel 3 = 5.753043
Trimmed average of values in readout-channel 4 = 5.660304
Darkdrift background term = 5.724939
...for data plane = 10
Darkdrift correction for readout-channel 1 = 0.429413
Darkdrift correction for readout-channel 2 = -0.228270
Darkdrift correction for readout-channel 3 = -0.085983
Darkdrift correction for readout-channel 4 = -0.115160
Darkdrift uncertainty for readout-channel 1 = 0.303362
Darkdrift uncertainty for readout-channel 2 = 0.302964
Darkdrift uncertainty for readout-channel 3 = 0.264661
Darkdrift uncertainty for readout-channel 4 = 0.303134
Trimmed average of values in readout-channel 1 = 6.394656
Trimmed average of values in readout-channel 2 = 5.736973
Trimmed average of values in readout-channel 3 = 5.879260
Trimmed average of values in readout-channel 4 = 5.850083
Darkdrift background term = 5.965243
...for data plane = 11
Darkdrift correction for readout-channel 1 = 0.126435
Darkdrift correction for readout-channel 2 = -0.357975
Darkdrift correction for readout-channel 3 = 0.128466
Darkdrift correction for readout-channel 4 = 0.103075
Darkdrift uncertainty for readout-channel 1 = 0.303241
Darkdrift uncertainty for readout-channel 2 = 0.302979
Darkdrift uncertainty for readout-channel 3 = 0.302972
Darkdrift uncertainty for readout-channel 4 = 0.302443
Trimmed average of values in readout-channel 1 = 5.766685
Trimmed average of values in readout-channel 2 = 5.282275
Trimmed average of values in readout-channel 3 = 5.768716
Trimmed average of values in readout-channel 4 = 5.743325
Darkdrift background term = 5.640251
...for data plane = 12
Darkdrift correction for readout-channel 1 = 0.191127
Darkdrift correction for readout-channel 2 = -0.445103
Darkdrift correction for readout-channel 3 = -0.188749
Darkdrift correction for readout-channel 4 = 0.442726
Darkdrift uncertainty for readout-channel 1 = 0.303236
Darkdrift uncertainty for readout-channel 2 = 0.302990
Darkdrift uncertainty for readout-channel 3 = 0.302966
Darkdrift uncertainty for readout-channel 4 = 0.302544
Trimmed average of values in readout-channel 1 = 5.917845
Trimmed average of values in readout-channel 2 = 5.281614
Trimmed average of values in readout-channel 3 = 5.537968
Trimmed average of values in readout-channel 4 = 6.169443
Darkdrift background term = 5.726718
...for data plane = 13
Darkdrift correction for readout-channel 1 = 0.024675
Darkdrift correction for readout-channel 2 = -0.179397
Darkdrift correction for readout-channel 3 = -0.104328
Darkdrift correction for readout-channel 4 = 0.259050
Darkdrift uncertainty for readout-channel 1 = 0.302843
Darkdrift uncertainty for readout-channel 2 = 0.303003
Darkdrift uncertainty for readout-channel 3 = 0.302979
Darkdrift uncertainty for readout-channel 4 = 0.302980
Trimmed average of values in readout-channel 1 = 5.923777
Trimmed average of values in readout-channel 2 = 5.719705
Trimmed average of values in readout-channel 3 = 5.794773
Trimmed average of values in readout-channel 4 = 6.158151
Darkdrift background term = 5.899102
...for data plane = 14
Darkdrift correction for readout-channel 1 = -0.251052
Darkdrift correction for readout-channel 2 = -0.042354
Darkdrift correction for readout-channel 3 = 0.119374
Darkdrift correction for readout-channel 4 = 0.174033
Darkdrift uncertainty for readout-channel 1 = 0.302980
Darkdrift uncertainty for readout-channel 2 = 0.302700
Darkdrift uncertainty for readout-channel 3 = 0.303001
Darkdrift uncertainty for readout-channel 4 = 0.302974
Trimmed average of values in readout-channel 1 = 5.336944
Trimmed average of values in readout-channel 2 = 5.545642
Trimmed average of values in readout-channel 3 = 5.707370
Trimmed average of values in readout-channel 4 = 5.762029
Darkdrift background term = 5.587996
...for data plane = 15
Darkdrift correction for readout-channel 1 = 0.172313
Darkdrift correction for readout-channel 2 = -0.246056
Darkdrift correction for readout-channel 3 = 0.111196
Darkdrift correction for readout-channel 4 = -0.037453
Darkdrift uncertainty for readout-channel 1 = 0.303085
Darkdrift uncertainty for readout-channel 2 = 0.303260
Darkdrift uncertainty for readout-channel 3 = 0.302895
Darkdrift uncertainty for readout-channel 4 = 0.302967
Trimmed average of values in readout-channel 1 = 6.002682
Trimmed average of values in readout-channel 2 = 5.584314
Trimmed average of values in readout-channel 3 = 5.941566
Trimmed average of values in readout-channel 4 = 5.792917
Darkdrift background term = 5.830370
...for data plane = 16
Darkdrift correction for readout-channel 1 = 0.276571
Darkdrift correction for readout-channel 2 = 0.016918
Darkdrift correction for readout-channel 3 = -0.554335
Darkdrift correction for readout-channel 4 = 0.260846
Darkdrift uncertainty for readout-channel 1 = 0.302994
Darkdrift uncertainty for readout-channel 2 = 0.302435
Darkdrift uncertainty for readout-channel 3 = 0.302972
Darkdrift uncertainty for readout-channel 4 = 0.302954
Trimmed average of values in readout-channel 1 = 5.962586
Trimmed average of values in readout-channel 2 = 5.702934
Trimmed average of values in readout-channel 3 = 5.131681
Trimmed average of values in readout-channel 4 = 5.946862
Darkdrift background term = 5.686016
...for data plane = 17
Darkdrift correction for readout-channel 1 = 0.009504
Darkdrift correction for readout-channel 2 = -0.677314
Darkdrift correction for readout-channel 3 = 0.244603
Darkdrift correction for readout-channel 4 = 0.423206
Darkdrift uncertainty for readout-channel 1 = 0.300005
Darkdrift uncertainty for readout-channel 2 = 0.265370
Darkdrift uncertainty for readout-channel 3 = 0.302982
Darkdrift uncertainty for readout-channel 4 = 0.303050
Trimmed average of values in readout-channel 1 = 5.782634
Trimmed average of values in readout-channel 2 = 5.095816
Trimmed average of values in readout-channel 3 = 6.017733
Trimmed average of values in readout-channel 4 = 6.196336
Darkdrift background term = 5.773130
...for data plane = 18
Darkdrift correction for readout-channel 1 = 0.070524
Darkdrift correction for readout-channel 2 = -0.109495
Darkdrift correction for readout-channel 3 = 0.146462
Darkdrift correction for readout-channel 4 = -0.107491
Darkdrift uncertainty for readout-channel 1 = 0.301751
Darkdrift uncertainty for readout-channel 2 = 0.303802
Darkdrift uncertainty for readout-channel 3 = 0.303296
Darkdrift uncertainty for readout-channel 4 = 0.303000
Trimmed average of values in readout-channel 1 = 6.142778
Trimmed average of values in readout-channel 2 = 5.962759
Trimmed average of values in readout-channel 3 = 6.218716
Trimmed average of values in readout-channel 4 = 5.964763
Darkdrift background term = 6.072254
...for data plane = 19
Darkdrift correction for readout-channel 1 = -0.121455
Darkdrift correction for readout-channel 2 = -0.199886
Darkdrift correction for readout-channel 3 = 0.084486
Darkdrift correction for readout-channel 4 = 0.236855
Darkdrift uncertainty for readout-channel 1 = 0.303096
Darkdrift uncertainty for readout-channel 2 = 0.302975
Darkdrift uncertainty for readout-channel 3 = 0.302963
Darkdrift uncertainty for readout-channel 4 = 0.302812
Trimmed average of values in readout-channel 1 = 5.474676
Trimmed average of values in readout-channel 2 = 5.396246
Trimmed average of values in readout-channel 3 = 5.680618
Trimmed average of values in readout-channel 4 = 5.832986
Darkdrift background term = 5.596132
...for data plane = 20
Darkdrift correction for readout-channel 1 = 0.243597
Darkdrift correction for readout-channel 2 = -0.003735
Darkdrift correction for readout-channel 3 = -0.028695
Darkdrift correction for readout-channel 4 = -0.211167
Darkdrift uncertainty for readout-channel 1 = 0.303758
Darkdrift uncertainty for readout-channel 2 = 0.303005
Darkdrift uncertainty for readout-channel 3 = 0.302978
Darkdrift uncertainty for readout-channel 4 = 0.302734
Trimmed average of values in readout-channel 1 = 6.227574
Trimmed average of values in readout-channel 2 = 5.980241
Trimmed average of values in readout-channel 3 = 5.955282
Trimmed average of values in readout-channel 4 = 5.772810
Darkdrift background term = 5.983977
...for data plane = 21
Darkdrift correction for readout-channel 1 = 0.296791
Darkdrift correction for readout-channel 2 = -0.327603
Darkdrift correction for readout-channel 3 = 0.059297
Darkdrift correction for readout-channel 4 = -0.028485
Darkdrift uncertainty for readout-channel 1 = 0.303750
Darkdrift uncertainty for readout-channel 2 = 0.302981
Darkdrift uncertainty for readout-channel 3 = 0.302894
Darkdrift uncertainty for readout-channel 4 = 0.303484
Trimmed average of values in readout-channel 1 = 6.152824
Trimmed average of values in readout-channel 2 = 5.528429
Trimmed average of values in readout-channel 3 = 5.915329
Trimmed average of values in readout-channel 4 = 5.827547
Darkdrift background term = 5.856032
...for data plane = 22
Darkdrift correction for readout-channel 1 = 0.257611
Darkdrift correction for readout-channel 2 = -0.321473
Darkdrift correction for readout-channel 3 = 0.123072
Darkdrift correction for readout-channel 4 = -0.059209
Darkdrift uncertainty for readout-channel 1 = 0.302843
Darkdrift uncertainty for readout-channel 2 = 0.303805
Darkdrift uncertainty for readout-channel 3 = 0.302812
Darkdrift uncertainty for readout-channel 4 = 0.303326
Trimmed average of values in readout-channel 1 = 5.788290
Trimmed average of values in readout-channel 2 = 5.209206
Trimmed average of values in readout-channel 3 = 5.653752
Trimmed average of values in readout-channel 4 = 5.471470
Darkdrift background term = 5.530680
...for data plane = 23
Darkdrift correction for readout-channel 1 = 0.343871
Darkdrift correction for readout-channel 2 = -0.257185
Darkdrift correction for readout-channel 3 = -0.054349
Darkdrift correction for readout-channel 4 = -0.032337
Darkdrift uncertainty for readout-channel 1 = 0.303463
Darkdrift uncertainty for readout-channel 2 = 0.303286
Darkdrift uncertainty for readout-channel 3 = 0.302959
Darkdrift uncertainty for readout-channel 4 = 0.303076
Trimmed average of values in readout-channel 1 = 6.569960
Trimmed average of values in readout-channel 2 = 5.968905
Trimmed average of values in readout-channel 3 = 6.171740
Trimmed average of values in readout-channel 4 = 6.193753
Darkdrift background term = 6.226089
...for data plane = 24
Darkdrift correction for readout-channel 1 = -0.151217
Darkdrift correction for readout-channel 2 = -0.478262
Darkdrift correction for readout-channel 3 = 0.379888
Darkdrift correction for readout-channel 4 = 0.249591
Darkdrift uncertainty for readout-channel 1 = 0.303089
Darkdrift uncertainty for readout-channel 2 = 0.231366
Darkdrift uncertainty for readout-channel 3 = 0.303132
Darkdrift uncertainty for readout-channel 4 = 0.303150
Trimmed average of values in readout-channel 1 = 5.796680
Trimmed average of values in readout-channel 2 = 5.469635
Trimmed average of values in readout-channel 3 = 6.327785
Trimmed average of values in readout-channel 4 = 6.197488
Darkdrift background term = 5.947897
...for data plane = 25
Darkdrift correction for readout-channel 1 = 0.155310
Darkdrift correction for readout-channel 2 = -0.397122
Darkdrift correction for readout-channel 3 = -0.094420
Darkdrift correction for readout-channel 4 = 0.336232
Darkdrift uncertainty for readout-channel 1 = 0.303711
Darkdrift uncertainty for readout-channel 2 = 0.302980
Darkdrift uncertainty for readout-channel 3 = 0.303545
Darkdrift uncertainty for readout-channel 4 = 0.303054
Trimmed average of values in readout-channel 1 = 5.797436
Trimmed average of values in readout-channel 2 = 5.245004
Trimmed average of values in readout-channel 3 = 5.547706
Trimmed average of values in readout-channel 4 = 5.978359
Darkdrift background term = 5.642126
...for data plane = 26
Darkdrift correction for readout-channel 1 = 0.061842
Darkdrift correction for readout-channel 2 = -0.582373
Darkdrift correction for readout-channel 3 = 0.332987
Darkdrift correction for readout-channel 4 = 0.187544
Darkdrift uncertainty for readout-channel 1 = 0.303000
Darkdrift uncertainty for readout-channel 2 = 0.303512
Darkdrift uncertainty for readout-channel 3 = 0.302966
Darkdrift uncertainty for readout-channel 4 = 0.302961
Trimmed average of values in readout-channel 1 = 6.007707
Trimmed average of values in readout-channel 2 = 5.363492
Trimmed average of values in readout-channel 3 = 6.278853
Trimmed average of values in readout-channel 4 = 6.133409
Darkdrift background term = 5.945865
...for data plane = 27
Darkdrift correction for readout-channel 1 = -0.118327
Darkdrift correction for readout-channel 2 = -0.366191
Darkdrift correction for readout-channel 3 = -0.012134
Darkdrift correction for readout-channel 4 = 0.496651
Darkdrift uncertainty for readout-channel 1 = 0.302958
Darkdrift uncertainty for readout-channel 2 = 0.231091
Darkdrift uncertainty for readout-channel 3 = 0.377440
Darkdrift uncertainty for readout-channel 4 = 0.302819
Trimmed average of values in readout-channel 1 = 5.487352
Trimmed average of values in readout-channel 2 = 5.239488
Trimmed average of values in readout-channel 3 = 5.593545
Trimmed average of values in readout-channel 4 = 6.102330
Darkdrift background term = 5.605678
...for data plane = 28
Darkdrift correction for readout-channel 1 = -0.159143
Darkdrift correction for readout-channel 2 = -0.190128
Darkdrift correction for readout-channel 3 = 0.252382
Darkdrift correction for readout-channel 4 = 0.096890
Darkdrift uncertainty for readout-channel 1 = 0.302845
Darkdrift uncertainty for readout-channel 2 = 0.286703
Darkdrift uncertainty for readout-channel 3 = 0.303067
Darkdrift uncertainty for readout-channel 4 = 0.302984
Trimmed average of values in readout-channel 1 = 5.666455
Trimmed average of values in readout-channel 2 = 5.635469
Trimmed average of values in readout-channel 3 = 6.077979
Trimmed average of values in readout-channel 4 = 5.922487
Darkdrift background term = 5.825598
...for data plane = 29
Darkdrift correction for readout-channel 1 = 0.088462
Darkdrift correction for readout-channel 2 = -0.448864
Darkdrift correction for readout-channel 3 = 0.153856
Darkdrift correction for readout-channel 4 = 0.206547
Darkdrift uncertainty for readout-channel 1 = 0.302981
Darkdrift uncertainty for readout-channel 2 = 0.302971
Darkdrift uncertainty for readout-channel 3 = 0.303060
Darkdrift uncertainty for readout-channel 4 = 0.303397
Trimmed average of values in readout-channel 1 = 5.854005
Trimmed average of values in readout-channel 2 = 5.316679
Trimmed average of values in readout-channel 3 = 5.919399
Trimmed average of values in readout-channel 4 = 5.972090
Darkdrift background term = 5.765543
...for data plane = 30
Darkdrift correction for readout-channel 1 = -0.035296
Darkdrift correction for readout-channel 2 = -0.313411
Darkdrift correction for readout-channel 3 = -0.088290
Darkdrift correction for readout-channel 4 = 0.436998
Darkdrift uncertainty for readout-channel 1 = 0.302995
Darkdrift uncertainty for readout-channel 2 = 0.302412
Darkdrift uncertainty for readout-channel 3 = 0.303136
Darkdrift uncertainty for readout-channel 4 = 0.303475
Trimmed average of values in readout-channel 1 = 5.240040
Trimmed average of values in readout-channel 2 = 4.961925
Trimmed average of values in readout-channel 3 = 5.187046
Trimmed average of values in readout-channel 4 = 5.712334
Darkdrift background term = 5.275336
...for data plane = 31
Darkdrift correction for readout-channel 1 = -0.113105
Darkdrift correction for readout-channel 2 = -0.527625
Darkdrift correction for readout-channel 3 = 0.201604
Darkdrift correction for readout-channel 4 = 0.439126
Darkdrift uncertainty for readout-channel 1 = 0.302968
Darkdrift uncertainty for readout-channel 2 = 0.302984
Darkdrift uncertainty for readout-channel 3 = 0.303225
Darkdrift uncertainty for readout-channel 4 = 0.302969
Trimmed average of values in readout-channel 1 = 5.676034
Trimmed average of values in readout-channel 2 = 5.261514
Trimmed average of values in readout-channel 3 = 5.990743
Trimmed average of values in readout-channel 4 = 6.228265
Darkdrift background term = 5.789139
...for data plane = 32
Darkdrift correction for readout-channel 1 = 0.417238
Darkdrift correction for readout-channel 2 = -0.070084
Darkdrift correction for readout-channel 3 = -0.499941
Darkdrift correction for readout-channel 4 = 0.152787
Darkdrift uncertainty for readout-channel 1 = 0.378193
Darkdrift uncertainty for readout-channel 2 = 0.304075
Darkdrift uncertainty for readout-channel 3 = 0.303210
Darkdrift uncertainty for readout-channel 4 = 0.302980
Trimmed average of values in readout-channel 1 = 6.115456
Trimmed average of values in readout-channel 2 = 5.628134
Trimmed average of values in readout-channel 3 = 5.198277
Trimmed average of values in readout-channel 4 = 5.851005
Darkdrift background term = 5.698218
...for data plane = 33
Darkdrift correction for readout-channel 1 = -0.330020
Darkdrift correction for readout-channel 2 = -0.086757
Darkdrift correction for readout-channel 3 = 0.230813
Darkdrift correction for readout-channel 4 = 0.185964
Darkdrift uncertainty for readout-channel 1 = 0.302842
Darkdrift uncertainty for readout-channel 2 = 0.302711
Darkdrift uncertainty for readout-channel 3 = 0.302973
Darkdrift uncertainty for readout-channel 4 = 0.302966
Trimmed average of values in readout-channel 1 = 5.194868
Trimmed average of values in readout-channel 2 = 5.438130
Trimmed average of values in readout-channel 3 = 5.755701
Trimmed average of values in readout-channel 4 = 5.710852
Darkdrift background term = 5.524888
...for data plane = 34
Darkdrift correction for readout-channel 1 = 0.028208
Darkdrift correction for readout-channel 2 = -0.234782
Darkdrift correction for readout-channel 3 = 0.165544
Darkdrift correction for readout-channel 4 = 0.041029
Darkdrift uncertainty for readout-channel 1 = 0.302984
Darkdrift uncertainty for readout-channel 2 = 0.302693
Darkdrift uncertainty for readout-channel 3 = 0.303295
Darkdrift uncertainty for readout-channel 4 = 0.302978
Trimmed average of values in readout-channel 1 = 6.065354
Trimmed average of values in readout-channel 2 = 5.802364
Trimmed average of values in readout-channel 3 = 6.202690
Trimmed average of values in readout-channel 4 = 6.078175
Darkdrift background term = 6.037146
...for data plane = 35
Darkdrift correction for readout-channel 1 = 0.113719
Darkdrift correction for readout-channel 2 = -0.440261
Darkdrift correction for readout-channel 3 = 0.194977
Darkdrift correction for readout-channel 4 = 0.131564
Darkdrift uncertainty for readout-channel 1 = 0.302986
Darkdrift uncertainty for readout-channel 2 = 0.302975
Darkdrift uncertainty for readout-channel 3 = 0.234004
Darkdrift uncertainty for readout-channel 4 = 0.303480
Trimmed average of values in readout-channel 1 = 5.706007
Trimmed average of values in readout-channel 2 = 5.152027
Trimmed average of values in readout-channel 3 = 5.787265
Trimmed average of values in readout-channel 4 = 5.723852
Darkdrift background term = 5.592288
...for data plane = 36
Darkdrift correction for readout-channel 1 = -0.201413
Darkdrift correction for readout-channel 2 = 0.147301
Darkdrift correction for readout-channel 3 = -0.000251
Darkdrift correction for readout-channel 4 = 0.054364
Darkdrift uncertainty for readout-channel 1 = 0.303341
Darkdrift uncertainty for readout-channel 2 = 0.302973
Darkdrift uncertainty for readout-channel 3 = 0.303366
Darkdrift uncertainty for readout-channel 4 = 0.303483
Trimmed average of values in readout-channel 1 = 5.423635
Trimmed average of values in readout-channel 2 = 5.772349
Trimmed average of values in readout-channel 3 = 5.624797
Trimmed average of values in readout-channel 4 = 5.679412
Darkdrift background term = 5.625048
...for data plane = 37
Darkdrift correction for readout-channel 1 = 0.210752
Darkdrift correction for readout-channel 2 = -0.524748
Darkdrift correction for readout-channel 3 = 0.141186
Darkdrift correction for readout-channel 4 = 0.172809
Darkdrift uncertainty for readout-channel 1 = 0.302990
Darkdrift uncertainty for readout-channel 2 = 0.303255
Darkdrift uncertainty for readout-channel 3 = 0.302985
Darkdrift uncertainty for readout-channel 4 = 0.302999
Trimmed average of values in readout-channel 1 = 6.114695
Trimmed average of values in readout-channel 2 = 5.379195
Trimmed average of values in readout-channel 3 = 6.045129
Trimmed average of values in readout-channel 4 = 6.076752
Darkdrift background term = 5.903943
...for data plane = 38
Darkdrift correction for readout-channel 1 = 0.265067
Darkdrift correction for readout-channel 2 = -0.432271
Darkdrift correction for readout-channel 3 = -0.265346
Darkdrift correction for readout-channel 4 = 0.432550
Darkdrift uncertainty for readout-channel 1 = 0.302059
Darkdrift uncertainty for readout-channel 2 = 0.302144
Darkdrift uncertainty for readout-channel 3 = 0.228034
Darkdrift uncertainty for readout-channel 4 = 0.302986
Trimmed average of values in readout-channel 1 = 5.822471
Trimmed average of values in readout-channel 2 = 5.125133
Trimmed average of values in readout-channel 3 = 5.292058
Trimmed average of values in readout-channel 4 = 5.989954
Darkdrift background term = 5.557404
...for data plane = 39
Darkdrift correction for readout-channel 1 = -0.219527
Darkdrift correction for readout-channel 2 = 0.050196
Darkdrift correction for readout-channel 3 = 0.101258
Darkdrift correction for readout-channel 4 = 0.068073
Darkdrift uncertainty for readout-channel 1 = 0.376115
Darkdrift uncertainty for readout-channel 2 = 0.302982
Darkdrift uncertainty for readout-channel 3 = 0.303451
Darkdrift uncertainty for readout-channel 4 = 0.303477
Trimmed average of values in readout-channel 1 = 5.563700
Trimmed average of values in readout-channel 2 = 5.833423
Trimmed average of values in readout-channel 3 = 5.884485
Trimmed average of values in readout-channel 4 = 5.851300
Darkdrift background term = 5.783227
...for data plane = 40
Darkdrift correction for readout-channel 1 = 0.401890
Darkdrift correction for readout-channel 2 = -0.426462
Darkdrift correction for readout-channel 3 = 0.060958
Darkdrift correction for readout-channel 4 = -0.036385
Darkdrift uncertainty for readout-channel 1 = 0.302964
Darkdrift uncertainty for readout-channel 2 = 0.304346
Darkdrift uncertainty for readout-channel 3 = 0.303055
Darkdrift uncertainty for readout-channel 4 = 0.303063
Trimmed average of values in readout-channel 1 = 5.894231
Trimmed average of values in readout-channel 2 = 5.065879
Trimmed average of values in readout-channel 3 = 5.553299
Trimmed average of values in readout-channel 4 = 5.455956
Darkdrift background term = 5.492341
...for data plane = 41
Darkdrift correction for readout-channel 1 = -0.146324
Darkdrift correction for readout-channel 2 = 0.221097
Darkdrift correction for readout-channel 3 = -0.152810
Darkdrift correction for readout-channel 4 = 0.078037
Darkdrift uncertainty for readout-channel 1 = 0.303089
Darkdrift uncertainty for readout-channel 2 = 0.303005
Darkdrift uncertainty for readout-channel 3 = 0.303678
Darkdrift uncertainty for readout-channel 4 = 0.302968
Trimmed average of values in readout-channel 1 = 5.608967
Trimmed average of values in readout-channel 2 = 5.976388
Trimmed average of values in readout-channel 3 = 5.602482
Trimmed average of values in readout-channel 4 = 5.833328
Darkdrift background term = 5.755291
...for data plane = 42
Darkdrift correction for readout-channel 1 = -0.099481
Darkdrift correction for readout-channel 2 = 0.040414
Darkdrift correction for readout-channel 3 = 0.122926
Darkdrift correction for readout-channel 4 = -0.063859
Darkdrift uncertainty for readout-channel 1 = 0.303242
Darkdrift uncertainty for readout-channel 2 = 0.303237
Darkdrift uncertainty for readout-channel 3 = 0.302667
Darkdrift uncertainty for readout-channel 4 = 0.303002
Trimmed average of values in readout-channel 1 = 5.355398
Trimmed average of values in readout-channel 2 = 5.495294
Trimmed average of values in readout-channel 3 = 5.577806
Trimmed average of values in readout-channel 4 = 5.391021
Darkdrift background term = 5.454880
...for data plane = 43
Darkdrift correction for readout-channel 1 = 0.192862
Darkdrift correction for readout-channel 2 = -0.528351
Darkdrift correction for readout-channel 3 = -0.129701
Darkdrift correction for readout-channel 4 = 0.465191
Darkdrift uncertainty for readout-channel 1 = 0.302836
Darkdrift uncertainty for readout-channel 2 = 0.302974
Darkdrift uncertainty for readout-channel 3 = 0.302989
Darkdrift uncertainty for readout-channel 4 = 0.303132
Trimmed average of values in readout-channel 1 = 6.150145
Trimmed average of values in readout-channel 2 = 5.428932
Trimmed average of values in readout-channel 3 = 5.827582
Trimmed average of values in readout-channel 4 = 6.422474
Darkdrift background term = 5.957283
...for data plane = 44
Darkdrift correction for readout-channel 1 = -0.264325
Darkdrift correction for readout-channel 2 = -0.564833
Darkdrift correction for readout-channel 3 = 0.060845
Darkdrift correction for readout-channel 4 = 0.768313
Darkdrift uncertainty for readout-channel 1 = 0.302978
Darkdrift uncertainty for readout-channel 2 = 0.303802
Darkdrift uncertainty for readout-channel 3 = 0.376626
Darkdrift uncertainty for readout-channel 4 = 0.303140
Trimmed average of values in readout-channel 1 = 5.578672
Trimmed average of values in readout-channel 2 = 5.278163
Trimmed average of values in readout-channel 3 = 5.903841
Trimmed average of values in readout-channel 4 = 6.611309
Darkdrift background term = 5.842996
...for data plane = 45
Darkdrift correction for readout-channel 1 = -0.247866
Darkdrift correction for readout-channel 2 = -0.027448
Darkdrift correction for readout-channel 3 = 0.199489
Darkdrift correction for readout-channel 4 = 0.075825
Darkdrift uncertainty for readout-channel 1 = 0.303095
Darkdrift uncertainty for readout-channel 2 = 0.305442
Darkdrift uncertainty for readout-channel 3 = 0.303291
Darkdrift uncertainty for readout-channel 4 = 0.303480
Trimmed average of values in readout-channel 1 = 5.339857
Trimmed average of values in readout-channel 2 = 5.560275
Trimmed average of values in readout-channel 3 = 5.787212
Trimmed average of values in readout-channel 4 = 5.663548
Darkdrift background term = 5.587723
...for data plane = 46
Darkdrift correction for readout-channel 1 = 0.628146
Darkdrift correction for readout-channel 2 = -0.315273
Darkdrift correction for readout-channel 3 = -0.117004
Darkdrift correction for readout-channel 4 = -0.195869
Darkdrift uncertainty for readout-channel 1 = 0.302985
Darkdrift uncertainty for readout-channel 2 = 0.302984
Darkdrift uncertainty for readout-channel 3 = 0.302917
Darkdrift uncertainty for readout-channel 4 = 0.268049
Trimmed average of values in readout-channel 1 = 6.434552
Trimmed average of values in readout-channel 2 = 5.491133
Trimmed average of values in readout-channel 3 = 5.689401
Trimmed average of values in readout-channel 4 = 5.610537
Darkdrift background term = 5.806406
...for data plane = 47
Darkdrift correction for readout-channel 1 = 0.307926
Darkdrift correction for readout-channel 2 = -0.213164
Darkdrift correction for readout-channel 3 = 0.232384
Darkdrift correction for readout-channel 4 = -0.327146
Darkdrift uncertainty for readout-channel 1 = 0.303726
Darkdrift uncertainty for readout-channel 2 = 0.302694
Darkdrift uncertainty for readout-channel 3 = 0.303103
Darkdrift uncertainty for readout-channel 4 = 0.303224
Trimmed average of values in readout-channel 1 = 6.350379
Trimmed average of values in readout-channel 2 = 5.829289
Trimmed average of values in readout-channel 3 = 6.274837
Trimmed average of values in readout-channel 4 = 5.715307
Darkdrift background term = 6.042453
...for data plane = 48
Darkdrift correction for readout-channel 1 = -0.010414
Darkdrift correction for readout-channel 2 = -0.274386
Darkdrift correction for readout-channel 3 = -0.025970
Darkdrift correction for readout-channel 4 = 0.310771
Darkdrift uncertainty for readout-channel 1 = 0.303689
Darkdrift uncertainty for readout-channel 2 = 0.302987
Darkdrift uncertainty for readout-channel 3 = 0.302894
Darkdrift uncertainty for readout-channel 4 = 0.302993
Trimmed average of values in readout-channel 1 = 5.430275
Trimmed average of values in readout-channel 2 = 5.166304
Trimmed average of values in readout-channel 3 = 5.414720
Trimmed average of values in readout-channel 4 = 5.751461
Darkdrift background term = 5.440690
...for data plane = 49
Darkdrift correction for readout-channel 1 = 0.070113
Darkdrift correction for readout-channel 2 = 0.166730
Darkdrift correction for readout-channel 3 = -0.227713
Darkdrift correction for readout-channel 4 = -0.009130
Darkdrift uncertainty for readout-channel 1 = 0.302975
Darkdrift uncertainty for readout-channel 2 = 0.302972
Darkdrift uncertainty for readout-channel 3 = 0.378544
Darkdrift uncertainty for readout-channel 4 = 0.303136
Trimmed average of values in readout-channel 1 = 5.670450
Trimmed average of values in readout-channel 2 = 5.767066
Trimmed average of values in readout-channel 3 = 5.372623
Trimmed average of values in readout-channel 4 = 5.591207
Darkdrift background term = 5.600336
...for data plane = 50
Darkdrift correction for readout-channel 1 = 0.343464
Darkdrift correction for readout-channel 2 = -0.368417
Darkdrift correction for readout-channel 3 = -0.166086
Darkdrift correction for readout-channel 4 = 0.191039
Darkdrift uncertainty for readout-channel 1 = 0.302988
Darkdrift uncertainty for readout-channel 2 = 0.303536
Darkdrift uncertainty for readout-channel 3 = 0.303124
Darkdrift uncertainty for readout-channel 4 = 0.227986
Trimmed average of values in readout-channel 1 = 5.991292
Trimmed average of values in readout-channel 2 = 5.279411
Trimmed average of values in readout-channel 3 = 5.481742
Trimmed average of values in readout-channel 4 = 5.838867
Darkdrift background term = 5.647828
...for data plane = 51
Darkdrift correction for readout-channel 1 = -0.636806
Darkdrift correction for readout-channel 2 = 0.140630
Darkdrift correction for readout-channel 3 = 0.270408
Darkdrift correction for readout-channel 4 = 0.225768
Darkdrift uncertainty for readout-channel 1 = 0.303227
Darkdrift uncertainty for readout-channel 2 = 0.302697
Darkdrift uncertainty for readout-channel 3 = 0.303048
Darkdrift uncertainty for readout-channel 4 = 0.303476
Trimmed average of values in readout-channel 1 = 5.155106
Trimmed average of values in readout-channel 2 = 5.932542
Trimmed average of values in readout-channel 3 = 6.062321
Trimmed average of values in readout-channel 4 = 6.017680
Darkdrift background term = 5.791912
...for data plane = 52
Darkdrift correction for readout-channel 1 = -0.154908
Darkdrift correction for readout-channel 2 = -0.384271
Darkdrift correction for readout-channel 3 = 0.057463
Darkdrift correction for readout-channel 4 = 0.481715
Darkdrift uncertainty for readout-channel 1 = 0.378057
Darkdrift uncertainty for readout-channel 2 = 0.302713
Darkdrift uncertainty for readout-channel 3 = 0.303329
Darkdrift uncertainty for readout-channel 4 = 0.303296
Trimmed average of values in readout-channel 1 = 5.533000
Trimmed average of values in readout-channel 2 = 5.303637
Trimmed average of values in readout-channel 3 = 5.745372
Trimmed average of values in readout-channel 4 = 6.169624
Darkdrift background term = 5.687908
...for data plane = 53
Darkdrift correction for readout-channel 1 = 0.100205
Darkdrift correction for readout-channel 2 = -0.008070
Darkdrift correction for readout-channel 3 = 0.105948
Darkdrift correction for readout-channel 4 = -0.198083
Darkdrift uncertainty for readout-channel 1 = 0.303481
Darkdrift uncertainty for readout-channel 2 = 0.303818
Darkdrift uncertainty for readout-channel 3 = 0.301771
Darkdrift uncertainty for readout-channel 4 = 0.302982
Trimmed average of values in readout-channel 1 = 5.733391
Trimmed average of values in readout-channel 2 = 5.625116
Trimmed average of values in readout-channel 3 = 5.739133
Trimmed average of values in readout-channel 4 = 5.435103
Darkdrift background term = 5.633186
...for data plane = 54
Darkdrift correction for readout-channel 1 = 0.177759
Darkdrift correction for readout-channel 2 = -0.192098
Darkdrift correction for readout-channel 3 = -0.249697
Darkdrift correction for readout-channel 4 = 0.264035
Darkdrift uncertainty for readout-channel 1 = 0.303113
Darkdrift uncertainty for readout-channel 2 = 0.303243
Darkdrift uncertainty for readout-channel 3 = 0.302980
Darkdrift uncertainty for readout-channel 4 = 0.302962
Trimmed average of values in readout-channel 1 = 5.831348
Trimmed average of values in readout-channel 2 = 5.461491
Trimmed average of values in readout-channel 3 = 5.403892
Trimmed average of values in readout-channel 4 = 5.917624
Darkdrift background term = 5.653589
...for data plane = 55
Darkdrift correction for readout-channel 1 = -0.453743
Darkdrift correction for readout-channel 2 = 0.015805
Darkdrift correction for readout-channel 3 = 0.331465
Darkdrift correction for readout-channel 4 = 0.106473
Darkdrift uncertainty for readout-channel 1 = 0.302576
Darkdrift uncertainty for readout-channel 2 = 0.302982
Darkdrift uncertainty for readout-channel 3 = 0.302809
Darkdrift uncertainty for readout-channel 4 = 0.302976
Trimmed average of values in readout-channel 1 = 5.053822
Trimmed average of values in readout-channel 2 = 5.523369
Trimmed average of values in readout-channel 3 = 5.839029
Trimmed average of values in readout-channel 4 = 5.614038
Darkdrift background term = 5.507565
...for data plane = 56
Darkdrift correction for readout-channel 1 = -0.346010
Darkdrift correction for readout-channel 2 = -0.280653
Darkdrift correction for readout-channel 3 = 0.550060
Darkdrift correction for readout-channel 4 = 0.076603
Darkdrift uncertainty for readout-channel 1 = 0.302982
Darkdrift uncertainty for readout-channel 2 = 0.305187
Darkdrift uncertainty for readout-channel 3 = 0.303231
Darkdrift uncertainty for readout-channel 4 = 0.302965
Trimmed average of values in readout-channel 1 = 5.240089
Trimmed average of values in readout-channel 2 = 5.305446
Trimmed average of values in readout-channel 3 = 6.136158
Trimmed average of values in readout-channel 4 = 5.662702
Darkdrift background term = 5.586099
...for data plane = 57
Darkdrift correction for readout-channel 1 = 0.152317
Darkdrift correction for readout-channel 2 = 0.196124
Darkdrift correction for readout-channel 3 = -0.567396
Darkdrift correction for readout-channel 4 = 0.218955
Darkdrift uncertainty for readout-channel 1 = 0.303356
Darkdrift uncertainty for readout-channel 2 = 0.303805
Darkdrift uncertainty for readout-channel 3 = 0.302987
Darkdrift uncertainty for readout-channel 4 = 0.302990
Trimmed average of values in readout-channel 1 = 6.224968
Trimmed average of values in readout-channel 2 = 6.268776
Trimmed average of values in readout-channel 3 = 5.505255
Trimmed average of values in readout-channel 4 = 6.291606
Darkdrift background term = 6.072651
...for data plane = 58
Darkdrift correction for readout-channel 1 = 0.243926
Darkdrift correction for readout-channel 2 = -0.577446
Darkdrift correction for readout-channel 3 = -0.020270
Darkdrift correction for readout-channel 4 = 0.353791
Darkdrift uncertainty for readout-channel 1 = 0.303589
Darkdrift uncertainty for readout-channel 2 = 0.302690
Darkdrift uncertainty for readout-channel 3 = 0.303215
Darkdrift uncertainty for readout-channel 4 = 0.303145
Trimmed average of values in readout-channel 1 = 0.636049
Trimmed average of values in readout-channel 2 = -0.185323
Trimmed average of values in readout-channel 3 = 0.371853
Trimmed average of values in readout-channel 4 = 0.745914
Darkdrift background term = 0.392123
...for data plane = 59
Darkdrift correction for readout-channel 1 = 0.017433
Darkdrift correction for readout-channel 2 = 0.070429
Darkdrift correction for readout-channel 3 = -0.091525
Darkdrift correction for readout-channel 4 = 0.003663
Darkdrift uncertainty for readout-channel 1 = 0.303101
Darkdrift uncertainty for readout-channel 2 = 0.302709
Darkdrift uncertainty for readout-channel 3 = 0.302890
Darkdrift uncertainty for readout-channel 4 = 0.303179
Trimmed average of values in readout-channel 1 = 5.827771
Trimmed average of values in readout-channel 2 = 5.880766
Trimmed average of values in readout-channel 3 = 5.718813
Trimmed average of values in readout-channel 4 = 5.814000
Darkdrift background term = 5.810337
...for data plane = 60
Darkdrift correction for readout-channel 1 = 0.460737
Darkdrift correction for readout-channel 2 = -0.410642
Darkdrift correction for readout-channel 3 = -0.309181
Darkdrift correction for readout-channel 4 = 0.259086
Darkdrift uncertainty for readout-channel 1 = 0.303092
Darkdrift uncertainty for readout-channel 2 = 0.302966
Darkdrift uncertainty for readout-channel 3 = 0.302972
Darkdrift uncertainty for readout-channel 4 = 0.304323
Trimmed average of values in readout-channel 1 = 6.178109
Trimmed average of values in readout-channel 2 = 5.306729
Trimmed average of values in readout-channel 3 = 5.408191
Trimmed average of values in readout-channel 4 = 5.976458
Darkdrift background term = 5.717371
...for data plane = 61
Darkdrift correction for readout-channel 1 = 0.576294
Darkdrift correction for readout-channel 2 = -0.442180
Darkdrift correction for readout-channel 3 = -0.163054
Darkdrift correction for readout-channel 4 = 0.028940
Darkdrift uncertainty for readout-channel 1 = 0.302446
Darkdrift uncertainty for readout-channel 2 = 0.302974
Darkdrift uncertainty for readout-channel 3 = 0.302975
Darkdrift uncertainty for readout-channel 4 = 0.302986
Trimmed average of values in readout-channel 1 = 6.158487
Trimmed average of values in readout-channel 2 = 5.140013
Trimmed average of values in readout-channel 3 = 5.419138
Trimmed average of values in readout-channel 4 = 5.611133
Darkdrift background term = 5.582193
...for data plane = 62
Darkdrift correction for readout-channel 1 = 0.495610
Darkdrift correction for readout-channel 2 = -0.519264
Darkdrift correction for readout-channel 3 = 0.334660
Darkdrift correction for readout-channel 4 = -0.311006
Darkdrift uncertainty for readout-channel 1 = 0.303037
Darkdrift uncertainty for readout-channel 2 = 0.302982
Darkdrift uncertainty for readout-channel 3 = 0.302735
Darkdrift uncertainty for readout-channel 4 = 0.303479
Trimmed average of values in readout-channel 1 = 6.011506
Trimmed average of values in readout-channel 2 = 4.996632
Trimmed average of values in readout-channel 3 = 5.850556
Trimmed average of values in readout-channel 4 = 5.204890
Darkdrift background term = 5.515896
...for data plane = 63
Darkdrift correction for readout-channel 1 = 0.190235
Darkdrift correction for readout-channel 2 = -0.296763
Darkdrift correction for readout-channel 3 = 0.063826
Darkdrift correction for readout-channel 4 = 0.042702
Darkdrift uncertainty for readout-channel 1 = 0.303235
Darkdrift uncertainty for readout-channel 2 = 0.302983
Darkdrift uncertainty for readout-channel 3 = 0.303045
Darkdrift uncertainty for readout-channel 4 = 0.302975
Trimmed average of values in readout-channel 1 = 5.844937
Trimmed average of values in readout-channel 2 = 5.357938
Trimmed average of values in readout-channel 3 = 5.718527
Trimmed average of values in readout-channel 4 = 5.697403
Darkdrift background term = 5.654701
...for data plane = 64
Darkdrift correction for readout-channel 1 = 0.347470
Darkdrift correction for readout-channel 2 = -0.238957
Darkdrift correction for readout-channel 3 = -0.078419
Darkdrift correction for readout-channel 4 = -0.030094
Darkdrift uncertainty for readout-channel 1 = 0.303758
Darkdrift uncertainty for readout-channel 2 = 0.302987
Darkdrift uncertainty for readout-channel 3 = 0.303288
Darkdrift uncertainty for readout-channel 4 = 0.302970
Trimmed average of values in readout-channel 1 = 5.731626
Trimmed average of values in readout-channel 2 = 5.145198
Trimmed average of values in readout-channel 3 = 5.305737
Trimmed average of values in readout-channel 4 = 5.354062
Darkdrift background term = 5.384156

Program darkdrift: Status Message: 0x0000
Normal exit from Function 0x0000: LOG_WRITER
darkdrift Warning: NaN's were produced in the results.
A total of     2013   NaN's were produced in the results.
Processing time: 11.450000 seconds
Current date/time: Sat Jan  9 14:58:00 2016
Program darkdrift, version 4.1, terminated.

darkdrift   exit_value =   0    execution_time = 11.540s
******************************************************************
Pipeline executing flatap
flatap -i darkdrift.fits -p cal/pmask.fits -f cal/skyflat.fits -ui sig_darkdrift.fits -uo sig_flatap.fits -d dmask.fits -o flatap.fits -c cal/skyflat_cmask.fits 
******************************************************************
Pipeline Module FLATAP Version 1.5
Processing time Sat Jan  9 14:58:00 2016

flatap_parse_namelist: Information only: Namelist not specified.
Sat Jan  9 14:58:00 2016
flatap_log_writer: Could not open Log File, using stdout
Flatap Version 1.5
Namelist File  = 
Input DCE = darkdrift.fits
Output DCE = !flatap.fits
Flatfield = cal/skyflat.fits
Input Uncertainty = sig_darkdrift.fits
Output Uncertainty = !sig_flatap.fits
Pmask File = cal/pmask.fits
Pmask Mask = 128
Dmask File = dmask.fits
Dmask Mask = 16384
Cmask File = cal/skyflat_cmask.fits
Cmask Mask = 256
Trans CAL File = 
Trans CAL CMask File = 
Processing Log File = 
Time =    0.18 seconds
*********************

Time = 0.180 seconds
exit code 0

flatap   exit_value =   0    execution_time = 0.240s
******************************************************************
Pipeline executing imfliprot
imfliprot -i flatap.fits -n cdf/pn107.nl -a /sos/sw/S19.2.0/STUDIO/downlink/include -o imfliprot.fits 
******************************************************************

imfliprot_log_writer: Printing Log output to stdout

Program imfliprot, Version 1.0
Namelist File  = cdf/pn107.nl
Input File = flatap.fits
Output File = imfliprot.fits
Image has been flipped
Image Rotation (degrees)  = 180
Ancillary Data-File Path = /sos/sw/S19.2.0/STUDIO/downlink/include
Verbose flag = 0
Debug flag = 0
imfliprot Status Message      0x0000: Normal exit from Function 0x0000: LOG_WRITER
Processing time: 0.180000 seconds
Current date/time: Sat Jan  9 14:58:00 2016
Program imfliprot, version 1.0, terminated.


imfliprot   exit_value =   0    execution_time = 0.220s
******************************************************************
Pipeline executing imfliprot
imfliprot -i sig_flatap.fits -n cdf/pn107.nl -a /sos/sw/S19.2.0/STUDIO/downlink/include -o sig_imfliprot.fits 
******************************************************************

imfliprot_log_writer: Printing Log output to stdout

Program imfliprot, Version 1.0
Namelist File  = cdf/pn107.nl
Input File = sig_flatap.fits
Output File = sig_imfliprot.fits
Image has been flipped
Image Rotation (degrees)  = 180
Ancillary Data-File Path = /sos/sw/S19.2.0/STUDIO/downlink/include
Verbose flag = 0
Debug flag = 0
imfliprot Status Message      0x0000: Normal exit from Function 0x0000: LOG_WRITER
Processing time: 0.190000 seconds
Current date/time: Sat Jan  9 14:58:01 2016
Program imfliprot, version 1.0, terminated.


imfliprot   exit_value =   0    execution_time = 0.240s
******************************************************************
Pipeline executing imfliprot
imfliprot -i dmask.fits -n cdf/pn107.nl -a /sos/sw/S19.2.0/STUDIO/downlink/include -o temp_dmask.fits 
******************************************************************

imfliprot_log_writer: Printing Log output to stdout

Program imfliprot, Version 1.0
Namelist File  = cdf/pn107.nl
Input File = dmask.fits
Output File = temp_dmask.fits
Image has been flipped
Image Rotation (degrees)  = 180
Ancillary Data-File Path = /sos/sw/S19.2.0/STUDIO/downlink/include
Verbose flag = 0
Debug flag = 0
imfliprot Status Message      0x0000: Normal exit from Function 0x0000: LOG_WRITER
Processing time: 0.060000 seconds
Current date/time: Sat Jan  9 14:58:01 2016
Program imfliprot, version 1.0, terminated.


imfliprot   exit_value =   0    execution_time = 0.100s
******************************************************************
Pipeline executing imfliprot
imfliprot -i fowlinearize.fits -n cdf/pn107.nl -a /sos/sw/S19.2.0/STUDIO/downlink/include -o temp_fowlinearize.fits 
******************************************************************

imfliprot_log_writer: Printing Log output to stdout

Program imfliprot, Version 1.0
Namelist File  = cdf/pn107.nl
Input File = fowlinearize.fits
Output File = temp_fowlinearize.fits
Image has been flipped
Image Rotation (degrees)  = 180
Ancillary Data-File Path = /sos/sw/S19.2.0/STUDIO/downlink/include
Verbose flag = 0
Debug flag = 0
imfliprot Status Message      0x0000: Normal exit from Function 0x0000: LOG_WRITER
Processing time: 0.080000 seconds
Current date/time: Sat Jan  9 14:58:01 2016
Program imfliprot, version 1.0, terminated.


imfliprot   exit_value =   0    execution_time = 0.120s
******************************************************************
Pipeline executing imfliprot
imfliprot -i sig_fowlinearize.fits -n cdf/pn107.nl -a /sos/sw/S19.2.0/STUDIO/downlink/include -o temp_sig_fowlinearize.fits 
******************************************************************

imfliprot_log_writer: Printing Log output to stdout

Program imfliprot, Version 1.0
Namelist File  = cdf/pn107.nl
Input File = sig_fowlinearize.fits
Output File = temp_sig_fowlinearize.fits
Image has been flipped
Image Rotation (degrees)  = 180
Ancillary Data-File Path = /sos/sw/S19.2.0/STUDIO/downlink/include
Verbose flag = 0
Debug flag = 0
imfliprot Status Message      0x0000: Normal exit from Function 0x0000: LOG_WRITER
Processing time: 0.080000 seconds
Current date/time: Sat Jan  9 14:58:01 2016
Program imfliprot, version 1.0, terminated.


imfliprot   exit_value =   0    execution_time = 0.120s
******************************************************************
Pipeline executing dntoflux
dntoflux -i imfliprot.fits -iu sig_imfliprot.fits -n cdf/pn107.nl -co 0 -c 0.1447 -u 0.0000 -a /sos/sw/S19.2.0/STUDIO/downlink/include -o1 dntoflux.fits -ou sig_dntoflux.fits -t 1 
******************************************************************

Program dntoflux, Version 4.2
Namelist File  = cdf/pn107.nl
Input Image = imfliprot.fits
Output File 1 = dntoflux.fits
Output Uncertainty Image = sig_dntoflux.fits
Operation flag = 0
Conversion factor = 0.144700
Input Uncertainty Image = sig_imfliprot.fits
Conversion-factor uncertainty = 0.000000
Output BUNIT setting = MJy/sr
Normalize-by-EXPTIME Flag = 1
EXPTIME = 1.920000
Data-Plane Flag = 1
Ancillary Data-File Path = /sos/sw/S19.2.0/STUDIO/downlink/include
Verbose flag = 0
Super-verbose flag = 0
Debug flag = 0
Terminating data-units-conversion program.
dntoflux Status Message: 0x0000
Normal exit from Function 0x0000: LOG_WRITER
dntoflux Probs Warning: NaN's were produced in the results.
A total of     4026   NaN's were produced in the results.
Processing time: 0.450000 seconds
Current date/time: Sat Jan  9 14:58:02 2016
Program dntoflux, version 4.2, terminated.

dntoflux   exit_value =   0    execution_time = 0.580s
******************************************************************
Pipeline executing qatool
qatool -i dntoflux.fits -n cdf/pn107.nl -nb QATOOLBCD -a /sos/sw/S19.2.0/STUDIO/downlink/include -o qa/BCD_qatool 
******************************************************************
qatool_parse_namelist: Information only: Namelist block-name = &QATOOLBCD
Program qatool, Version 6.0
Namelist File  = cdf/pn107.nl
Input File = dntoflux.fits
Output Data Filename Base = qa/BCD_qatool
Statistics Group = 0
Percent-Scaling Flag = 0
Calculation Type = 1
(set-up to do additional computations for four readout channels)
Number of Mean Absolute Deviations for Histogram Half-Width Coverage = 5
Number of Bins in Histograms = 41
Central fraction for trimmed average = 0.810000
Central fraction for trimmed std. dev. = 0.720000
Bad-pixel tolerance fraction = 0.900000
Statistics Box X position = 3
Statistics Box Y position = 4
Statistics Box X width = 20
Statistics Box Y height = 23
Input-Image Transpose Flag = 1
Unsigned Integer Flag = 0
Data-Plane Flag = 1
Number Edge Rows/Cols Skipped = 2
Keyword Prefix = bcd
Ancillary Data-File Path = /sos/sw/S19.2.0/STUDIO/downlink/include
Verbose flag = 0
Super-verbose flag = 0
Debug flag = 0
Performed statistical and histogram calculations.
Program qatool: Status Message: 0x0000
Normal exit from Function 0x0000: LOG_WRITER
Processing time: 1.190000 seconds
Current date/time: Sat Jan  9 14:58:03 2016
Program qatool, version 6.0, terminated.

qatool   exit_value =   0    execution_time = 1.270s
******************************************************************
Pipeline executing chkmask
chkmask dmask.fits -q qa/BCD_qatool.qa 
******************************************************************
 chkmask vsn 1.35 A40312
 
 No. of occurrences of the   2 status combinations:
   2269 occurrences of   256 (8)                                 
   7 occurrences of   16 (4)                                 
 
 Status Bit: No. of Pixels
   0:   0
   1:   0
   2:   0
   3:   0
   4:   7
   5:   0
   6:   0
   7:   0
   8:   2269
   9:   0
   10:   0
   11:   0
   12:   0
   13:   0
   14:   0
 

chkmask   exit_value =   0    execution_time = 0.270s
******************************************************************
Loading QA information for DCE and BCD product
Keyword APDUV1E not found in header
Keyword APDUV2E not found in header
Keyword APDUV3E not found in header
Keyword APDUI1E not found in header
Keyword APDUI2E not found in header
Keyword APDUI3E not found in header
Could not append keyword APDUV1E to QA file qa/DCE_qatool.qa
Could not append keyword APDUV2E to QA file qa/DCE_qatool.qa
Could not append keyword APDUV3E to QA file qa/DCE_qatool.qa
Could not append keyword APDUI1E to QA file qa/DCE_qatool.qa
Could not append keyword APDUI2E to QA file qa/DCE_qatool.qa
Could not append keyword APDUI3E to QA file qa/DCE_qatool.qa
******************************************************************
Pipeline executing qaloader
qaloader -i qa/DCE_qatool.qa -tablename qa_iracdce -o qa/qaloader.sql -role pipelineswrole 
******************************************************************
2016/01/09 14:58:05 BEGIN qaloader v1.13
 -i (QA_FILE) qa/DCE_qatool.qa
 -tablename (TABLENAME) qa_iracdce
 -o (SQL_FILE) qa/qaloader.sql
 -role (ROLE) pipelineswrole
Using metadata version 13.0b
table name=qa_iracdce

QA values ingested:
{-4.610150e+01} {}
dceAveFI_1       -4.610150e+01 
{-4.968149e+01} {}
dceAveR1_1       -4.968149e+01 
{-2.929826e+01} {}
dceAveR2_1       -2.929826e+01 
{-3.286182e+01} {}
dceAveR3_1       -3.286182e+01 
{-7.256442e+01} {}
dceAveR4_1       -7.256442e+01 
{-2.200000e+01} {-4.968149e+01}
dceMedFI_1       -2.200000e+01 
{3.074497e+02} {}
dceSdevFI_1      3.074497e+02 
{4.770400e+00} {}
dceDSclFI_1      4.770400e+00 
{-8.914000e+03} {}
dceMinFI_1       -8.914000e+03 
{6.000000e+00} {}
dceMaxFI_1       6.000000e+00 
{147809483} {}
DCEID            147809483 
{2} {-4.610150e+01}
CHNLNUM          2 
{0} {}
ADCEID           0 
{8} {}
AFOWLNUM         8 
{184} {}
AWAITPER         184 
{0} {}
AWEASIDE         0 
{1} {}
AREADMOD         1 
{27.699513} {}
AFPAT1B          27.699513 
{28.669623} {}
AFPAT2B          28.669623 
{0} {}
APEDSIG          0 
{0} {}
ATXSTAT          0 
{0} {}
AFLSTAT          0 
{4} {}
ASHSTAT          4 
{-3.5578469} {}
AVRSTBEG         -3.5578469 
{-3.0562209} {}
AVDETBEG         -3.0562209 
{-3.618536} {}
AVGG1BEG         -3.618536 
{-3.550644} {}
AVDDUBEG         -3.550644 
{0} {}
AVGGCBEG         0 
{21.596006} {}
ACTENDT          21.596006 
{19.709178} {}
AFPECTE          19.709178 
{23.174509} {}
AFPEATE          23.174509 
{24.034472} {}
ATCTEMPE         24.034472 
{21.535044} {}
ACETEMPE         21.535044 
{21.504564} {}
APDTEMPE         21.504564 
{27.671961} {}
ACATMP2E         27.671961 
2016/01/09 14:58:05 END   qaloader status=0

qaloader   exit_value =   0    execution_time = 0.100s
******************************************************************
Pipeline executing qaloader
qaloader -i qa/BCD_qatool.qa -tablename qa_iracdp -o qa/qaloader.sql 
******************************************************************
2016/01/09 14:58:05 BEGIN qaloader v1.13
 -i (QA_FILE) qa/BCD_qatool.qa
 -tablename (TABLENAME) qa_iracdp
 -o (SQL_FILE) qa/qaloader.sql
Using metadata version 13.0b
table name=qa_iracdp

QA values ingested:
{2.520724e+00} {}
bcdAveFI_1       2.520724e+00 
{3.995469e+00} {}
bcdAveUB_1       3.995469e+00 
{5.402277e-01} {}
bcdMedFI_1       5.402277e-01 
{6.642903e-01} {}
bcdMedUB_1       6.642903e-01 
{2.614884e+01} {}
bcdSdevFI_1      2.614884e+01 
{3.407431e+01} {}
bcdSdevUB_1      3.407431e+01 
{4.267259e-01} {}
bcdDSclFI_1      4.267259e-01 
{5.005591e-01} {}
bcdDSclUB_1      5.005591e-01 
{-6.554669e-01} {}
bcdMinFI_1       -6.554669e-01 
{-3.254515e-01} {}
bcdMinUB_1       -3.254515e-01 
{6.962358e+02} {}
bcdMaxFI_1       6.962358e+02 
{6.962358e+02} {}
bcdMaxUB_1       6.962358e+02 
{5.175791e-01} {}
bcdC68lFI_1      5.175791e-01 
{5.703290e-01} {}
bcdC68uFI_1      5.703290e-01 
{391693217} {}
DPID             391693217 
{2} {2.520724e+00}
CHNLNUM          2 
2016/01/09 14:58:05 END   qaloader status=0

qaloader   exit_value =   0    execution_time = 0.130s
******************************************************************
Pipeline executing dbaccess
dbaccess -e sodb qa/qaloader.sql 
******************************************************************
set role pipelineswrole;
set lock mode to wait 30;
EXECUTE PROCEDURE addQA_iracdce (147809483, NULL, NULL, 2, -4.610150e+01, 
-2.200000e+01, -4.968149e+01, -2.929826e+01, -3.286182e+01, -7.256442e+01, 
3.074497e+02, 4.770400e+00, -8.914000e+03, 6.000000e+00, 0, 8, 184, 0, 1, 
27.699513, 28.669623, 0, 0, 0, 4, -3.5578469, -3.0562209, -3.618536, -3.550644, 
0, 21.596006, 19.709178, 23.174509, 24.034472, 21.535044, 21.504564, 27.671961, 
NULL, NULL, NULL, NULL, NULL, NULL);
EXECUTE PROCEDURE addQA_iracdp (391693217, NULL, NULL, 2, 2.520724e+00, 
3.995469e+00, 5.402277e-01, 6.642903e-01, 2.614884e+01, 3.407431e+01, 
4.267259e-01, 5.005591e-01, -6.554669e-01, -3.254515e-01, 6.962358e+02, 
6.962358e+02, 5.175791e-01, 5.703290e-01, NULL, NULL, NULL, NULL, NULL, NULL);
execute procedure setDceTimeParameters (147809483, 1037046287.300, "2012-11-10 20:18:26.990", 1.92, 2.00);

dbaccess   exit_value =   0    execution_time = 0.120s
******************************************************************
Finishing IRAC science pipeline processing
Could not copy cal/firstframe_corr.fits to /sbx20/S19.2.0/archive/proc/full/IRAC033400/bcd/4568/0046471424/2/0061/0000/17/01/1/cal/firstframe_corr.fits
Could not copy imask.fits to /sbx20/S19.2.0/archive/proc/full/IRAC033400/bcd/4568/0046471424/2/0061/0000/17/01/1/imask.fits
Could not copy muxbleedcorr.fits to /sbx20/S19.2.0/archive/proc/full/IRAC033400/bcd/4568/0046471424/2/0061/0000/17/01/1/muxbleedcorr.fits
Could not copy slremove.fits to /sbx20/S19.2.0/archive/proc/full/IRAC033400/bcd/4568/0046471424/2/0061/0000/17/01/1/slremove.fits
******************************************************************
PlScriptID 17 exiting Saturday, January  9, 2016  2:58:06 PM PST
Host: sopipe89
Local Processing Directory: /scr7/S19.2.0/IRAC033400/bcd/4568/0046471424/2/0061/0000/17/01/1
Sandbox Directory: /sbx20/S19.2.0/archive/proc/full/IRAC033400/bcd/4568/0046471424/2/0061/0000/17/01/1
Processing time: total 26.85 s (user 0.96, system 1.03, child user 16.43, child system 8.43)
Pipeline exit code: Normal exit (0)
******************************************************************
