 hdrupd8 vsn 1.6  A70821
******************************************************************
Executing IRAC science pipeline
******************************************************************
Pipeline executing sanity_datatype
sanity_datatype -i ../fos16.fits -t1 cdf/sanity_datatype1.tbl -t2 cdf/sanity_datatype2.tbl -o1 qa/sanity_datatype1.tbl -o2 qa/sanity_datatype2.tbl 
******************************************************************
Program Sanity_datatype is started .... Version 1.0, Sat Jan  9 14:58:19 2016
Input Image File = ../fos16.fits
Input Data Table 1 = cdf/sanity_datatype1.tbl
Input Data Table 2 = cdf/sanity_datatype2.tbl
Output Filename1 = qa/sanity_datatype1.tbl
Output Filename2 = qa/sanity_datatype2.tbl
Log File = stdout
I_Debug = 0
I_Verbose = 0
I_SuperVerbose = 0
Processing time: 0.070000 seconds
Program Sanity_datatype is done. Version 1.0, Sat Jan  9 14:58:19 2016


sanity_datatype   exit_value =   0    execution_time = 0.260s
******************************************************************
Pipeline executing qatool
qatool -i ../fos16.fits -n cdf/pn107.nl -nb QATOOLDCE -a /sos/sw/S19.2.0/STUDIO/downlink/include -o qa/DCE_qatool 
******************************************************************
qatool_parse_namelist: Information only: Namelist block-name = &QATOOLDCE
Program qatool, Version 6.0
Namelist File  = cdf/pn107.nl
Input File = ../fos16.fits
Output Data Filename Base = qa/DCE_qatool
Statistics Group = 0
Percent-Scaling Flag = 0
Calculation Type = 1
(set-up to do additional computations for four readout channels)
Number of Mean Absolute Deviations for Histogram Half-Width Coverage = 5
Number of Bins in Histograms = 41
Central fraction for trimmed average = 0.810000
Central fraction for trimmed std. dev. = 0.720000
Bad-pixel tolerance fraction = 0.340000
Statistics Box X position = 3
Statistics Box Y position = 4
Statistics Box X width = 27
Statistics Box Y height = 33
Input-Image Transpose Flag = 1
Unsigned Integer Flag = 0
Data-Plane Flag = 1
Number Edge Rows/Cols Skipped = 10
Keyword Prefix = dce
Ancillary Data-File Path = /sos/sw/S19.2.0/STUDIO/downlink/include
Verbose flag = 0
Super-verbose flag = 0
Debug flag = 0
Performed statistical and histogram calculations.
Program qatool: Status Message: 0x0000
Normal exit from Function 0x0000: LOG_WRITER
Processing time: 0.620000 seconds
Current date/time: Sat Jan  9 14:58:20 2016
Program qatool, version 6.0, terminated.

qatool   exit_value =   0    execution_time = 0.690s
******************************************************************
Pipeline executing sanity_check
sanity_check -i qa/DCE_qatool.tbl -o qa/sanity_check.tbl 
******************************************************************
Program Sanity_check is started .... Version 1.0, Sat Jan  9 14:58:23 2016

Input File = qa/DCE_qatool.tbl
Output = qa/sanity_check.tbl
Processing time: 0.030000 seconds
Current date/time: Sat Jan  9 14:58:23 2016
Program Sanity_check, version 1.0, terminated.

sanity_check   exit_value =   0    execution_time = 0.230s
******************************************************************
Pipeline executing abad_repair
abad_repair -i ../fos16.fits -o abad_repair.fits 
******************************************************************
Pipeline Module ABAD_REPAIR Version 1.2
Processing time Sat Jan  9 14:58:23 2016

ABAD_READ_DATA: A0752D00 = 0
status from read: 1
npixs = 65536
enter output with 0
files ../fos16.fits !abad_repair.fits 
open output [!abad_repair.fits]
comment [Sat Jan  9 14:58:23 2016]
Time = 0.030 seconds
exit code 0

abad_repair   exit_value =   0    execution_time = 0.060s
******************************************************************
Pipeline executing tranhead
tranhead -i abad_repair.fits -n cdf/pn107.nl -k /scr/S19.2.0/cdf/ctd/telemetry_dictionary.dat -a /sos/sw/S19.2.0/STUDIO/downlink/include -o tranhead.fits -t, cdf/Keyword_Include_List.dat 
******************************************************************

Program tranhead, Version 13.2
Namelist File  = cdf/pn107.nl
Input File = abad_repair.fits
Dictionary File = /scr/S19.2.0/cdf/ctd/telemetry_dictionary.dat
CTD Version String = 3.0.94S
Keyword-Include-List File = cdf/Keyword_Include_List.dat
Translated-Keyword File = tranhead.hdr
CSPICE leapseconds kernel = /scr/S19.2.0/cdf/spice/leapseconds.ker
CSPICE SCLK_SCET kernel = /scr/S19.2.0/cdf/spice/sclk_scet.ker
CSPICE Spitzer Ephemeris = /scr/S19.2.0/cdf/spice/sirtf.bsp
CSPICE Planets Ephemeris = /scr/S19.2.0/cdf/spice/de.bsp
Output File = tranhead.fits
Operation Type = 1
FITS-Header Comment Flag = 1
SCLK correction factor = 1.000380
Ignore Frames (1st) = -1
Ignore Frames (2nd and higher) = -1
Central fraction for trimmed average  = 0.900000
Central fraction for trimmed std. dev. = 0.900000
Gain = 3.710000
Gain_RdOutCh_1 = 3.710000
Gain_RdOutCh_2 = 3.710000
Gain_RdOutCh_3 = 3.710000
Gain_RdOutCh_4 = 3.710000
Ancillary Data-File Path = /sos/sw/S19.2.0/STUDIO/downlink/include
Verbose flag = 0
Super-verbose flag = 0
Debug flag = 0
Configured to perform forward FITS keyword translation.
tranhead Status Message: 0x0000
Normal exit from Function 0x0000: LOG_WRITER
A total of        0   NaN's were produced in the results.
Processing time: 0.260000 seconds
Current date/time: Sat Jan  9 14:58:24 2016
Program tranhead, version 13.2, terminated.

tranhead   exit_value =   0    execution_time = 0.340s
 hdrupd8 vsn 1.6  A70821


LabDark

chan, frametime, hdy, extrpt = 2, 2.00, F, 233
expid  adceid  repidx  =  2,  0,  0 

SkyDarkaor template time = 2
hdy  repidx =  F  0
expid  ext-repeat  =  2  233

******************************************************************
Pipeline executing caltrans
caltrans -n cdf/pn107.nl -m 2 -a 7 -b /scr4/S19.2.0/dlcaldata/irac -s tranhead.fits -o cal -u SUB -jk1 CHNLNUM -jv1 2 -ja1 N -ju1 0 -js1 flip -jk2 CHNLNUM;AFOWLNUM;AWAITPER;FRAMTIME;HDRMODE -jv2 2;8;184;2.00;F -ja2 N;N;N;N;S -ju2 0;0;0;0;0 -js2 sigma;cmask -jk3 CHNLNUM;AFOWLNUM;AWAITPER;FRAMTIME;HDRMODE -jv3 2;8;184;2.00;F -ja3 N;N;N;N;S -ju3 0;0;0;0;0 -js3 cmask -jk4 CHNLNUM -jv4 2 -ja4 N -ju4 0 -js4 cmask -jk5 CHNLNUM -jv5 2 -ja5 N -ju5 0 -js5 cmask -jk6 CHNLNUM -jv6 2 -ja6 N -ju6 0 -jk7 CHNLNUM;AFOWLNUM;AWAITPER -jv7 2;8;184 -ja7 N;N;N -ju7 0;0;0 -jk8 CHNLNUM;AFOWLNUM;AWAITPER -jv8 2;8;184 -ja8 N;N;N -ju8 0;0;0 -e CALTRANSsciSUB 
******************************************************************

Online Namelist file descriptor associated
Online namelist buffer loaded: length = 7422

Warning !:  Ancillary file #1  with full suffix filename  '/sos/archive/fallbacks/IRAC004600/SUB_2s_2sf8d1r1_ch2_v2.0.0_dark_sigma.fits'  NOT in archive/sandbox !!.
Proceed to the next suffix fileprocessing .....

Warning !:  Ancillary file #2  with full suffix filename  '/sos/archive/fallbacks/IRAC004600/SUB_2s_2sf8d1r1_ch2_v2.0.0_dark_cmask.fits'  NOT in archive/sandbox !!.
Proceed to the next suffix fileprocessing .....

Warning !:  Ancillary-suffix file #1: '/scr4/S19.2.0/dlcaldata/irac/fb1502_SUB_2s_2sf8d1r1_ch2_v2.0.0_dark_sigma.fits'  could NOT be identified on cache.
Processing continues ..... 


Warning !:  Ancillary-suffix file #2: '/scr4/S19.2.0/dlcaldata/irac/fb1502_SUB_2s_2sf8d1r1_ch2_v2.0.0_dark_cmask.fits'  could NOT be identified on cache.
Processing continues ..... 


Warning !:  Ancillary file #1  with full suffix filename  '/sos/archive/fallbacks/IRAC005300/lincal_b2_sa_011410_cmask.fits'  NOT in archive/sandbox !!.
Proceed to the next suffix fileprocessing .....

Warning !:  Ancillary-suffix file #1: '/scr4/S19.2.0/dlcaldata/irac/fb1579_lincal_b2_sa_011410_cmask.fits'  could NOT be identified on cache.
Processing continues ..... 

  Printing Log output to stdout...


Program CALTRANS, Version 4.0
Command-Line Namelist Filename  = cdf/pn107.nl
Command-Line Namelist Section = CALTRANSsciSUB
CalTrans Execution Mode  = 2
CalID = 7
Input Calibration Type list = pmask;labdark;skydark;lincal;sky_flat;fluxconv;muxbleed_lut;muxbleed_coeff
Input Calibration Rule list = 0;0;300;0;0;0;0;0
Input Generic Outfname list = pmask.fits;labdark.fits;skydark.fits;lincal.fits;skyflat.fits;fluxconv;muxbleed_lut;muxbleed_coeff
Science DCE Filename = tranhead.fits
CAL Destination Path = cal
Processing time: 0.260000 seconds
Current date/time: Sat Jan  9 14:58:34 2016
Program CALTRANS, version 4.0, terminated with status = 16

CalTrans exits with status = 16



caltrans   exit_value =  16    execution_time = 0.350s
******************************************************************
Pipeline executing insbposdom
insbposdom -i tranhead.fits -o insbposdom.fits 
******************************************************************
Pipeline Module INSBPOSDOM Version 1.1
Processing time Sat Jan  9 14:58:35 2016

Sat Jan  9 14:58:35 2016
Time = 0.020 seconds
exit code 0

insbposdom   exit_value =   0    execution_time = 0.050s
******************************************************************
Pipeline executing cvti2r4
cvti2r4 -i insbposdom.fits -a 0.5625 -b 0 -d cal/dmask_for_raw.fits -o cvti2r4.fits -m row 
******************************************************************
 SIRTF I*2-to-R*4 Data Cube Conversion program vsn 1.31 A61025
 Input file:  insbposdom.fits
 Using offset =    0.562500
 Using BLANK-fill value:   0
 Output file: cvti2r4.fits
 Missing-data pattern specified as rows

cvti2r4   exit_value =   0    execution_time = 0.230s
Image has barrel shift = 3
Computed truncation correction 0.5*(1-2^-ABARREL) = 0.5625
******************************************************************
Pipeline executing hdrupd8
hdrupd8 cvti2r4.fits -a cdf/hdrupd8_cubify.dat -d cdf/hdrupd8_planify.dat 
******************************************************************
 hdrupd8 vsn 1.6  A70821
 WARNING: keyword to be deleted not found: NAXIS3  

hdrupd8   exit_value =   0    execution_time = 0.210s
******************************************************************
Pipeline executing hdrupd8
hdrupd8 dmask.fits -a cdf/hdrupd8_cubify.dat -d cdf/hdrupd8_planify.dat 
******************************************************************
 hdrupd8 vsn 1.6  A70821
 WARNING: keyword to be deleted not found: NAXIS3  

hdrupd8   exit_value =   0    execution_time = 0.220s
******************************************************************
Pipeline executing iracwrapdet1
iracwrapdet1 -i cvti2r4.fits -n cdf/pn107.nl -p cal/pmask.fits -d dmask.fits -w wmask.fits -v 
******************************************************************
Pipeline Module IRACWRAPDET1 Version 1.4
Processing time Sat Jan  9 14:58:42 2016
iracwrapdet1_parse_args: Namelist File = 	cdf/pn107.nl
iracwrapdet1_parse_args: Pmask File = 	cal/pmask.fits
iracwrapdet1_parse_args: Dmask File = 	dmask.fits
iracwrapdet1_parse_args: Wmask File = 	wmask.fits
iracwrapdet1_parse_args: Input File = 	cvti2r4.fits
iracwrapdet1_parse_args: I_Verbose = 			1
chn 2 framtim 2.000000
iracwrapdet1_read_data: Data read from file:
cvti2r4.fits
iracwrapdet1_read_data: I_NX = 32
iracwrapdet1_read_data: I_NY = 32
iracwrapdet1_read_data: I_NZ = 64
iracwrapdet1_parse_namelist: Namelist File = 	cdf/pn107.nl
Coeff used: 55000.000000 55000.000000 55000.000000 55000.000000
iracwrapdet1_compute_results: Numerical Computations finished
Sat Jan  9 14:58:42 2016
iracwrapdet1_output: Results written to file(s).
Time = 0.020 seconds
iracwrapdet1_error_handler: Error Handler finished.
iracwrapdet1_exit: Memory Deallocated.
exit code 0

iracwrapdet1   exit_value =   0    execution_time = 0.050s
******************************************************************
Pipeline executing iracwrapdet2
iracwrapdet2 -i cvti2r4.fits -n cdf/pn107.nl -p cal/pmask.fits -d dmask.fits -w wmask.fits -a /sos/sw/S19.2.0/STUDIO/downlink/include 
******************************************************************

Program iracwrapdet2, Version 1.4
Namelist File  = cdf/pn107.nl
FITS Input Image = cvti2r4.fits
Pmask File = cal/pmask.fits
Dmask File = dmask.fits
Wmask File = mask.fits
M-Level       chan1     chan2     chan3     chan4
            55000.0   55000.0   55000.0   55000.0
Tolerance     chan1     chan2     chan3     chan4
             1200.0    1200.0    1200.0    1200.0
Pmask Maximum = 65535
Dmask Maximum = 65535
Ancillary Data-File Path = /sos/sw/S19.2.0/STUDIO/downlink/include
Verbose flag = 0
Super-verbose flag = 0
Debug flag = 0
iracwrapdet2 Status Message      0x0000
Normal exit from Function 0x0000: LOG_WRITER
Processing time: 0.060000 seconds
Current date/time: Sat Jan  9 14:58:42 2016
Program iracwrapdet2, version 1.4, terminated


iracwrapdet2   exit_value =   0    execution_time = 0.090s
******************************************************************
Pipeline executing iracwrapcorr
iracwrapcorr -i cvti2r4.fits -p cal/pmask.fits -d dmask.fits -w wmask.fits -o iracwrapcorr.fits 
******************************************************************
Pipeline Module IRACWRAPCORR Version 1.3
Processing time Sat Jan  9 14:58:42 2016
iracwrapcorr_parse_namelist: Information only: Namelist not specified.
Sat Jan  9 14:58:42 2016
Time = 0.030 seconds
exit code 0

iracwrapcorr   exit_value =   0    execution_time = 0.060s
******************************************************************
Pipeline executing iracnorm
iracnorm -i iracwrapcorr.fits -p cal/pmask.fits -d dmask.fits -o iracnorm.fits 
******************************************************************
Pipeline Module IRACWNORM Version 1.10
Processing time Sat Jan  9 14:58:43 2016

Sat Jan  9 14:58:43 2016
Time = 0.030 seconds
exit code 0

iracnorm   exit_value =   0    execution_time = 0.060s
******************************************************************
Pipeline executing iracebwc
iracebwc -i iracnorm.fits -n cdf/pn107.nl -p cal/pmask.fits -d dmask.fits -o iracebwc.fits 
******************************************************************
Pipeline Module IRACEBWC Version 1.2
Processing time Sat Jan  9 14:58:43 2016

Sat Jan  9 14:58:43 2016
Time = 0.030 seconds
exit code 0

iracebwc   exit_value =   0    execution_time = 0.060s
HDR mode   =  f
AOR Template Time     =  2
DCE Frame Time    =  2.00
EXTRpt     =  233
Frame NOBF =  0
From sub determine_delays:
   aottime = 2
   aordelay = 222.190359962807
   stellarmode = f
   expid=2
imdly = 1.35535992465972
frmdly = 1.35535992465972

Immed  Delay = 1.35535992465972
Frame  Delay = 1.35535992465972

 hdrupd8 vsn 1.6  A70821
 hdrupd8 vsn 1.6  A70821
 hdrupd8 vsn 1.6  A70821
 hdrupd8 vsn 1.6  A70821
 hdrupd8 vsn 1.6  A70821
 hdrupd8 vsn 1.6  A70821
 hdrupd8 vsn 1.6  A70821
******************************************************************
Pipeline executing darksubng
darksubng -i iracebwc.fits -a /sos/sw/S19.2.0/STUDIO/downlink/include -p cal/pmask.fits -d dmask.fits -o labdarksub.fits -cc cal/labdark.fits -v 
******************************************************************
/sos/sw/S19.2.0/STUDIO/downlink/bin/darksubng: namelist not given
/sos/sw/S19.2.0/STUDIO/downlink/bin/darksubng: input uncertainty image not given
/sos/sw/S19.2.0/STUDIO/downlink/bin/darksubng: output uncertainty image not given
/sos/sw/S19.2.0/STUDIO/downlink/bin/darksubng: WARNING no uncertainty calculations will be performed
/sos/sw/S19.2.0/STUDIO/downlink/bin/darksubng: Namelist               = []
/sos/sw/S19.2.0/STUDIO/downlink/bin/darksubng: Input image            = [iracebwc.fits]
/sos/sw/S19.2.0/STUDIO/downlink/bin/darksubng: Input uncertainty      = []
/sos/sw/S19.2.0/STUDIO/downlink/bin/darksubng: Output image           = [!labdarksub.fits]
/sos/sw/S19.2.0/STUDIO/downlink/bin/darksubng: Output uncertainty     = []
/sos/sw/S19.2.0/STUDIO/downlink/bin/darksubng: Dark                   = [cal/labdark.fits]
/sos/sw/S19.2.0/STUDIO/downlink/bin/darksubng: Pmask file             = [cal/pmask.fits]
/sos/sw/S19.2.0/STUDIO/downlink/bin/darksubng: Pmask fatality bitmask = [65536]
/sos/sw/S19.2.0/STUDIO/downlink/bin/darksubng: Dmask file             = [dmask.fits]
/sos/sw/S19.2.0/STUDIO/downlink/bin/darksubng: Dmask fatality bitmask = [65536]
/sos/sw/S19.2.0/STUDIO/downlink/bin/darksubng: Cmask file             = []
/sos/sw/S19.2.0/STUDIO/downlink/bin/darksubng: Cmask fatality bitmask = [65536]
/sos/sw/S19.2.0/STUDIO/downlink/bin/darksubng: Logfile                = []
/sos/sw/S19.2.0/STUDIO/downlink/bin/darksubng: Ancillary Path         = [/sos/sw/S19.2.0/STUDIO/downlink/include]
/sos/sw/S19.2.0/STUDIO/downlink/bin/darksubng: Uncertainty calculations will not be made
/sos/sw/S19.2.0/STUDIO/downlink/bin/darksubng: WARNING cal/labdark.fits has no BUNIT key
/sos/sw/S19.2.0/STUDIO/downlink/bin/darksubng: WARNING assuming cal/labdark.fits is in DN
/sos/sw/S19.2.0/STUDIO/downlink/bin/darksubng: WARNING cal/labdark.fits has no EXPTIME key
/sos/sw/S19.2.0/STUDIO/downlink/bin/darksubng: WARNING cal/labdark.fits has no GAIN keywords
/sos/sw/S19.2.0/STUDIO/downlink/bin/darksubng: compute - performing any unit conversions
/sos/sw/S19.2.0/STUDIO/downlink/bin/darksubng: compute - starting subtraction with masking 
/sos/sw/S19.2.0/STUDIO/downlink/bin/darksubng: Processing successful; Exiting

darksubng   exit_value =   0    execution_time = 0.110s
READ Noise !! =  9.4
******************************************************************
Pipeline executing snestimator
snestimator -i labdarksub.fits -n cdf/pn107.nl -a /sos/sw/S19.2.0/STUDIO/downlink/include -p cal/pmask.fits -d dmask.fits -on sig_snestimator.fits -g 3.71 -r 9.4 
******************************************************************
verbose 0

Program SNESTIMATOR, Version 1.5
Namelist File  = cdf/pn107.nl
Input FITS Image = labdarksub.fits
Noise Image = sig_snestimator.fits
Denominator type = IRAC_MODEL
Edge Pixels Excluded = 0
Gain Channel 1 = 3.710000 Channel 2 = 3.710000 Channel 3 = 3.710000 Channel 4 = 3.710000
Read Noise = 9.400000
Confusion Sigma = 0.000000
Ancillary Data-File Path = /sos/sw/S19.2.0/STUDIO/downlink/include
Verbose flag = 0
Super-verbose flag = 0
Debug flag = 0
snestimator Status Message      0x0000
Normal exit from Function 0x0000: LOG_WRITER
Processing time: 0.080000 seconds
Current date/time: Sat Jan  9 14:59:01 2016
Program SNESTIMATOR, version 1.5, terminated


snestimator   exit_value =   0    execution_time = 0.130s
******************************************************************
Pipeline executing darksubng
darksubng -i iracebwc.fits -iu sig_snestimator.fits -a /sos/sw/S19.2.0/STUDIO/downlink/include -p cal/pmask.fits -d dmask.fits -o labdarksub.fits -ou sig_labdarksub.fits -cc cal/labdark.fits -v 
******************************************************************
/sos/sw/S19.2.0/STUDIO/downlink/bin/darksubng: namelist not given
/sos/sw/S19.2.0/STUDIO/downlink/bin/darksubng: Namelist               = []
/sos/sw/S19.2.0/STUDIO/downlink/bin/darksubng: Input image            = [iracebwc.fits]
/sos/sw/S19.2.0/STUDIO/downlink/bin/darksubng: Input uncertainty      = [sig_snestimator.fits]
/sos/sw/S19.2.0/STUDIO/downlink/bin/darksubng: Output image           = [!labdarksub.fits]
/sos/sw/S19.2.0/STUDIO/downlink/bin/darksubng: Output uncertainty     = [!sig_labdarksub.fits]
/sos/sw/S19.2.0/STUDIO/downlink/bin/darksubng: Dark                   = [cal/labdark.fits]
/sos/sw/S19.2.0/STUDIO/downlink/bin/darksubng: Pmask file             = [cal/pmask.fits]
/sos/sw/S19.2.0/STUDIO/downlink/bin/darksubng: Pmask fatality bitmask = [65536]
/sos/sw/S19.2.0/STUDIO/downlink/bin/darksubng: Dmask file             = [dmask.fits]
/sos/sw/S19.2.0/STUDIO/downlink/bin/darksubng: Dmask fatality bitmask = [65536]
/sos/sw/S19.2.0/STUDIO/downlink/bin/darksubng: Cmask file             = []
/sos/sw/S19.2.0/STUDIO/downlink/bin/darksubng: Cmask fatality bitmask = [65536]
/sos/sw/S19.2.0/STUDIO/downlink/bin/darksubng: Logfile                = []
/sos/sw/S19.2.0/STUDIO/downlink/bin/darksubng: Ancillary Path         = [/sos/sw/S19.2.0/STUDIO/downlink/include]
/sos/sw/S19.2.0/STUDIO/downlink/bin/darksubng: Uncertainty calculations will be made
/sos/sw/S19.2.0/STUDIO/downlink/bin/darksubng: WARNING cal/labdark.fits has no BUNIT key
/sos/sw/S19.2.0/STUDIO/downlink/bin/darksubng: WARNING assuming cal/labdark.fits is in DN
/sos/sw/S19.2.0/STUDIO/downlink/bin/darksubng: WARNING cal/labdark.fits has no EXPTIME key
/sos/sw/S19.2.0/STUDIO/downlink/bin/darksubng: WARNING cal/labdark.fits has no GAIN keywords
/sos/sw/S19.2.0/STUDIO/downlink/bin/darksubng: compute - performing any unit conversions
/sos/sw/S19.2.0/STUDIO/downlink/bin/darksubng: compute - starting subtraction with masking 
/sos/sw/S19.2.0/STUDIO/downlink/bin/darksubng: Processing successful; Exiting

darksubng   exit_value =   0    execution_time = 0.140s
******************************************************************
Pipeline executing fowlinearize
fowlinearize -i1 labdarksub.fits -i3 sig_labdarksub.fits -n cdf/pn107.nl -a /sos/sw/S19.2.0/STUDIO/downlink/include -ip cal/pmask.fits -i2 cal/lincal.fits -id dmask.fits -o1 fowlinearize.fits -o2 sig_fowlinearize.fits -c 10 
******************************************************************

Program FOWLINEARIZE, Version 4.9
Namelist File  = cdf/pn107.nl
Input File 1 = labdarksub.fits
Input File 2 = cal/lincal.fits
Input File 3 = sig_labdarksub.fits
Model_Flag(1=quad. 2=cubic) = 1
Clock_Readout(10=sub-array, 200=full-array) = 10.000000
Input PMask Image = cal/pmask.fits
Unusable PMask Bits = 16384
Input DMask Image = dmask.fits
Unusable DMask Bits = 8192
Not-linearized DMask Bit = 4096
Not-linearized DMask Bit due to lincal-model saturation = 8192
Output File 1 = fowlinearize.fits
Output File 2 = sig_fowlinearize.fits
Ancillary Data-File Path = /sos/sw/S19.2.0/STUDIO/downlink/include
Verbose flag = 0
Super-verbose flag = 0
Debug flag = 0
Performed linearity correction.
Program fowlinearize: Status Message: 0x0000
Normal exit from Function 0x0000: LOG_WRITER
Processing time: 0.230000 seconds
Current date/time: Sat Jan  9 14:59:02 2016
Program FOWLINEARIZE, version 4.9, terminated.

fowlinearize   exit_value =   0    execution_time = 0.310s
Read Noise =  9.4
 hdrupd8 vsn 1.6  A70821
******************************************************************
Pipeline executing bgmodel
bgmodel -i fowlinearize.fits -n cdf/pn107.nl -h 
******************************************************************

Online Namelist file descriptor associated
Online namelist buffer loaded: length = 7422
bgmodel_log_writer: Printing Log output to stdout
bgmodel  Version 1.0
Namelist File  = cdf/pn107.nl
Input Image = fowlinearize.fits
Ephemeris = /scr4/S19.2.0/cdf/spice/sirtf.bsp
LeapSec Kernel = /scr4/S19.2.0/cdf/spice/leapseconds.ker
SPK Kernel = /scr4/S19.2.0/cdf/spice/de.bsp

bgmodel  Status Message      0x0000: No error.
Time = 0.070 seconds

Background exits with status = 0


bgmodel   exit_value =   0    execution_time = 0.110s
******************************************************************
Pipeline executing hdrupd8
hdrupd8 fowlinearize.fits -a addkeys.dat 
******************************************************************
 hdrupd8 vsn 1.6  A70821

hdrupd8   exit_value =   0    execution_time = 0.270s
SkyDk Med DN      = 16.56367 
Exposure time     = 1.92
SkyDk Med DN rate = 8.62691145833333
Flux Conv         = 0.1447 
SkyDk Med Flux    = 1.24831408802083
Image File = fowlinearize.fits 

 hdrupd8 vsn 1.6  A70821
 hdrupd8 vsn 1.6  A70821
 hdrupd8 vsn 1.6  A70821
 hdrupd8 vsn 1.6  A70821
 hdrupd8 vsn 1.6  A70821
******************************************************************
Pipeline executing darksubng
darksubng -i fowlinearize.fits -iu sig_fowlinearize.fits -a /sos/sw/S19.2.0/STUDIO/downlink/include -p cal/pmask.fits -d dmask.fits -o skydarksub.fits -ou sig_skydarksub.fits -cc cal/skydark.fits -v -c cal/skydark_cmask.fits 
******************************************************************
/sos/sw/S19.2.0/STUDIO/downlink/bin/darksubng: namelist not given
/sos/sw/S19.2.0/STUDIO/downlink/bin/darksubng: Namelist               = []
/sos/sw/S19.2.0/STUDIO/downlink/bin/darksubng: Input image            = [fowlinearize.fits]
/sos/sw/S19.2.0/STUDIO/downlink/bin/darksubng: Input uncertainty      = [sig_fowlinearize.fits]
/sos/sw/S19.2.0/STUDIO/downlink/bin/darksubng: Output image           = [!skydarksub.fits]
/sos/sw/S19.2.0/STUDIO/downlink/bin/darksubng: Output uncertainty     = [!sig_skydarksub.fits]
/sos/sw/S19.2.0/STUDIO/downlink/bin/darksubng: Dark                   = [cal/skydark.fits]
/sos/sw/S19.2.0/STUDIO/downlink/bin/darksubng: Pmask file             = [cal/pmask.fits]
/sos/sw/S19.2.0/STUDIO/downlink/bin/darksubng: Pmask fatality bitmask = [65536]
/sos/sw/S19.2.0/STUDIO/downlink/bin/darksubng: Dmask file             = [dmask.fits]
/sos/sw/S19.2.0/STUDIO/downlink/bin/darksubng: Dmask fatality bitmask = [65536]
/sos/sw/S19.2.0/STUDIO/downlink/bin/darksubng: Cmask file             = [cal/skydark_cmask.fits]
/sos/sw/S19.2.0/STUDIO/downlink/bin/darksubng: Cmask fatality bitmask = [65536]
/sos/sw/S19.2.0/STUDIO/downlink/bin/darksubng: Logfile                = []
/sos/sw/S19.2.0/STUDIO/downlink/bin/darksubng: Ancillary Path         = [/sos/sw/S19.2.0/STUDIO/downlink/include]
/sos/sw/S19.2.0/STUDIO/downlink/bin/darksubng: Uncertainty calculations will be made
/sos/sw/S19.2.0/STUDIO/downlink/bin/darksubng: compute - performing any unit conversions
/sos/sw/S19.2.0/STUDIO/downlink/bin/darksubng: compute - starting subtraction with masking 
/sos/sw/S19.2.0/STUDIO/downlink/bin/darksubng: Processing successful; Exiting

darksubng   exit_value =   0    execution_time = 0.160s
******************************************************************
Pipeline executing darkdrift
darkdrift -i skydarksub.fits -iu sig_skydarksub.fits -n cdf/pn107.nl -a /sos/sw/S19.2.0/STUDIO/downlink/include -o1 darkdrift.fits -o2 darkdriftcorr.fits -o3 darkdrift.tbl -ou sig_darkdrift.fits 
******************************************************************
Program darkdrift, Version 4.1
Namelist File  = cdf/pn107.nl
Input Image = skydarksub.fits
Input Uncertainty Image = sig_skydarksub.fits
Output Image 1 (corrected image) = darkdrift.fits
Output Image 2 (corrections) = darkdriftcorr.fits
Output Image 3 (uncertainties) = sig_darkdrift.fits
Output File 3 = darkdrift.tbl
Central fraction for trimmed average  = 0.900000
Central fraction for trimmed std. dev. = 0.900000
Time_Input = 0.250000
Time_Before = 0.000000
Time_After = 1.000000
Temp_Input = 270.000000
Temp_Before = 280.000000
Temp_After = 260.000000
Calculation Type = 1
Input-Image Transpose Flag = 1
Multiplicative-Correction Flag (Additive if zero) = 0
Readout Channel to exclude (none if zero) = 0
Data-Plane Flag = 1
Ancillary Data-File Path = /sos/sw/S19.2.0/STUDIO/downlink/include
Verbose flag = 0
Super-verbose flag = 0
Debug flag = 0
Dark-current offsets estimated from input image.

Detailed darkdrift calculational results:
...for data plane = 1
Darkdrift correction for readout-channel 1 = -0.186649
Darkdrift correction for readout-channel 2 = 0.348793
Darkdrift correction for readout-channel 3 = -0.355347
Darkdrift correction for readout-channel 4 = 0.193203
Darkdrift uncertainty for readout-channel 1 = 0.359336
Darkdrift uncertainty for readout-channel 2 = 0.374292
Darkdrift uncertainty for readout-channel 3 = 0.373242
Darkdrift uncertainty for readout-channel 4 = 0.301418
Trimmed average of values in readout-channel 1 = 5.997698
Trimmed average of values in readout-channel 2 = 6.533140
Trimmed average of values in readout-channel 3 = 5.829000
Trimmed average of values in readout-channel 4 = 6.377550
Darkdrift background term = 6.184347
...for data plane = 2
Darkdrift correction for readout-channel 1 = 0.218905
Darkdrift correction for readout-channel 2 = -0.414780
Darkdrift correction for readout-channel 3 = 0.229474
Darkdrift correction for readout-channel 4 = -0.033599
Darkdrift uncertainty for readout-channel 1 = 0.303468
Darkdrift uncertainty for readout-channel 2 = 0.303530
Darkdrift uncertainty for readout-channel 3 = 0.302987
Darkdrift uncertainty for readout-channel 4 = 0.302982
Trimmed average of values in readout-channel 1 = 4.660879
Trimmed average of values in readout-channel 2 = 4.027193
Trimmed average of values in readout-channel 3 = 4.671448
Trimmed average of values in readout-channel 4 = 4.408375
Darkdrift background term = 4.441974
...for data plane = 3
Darkdrift correction for readout-channel 1 = -0.050210
Darkdrift correction for readout-channel 2 = -0.330561
Darkdrift correction for readout-channel 3 = 0.115356
Darkdrift correction for readout-channel 4 = 0.265415
Darkdrift uncertainty for readout-channel 1 = 0.302445
Darkdrift uncertainty for readout-channel 2 = 0.304895
Darkdrift uncertainty for readout-channel 3 = 0.303060
Darkdrift uncertainty for readout-channel 4 = 0.302975
Trimmed average of values in readout-channel 1 = 4.543524
Trimmed average of values in readout-channel 2 = 4.263172
Trimmed average of values in readout-channel 3 = 4.709090
Trimmed average of values in readout-channel 4 = 4.859149
Darkdrift background term = 4.593734
...for data plane = 4
Darkdrift correction for readout-channel 1 = -0.005447
Darkdrift correction for readout-channel 2 = -0.224609
Darkdrift correction for readout-channel 3 = 0.073580
Darkdrift correction for readout-channel 4 = 0.156476
Darkdrift uncertainty for readout-channel 1 = 0.302972
Darkdrift uncertainty for readout-channel 2 = 0.302978
Darkdrift uncertainty for readout-channel 3 = 0.302982
Darkdrift uncertainty for readout-channel 4 = 0.342027
Trimmed average of values in readout-channel 1 = 4.263931
Trimmed average of values in readout-channel 2 = 4.044768
Trimmed average of values in readout-channel 3 = 4.342958
Trimmed average of values in readout-channel 4 = 4.425854
Darkdrift background term = 4.269378
...for data plane = 5
Darkdrift correction for readout-channel 1 = -0.028935
Darkdrift correction for readout-channel 2 = -0.413576
Darkdrift correction for readout-channel 3 = 0.247965
Darkdrift correction for readout-channel 4 = 0.194547
Darkdrift uncertainty for readout-channel 1 = 0.303358
Darkdrift uncertainty for readout-channel 2 = 0.302993
Darkdrift uncertainty for readout-channel 3 = 0.302975
Darkdrift uncertainty for readout-channel 4 = 0.302971
Trimmed average of values in readout-channel 1 = 5.050737
Trimmed average of values in readout-channel 2 = 4.666096
Trimmed average of values in readout-channel 3 = 5.327637
Trimmed average of values in readout-channel 4 = 5.274219
Darkdrift background term = 5.079672
...for data plane = 6
Darkdrift correction for readout-channel 1 = 0.232679
Darkdrift correction for readout-channel 2 = -0.112154
Darkdrift correction for readout-channel 3 = -0.188607
Darkdrift correction for readout-channel 4 = 0.068082
Darkdrift uncertainty for readout-channel 1 = 0.302583
Darkdrift uncertainty for readout-channel 2 = 0.304354
Darkdrift uncertainty for readout-channel 3 = 0.301000
Darkdrift uncertainty for readout-channel 4 = 0.303803
Trimmed average of values in readout-channel 1 = 5.152389
Trimmed average of values in readout-channel 2 = 4.807556
Trimmed average of values in readout-channel 3 = 4.731103
Trimmed average of values in readout-channel 4 = 4.987792
Darkdrift background term = 4.919710
...for data plane = 7
Darkdrift correction for readout-channel 1 = 0.196313
Darkdrift correction for readout-channel 2 = 0.060036
Darkdrift correction for readout-channel 3 = 0.055012
Darkdrift correction for readout-channel 4 = -0.311361
Darkdrift uncertainty for readout-channel 1 = 0.303249
Darkdrift uncertainty for readout-channel 2 = 0.302995
Darkdrift uncertainty for readout-channel 3 = 0.301789
Darkdrift uncertainty for readout-channel 4 = 0.303056
Trimmed average of values in readout-channel 1 = 5.252193
Trimmed average of values in readout-channel 2 = 5.115917
Trimmed average of values in readout-channel 3 = 5.110892
Trimmed average of values in readout-channel 4 = 4.744519
Darkdrift background term = 5.055880
...for data plane = 8
Darkdrift correction for readout-channel 1 = -0.176536
Darkdrift correction for readout-channel 2 = -0.155920
Darkdrift correction for readout-channel 3 = 0.010941
Darkdrift correction for readout-channel 4 = 0.321515
Darkdrift uncertainty for readout-channel 1 = 0.303153
Darkdrift uncertainty for readout-channel 2 = 0.300214
Darkdrift uncertainty for readout-channel 3 = 0.303301
Darkdrift uncertainty for readout-channel 4 = 0.302873
Trimmed average of values in readout-channel 1 = 5.028668
Trimmed average of values in readout-channel 2 = 5.049285
Trimmed average of values in readout-channel 3 = 5.216146
Trimmed average of values in readout-channel 4 = 5.526720
Darkdrift background term = 5.205205
...for data plane = 9
Darkdrift correction for readout-channel 1 = 0.281503
Darkdrift correction for readout-channel 2 = -0.268627
Darkdrift correction for readout-channel 3 = 0.058143
Darkdrift correction for readout-channel 4 = -0.071019
Darkdrift uncertainty for readout-channel 1 = 0.302967
Darkdrift uncertainty for readout-channel 2 = 0.302971
Darkdrift uncertainty for readout-channel 3 = 0.304178
Darkdrift uncertainty for readout-channel 4 = 0.303219
Trimmed average of values in readout-channel 1 = 5.622755
Trimmed average of values in readout-channel 2 = 5.072625
Trimmed average of values in readout-channel 3 = 5.399395
Trimmed average of values in readout-channel 4 = 5.270233
Darkdrift background term = 5.341252
...for data plane = 10
Darkdrift correction for readout-channel 1 = -0.086098
Darkdrift correction for readout-channel 2 = 0.207543
Darkdrift correction for readout-channel 3 = 0.319021
Darkdrift correction for readout-channel 4 = -0.440465
Darkdrift uncertainty for readout-channel 1 = 0.302709
Darkdrift uncertainty for readout-channel 2 = 0.303251
Darkdrift uncertainty for readout-channel 3 = 0.302975
Darkdrift uncertainty for readout-channel 4 = 0.303385
Trimmed average of values in readout-channel 1 = 5.268288
Trimmed average of values in readout-channel 2 = 5.561929
Trimmed average of values in readout-channel 3 = 5.673407
Trimmed average of values in readout-channel 4 = 4.913921
Darkdrift background term = 5.354386
...for data plane = 11
Darkdrift correction for readout-channel 1 = -0.029326
Darkdrift correction for readout-channel 2 = 0.071989
Darkdrift correction for readout-channel 3 = -0.201745
Darkdrift correction for readout-channel 4 = 0.159082
Darkdrift uncertainty for readout-channel 1 = 0.302977
Darkdrift uncertainty for readout-channel 2 = 0.299928
Darkdrift uncertainty for readout-channel 3 = 0.302974
Darkdrift uncertainty for readout-channel 4 = 0.302788
Trimmed average of values in readout-channel 1 = 5.238260
Trimmed average of values in readout-channel 2 = 5.339575
Trimmed average of values in readout-channel 3 = 5.065841
Trimmed average of values in readout-channel 4 = 5.426667
Darkdrift background term = 5.267586
...for data plane = 12
Darkdrift correction for readout-channel 1 = -0.120306
Darkdrift correction for readout-channel 2 = -0.090891
Darkdrift correction for readout-channel 3 = -0.074751
Darkdrift correction for readout-channel 4 = 0.285948
Darkdrift uncertainty for readout-channel 1 = 0.302186
Darkdrift uncertainty for readout-channel 2 = 0.302971
Darkdrift uncertainty for readout-channel 3 = 0.302974
Darkdrift uncertainty for readout-channel 4 = 0.302973
Trimmed average of values in readout-channel 1 = 5.029546
Trimmed average of values in readout-channel 2 = 5.058962
Trimmed average of values in readout-channel 3 = 5.075102
Trimmed average of values in readout-channel 4 = 5.435801
Darkdrift background term = 5.149853
...for data plane = 13
Darkdrift correction for readout-channel 1 = -0.138542
Darkdrift correction for readout-channel 2 = -0.519916
Darkdrift correction for readout-channel 3 = 0.171392
Darkdrift correction for readout-channel 4 = 0.487066
Darkdrift uncertainty for readout-channel 1 = 0.303236
Darkdrift uncertainty for readout-channel 2 = 0.302990
Darkdrift uncertainty for readout-channel 3 = 0.303301
Darkdrift uncertainty for readout-channel 4 = 0.302711
Trimmed average of values in readout-channel 1 = 4.890868
Trimmed average of values in readout-channel 2 = 4.509494
Trimmed average of values in readout-channel 3 = 5.200802
Trimmed average of values in readout-channel 4 = 5.516476
Darkdrift background term = 5.029410
...for data plane = 14
Darkdrift correction for readout-channel 1 = 0.228823
Darkdrift correction for readout-channel 2 = 0.086525
Darkdrift correction for readout-channel 3 = -0.416444
Darkdrift correction for readout-channel 4 = 0.101096
Darkdrift uncertainty for readout-channel 1 = 0.302983
Darkdrift uncertainty for readout-channel 2 = 0.303242
Darkdrift uncertainty for readout-channel 3 = 0.302900
Darkdrift uncertainty for readout-channel 4 = 0.303294
Trimmed average of values in readout-channel 1 = 5.548462
Trimmed average of values in readout-channel 2 = 5.406164
Trimmed average of values in readout-channel 3 = 4.903196
Trimmed average of values in readout-channel 4 = 5.420735
Darkdrift background term = 5.319639
...for data plane = 15
Darkdrift correction for readout-channel 1 = -0.213886
Darkdrift correction for readout-channel 2 = -0.254358
Darkdrift correction for readout-channel 3 = 0.073588
Darkdrift correction for readout-channel 4 = 0.394656
Darkdrift uncertainty for readout-channel 1 = 0.301675
Darkdrift uncertainty for readout-channel 2 = 0.302995
Darkdrift uncertainty for readout-channel 3 = 0.302886
Darkdrift uncertainty for readout-channel 4 = 0.302971
Trimmed average of values in readout-channel 1 = 5.015529
Trimmed average of values in readout-channel 2 = 4.975057
Trimmed average of values in readout-channel 3 = 5.303002
Trimmed average of values in readout-channel 4 = 5.624071
Darkdrift background term = 5.229415
...for data plane = 16
Darkdrift correction for readout-channel 1 = -0.199199
Darkdrift correction for readout-channel 2 = -0.037292
Darkdrift correction for readout-channel 3 = 0.043489
Darkdrift correction for readout-channel 4 = 0.193002
Darkdrift uncertainty for readout-channel 1 = 0.303366
Darkdrift uncertainty for readout-channel 2 = 0.303818
Darkdrift uncertainty for readout-channel 3 = 0.303055
Darkdrift uncertainty for readout-channel 4 = 0.302712
Trimmed average of values in readout-channel 1 = 5.151865
Trimmed average of values in readout-channel 2 = 5.313773
Trimmed average of values in readout-channel 3 = 5.394554
Trimmed average of values in readout-channel 4 = 5.544067
Darkdrift background term = 5.351065
...for data plane = 17
Darkdrift correction for readout-channel 1 = 0.023126
Darkdrift correction for readout-channel 2 = -0.042207
Darkdrift correction for readout-channel 3 = 0.091322
Darkdrift correction for readout-channel 4 = -0.072241
Darkdrift uncertainty for readout-channel 1 = 0.302848
Darkdrift uncertainty for readout-channel 2 = 0.302985
Darkdrift uncertainty for readout-channel 3 = 0.302975
Darkdrift uncertainty for readout-channel 4 = 0.302987
Trimmed average of values in readout-channel 1 = 5.011480
Trimmed average of values in readout-channel 2 = 4.946147
Trimmed average of values in readout-channel 3 = 5.079676
Trimmed average of values in readout-channel 4 = 4.916113
Darkdrift background term = 4.988354
...for data plane = 18
Darkdrift correction for readout-channel 1 = 0.257951
Darkdrift correction for readout-channel 2 = -0.167423
Darkdrift correction for readout-channel 3 = -0.113972
Darkdrift correction for readout-channel 4 = 0.023445
Darkdrift uncertainty for readout-channel 1 = 0.301635
Darkdrift uncertainty for readout-channel 2 = 0.301876
Darkdrift uncertainty for readout-channel 3 = 0.303765
Darkdrift uncertainty for readout-channel 4 = 0.378150
Trimmed average of values in readout-channel 1 = 5.585885
Trimmed average of values in readout-channel 2 = 5.160510
Trimmed average of values in readout-channel 3 = 5.213961
Trimmed average of values in readout-channel 4 = 5.351378
Darkdrift background term = 5.327934
...for data plane = 19
Darkdrift correction for readout-channel 1 = -0.227989
Darkdrift correction for readout-channel 2 = 0.368034
Darkdrift correction for readout-channel 3 = -0.040307
Darkdrift correction for readout-channel 4 = -0.099738
Darkdrift uncertainty for readout-channel 1 = 0.303096
Darkdrift uncertainty for readout-channel 2 = 0.301873
Darkdrift uncertainty for readout-channel 3 = 0.303208
Darkdrift uncertainty for readout-channel 4 = 0.303303
Trimmed average of values in readout-channel 1 = 4.966040
Trimmed average of values in readout-channel 2 = 5.562063
Trimmed average of values in readout-channel 3 = 5.153721
Trimmed average of values in readout-channel 4 = 5.094290
Darkdrift background term = 5.194028
...for data plane = 20
Darkdrift correction for readout-channel 1 = -0.162913
Darkdrift correction for readout-channel 2 = -0.587772
Darkdrift correction for readout-channel 3 = 0.331500
Darkdrift correction for readout-channel 4 = 0.419185
Darkdrift uncertainty for readout-channel 1 = 0.302965
Darkdrift uncertainty for readout-channel 2 = 0.304343
Darkdrift uncertainty for readout-channel 3 = 0.302982
Darkdrift uncertainty for readout-channel 4 = 0.303138
Trimmed average of values in readout-channel 1 = 5.129835
Trimmed average of values in readout-channel 2 = 4.704976
Trimmed average of values in readout-channel 3 = 5.624248
Trimmed average of values in readout-channel 4 = 5.711933
Darkdrift background term = 5.292748
...for data plane = 21
Darkdrift correction for readout-channel 1 = 0.175053
Darkdrift correction for readout-channel 2 = -0.359787
Darkdrift correction for readout-channel 3 = -0.204256
Darkdrift correction for readout-channel 4 = 0.388990
Darkdrift uncertainty for readout-channel 1 = 0.303754
Darkdrift uncertainty for readout-channel 2 = 0.304630
Darkdrift uncertainty for readout-channel 3 = 0.304250
Darkdrift uncertainty for readout-channel 4 = 0.302961
Trimmed average of values in readout-channel 1 = 5.640177
Trimmed average of values in readout-channel 2 = 5.105337
Trimmed average of values in readout-channel 3 = 5.260868
Trimmed average of values in readout-channel 4 = 5.854114
Darkdrift background term = 5.465124
...for data plane = 22
Darkdrift correction for readout-channel 1 = 0.229396
Darkdrift correction for readout-channel 2 = -0.248575
Darkdrift correction for readout-channel 3 = -0.012499
Darkdrift correction for readout-channel 4 = 0.031678
Darkdrift uncertainty for readout-channel 1 = 0.303245
Darkdrift uncertainty for readout-channel 2 = 0.302688
Darkdrift uncertainty for readout-channel 3 = 0.303385
Darkdrift uncertainty for readout-channel 4 = 0.303049
Trimmed average of values in readout-channel 1 = 5.229726
Trimmed average of values in readout-channel 2 = 4.751756
Trimmed average of values in readout-channel 3 = 4.987832
Trimmed average of values in readout-channel 4 = 5.032008
Darkdrift background term = 5.000331
...for data plane = 23
Darkdrift correction for readout-channel 1 = 0.376775
Darkdrift correction for readout-channel 2 = -0.112788
Darkdrift correction for readout-channel 3 = 0.079462
Darkdrift correction for readout-channel 4 = -0.343449
Darkdrift uncertainty for readout-channel 1 = 0.303333
Darkdrift uncertainty for readout-channel 2 = 0.304093
Darkdrift uncertainty for readout-channel 3 = 0.303222
Darkdrift uncertainty for readout-channel 4 = 0.302383
Trimmed average of values in readout-channel 1 = 5.839278
Trimmed average of values in readout-channel 2 = 5.349715
Trimmed average of values in readout-channel 3 = 5.541966
Trimmed average of values in readout-channel 4 = 5.119055
Darkdrift background term = 5.462503
...for data plane = 24
Darkdrift correction for readout-channel 1 = 0.716604
Darkdrift correction for readout-channel 2 = -0.313191
Darkdrift correction for readout-channel 3 = -0.217448
Darkdrift correction for readout-channel 4 = -0.185965
Darkdrift uncertainty for readout-channel 1 = 0.304264
Darkdrift uncertainty for readout-channel 2 = 0.305445
Darkdrift uncertainty for readout-channel 3 = 0.303060
Darkdrift uncertainty for readout-channel 4 = 0.302965
Trimmed average of values in readout-channel 1 = 6.232838
Trimmed average of values in readout-channel 2 = 5.203043
Trimmed average of values in readout-channel 3 = 5.298786
Trimmed average of values in readout-channel 4 = 5.330269
Darkdrift background term = 5.516234
...for data plane = 25
Darkdrift correction for readout-channel 1 = -0.055564
Darkdrift correction for readout-channel 2 = 0.516691
Darkdrift correction for readout-channel 3 = -0.362708
Darkdrift correction for readout-channel 4 = -0.098418
Darkdrift uncertainty for readout-channel 1 = 0.303463
Darkdrift uncertainty for readout-channel 2 = 0.305166
Darkdrift uncertainty for readout-channel 3 = 0.302898
Darkdrift uncertainty for readout-channel 4 = 0.303302
Trimmed average of values in readout-channel 1 = 5.143852
Trimmed average of values in readout-channel 2 = 5.716107
Trimmed average of values in readout-channel 3 = 4.836708
Trimmed average of values in readout-channel 4 = 5.100999
Darkdrift background term = 5.199417
...for data plane = 26
Darkdrift correction for readout-channel 1 = 0.104716
Darkdrift correction for readout-channel 2 = -0.459864
Darkdrift correction for readout-channel 3 = -0.359620
Darkdrift correction for readout-channel 4 = 0.714769
Darkdrift uncertainty for readout-channel 1 = 0.303086
Darkdrift uncertainty for readout-channel 2 = 0.301882
Darkdrift uncertainty for readout-channel 3 = 0.303143
Darkdrift uncertainty for readout-channel 4 = 0.303145
Trimmed average of values in readout-channel 1 = 5.331835
Trimmed average of values in readout-channel 2 = 4.767255
Trimmed average of values in readout-channel 3 = 4.867499
Trimmed average of values in readout-channel 4 = 5.941888
Darkdrift background term = 5.227119
...for data plane = 27
Darkdrift correction for readout-channel 1 = 0.387786
Darkdrift correction for readout-channel 2 = -0.407378
Darkdrift correction for readout-channel 3 = 0.173687
Darkdrift correction for readout-channel 4 = -0.154095
Darkdrift uncertainty for readout-channel 1 = 0.302982
Darkdrift uncertainty for readout-channel 2 = 0.302135
Darkdrift uncertainty for readout-channel 3 = 0.302976
Darkdrift uncertainty for readout-channel 4 = 0.302958
Trimmed average of values in readout-channel 1 = 5.749478
Trimmed average of values in readout-channel 2 = 4.954314
Trimmed average of values in readout-channel 3 = 5.535379
Trimmed average of values in readout-channel 4 = 5.207597
Darkdrift background term = 5.361692
...for data plane = 28
Darkdrift correction for readout-channel 1 = 0.034425
Darkdrift correction for readout-channel 2 = -0.184222
Darkdrift correction for readout-channel 3 = 0.048361
Darkdrift correction for readout-channel 4 = 0.101436
Darkdrift uncertainty for readout-channel 1 = 0.303745
Darkdrift uncertainty for readout-channel 2 = 0.303529
Darkdrift uncertainty for readout-channel 3 = 0.302813
Darkdrift uncertainty for readout-channel 4 = 0.302971
Trimmed average of values in readout-channel 1 = 5.094816
Trimmed average of values in readout-channel 2 = 4.876170
Trimmed average of values in readout-channel 3 = 5.108752
Trimmed average of values in readout-channel 4 = 5.161828
Darkdrift background term = 5.060392
...for data plane = 29
Darkdrift correction for readout-channel 1 = 0.202752
Darkdrift correction for readout-channel 2 = -0.240380
Darkdrift correction for readout-channel 3 = 0.336078
Darkdrift correction for readout-channel 4 = -0.298451
Darkdrift uncertainty for readout-channel 1 = 0.302847
Darkdrift uncertainty for readout-channel 2 = 0.302692
Darkdrift uncertainty for readout-channel 3 = 0.303005
Darkdrift uncertainty for readout-channel 4 = 0.302540
Trimmed average of values in readout-channel 1 = 5.361611
Trimmed average of values in readout-channel 2 = 4.918479
Trimmed average of values in readout-channel 3 = 5.494937
Trimmed average of values in readout-channel 4 = 4.860408
Darkdrift background term = 5.158859
...for data plane = 30
Darkdrift correction for readout-channel 1 = -0.061853
Darkdrift correction for readout-channel 2 = 0.280878
Darkdrift correction for readout-channel 3 = -0.382107
Darkdrift correction for readout-channel 4 = 0.163081
Darkdrift uncertainty for readout-channel 1 = 0.303096
Darkdrift uncertainty for readout-channel 2 = 0.301597
Darkdrift uncertainty for readout-channel 3 = 0.302977
Darkdrift uncertainty for readout-channel 4 = 0.303882
Trimmed average of values in readout-channel 1 = 5.047327
Trimmed average of values in readout-channel 2 = 5.390058
Trimmed average of values in readout-channel 3 = 4.727073
Trimmed average of values in readout-channel 4 = 5.272261
Darkdrift background term = 5.109180
...for data plane = 31
Darkdrift correction for readout-channel 1 = 0.219634
Darkdrift correction for readout-channel 2 = -0.360806
Darkdrift correction for readout-channel 3 = 0.224524
Darkdrift correction for readout-channel 4 = -0.083352
Darkdrift uncertainty for readout-channel 1 = 0.375469
Darkdrift uncertainty for readout-channel 2 = 0.303818
Darkdrift uncertainty for readout-channel 3 = 0.303535
Darkdrift uncertainty for readout-channel 4 = 0.303167
Trimmed average of values in readout-channel 1 = 5.397413
Trimmed average of values in readout-channel 2 = 4.816974
Trimmed average of values in readout-channel 3 = 5.402303
Trimmed average of values in readout-channel 4 = 5.094427
Darkdrift background term = 5.177779
...for data plane = 32
Darkdrift correction for readout-channel 1 = 0.208269
Darkdrift correction for readout-channel 2 = 0.039661
Darkdrift correction for readout-channel 3 = -0.169326
Darkdrift correction for readout-channel 4 = -0.078604
Darkdrift uncertainty for readout-channel 1 = 0.303232
Darkdrift uncertainty for readout-channel 2 = 0.302141
Darkdrift uncertainty for readout-channel 3 = 0.302972
Darkdrift uncertainty for readout-channel 4 = 0.302120
Trimmed average of values in readout-channel 1 = 5.267308
Trimmed average of values in readout-channel 2 = 5.098700
Trimmed average of values in readout-channel 3 = 4.889713
Trimmed average of values in readout-channel 4 = 4.980435
Darkdrift background term = 5.059039
...for data plane = 33
Darkdrift correction for readout-channel 1 = 0.250552
Darkdrift correction for readout-channel 2 = -0.192926
Darkdrift correction for readout-channel 3 = -0.052952
Darkdrift correction for readout-channel 4 = -0.004673
Darkdrift uncertainty for readout-channel 1 = 0.303232
Darkdrift uncertainty for readout-channel 2 = 0.302975
Darkdrift uncertainty for readout-channel 3 = 0.302979
Darkdrift uncertainty for readout-channel 4 = 0.302915
Trimmed average of values in readout-channel 1 = 5.687007
Trimmed average of values in readout-channel 2 = 5.243529
Trimmed average of values in readout-channel 3 = 5.383503
Trimmed average of values in readout-channel 4 = 5.431782
Darkdrift background term = 5.436455
...for data plane = 34
Darkdrift correction for readout-channel 1 = -0.046325
Darkdrift correction for readout-channel 2 = -0.095303
Darkdrift correction for readout-channel 3 = 0.108597
Darkdrift correction for readout-channel 4 = 0.033031
Darkdrift uncertainty for readout-channel 1 = 0.378328
Darkdrift uncertainty for readout-channel 2 = 0.302968
Darkdrift uncertainty for readout-channel 3 = 0.302972
Darkdrift uncertainty for readout-channel 4 = 0.303303
Trimmed average of values in readout-channel 1 = 5.391857
Trimmed average of values in readout-channel 2 = 5.342878
Trimmed average of values in readout-channel 3 = 5.546778
Trimmed average of values in readout-channel 4 = 5.471212
Darkdrift background term = 5.438181
...for data plane = 35
Darkdrift correction for readout-channel 1 = 0.032422
Darkdrift correction for readout-channel 2 = -0.199982
Darkdrift correction for readout-channel 3 = -0.132650
Darkdrift correction for readout-channel 4 = 0.300210
Darkdrift uncertainty for readout-channel 1 = 0.303757
Darkdrift uncertainty for readout-channel 2 = 0.350997
Darkdrift uncertainty for readout-channel 3 = 0.302657
Darkdrift uncertainty for readout-channel 4 = 0.303058
Trimmed average of values in readout-channel 1 = 4.795605
Trimmed average of values in readout-channel 2 = 4.563200
Trimmed average of values in readout-channel 3 = 4.630532
Trimmed average of values in readout-channel 4 = 5.063393
Darkdrift background term = 4.763183
...for data plane = 36
Darkdrift correction for readout-channel 1 = 0.118843
Darkdrift correction for readout-channel 2 = -0.136885
Darkdrift correction for readout-channel 3 = 0.006680
Darkdrift correction for readout-channel 4 = 0.011362
Darkdrift uncertainty for readout-channel 1 = 0.302974
Darkdrift uncertainty for readout-channel 2 = 0.303803
Darkdrift uncertainty for readout-channel 3 = 0.302981
Darkdrift uncertainty for readout-channel 4 = 0.303154
Trimmed average of values in readout-channel 1 = 5.656333
Trimmed average of values in readout-channel 2 = 5.400606
Trimmed average of values in readout-channel 3 = 5.544170
Trimmed average of values in readout-channel 4 = 5.548852
Darkdrift background term = 5.537490
...for data plane = 37
Darkdrift correction for readout-channel 1 = -0.205354
Darkdrift correction for readout-channel 2 = -0.256640
Darkdrift correction for readout-channel 3 = 0.168379
Darkdrift correction for readout-channel 4 = 0.293615
Darkdrift uncertainty for readout-channel 1 = 0.304019
Darkdrift uncertainty for readout-channel 2 = 0.303242
Darkdrift uncertainty for readout-channel 3 = 0.302982
Darkdrift uncertainty for readout-channel 4 = 0.302898
Trimmed average of values in readout-channel 1 = 5.204272
Trimmed average of values in readout-channel 2 = 5.152986
Trimmed average of values in readout-channel 3 = 5.578004
Trimmed average of values in readout-channel 4 = 5.703241
Darkdrift background term = 5.409626
...for data plane = 38
Darkdrift correction for readout-channel 1 = 0.249424
Darkdrift correction for readout-channel 2 = -0.489362
Darkdrift correction for readout-channel 3 = 0.429960
Darkdrift correction for readout-channel 4 = -0.190023
Darkdrift uncertainty for readout-channel 1 = 0.303240
Darkdrift uncertainty for readout-channel 2 = 0.302969
Darkdrift uncertainty for readout-channel 3 = 0.303457
Darkdrift uncertainty for readout-channel 4 = 0.302979
Trimmed average of values in readout-channel 1 = 5.497875
Trimmed average of values in readout-channel 2 = 4.759089
Trimmed average of values in readout-channel 3 = 5.678411
Trimmed average of values in readout-channel 4 = 5.058427
Darkdrift background term = 5.248451
...for data plane = 39
Darkdrift correction for readout-channel 1 = -0.039969
Darkdrift correction for readout-channel 2 = 0.051701
Darkdrift correction for readout-channel 3 = 0.022027
Darkdrift correction for readout-channel 4 = -0.033759
Darkdrift uncertainty for readout-channel 1 = 0.303363
Darkdrift uncertainty for readout-channel 2 = 0.303523
Darkdrift uncertainty for readout-channel 3 = 0.227873
Darkdrift uncertainty for readout-channel 4 = 0.303473
Trimmed average of values in readout-channel 1 = 5.595662
Trimmed average of values in readout-channel 2 = 5.687332
Trimmed average of values in readout-channel 3 = 5.657658
Trimmed average of values in readout-channel 4 = 5.601872
Darkdrift background term = 5.635631
...for data plane = 40
Darkdrift correction for readout-channel 1 = 0.142885
Darkdrift correction for readout-channel 2 = -0.113199
Darkdrift correction for readout-channel 3 = -0.115332
Darkdrift correction for readout-channel 4 = 0.085646
Darkdrift uncertainty for readout-channel 1 = 0.302984
Darkdrift uncertainty for readout-channel 2 = 0.300064
Darkdrift uncertainty for readout-channel 3 = 0.303132
Darkdrift uncertainty for readout-channel 4 = 0.303629
Trimmed average of values in readout-channel 1 = 5.058950
Trimmed average of values in readout-channel 2 = 4.802866
Trimmed average of values in readout-channel 3 = 4.800734
Trimmed average of values in readout-channel 4 = 5.001712
Darkdrift background term = 4.916066
...for data plane = 41
Darkdrift correction for readout-channel 1 = 0.057287
Darkdrift correction for readout-channel 2 = -0.113354
Darkdrift correction for readout-channel 3 = -0.134822
Darkdrift correction for readout-channel 4 = 0.190890
Darkdrift uncertainty for readout-channel 1 = 0.303388
Darkdrift uncertainty for readout-channel 2 = 0.304632
Darkdrift uncertainty for readout-channel 3 = 0.302960
Darkdrift uncertainty for readout-channel 4 = 0.302976
Trimmed average of values in readout-channel 1 = 5.106885
Trimmed average of values in readout-channel 2 = 4.936244
Trimmed average of values in readout-channel 3 = 4.914776
Trimmed average of values in readout-channel 4 = 5.240488
Darkdrift background term = 5.049598
...for data plane = 42
Darkdrift correction for readout-channel 1 = 0.439814
Darkdrift correction for readout-channel 2 = -0.493269
Darkdrift correction for readout-channel 3 = 0.079739
Darkdrift correction for readout-channel 4 = -0.026285
Darkdrift uncertainty for readout-channel 1 = 0.302971
Darkdrift uncertainty for readout-channel 2 = 0.302423
Darkdrift uncertainty for readout-channel 3 = 0.303122
Darkdrift uncertainty for readout-channel 4 = 0.302887
Trimmed average of values in readout-channel 1 = 5.768064
Trimmed average of values in readout-channel 2 = 4.834980
Trimmed average of values in readout-channel 3 = 5.407989
Trimmed average of values in readout-channel 4 = 5.301965
Darkdrift background term = 5.328249
...for data plane = 43
Darkdrift correction for readout-channel 1 = -0.228767
Darkdrift correction for readout-channel 2 = -0.167482
Darkdrift correction for readout-channel 3 = 0.180738
Darkdrift correction for readout-channel 4 = 0.215511
Darkdrift uncertainty for readout-channel 1 = 0.302708
Darkdrift uncertainty for readout-channel 2 = 0.302972
Darkdrift uncertainty for readout-channel 3 = 0.303048
Darkdrift uncertainty for readout-channel 4 = 0.302984
Trimmed average of values in readout-channel 1 = 4.958372
Trimmed average of values in readout-channel 2 = 5.019657
Trimmed average of values in readout-channel 3 = 5.367876
Trimmed average of values in readout-channel 4 = 5.402649
Darkdrift background term = 5.187138
...for data plane = 44
Darkdrift correction for readout-channel 1 = 0.022612
Darkdrift correction for readout-channel 2 = 0.146566
Darkdrift correction for readout-channel 3 = 0.052689
Darkdrift correction for readout-channel 4 = -0.221866
Darkdrift uncertainty for readout-channel 1 = 0.376513
Darkdrift uncertainty for readout-channel 2 = 0.302973
Darkdrift uncertainty for readout-channel 3 = 0.303297
Darkdrift uncertainty for readout-channel 4 = 0.303384
Trimmed average of values in readout-channel 1 = 5.261876
Trimmed average of values in readout-channel 2 = 5.385830
Trimmed average of values in readout-channel 3 = 5.291953
Trimmed average of values in readout-channel 4 = 5.017398
Darkdrift background term = 5.239264
...for data plane = 45
Darkdrift correction for readout-channel 1 = -0.217579
Darkdrift correction for readout-channel 2 = -0.141312
Darkdrift correction for readout-channel 3 = 0.147914
Darkdrift correction for readout-channel 4 = 0.210976
Darkdrift uncertainty for readout-channel 1 = 0.302965
Darkdrift uncertainty for readout-channel 2 = 0.302970
Darkdrift uncertainty for readout-channel 3 = 0.303134
Darkdrift uncertainty for readout-channel 4 = 0.302974
Trimmed average of values in readout-channel 1 = 4.747339
Trimmed average of values in readout-channel 2 = 4.823605
Trimmed average of values in readout-channel 3 = 5.112831
Trimmed average of values in readout-channel 4 = 5.175894
Darkdrift background term = 4.964917
...for data plane = 46
Darkdrift correction for readout-channel 1 = -0.112799
Darkdrift correction for readout-channel 2 = 0.021583
Darkdrift correction for readout-channel 3 = -0.174261
Darkdrift correction for readout-channel 4 = 0.265477
Darkdrift uncertainty for readout-channel 1 = 0.303226
Darkdrift uncertainty for readout-channel 2 = 0.302981
Darkdrift uncertainty for readout-channel 3 = 0.302977
Darkdrift uncertainty for readout-channel 4 = 0.303470
Trimmed average of values in readout-channel 1 = 5.255115
Trimmed average of values in readout-channel 2 = 5.389497
Trimmed average of values in readout-channel 3 = 5.193653
Trimmed average of values in readout-channel 4 = 5.633391
Darkdrift background term = 5.367914
...for data plane = 47
Darkdrift correction for readout-channel 1 = 0.257260
Darkdrift correction for readout-channel 2 = -0.088466
Darkdrift correction for readout-channel 3 = -0.216927
Darkdrift correction for readout-channel 4 = 0.048133
Darkdrift uncertainty for readout-channel 1 = 0.378547
Darkdrift uncertainty for readout-channel 2 = 0.302972
Darkdrift uncertainty for readout-channel 3 = 0.302975
Darkdrift uncertainty for readout-channel 4 = 0.302794
Trimmed average of values in readout-channel 1 = 5.445188
Trimmed average of values in readout-channel 2 = 5.099462
Trimmed average of values in readout-channel 3 = 4.971002
Trimmed average of values in readout-channel 4 = 5.236061
Darkdrift background term = 5.187928
...for data plane = 48
Darkdrift correction for readout-channel 1 = 0.277419
Darkdrift correction for readout-channel 2 = -0.340564
Darkdrift correction for readout-channel 3 = -0.337636
Darkdrift correction for readout-channel 4 = 0.400781
Darkdrift uncertainty for readout-channel 1 = 0.303622
Darkdrift uncertainty for readout-channel 2 = 0.304649
Darkdrift uncertainty for readout-channel 3 = 0.303454
Darkdrift uncertainty for readout-channel 4 = 0.378294
Trimmed average of values in readout-channel 1 = 5.605549
Trimmed average of values in readout-channel 2 = 4.987566
Trimmed average of values in readout-channel 3 = 4.990494
Trimmed average of values in readout-channel 4 = 5.728911
Darkdrift background term = 5.328130
...for data plane = 49
Darkdrift correction for readout-channel 1 = 0.177424
Darkdrift correction for readout-channel 2 = -0.264090
Darkdrift correction for readout-channel 3 = 0.176825
Darkdrift correction for readout-channel 4 = -0.090159
Darkdrift uncertainty for readout-channel 1 = 0.303368
Darkdrift uncertainty for readout-channel 2 = 0.303518
Darkdrift uncertainty for readout-channel 3 = 0.303450
Darkdrift uncertainty for readout-channel 4 = 0.302991
Trimmed average of values in readout-channel 1 = 5.399384
Trimmed average of values in readout-channel 2 = 4.957870
Trimmed average of values in readout-channel 3 = 5.398785
Trimmed average of values in readout-channel 4 = 5.131801
Darkdrift background term = 5.221960
...for data plane = 50
Darkdrift correction for readout-channel 1 = -0.290221
Darkdrift correction for readout-channel 2 = -0.179105
Darkdrift correction for readout-channel 3 = 0.193676
Darkdrift correction for readout-channel 4 = 0.275649
Darkdrift uncertainty for readout-channel 1 = 0.302974
Darkdrift uncertainty for readout-channel 2 = 0.304351
Darkdrift uncertainty for readout-channel 3 = 0.303099
Darkdrift uncertainty for readout-channel 4 = 0.303048
Trimmed average of values in readout-channel 1 = 4.756435
Trimmed average of values in readout-channel 2 = 4.867551
Trimmed average of values in readout-channel 3 = 5.240332
Trimmed average of values in readout-channel 4 = 5.322305
Darkdrift background term = 5.046656
...for data plane = 51
Darkdrift correction for readout-channel 1 = 0.038415
Darkdrift correction for readout-channel 2 = -0.280433
Darkdrift correction for readout-channel 3 = 0.273309
Darkdrift correction for readout-channel 4 = -0.031290
Darkdrift uncertainty for readout-channel 1 = 0.304018
Darkdrift uncertainty for readout-channel 2 = 0.302978
Darkdrift uncertainty for readout-channel 3 = 0.303037
Darkdrift uncertainty for readout-channel 4 = 0.302969
Trimmed average of values in readout-channel 1 = 5.313903
Trimmed average of values in readout-channel 2 = 4.995055
Trimmed average of values in readout-channel 3 = 5.548797
Trimmed average of values in readout-channel 4 = 5.244199
Darkdrift background term = 5.275489
...for data plane = 52
Darkdrift correction for readout-channel 1 = 0.177037
Darkdrift correction for readout-channel 2 = -0.148438
Darkdrift correction for readout-channel 3 = -0.198024
Darkdrift correction for readout-channel 4 = 0.169426
Darkdrift uncertainty for readout-channel 1 = 0.302981
Darkdrift uncertainty for readout-channel 2 = 0.302973
Darkdrift uncertainty for readout-channel 3 = 0.302861
Darkdrift uncertainty for readout-channel 4 = 0.303146
Trimmed average of values in readout-channel 1 = 5.285421
Trimmed average of values in readout-channel 2 = 4.959946
Trimmed average of values in readout-channel 3 = 4.910359
Trimmed average of values in readout-channel 4 = 5.277809
Darkdrift background term = 5.108384
...for data plane = 53
Darkdrift correction for readout-channel 1 = 0.156751
Darkdrift correction for readout-channel 2 = -0.416289
Darkdrift correction for readout-channel 3 = 0.002154
Darkdrift correction for readout-channel 4 = 0.257383
Darkdrift uncertainty for readout-channel 1 = 0.340784
Darkdrift uncertainty for readout-channel 2 = 0.302706
Darkdrift uncertainty for readout-channel 3 = 0.302968
Darkdrift uncertainty for readout-channel 4 = 0.303319
Trimmed average of values in readout-channel 1 = 5.245405
Trimmed average of values in readout-channel 2 = 4.672365
Trimmed average of values in readout-channel 3 = 5.090808
Trimmed average of values in readout-channel 4 = 5.346037
Darkdrift background term = 5.088654
...for data plane = 54
Darkdrift correction for readout-channel 1 = 0.300943
Darkdrift correction for readout-channel 2 = -0.431149
Darkdrift correction for readout-channel 3 = 0.366412
Darkdrift correction for readout-channel 4 = -0.236206
Darkdrift uncertainty for readout-channel 1 = 0.304160
Darkdrift uncertainty for readout-channel 2 = 0.302693
Darkdrift uncertainty for readout-channel 3 = 0.303530
Darkdrift uncertainty for readout-channel 4 = 0.303219
Trimmed average of values in readout-channel 1 = 5.276227
Trimmed average of values in readout-channel 2 = 4.544135
Trimmed average of values in readout-channel 3 = 5.341696
Trimmed average of values in readout-channel 4 = 4.739078
Darkdrift background term = 4.975284
...for data plane = 55
Darkdrift correction for readout-channel 1 = -0.231065
Darkdrift correction for readout-channel 2 = -0.058221
Darkdrift correction for readout-channel 3 = 0.254839
Darkdrift correction for readout-channel 4 = 0.034448
Darkdrift uncertainty for readout-channel 1 = 0.303365
Darkdrift uncertainty for readout-channel 2 = 0.303525
Darkdrift uncertainty for readout-channel 3 = 0.303860
Darkdrift uncertainty for readout-channel 4 = 0.302996
Trimmed average of values in readout-channel 1 = 4.982508
Trimmed average of values in readout-channel 2 = 5.155351
Trimmed average of values in readout-channel 3 = 5.468411
Trimmed average of values in readout-channel 4 = 5.248021
Darkdrift background term = 5.213573
...for data plane = 56
Darkdrift correction for readout-channel 1 = 0.414067
Darkdrift correction for readout-channel 2 = 0.036050
Darkdrift correction for readout-channel 3 = -0.090337
Darkdrift correction for readout-channel 4 = -0.359780
Darkdrift uncertainty for readout-channel 1 = 0.303354
Darkdrift uncertainty for readout-channel 2 = 0.302971
Darkdrift uncertainty for readout-channel 3 = 0.303062
Darkdrift uncertainty for readout-channel 4 = 0.303479
Trimmed average of values in readout-channel 1 = 5.791798
Trimmed average of values in readout-channel 2 = 5.413780
Trimmed average of values in readout-channel 3 = 5.287394
Trimmed average of values in readout-channel 4 = 5.017950
Darkdrift background term = 5.377730
...for data plane = 57
Darkdrift correction for readout-channel 1 = 0.282425
Darkdrift correction for readout-channel 2 = -0.059515
Darkdrift correction for readout-channel 3 = -0.174781
Darkdrift correction for readout-channel 4 = -0.048129
Darkdrift uncertainty for readout-channel 1 = 0.302975
Darkdrift uncertainty for readout-channel 2 = 0.302981
Darkdrift uncertainty for readout-channel 3 = 0.303142
Darkdrift uncertainty for readout-channel 4 = 0.303041
Trimmed average of values in readout-channel 1 = 5.508613
Trimmed average of values in readout-channel 2 = 5.166673
Trimmed average of values in readout-channel 3 = 5.051406
Trimmed average of values in readout-channel 4 = 5.178058
Darkdrift background term = 5.226187
...for data plane = 58
Darkdrift correction for readout-channel 1 = 0.096612
Darkdrift correction for readout-channel 2 = -0.696849
Darkdrift correction for readout-channel 3 = 0.179954
Darkdrift correction for readout-channel 4 = 0.420284
Darkdrift uncertainty for readout-channel 1 = 0.303606
Darkdrift uncertainty for readout-channel 2 = 0.301872
Darkdrift uncertainty for readout-channel 3 = 0.302971
Darkdrift uncertainty for readout-channel 4 = 0.303063
Trimmed average of values in readout-channel 1 = -0.118229
Trimmed average of values in readout-channel 2 = -0.911690
Trimmed average of values in readout-channel 3 = -0.034886
Trimmed average of values in readout-channel 4 = 0.205443
Darkdrift background term = -0.214840
...for data plane = 59
Darkdrift correction for readout-channel 1 = 0.594601
Darkdrift correction for readout-channel 2 = -0.229399
Darkdrift correction for readout-channel 3 = -0.087410
Darkdrift correction for readout-channel 4 = -0.277792
Darkdrift uncertainty for readout-channel 1 = 0.302986
Darkdrift uncertainty for readout-channel 2 = 0.302410
Darkdrift uncertainty for readout-channel 3 = 0.302963
Darkdrift uncertainty for readout-channel 4 = 0.303213
Trimmed average of values in readout-channel 1 = 5.837727
Trimmed average of values in readout-channel 2 = 5.013727
Trimmed average of values in readout-channel 3 = 5.155717
Trimmed average of values in readout-channel 4 = 4.965334
Darkdrift background term = 5.243126
...for data plane = 60
Darkdrift correction for readout-channel 1 = -0.245630
Darkdrift correction for readout-channel 2 = -0.027387
Darkdrift correction for readout-channel 3 = 0.240729
Darkdrift correction for readout-channel 4 = 0.032289
Darkdrift uncertainty for readout-channel 1 = 0.302847
Darkdrift uncertainty for readout-channel 2 = 0.302964
Darkdrift uncertainty for readout-channel 3 = 0.303289
Darkdrift uncertainty for readout-channel 4 = 0.303453
Trimmed average of values in readout-channel 1 = 5.220712
Trimmed average of values in readout-channel 2 = 5.438955
Trimmed average of values in readout-channel 3 = 5.707071
Trimmed average of values in readout-channel 4 = 5.498631
Darkdrift background term = 5.466342
...for data plane = 61
Darkdrift correction for readout-channel 1 = -0.272469
Darkdrift correction for readout-channel 2 = 0.222569
Darkdrift correction for readout-channel 3 = -0.055527
Darkdrift correction for readout-channel 4 = 0.105427
Darkdrift uncertainty for readout-channel 1 = 0.303218
Darkdrift uncertainty for readout-channel 2 = 0.303245
Darkdrift uncertainty for readout-channel 3 = 0.302975
Darkdrift uncertainty for readout-channel 4 = 0.377958
Trimmed average of values in readout-channel 1 = 4.912041
Trimmed average of values in readout-channel 2 = 5.407078
Trimmed average of values in readout-channel 3 = 5.128983
Trimmed average of values in readout-channel 4 = 5.289937
Darkdrift background term = 5.184510
...for data plane = 62
Darkdrift correction for readout-channel 1 = 0.188668
Darkdrift correction for readout-channel 2 = -0.217348
Darkdrift correction for readout-channel 3 = 0.043702
Darkdrift correction for readout-channel 4 = -0.015022
Darkdrift uncertainty for readout-channel 1 = 0.303365
Darkdrift uncertainty for readout-channel 2 = 0.302716
Darkdrift uncertainty for readout-channel 3 = 0.302976
Darkdrift uncertainty for readout-channel 4 = 0.303306
Trimmed average of values in readout-channel 1 = 5.222560
Trimmed average of values in readout-channel 2 = 4.816544
Trimmed average of values in readout-channel 3 = 5.077595
Trimmed average of values in readout-channel 4 = 5.018871
Darkdrift background term = 5.033893
...for data plane = 63
Darkdrift correction for readout-channel 1 = 0.055097
Darkdrift correction for readout-channel 2 = -0.331060
Darkdrift correction for readout-channel 3 = 0.039514
Darkdrift correction for readout-channel 4 = 0.236448
Darkdrift uncertainty for readout-channel 1 = 0.303493
Darkdrift uncertainty for readout-channel 2 = 0.302974
Darkdrift uncertainty for readout-channel 3 = 0.303768
Darkdrift uncertainty for readout-channel 4 = 0.302979
Trimmed average of values in readout-channel 1 = 5.341436
Trimmed average of values in readout-channel 2 = 4.955279
Trimmed average of values in readout-channel 3 = 5.325853
Trimmed average of values in readout-channel 4 = 5.522787
Darkdrift background term = 5.286339
...for data plane = 64
Darkdrift correction for readout-channel 1 = -0.119898
Darkdrift correction for readout-channel 2 = -0.073605
Darkdrift correction for readout-channel 3 = -0.101809
Darkdrift correction for readout-channel 4 = 0.295313
Darkdrift uncertainty for readout-channel 1 = 0.303241
Darkdrift uncertainty for readout-channel 2 = 0.302401
Darkdrift uncertainty for readout-channel 3 = 0.303145
Darkdrift uncertainty for readout-channel 4 = 0.302957
Trimmed average of values in readout-channel 1 = 5.057696
Trimmed average of values in readout-channel 2 = 5.103989
Trimmed average of values in readout-channel 3 = 5.075785
Trimmed average of values in readout-channel 4 = 5.472907
Darkdrift background term = 5.177594

Program darkdrift: Status Message: 0x0000
Normal exit from Function 0x0000: LOG_WRITER
darkdrift Warning: NaN's were produced in the results.
A total of     2013   NaN's were produced in the results.
Processing time: 9.500000 seconds
Current date/time: Sat Jan  9 14:59:29 2016
Program darkdrift, version 4.1, terminated.

darkdrift   exit_value =   0    execution_time = 9.570s
******************************************************************
Pipeline executing flatap
flatap -i darkdrift.fits -p cal/pmask.fits -f cal/skyflat.fits -ui sig_darkdrift.fits -uo sig_flatap.fits -d dmask.fits -o flatap.fits -c cal/skyflat_cmask.fits 
******************************************************************
Pipeline Module FLATAP Version 1.5
Processing time Sat Jan  9 14:59:30 2016

flatap_parse_namelist: Information only: Namelist not specified.
Sat Jan  9 14:59:30 2016
flatap_log_writer: Could not open Log File, using stdout
Flatap Version 1.5
Namelist File  = 
Input DCE = darkdrift.fits
Output DCE = !flatap.fits
Flatfield = cal/skyflat.fits
Input Uncertainty = sig_darkdrift.fits
Output Uncertainty = !sig_flatap.fits
Pmask File = cal/pmask.fits
Pmask Mask = 128
Dmask File = dmask.fits
Dmask Mask = 16384
Cmask File = cal/skyflat_cmask.fits
Cmask Mask = 256
Trans CAL File = 
Trans CAL CMask File = 
Processing Log File = 
Time =    0.14 seconds
*********************

Time = 0.140 seconds
exit code 0

flatap   exit_value =   0    execution_time = 0.200s
******************************************************************
Pipeline executing imfliprot
imfliprot -i flatap.fits -n cdf/pn107.nl -a /sos/sw/S19.2.0/STUDIO/downlink/include -o imfliprot.fits 
******************************************************************

imfliprot_log_writer: Printing Log output to stdout

Program imfliprot, Version 1.0
Namelist File  = cdf/pn107.nl
Input File = flatap.fits
Output File = imfliprot.fits
Image has been flipped
Image Rotation (degrees)  = 180
Ancillary Data-File Path = /sos/sw/S19.2.0/STUDIO/downlink/include
Verbose flag = 0
Debug flag = 0
imfliprot Status Message      0x0000: Normal exit from Function 0x0000: LOG_WRITER
Processing time: 0.140000 seconds
Current date/time: Sat Jan  9 14:59:30 2016
Program imfliprot, version 1.0, terminated.


imfliprot   exit_value =   0    execution_time = 0.170s
******************************************************************
Pipeline executing imfliprot
imfliprot -i sig_flatap.fits -n cdf/pn107.nl -a /sos/sw/S19.2.0/STUDIO/downlink/include -o sig_imfliprot.fits 
******************************************************************

imfliprot_log_writer: Printing Log output to stdout

Program imfliprot, Version 1.0
Namelist File  = cdf/pn107.nl
Input File = sig_flatap.fits
Output File = sig_imfliprot.fits
Image has been flipped
Image Rotation (degrees)  = 180
Ancillary Data-File Path = /sos/sw/S19.2.0/STUDIO/downlink/include
Verbose flag = 0
Debug flag = 0
imfliprot Status Message      0x0000: Normal exit from Function 0x0000: LOG_WRITER
Processing time: 0.150000 seconds
Current date/time: Sat Jan  9 14:59:31 2016
Program imfliprot, version 1.0, terminated.


imfliprot   exit_value =   0    execution_time = 0.180s
******************************************************************
Pipeline executing imfliprot
imfliprot -i dmask.fits -n cdf/pn107.nl -a /sos/sw/S19.2.0/STUDIO/downlink/include -o temp_dmask.fits 
******************************************************************

imfliprot_log_writer: Printing Log output to stdout

Program imfliprot, Version 1.0
Namelist File  = cdf/pn107.nl
Input File = dmask.fits
Output File = temp_dmask.fits
Image has been flipped
Image Rotation (degrees)  = 180
Ancillary Data-File Path = /sos/sw/S19.2.0/STUDIO/downlink/include
Verbose flag = 0
Debug flag = 0
imfliprot Status Message      0x0000: Normal exit from Function 0x0000: LOG_WRITER
Processing time: 0.050000 seconds
Current date/time: Sat Jan  9 14:59:31 2016
Program imfliprot, version 1.0, terminated.


imfliprot   exit_value =   0    execution_time = 0.080s
******************************************************************
Pipeline executing imfliprot
imfliprot -i fowlinearize.fits -n cdf/pn107.nl -a /sos/sw/S19.2.0/STUDIO/downlink/include -o temp_fowlinearize.fits 
******************************************************************

imfliprot_log_writer: Printing Log output to stdout

Program imfliprot, Version 1.0
Namelist File  = cdf/pn107.nl
Input File = fowlinearize.fits
Output File = temp_fowlinearize.fits
Image has been flipped
Image Rotation (degrees)  = 180
Ancillary Data-File Path = /sos/sw/S19.2.0/STUDIO/downlink/include
Verbose flag = 0
Debug flag = 0
imfliprot Status Message      0x0000: Normal exit from Function 0x0000: LOG_WRITER
Processing time: 0.060000 seconds
Current date/time: Sat Jan  9 14:59:31 2016
Program imfliprot, version 1.0, terminated.


imfliprot   exit_value =   0    execution_time = 0.090s
******************************************************************
Pipeline executing imfliprot
imfliprot -i sig_fowlinearize.fits -n cdf/pn107.nl -a /sos/sw/S19.2.0/STUDIO/downlink/include -o temp_sig_fowlinearize.fits 
******************************************************************

imfliprot_log_writer: Printing Log output to stdout

Program imfliprot, Version 1.0
Namelist File  = cdf/pn107.nl
Input File = sig_fowlinearize.fits
Output File = temp_sig_fowlinearize.fits
Image has been flipped
Image Rotation (degrees)  = 180
Ancillary Data-File Path = /sos/sw/S19.2.0/STUDIO/downlink/include
Verbose flag = 0
Debug flag = 0
imfliprot Status Message      0x0000: Normal exit from Function 0x0000: LOG_WRITER
Processing time: 0.060000 seconds
Current date/time: Sat Jan  9 14:59:32 2016
Program imfliprot, version 1.0, terminated.


imfliprot   exit_value =   0    execution_time = 0.090s
******************************************************************
Pipeline executing dntoflux
dntoflux -i imfliprot.fits -iu sig_imfliprot.fits -n cdf/pn107.nl -co 0 -c 0.1447 -u 0.0000 -a /sos/sw/S19.2.0/STUDIO/downlink/include -o1 dntoflux.fits -ou sig_dntoflux.fits -t 1 
******************************************************************

Program dntoflux, Version 4.2
Namelist File  = cdf/pn107.nl
Input Image = imfliprot.fits
Output File 1 = dntoflux.fits
Output Uncertainty Image = sig_dntoflux.fits
Operation flag = 0
Conversion factor = 0.144700
Input Uncertainty Image = sig_imfliprot.fits
Conversion-factor uncertainty = 0.000000
Output BUNIT setting = MJy/sr
Normalize-by-EXPTIME Flag = 1
EXPTIME = 1.920000
Data-Plane Flag = 1
Ancillary Data-File Path = /sos/sw/S19.2.0/STUDIO/downlink/include
Verbose flag = 0
Super-verbose flag = 0
Debug flag = 0
Terminating data-units-conversion program.
dntoflux Status Message: 0x0000
Normal exit from Function 0x0000: LOG_WRITER
dntoflux Probs Warning: NaN's were produced in the results.
A total of     4026   NaN's were produced in the results.
Processing time: 0.360000 seconds
Current date/time: Sat Jan  9 14:59:33 2016
Program dntoflux, version 4.2, terminated.

dntoflux   exit_value =   0    execution_time = 0.460s
******************************************************************
Pipeline executing qatool
qatool -i dntoflux.fits -n cdf/pn107.nl -nb QATOOLBCD -a /sos/sw/S19.2.0/STUDIO/downlink/include -o qa/BCD_qatool 
******************************************************************
qatool_parse_namelist: Information only: Namelist block-name = &QATOOLBCD
Program qatool, Version 6.0
Namelist File  = cdf/pn107.nl
Input File = dntoflux.fits
Output Data Filename Base = qa/BCD_qatool
Statistics Group = 0
Percent-Scaling Flag = 0
Calculation Type = 1
(set-up to do additional computations for four readout channels)
Number of Mean Absolute Deviations for Histogram Half-Width Coverage = 5
Number of Bins in Histograms = 41
Central fraction for trimmed average = 0.810000
Central fraction for trimmed std. dev. = 0.720000
Bad-pixel tolerance fraction = 0.900000
Statistics Box X position = 3
Statistics Box Y position = 4
Statistics Box X width = 20
Statistics Box Y height = 23
Input-Image Transpose Flag = 1
Unsigned Integer Flag = 0
Data-Plane Flag = 1
Number Edge Rows/Cols Skipped = 2
Keyword Prefix = bcd
Ancillary Data-File Path = /sos/sw/S19.2.0/STUDIO/downlink/include
Verbose flag = 0
Super-verbose flag = 0
Debug flag = 0
Performed statistical and histogram calculations.
Program qatool: Status Message: 0x0000
Normal exit from Function 0x0000: LOG_WRITER
Processing time: 0.960000 seconds
Current date/time: Sat Jan  9 14:59:34 2016
Program qatool, version 6.0, terminated.

qatool   exit_value =   0    execution_time = 1.030s
******************************************************************
Pipeline executing chkmask
chkmask dmask.fits -q qa/BCD_qatool.qa 
******************************************************************
 chkmask vsn 1.35 A40312
 
 No. of occurrences of the   3 status combinations:
   2268 occurrences of   256 (8)                                 
   6 occurrences of   16 (4)                                 
     1 occurrence of   272 (4,8)                               
 
 Status Bit: No. of Pixels
   0:   0
   1:   0
   2:   0
   3:   0
   4:   7
   5:   0
   6:   0
   7:   0
   8:   2269
   9:   0
   10:   0
   11:   0
   12:   0
   13:   0
   14:   0
 

chkmask   exit_value =   0    execution_time = 0.220s
******************************************************************
Loading QA information for DCE and BCD product
Keyword APDUV1E not found in header
Keyword APDUV2E not found in header
Keyword APDUV3E not found in header
Keyword APDUI1E not found in header
Keyword APDUI2E not found in header
Keyword APDUI3E not found in header
Could not append keyword APDUV1E to QA file qa/DCE_qatool.qa
Could not append keyword APDUV2E to QA file qa/DCE_qatool.qa
Could not append keyword APDUV3E to QA file qa/DCE_qatool.qa
Could not append keyword APDUI1E to QA file qa/DCE_qatool.qa
Could not append keyword APDUI2E to QA file qa/DCE_qatool.qa
Could not append keyword APDUI3E to QA file qa/DCE_qatool.qa
******************************************************************
Pipeline executing qaloader
qaloader -i qa/DCE_qatool.qa -tablename qa_iracdce -o qa/qaloader.sql -role pipelineswrole 
******************************************************************
2016/01/09 14:59:37 BEGIN qaloader v1.13
 -i (QA_FILE) qa/DCE_qatool.qa
 -tablename (TABLENAME) qa_iracdce
 -o (SQL_FILE) qa/qaloader.sql
 -role (ROLE) pipelineswrole
Using metadata version 13.0b
table name=qa_iracdce

QA values ingested:
{-4.576142e+01} {}
dceAveFI_1       -4.576142e+01 
{-4.848959e+01} {}
dceAveR1_1       -4.848959e+01 
{-2.853325e+01} {}
dceAveR2_1       -2.853325e+01 
{-3.311606e+01} {}
dceAveR3_1       -3.311606e+01 
{-7.290678e+01} {}
dceAveR4_1       -7.290678e+01 
{-2.200000e+01} {-4.848959e+01}
dceMedFI_1       -2.200000e+01 
{3.095720e+02} {}
dceSdevFI_1      3.095720e+02 
{4.770400e+00} {}
dceDSclFI_1      4.770400e+00 
{-8.908000e+03} {}
dceMinFI_1       -8.908000e+03 
{1.200000e+01} {}
dceMaxFI_1       1.200000e+01 
{147809424} {}
DCEID            147809424 
{2} {-4.576142e+01}
CHNLNUM          2 
{0} {}
ADCEID           0 
{8} {}
AFOWLNUM         8 
{184} {}
AWAITPER         184 
{0} {}
AWEASIDE         0 
{1} {}
AREADMOD         1 
{27.699513} {}
AFPAT1B          27.699513 
{28.669623} {}
AFPAT2B          28.669623 
{0} {}
APEDSIG          0 
{0} {}
ATXSTAT          0 
{0} {}
AFLSTAT          0 
{4} {}
ASHSTAT          4 
{-3.5585} {}
AVRSTBEG         -3.5585 
{-3.0555677} {}
AVDETBEG         -3.0555677 
{-3.618536} {}
AVGG1BEG         -3.618536 
{-3.550644} {}
AVDDUBEG         -3.550644 
{0} {}
AVGGCBEG         0 
{21.596006} {}
ACTENDT          21.596006 
{19.753043} {}
AFPECTE          19.753043 
{23.08678} {}
AFPEATE          23.08678 
{24.034472} {}
ATCTEMPE         24.034472 
{21.535044} {}
ACETEMPE         21.535044 
{21.565525} {}
APDTEMPE         21.565525 
{27.757336} {}
ACATMP2E         27.757336 
2016/01/09 14:59:37 END   qaloader status=0

qaloader   exit_value =   0    execution_time = 0.070s
******************************************************************
Pipeline executing qaloader
qaloader -i qa/BCD_qatool.qa -tablename qa_iracdp -o qa/qaloader.sql 
******************************************************************
2016/01/09 14:59:38 BEGIN qaloader v1.13
 -i (QA_FILE) qa/BCD_qatool.qa
 -tablename (TABLENAME) qa_iracdp
 -o (SQL_FILE) qa/qaloader.sql
Using metadata version 13.0b
table name=qa_iracdp

QA values ingested:
{2.430003e+00} {}
bcdAveFI_1       2.430003e+00 
{3.911089e+00} {}
bcdAveUB_1       3.911089e+00 
{4.507826e-01} {}
bcdMedFI_1       4.507826e-01 
{5.653900e-01} {}
bcdMedUB_1       5.653900e-01 
{2.638053e+01} {}
bcdSdevFI_1      2.638053e+01 
{3.437679e+01} {}
bcdSdevUB_1      3.437679e+01 
{4.308147e-01} {}
bcdDSclFI_1      4.308147e-01 
{4.824260e-01} {}
bcdDSclUB_1      4.824260e-01 
{-1.418867e+00} {}
bcdMinFI_1       -1.418867e+00 
{-3.680204e-01} {}
bcdMinUB_1       -3.680204e-01 
{7.044506e+02} {}
bcdMaxFI_1       7.044506e+02 
{7.044506e+02} {}
bcdMaxUB_1       7.044506e+02 
{4.422821e-01} {}
bcdC68lFI_1      4.422821e-01 
{4.708648e-01} {}
bcdC68uFI_1      4.708648e-01 
{391693430} {}
DPID             391693430 
{2} {2.430003e+00}
CHNLNUM          2 
2016/01/09 14:59:38 END   qaloader status=0

qaloader   exit_value =   0    execution_time = 0.110s
******************************************************************
Pipeline executing dbaccess
dbaccess -e sodb qa/qaloader.sql 
******************************************************************
set role pipelineswrole;
set lock mode to wait 30;
EXECUTE PROCEDURE addQA_iracdce (147809424, NULL, NULL, 2, -4.576142e+01, 
-2.200000e+01, -4.848959e+01, -2.853325e+01, -3.311606e+01, -7.290678e+01, 
3.095720e+02, 4.770400e+00, -8.908000e+03, 1.200000e+01, 0, 8, 184, 0, 1, 
27.699513, 28.669623, 0, 0, 0, 4, -3.5585, -3.0555677, -3.618536, -3.550644, 0, 
21.596006, 19.753043, 23.08678, 24.034472, 21.535044, 21.565525, 27.757336, 
NULL, NULL, NULL, NULL, NULL, NULL);
EXECUTE PROCEDURE addQA_iracdp (391693430, NULL, NULL, 2, 2.430003e+00, 
3.911089e+00, 4.507826e-01, 5.653900e-01, 2.638053e+01, 3.437679e+01, 
4.308147e-01, 4.824260e-01, -1.418867e+00, -3.680204e-01, 7.044506e+02, 
7.044506e+02, 4.422821e-01, 4.708648e-01, NULL, NULL, NULL, NULL, NULL, NULL);
execute procedure setDceTimeParameters (147809424, 1037038652.724, "2012-11-10 18:11:12.426", 1.92, 2.00);

dbaccess   exit_value =   0    execution_time = 0.110s
******************************************************************
Finishing IRAC science pipeline processing
Could not copy cal/firstframe_corr.fits to /sbx10/S19.2.0/archive/proc/full/IRAC033400/bcd/4568/0046471424/2/0002/0000/17/01/1/cal/firstframe_corr.fits
Could not copy imask.fits to /sbx10/S19.2.0/archive/proc/full/IRAC033400/bcd/4568/0046471424/2/0002/0000/17/01/1/imask.fits
Could not copy muxbleedcorr.fits to /sbx10/S19.2.0/archive/proc/full/IRAC033400/bcd/4568/0046471424/2/0002/0000/17/01/1/muxbleedcorr.fits
Could not copy slremove.fits to /sbx10/S19.2.0/archive/proc/full/IRAC033400/bcd/4568/0046471424/2/0002/0000/17/01/1/slremove.fits
******************************************************************
PlScriptID 17 exiting Saturday, January  9, 2016  2:59:45 PM PST
Host: sopipe81
Local Processing Directory: /scr4/S19.2.0/IRAC033400/bcd/4568/0046471424/2/0002/0000/17/01/1
Sandbox Directory: /sbx10/S19.2.0/archive/proc/full/IRAC033400/bcd/4568/0046471424/2/0002/0000/17/01/1
Processing time: total 22.15 s (user 0.74, system 0.87, child user 13.5, child system 7.04)
Pipeline exit code: Normal exit (0)
******************************************************************
