 hdrupd8 vsn 1.6  A70821
******************************************************************
Executing IRAC science pipeline
******************************************************************
Pipeline executing sanity_datatype
sanity_datatype -i ../fos16.fits -t1 cdf/sanity_datatype1.tbl -t2 cdf/sanity_datatype2.tbl -o1 qa/sanity_datatype1.tbl -o2 qa/sanity_datatype2.tbl 
******************************************************************
Program Sanity_datatype is started .... Version 1.0, Sat Jan  9 14:56:21 2016
Input Image File = ../fos16.fits
Input Data Table 1 = cdf/sanity_datatype1.tbl
Input Data Table 2 = cdf/sanity_datatype2.tbl
Output Filename1 = qa/sanity_datatype1.tbl
Output Filename2 = qa/sanity_datatype2.tbl
Log File = stdout
I_Debug = 0
I_Verbose = 0
I_SuperVerbose = 0
Processing time: 0.080000 seconds
Program Sanity_datatype is done. Version 1.0, Sat Jan  9 14:56:22 2016


sanity_datatype   exit_value =   0    execution_time = 0.350s
******************************************************************
Pipeline executing qatool
qatool -i ../fos16.fits -n cdf/pn107.nl -nb QATOOLDCE -a /sos/sw/S19.2.0/STUDIO/downlink/include -o qa/DCE_qatool 
******************************************************************
qatool_parse_namelist: Information only: Namelist block-name = &QATOOLDCE
Program qatool, Version 6.0
Namelist File  = cdf/pn107.nl
Input File = ../fos16.fits
Output Data Filename Base = qa/DCE_qatool
Statistics Group = 0
Percent-Scaling Flag = 0
Calculation Type = 1
(set-up to do additional computations for four readout channels)
Number of Mean Absolute Deviations for Histogram Half-Width Coverage = 5
Number of Bins in Histograms = 41
Central fraction for trimmed average = 0.810000
Central fraction for trimmed std. dev. = 0.720000
Bad-pixel tolerance fraction = 0.340000
Statistics Box X position = 3
Statistics Box Y position = 4
Statistics Box X width = 27
Statistics Box Y height = 33
Input-Image Transpose Flag = 1
Unsigned Integer Flag = 0
Data-Plane Flag = 1
Number Edge Rows/Cols Skipped = 10
Keyword Prefix = dce
Ancillary Data-File Path = /sos/sw/S19.2.0/STUDIO/downlink/include
Verbose flag = 0
Super-verbose flag = 0
Debug flag = 0
Performed statistical and histogram calculations.
Program qatool: Status Message: 0x0000
Normal exit from Function 0x0000: LOG_WRITER
Processing time: 0.790000 seconds
Current date/time: Sat Jan  9 14:56:23 2016
Program qatool, version 6.0, terminated.

qatool   exit_value =   0    execution_time = 0.900s
******************************************************************
Pipeline executing sanity_check
sanity_check -i qa/DCE_qatool.tbl -o qa/sanity_check.tbl 
******************************************************************
Program Sanity_check is started .... Version 1.0, Sat Jan  9 14:56:27 2016

Input File = qa/DCE_qatool.tbl
Output = qa/sanity_check.tbl
Processing time: 0.030000 seconds
Current date/time: Sat Jan  9 14:56:27 2016
Program Sanity_check, version 1.0, terminated.

sanity_check   exit_value =   0    execution_time = 0.360s
******************************************************************
Pipeline executing abad_repair
abad_repair -i ../fos16.fits -o abad_repair.fits 
******************************************************************
Pipeline Module ABAD_REPAIR Version 1.2
Processing time Sat Jan  9 14:56:27 2016

ABAD_READ_DATA: A0752D00 = 0
status from read: 1
npixs = 65536
enter output with 0
files ../fos16.fits !abad_repair.fits 
open output [!abad_repair.fits]
comment [Sat Jan  9 14:56:27 2016]
Time = 0.040 seconds
exit code 0

abad_repair   exit_value =   0    execution_time = 0.080s
******************************************************************
Pipeline executing tranhead
tranhead -i abad_repair.fits -n cdf/pn107.nl -k /scr/S19.2.0/cdf/ctd/telemetry_dictionary.dat -a /sos/sw/S19.2.0/STUDIO/downlink/include -o tranhead.fits -t, cdf/Keyword_Include_List.dat 
******************************************************************

Program tranhead, Version 13.2
Namelist File  = cdf/pn107.nl
Input File = abad_repair.fits
Dictionary File = /scr/S19.2.0/cdf/ctd/telemetry_dictionary.dat
CTD Version String = 3.0.94S
Keyword-Include-List File = cdf/Keyword_Include_List.dat
Translated-Keyword File = tranhead.hdr
CSPICE leapseconds kernel = /scr/S19.2.0/cdf/spice/leapseconds.ker
CSPICE SCLK_SCET kernel = /scr/S19.2.0/cdf/spice/sclk_scet.ker
CSPICE Spitzer Ephemeris = /scr/S19.2.0/cdf/spice/sirtf.bsp
CSPICE Planets Ephemeris = /scr/S19.2.0/cdf/spice/de.bsp
Output File = tranhead.fits
Operation Type = 1
FITS-Header Comment Flag = 1
SCLK correction factor = 1.000380
Ignore Frames (1st) = -1
Ignore Frames (2nd and higher) = -1
Central fraction for trimmed average  = 0.900000
Central fraction for trimmed std. dev. = 0.900000
Gain = 3.710000
Gain_RdOutCh_1 = 3.710000
Gain_RdOutCh_2 = 3.710000
Gain_RdOutCh_3 = 3.710000
Gain_RdOutCh_4 = 3.710000
Ancillary Data-File Path = /sos/sw/S19.2.0/STUDIO/downlink/include
Verbose flag = 0
Super-verbose flag = 0
Debug flag = 0
Configured to perform forward FITS keyword translation.
tranhead Status Message: 0x0000
Normal exit from Function 0x0000: LOG_WRITER
A total of        0   NaN's were produced in the results.
Processing time: 0.300000 seconds
Current date/time: Sat Jan  9 14:56:28 2016
Program tranhead, version 13.2, terminated.

tranhead   exit_value =   0    execution_time = 0.410s
 hdrupd8 vsn 1.6  A70821


LabDark

chan, frametime, hdy, extrpt = 2, 2.00, F, 233
expid  adceid  repidx  =  167,  0,  0 

SkyDarkaor template time = 2
hdy  repidx =  F  0
expid  ext-repeat  =  167  233

******************************************************************
Pipeline executing caltrans
caltrans -n cdf/pn107.nl -m 2 -a 7 -b /scr1/S19.2.0/dlcaldata/irac -s tranhead.fits -o cal -u SUB -jk1 CHNLNUM -jv1 2 -ja1 N -ju1 0 -js1 flip -jk2 CHNLNUM;AFOWLNUM;AWAITPER;FRAMTIME;HDRMODE -jv2 2;8;184;2.00;F -ja2 N;N;N;N;S -ju2 0;0;0;0;0 -js2 sigma;cmask -jk3 CHNLNUM;AFOWLNUM;AWAITPER;FRAMTIME;HDRMODE -jv3 2;8;184;2.00;F -ja3 N;N;N;N;S -ju3 0;0;0;0;0 -js3 cmask -jk4 CHNLNUM -jv4 2 -ja4 N -ju4 0 -js4 cmask -jk5 CHNLNUM -jv5 2 -ja5 N -ju5 0 -js5 cmask -jk6 CHNLNUM -jv6 2 -ja6 N -ju6 0 -jk7 CHNLNUM;AFOWLNUM;AWAITPER -jv7 2;8;184 -ja7 N;N;N -ju7 0;0;0 -jk8 CHNLNUM;AFOWLNUM;AWAITPER -jv8 2;8;184 -ja8 N;N;N -ju8 0;0;0 -e CALTRANSsciSUB 
******************************************************************

Online Namelist file descriptor associated
Online namelist buffer loaded: length = 7422

Warning !:  Ancillary file #1  with full suffix filename  '/sos/archive/fallbacks/IRAC004600/SUB_2s_2sf8d1r1_ch2_v2.0.0_dark_sigma.fits'  NOT in archive/sandbox !!.
Proceed to the next suffix fileprocessing .....

Warning !:  Ancillary file #2  with full suffix filename  '/sos/archive/fallbacks/IRAC004600/SUB_2s_2sf8d1r1_ch2_v2.0.0_dark_cmask.fits'  NOT in archive/sandbox !!.
Proceed to the next suffix fileprocessing .....

Warning !:  Ancillary-suffix file #1: '/scr1/S19.2.0/dlcaldata/irac/fb1502_SUB_2s_2sf8d1r1_ch2_v2.0.0_dark_sigma.fits'  could NOT be identified on cache.
Processing continues ..... 


Warning !:  Ancillary-suffix file #2: '/scr1/S19.2.0/dlcaldata/irac/fb1502_SUB_2s_2sf8d1r1_ch2_v2.0.0_dark_cmask.fits'  could NOT be identified on cache.
Processing continues ..... 


Warning !:  Ancillary file #1  with full suffix filename  '/sos/archive/fallbacks/IRAC005300/lincal_b2_sa_011410_cmask.fits'  NOT in archive/sandbox !!.
Proceed to the next suffix fileprocessing .....

Warning !:  Ancillary-suffix file #1: '/scr1/S19.2.0/dlcaldata/irac/fb1579_lincal_b2_sa_011410_cmask.fits'  could NOT be identified on cache.
Processing continues ..... 

  Printing Log output to stdout...


Program CALTRANS, Version 4.0
Command-Line Namelist Filename  = cdf/pn107.nl
Command-Line Namelist Section = CALTRANSsciSUB
CalTrans Execution Mode  = 2
CalID = 7
Input Calibration Type list = pmask;labdark;skydark;lincal;sky_flat;fluxconv;muxbleed_lut;muxbleed_coeff
Input Calibration Rule list = 0;0;300;0;0;0;0;0
Input Generic Outfname list = pmask.fits;labdark.fits;skydark.fits;lincal.fits;skyflat.fits;fluxconv;muxbleed_lut;muxbleed_coeff
Science DCE Filename = tranhead.fits
CAL Destination Path = cal
Processing time: 0.470000 seconds
Current date/time: Sat Jan  9 14:56:44 2016
Program CALTRANS, version 4.0, terminated with status = 16

CalTrans exits with status = 16



caltrans   exit_value =  16    execution_time = 0.600s
******************************************************************
Pipeline executing insbposdom
insbposdom -i tranhead.fits -o insbposdom.fits 
******************************************************************
Pipeline Module INSBPOSDOM Version 1.1
Processing time Sat Jan  9 14:56:45 2016

Sat Jan  9 14:56:45 2016
Time = 0.060 seconds
exit code 0

insbposdom   exit_value =   0    execution_time = 0.100s
******************************************************************
Pipeline executing cvti2r4
cvti2r4 -i insbposdom.fits -a 0.5625 -b 0 -d cal/dmask_for_raw.fits -o cvti2r4.fits -m row 
******************************************************************
 SIRTF I*2-to-R*4 Data Cube Conversion program vsn 1.31 A61025
 Input file:  insbposdom.fits
 Using offset =    0.562500
 Using BLANK-fill value:   0
 Output file: cvti2r4.fits
 Missing-data pattern specified as rows

cvti2r4   exit_value =   0    execution_time = 0.390s
Image has barrel shift = 3
Computed truncation correction 0.5*(1-2^-ABARREL) = 0.5625
******************************************************************
Pipeline executing hdrupd8
hdrupd8 cvti2r4.fits -a cdf/hdrupd8_cubify.dat -d cdf/hdrupd8_planify.dat 
******************************************************************
 hdrupd8 vsn 1.6  A70821
 WARNING: keyword to be deleted not found: NAXIS3  

hdrupd8   exit_value =   0    execution_time = 0.370s
******************************************************************
Pipeline executing hdrupd8
hdrupd8 dmask.fits -a cdf/hdrupd8_cubify.dat -d cdf/hdrupd8_planify.dat 
******************************************************************
 hdrupd8 vsn 1.6  A70821
 WARNING: keyword to be deleted not found: NAXIS3  

hdrupd8   exit_value =   0    execution_time = 0.320s
******************************************************************
Pipeline executing iracwrapdet1
iracwrapdet1 -i cvti2r4.fits -n cdf/pn107.nl -p cal/pmask.fits -d dmask.fits -w wmask.fits -v 
******************************************************************
Pipeline Module IRACWRAPDET1 Version 1.4
Processing time Sat Jan  9 14:56:57 2016
iracwrapdet1_parse_args: Namelist File = 	cdf/pn107.nl
iracwrapdet1_parse_args: Pmask File = 	cal/pmask.fits
iracwrapdet1_parse_args: Dmask File = 	dmask.fits
iracwrapdet1_parse_args: Wmask File = 	wmask.fits
iracwrapdet1_parse_args: Input File = 	cvti2r4.fits
iracwrapdet1_parse_args: I_Verbose = 			1
chn 2 framtim 2.000000
iracwrapdet1_read_data: Data read from file:
cvti2r4.fits
iracwrapdet1_read_data: I_NX = 32
iracwrapdet1_read_data: I_NY = 32
iracwrapdet1_read_data: I_NZ = 64
iracwrapdet1_parse_namelist: Namelist File = 	cdf/pn107.nl
Coeff used: 55000.000000 55000.000000 55000.000000 55000.000000
iracwrapdet1_compute_results: Numerical Computations finished
Sat Jan  9 14:56:57 2016
iracwrapdet1_output: Results written to file(s).
Time = 0.030 seconds
iracwrapdet1_error_handler: Error Handler finished.
iracwrapdet1_exit: Memory Deallocated.
exit code 0

iracwrapdet1   exit_value =   0    execution_time = 0.070s
******************************************************************
Pipeline executing iracwrapdet2
iracwrapdet2 -i cvti2r4.fits -n cdf/pn107.nl -p cal/pmask.fits -d dmask.fits -w wmask.fits -a /sos/sw/S19.2.0/STUDIO/downlink/include 
******************************************************************

Program iracwrapdet2, Version 1.4
Namelist File  = cdf/pn107.nl
FITS Input Image = cvti2r4.fits
Pmask File = cal/pmask.fits
Dmask File = dmask.fits
Wmask File = mask.fits
M-Level       chan1     chan2     chan3     chan4
            55000.0   55000.0   55000.0   55000.0
Tolerance     chan1     chan2     chan3     chan4
             1200.0    1200.0    1200.0    1200.0
Pmask Maximum = 65535
Dmask Maximum = 65535
Ancillary Data-File Path = /sos/sw/S19.2.0/STUDIO/downlink/include
Verbose flag = 0
Super-verbose flag = 0
Debug flag = 0
iracwrapdet2 Status Message      0x0000
Normal exit from Function 0x0000: LOG_WRITER
Processing time: 0.090000 seconds
Current date/time: Sat Jan  9 14:56:57 2016
Program iracwrapdet2, version 1.4, terminated


iracwrapdet2   exit_value =   0    execution_time = 0.130s
******************************************************************
Pipeline executing iracwrapcorr
iracwrapcorr -i cvti2r4.fits -p cal/pmask.fits -d dmask.fits -w wmask.fits -o iracwrapcorr.fits 
******************************************************************
Pipeline Module IRACWRAPCORR Version 1.3
Processing time Sat Jan  9 14:56:57 2016
iracwrapcorr_parse_namelist: Information only: Namelist not specified.
Sat Jan  9 14:56:57 2016
Time = 0.030 seconds
exit code 0

iracwrapcorr   exit_value =   0    execution_time = 0.070s
******************************************************************
Pipeline executing iracnorm
iracnorm -i iracwrapcorr.fits -p cal/pmask.fits -d dmask.fits -o iracnorm.fits 
******************************************************************
Pipeline Module IRACWNORM Version 1.10
Processing time Sat Jan  9 14:56:58 2016

Sat Jan  9 14:56:58 2016
Time = 0.040 seconds
exit code 0

iracnorm   exit_value =   0    execution_time = 0.080s
******************************************************************
Pipeline executing iracebwc
iracebwc -i iracnorm.fits -n cdf/pn107.nl -p cal/pmask.fits -d dmask.fits -o iracebwc.fits 
******************************************************************
Pipeline Module IRACEBWC Version 1.2
Processing time Sat Jan  9 14:56:58 2016

Sat Jan  9 14:56:58 2016
Time = 0.040 seconds
exit code 0

iracebwc   exit_value =   0    execution_time = 0.080s
HDR mode   =  f
AOR Template Time     =  2
DCE Frame Time    =  2.00
EXTRpt     =  233
Frame NOBF =  0
From sub determine_delays:
   aottime = 2
   aordelay = 222.190359962807
   stellarmode = f
   expid=167
imdly = 1.3483599551773
frmdly = 1.3483599551773

Immed  Delay = 1.3483599551773
Frame  Delay = 1.3483599551773

 hdrupd8 vsn 1.6  A70821
 hdrupd8 vsn 1.6  A70821
 hdrupd8 vsn 1.6  A70821
 hdrupd8 vsn 1.6  A70821
 hdrupd8 vsn 1.6  A70821
 hdrupd8 vsn 1.6  A70821
 hdrupd8 vsn 1.6  A70821
******************************************************************
Pipeline executing darksubng
darksubng -i iracebwc.fits -a /sos/sw/S19.2.0/STUDIO/downlink/include -p cal/pmask.fits -d dmask.fits -o labdarksub.fits -cc cal/labdark.fits -v 
******************************************************************
/sos/sw/S19.2.0/STUDIO/downlink/bin/darksubng: namelist not given
/sos/sw/S19.2.0/STUDIO/downlink/bin/darksubng: input uncertainty image not given
/sos/sw/S19.2.0/STUDIO/downlink/bin/darksubng: output uncertainty image not given
/sos/sw/S19.2.0/STUDIO/downlink/bin/darksubng: WARNING no uncertainty calculations will be performed
/sos/sw/S19.2.0/STUDIO/downlink/bin/darksubng: Namelist               = []
/sos/sw/S19.2.0/STUDIO/downlink/bin/darksubng: Input image            = [iracebwc.fits]
/sos/sw/S19.2.0/STUDIO/downlink/bin/darksubng: Input uncertainty      = []
/sos/sw/S19.2.0/STUDIO/downlink/bin/darksubng: Output image           = [!labdarksub.fits]
/sos/sw/S19.2.0/STUDIO/downlink/bin/darksubng: Output uncertainty     = []
/sos/sw/S19.2.0/STUDIO/downlink/bin/darksubng: Dark                   = [cal/labdark.fits]
/sos/sw/S19.2.0/STUDIO/downlink/bin/darksubng: Pmask file             = [cal/pmask.fits]
/sos/sw/S19.2.0/STUDIO/downlink/bin/darksubng: Pmask fatality bitmask = [65536]
/sos/sw/S19.2.0/STUDIO/downlink/bin/darksubng: Dmask file             = [dmask.fits]
/sos/sw/S19.2.0/STUDIO/downlink/bin/darksubng: Dmask fatality bitmask = [65536]
/sos/sw/S19.2.0/STUDIO/downlink/bin/darksubng: Cmask file             = []
/sos/sw/S19.2.0/STUDIO/downlink/bin/darksubng: Cmask fatality bitmask = [65536]
/sos/sw/S19.2.0/STUDIO/downlink/bin/darksubng: Logfile                = []
/sos/sw/S19.2.0/STUDIO/downlink/bin/darksubng: Ancillary Path         = [/sos/sw/S19.2.0/STUDIO/downlink/include]
/sos/sw/S19.2.0/STUDIO/downlink/bin/darksubng: Uncertainty calculations will not be made
/sos/sw/S19.2.0/STUDIO/downlink/bin/darksubng: WARNING cal/labdark.fits has no BUNIT key
/sos/sw/S19.2.0/STUDIO/downlink/bin/darksubng: WARNING assuming cal/labdark.fits is in DN
/sos/sw/S19.2.0/STUDIO/downlink/bin/darksubng: WARNING cal/labdark.fits has no EXPTIME key
/sos/sw/S19.2.0/STUDIO/downlink/bin/darksubng: WARNING cal/labdark.fits has no GAIN keywords
/sos/sw/S19.2.0/STUDIO/downlink/bin/darksubng: compute - performing any unit conversions
/sos/sw/S19.2.0/STUDIO/downlink/bin/darksubng: compute - starting subtraction with masking 
/sos/sw/S19.2.0/STUDIO/downlink/bin/darksubng: Processing successful; Exiting

darksubng   exit_value =   0    execution_time = 0.140s
READ Noise !! =  9.4
******************************************************************
Pipeline executing snestimator
snestimator -i labdarksub.fits -n cdf/pn107.nl -a /sos/sw/S19.2.0/STUDIO/downlink/include -p cal/pmask.fits -d dmask.fits -on sig_snestimator.fits -g 3.71 -r 9.4 
******************************************************************
verbose 0

Program SNESTIMATOR, Version 1.5
Namelist File  = cdf/pn107.nl
Input FITS Image = labdarksub.fits
Noise Image = sig_snestimator.fits
Denominator type = IRAC_MODEL
Edge Pixels Excluded = 0
Gain Channel 1 = 3.710000 Channel 2 = 3.710000 Channel 3 = 3.710000 Channel 4 = 3.710000
Read Noise = 9.400000
Confusion Sigma = 0.000000
Ancillary Data-File Path = /sos/sw/S19.2.0/STUDIO/downlink/include
Verbose flag = 0
Super-verbose flag = 0
Debug flag = 0
snestimator Status Message      0x0000
Normal exit from Function 0x0000: LOG_WRITER
Processing time: 0.100000 seconds
Current date/time: Sat Jan  9 14:57:27 2016
Program SNESTIMATOR, version 1.5, terminated


snestimator   exit_value =   0    execution_time = 0.170s
******************************************************************
Pipeline executing darksubng
darksubng -i iracebwc.fits -iu sig_snestimator.fits -a /sos/sw/S19.2.0/STUDIO/downlink/include -p cal/pmask.fits -d dmask.fits -o labdarksub.fits -ou sig_labdarksub.fits -cc cal/labdark.fits -v 
******************************************************************
/sos/sw/S19.2.0/STUDIO/downlink/bin/darksubng: namelist not given
/sos/sw/S19.2.0/STUDIO/downlink/bin/darksubng: Namelist               = []
/sos/sw/S19.2.0/STUDIO/downlink/bin/darksubng: Input image            = [iracebwc.fits]
/sos/sw/S19.2.0/STUDIO/downlink/bin/darksubng: Input uncertainty      = [sig_snestimator.fits]
/sos/sw/S19.2.0/STUDIO/downlink/bin/darksubng: Output image           = [!labdarksub.fits]
/sos/sw/S19.2.0/STUDIO/downlink/bin/darksubng: Output uncertainty     = [!sig_labdarksub.fits]
/sos/sw/S19.2.0/STUDIO/downlink/bin/darksubng: Dark                   = [cal/labdark.fits]
/sos/sw/S19.2.0/STUDIO/downlink/bin/darksubng: Pmask file             = [cal/pmask.fits]
/sos/sw/S19.2.0/STUDIO/downlink/bin/darksubng: Pmask fatality bitmask = [65536]
/sos/sw/S19.2.0/STUDIO/downlink/bin/darksubng: Dmask file             = [dmask.fits]
/sos/sw/S19.2.0/STUDIO/downlink/bin/darksubng: Dmask fatality bitmask = [65536]
/sos/sw/S19.2.0/STUDIO/downlink/bin/darksubng: Cmask file             = []
/sos/sw/S19.2.0/STUDIO/downlink/bin/darksubng: Cmask fatality bitmask = [65536]
/sos/sw/S19.2.0/STUDIO/downlink/bin/darksubng: Logfile                = []
/sos/sw/S19.2.0/STUDIO/downlink/bin/darksubng: Ancillary Path         = [/sos/sw/S19.2.0/STUDIO/downlink/include]
/sos/sw/S19.2.0/STUDIO/downlink/bin/darksubng: Uncertainty calculations will be made
/sos/sw/S19.2.0/STUDIO/downlink/bin/darksubng: WARNING cal/labdark.fits has no BUNIT key
/sos/sw/S19.2.0/STUDIO/downlink/bin/darksubng: WARNING assuming cal/labdark.fits is in DN
/sos/sw/S19.2.0/STUDIO/downlink/bin/darksubng: WARNING cal/labdark.fits has no EXPTIME key
/sos/sw/S19.2.0/STUDIO/downlink/bin/darksubng: WARNING cal/labdark.fits has no GAIN keywords
/sos/sw/S19.2.0/STUDIO/downlink/bin/darksubng: compute - performing any unit conversions
/sos/sw/S19.2.0/STUDIO/downlink/bin/darksubng: compute - starting subtraction with masking 
/sos/sw/S19.2.0/STUDIO/downlink/bin/darksubng: Processing successful; Exiting

darksubng   exit_value =   0    execution_time = 0.210s
******************************************************************
Pipeline executing fowlinearize
fowlinearize -i1 labdarksub.fits -i3 sig_labdarksub.fits -n cdf/pn107.nl -a /sos/sw/S19.2.0/STUDIO/downlink/include -ip cal/pmask.fits -i2 cal/lincal.fits -id dmask.fits -o1 fowlinearize.fits -o2 sig_fowlinearize.fits -c 10 
******************************************************************

Program FOWLINEARIZE, Version 4.9
Namelist File  = cdf/pn107.nl
Input File 1 = labdarksub.fits
Input File 2 = cal/lincal.fits
Input File 3 = sig_labdarksub.fits
Model_Flag(1=quad. 2=cubic) = 1
Clock_Readout(10=sub-array, 200=full-array) = 10.000000
Input PMask Image = cal/pmask.fits
Unusable PMask Bits = 16384
Input DMask Image = dmask.fits
Unusable DMask Bits = 8192
Not-linearized DMask Bit = 4096
Not-linearized DMask Bit due to lincal-model saturation = 8192
Output File 1 = fowlinearize.fits
Output File 2 = sig_fowlinearize.fits
Ancillary Data-File Path = /sos/sw/S19.2.0/STUDIO/downlink/include
Verbose flag = 0
Super-verbose flag = 0
Debug flag = 0
Performed linearity correction.
Program fowlinearize: Status Message: 0x0000
Normal exit from Function 0x0000: LOG_WRITER
Processing time: 0.290000 seconds
Current date/time: Sat Jan  9 14:57:29 2016
Program FOWLINEARIZE, version 4.9, terminated.

fowlinearize   exit_value =   0    execution_time = 0.400s
Read Noise =  9.4
 hdrupd8 vsn 1.6  A70821
******************************************************************
Pipeline executing bgmodel
bgmodel -i fowlinearize.fits -n cdf/pn107.nl -h 
******************************************************************

Online Namelist file descriptor associated
Online namelist buffer loaded: length = 7422
bgmodel_log_writer: Printing Log output to stdout
bgmodel  Version 1.0
Namelist File  = cdf/pn107.nl
Input Image = fowlinearize.fits
Ephemeris = /scr1/S19.2.0/cdf/spice/sirtf.bsp
LeapSec Kernel = /scr1/S19.2.0/cdf/spice/leapseconds.ker
SPK Kernel = /scr1/S19.2.0/cdf/spice/de.bsp

bgmodel  Status Message      0x0000: No error.
Time = 0.070 seconds

Background exits with status = 0


bgmodel   exit_value =   0    execution_time = 0.120s
******************************************************************
Pipeline executing hdrupd8
hdrupd8 fowlinearize.fits -a addkeys.dat 
******************************************************************
 hdrupd8 vsn 1.6  A70821

hdrupd8   exit_value =   0    execution_time = 0.700s
SkyDk Med DN      = 16.56367 
Exposure time     = 1.92
SkyDk Med DN rate = 8.62691145833333
Flux Conv         = 0.1447 
SkyDk Med Flux    = 1.24831408802083
Image File = fowlinearize.fits 

 hdrupd8 vsn 1.6  A70821
 hdrupd8 vsn 1.6  A70821
 hdrupd8 vsn 1.6  A70821
 hdrupd8 vsn 1.6  A70821
 hdrupd8 vsn 1.6  A70821
******************************************************************
Pipeline executing darksubng
darksubng -i fowlinearize.fits -iu sig_fowlinearize.fits -a /sos/sw/S19.2.0/STUDIO/downlink/include -p cal/pmask.fits -d dmask.fits -o skydarksub.fits -ou sig_skydarksub.fits -cc cal/skydark.fits -v -c cal/skydark_cmask.fits 
******************************************************************
/sos/sw/S19.2.0/STUDIO/downlink/bin/darksubng: namelist not given
/sos/sw/S19.2.0/STUDIO/downlink/bin/darksubng: Namelist               = []
/sos/sw/S19.2.0/STUDIO/downlink/bin/darksubng: Input image            = [fowlinearize.fits]
/sos/sw/S19.2.0/STUDIO/downlink/bin/darksubng: Input uncertainty      = [sig_fowlinearize.fits]
/sos/sw/S19.2.0/STUDIO/downlink/bin/darksubng: Output image           = [!skydarksub.fits]
/sos/sw/S19.2.0/STUDIO/downlink/bin/darksubng: Output uncertainty     = [!sig_skydarksub.fits]
/sos/sw/S19.2.0/STUDIO/downlink/bin/darksubng: Dark                   = [cal/skydark.fits]
/sos/sw/S19.2.0/STUDIO/downlink/bin/darksubng: Pmask file             = [cal/pmask.fits]
/sos/sw/S19.2.0/STUDIO/downlink/bin/darksubng: Pmask fatality bitmask = [65536]
/sos/sw/S19.2.0/STUDIO/downlink/bin/darksubng: Dmask file             = [dmask.fits]
/sos/sw/S19.2.0/STUDIO/downlink/bin/darksubng: Dmask fatality bitmask = [65536]
/sos/sw/S19.2.0/STUDIO/downlink/bin/darksubng: Cmask file             = [cal/skydark_cmask.fits]
/sos/sw/S19.2.0/STUDIO/downlink/bin/darksubng: Cmask fatality bitmask = [65536]
/sos/sw/S19.2.0/STUDIO/downlink/bin/darksubng: Logfile                = []
/sos/sw/S19.2.0/STUDIO/downlink/bin/darksubng: Ancillary Path         = [/sos/sw/S19.2.0/STUDIO/downlink/include]
/sos/sw/S19.2.0/STUDIO/downlink/bin/darksubng: Uncertainty calculations will be made
/sos/sw/S19.2.0/STUDIO/downlink/bin/darksubng: compute - performing any unit conversions
/sos/sw/S19.2.0/STUDIO/downlink/bin/darksubng: compute - starting subtraction with masking 
/sos/sw/S19.2.0/STUDIO/downlink/bin/darksubng: Processing successful; Exiting

darksubng   exit_value =   0    execution_time = 0.220s
******************************************************************
Pipeline executing darkdrift
darkdrift -i skydarksub.fits -iu sig_skydarksub.fits -n cdf/pn107.nl -a /sos/sw/S19.2.0/STUDIO/downlink/include -o1 darkdrift.fits -o2 darkdriftcorr.fits -o3 darkdrift.tbl -ou sig_darkdrift.fits 
******************************************************************
Program darkdrift, Version 4.1
Namelist File  = cdf/pn107.nl
Input Image = skydarksub.fits
Input Uncertainty Image = sig_skydarksub.fits
Output Image 1 (corrected image) = darkdrift.fits
Output Image 2 (corrections) = darkdriftcorr.fits
Output Image 3 (uncertainties) = sig_darkdrift.fits
Output File 3 = darkdrift.tbl
Central fraction for trimmed average  = 0.900000
Central fraction for trimmed std. dev. = 0.900000
Time_Input = 0.250000
Time_Before = 0.000000
Time_After = 1.000000
Temp_Input = 270.000000
Temp_Before = 280.000000
Temp_After = 260.000000
Calculation Type = 1
Input-Image Transpose Flag = 1
Multiplicative-Correction Flag (Additive if zero) = 0
Readout Channel to exclude (none if zero) = 0
Data-Plane Flag = 1
Ancillary Data-File Path = /sos/sw/S19.2.0/STUDIO/downlink/include
Verbose flag = 0
Super-verbose flag = 0
Debug flag = 0
Dark-current offsets estimated from input image.

Detailed darkdrift calculational results:
...for data plane = 1
Darkdrift correction for readout-channel 1 = -0.054825
Darkdrift correction for readout-channel 2 = -0.294751
Darkdrift correction for readout-channel 3 = -0.059265
Darkdrift correction for readout-channel 4 = 0.408841
Darkdrift uncertainty for readout-channel 1 = 0.374115
Darkdrift uncertainty for readout-channel 2 = 0.299444
Darkdrift uncertainty for readout-channel 3 = 0.302056
Darkdrift uncertainty for readout-channel 4 = 0.302196
Trimmed average of values in readout-channel 1 = 7.534843
Trimmed average of values in readout-channel 2 = 7.294917
Trimmed average of values in readout-channel 3 = 7.530404
Trimmed average of values in readout-channel 4 = 7.998509
Darkdrift background term = 7.589669
...for data plane = 2
Darkdrift correction for readout-channel 1 = 0.135949
Darkdrift correction for readout-channel 2 = -0.390234
Darkdrift correction for readout-channel 3 = 0.102025
Darkdrift correction for readout-channel 4 = 0.152260
Darkdrift uncertainty for readout-channel 1 = 0.303727
Darkdrift uncertainty for readout-channel 2 = 0.284899
Darkdrift uncertainty for readout-channel 3 = 0.303100
Darkdrift uncertainty for readout-channel 4 = 0.302984
Trimmed average of values in readout-channel 1 = 4.977748
Trimmed average of values in readout-channel 2 = 4.451565
Trimmed average of values in readout-channel 3 = 4.943824
Trimmed average of values in readout-channel 4 = 4.994059
Darkdrift background term = 4.841799
...for data plane = 3
Darkdrift correction for readout-channel 1 = -0.371738
Darkdrift correction for readout-channel 2 = -0.208459
Darkdrift correction for readout-channel 3 = 0.109861
Darkdrift correction for readout-channel 4 = 0.470336
Darkdrift uncertainty for readout-channel 1 = 0.302855
Darkdrift uncertainty for readout-channel 2 = 0.303516
Darkdrift uncertainty for readout-channel 3 = 0.303235
Darkdrift uncertainty for readout-channel 4 = 0.302983
Trimmed average of values in readout-channel 1 = 4.783432
Trimmed average of values in readout-channel 2 = 4.946711
Trimmed average of values in readout-channel 3 = 5.265031
Trimmed average of values in readout-channel 4 = 5.625506
Darkdrift background term = 5.155170
...for data plane = 4
Darkdrift correction for readout-channel 1 = -0.117322
Darkdrift correction for readout-channel 2 = -0.175177
Darkdrift correction for readout-channel 3 = 0.086222
Darkdrift correction for readout-channel 4 = 0.206277
Darkdrift uncertainty for readout-channel 1 = 0.303112
Darkdrift uncertainty for readout-channel 2 = 0.303266
Darkdrift uncertainty for readout-channel 3 = 0.302986
Darkdrift uncertainty for readout-channel 4 = 0.264096
Trimmed average of values in readout-channel 1 = 5.132997
Trimmed average of values in readout-channel 2 = 5.075143
Trimmed average of values in readout-channel 3 = 5.336541
Trimmed average of values in readout-channel 4 = 5.456597
Darkdrift background term = 5.250320
...for data plane = 5
Darkdrift correction for readout-channel 1 = -0.098301
Darkdrift correction for readout-channel 2 = -0.252193
Darkdrift correction for readout-channel 3 = 0.043745
Darkdrift correction for readout-channel 4 = 0.306749
Darkdrift uncertainty for readout-channel 1 = 0.303098
Darkdrift uncertainty for readout-channel 2 = 0.303251
Darkdrift uncertainty for readout-channel 3 = 0.303301
Darkdrift uncertainty for readout-channel 4 = 0.304841
Trimmed average of values in readout-channel 1 = 5.509299
Trimmed average of values in readout-channel 2 = 5.355407
Trimmed average of values in readout-channel 3 = 5.651345
Trimmed average of values in readout-channel 4 = 5.914349
Darkdrift background term = 5.607600
...for data plane = 6
Darkdrift correction for readout-channel 1 = 0.086705
Darkdrift correction for readout-channel 2 = -0.283249
Darkdrift correction for readout-channel 3 = 0.058612
Darkdrift correction for readout-channel 4 = 0.137932
Darkdrift uncertainty for readout-channel 1 = 0.303161
Darkdrift uncertainty for readout-channel 2 = 0.304069
Darkdrift uncertainty for readout-channel 3 = 0.377262
Darkdrift uncertainty for readout-channel 4 = 0.303327
Trimmed average of values in readout-channel 1 = 5.440405
Trimmed average of values in readout-channel 2 = 5.070452
Trimmed average of values in readout-channel 3 = 5.412313
Trimmed average of values in readout-channel 4 = 5.491633
Darkdrift background term = 5.353701
...for data plane = 7
Darkdrift correction for readout-channel 1 = 0.127890
Darkdrift correction for readout-channel 2 = -0.321146
Darkdrift correction for readout-channel 3 = -0.071775
Darkdrift correction for readout-channel 4 = 0.265031
Darkdrift uncertainty for readout-channel 1 = 0.302992
Darkdrift uncertainty for readout-channel 2 = 0.302984
Darkdrift uncertainty for readout-channel 3 = 0.302976
Darkdrift uncertainty for readout-channel 4 = 0.302967
Trimmed average of values in readout-channel 1 = 5.587405
Trimmed average of values in readout-channel 2 = 5.138369
Trimmed average of values in readout-channel 3 = 5.387740
Trimmed average of values in readout-channel 4 = 5.724546
Darkdrift background term = 5.459515
...for data plane = 8
Darkdrift correction for readout-channel 1 = 0.251583
Darkdrift correction for readout-channel 2 = -0.478970
Darkdrift correction for readout-channel 3 = -0.200721
Darkdrift correction for readout-channel 4 = 0.428107
Darkdrift uncertainty for readout-channel 1 = 0.301682
Darkdrift uncertainty for readout-channel 2 = 0.301304
Darkdrift uncertainty for readout-channel 3 = 0.302983
Darkdrift uncertainty for readout-channel 4 = 0.378543
Trimmed average of values in readout-channel 1 = 6.175258
Trimmed average of values in readout-channel 2 = 5.444705
Trimmed average of values in readout-channel 3 = 5.722954
Trimmed average of values in readout-channel 4 = 6.351782
Darkdrift background term = 5.923675
...for data plane = 9
Darkdrift correction for readout-channel 1 = 0.129602
Darkdrift correction for readout-channel 2 = -0.293610
Darkdrift correction for readout-channel 3 = 0.021411
Darkdrift correction for readout-channel 4 = 0.142597
Darkdrift uncertainty for readout-channel 1 = 0.229305
Darkdrift uncertainty for readout-channel 2 = 0.302977
Darkdrift uncertainty for readout-channel 3 = 0.379065
Darkdrift uncertainty for readout-channel 4 = 0.302984
Trimmed average of values in readout-channel 1 = 5.947784
Trimmed average of values in readout-channel 2 = 5.524572
Trimmed average of values in readout-channel 3 = 5.839593
Trimmed average of values in readout-channel 4 = 5.960779
Darkdrift background term = 5.818182
...for data plane = 10
Darkdrift correction for readout-channel 1 = 0.124792
Darkdrift correction for readout-channel 2 = -0.225651
Darkdrift correction for readout-channel 3 = 0.345853
Darkdrift correction for readout-channel 4 = -0.244995
Darkdrift uncertainty for readout-channel 1 = 0.302733
Darkdrift uncertainty for readout-channel 2 = 0.302960
Darkdrift uncertainty for readout-channel 3 = 0.302982
Darkdrift uncertainty for readout-channel 4 = 0.302973
Trimmed average of values in readout-channel 1 = 5.475312
Trimmed average of values in readout-channel 2 = 5.124869
Trimmed average of values in readout-channel 3 = 5.696374
Trimmed average of values in readout-channel 4 = 5.105526
Darkdrift background term = 5.350520
...for data plane = 11
Darkdrift correction for readout-channel 1 = 0.469123
Darkdrift correction for readout-channel 2 = -0.488921
Darkdrift correction for readout-channel 3 = -0.053473
Darkdrift correction for readout-channel 4 = 0.073271
Darkdrift uncertainty for readout-channel 1 = 0.303483
Darkdrift uncertainty for readout-channel 2 = 0.302966
Darkdrift uncertainty for readout-channel 3 = 0.303018
Darkdrift uncertainty for readout-channel 4 = 0.302970
Trimmed average of values in readout-channel 1 = 6.745472
Trimmed average of values in readout-channel 2 = 5.787429
Trimmed average of values in readout-channel 3 = 6.222876
Trimmed average of values in readout-channel 4 = 6.349620
Darkdrift background term = 6.276349
...for data plane = 12
Darkdrift correction for readout-channel 1 = 0.241457
Darkdrift correction for readout-channel 2 = -0.205189
Darkdrift correction for readout-channel 3 = 0.045544
Darkdrift correction for readout-channel 4 = -0.081813
Darkdrift uncertainty for readout-channel 1 = 0.302359
Darkdrift uncertainty for readout-channel 2 = 0.302977
Darkdrift uncertainty for readout-channel 3 = 0.302987
Darkdrift uncertainty for readout-channel 4 = 0.303563
Trimmed average of values in readout-channel 1 = 6.155233
Trimmed average of values in readout-channel 2 = 5.708587
Trimmed average of values in readout-channel 3 = 5.959319
Trimmed average of values in readout-channel 4 = 5.831963
Darkdrift background term = 5.913776
...for data plane = 13
Darkdrift correction for readout-channel 1 = -0.289940
Darkdrift correction for readout-channel 2 = -0.089736
Darkdrift correction for readout-channel 3 = -0.088575
Darkdrift correction for readout-channel 4 = 0.468252
Darkdrift uncertainty for readout-channel 1 = 0.303242
Darkdrift uncertainty for readout-channel 2 = 0.302980
Darkdrift uncertainty for readout-channel 3 = 0.302721
Darkdrift uncertainty for readout-channel 4 = 0.340625
Trimmed average of values in readout-channel 1 = 5.369971
Trimmed average of values in readout-channel 2 = 5.570175
Trimmed average of values in readout-channel 3 = 5.571336
Trimmed average of values in readout-channel 4 = 6.128163
Darkdrift background term = 5.659911
...for data plane = 14
Darkdrift correction for readout-channel 1 = 0.058862
Darkdrift correction for readout-channel 2 = -0.311856
Darkdrift correction for readout-channel 3 = -0.063421
Darkdrift correction for readout-channel 4 = 0.316415
Darkdrift uncertainty for readout-channel 1 = 0.302955
Darkdrift uncertainty for readout-channel 2 = 0.302979
Darkdrift uncertainty for readout-channel 3 = 0.302974
Darkdrift uncertainty for readout-channel 4 = 0.302970
Trimmed average of values in readout-channel 1 = 5.588396
Trimmed average of values in readout-channel 2 = 5.217677
Trimmed average of values in readout-channel 3 = 5.466113
Trimmed average of values in readout-channel 4 = 5.845948
Darkdrift background term = 5.529534
...for data plane = 15
Darkdrift correction for readout-channel 1 = 0.238568
Darkdrift correction for readout-channel 2 = -0.490309
Darkdrift correction for readout-channel 3 = 0.276824
Darkdrift correction for readout-channel 4 = -0.025082
Darkdrift uncertainty for readout-channel 1 = 0.378451
Darkdrift uncertainty for readout-channel 2 = 0.302976
Darkdrift uncertainty for readout-channel 3 = 0.302977
Darkdrift uncertainty for readout-channel 4 = 0.302728
Trimmed average of values in readout-channel 1 = 6.394476
Trimmed average of values in readout-channel 2 = 5.665599
Trimmed average of values in readout-channel 3 = 6.432732
Trimmed average of values in readout-channel 4 = 6.130826
Darkdrift background term = 6.155908
...for data plane = 16
Darkdrift correction for readout-channel 1 = -0.068177
Darkdrift correction for readout-channel 2 = -0.109228
Darkdrift correction for readout-channel 3 = 0.033452
Darkdrift correction for readout-channel 4 = 0.143952
Darkdrift uncertainty for readout-channel 1 = 0.378703
Darkdrift uncertainty for readout-channel 2 = 0.302973
Darkdrift uncertainty for readout-channel 3 = 0.303055
Darkdrift uncertainty for readout-channel 4 = 0.303067
Trimmed average of values in readout-channel 1 = 5.473871
Trimmed average of values in readout-channel 2 = 5.432820
Trimmed average of values in readout-channel 3 = 5.575500
Trimmed average of values in readout-channel 4 = 5.686000
Darkdrift background term = 5.542048
...for data plane = 17
Darkdrift correction for readout-channel 1 = -0.005801
Darkdrift correction for readout-channel 2 = -0.178694
Darkdrift correction for readout-channel 3 = 0.260082
Darkdrift correction for readout-channel 4 = -0.075587
Darkdrift uncertainty for readout-channel 1 = 0.303230
Darkdrift uncertainty for readout-channel 2 = 0.302968
Darkdrift uncertainty for readout-channel 3 = 0.303153
Darkdrift uncertainty for readout-channel 4 = 0.303578
Trimmed average of values in readout-channel 1 = 5.622372
Trimmed average of values in readout-channel 2 = 5.449479
Trimmed average of values in readout-channel 3 = 5.888255
Trimmed average of values in readout-channel 4 = 5.552586
Darkdrift background term = 5.628173
...for data plane = 18
Darkdrift correction for readout-channel 1 = 0.598955
Darkdrift correction for readout-channel 2 = -0.414699
Darkdrift correction for readout-channel 3 = -0.288810
Darkdrift correction for readout-channel 4 = 0.104554
Darkdrift uncertainty for readout-channel 1 = 0.301764
Darkdrift uncertainty for readout-channel 2 = 0.302984
Darkdrift uncertainty for readout-channel 3 = 0.302894
Darkdrift uncertainty for readout-channel 4 = 0.302973
Trimmed average of values in readout-channel 1 = 6.454477
Trimmed average of values in readout-channel 2 = 5.440824
Trimmed average of values in readout-channel 3 = 5.566713
Trimmed average of values in readout-channel 4 = 5.960077
Darkdrift background term = 5.855523
...for data plane = 19
Darkdrift correction for readout-channel 1 = -0.359281
Darkdrift correction for readout-channel 2 = 0.169605
Darkdrift correction for readout-channel 3 = -0.000278
Darkdrift correction for readout-channel 4 = 0.189954
Darkdrift uncertainty for readout-channel 1 = 0.303368
Darkdrift uncertainty for readout-channel 2 = 0.302968
Darkdrift uncertainty for readout-channel 3 = 0.302981
Darkdrift uncertainty for readout-channel 4 = 0.302648
Trimmed average of values in readout-channel 1 = 5.223012
Trimmed average of values in readout-channel 2 = 5.751899
Trimmed average of values in readout-channel 3 = 5.582015
Trimmed average of values in readout-channel 4 = 5.772248
Darkdrift background term = 5.582294
...for data plane = 20
Darkdrift correction for readout-channel 1 = 0.450576
Darkdrift correction for readout-channel 2 = -0.134337
Darkdrift correction for readout-channel 3 = -0.398466
Darkdrift correction for readout-channel 4 = 0.082227
Darkdrift uncertainty for readout-channel 1 = 0.302829
Darkdrift uncertainty for readout-channel 2 = 0.302686
Darkdrift uncertainty for readout-channel 3 = 0.303450
Darkdrift uncertainty for readout-channel 4 = 0.303647
Trimmed average of values in readout-channel 1 = 6.370598
Trimmed average of values in readout-channel 2 = 5.785684
Trimmed average of values in readout-channel 3 = 5.521555
Trimmed average of values in readout-channel 4 = 6.002248
Darkdrift background term = 5.920021
...for data plane = 21
Darkdrift correction for readout-channel 1 = 0.020301
Darkdrift correction for readout-channel 2 = -0.723878
Darkdrift correction for readout-channel 3 = 0.466503
Darkdrift correction for readout-channel 4 = 0.237073
Darkdrift uncertainty for readout-channel 1 = 0.302973
Darkdrift uncertainty for readout-channel 2 = 0.302965
Darkdrift uncertainty for readout-channel 3 = 0.377823
Darkdrift uncertainty for readout-channel 4 = 0.302984
Trimmed average of values in readout-channel 1 = 5.939722
Trimmed average of values in readout-channel 2 = 5.195543
Trimmed average of values in readout-channel 3 = 6.385924
Trimmed average of values in readout-channel 4 = 6.156494
Darkdrift background term = 5.919421
...for data plane = 22
Darkdrift correction for readout-channel 1 = -0.190300
Darkdrift correction for readout-channel 2 = 0.117441
Darkdrift correction for readout-channel 3 = 0.379412
Darkdrift correction for readout-channel 4 = -0.306553
Darkdrift uncertainty for readout-channel 1 = 0.302980
Darkdrift uncertainty for readout-channel 2 = 0.302974
Darkdrift uncertainty for readout-channel 3 = 0.302978
Darkdrift uncertainty for readout-channel 4 = 0.302961
Trimmed average of values in readout-channel 1 = 5.631085
Trimmed average of values in readout-channel 2 = 5.938826
Trimmed average of values in readout-channel 3 = 6.200798
Trimmed average of values in readout-channel 4 = 5.514833
Darkdrift background term = 5.821385
...for data plane = 23
Darkdrift correction for readout-channel 1 = -0.109111
Darkdrift correction for readout-channel 2 = -0.087459
Darkdrift correction for readout-channel 3 = -0.037762
Darkdrift correction for readout-channel 4 = 0.234332
Darkdrift uncertainty for readout-channel 1 = 0.303716
Darkdrift uncertainty for readout-channel 2 = 0.300492
Darkdrift uncertainty for readout-channel 3 = 0.303376
Darkdrift uncertainty for readout-channel 4 = 0.302890
Trimmed average of values in readout-channel 1 = 5.492731
Trimmed average of values in readout-channel 2 = 5.514383
Trimmed average of values in readout-channel 3 = 5.564081
Trimmed average of values in readout-channel 4 = 5.836175
Darkdrift background term = 5.601842
...for data plane = 24
Darkdrift correction for readout-channel 1 = -0.054983
Darkdrift correction for readout-channel 2 = -0.190316
Darkdrift correction for readout-channel 3 = -0.280894
Darkdrift correction for readout-channel 4 = 0.526194
Darkdrift uncertainty for readout-channel 1 = 0.230742
Darkdrift uncertainty for readout-channel 2 = 0.302973
Darkdrift uncertainty for readout-channel 3 = 0.303279
Darkdrift uncertainty for readout-channel 4 = 0.302793
Trimmed average of values in readout-channel 1 = 5.825711
Trimmed average of values in readout-channel 2 = 5.690378
Trimmed average of values in readout-channel 3 = 5.599800
Trimmed average of values in readout-channel 4 = 6.406888
Darkdrift background term = 5.880694
...for data plane = 25
Darkdrift correction for readout-channel 1 = -0.028701
Darkdrift correction for readout-channel 2 = -0.008553
Darkdrift correction for readout-channel 3 = -0.104219
Darkdrift correction for readout-channel 4 = 0.141473
Darkdrift uncertainty for readout-channel 1 = 0.303849
Darkdrift uncertainty for readout-channel 2 = 0.302983
Darkdrift uncertainty for readout-channel 3 = 0.303380
Darkdrift uncertainty for readout-channel 4 = 0.303149
Trimmed average of values in readout-channel 1 = 5.702325
Trimmed average of values in readout-channel 2 = 5.722474
Trimmed average of values in readout-channel 3 = 5.626807
Trimmed average of values in readout-channel 4 = 5.872499
Darkdrift background term = 5.731026
...for data plane = 26
Darkdrift correction for readout-channel 1 = 0.490592
Darkdrift correction for readout-channel 2 = -0.045294
Darkdrift correction for readout-channel 3 = -0.566581
Darkdrift correction for readout-channel 4 = 0.121283
Darkdrift uncertainty for readout-channel 1 = 0.303093
Darkdrift uncertainty for readout-channel 2 = 0.301597
Darkdrift uncertainty for readout-channel 3 = 0.303358
Darkdrift uncertainty for readout-channel 4 = 0.303318
Trimmed average of values in readout-channel 1 = 6.580973
Trimmed average of values in readout-channel 2 = 6.045087
Trimmed average of values in readout-channel 3 = 5.523800
Trimmed average of values in readout-channel 4 = 6.211664
Darkdrift background term = 6.090381
...for data plane = 27
Darkdrift correction for readout-channel 1 = 0.241607
Darkdrift correction for readout-channel 2 = 0.172126
Darkdrift correction for readout-channel 3 = 0.014544
Darkdrift correction for readout-channel 4 = -0.428276
Darkdrift uncertainty for readout-channel 1 = 0.302724
Darkdrift uncertainty for readout-channel 2 = 0.304341
Darkdrift uncertainty for readout-channel 3 = 0.303435
Darkdrift uncertainty for readout-channel 4 = 0.340508
Trimmed average of values in readout-channel 1 = 6.019278
Trimmed average of values in readout-channel 2 = 5.949797
Trimmed average of values in readout-channel 3 = 5.792215
Trimmed average of values in readout-channel 4 = 5.349394
Darkdrift background term = 5.777671
...for data plane = 28
Darkdrift correction for readout-channel 1 = -0.338106
Darkdrift correction for readout-channel 2 = -0.196144
Darkdrift correction for readout-channel 3 = 0.338230
Darkdrift correction for readout-channel 4 = 0.196020
Darkdrift uncertainty for readout-channel 1 = 0.302972
Darkdrift uncertainty for readout-channel 2 = 0.302408
Darkdrift uncertainty for readout-channel 3 = 0.303060
Darkdrift uncertainty for readout-channel 4 = 0.302957
Trimmed average of values in readout-channel 1 = 5.794134
Trimmed average of values in readout-channel 2 = 5.936097
Trimmed average of values in readout-channel 3 = 6.470471
Trimmed average of values in readout-channel 4 = 6.328260
Darkdrift background term = 6.132240
...for data plane = 29
Darkdrift correction for readout-channel 1 = 0.013655
Darkdrift correction for readout-channel 2 = -0.395962
Darkdrift correction for readout-channel 3 = 0.153563
Darkdrift correction for readout-channel 4 = 0.228744
Darkdrift uncertainty for readout-channel 1 = 0.374573
Darkdrift uncertainty for readout-channel 2 = 0.302720
Darkdrift uncertainty for readout-channel 3 = 0.303539
Darkdrift uncertainty for readout-channel 4 = 0.302972
Trimmed average of values in readout-channel 1 = 5.779657
Trimmed average of values in readout-channel 2 = 5.370040
Trimmed average of values in readout-channel 3 = 5.919564
Trimmed average of values in readout-channel 4 = 5.994746
Darkdrift background term = 5.766002
...for data plane = 30
Darkdrift correction for readout-channel 1 = 0.033808
Darkdrift correction for readout-channel 2 = -0.138893
Darkdrift correction for readout-channel 3 = -0.141094
Darkdrift correction for readout-channel 4 = 0.246179
Darkdrift uncertainty for readout-channel 1 = 0.303102
Darkdrift uncertainty for readout-channel 2 = 0.301602
Darkdrift uncertainty for readout-channel 3 = 0.303134
Darkdrift uncertainty for readout-channel 4 = 0.303487
Trimmed average of values in readout-channel 1 = 5.509053
Trimmed average of values in readout-channel 2 = 5.336352
Trimmed average of values in readout-channel 3 = 5.334151
Trimmed average of values in readout-channel 4 = 5.721424
Darkdrift background term = 5.475245
...for data plane = 31
Darkdrift correction for readout-channel 1 = -0.065443
Darkdrift correction for readout-channel 2 = 0.065605
Darkdrift correction for readout-channel 3 = 0.021188
Darkdrift correction for readout-channel 4 = -0.021350
Darkdrift uncertainty for readout-channel 1 = 0.302453
Darkdrift uncertainty for readout-channel 2 = 0.303797
Darkdrift uncertainty for readout-channel 3 = 0.303795
Darkdrift uncertainty for readout-channel 4 = 0.302881
Trimmed average of values in readout-channel 1 = 5.641940
Trimmed average of values in readout-channel 2 = 5.772988
Trimmed average of values in readout-channel 3 = 5.728570
Trimmed average of values in readout-channel 4 = 5.686032
Darkdrift background term = 5.707382
...for data plane = 32
Darkdrift correction for readout-channel 1 = 0.105629
Darkdrift correction for readout-channel 2 = 0.024479
Darkdrift correction for readout-channel 3 = 0.265286
Darkdrift correction for readout-channel 4 = -0.395394
Darkdrift uncertainty for readout-channel 1 = 0.303495
Darkdrift uncertainty for readout-channel 2 = 0.302970
Darkdrift uncertainty for readout-channel 3 = 0.303000
Darkdrift uncertainty for readout-channel 4 = 0.303235
Trimmed average of values in readout-channel 1 = 5.802324
Trimmed average of values in readout-channel 2 = 5.721174
Trimmed average of values in readout-channel 3 = 5.961981
Trimmed average of values in readout-channel 4 = 5.301301
Darkdrift background term = 5.696695
...for data plane = 33
Darkdrift correction for readout-channel 1 = 0.080632
Darkdrift correction for readout-channel 2 = -0.186155
Darkdrift correction for readout-channel 3 = -0.349591
Darkdrift correction for readout-channel 4 = 0.455114
Darkdrift uncertainty for readout-channel 1 = 0.302982
Darkdrift uncertainty for readout-channel 2 = 0.304079
Darkdrift uncertainty for readout-channel 3 = 0.302978
Darkdrift uncertainty for readout-channel 4 = 0.302962
Trimmed average of values in readout-channel 1 = 5.548112
Trimmed average of values in readout-channel 2 = 5.281326
Trimmed average of values in readout-channel 3 = 5.117889
Trimmed average of values in readout-channel 4 = 5.922594
Darkdrift background term = 5.467480
...for data plane = 34
Darkdrift correction for readout-channel 1 = 0.114288
Darkdrift correction for readout-channel 2 = -0.110236
Darkdrift correction for readout-channel 3 = 0.358312
Darkdrift correction for readout-channel 4 = -0.362365
Darkdrift uncertainty for readout-channel 1 = 0.303099
Darkdrift uncertainty for readout-channel 2 = 0.302986
Darkdrift uncertainty for readout-channel 3 = 0.303166
Darkdrift uncertainty for readout-channel 4 = 0.302984
Trimmed average of values in readout-channel 1 = 6.061757
Trimmed average of values in readout-channel 2 = 5.837233
Trimmed average of values in readout-channel 3 = 6.305781
Trimmed average of values in readout-channel 4 = 5.585103
Darkdrift background term = 5.947469
...for data plane = 35
Darkdrift correction for readout-channel 1 = -0.207998
Darkdrift correction for readout-channel 2 = -0.081769
Darkdrift correction for readout-channel 3 = 0.214463
Darkdrift correction for readout-channel 4 = 0.075305
Darkdrift uncertainty for readout-channel 1 = 0.303559
Darkdrift uncertainty for readout-channel 2 = 0.302976
Darkdrift uncertainty for readout-channel 3 = 0.303355
Darkdrift uncertainty for readout-channel 4 = 0.303079
Trimmed average of values in readout-channel 1 = 5.494493
Trimmed average of values in readout-channel 2 = 5.620723
Trimmed average of values in readout-channel 3 = 5.916954
Trimmed average of values in readout-channel 4 = 5.777796
Darkdrift background term = 5.702492
...for data plane = 36
Darkdrift correction for readout-channel 1 = -0.281940
Darkdrift correction for readout-channel 2 = -0.008819
Darkdrift correction for readout-channel 3 = 0.280411
Darkdrift correction for readout-channel 4 = 0.010348
Darkdrift uncertainty for readout-channel 1 = 0.303884
Darkdrift uncertainty for readout-channel 2 = 0.303242
Darkdrift uncertainty for readout-channel 3 = 0.304424
Darkdrift uncertainty for readout-channel 4 = 0.302968
Trimmed average of values in readout-channel 1 = 5.499024
Trimmed average of values in readout-channel 2 = 5.772146
Trimmed average of values in readout-channel 3 = 6.061376
Trimmed average of values in readout-channel 4 = 5.791313
Darkdrift background term = 5.780965
...for data plane = 37
Darkdrift correction for readout-channel 1 = -0.327704
Darkdrift correction for readout-channel 2 = -0.017612
Darkdrift correction for readout-channel 3 = -0.079448
Darkdrift correction for readout-channel 4 = 0.424764
Darkdrift uncertainty for readout-channel 1 = 0.302974
Darkdrift uncertainty for readout-channel 2 = 0.303242
Darkdrift uncertainty for readout-channel 3 = 0.303044
Darkdrift uncertainty for readout-channel 4 = 0.302973
Trimmed average of values in readout-channel 1 = 5.300633
Trimmed average of values in readout-channel 2 = 5.610725
Trimmed average of values in readout-channel 3 = 5.548890
Trimmed average of values in readout-channel 4 = 6.053102
Darkdrift background term = 5.628338
...for data plane = 38
Darkdrift correction for readout-channel 1 = 0.273151
Darkdrift correction for readout-channel 2 = -0.562932
Darkdrift correction for readout-channel 3 = 0.064354
Darkdrift correction for readout-channel 4 = 0.225427
Darkdrift uncertainty for readout-channel 1 = 0.378448
Darkdrift uncertainty for readout-channel 2 = 0.304072
Darkdrift uncertainty for readout-channel 3 = 0.303066
Darkdrift uncertainty for readout-channel 4 = 0.303150
Trimmed average of values in readout-channel 1 = 6.050977
Trimmed average of values in readout-channel 2 = 5.214894
Trimmed average of values in readout-channel 3 = 5.842180
Trimmed average of values in readout-channel 4 = 6.003253
Darkdrift background term = 5.777826
...for data plane = 39
Darkdrift correction for readout-channel 1 = 0.047283
Darkdrift correction for readout-channel 2 = -0.247561
Darkdrift correction for readout-channel 3 = 0.116227
Darkdrift correction for readout-channel 4 = 0.084052
Darkdrift uncertainty for readout-channel 1 = 0.303252
Darkdrift uncertainty for readout-channel 2 = 0.302966
Darkdrift uncertainty for readout-channel 3 = 0.303467
Darkdrift uncertainty for readout-channel 4 = 0.303809
Trimmed average of values in readout-channel 1 = 5.659627
Trimmed average of values in readout-channel 2 = 5.364784
Trimmed average of values in readout-channel 3 = 5.728571
Trimmed average of values in readout-channel 4 = 5.696397
Darkdrift background term = 5.612345
...for data plane = 40
Darkdrift correction for readout-channel 1 = -0.094947
Darkdrift correction for readout-channel 2 = -0.091095
Darkdrift correction for readout-channel 3 = 0.014801
Darkdrift correction for readout-channel 4 = 0.171241
Darkdrift uncertainty for readout-channel 1 = 0.303748
Darkdrift uncertainty for readout-channel 2 = 0.302978
Darkdrift uncertainty for readout-channel 3 = 0.303143
Darkdrift uncertainty for readout-channel 4 = 0.302971
Trimmed average of values in readout-channel 1 = 5.679925
Trimmed average of values in readout-channel 2 = 5.683778
Trimmed average of values in readout-channel 3 = 5.789674
Trimmed average of values in readout-channel 4 = 5.946113
Darkdrift background term = 5.774872
...for data plane = 41
Darkdrift correction for readout-channel 1 = -0.654417
Darkdrift correction for readout-channel 2 = 0.270179
Darkdrift correction for readout-channel 3 = 0.260929
Darkdrift correction for readout-channel 4 = 0.123309
Darkdrift uncertainty for readout-channel 1 = 0.302964
Darkdrift uncertainty for readout-channel 2 = 0.302974
Darkdrift uncertainty for readout-channel 3 = 0.377669
Darkdrift uncertainty for readout-channel 4 = 0.302769
Trimmed average of values in readout-channel 1 = 5.155363
Trimmed average of values in readout-channel 2 = 6.079958
Trimmed average of values in readout-channel 3 = 6.070709
Trimmed average of values in readout-channel 4 = 5.933088
Darkdrift background term = 5.809779
...for data plane = 42
Darkdrift correction for readout-channel 1 = 0.009980
Darkdrift correction for readout-channel 2 = -0.029487
Darkdrift correction for readout-channel 3 = 0.066837
Darkdrift correction for readout-channel 4 = -0.047329
Darkdrift uncertainty for readout-channel 1 = 0.302979
Darkdrift uncertainty for readout-channel 2 = 0.299389
Darkdrift uncertainty for readout-channel 3 = 0.302984
Darkdrift uncertainty for readout-channel 4 = 0.303056
Trimmed average of values in readout-channel 1 = 5.748528
Trimmed average of values in readout-channel 2 = 5.709061
Trimmed average of values in readout-channel 3 = 5.805385
Trimmed average of values in readout-channel 4 = 5.691219
Darkdrift background term = 5.738548
...for data plane = 43
Darkdrift correction for readout-channel 1 = 0.084036
Darkdrift correction for readout-channel 2 = 0.000765
Darkdrift correction for readout-channel 3 = -0.110950
Darkdrift correction for readout-channel 4 = 0.026149
Darkdrift uncertainty for readout-channel 1 = 0.303487
Darkdrift uncertainty for readout-channel 2 = 0.303250
Darkdrift uncertainty for readout-channel 3 = 0.302897
Darkdrift uncertainty for readout-channel 4 = 0.303555
Trimmed average of values in readout-channel 1 = 5.719293
Trimmed average of values in readout-channel 2 = 5.636023
Trimmed average of values in readout-channel 3 = 5.524308
Trimmed average of values in readout-channel 4 = 5.661406
Darkdrift background term = 5.635258
...for data plane = 44
Darkdrift correction for readout-channel 1 = -0.284945
Darkdrift correction for readout-channel 2 = -0.282288
Darkdrift correction for readout-channel 3 = 0.234077
Darkdrift correction for readout-channel 4 = 0.333155
Darkdrift uncertainty for readout-channel 1 = 0.303106
Darkdrift uncertainty for readout-channel 2 = 0.302962
Darkdrift uncertainty for readout-channel 3 = 0.303057
Darkdrift uncertainty for readout-channel 4 = 0.302977
Trimmed average of values in readout-channel 1 = 5.554570
Trimmed average of values in readout-channel 2 = 5.557228
Trimmed average of values in readout-channel 3 = 6.073593
Trimmed average of values in readout-channel 4 = 6.172671
Darkdrift background term = 5.839515
...for data plane = 45
Darkdrift correction for readout-channel 1 = 0.155941
Darkdrift correction for readout-channel 2 = -0.084935
Darkdrift correction for readout-channel 3 = -0.222932
Darkdrift correction for readout-channel 4 = 0.151926
Darkdrift uncertainty for readout-channel 1 = 0.302840
Darkdrift uncertainty for readout-channel 2 = 0.302974
Darkdrift uncertainty for readout-channel 3 = 0.302971
Darkdrift uncertainty for readout-channel 4 = 0.302969
Trimmed average of values in readout-channel 1 = 5.693154
Trimmed average of values in readout-channel 2 = 5.452278
Trimmed average of values in readout-channel 3 = 5.314280
Trimmed average of values in readout-channel 4 = 5.689139
Darkdrift background term = 5.537213
...for data plane = 46
Darkdrift correction for readout-channel 1 = 0.245430
Darkdrift correction for readout-channel 2 = -0.177960
Darkdrift correction for readout-channel 3 = -0.218513
Darkdrift correction for readout-channel 4 = 0.151043
Darkdrift uncertainty for readout-channel 1 = 0.303363
Darkdrift uncertainty for readout-channel 2 = 0.360502
Darkdrift uncertainty for readout-channel 3 = 0.303368
Darkdrift uncertainty for readout-channel 4 = 0.341357
Trimmed average of values in readout-channel 1 = 5.755788
Trimmed average of values in readout-channel 2 = 5.332399
Trimmed average of values in readout-channel 3 = 5.291845
Trimmed average of values in readout-channel 4 = 5.661402
Darkdrift background term = 5.510359
...for data plane = 47
Darkdrift correction for readout-channel 1 = 0.071504
Darkdrift correction for readout-channel 2 = -0.434239
Darkdrift correction for readout-channel 3 = 0.326648
Darkdrift correction for readout-channel 4 = 0.036086
Darkdrift uncertainty for readout-channel 1 = 0.303462
Darkdrift uncertainty for readout-channel 2 = 0.302973
Darkdrift uncertainty for readout-channel 3 = 0.303092
Darkdrift uncertainty for readout-channel 4 = 0.302896
Trimmed average of values in readout-channel 1 = 6.050459
Trimmed average of values in readout-channel 2 = 5.544716
Trimmed average of values in readout-channel 3 = 6.305603
Trimmed average of values in readout-channel 4 = 6.015041
Darkdrift background term = 5.978955
...for data plane = 48
Darkdrift correction for readout-channel 1 = -0.286728
Darkdrift correction for readout-channel 2 = 0.273677
Darkdrift correction for readout-channel 3 = 0.400980
Darkdrift correction for readout-channel 4 = -0.387928
Darkdrift uncertainty for readout-channel 1 = 0.302453
Darkdrift uncertainty for readout-channel 2 = 0.302966
Darkdrift uncertainty for readout-channel 3 = 0.378377
Darkdrift uncertainty for readout-channel 4 = 0.303323
Trimmed average of values in readout-channel 1 = 5.653132
Trimmed average of values in readout-channel 2 = 6.213537
Trimmed average of values in readout-channel 3 = 6.340840
Trimmed average of values in readout-channel 4 = 5.551932
Darkdrift background term = 5.939860
...for data plane = 49
Darkdrift correction for readout-channel 1 = 0.154401
Darkdrift correction for readout-channel 2 = 0.099839
Darkdrift correction for readout-channel 3 = -0.426773
Darkdrift correction for readout-channel 4 = 0.172533
Darkdrift uncertainty for readout-channel 1 = 0.302196
Darkdrift uncertainty for readout-channel 2 = 0.302984
Darkdrift uncertainty for readout-channel 3 = 0.303324
Darkdrift uncertainty for readout-channel 4 = 0.303897
Trimmed average of values in readout-channel 1 = 5.788448
Trimmed average of values in readout-channel 2 = 5.733886
Trimmed average of values in readout-channel 3 = 5.207274
Trimmed average of values in readout-channel 4 = 5.806580
Darkdrift background term = 5.634047
...for data plane = 50
Darkdrift correction for readout-channel 1 = -0.220936
Darkdrift correction for readout-channel 2 = -0.035055
Darkdrift correction for readout-channel 3 = 0.259951
Darkdrift correction for readout-channel 4 = -0.003960
Darkdrift uncertainty for readout-channel 1 = 0.302695
Darkdrift uncertainty for readout-channel 2 = 0.303248
Darkdrift uncertainty for readout-channel 3 = 0.302982
Darkdrift uncertainty for readout-channel 4 = 0.303226
Trimmed average of values in readout-channel 1 = 5.322273
Trimmed average of values in readout-channel 2 = 5.508154
Trimmed average of values in readout-channel 3 = 5.803160
Trimmed average of values in readout-channel 4 = 5.539249
Darkdrift background term = 5.543209
...for data plane = 51
Darkdrift correction for readout-channel 1 = 0.232932
Darkdrift correction for readout-channel 2 = -0.098130
Darkdrift correction for readout-channel 3 = -0.083053
Darkdrift correction for readout-channel 4 = -0.051749
Darkdrift uncertainty for readout-channel 1 = 0.302969
Darkdrift uncertainty for readout-channel 2 = 0.302176
Darkdrift uncertainty for readout-channel 3 = 0.302978
Darkdrift uncertainty for readout-channel 4 = 0.302794
Trimmed average of values in readout-channel 1 = 5.878203
Trimmed average of values in readout-channel 2 = 5.547140
Trimmed average of values in readout-channel 3 = 5.562217
Trimmed average of values in readout-channel 4 = 5.593521
Darkdrift background term = 5.645270
...for data plane = 52
Darkdrift correction for readout-channel 1 = -0.327039
Darkdrift correction for readout-channel 2 = 0.110115
Darkdrift correction for readout-channel 3 = -0.022659
Darkdrift correction for readout-channel 4 = 0.239583
Darkdrift uncertainty for readout-channel 1 = 0.303231
Darkdrift uncertainty for readout-channel 2 = 0.303248
Darkdrift uncertainty for readout-channel 3 = 0.303058
Darkdrift uncertainty for readout-channel 4 = 0.303065
Trimmed average of values in readout-channel 1 = 5.414074
Trimmed average of values in readout-channel 2 = 5.851228
Trimmed average of values in readout-channel 3 = 5.718454
Trimmed average of values in readout-channel 4 = 5.980696
Darkdrift background term = 5.741113
...for data plane = 53
Darkdrift correction for readout-channel 1 = 0.089787
Darkdrift correction for readout-channel 2 = 0.175495
Darkdrift correction for readout-channel 3 = -0.466705
Darkdrift correction for readout-channel 4 = 0.201423
Darkdrift uncertainty for readout-channel 1 = 0.303105
Darkdrift uncertainty for readout-channel 2 = 0.303243
Darkdrift uncertainty for readout-channel 3 = 0.228110
Darkdrift uncertainty for readout-channel 4 = 0.303297
Trimmed average of values in readout-channel 1 = 5.536381
Trimmed average of values in readout-channel 2 = 5.622090
Trimmed average of values in readout-channel 3 = 4.979889
Trimmed average of values in readout-channel 4 = 5.648018
Darkdrift background term = 5.446594
...for data plane = 54
Darkdrift correction for readout-channel 1 = 0.279441
Darkdrift correction for readout-channel 2 = -0.161227
Darkdrift correction for readout-channel 3 = -0.065739
Darkdrift correction for readout-channel 4 = -0.052475
Darkdrift uncertainty for readout-channel 1 = 0.302321
Darkdrift uncertainty for readout-channel 2 = 0.303251
Darkdrift uncertainty for readout-channel 3 = 0.303139
Darkdrift uncertainty for readout-channel 4 = 0.302958
Trimmed average of values in readout-channel 1 = 6.043608
Trimmed average of values in readout-channel 2 = 5.602940
Trimmed average of values in readout-channel 3 = 5.698428
Trimmed average of values in readout-channel 4 = 5.711692
Darkdrift background term = 5.764167
...for data plane = 55
Darkdrift correction for readout-channel 1 = -0.062197
Darkdrift correction for readout-channel 2 = -0.640322
Darkdrift correction for readout-channel 3 = 0.295940
Darkdrift correction for readout-channel 4 = 0.406580
Darkdrift uncertainty for readout-channel 1 = 0.302964
Darkdrift uncertainty for readout-channel 2 = 0.303517
Darkdrift uncertainty for readout-channel 3 = 0.304516
Darkdrift uncertainty for readout-channel 4 = 0.303054
Trimmed average of values in readout-channel 1 = 5.511848
Trimmed average of values in readout-channel 2 = 4.933723
Trimmed average of values in readout-channel 3 = 5.869985
Trimmed average of values in readout-channel 4 = 5.980625
Darkdrift background term = 5.574045
...for data plane = 56
Darkdrift correction for readout-channel 1 = -0.140190
Darkdrift correction for readout-channel 2 = 0.378489
Darkdrift correction for readout-channel 3 = 0.180538
Darkdrift correction for readout-channel 4 = -0.418837
Darkdrift uncertainty for readout-channel 1 = 0.303104
Darkdrift uncertainty for readout-channel 2 = 0.303510
Darkdrift uncertainty for readout-channel 3 = 0.303286
Darkdrift uncertainty for readout-channel 4 = 0.340761
Trimmed average of values in readout-channel 1 = 5.359545
Trimmed average of values in readout-channel 2 = 5.878223
Trimmed average of values in readout-channel 3 = 5.680272
Trimmed average of values in readout-channel 4 = 5.080897
Darkdrift background term = 5.499734
...for data plane = 57
Darkdrift correction for readout-channel 1 = 0.008673
Darkdrift correction for readout-channel 2 = -0.086164
Darkdrift correction for readout-channel 3 = 0.112418
Darkdrift correction for readout-channel 4 = -0.034927
Darkdrift uncertainty for readout-channel 1 = 0.303491
Darkdrift uncertainty for readout-channel 2 = 0.302693
Darkdrift uncertainty for readout-channel 3 = 0.303534
Darkdrift uncertainty for readout-channel 4 = 0.303403
Trimmed average of values in readout-channel 1 = 5.833312
Trimmed average of values in readout-channel 2 = 5.738475
Trimmed average of values in readout-channel 3 = 5.937057
Trimmed average of values in readout-channel 4 = 5.789712
Darkdrift background term = 5.824639
...for data plane = 58
Darkdrift correction for readout-channel 1 = -0.021951
Darkdrift correction for readout-channel 2 = -0.303636
Darkdrift correction for readout-channel 3 = 0.104620
Darkdrift correction for readout-channel 4 = 0.220966
Darkdrift uncertainty for readout-channel 1 = 0.303467
Darkdrift uncertainty for readout-channel 2 = 0.302973
Darkdrift uncertainty for readout-channel 3 = 0.303296
Darkdrift uncertainty for readout-channel 4 = 0.303234
Trimmed average of values in readout-channel 1 = 0.464530
Trimmed average of values in readout-channel 2 = 0.182845
Trimmed average of values in readout-channel 3 = 0.591100
Trimmed average of values in readout-channel 4 = 0.707447
Darkdrift background term = 0.486481
...for data plane = 59
Darkdrift correction for readout-channel 1 = -0.213522
Darkdrift correction for readout-channel 2 = -0.263248
Darkdrift correction for readout-channel 3 = 0.072749
Darkdrift correction for readout-channel 4 = 0.404021
Darkdrift uncertainty for readout-channel 1 = 0.377672
Darkdrift uncertainty for readout-channel 2 = 0.302969
Darkdrift uncertainty for readout-channel 3 = 0.302990
Darkdrift uncertainty for readout-channel 4 = 0.302972
Trimmed average of values in readout-channel 1 = 5.366497
Trimmed average of values in readout-channel 2 = 5.316771
Trimmed average of values in readout-channel 3 = 5.652769
Trimmed average of values in readout-channel 4 = 5.984041
Darkdrift background term = 5.580019
...for data plane = 60
Darkdrift correction for readout-channel 1 = -0.030765
Darkdrift correction for readout-channel 2 = -0.380800
Darkdrift correction for readout-channel 3 = 0.025428
Darkdrift correction for readout-channel 4 = 0.386137
Darkdrift uncertainty for readout-channel 1 = 0.304784
Darkdrift uncertainty for readout-channel 2 = 0.302705
Darkdrift uncertainty for readout-channel 3 = 0.303129
Darkdrift uncertainty for readout-channel 4 = 0.303503
Trimmed average of values in readout-channel 1 = 5.646399
Trimmed average of values in readout-channel 2 = 5.296363
Trimmed average of values in readout-channel 3 = 5.702592
Trimmed average of values in readout-channel 4 = 6.063301
Darkdrift background term = 5.677164
...for data plane = 61
Darkdrift correction for readout-channel 1 = -0.182490
Darkdrift correction for readout-channel 2 = -0.096339
Darkdrift correction for readout-channel 3 = 0.326741
Darkdrift correction for readout-channel 4 = -0.047912
Darkdrift uncertainty for readout-channel 1 = 0.378212
Darkdrift uncertainty for readout-channel 2 = 0.303246
Darkdrift uncertainty for readout-channel 3 = 0.302981
Darkdrift uncertainty for readout-channel 4 = 0.302981
Trimmed average of values in readout-channel 1 = 5.555231
Trimmed average of values in readout-channel 2 = 5.641383
Trimmed average of values in readout-channel 3 = 6.064463
Trimmed average of values in readout-channel 4 = 5.689809
Darkdrift background term = 5.737722
...for data plane = 62
Darkdrift correction for readout-channel 1 = 0.166666
Darkdrift correction for readout-channel 2 = -0.289043
Darkdrift correction for readout-channel 3 = 0.007079
Darkdrift correction for readout-channel 4 = 0.115299
Darkdrift uncertainty for readout-channel 1 = 0.302999
Darkdrift uncertainty for readout-channel 2 = 0.303810
Darkdrift uncertainty for readout-channel 3 = 0.302988
Darkdrift uncertainty for readout-channel 4 = 0.303249
Trimmed average of values in readout-channel 1 = 5.594280
Trimmed average of values in readout-channel 2 = 5.138571
Trimmed average of values in readout-channel 3 = 5.434693
Trimmed average of values in readout-channel 4 = 5.542912
Darkdrift background term = 5.427614
...for data plane = 63
Darkdrift correction for readout-channel 1 = -0.219205
Darkdrift correction for readout-channel 2 = -0.528422
Darkdrift correction for readout-channel 3 = 0.224695
Darkdrift correction for readout-channel 4 = 0.522932
Darkdrift uncertainty for readout-channel 1 = 0.303093
Darkdrift uncertainty for readout-channel 2 = 0.303250
Darkdrift uncertainty for readout-channel 3 = 0.302978
Darkdrift uncertainty for readout-channel 4 = 0.302652
Trimmed average of values in readout-channel 1 = 5.212058
Trimmed average of values in readout-channel 2 = 4.902841
Trimmed average of values in readout-channel 3 = 5.655959
Trimmed average of values in readout-channel 4 = 5.954196
Darkdrift background term = 5.431264
...for data plane = 64
Darkdrift correction for readout-channel 1 = -0.023002
Darkdrift correction for readout-channel 2 = 0.106647
Darkdrift correction for readout-channel 3 = -0.190721
Darkdrift correction for readout-channel 4 = 0.107076
Darkdrift uncertainty for readout-channel 1 = 0.302836
Darkdrift uncertainty for readout-channel 2 = 0.302409
Darkdrift uncertainty for readout-channel 3 = 0.302975
Darkdrift uncertainty for readout-channel 4 = 0.303725
Trimmed average of values in readout-channel 1 = 5.763068
Trimmed average of values in readout-channel 2 = 5.892717
Trimmed average of values in readout-channel 3 = 5.595349
Trimmed average of values in readout-channel 4 = 5.893146
Darkdrift background term = 5.786070

Program darkdrift: Status Message: 0x0000
Normal exit from Function 0x0000: LOG_WRITER
darkdrift Warning: NaN's were produced in the results.
A total of     2013   NaN's were produced in the results.
Processing time: 12.090000 seconds
Current date/time: Sat Jan  9 14:58:11 2016
Program darkdrift, version 4.1, terminated.

darkdrift   exit_value =   0    execution_time = 12.190s
******************************************************************
Pipeline executing flatap
flatap -i darkdrift.fits -p cal/pmask.fits -f cal/skyflat.fits -ui sig_darkdrift.fits -uo sig_flatap.fits -d dmask.fits -o flatap.fits -c cal/skyflat_cmask.fits 
******************************************************************
Pipeline Module FLATAP Version 1.5
Processing time Sat Jan  9 14:58:11 2016

flatap_parse_namelist: Information only: Namelist not specified.
Sat Jan  9 14:58:11 2016
flatap_log_writer: Could not open Log File, using stdout
Flatap Version 1.5
Namelist File  = 
Input DCE = darkdrift.fits
Output DCE = !flatap.fits
Flatfield = cal/skyflat.fits
Input Uncertainty = sig_darkdrift.fits
Output Uncertainty = !sig_flatap.fits
Pmask File = cal/pmask.fits
Pmask Mask = 128
Dmask File = dmask.fits
Dmask Mask = 16384
Cmask File = cal/skyflat_cmask.fits
Cmask Mask = 256
Trans CAL File = 
Trans CAL CMask File = 
Processing Log File = 
Time =    0.20 seconds
*********************

Time = 0.200 seconds
exit code 0

flatap   exit_value =   0    execution_time = 0.290s
******************************************************************
Pipeline executing imfliprot
imfliprot -i flatap.fits -n cdf/pn107.nl -a /sos/sw/S19.2.0/STUDIO/downlink/include -o imfliprot.fits 
******************************************************************

imfliprot_log_writer: Printing Log output to stdout

Program imfliprot, Version 1.0
Namelist File  = cdf/pn107.nl
Input File = flatap.fits
Output File = imfliprot.fits
Image has been flipped
Image Rotation (degrees)  = 180
Ancillary Data-File Path = /sos/sw/S19.2.0/STUDIO/downlink/include
Verbose flag = 0
Debug flag = 0
imfliprot Status Message      0x0000: Normal exit from Function 0x0000: LOG_WRITER
Processing time: 0.210000 seconds
Current date/time: Sat Jan  9 14:58:12 2016
Program imfliprot, version 1.0, terminated.


imfliprot   exit_value =   0    execution_time = 0.260s
******************************************************************
Pipeline executing imfliprot
imfliprot -i sig_flatap.fits -n cdf/pn107.nl -a /sos/sw/S19.2.0/STUDIO/downlink/include -o sig_imfliprot.fits 
******************************************************************

imfliprot_log_writer: Printing Log output to stdout

Program imfliprot, Version 1.0
Namelist File  = cdf/pn107.nl
Input File = sig_flatap.fits
Output File = sig_imfliprot.fits
Image has been flipped
Image Rotation (degrees)  = 180
Ancillary Data-File Path = /sos/sw/S19.2.0/STUDIO/downlink/include
Verbose flag = 0
Debug flag = 0
imfliprot Status Message      0x0000: Normal exit from Function 0x0000: LOG_WRITER
Processing time: 0.210000 seconds
Current date/time: Sat Jan  9 14:58:13 2016
Program imfliprot, version 1.0, terminated.


imfliprot   exit_value =   0    execution_time = 0.260s
******************************************************************
Pipeline executing imfliprot
imfliprot -i dmask.fits -n cdf/pn107.nl -a /sos/sw/S19.2.0/STUDIO/downlink/include -o temp_dmask.fits 
******************************************************************

imfliprot_log_writer: Printing Log output to stdout

Program imfliprot, Version 1.0
Namelist File  = cdf/pn107.nl
Input File = dmask.fits
Output File = temp_dmask.fits
Image has been flipped
Image Rotation (degrees)  = 180
Ancillary Data-File Path = /sos/sw/S19.2.0/STUDIO/downlink/include
Verbose flag = 0
Debug flag = 0
imfliprot Status Message      0x0000: Normal exit from Function 0x0000: LOG_WRITER
Processing time: 0.060000 seconds
Current date/time: Sat Jan  9 14:58:14 2016
Program imfliprot, version 1.0, terminated.


imfliprot   exit_value =   0    execution_time = 0.110s
******************************************************************
Pipeline executing imfliprot
imfliprot -i fowlinearize.fits -n cdf/pn107.nl -a /sos/sw/S19.2.0/STUDIO/downlink/include -o temp_fowlinearize.fits 
******************************************************************

imfliprot_log_writer: Printing Log output to stdout

Program imfliprot, Version 1.0
Namelist File  = cdf/pn107.nl
Input File = fowlinearize.fits
Output File = temp_fowlinearize.fits
Image has been flipped
Image Rotation (degrees)  = 180
Ancillary Data-File Path = /sos/sw/S19.2.0/STUDIO/downlink/include
Verbose flag = 0
Debug flag = 0
imfliprot Status Message      0x0000: Normal exit from Function 0x0000: LOG_WRITER
Processing time: 0.090000 seconds
Current date/time: Sat Jan  9 14:58:14 2016
Program imfliprot, version 1.0, terminated.


imfliprot   exit_value =   0    execution_time = 0.140s
******************************************************************
Pipeline executing imfliprot
imfliprot -i sig_fowlinearize.fits -n cdf/pn107.nl -a /sos/sw/S19.2.0/STUDIO/downlink/include -o temp_sig_fowlinearize.fits 
******************************************************************

imfliprot_log_writer: Printing Log output to stdout

Program imfliprot, Version 1.0
Namelist File  = cdf/pn107.nl
Input File = sig_fowlinearize.fits
Output File = temp_sig_fowlinearize.fits
Image has been flipped
Image Rotation (degrees)  = 180
Ancillary Data-File Path = /sos/sw/S19.2.0/STUDIO/downlink/include
Verbose flag = 0
Debug flag = 0
imfliprot Status Message      0x0000: Normal exit from Function 0x0000: LOG_WRITER
Processing time: 0.140000 seconds
Current date/time: Sat Jan  9 14:58:15 2016
Program imfliprot, version 1.0, terminated.


imfliprot   exit_value =   0    execution_time = 0.180s
******************************************************************
Pipeline executing dntoflux
dntoflux -i imfliprot.fits -iu sig_imfliprot.fits -n cdf/pn107.nl -co 0 -c 0.1447 -u 0.0000 -a /sos/sw/S19.2.0/STUDIO/downlink/include -o1 dntoflux.fits -ou sig_dntoflux.fits -t 1 
******************************************************************

Program dntoflux, Version 4.2
Namelist File  = cdf/pn107.nl
Input Image = imfliprot.fits
Output File 1 = dntoflux.fits
Output Uncertainty Image = sig_dntoflux.fits
Operation flag = 0
Conversion factor = 0.144700
Input Uncertainty Image = sig_imfliprot.fits
Conversion-factor uncertainty = 0.000000
Output BUNIT setting = MJy/sr
Normalize-by-EXPTIME Flag = 1
EXPTIME = 1.920000
Data-Plane Flag = 1
Ancillary Data-File Path = /sos/sw/S19.2.0/STUDIO/downlink/include
Verbose flag = 0
Super-verbose flag = 0
Debug flag = 0
Terminating data-units-conversion program.
dntoflux Status Message: 0x0000
Normal exit from Function 0x0000: LOG_WRITER
dntoflux Probs Warning: NaN's were produced in the results.
A total of     4026   NaN's were produced in the results.
Processing time: 0.580000 seconds
Current date/time: Sat Jan  9 14:58:16 2016
Program dntoflux, version 4.2, terminated.

dntoflux   exit_value =   0    execution_time = 0.730s
******************************************************************
Pipeline executing qatool
qatool -i dntoflux.fits -n cdf/pn107.nl -nb QATOOLBCD -a /sos/sw/S19.2.0/STUDIO/downlink/include -o qa/BCD_qatool 
******************************************************************
qatool_parse_namelist: Information only: Namelist block-name = &QATOOLBCD
Program qatool, Version 6.0
Namelist File  = cdf/pn107.nl
Input File = dntoflux.fits
Output Data Filename Base = qa/BCD_qatool
Statistics Group = 0
Percent-Scaling Flag = 0
Calculation Type = 1
(set-up to do additional computations for four readout channels)
Number of Mean Absolute Deviations for Histogram Half-Width Coverage = 5
Number of Bins in Histograms = 41
Central fraction for trimmed average = 0.810000
Central fraction for trimmed std. dev. = 0.720000
Bad-pixel tolerance fraction = 0.900000
Statistics Box X position = 3
Statistics Box Y position = 4
Statistics Box X width = 20
Statistics Box Y height = 23
Input-Image Transpose Flag = 1
Unsigned Integer Flag = 0
Data-Plane Flag = 1
Number Edge Rows/Cols Skipped = 2
Keyword Prefix = bcd
Ancillary Data-File Path = /sos/sw/S19.2.0/STUDIO/downlink/include
Verbose flag = 0
Super-verbose flag = 0
Debug flag = 0
Performed statistical and histogram calculations.
Program qatool: Status Message: 0x0000
Normal exit from Function 0x0000: LOG_WRITER
Processing time: 1.350000 seconds
Current date/time: Sat Jan  9 14:58:18 2016
Program qatool, version 6.0, terminated.

qatool   exit_value =   0    execution_time = 1.450s
******************************************************************
Pipeline executing chkmask
chkmask dmask.fits -q qa/BCD_qatool.qa 
******************************************************************
 chkmask vsn 1.35 A40312
 
 No. of occurrences of the   2 status combinations:
   2269 occurrences of   256 (8)                                 
   8 occurrences of   16 (4)                                 
 
 Status Bit: No. of Pixels
   0:   0
   1:   0
   2:   0
   3:   0
   4:   8
   5:   0
   6:   0
   7:   0
   8:   2269
   9:   0
   10:   0
   11:   0
   12:   0
   13:   0
   14:   0
 

chkmask   exit_value =   0    execution_time = 0.340s
******************************************************************
Loading QA information for DCE and BCD product
Keyword APDUV1E not found in header
Keyword APDUV2E not found in header
Keyword APDUV3E not found in header
Keyword APDUI1E not found in header
Keyword APDUI2E not found in header
Keyword APDUI3E not found in header
Could not append keyword APDUV1E to QA file qa/DCE_qatool.qa
Could not append keyword APDUV2E to QA file qa/DCE_qatool.qa
Could not append keyword APDUV3E to QA file qa/DCE_qatool.qa
Could not append keyword APDUI1E to QA file qa/DCE_qatool.qa
Could not append keyword APDUI2E to QA file qa/DCE_qatool.qa
Could not append keyword APDUI3E to QA file qa/DCE_qatool.qa
******************************************************************
Pipeline executing qaloader
qaloader -i qa/DCE_qatool.qa -tablename qa_iracdce -o qa/qaloader.sql -role pipelineswrole 
******************************************************************
2016/01/09 14:58:21 BEGIN qaloader v1.13
 -i (QA_FILE) qa/DCE_qatool.qa
 -tablename (TABLENAME) qa_iracdce
 -o (SQL_FILE) qa/qaloader.sql
 -role (ROLE) pipelineswrole
Using metadata version 13.0b
table name=qa_iracdce

QA values ingested:
{-4.625217e+01} {}
dceAveFI_1       -4.625217e+01 
{-4.950352e+01} {}
dceAveR1_1       -4.950352e+01 
{-2.912705e+01} {}
dceAveR2_1       -2.912705e+01 
{-3.342172e+01} {}
dceAveR3_1       -3.342172e+01 
{-7.295641e+01} {}
dceAveR4_1       -7.295641e+01 
{-2.200000e+01} {-4.950352e+01}
dceMedFI_1       -2.200000e+01 
{3.095308e+02} {}
dceSdevFI_1      3.095308e+02 
{4.770400e+00} {}
dceDSclFI_1      4.770400e+00 
{-8.955000e+03} {}
dceMinFI_1       -8.955000e+03 
{1.600000e+01} {}
dceMaxFI_1       1.600000e+01 
{147809589} {}
DCEID            147809589 
{2} {-4.625217e+01}
CHNLNUM          2 
{0} {}
ADCEID           0 
{8} {}
AFOWLNUM         8 
{184} {}
AWAITPER         184 
{0} {}
AWEASIDE         0 
{1} {}
AREADMOD         1 
{27.699513} {}
AFPAT1B          27.699513 
{28.671007} {}
AFPAT2B          28.671007 
{0} {}
APEDSIG          0 
{0} {}
ATXSTAT          0 
{0} {}
AFLSTAT          0 
{4} {}
ASHSTAT          4 
{-3.5591532} {}
AVRSTBEG         -3.5591532 
{-3.056874} {}
AVDETBEG         -3.056874 
{-3.618536} {}
AVGG1BEG         -3.618536 
{-3.550644} {}
AVDDUBEG         -3.550644 
{0} {}
AVGGCBEG         0 
{21.108313} {}
ACTENDT          21.108313 
{19.314394} {}
AFPECTE          19.314394 
{22.691995} {}
AFPEATE          22.691995 
{23.57726} {}
ATCTEMPE         23.57726 
{21.047351} {}
ACETEMPE         21.047351 
{21.01687} {}
APDTEMPE         21.01687 
{27.671961} {}
ACATMP2E         27.671961 
2016/01/09 14:58:21 END   qaloader status=0

qaloader   exit_value =   0    execution_time = 0.110s
******************************************************************
Pipeline executing qaloader
qaloader -i qa/BCD_qatool.qa -tablename qa_iracdp -o qa/qaloader.sql 
******************************************************************
2016/01/09 14:58:22 BEGIN qaloader v1.13
 -i (QA_FILE) qa/BCD_qatool.qa
 -tablename (TABLENAME) qa_iracdp
 -o (SQL_FILE) qa/qaloader.sql
Using metadata version 13.0b
table name=qa_iracdp

QA values ingested:
{2.563290e+00} {}
bcdAveFI_1       2.563290e+00 
{4.031233e+00} {}
bcdAveUB_1       4.031233e+00 
{5.714330e-01} {}
bcdMedFI_1       5.714330e-01 
{6.853880e-01} {}
bcdMedUB_1       6.853880e-01 
{2.656862e+01} {}
bcdSdevFI_1      2.656862e+01 
{3.462461e+01} {}
bcdSdevUB_1      3.462461e+01 
{4.279126e-01} {}
bcdDSclFI_1      4.279126e-01 
{5.147368e-01} {}
bcdDSclUB_1      5.147368e-01 
{-1.202564e+00} {}
bcdMinFI_1       -1.202564e+00 
{-4.585565e-01} {}
bcdMinUB_1       -4.585565e-01 
{7.089242e+02} {}
bcdMaxFI_1       7.089242e+02 
{7.089242e+02} {}
bcdMaxUB_1       7.089242e+02 
{5.589150e-01} {}
bcdC68lFI_1      5.589150e-01 
{5.886332e-01} {}
bcdC68uFI_1      5.886332e-01 
{391693054} {}
DPID             391693054 
{2} {2.563290e+00}
CHNLNUM          2 
2016/01/09 14:58:22 END   qaloader status=0

qaloader   exit_value =   0    execution_time = 0.150s
******************************************************************
Pipeline executing dbaccess
dbaccess -e sodb qa/qaloader.sql 
******************************************************************
set role pipelineswrole;
set lock mode to wait 30;
EXECUTE PROCEDURE addQA_iracdce (147809589, NULL, NULL, 2, -4.625217e+01, 
-2.200000e+01, -4.950352e+01, -2.912705e+01, -3.342172e+01, -7.295641e+01, 
3.095308e+02, 4.770400e+00, -8.955000e+03, 1.600000e+01, 0, 8, 184, 0, 1, 
27.699513, 28.671007, 0, 0, 0, 4, -3.5591532, -3.056874, -3.618536, -3.550644, 
0, 21.108313, 19.314394, 22.691995, 23.57726, 21.047351, 21.01687, 27.671961, 
NULL, NULL, NULL, NULL, NULL, NULL);
EXECUTE PROCEDURE addQA_iracdp (391693054, NULL, NULL, 2, 2.563290e+00, 
4.031233e+00, 5.714330e-01, 6.853880e-01, 2.656862e+01, 3.462461e+01, 
4.279126e-01, 5.147368e-01, -1.202564e+00, -4.585565e-01, 7.089242e+02, 
7.089242e+02, 5.589150e-01, 5.886332e-01, NULL, NULL, NULL, NULL, NULL, NULL);
execute procedure setDceTimeParameters (147809589, 1037060003.670, "2012-11-11 00:07:03.345", 1.92, 2.00);

dbaccess   exit_value =   0    execution_time = 0.150s
******************************************************************
Finishing IRAC science pipeline processing
Could not copy cal/firstframe_corr.fits to /sbx20/S19.2.0/archive/proc/full/IRAC033400/bcd/4568/0046471424/2/0167/0000/17/01/1/cal/firstframe_corr.fits
Could not copy imask.fits to /sbx20/S19.2.0/archive/proc/full/IRAC033400/bcd/4568/0046471424/2/0167/0000/17/01/1/imask.fits
Could not copy muxbleedcorr.fits to /sbx20/S19.2.0/archive/proc/full/IRAC033400/bcd/4568/0046471424/2/0167/0000/17/01/1/muxbleedcorr.fits
Could not copy slremove.fits to /sbx20/S19.2.0/archive/proc/full/IRAC033400/bcd/4568/0046471424/2/0167/0000/17/01/1/slremove.fits
******************************************************************
PlScriptID 17 exiting Saturday, January  9, 2016  2:58:25 PM PST
Host: sopipe63
Local Processing Directory: /scr1/S19.2.0/IRAC033400/bcd/4568/0046471424/2/0167/0000/17/01/1
Sandbox Directory: /sbx20/S19.2.0/archive/proc/full/IRAC033400/bcd/4568/0046471424/2/0167/0000/17/01/1
Processing time: total 31.21 s (user 1.1, system 1.06, child user 17.78, child system 11.27)
Pipeline exit code: Normal exit (0)
******************************************************************
