 hdrupd8 vsn 1.6  A70821
******************************************************************
Executing IRAC science pipeline
******************************************************************
Pipeline executing sanity_datatype
sanity_datatype -i ../fos16.fits -t1 cdf/sanity_datatype1.tbl -t2 cdf/sanity_datatype2.tbl -o1 qa/sanity_datatype1.tbl -o2 qa/sanity_datatype2.tbl 
******************************************************************
Program Sanity_datatype is started .... Version 1.0, Sat Jan  9 14:58:02 2016
Input Image File = ../fos16.fits
Input Data Table 1 = cdf/sanity_datatype1.tbl
Input Data Table 2 = cdf/sanity_datatype2.tbl
Output Filename1 = qa/sanity_datatype1.tbl
Output Filename2 = qa/sanity_datatype2.tbl
Log File = stdout
I_Debug = 0
I_Verbose = 0
I_SuperVerbose = 0
Processing time: 0.080000 seconds
Program Sanity_datatype is done. Version 1.0, Sat Jan  9 14:58:02 2016


sanity_datatype   exit_value =   0    execution_time = 0.310s
******************************************************************
Pipeline executing qatool
qatool -i ../fos16.fits -n cdf/pn107.nl -nb QATOOLDCE -a /sos/sw/S19.2.0/STUDIO/downlink/include -o qa/DCE_qatool 
******************************************************************
qatool_parse_namelist: Information only: Namelist block-name = &QATOOLDCE
Program qatool, Version 6.0
Namelist File  = cdf/pn107.nl
Input File = ../fos16.fits
Output Data Filename Base = qa/DCE_qatool
Statistics Group = 0
Percent-Scaling Flag = 0
Calculation Type = 1
(set-up to do additional computations for four readout channels)
Number of Mean Absolute Deviations for Histogram Half-Width Coverage = 5
Number of Bins in Histograms = 41
Central fraction for trimmed average = 0.810000
Central fraction for trimmed std. dev. = 0.720000
Bad-pixel tolerance fraction = 0.340000
Statistics Box X position = 3
Statistics Box Y position = 4
Statistics Box X width = 27
Statistics Box Y height = 33
Input-Image Transpose Flag = 1
Unsigned Integer Flag = 0
Data-Plane Flag = 1
Number Edge Rows/Cols Skipped = 10
Keyword Prefix = dce
Ancillary Data-File Path = /sos/sw/S19.2.0/STUDIO/downlink/include
Verbose flag = 0
Super-verbose flag = 0
Debug flag = 0
Performed statistical and histogram calculations.
Program qatool: Status Message: 0x0000
Normal exit from Function 0x0000: LOG_WRITER
Processing time: 0.720000 seconds
Current date/time: Sat Jan  9 14:58:03 2016
Program qatool, version 6.0, terminated.

qatool   exit_value =   0    execution_time = 0.800s
******************************************************************
Pipeline executing sanity_check
sanity_check -i qa/DCE_qatool.tbl -o qa/sanity_check.tbl 
******************************************************************
Program Sanity_check is started .... Version 1.0, Sat Jan  9 14:58:03 2016

Input File = qa/DCE_qatool.tbl
Output = qa/sanity_check.tbl
Processing time: 0.030000 seconds
Current date/time: Sat Jan  9 14:58:04 2016
Program Sanity_check, version 1.0, terminated.

sanity_check   exit_value =   0    execution_time = 0.270s
******************************************************************
Pipeline executing abad_repair
abad_repair -i ../fos16.fits -o abad_repair.fits 
******************************************************************
Pipeline Module ABAD_REPAIR Version 1.2
Processing time Sat Jan  9 14:58:04 2016

ABAD_READ_DATA: A0752D00 = 0
status from read: 1
npixs = 65536
enter output with 0
files ../fos16.fits !abad_repair.fits 
open output [!abad_repair.fits]
comment [Sat Jan  9 14:58:04 2016]
Time = 0.040 seconds
exit code 0

abad_repair   exit_value =   0    execution_time = 0.090s
******************************************************************
Pipeline executing tranhead
tranhead -i abad_repair.fits -n cdf/pn107.nl -k /scr/S19.2.0/cdf/ctd/telemetry_dictionary.dat -a /sos/sw/S19.2.0/STUDIO/downlink/include -o tranhead.fits -t, cdf/Keyword_Include_List.dat 
******************************************************************

Program tranhead, Version 13.2
Namelist File  = cdf/pn107.nl
Input File = abad_repair.fits
Dictionary File = /scr/S19.2.0/cdf/ctd/telemetry_dictionary.dat
CTD Version String = 3.0.94S
Keyword-Include-List File = cdf/Keyword_Include_List.dat
Translated-Keyword File = tranhead.hdr
CSPICE leapseconds kernel = /scr/S19.2.0/cdf/spice/leapseconds.ker
CSPICE SCLK_SCET kernel = /scr/S19.2.0/cdf/spice/sclk_scet.ker
CSPICE Spitzer Ephemeris = /scr/S19.2.0/cdf/spice/sirtf.bsp
CSPICE Planets Ephemeris = /scr/S19.2.0/cdf/spice/de.bsp
Output File = tranhead.fits
Operation Type = 1
FITS-Header Comment Flag = 1
SCLK correction factor = 1.000380
Ignore Frames (1st) = -1
Ignore Frames (2nd and higher) = -1
Central fraction for trimmed average  = 0.900000
Central fraction for trimmed std. dev. = 0.900000
Gain = 3.710000
Gain_RdOutCh_1 = 3.710000
Gain_RdOutCh_2 = 3.710000
Gain_RdOutCh_3 = 3.710000
Gain_RdOutCh_4 = 3.710000
Ancillary Data-File Path = /sos/sw/S19.2.0/STUDIO/downlink/include
Verbose flag = 0
Super-verbose flag = 0
Debug flag = 0
Configured to perform forward FITS keyword translation.
tranhead Status Message: 0x0000
Normal exit from Function 0x0000: LOG_WRITER
A total of        0   NaN's were produced in the results.
Processing time: 0.350000 seconds
Current date/time: Sat Jan  9 14:58:04 2016
Program tranhead, version 13.2, terminated.

tranhead   exit_value =   0    execution_time = 0.450s
 hdrupd8 vsn 1.6  A70821


LabDark

chan, frametime, hdy, extrpt = 2, 2.00, F, 233
expid  adceid  repidx  =  14,  0,  0 

SkyDarkaor template time = 2
hdy  repidx =  F  0
expid  ext-repeat  =  14  233

******************************************************************
Pipeline executing caltrans
caltrans -n cdf/pn107.nl -m 2 -a 7 -b /scr5/S19.2.0/dlcaldata/irac -s tranhead.fits -o cal -u SUB -jk1 CHNLNUM -jv1 2 -ja1 N -ju1 0 -js1 flip -jk2 CHNLNUM;AFOWLNUM;AWAITPER;FRAMTIME;HDRMODE -jv2 2;8;184;2.00;F -ja2 N;N;N;N;S -ju2 0;0;0;0;0 -js2 sigma;cmask -jk3 CHNLNUM;AFOWLNUM;AWAITPER;FRAMTIME;HDRMODE -jv3 2;8;184;2.00;F -ja3 N;N;N;N;S -ju3 0;0;0;0;0 -js3 cmask -jk4 CHNLNUM -jv4 2 -ja4 N -ju4 0 -js4 cmask -jk5 CHNLNUM -jv5 2 -ja5 N -ju5 0 -js5 cmask -jk6 CHNLNUM -jv6 2 -ja6 N -ju6 0 -jk7 CHNLNUM;AFOWLNUM;AWAITPER -jv7 2;8;184 -ja7 N;N;N -ju7 0;0;0 -jk8 CHNLNUM;AFOWLNUM;AWAITPER -jv8 2;8;184 -ja8 N;N;N -ju8 0;0;0 -e CALTRANSsciSUB 
******************************************************************

Online Namelist file descriptor associated
Online namelist buffer loaded: length = 7422

Warning !:  Ancillary file #1  with full suffix filename  '/sos/archive/fallbacks/IRAC004600/SUB_2s_2sf8d1r1_ch2_v2.0.0_dark_sigma.fits'  NOT in archive/sandbox !!.
Proceed to the next suffix fileprocessing .....

Warning !:  Ancillary file #2  with full suffix filename  '/sos/archive/fallbacks/IRAC004600/SUB_2s_2sf8d1r1_ch2_v2.0.0_dark_cmask.fits'  NOT in archive/sandbox !!.
Proceed to the next suffix fileprocessing .....

Warning !:  Ancillary-suffix file #1: '/scr5/S19.2.0/dlcaldata/irac/fb1502_SUB_2s_2sf8d1r1_ch2_v2.0.0_dark_sigma.fits'  could NOT be identified on cache.
Processing continues ..... 


Warning !:  Ancillary-suffix file #2: '/scr5/S19.2.0/dlcaldata/irac/fb1502_SUB_2s_2sf8d1r1_ch2_v2.0.0_dark_cmask.fits'  could NOT be identified on cache.
Processing continues ..... 


Warning !:  Ancillary file #1  with full suffix filename  '/sos/archive/fallbacks/IRAC005300/lincal_b2_sa_011410_cmask.fits'  NOT in archive/sandbox !!.
Proceed to the next suffix fileprocessing .....

Warning !:  Ancillary-suffix file #1: '/scr5/S19.2.0/dlcaldata/irac/fb1579_lincal_b2_sa_011410_cmask.fits'  could NOT be identified on cache.
Processing continues ..... 

  Printing Log output to stdout...


Program CALTRANS, Version 4.0
Command-Line Namelist Filename  = cdf/pn107.nl
Command-Line Namelist Section = CALTRANSsciSUB
CalTrans Execution Mode  = 2
CalID = 7
Input Calibration Type list = pmask;labdark;skydark;lincal;sky_flat;fluxconv;muxbleed_lut;muxbleed_coeff
Input Calibration Rule list = 0;0;300;0;0;0;0;0
Input Generic Outfname list = pmask.fits;labdark.fits;skydark.fits;lincal.fits;skyflat.fits;fluxconv;muxbleed_lut;muxbleed_coeff
Science DCE Filename = tranhead.fits
CAL Destination Path = cal
Processing time: 0.430000 seconds
Current date/time: Sat Jan  9 14:58:13 2016
Program CALTRANS, version 4.0, terminated with status = 16

CalTrans exits with status = 16



caltrans   exit_value =  16    execution_time = 0.540s
******************************************************************
Pipeline executing insbposdom
insbposdom -i tranhead.fits -o insbposdom.fits 
******************************************************************
Pipeline Module INSBPOSDOM Version 1.1
Processing time Sat Jan  9 14:58:13 2016

Sat Jan  9 14:58:13 2016
Time = 0.030 seconds
exit code 0

insbposdom   exit_value =   0    execution_time = 0.070s
******************************************************************
Pipeline executing cvti2r4
cvti2r4 -i insbposdom.fits -a 0.5625 -b 0 -d cal/dmask_for_raw.fits -o cvti2r4.fits -m row 
******************************************************************
 SIRTF I*2-to-R*4 Data Cube Conversion program vsn 1.31 A61025
 Input file:  insbposdom.fits
 Using offset =    0.562500
 Using BLANK-fill value:   0
 Output file: cvti2r4.fits
 Missing-data pattern specified as rows

cvti2r4   exit_value =   0    execution_time = 0.290s
Image has barrel shift = 3
Computed truncation correction 0.5*(1-2^-ABARREL) = 0.5625
******************************************************************
Pipeline executing hdrupd8
hdrupd8 cvti2r4.fits -a cdf/hdrupd8_cubify.dat -d cdf/hdrupd8_planify.dat 
******************************************************************
 hdrupd8 vsn 1.6  A70821
 WARNING: keyword to be deleted not found: NAXIS3  

hdrupd8   exit_value =   0    execution_time = 0.250s
******************************************************************
Pipeline executing hdrupd8
hdrupd8 dmask.fits -a cdf/hdrupd8_cubify.dat -d cdf/hdrupd8_planify.dat 
******************************************************************
 hdrupd8 vsn 1.6  A70821
 WARNING: keyword to be deleted not found: NAXIS3  

hdrupd8   exit_value =   0    execution_time = 0.260s
******************************************************************
Pipeline executing iracwrapdet1
iracwrapdet1 -i cvti2r4.fits -n cdf/pn107.nl -p cal/pmask.fits -d dmask.fits -w wmask.fits -v 
******************************************************************
Pipeline Module IRACWRAPDET1 Version 1.4
Processing time Sat Jan  9 14:58:17 2016
iracwrapdet1_parse_args: Namelist File = 	cdf/pn107.nl
iracwrapdet1_parse_args: Pmask File = 	cal/pmask.fits
iracwrapdet1_parse_args: Dmask File = 	dmask.fits
iracwrapdet1_parse_args: Wmask File = 	wmask.fits
iracwrapdet1_parse_args: Input File = 	cvti2r4.fits
iracwrapdet1_parse_args: I_Verbose = 			1
chn 2 framtim 2.000000
iracwrapdet1_read_data: Data read from file:
cvti2r4.fits
iracwrapdet1_read_data: I_NX = 32
iracwrapdet1_read_data: I_NY = 32
iracwrapdet1_read_data: I_NZ = 64
iracwrapdet1_parse_namelist: Namelist File = 	cdf/pn107.nl
Coeff used: 55000.000000 55000.000000 55000.000000 55000.000000
iracwrapdet1_compute_results: Numerical Computations finished
Sat Jan  9 14:58:17 2016
iracwrapdet1_output: Results written to file(s).
Time = 0.010 seconds
iracwrapdet1_error_handler: Error Handler finished.
iracwrapdet1_exit: Memory Deallocated.
exit code 0

iracwrapdet1   exit_value =   0    execution_time = 0.050s
******************************************************************
Pipeline executing iracwrapdet2
iracwrapdet2 -i cvti2r4.fits -n cdf/pn107.nl -p cal/pmask.fits -d dmask.fits -w wmask.fits -a /sos/sw/S19.2.0/STUDIO/downlink/include 
******************************************************************

Program iracwrapdet2, Version 1.4
Namelist File  = cdf/pn107.nl
FITS Input Image = cvti2r4.fits
Pmask File = cal/pmask.fits
Dmask File = dmask.fits
Wmask File = mask.fits
M-Level       chan1     chan2     chan3     chan4
            55000.0   55000.0   55000.0   55000.0
Tolerance     chan1     chan2     chan3     chan4
             1200.0    1200.0    1200.0    1200.0
Pmask Maximum = 65535
Dmask Maximum = 65535
Ancillary Data-File Path = /sos/sw/S19.2.0/STUDIO/downlink/include
Verbose flag = 0
Super-verbose flag = 0
Debug flag = 0
iracwrapdet2 Status Message      0x0000
Normal exit from Function 0x0000: LOG_WRITER
Processing time: 0.090000 seconds
Current date/time: Sat Jan  9 14:58:17 2016
Program iracwrapdet2, version 1.4, terminated


iracwrapdet2   exit_value =   0    execution_time = 0.130s
******************************************************************
Pipeline executing iracwrapcorr
iracwrapcorr -i cvti2r4.fits -p cal/pmask.fits -d dmask.fits -w wmask.fits -o iracwrapcorr.fits 
******************************************************************
Pipeline Module IRACWRAPCORR Version 1.3
Processing time Sat Jan  9 14:58:17 2016
iracwrapcorr_parse_namelist: Information only: Namelist not specified.
Sat Jan  9 14:58:17 2016
Time = 0.030 seconds
exit code 0

iracwrapcorr   exit_value =   0    execution_time = 0.070s
******************************************************************
Pipeline executing iracnorm
iracnorm -i iracwrapcorr.fits -p cal/pmask.fits -d dmask.fits -o iracnorm.fits 
******************************************************************
Pipeline Module IRACWNORM Version 1.10
Processing time Sat Jan  9 14:58:17 2016

Sat Jan  9 14:58:17 2016
Time = 0.040 seconds
exit code 0

iracnorm   exit_value =   0    execution_time = 0.080s
******************************************************************
Pipeline executing iracebwc
iracebwc -i iracnorm.fits -n cdf/pn107.nl -p cal/pmask.fits -d dmask.fits -o iracebwc.fits 
******************************************************************
Pipeline Module IRACEBWC Version 1.2
Processing time Sat Jan  9 14:58:18 2016

Sat Jan  9 14:58:18 2016
Time = 0.040 seconds
exit code 0

iracebwc   exit_value =   0    execution_time = 0.080s
HDR mode   =  f
AOR Template Time     =  2
DCE Frame Time    =  2.00
EXTRpt     =  233
Frame NOBF =  0
From sub determine_delays:
   aottime = 2
   aordelay = 222.190359962807
   stellarmode = f
   expid=14
imdly = 1.24535991035461
frmdly = 1.24535991035461

Immed  Delay = 1.24535991035461
Frame  Delay = 1.24535991035461

 hdrupd8 vsn 1.6  A70821
 hdrupd8 vsn 1.6  A70821
 hdrupd8 vsn 1.6  A70821
 hdrupd8 vsn 1.6  A70821
 hdrupd8 vsn 1.6  A70821
 hdrupd8 vsn 1.6  A70821
 hdrupd8 vsn 1.6  A70821
******************************************************************
Pipeline executing darksubng
darksubng -i iracebwc.fits -a /sos/sw/S19.2.0/STUDIO/downlink/include -p cal/pmask.fits -d dmask.fits -o labdarksub.fits -cc cal/labdark.fits -v 
******************************************************************
/sos/sw/S19.2.0/STUDIO/downlink/bin/darksubng: namelist not given
/sos/sw/S19.2.0/STUDIO/downlink/bin/darksubng: input uncertainty image not given
/sos/sw/S19.2.0/STUDIO/downlink/bin/darksubng: output uncertainty image not given
/sos/sw/S19.2.0/STUDIO/downlink/bin/darksubng: WARNING no uncertainty calculations will be performed
/sos/sw/S19.2.0/STUDIO/downlink/bin/darksubng: Namelist               = []
/sos/sw/S19.2.0/STUDIO/downlink/bin/darksubng: Input image            = [iracebwc.fits]
/sos/sw/S19.2.0/STUDIO/downlink/bin/darksubng: Input uncertainty      = []
/sos/sw/S19.2.0/STUDIO/downlink/bin/darksubng: Output image           = [!labdarksub.fits]
/sos/sw/S19.2.0/STUDIO/downlink/bin/darksubng: Output uncertainty     = []
/sos/sw/S19.2.0/STUDIO/downlink/bin/darksubng: Dark                   = [cal/labdark.fits]
/sos/sw/S19.2.0/STUDIO/downlink/bin/darksubng: Pmask file             = [cal/pmask.fits]
/sos/sw/S19.2.0/STUDIO/downlink/bin/darksubng: Pmask fatality bitmask = [65536]
/sos/sw/S19.2.0/STUDIO/downlink/bin/darksubng: Dmask file             = [dmask.fits]
/sos/sw/S19.2.0/STUDIO/downlink/bin/darksubng: Dmask fatality bitmask = [65536]
/sos/sw/S19.2.0/STUDIO/downlink/bin/darksubng: Cmask file             = []
/sos/sw/S19.2.0/STUDIO/downlink/bin/darksubng: Cmask fatality bitmask = [65536]
/sos/sw/S19.2.0/STUDIO/downlink/bin/darksubng: Logfile                = []
/sos/sw/S19.2.0/STUDIO/downlink/bin/darksubng: Ancillary Path         = [/sos/sw/S19.2.0/STUDIO/downlink/include]
/sos/sw/S19.2.0/STUDIO/downlink/bin/darksubng: Uncertainty calculations will not be made
/sos/sw/S19.2.0/STUDIO/downlink/bin/darksubng: WARNING cal/labdark.fits has no BUNIT key
/sos/sw/S19.2.0/STUDIO/downlink/bin/darksubng: WARNING assuming cal/labdark.fits is in DN
/sos/sw/S19.2.0/STUDIO/downlink/bin/darksubng: WARNING cal/labdark.fits has no EXPTIME key
/sos/sw/S19.2.0/STUDIO/downlink/bin/darksubng: WARNING cal/labdark.fits has no GAIN keywords
/sos/sw/S19.2.0/STUDIO/downlink/bin/darksubng: compute - performing any unit conversions
/sos/sw/S19.2.0/STUDIO/downlink/bin/darksubng: compute - starting subtraction with masking 
/sos/sw/S19.2.0/STUDIO/downlink/bin/darksubng: Processing successful; Exiting

darksubng   exit_value =   0    execution_time = 0.120s
READ Noise !! =  9.4
******************************************************************
Pipeline executing snestimator
snestimator -i labdarksub.fits -n cdf/pn107.nl -a /sos/sw/S19.2.0/STUDIO/downlink/include -p cal/pmask.fits -d dmask.fits -on sig_snestimator.fits -g 3.71 -r 9.4 
******************************************************************
verbose 0

Program SNESTIMATOR, Version 1.5
Namelist File  = cdf/pn107.nl
Input FITS Image = labdarksub.fits
Noise Image = sig_snestimator.fits
Denominator type = IRAC_MODEL
Edge Pixels Excluded = 0
Gain Channel 1 = 3.710000 Channel 2 = 3.710000 Channel 3 = 3.710000 Channel 4 = 3.710000
Read Noise = 9.400000
Confusion Sigma = 0.000000
Ancillary Data-File Path = /sos/sw/S19.2.0/STUDIO/downlink/include
Verbose flag = 0
Super-verbose flag = 0
Debug flag = 0
snestimator Status Message      0x0000
Normal exit from Function 0x0000: LOG_WRITER
Processing time: 0.100000 seconds
Current date/time: Sat Jan  9 14:58:28 2016
Program SNESTIMATOR, version 1.5, terminated


snestimator   exit_value =   0    execution_time = 0.160s
******************************************************************
Pipeline executing darksubng
darksubng -i iracebwc.fits -iu sig_snestimator.fits -a /sos/sw/S19.2.0/STUDIO/downlink/include -p cal/pmask.fits -d dmask.fits -o labdarksub.fits -ou sig_labdarksub.fits -cc cal/labdark.fits -v 
******************************************************************
/sos/sw/S19.2.0/STUDIO/downlink/bin/darksubng: namelist not given
/sos/sw/S19.2.0/STUDIO/downlink/bin/darksubng: Namelist               = []
/sos/sw/S19.2.0/STUDIO/downlink/bin/darksubng: Input image            = [iracebwc.fits]
/sos/sw/S19.2.0/STUDIO/downlink/bin/darksubng: Input uncertainty      = [sig_snestimator.fits]
/sos/sw/S19.2.0/STUDIO/downlink/bin/darksubng: Output image           = [!labdarksub.fits]
/sos/sw/S19.2.0/STUDIO/downlink/bin/darksubng: Output uncertainty     = [!sig_labdarksub.fits]
/sos/sw/S19.2.0/STUDIO/downlink/bin/darksubng: Dark                   = [cal/labdark.fits]
/sos/sw/S19.2.0/STUDIO/downlink/bin/darksubng: Pmask file             = [cal/pmask.fits]
/sos/sw/S19.2.0/STUDIO/downlink/bin/darksubng: Pmask fatality bitmask = [65536]
/sos/sw/S19.2.0/STUDIO/downlink/bin/darksubng: Dmask file             = [dmask.fits]
/sos/sw/S19.2.0/STUDIO/downlink/bin/darksubng: Dmask fatality bitmask = [65536]
/sos/sw/S19.2.0/STUDIO/downlink/bin/darksubng: Cmask file             = []
/sos/sw/S19.2.0/STUDIO/downlink/bin/darksubng: Cmask fatality bitmask = [65536]
/sos/sw/S19.2.0/STUDIO/downlink/bin/darksubng: Logfile                = []
/sos/sw/S19.2.0/STUDIO/downlink/bin/darksubng: Ancillary Path         = [/sos/sw/S19.2.0/STUDIO/downlink/include]
/sos/sw/S19.2.0/STUDIO/downlink/bin/darksubng: Uncertainty calculations will be made
/sos/sw/S19.2.0/STUDIO/downlink/bin/darksubng: WARNING cal/labdark.fits has no BUNIT key
/sos/sw/S19.2.0/STUDIO/downlink/bin/darksubng: WARNING assuming cal/labdark.fits is in DN
/sos/sw/S19.2.0/STUDIO/downlink/bin/darksubng: WARNING cal/labdark.fits has no EXPTIME key
/sos/sw/S19.2.0/STUDIO/downlink/bin/darksubng: WARNING cal/labdark.fits has no GAIN keywords
/sos/sw/S19.2.0/STUDIO/downlink/bin/darksubng: compute - performing any unit conversions
/sos/sw/S19.2.0/STUDIO/downlink/bin/darksubng: compute - starting subtraction with masking 
/sos/sw/S19.2.0/STUDIO/downlink/bin/darksubng: Processing successful; Exiting

darksubng   exit_value =   0    execution_time = 0.180s
******************************************************************
Pipeline executing fowlinearize
fowlinearize -i1 labdarksub.fits -i3 sig_labdarksub.fits -n cdf/pn107.nl -a /sos/sw/S19.2.0/STUDIO/downlink/include -ip cal/pmask.fits -i2 cal/lincal.fits -id dmask.fits -o1 fowlinearize.fits -o2 sig_fowlinearize.fits -c 10 
******************************************************************

Program FOWLINEARIZE, Version 4.9
Namelist File  = cdf/pn107.nl
Input File 1 = labdarksub.fits
Input File 2 = cal/lincal.fits
Input File 3 = sig_labdarksub.fits
Model_Flag(1=quad. 2=cubic) = 1
Clock_Readout(10=sub-array, 200=full-array) = 10.000000
Input PMask Image = cal/pmask.fits
Unusable PMask Bits = 16384
Input DMask Image = dmask.fits
Unusable DMask Bits = 8192
Not-linearized DMask Bit = 4096
Not-linearized DMask Bit due to lincal-model saturation = 8192
Output File 1 = fowlinearize.fits
Output File 2 = sig_fowlinearize.fits
Ancillary Data-File Path = /sos/sw/S19.2.0/STUDIO/downlink/include
Verbose flag = 0
Super-verbose flag = 0
Debug flag = 0
Performed linearity correction.
Program fowlinearize: Status Message: 0x0000
Normal exit from Function 0x0000: LOG_WRITER
Processing time: 0.280000 seconds
Current date/time: Sat Jan  9 14:58:29 2016
Program FOWLINEARIZE, version 4.9, terminated.

fowlinearize   exit_value =   0    execution_time = 0.370s
Read Noise =  9.4
 hdrupd8 vsn 1.6  A70821
******************************************************************
Pipeline executing bgmodel
bgmodel -i fowlinearize.fits -n cdf/pn107.nl -h 
******************************************************************

Online Namelist file descriptor associated
Online namelist buffer loaded: length = 7422
bgmodel_log_writer: Printing Log output to stdout
bgmodel  Version 1.0
Namelist File  = cdf/pn107.nl
Input Image = fowlinearize.fits
Ephemeris = /scr5/S19.2.0/cdf/spice/sirtf.bsp
LeapSec Kernel = /scr5/S19.2.0/cdf/spice/leapseconds.ker
SPK Kernel = /scr5/S19.2.0/cdf/spice/de.bsp

bgmodel  Status Message      0x0000: No error.
Time = 0.090 seconds

Background exits with status = 0


bgmodel   exit_value =   0    execution_time = 0.130s
******************************************************************
Pipeline executing hdrupd8
hdrupd8 fowlinearize.fits -a addkeys.dat 
******************************************************************
 hdrupd8 vsn 1.6  A70821

hdrupd8   exit_value =   0    execution_time = 0.330s
SkyDk Med DN      = 16.56367 
Exposure time     = 1.92
SkyDk Med DN rate = 8.62691145833333
Flux Conv         = 0.1447 
SkyDk Med Flux    = 1.24831408802083
Image File = fowlinearize.fits 

 hdrupd8 vsn 1.6  A70821
 hdrupd8 vsn 1.6  A70821
 hdrupd8 vsn 1.6  A70821
 hdrupd8 vsn 1.6  A70821
 hdrupd8 vsn 1.6  A70821
******************************************************************
Pipeline executing darksubng
darksubng -i fowlinearize.fits -iu sig_fowlinearize.fits -a /sos/sw/S19.2.0/STUDIO/downlink/include -p cal/pmask.fits -d dmask.fits -o skydarksub.fits -ou sig_skydarksub.fits -cc cal/skydark.fits -v -c cal/skydark_cmask.fits 
******************************************************************
/sos/sw/S19.2.0/STUDIO/downlink/bin/darksubng: namelist not given
/sos/sw/S19.2.0/STUDIO/downlink/bin/darksubng: Namelist               = []
/sos/sw/S19.2.0/STUDIO/downlink/bin/darksubng: Input image            = [fowlinearize.fits]
/sos/sw/S19.2.0/STUDIO/downlink/bin/darksubng: Input uncertainty      = [sig_fowlinearize.fits]
/sos/sw/S19.2.0/STUDIO/downlink/bin/darksubng: Output image           = [!skydarksub.fits]
/sos/sw/S19.2.0/STUDIO/downlink/bin/darksubng: Output uncertainty     = [!sig_skydarksub.fits]
/sos/sw/S19.2.0/STUDIO/downlink/bin/darksubng: Dark                   = [cal/skydark.fits]
/sos/sw/S19.2.0/STUDIO/downlink/bin/darksubng: Pmask file             = [cal/pmask.fits]
/sos/sw/S19.2.0/STUDIO/downlink/bin/darksubng: Pmask fatality bitmask = [65536]
/sos/sw/S19.2.0/STUDIO/downlink/bin/darksubng: Dmask file             = [dmask.fits]
/sos/sw/S19.2.0/STUDIO/downlink/bin/darksubng: Dmask fatality bitmask = [65536]
/sos/sw/S19.2.0/STUDIO/downlink/bin/darksubng: Cmask file             = [cal/skydark_cmask.fits]
/sos/sw/S19.2.0/STUDIO/downlink/bin/darksubng: Cmask fatality bitmask = [65536]
/sos/sw/S19.2.0/STUDIO/downlink/bin/darksubng: Logfile                = []
/sos/sw/S19.2.0/STUDIO/downlink/bin/darksubng: Ancillary Path         = [/sos/sw/S19.2.0/STUDIO/downlink/include]
/sos/sw/S19.2.0/STUDIO/downlink/bin/darksubng: Uncertainty calculations will be made
/sos/sw/S19.2.0/STUDIO/downlink/bin/darksubng: compute - performing any unit conversions
/sos/sw/S19.2.0/STUDIO/downlink/bin/darksubng: compute - starting subtraction with masking 
/sos/sw/S19.2.0/STUDIO/downlink/bin/darksubng: Processing successful; Exiting

darksubng   exit_value =   0    execution_time = 0.180s
******************************************************************
Pipeline executing darkdrift
darkdrift -i skydarksub.fits -iu sig_skydarksub.fits -n cdf/pn107.nl -a /sos/sw/S19.2.0/STUDIO/downlink/include -o1 darkdrift.fits -o2 darkdriftcorr.fits -o3 darkdrift.tbl -ou sig_darkdrift.fits 
******************************************************************
Program darkdrift, Version 4.1
Namelist File  = cdf/pn107.nl
Input Image = skydarksub.fits
Input Uncertainty Image = sig_skydarksub.fits
Output Image 1 (corrected image) = darkdrift.fits
Output Image 2 (corrections) = darkdriftcorr.fits
Output Image 3 (uncertainties) = sig_darkdrift.fits
Output File 3 = darkdrift.tbl
Central fraction for trimmed average  = 0.900000
Central fraction for trimmed std. dev. = 0.900000
Time_Input = 0.250000
Time_Before = 0.000000
Time_After = 1.000000
Temp_Input = 270.000000
Temp_Before = 280.000000
Temp_After = 260.000000
Calculation Type = 1
Input-Image Transpose Flag = 1
Multiplicative-Correction Flag (Additive if zero) = 0
Readout Channel to exclude (none if zero) = 0
Data-Plane Flag = 1
Ancillary Data-File Path = /sos/sw/S19.2.0/STUDIO/downlink/include
Verbose flag = 0
Super-verbose flag = 0
Debug flag = 0
Dark-current offsets estimated from input image.

Detailed darkdrift calculational results:
...for data plane = 1
Darkdrift correction for readout-channel 1 = -0.155670
Darkdrift correction for readout-channel 2 = -0.262267
Darkdrift correction for readout-channel 3 = 0.380627
Darkdrift correction for readout-channel 4 = 0.037310
Darkdrift uncertainty for readout-channel 1 = 0.374235
Darkdrift uncertainty for readout-channel 2 = 0.299711
Darkdrift uncertainty for readout-channel 3 = 0.301253
Darkdrift uncertainty for readout-channel 4 = 0.375391
Trimmed average of values in readout-channel 1 = 6.836828
Trimmed average of values in readout-channel 2 = 6.730231
Trimmed average of values in readout-channel 3 = 7.373125
Trimmed average of values in readout-channel 4 = 7.029808
Darkdrift background term = 6.992498
...for data plane = 2
Darkdrift correction for readout-channel 1 = 0.313656
Darkdrift correction for readout-channel 2 = -0.776260
Darkdrift correction for readout-channel 3 = -0.068980
Darkdrift correction for readout-channel 4 = 0.531584
Darkdrift uncertainty for readout-channel 1 = 0.303849
Darkdrift uncertainty for readout-channel 2 = 0.304098
Darkdrift uncertainty for readout-channel 3 = 0.303142
Darkdrift uncertainty for readout-channel 4 = 0.340343
Trimmed average of values in readout-channel 1 = 4.982649
Trimmed average of values in readout-channel 2 = 3.892733
Trimmed average of values in readout-channel 3 = 4.600014
Trimmed average of values in readout-channel 4 = 5.200577
Darkdrift background term = 4.668993
...for data plane = 3
Darkdrift correction for readout-channel 1 = -0.139152
Darkdrift correction for readout-channel 2 = -0.108603
Darkdrift correction for readout-channel 3 = -0.292989
Darkdrift correction for readout-channel 4 = 0.540744
Darkdrift uncertainty for readout-channel 1 = 0.303234
Darkdrift uncertainty for readout-channel 2 = 0.302977
Darkdrift uncertainty for readout-channel 3 = 0.302971
Darkdrift uncertainty for readout-channel 4 = 0.303053
Trimmed average of values in readout-channel 1 = 4.389926
Trimmed average of values in readout-channel 2 = 4.420476
Trimmed average of values in readout-channel 3 = 4.236090
Trimmed average of values in readout-channel 4 = 5.069822
Darkdrift background term = 4.529078
...for data plane = 4
Darkdrift correction for readout-channel 1 = -0.384659
Darkdrift correction for readout-channel 2 = -0.134494
Darkdrift correction for readout-channel 3 = 0.511482
Darkdrift correction for readout-channel 4 = 0.007670
Darkdrift uncertainty for readout-channel 1 = 0.302445
Darkdrift uncertainty for readout-channel 2 = 0.303791
Darkdrift uncertainty for readout-channel 3 = 0.302885
Darkdrift uncertainty for readout-channel 4 = 0.303073
Trimmed average of values in readout-channel 1 = 4.771124
Trimmed average of values in readout-channel 2 = 5.021289
Trimmed average of values in readout-channel 3 = 5.667265
Trimmed average of values in readout-channel 4 = 5.163453
Darkdrift background term = 5.155783
...for data plane = 5
Darkdrift correction for readout-channel 1 = 0.031956
Darkdrift correction for readout-channel 2 = -0.475519
Darkdrift correction for readout-channel 3 = 0.100828
Darkdrift correction for readout-channel 4 = 0.342736
Darkdrift uncertainty for readout-channel 1 = 0.303104
Darkdrift uncertainty for readout-channel 2 = 0.302973
Darkdrift uncertainty for readout-channel 3 = 0.302971
Darkdrift uncertainty for readout-channel 4 = 0.303133
Trimmed average of values in readout-channel 1 = 5.468559
Trimmed average of values in readout-channel 2 = 4.961084
Trimmed average of values in readout-channel 3 = 5.537431
Trimmed average of values in readout-channel 4 = 5.779339
Darkdrift background term = 5.436603
...for data plane = 6
Darkdrift correction for readout-channel 1 = 0.071302
Darkdrift correction for readout-channel 2 = 0.067028
Darkdrift correction for readout-channel 3 = -0.018529
Darkdrift correction for readout-channel 4 = -0.119801
Darkdrift uncertainty for readout-channel 1 = 0.378453
Darkdrift uncertainty for readout-channel 2 = 0.228350
Darkdrift uncertainty for readout-channel 3 = 0.302977
Darkdrift uncertainty for readout-channel 4 = 0.302974
Trimmed average of values in readout-channel 1 = 5.584602
Trimmed average of values in readout-channel 2 = 5.580327
Trimmed average of values in readout-channel 3 = 5.494771
Trimmed average of values in readout-channel 4 = 5.393498
Darkdrift background term = 5.513299
...for data plane = 7
Darkdrift correction for readout-channel 1 = 0.152026
Darkdrift correction for readout-channel 2 = -0.086254
Darkdrift correction for readout-channel 3 = 0.004736
Darkdrift correction for readout-channel 4 = -0.070507
Darkdrift uncertainty for readout-channel 1 = 0.303369
Darkdrift uncertainty for readout-channel 2 = 0.303268
Darkdrift uncertainty for readout-channel 3 = 0.302976
Darkdrift uncertainty for readout-channel 4 = 0.302959
Trimmed average of values in readout-channel 1 = 5.488220
Trimmed average of values in readout-channel 2 = 5.249940
Trimmed average of values in readout-channel 3 = 5.340930
Trimmed average of values in readout-channel 4 = 5.265687
Darkdrift background term = 5.336194
...for data plane = 8
Darkdrift correction for readout-channel 1 = 0.076153
Darkdrift correction for readout-channel 2 = -0.375463
Darkdrift correction for readout-channel 3 = -0.009420
Darkdrift correction for readout-channel 4 = 0.308729
Darkdrift uncertainty for readout-channel 1 = 0.302978
Darkdrift uncertainty for readout-channel 2 = 0.302971
Darkdrift uncertainty for readout-channel 3 = 0.302580
Darkdrift uncertainty for readout-channel 4 = 0.303318
Trimmed average of values in readout-channel 1 = 5.884012
Trimmed average of values in readout-channel 2 = 5.432397
Trimmed average of values in readout-channel 3 = 5.798439
Trimmed average of values in readout-channel 4 = 6.116589
Darkdrift background term = 5.807859
...for data plane = 9
Darkdrift correction for readout-channel 1 = -0.368065
Darkdrift correction for readout-channel 2 = 0.162742
Darkdrift correction for readout-channel 3 = 0.114768
Darkdrift correction for readout-channel 4 = 0.090554
Darkdrift uncertainty for readout-channel 1 = 0.302980
Darkdrift uncertainty for readout-channel 2 = 0.302969
Darkdrift uncertainty for readout-channel 3 = 0.304255
Darkdrift uncertainty for readout-channel 4 = 0.302808
Trimmed average of values in readout-channel 1 = 5.512786
Trimmed average of values in readout-channel 2 = 6.043593
Trimmed average of values in readout-channel 3 = 5.995619
Trimmed average of values in readout-channel 4 = 5.971405
Darkdrift background term = 5.880851
...for data plane = 10
Darkdrift correction for readout-channel 1 = 0.021297
Darkdrift correction for readout-channel 2 = -0.459490
Darkdrift correction for readout-channel 3 = -0.032961
Darkdrift correction for readout-channel 4 = 0.471154
Darkdrift uncertainty for readout-channel 1 = 0.302984
Darkdrift uncertainty for readout-channel 2 = 0.302975
Darkdrift uncertainty for readout-channel 3 = 0.302994
Darkdrift uncertainty for readout-channel 4 = 0.302981
Trimmed average of values in readout-channel 1 = 5.642812
Trimmed average of values in readout-channel 2 = 5.162026
Trimmed average of values in readout-channel 3 = 5.588555
Trimmed average of values in readout-channel 4 = 6.092670
Darkdrift background term = 5.621516
...for data plane = 11
Darkdrift correction for readout-channel 1 = -0.148343
Darkdrift correction for readout-channel 2 = -0.127632
Darkdrift correction for readout-channel 3 = -0.053932
Darkdrift correction for readout-channel 4 = 0.329906
Darkdrift uncertainty for readout-channel 1 = 0.303113
Darkdrift uncertainty for readout-channel 2 = 0.303532
Darkdrift uncertainty for readout-channel 3 = 0.301846
Darkdrift uncertainty for readout-channel 4 = 0.302989
Trimmed average of values in readout-channel 1 = 5.579023
Trimmed average of values in readout-channel 2 = 5.599734
Trimmed average of values in readout-channel 3 = 5.673434
Trimmed average of values in readout-channel 4 = 6.057272
Darkdrift background term = 5.727366
...for data plane = 12
Darkdrift correction for readout-channel 1 = 0.347776
Darkdrift correction for readout-channel 2 = 0.266512
Darkdrift correction for readout-channel 3 = -0.368106
Darkdrift correction for readout-channel 4 = -0.246182
Darkdrift uncertainty for readout-channel 1 = 0.303353
Darkdrift uncertainty for readout-channel 2 = 0.303250
Darkdrift uncertainty for readout-channel 3 = 0.302981
Darkdrift uncertainty for readout-channel 4 = 0.303309
Trimmed average of values in readout-channel 1 = 6.237727
Trimmed average of values in readout-channel 2 = 6.156463
Trimmed average of values in readout-channel 3 = 5.521845
Trimmed average of values in readout-channel 4 = 5.643770
Darkdrift background term = 5.889951
...for data plane = 13
Darkdrift correction for readout-channel 1 = 0.091032
Darkdrift correction for readout-channel 2 = -0.593730
Darkdrift correction for readout-channel 3 = 0.262752
Darkdrift correction for readout-channel 4 = 0.239947
Darkdrift uncertainty for readout-channel 1 = 0.302972
Darkdrift uncertainty for readout-channel 2 = 0.302979
Darkdrift uncertainty for readout-channel 3 = 0.303057
Darkdrift uncertainty for readout-channel 4 = 0.302987
Trimmed average of values in readout-channel 1 = 5.867916
Trimmed average of values in readout-channel 2 = 5.183154
Trimmed average of values in readout-channel 3 = 6.039637
Trimmed average of values in readout-channel 4 = 6.016831
Darkdrift background term = 5.776885
...for data plane = 14
Darkdrift correction for readout-channel 1 = 0.319543
Darkdrift correction for readout-channel 2 = -0.094891
Darkdrift correction for readout-channel 3 = -0.270673
Darkdrift correction for readout-channel 4 = 0.046021
Darkdrift uncertainty for readout-channel 1 = 0.303744
Darkdrift uncertainty for readout-channel 2 = 0.302975
Darkdrift uncertainty for readout-channel 3 = 0.302979
Darkdrift uncertainty for readout-channel 4 = 0.302972
Trimmed average of values in readout-channel 1 = 5.743629
Trimmed average of values in readout-channel 2 = 5.329195
Trimmed average of values in readout-channel 3 = 5.153413
Trimmed average of values in readout-channel 4 = 5.470107
Darkdrift background term = 5.424086
...for data plane = 15
Darkdrift correction for readout-channel 1 = 0.013741
Darkdrift correction for readout-channel 2 = -0.203813
Darkdrift correction for readout-channel 3 = 0.065189
Darkdrift correction for readout-channel 4 = 0.124883
Darkdrift uncertainty for readout-channel 1 = 0.302966
Darkdrift uncertainty for readout-channel 2 = 0.306007
Darkdrift uncertainty for readout-channel 3 = 0.302980
Darkdrift uncertainty for readout-channel 4 = 0.303223
Trimmed average of values in readout-channel 1 = 5.889824
Trimmed average of values in readout-channel 2 = 5.672270
Trimmed average of values in readout-channel 3 = 5.941272
Trimmed average of values in readout-channel 4 = 6.000966
Darkdrift background term = 5.876083
...for data plane = 16
Darkdrift correction for readout-channel 1 = -0.033757
Darkdrift correction for readout-channel 2 = -0.101256
Darkdrift correction for readout-channel 3 = 0.042769
Darkdrift correction for readout-channel 4 = 0.092243
Darkdrift uncertainty for readout-channel 1 = 0.302976
Darkdrift uncertainty for readout-channel 2 = 0.302980
Darkdrift uncertainty for readout-channel 3 = 0.341084
Darkdrift uncertainty for readout-channel 4 = 0.303299
Trimmed average of values in readout-channel 1 = 5.670802
Trimmed average of values in readout-channel 2 = 5.603304
Trimmed average of values in readout-channel 3 = 5.747329
Trimmed average of values in readout-channel 4 = 5.796803
Darkdrift background term = 5.704559
...for data plane = 17
Darkdrift correction for readout-channel 1 = -0.052700
Darkdrift correction for readout-channel 2 = -0.133723
Darkdrift correction for readout-channel 3 = -0.001097
Darkdrift correction for readout-channel 4 = 0.187520
Darkdrift uncertainty for readout-channel 1 = 0.303234
Darkdrift uncertainty for readout-channel 2 = 0.303524
Darkdrift uncertainty for readout-channel 3 = 0.303776
Darkdrift uncertainty for readout-channel 4 = 0.303137
Trimmed average of values in readout-channel 1 = 5.238332
Trimmed average of values in readout-channel 2 = 5.157309
Trimmed average of values in readout-channel 3 = 5.289935
Trimmed average of values in readout-channel 4 = 5.478552
Darkdrift background term = 5.291032
...for data plane = 18
Darkdrift correction for readout-channel 1 = -0.110936
Darkdrift correction for readout-channel 2 = -0.167642
Darkdrift correction for readout-channel 3 = -0.011488
Darkdrift correction for readout-channel 4 = 0.290066
Darkdrift uncertainty for readout-channel 1 = 0.302286
Darkdrift uncertainty for readout-channel 2 = 0.303523
Darkdrift uncertainty for readout-channel 3 = 0.302377
Darkdrift uncertainty for readout-channel 4 = 0.303820
Trimmed average of values in readout-channel 1 = 5.811047
Trimmed average of values in readout-channel 2 = 5.754340
Trimmed average of values in readout-channel 3 = 5.910495
Trimmed average of values in readout-channel 4 = 6.212048
Darkdrift background term = 5.921983
...for data plane = 19
Darkdrift correction for readout-channel 1 = 0.321773
Darkdrift correction for readout-channel 2 = -0.697379
Darkdrift correction for readout-channel 3 = 0.217916
Darkdrift correction for readout-channel 4 = 0.157690
Darkdrift uncertainty for readout-channel 1 = 0.265095
Darkdrift uncertainty for readout-channel 2 = 0.302424
Darkdrift uncertainty for readout-channel 3 = 0.302826
Darkdrift uncertainty for readout-channel 4 = 0.302994
Trimmed average of values in readout-channel 1 = 5.895666
Trimmed average of values in readout-channel 2 = 4.876515
Trimmed average of values in readout-channel 3 = 5.791810
Trimmed average of values in readout-channel 4 = 5.731584
Darkdrift background term = 5.573894
...for data plane = 20
Darkdrift correction for readout-channel 1 = -0.001430
Darkdrift correction for readout-channel 2 = -0.353543
Darkdrift correction for readout-channel 3 = -0.104965
Darkdrift correction for readout-channel 4 = 0.459938
Darkdrift uncertainty for readout-channel 1 = 0.303624
Darkdrift uncertainty for readout-channel 2 = 0.303238
Darkdrift uncertainty for readout-channel 3 = 0.302886
Darkdrift uncertainty for readout-channel 4 = 0.302961
Trimmed average of values in readout-channel 1 = 5.539974
Trimmed average of values in readout-channel 2 = 5.187861
Trimmed average of values in readout-channel 3 = 5.436439
Trimmed average of values in readout-channel 4 = 6.001342
Darkdrift background term = 5.541404
...for data plane = 21
Darkdrift correction for readout-channel 1 = 0.221116
Darkdrift correction for readout-channel 2 = -0.354091
Darkdrift correction for readout-channel 3 = 0.252306
Darkdrift correction for readout-channel 4 = -0.119331
Darkdrift uncertainty for readout-channel 1 = 0.303884
Darkdrift uncertainty for readout-channel 2 = 0.302973
Darkdrift uncertainty for readout-channel 3 = 0.340855
Darkdrift uncertainty for readout-channel 4 = 0.303219
Trimmed average of values in readout-channel 1 = 6.033381
Trimmed average of values in readout-channel 2 = 5.458174
Trimmed average of values in readout-channel 3 = 6.064571
Trimmed average of values in readout-channel 4 = 5.692934
Darkdrift background term = 5.812265
...for data plane = 22
Darkdrift correction for readout-channel 1 = 0.085942
Darkdrift correction for readout-channel 2 = 0.462823
Darkdrift correction for readout-channel 3 = -0.130508
Darkdrift correction for readout-channel 4 = -0.418256
Darkdrift uncertainty for readout-channel 1 = 0.299995
Darkdrift uncertainty for readout-channel 2 = 0.302963
Darkdrift uncertainty for readout-channel 3 = 0.303133
Darkdrift uncertainty for readout-channel 4 = 0.302966
Trimmed average of values in readout-channel 1 = 5.723065
Trimmed average of values in readout-channel 2 = 6.099946
Trimmed average of values in readout-channel 3 = 5.506615
Trimmed average of values in readout-channel 4 = 5.218868
Darkdrift background term = 5.637124
...for data plane = 23
Darkdrift correction for readout-channel 1 = -0.121381
Darkdrift correction for readout-channel 2 = -0.222706
Darkdrift correction for readout-channel 3 = 0.416630
Darkdrift correction for readout-channel 4 = -0.072543
Darkdrift uncertainty for readout-channel 1 = 0.304230
Darkdrift uncertainty for readout-channel 2 = 0.302689
Darkdrift uncertainty for readout-channel 3 = 0.302834
Darkdrift uncertainty for readout-channel 4 = 0.303386
Trimmed average of values in readout-channel 1 = 5.923851
Trimmed average of values in readout-channel 2 = 5.822527
Trimmed average of values in readout-channel 3 = 6.461863
Trimmed average of values in readout-channel 4 = 5.972690
Darkdrift background term = 6.045233
...for data plane = 24
Darkdrift correction for readout-channel 1 = -0.493624
Darkdrift correction for readout-channel 2 = -0.325140
Darkdrift correction for readout-channel 3 = 0.366243
Darkdrift correction for readout-channel 4 = 0.452522
Darkdrift uncertainty for readout-channel 1 = 0.308313
Darkdrift uncertainty for readout-channel 2 = 0.230531
Darkdrift uncertainty for readout-channel 3 = 0.302979
Darkdrift uncertainty for readout-channel 4 = 0.302966
Trimmed average of values in readout-channel 1 = 5.503723
Trimmed average of values in readout-channel 2 = 5.672207
Trimmed average of values in readout-channel 3 = 6.363590
Trimmed average of values in readout-channel 4 = 6.449869
Darkdrift background term = 5.997347
...for data plane = 25
Darkdrift correction for readout-channel 1 = 0.328486
Darkdrift correction for readout-channel 2 = -0.237977
Darkdrift correction for readout-channel 3 = -0.135426
Darkdrift correction for readout-channel 4 = 0.044917
Darkdrift uncertainty for readout-channel 1 = 0.378379
Darkdrift uncertainty for readout-channel 2 = 0.303795
Darkdrift uncertainty for readout-channel 3 = 0.302962
Darkdrift uncertainty for readout-channel 4 = 0.303401
Trimmed average of values in readout-channel 1 = 5.912402
Trimmed average of values in readout-channel 2 = 5.345939
Trimmed average of values in readout-channel 3 = 5.448490
Trimmed average of values in readout-channel 4 = 5.628833
Darkdrift background term = 5.583916
...for data plane = 26
Darkdrift correction for readout-channel 1 = -0.098286
Darkdrift correction for readout-channel 2 = -0.049816
Darkdrift correction for readout-channel 3 = 0.131936
Darkdrift correction for readout-channel 4 = 0.016166
Darkdrift uncertainty for readout-channel 1 = 0.303487
Darkdrift uncertainty for readout-channel 2 = 0.303796
Darkdrift uncertainty for readout-channel 3 = 0.378063
Darkdrift uncertainty for readout-channel 4 = 0.302982
Trimmed average of values in readout-channel 1 = 5.677810
Trimmed average of values in readout-channel 2 = 5.726280
Trimmed average of values in readout-channel 3 = 5.908032
Trimmed average of values in readout-channel 4 = 5.792262
Darkdrift background term = 5.776096
...for data plane = 27
Darkdrift correction for readout-channel 1 = 0.088866
Darkdrift correction for readout-channel 2 = -0.119911
Darkdrift correction for readout-channel 3 = 0.341192
Darkdrift correction for readout-channel 4 = -0.310146
Darkdrift uncertainty for readout-channel 1 = 0.303226
Darkdrift uncertainty for readout-channel 2 = 0.302993
Darkdrift uncertainty for readout-channel 3 = 0.303213
Darkdrift uncertainty for readout-channel 4 = 0.302983
Trimmed average of values in readout-channel 1 = 5.666893
Trimmed average of values in readout-channel 2 = 5.458116
Trimmed average of values in readout-channel 3 = 5.919218
Trimmed average of values in readout-channel 4 = 5.267881
Darkdrift background term = 5.578027
...for data plane = 28
Darkdrift correction for readout-channel 1 = -0.163862
Darkdrift correction for readout-channel 2 = -0.205388
Darkdrift correction for readout-channel 3 = 0.184482
Darkdrift correction for readout-channel 4 = 0.184769
Darkdrift uncertainty for readout-channel 1 = 0.303097
Darkdrift uncertainty for readout-channel 2 = 0.303525
Darkdrift uncertainty for readout-channel 3 = 0.302981
Darkdrift uncertainty for readout-channel 4 = 0.303400
Trimmed average of values in readout-channel 1 = 5.749449
Trimmed average of values in readout-channel 2 = 5.707924
Trimmed average of values in readout-channel 3 = 6.097793
Trimmed average of values in readout-channel 4 = 6.098080
Darkdrift background term = 5.913311
...for data plane = 29
Darkdrift correction for readout-channel 1 = 0.000931
Darkdrift correction for readout-channel 2 = 0.072834
Darkdrift correction for readout-channel 3 = 0.122442
Darkdrift correction for readout-channel 4 = -0.196208
Darkdrift uncertainty for readout-channel 1 = 0.303224
Darkdrift uncertainty for readout-channel 2 = 0.302567
Darkdrift uncertainty for readout-channel 3 = 0.303300
Darkdrift uncertainty for readout-channel 4 = 0.303467
Trimmed average of values in readout-channel 1 = 5.851507
Trimmed average of values in readout-channel 2 = 5.923410
Trimmed average of values in readout-channel 3 = 5.973018
Trimmed average of values in readout-channel 4 = 5.654368
Darkdrift background term = 5.850576
...for data plane = 30
Darkdrift correction for readout-channel 1 = 0.271938
Darkdrift correction for readout-channel 2 = -0.321210
Darkdrift correction for readout-channel 3 = 0.109322
Darkdrift correction for readout-channel 4 = -0.060051
Darkdrift uncertainty for readout-channel 1 = 0.302989
Darkdrift uncertainty for readout-channel 2 = 0.302973
Darkdrift uncertainty for readout-channel 3 = 0.302975
Darkdrift uncertainty for readout-channel 4 = 0.302982
Trimmed average of values in readout-channel 1 = 5.880925
Trimmed average of values in readout-channel 2 = 5.287776
Trimmed average of values in readout-channel 3 = 5.718308
Trimmed average of values in readout-channel 4 = 5.548936
Darkdrift background term = 5.608986
...for data plane = 31
Darkdrift correction for readout-channel 1 = 0.068783
Darkdrift correction for readout-channel 2 = -0.132318
Darkdrift correction for readout-channel 3 = -0.182289
Darkdrift correction for readout-channel 4 = 0.245823
Darkdrift uncertainty for readout-channel 1 = 0.302989
Darkdrift uncertainty for readout-channel 2 = 0.247654
Darkdrift uncertainty for readout-channel 3 = 0.303457
Darkdrift uncertainty for readout-channel 4 = 0.302981
Trimmed average of values in readout-channel 1 = 5.670971
Trimmed average of values in readout-channel 2 = 5.469870
Trimmed average of values in readout-channel 3 = 5.419899
Trimmed average of values in readout-channel 4 = 5.848010
Darkdrift background term = 5.602187
...for data plane = 32
Darkdrift correction for readout-channel 1 = -0.256768
Darkdrift correction for readout-channel 2 = -0.114966
Darkdrift correction for readout-channel 3 = 0.252674
Darkdrift correction for readout-channel 4 = 0.119060
Darkdrift uncertainty for readout-channel 1 = 0.302875
Darkdrift uncertainty for readout-channel 2 = 0.231897
Darkdrift uncertainty for readout-channel 3 = 0.303848
Darkdrift uncertainty for readout-channel 4 = 0.378456
Trimmed average of values in readout-channel 1 = 5.177706
Trimmed average of values in readout-channel 2 = 5.319508
Trimmed average of values in readout-channel 3 = 5.687148
Trimmed average of values in readout-channel 4 = 5.553535
Darkdrift background term = 5.434474
...for data plane = 33
Darkdrift correction for readout-channel 1 = -0.146811
Darkdrift correction for readout-channel 2 = -0.387694
Darkdrift correction for readout-channel 3 = 0.486481
Darkdrift correction for readout-channel 4 = 0.048024
Darkdrift uncertainty for readout-channel 1 = 0.302701
Darkdrift uncertainty for readout-channel 2 = 0.302984
Darkdrift uncertainty for readout-channel 3 = 0.303450
Darkdrift uncertainty for readout-channel 4 = 0.303130
Trimmed average of values in readout-channel 1 = 5.576110
Trimmed average of values in readout-channel 2 = 5.335227
Trimmed average of values in readout-channel 3 = 6.209402
Trimmed average of values in readout-channel 4 = 5.770945
Darkdrift background term = 5.722921
...for data plane = 34
Darkdrift correction for readout-channel 1 = 0.090618
Darkdrift correction for readout-channel 2 = -0.240239
Darkdrift correction for readout-channel 3 = 0.074932
Darkdrift correction for readout-channel 4 = 0.074689
Darkdrift uncertainty for readout-channel 1 = 0.303098
Darkdrift uncertainty for readout-channel 2 = 0.303793
Darkdrift uncertainty for readout-channel 3 = 0.302970
Darkdrift uncertainty for readout-channel 4 = 0.303297
Trimmed average of values in readout-channel 1 = 5.981834
Trimmed average of values in readout-channel 2 = 5.650977
Trimmed average of values in readout-channel 3 = 5.966147
Trimmed average of values in readout-channel 4 = 5.965905
Darkdrift background term = 5.891216
...for data plane = 35
Darkdrift correction for readout-channel 1 = 0.384308
Darkdrift correction for readout-channel 2 = -0.386126
Darkdrift correction for readout-channel 3 = -0.220401
Darkdrift correction for readout-channel 4 = 0.222219
Darkdrift uncertainty for readout-channel 1 = 0.303490
Darkdrift uncertainty for readout-channel 2 = 0.303244
Darkdrift uncertainty for readout-channel 3 = 0.303215
Darkdrift uncertainty for readout-channel 4 = 0.303212
Trimmed average of values in readout-channel 1 = 6.057078
Trimmed average of values in readout-channel 2 = 5.286644
Trimmed average of values in readout-channel 3 = 5.452368
Trimmed average of values in readout-channel 4 = 5.894989
Darkdrift background term = 5.672770
...for data plane = 36
Darkdrift correction for readout-channel 1 = -0.477933
Darkdrift correction for readout-channel 2 = 0.447404
Darkdrift correction for readout-channel 3 = 0.036165
Darkdrift correction for readout-channel 4 = -0.005637
Darkdrift uncertainty for readout-channel 1 = 0.302876
Darkdrift uncertainty for readout-channel 2 = 0.303815
Darkdrift uncertainty for readout-channel 3 = 0.302977
Darkdrift uncertainty for readout-channel 4 = 0.303049
Trimmed average of values in readout-channel 1 = 4.824881
Trimmed average of values in readout-channel 2 = 5.750218
Trimmed average of values in readout-channel 3 = 5.338979
Trimmed average of values in readout-channel 4 = 5.297177
Darkdrift background term = 5.302814
...for data plane = 37
Darkdrift correction for readout-channel 1 = -0.018196
Darkdrift correction for readout-channel 2 = -0.234557
Darkdrift correction for readout-channel 3 = -0.221631
Darkdrift correction for readout-channel 4 = 0.474383
Darkdrift uncertainty for readout-channel 1 = 0.303094
Darkdrift uncertainty for readout-channel 2 = 0.302989
Darkdrift uncertainty for readout-channel 3 = 0.303040
Darkdrift uncertainty for readout-channel 4 = 0.377668
Trimmed average of values in readout-channel 1 = 5.685039
Trimmed average of values in readout-channel 2 = 5.468679
Trimmed average of values in readout-channel 3 = 5.481605
Trimmed average of values in readout-channel 4 = 6.177618
Darkdrift background term = 5.703235
...for data plane = 38
Darkdrift correction for readout-channel 1 = 0.243355
Darkdrift correction for readout-channel 2 = -0.309398
Darkdrift correction for readout-channel 3 = 0.211657
Darkdrift correction for readout-channel 4 = -0.145614
Darkdrift uncertainty for readout-channel 1 = 0.302997
Darkdrift uncertainty for readout-channel 2 = 0.303245
Darkdrift uncertainty for readout-channel 3 = 0.303048
Darkdrift uncertainty for readout-channel 4 = 0.302974
Trimmed average of values in readout-channel 1 = 5.761704
Trimmed average of values in readout-channel 2 = 5.208951
Trimmed average of values in readout-channel 3 = 5.730006
Trimmed average of values in readout-channel 4 = 5.372735
Darkdrift background term = 5.518349
...for data plane = 39
Darkdrift correction for readout-channel 1 = 0.278619
Darkdrift correction for readout-channel 2 = -0.857542
Darkdrift correction for readout-channel 3 = 0.367264
Darkdrift correction for readout-channel 4 = 0.211659
Darkdrift uncertainty for readout-channel 1 = 0.303356
Darkdrift uncertainty for readout-channel 2 = 0.303513
Darkdrift uncertainty for readout-channel 3 = 0.303463
Darkdrift uncertainty for readout-channel 4 = 0.303463
Trimmed average of values in readout-channel 1 = 5.737703
Trimmed average of values in readout-channel 2 = 4.601543
Trimmed average of values in readout-channel 3 = 5.826348
Trimmed average of values in readout-channel 4 = 5.670744
Darkdrift background term = 5.459085
...for data plane = 40
Darkdrift correction for readout-channel 1 = -0.254017
Darkdrift correction for readout-channel 2 = 0.122110
Darkdrift correction for readout-channel 3 = -0.081633
Darkdrift correction for readout-channel 4 = 0.213540
Darkdrift uncertainty for readout-channel 1 = 0.302971
Darkdrift uncertainty for readout-channel 2 = 0.302975
Darkdrift uncertainty for readout-channel 3 = 0.303322
Darkdrift uncertainty for readout-channel 4 = 0.302632
Trimmed average of values in readout-channel 1 = 5.541440
Trimmed average of values in readout-channel 2 = 5.917566
Trimmed average of values in readout-channel 3 = 5.713823
Trimmed average of values in readout-channel 4 = 6.008997
Darkdrift background term = 5.795456
...for data plane = 41
Darkdrift correction for readout-channel 1 = 0.078244
Darkdrift correction for readout-channel 2 = -0.170268
Darkdrift correction for readout-channel 3 = -0.029924
Darkdrift correction for readout-channel 4 = 0.121949
Darkdrift uncertainty for readout-channel 1 = 0.303252
Darkdrift uncertainty for readout-channel 2 = 0.302146
Darkdrift uncertainty for readout-channel 3 = 0.302831
Darkdrift uncertainty for readout-channel 4 = 0.303057
Trimmed average of values in readout-channel 1 = 5.817729
Trimmed average of values in readout-channel 2 = 5.569217
Trimmed average of values in readout-channel 3 = 5.709561
Trimmed average of values in readout-channel 4 = 5.861434
Darkdrift background term = 5.739485
...for data plane = 42
Darkdrift correction for readout-channel 1 = -0.135988
Darkdrift correction for readout-channel 2 = 0.012874
Darkdrift correction for readout-channel 3 = 0.230369
Darkdrift correction for readout-channel 4 = -0.107255
Darkdrift uncertainty for readout-channel 1 = 0.302979
Darkdrift uncertainty for readout-channel 2 = 0.302969
Darkdrift uncertainty for readout-channel 3 = 0.303004
Darkdrift uncertainty for readout-channel 4 = 0.303391
Trimmed average of values in readout-channel 1 = 5.251628
Trimmed average of values in readout-channel 2 = 5.400490
Trimmed average of values in readout-channel 3 = 5.617985
Trimmed average of values in readout-channel 4 = 5.280360
Darkdrift background term = 5.387616
...for data plane = 43
Darkdrift correction for readout-channel 1 = -0.209785
Darkdrift correction for readout-channel 2 = -0.028850
Darkdrift correction for readout-channel 3 = 0.124412
Darkdrift correction for readout-channel 4 = 0.114223
Darkdrift uncertainty for readout-channel 1 = 0.302992
Darkdrift uncertainty for readout-channel 2 = 0.302984
Darkdrift uncertainty for readout-channel 3 = 0.302968
Darkdrift uncertainty for readout-channel 4 = 0.303050
Trimmed average of values in readout-channel 1 = 5.480304
Trimmed average of values in readout-channel 2 = 5.661238
Trimmed average of values in readout-channel 3 = 5.814500
Trimmed average of values in readout-channel 4 = 5.804311
Darkdrift background term = 5.690088
...for data plane = 44
Darkdrift correction for readout-channel 1 = 0.474919
Darkdrift correction for readout-channel 2 = -0.645189
Darkdrift correction for readout-channel 3 = 0.095882
Darkdrift correction for readout-channel 4 = 0.074388
Darkdrift uncertainty for readout-channel 1 = 0.303363
Darkdrift uncertainty for readout-channel 2 = 0.302978
Darkdrift uncertainty for readout-channel 3 = 0.303223
Darkdrift uncertainty for readout-channel 4 = 0.302976
Trimmed average of values in readout-channel 1 = 6.140328
Trimmed average of values in readout-channel 2 = 5.020220
Trimmed average of values in readout-channel 3 = 5.761291
Trimmed average of values in readout-channel 4 = 5.739798
Darkdrift background term = 5.665409
...for data plane = 45
Darkdrift correction for readout-channel 1 = 0.197033
Darkdrift correction for readout-channel 2 = -0.320252
Darkdrift correction for readout-channel 3 = -0.145646
Darkdrift correction for readout-channel 4 = 0.268864
Darkdrift uncertainty for readout-channel 1 = 0.302970
Darkdrift uncertainty for readout-channel 2 = 0.303241
Darkdrift uncertainty for readout-channel 3 = 0.303141
Darkdrift uncertainty for readout-channel 4 = 0.302979
Trimmed average of values in readout-channel 1 = 5.973672
Trimmed average of values in readout-channel 2 = 5.456386
Trimmed average of values in readout-channel 3 = 5.630992
Trimmed average of values in readout-channel 4 = 6.045502
Darkdrift background term = 5.776638
...for data plane = 46
Darkdrift correction for readout-channel 1 = -0.022287
Darkdrift correction for readout-channel 2 = -0.251040
Darkdrift correction for readout-channel 3 = -0.039622
Darkdrift correction for readout-channel 4 = 0.312949
Darkdrift uncertainty for readout-channel 1 = 0.341165
Darkdrift uncertainty for readout-channel 2 = 0.302971
Darkdrift uncertainty for readout-channel 3 = 0.302981
Darkdrift uncertainty for readout-channel 4 = 0.302971
Trimmed average of values in readout-channel 1 = 5.653333
Trimmed average of values in readout-channel 2 = 5.424580
Trimmed average of values in readout-channel 3 = 5.635998
Trimmed average of values in readout-channel 4 = 5.988570
Darkdrift background term = 5.675620
...for data plane = 47
Darkdrift correction for readout-channel 1 = 0.321312
Darkdrift correction for readout-channel 2 = -0.413636
Darkdrift correction for readout-channel 3 = -0.076731
Darkdrift correction for readout-channel 4 = 0.169055
Darkdrift uncertainty for readout-channel 1 = 0.303463
Darkdrift uncertainty for readout-channel 2 = 0.302924
Darkdrift uncertainty for readout-channel 3 = 0.303553
Darkdrift uncertainty for readout-channel 4 = 0.302975
Trimmed average of values in readout-channel 1 = 5.886479
Trimmed average of values in readout-channel 2 = 5.151530
Trimmed average of values in readout-channel 3 = 5.488436
Trimmed average of values in readout-channel 4 = 5.734221
Darkdrift background term = 5.565167
...for data plane = 48
Darkdrift correction for readout-channel 1 = -0.280151
Darkdrift correction for readout-channel 2 = -0.126001
Darkdrift correction for readout-channel 3 = 0.470060
Darkdrift correction for readout-channel 4 = -0.063908
Darkdrift uncertainty for readout-channel 1 = 0.302968
Darkdrift uncertainty for readout-channel 2 = 0.302984
Darkdrift uncertainty for readout-channel 3 = 0.303373
Darkdrift uncertainty for readout-channel 4 = 0.302979
Trimmed average of values in readout-channel 1 = 5.731256
Trimmed average of values in readout-channel 2 = 5.885407
Trimmed average of values in readout-channel 3 = 6.481468
Trimmed average of values in readout-channel 4 = 5.947500
Darkdrift background term = 6.011408
...for data plane = 49
Darkdrift correction for readout-channel 1 = 0.174266
Darkdrift correction for readout-channel 2 = 0.060448
Darkdrift correction for readout-channel 3 = -0.455203
Darkdrift correction for readout-channel 4 = 0.220489
Darkdrift uncertainty for readout-channel 1 = 0.303093
Darkdrift uncertainty for readout-channel 2 = 0.303251
Darkdrift uncertainty for readout-channel 3 = 0.302979
Darkdrift uncertainty for readout-channel 4 = 0.377944
Trimmed average of values in readout-channel 1 = 5.618432
Trimmed average of values in readout-channel 2 = 5.504613
Trimmed average of values in readout-channel 3 = 4.988963
Trimmed average of values in readout-channel 4 = 5.664654
Darkdrift background term = 5.444166
...for data plane = 50
Darkdrift correction for readout-channel 1 = 0.184009
Darkdrift correction for readout-channel 2 = -0.505667
Darkdrift correction for readout-channel 3 = -0.052313
Darkdrift correction for readout-channel 4 = 0.373971
Darkdrift uncertainty for readout-channel 1 = 0.302977
Darkdrift uncertainty for readout-channel 2 = 0.302984
Darkdrift uncertainty for readout-channel 3 = 0.302971
Darkdrift uncertainty for readout-channel 4 = 0.303081
Trimmed average of values in readout-channel 1 = 6.021834
Trimmed average of values in readout-channel 2 = 5.332159
Trimmed average of values in readout-channel 3 = 5.785512
Trimmed average of values in readout-channel 4 = 6.211797
Darkdrift background term = 5.837825
...for data plane = 51
Darkdrift correction for readout-channel 1 = 0.031829
Darkdrift correction for readout-channel 2 = -0.507677
Darkdrift correction for readout-channel 3 = -0.054833
Darkdrift correction for readout-channel 4 = 0.530681
Darkdrift uncertainty for readout-channel 1 = 0.302968
Darkdrift uncertainty for readout-channel 2 = 0.302992
Darkdrift uncertainty for readout-channel 3 = 0.303542
Darkdrift uncertainty for readout-channel 4 = 0.303470
Trimmed average of values in readout-channel 1 = 5.680001
Trimmed average of values in readout-channel 2 = 5.140495
Trimmed average of values in readout-channel 3 = 5.593339
Trimmed average of values in readout-channel 4 = 6.178853
Darkdrift background term = 5.648172
...for data plane = 52
Darkdrift correction for readout-channel 1 = 0.274358
Darkdrift correction for readout-channel 2 = 0.107683
Darkdrift correction for readout-channel 3 = -0.413759
Darkdrift correction for readout-channel 4 = 0.031719
Darkdrift uncertainty for readout-channel 1 = 0.302847
Darkdrift uncertainty for readout-channel 2 = 0.302969
Darkdrift uncertainty for readout-channel 3 = 0.302894
Darkdrift uncertainty for readout-channel 4 = 0.303056
Trimmed average of values in readout-channel 1 = 6.075957
Trimmed average of values in readout-channel 2 = 5.909282
Trimmed average of values in readout-channel 3 = 5.387840
Trimmed average of values in readout-channel 4 = 5.833318
Darkdrift background term = 5.801599
...for data plane = 53
Darkdrift correction for readout-channel 1 = 0.035371
Darkdrift correction for readout-channel 2 = -0.374046
Darkdrift correction for readout-channel 3 = 0.233641
Darkdrift correction for readout-channel 4 = 0.105034
Darkdrift uncertainty for readout-channel 1 = 0.302956
Darkdrift uncertainty for readout-channel 2 = 0.303527
Darkdrift uncertainty for readout-channel 3 = 0.303124
Darkdrift uncertainty for readout-channel 4 = 0.302974
Trimmed average of values in readout-channel 1 = 5.446988
Trimmed average of values in readout-channel 2 = 5.037572
Trimmed average of values in readout-channel 3 = 5.645258
Trimmed average of values in readout-channel 4 = 5.516651
Darkdrift background term = 5.411617
...for data plane = 54
Darkdrift correction for readout-channel 1 = -0.008623
Darkdrift correction for readout-channel 2 = 0.073571
Darkdrift correction for readout-channel 3 = 0.068730
Darkdrift correction for readout-channel 4 = -0.133678
Darkdrift uncertainty for readout-channel 1 = 0.302583
Darkdrift uncertainty for readout-channel 2 = 0.301590
Darkdrift uncertainty for readout-channel 3 = 0.302939
Darkdrift uncertainty for readout-channel 4 = 0.302967
Trimmed average of values in readout-channel 1 = 5.841670
Trimmed average of values in readout-channel 2 = 5.923864
Trimmed average of values in readout-channel 3 = 5.919023
Trimmed average of values in readout-channel 4 = 5.716615
Darkdrift background term = 5.850293
...for data plane = 55
Darkdrift correction for readout-channel 1 = 0.067431
Darkdrift correction for readout-channel 2 = 0.113311
Darkdrift correction for readout-channel 3 = 0.113616
Darkdrift correction for readout-channel 4 = -0.294357
Darkdrift uncertainty for readout-channel 1 = 0.303360
Darkdrift uncertainty for readout-channel 2 = 0.303004
Darkdrift uncertainty for readout-channel 3 = 0.302889
Darkdrift uncertainty for readout-channel 4 = 0.302976
Trimmed average of values in readout-channel 1 = 5.533673
Trimmed average of values in readout-channel 2 = 5.579554
Trimmed average of values in readout-channel 3 = 5.579858
Trimmed average of values in readout-channel 4 = 5.171885
Darkdrift background term = 5.466242
...for data plane = 56
Darkdrift correction for readout-channel 1 = -0.037882
Darkdrift correction for readout-channel 2 = -0.103398
Darkdrift correction for readout-channel 3 = 0.078028
Darkdrift correction for readout-channel 4 = 0.063252
Darkdrift uncertainty for readout-channel 1 = 0.303228
Darkdrift uncertainty for readout-channel 2 = 0.302967
Darkdrift uncertainty for readout-channel 3 = 0.302963
Darkdrift uncertainty for readout-channel 4 = 0.303072
Trimmed average of values in readout-channel 1 = 5.256507
Trimmed average of values in readout-channel 2 = 5.190991
Trimmed average of values in readout-channel 3 = 5.372416
Trimmed average of values in readout-channel 4 = 5.357640
Darkdrift background term = 5.294388
...for data plane = 57
Darkdrift correction for readout-channel 1 = 0.244064
Darkdrift correction for readout-channel 2 = 0.233920
Darkdrift correction for readout-channel 3 = -0.390062
Darkdrift correction for readout-channel 4 = -0.087923
Darkdrift uncertainty for readout-channel 1 = 0.303221
Darkdrift uncertainty for readout-channel 2 = 0.304905
Darkdrift uncertainty for readout-channel 3 = 0.302988
Darkdrift uncertainty for readout-channel 4 = 0.302475
Trimmed average of values in readout-channel 1 = 6.053082
Trimmed average of values in readout-channel 2 = 6.042939
Trimmed average of values in readout-channel 3 = 5.418957
Trimmed average of values in readout-channel 4 = 5.721096
Darkdrift background term = 5.809018
...for data plane = 58
Darkdrift correction for readout-channel 1 = -0.004379
Darkdrift correction for readout-channel 2 = -0.631750
Darkdrift correction for readout-channel 3 = 0.069688
Darkdrift correction for readout-channel 4 = 0.566441
Darkdrift uncertainty for readout-channel 1 = 0.304504
Darkdrift uncertainty for readout-channel 2 = 0.303806
Darkdrift uncertainty for readout-channel 3 = 0.302992
Darkdrift uncertainty for readout-channel 4 = 0.303309
Trimmed average of values in readout-channel 1 = 0.695014
Trimmed average of values in readout-channel 2 = 0.067643
Trimmed average of values in readout-channel 3 = 0.769081
Trimmed average of values in readout-channel 4 = 1.265833
Darkdrift background term = 0.699393
...for data plane = 59
Darkdrift correction for readout-channel 1 = 0.191585
Darkdrift correction for readout-channel 2 = -0.614975
Darkdrift correction for readout-channel 3 = 0.095934
Darkdrift correction for readout-channel 4 = 0.327456
Darkdrift uncertainty for readout-channel 1 = 0.302991
Darkdrift uncertainty for readout-channel 2 = 0.302147
Darkdrift uncertainty for readout-channel 3 = 0.303223
Darkdrift uncertainty for readout-channel 4 = 0.303152
Trimmed average of values in readout-channel 1 = 5.738115
Trimmed average of values in readout-channel 2 = 4.931555
Trimmed average of values in readout-channel 3 = 5.642464
Trimmed average of values in readout-channel 4 = 5.873986
Darkdrift background term = 5.546530
...for data plane = 60
Darkdrift correction for readout-channel 1 = 0.013196
Darkdrift correction for readout-channel 2 = -0.379200
Darkdrift correction for readout-channel 3 = 0.060523
Darkdrift correction for readout-channel 4 = 0.305481
Darkdrift uncertainty for readout-channel 1 = 0.303363
Darkdrift uncertainty for readout-channel 2 = 0.302144
Darkdrift uncertainty for readout-channel 3 = 0.301937
Darkdrift uncertainty for readout-channel 4 = 0.303472
Trimmed average of values in readout-channel 1 = 5.691059
Trimmed average of values in readout-channel 2 = 5.298663
Trimmed average of values in readout-channel 3 = 5.738386
Trimmed average of values in readout-channel 4 = 5.983345
Darkdrift background term = 5.677863
...for data plane = 61
Darkdrift correction for readout-channel 1 = 0.195486
Darkdrift correction for readout-channel 2 = -0.158698
Darkdrift correction for readout-channel 3 = 0.002872
Darkdrift correction for readout-channel 4 = -0.039659
Darkdrift uncertainty for readout-channel 1 = 0.303092
Darkdrift uncertainty for readout-channel 2 = 0.376778
Darkdrift uncertainty for readout-channel 3 = 0.302978
Darkdrift uncertainty for readout-channel 4 = 0.303718
Trimmed average of values in readout-channel 1 = 5.430942
Trimmed average of values in readout-channel 2 = 5.076759
Trimmed average of values in readout-channel 3 = 5.238329
Trimmed average of values in readout-channel 4 = 5.195797
Darkdrift background term = 5.235457
...for data plane = 62
Darkdrift correction for readout-channel 1 = 0.539102
Darkdrift correction for readout-channel 2 = -0.690039
Darkdrift correction for readout-channel 3 = 0.243116
Darkdrift correction for readout-channel 4 = -0.092179
Darkdrift uncertainty for readout-channel 1 = 0.378067
Darkdrift uncertainty for readout-channel 2 = 0.302425
Darkdrift uncertainty for readout-channel 3 = 0.302892
Darkdrift uncertainty for readout-channel 4 = 0.302980
Trimmed average of values in readout-channel 1 = 6.163842
Trimmed average of values in readout-channel 2 = 4.934701
Trimmed average of values in readout-channel 3 = 5.867856
Trimmed average of values in readout-channel 4 = 5.532561
Darkdrift background term = 5.624740
...for data plane = 63
Darkdrift correction for readout-channel 1 = -0.299664
Darkdrift correction for readout-channel 2 = -0.076693
Darkdrift correction for readout-channel 3 = 0.220816
Darkdrift correction for readout-channel 4 = 0.155541
Darkdrift uncertainty for readout-channel 1 = 0.303363
Darkdrift uncertainty for readout-channel 2 = 0.305171
Darkdrift uncertainty for readout-channel 3 = 0.303219
Darkdrift uncertainty for readout-channel 4 = 0.378299
Trimmed average of values in readout-channel 1 = 5.539978
Trimmed average of values in readout-channel 2 = 5.762949
Trimmed average of values in readout-channel 3 = 6.060458
Trimmed average of values in readout-channel 4 = 5.995183
Darkdrift background term = 5.839642
...for data plane = 64
Darkdrift correction for readout-channel 1 = -0.034795
Darkdrift correction for readout-channel 2 = -0.479187
Darkdrift correction for readout-channel 3 = 0.003391
Darkdrift correction for readout-channel 4 = 0.510591
Darkdrift uncertainty for readout-channel 1 = 0.302968
Darkdrift uncertainty for readout-channel 2 = 0.303252
Darkdrift uncertainty for readout-channel 3 = 0.302992
Darkdrift uncertainty for readout-channel 4 = 0.303254
Trimmed average of values in readout-channel 1 = 5.570942
Trimmed average of values in readout-channel 2 = 5.126550
Trimmed average of values in readout-channel 3 = 5.609128
Trimmed average of values in readout-channel 4 = 6.116329
Darkdrift background term = 5.605737

Program darkdrift: Status Message: 0x0000
Normal exit from Function 0x0000: LOG_WRITER
darkdrift Warning: NaN's were produced in the results.
A total of     2013   NaN's were produced in the results.
Processing time: 11.140000 seconds
Current date/time: Sat Jan  9 14:58:50 2016
Program darkdrift, version 4.1, terminated.

darkdrift   exit_value =   0    execution_time = 11.230s
******************************************************************
Pipeline executing flatap
flatap -i darkdrift.fits -p cal/pmask.fits -f cal/skyflat.fits -ui sig_darkdrift.fits -uo sig_flatap.fits -d dmask.fits -o flatap.fits -c cal/skyflat_cmask.fits 
******************************************************************
Pipeline Module FLATAP Version 1.5
Processing time Sat Jan  9 14:58:51 2016

flatap_parse_namelist: Information only: Namelist not specified.
Sat Jan  9 14:58:51 2016
flatap_log_writer: Could not open Log File, using stdout
Flatap Version 1.5
Namelist File  = 
Input DCE = darkdrift.fits
Output DCE = !flatap.fits
Flatfield = cal/skyflat.fits
Input Uncertainty = sig_darkdrift.fits
Output Uncertainty = !sig_flatap.fits
Pmask File = cal/pmask.fits
Pmask Mask = 128
Dmask File = dmask.fits
Dmask Mask = 16384
Cmask File = cal/skyflat_cmask.fits
Cmask Mask = 256
Trans CAL File = 
Trans CAL CMask File = 
Processing Log File = 
Time =    0.19 seconds
*********************

Time = 0.190 seconds
exit code 0

flatap   exit_value =   0    execution_time = 0.270s
******************************************************************
Pipeline executing imfliprot
imfliprot -i flatap.fits -n cdf/pn107.nl -a /sos/sw/S19.2.0/STUDIO/downlink/include -o imfliprot.fits 
******************************************************************

imfliprot_log_writer: Printing Log output to stdout

Program imfliprot, Version 1.0
Namelist File  = cdf/pn107.nl
Input File = flatap.fits
Output File = imfliprot.fits
Image has been flipped
Image Rotation (degrees)  = 180
Ancillary Data-File Path = /sos/sw/S19.2.0/STUDIO/downlink/include
Verbose flag = 0
Debug flag = 0
imfliprot Status Message      0x0000: Normal exit from Function 0x0000: LOG_WRITER
Processing time: 0.200000 seconds
Current date/time: Sat Jan  9 14:58:51 2016
Program imfliprot, version 1.0, terminated.


imfliprot   exit_value =   0    execution_time = 0.230s
******************************************************************
Pipeline executing imfliprot
imfliprot -i sig_flatap.fits -n cdf/pn107.nl -a /sos/sw/S19.2.0/STUDIO/downlink/include -o sig_imfliprot.fits 
******************************************************************

imfliprot_log_writer: Printing Log output to stdout

Program imfliprot, Version 1.0
Namelist File  = cdf/pn107.nl
Input File = sig_flatap.fits
Output File = sig_imfliprot.fits
Image has been flipped
Image Rotation (degrees)  = 180
Ancillary Data-File Path = /sos/sw/S19.2.0/STUDIO/downlink/include
Verbose flag = 0
Debug flag = 0
imfliprot Status Message      0x0000: Normal exit from Function 0x0000: LOG_WRITER
Processing time: 0.190000 seconds
Current date/time: Sat Jan  9 14:58:52 2016
Program imfliprot, version 1.0, terminated.


imfliprot   exit_value =   0    execution_time = 0.230s
******************************************************************
Pipeline executing imfliprot
imfliprot -i dmask.fits -n cdf/pn107.nl -a /sos/sw/S19.2.0/STUDIO/downlink/include -o temp_dmask.fits 
******************************************************************

imfliprot_log_writer: Printing Log output to stdout

Program imfliprot, Version 1.0
Namelist File  = cdf/pn107.nl
Input File = dmask.fits
Output File = temp_dmask.fits
Image has been flipped
Image Rotation (degrees)  = 180
Ancillary Data-File Path = /sos/sw/S19.2.0/STUDIO/downlink/include
Verbose flag = 0
Debug flag = 0
imfliprot Status Message      0x0000: Normal exit from Function 0x0000: LOG_WRITER
Processing time: 0.050000 seconds
Current date/time: Sat Jan  9 14:58:52 2016
Program imfliprot, version 1.0, terminated.


imfliprot   exit_value =   0    execution_time = 0.090s
******************************************************************
Pipeline executing imfliprot
imfliprot -i fowlinearize.fits -n cdf/pn107.nl -a /sos/sw/S19.2.0/STUDIO/downlink/include -o temp_fowlinearize.fits 
******************************************************************

imfliprot_log_writer: Printing Log output to stdout

Program imfliprot, Version 1.0
Namelist File  = cdf/pn107.nl
Input File = fowlinearize.fits
Output File = temp_fowlinearize.fits
Image has been flipped
Image Rotation (degrees)  = 180
Ancillary Data-File Path = /sos/sw/S19.2.0/STUDIO/downlink/include
Verbose flag = 0
Debug flag = 0
imfliprot Status Message      0x0000: Normal exit from Function 0x0000: LOG_WRITER
Processing time: 0.090000 seconds
Current date/time: Sat Jan  9 14:58:52 2016
Program imfliprot, version 1.0, terminated.


imfliprot   exit_value =   0    execution_time = 0.120s
******************************************************************
Pipeline executing imfliprot
imfliprot -i sig_fowlinearize.fits -n cdf/pn107.nl -a /sos/sw/S19.2.0/STUDIO/downlink/include -o temp_sig_fowlinearize.fits 
******************************************************************

imfliprot_log_writer: Printing Log output to stdout

Program imfliprot, Version 1.0
Namelist File  = cdf/pn107.nl
Input File = sig_fowlinearize.fits
Output File = temp_sig_fowlinearize.fits
Image has been flipped
Image Rotation (degrees)  = 180
Ancillary Data-File Path = /sos/sw/S19.2.0/STUDIO/downlink/include
Verbose flag = 0
Debug flag = 0
imfliprot Status Message      0x0000: Normal exit from Function 0x0000: LOG_WRITER
Processing time: 0.090000 seconds
Current date/time: Sat Jan  9 14:58:52 2016
Program imfliprot, version 1.0, terminated.


imfliprot   exit_value =   0    execution_time = 0.130s
******************************************************************
Pipeline executing dntoflux
dntoflux -i imfliprot.fits -iu sig_imfliprot.fits -n cdf/pn107.nl -co 0 -c 0.1447 -u 0.0000 -a /sos/sw/S19.2.0/STUDIO/downlink/include -o1 dntoflux.fits -ou sig_dntoflux.fits -t 1 
******************************************************************

Program dntoflux, Version 4.2
Namelist File  = cdf/pn107.nl
Input Image = imfliprot.fits
Output File 1 = dntoflux.fits
Output Uncertainty Image = sig_dntoflux.fits
Operation flag = 0
Conversion factor = 0.144700
Input Uncertainty Image = sig_imfliprot.fits
Conversion-factor uncertainty = 0.000000
Output BUNIT setting = MJy/sr
Normalize-by-EXPTIME Flag = 1
EXPTIME = 1.920000
Data-Plane Flag = 1
Ancillary Data-File Path = /sos/sw/S19.2.0/STUDIO/downlink/include
Verbose flag = 0
Super-verbose flag = 0
Debug flag = 0
Terminating data-units-conversion program.
dntoflux Status Message: 0x0000
Normal exit from Function 0x0000: LOG_WRITER
dntoflux Probs Warning: NaN's were produced in the results.
A total of     4026   NaN's were produced in the results.
Processing time: 0.490000 seconds
Current date/time: Sat Jan  9 14:58:53 2016
Program dntoflux, version 4.2, terminated.

dntoflux   exit_value =   0    execution_time = 0.620s
******************************************************************
Pipeline executing qatool
qatool -i dntoflux.fits -n cdf/pn107.nl -nb QATOOLBCD -a /sos/sw/S19.2.0/STUDIO/downlink/include -o qa/BCD_qatool 
******************************************************************
qatool_parse_namelist: Information only: Namelist block-name = &QATOOLBCD
Program qatool, Version 6.0
Namelist File  = cdf/pn107.nl
Input File = dntoflux.fits
Output Data Filename Base = qa/BCD_qatool
Statistics Group = 0
Percent-Scaling Flag = 0
Calculation Type = 1
(set-up to do additional computations for four readout channels)
Number of Mean Absolute Deviations for Histogram Half-Width Coverage = 5
Number of Bins in Histograms = 41
Central fraction for trimmed average = 0.810000
Central fraction for trimmed std. dev. = 0.720000
Bad-pixel tolerance fraction = 0.900000
Statistics Box X position = 3
Statistics Box Y position = 4
Statistics Box X width = 20
Statistics Box Y height = 23
Input-Image Transpose Flag = 1
Unsigned Integer Flag = 0
Data-Plane Flag = 1
Number Edge Rows/Cols Skipped = 2
Keyword Prefix = bcd
Ancillary Data-File Path = /sos/sw/S19.2.0/STUDIO/downlink/include
Verbose flag = 0
Super-verbose flag = 0
Debug flag = 0
Performed statistical and histogram calculations.
Program qatool: Status Message: 0x0000
Normal exit from Function 0x0000: LOG_WRITER
Processing time: 1.240000 seconds
Current date/time: Sat Jan  9 14:58:55 2016
Program qatool, version 6.0, terminated.

qatool   exit_value =   0    execution_time = 1.330s
******************************************************************
Pipeline executing chkmask
chkmask dmask.fits -q qa/BCD_qatool.qa 
******************************************************************
 chkmask vsn 1.35 A40312
 
 No. of occurrences of the   3 status combinations:
   2268 occurrences of   256 (8)                                 
   4 occurrences of   16 (4)                                 
     1 occurrence of   272 (4,8)                               
 
 Status Bit: No. of Pixels
   0:   0
   1:   0
   2:   0
   3:   0
   4:   5
   5:   0
   6:   0
   7:   0
   8:   2269
   9:   0
   10:   0
   11:   0
   12:   0
   13:   0
   14:   0
 

chkmask   exit_value =   0    execution_time = 0.260s
******************************************************************
Loading QA information for DCE and BCD product
Keyword APDUV1E not found in header
Keyword APDUV2E not found in header
Keyword APDUV3E not found in header
Keyword APDUI1E not found in header
Keyword APDUI2E not found in header
Keyword APDUI3E not found in header
Could not append keyword APDUV1E to QA file qa/DCE_qatool.qa
Could not append keyword APDUV2E to QA file qa/DCE_qatool.qa
Could not append keyword APDUV3E to QA file qa/DCE_qatool.qa
Could not append keyword APDUI1E to QA file qa/DCE_qatool.qa
Could not append keyword APDUI2E to QA file qa/DCE_qatool.qa
Could not append keyword APDUI3E to QA file qa/DCE_qatool.qa
******************************************************************
Pipeline executing qaloader
qaloader -i qa/DCE_qatool.qa -tablename qa_iracdce -o qa/qaloader.sql -role pipelineswrole 
******************************************************************
2016/01/09 14:58:56 BEGIN qaloader v1.13
 -i (QA_FILE) qa/DCE_qatool.qa
 -tablename (TABLENAME) qa_iracdce
 -o (SQL_FILE) qa/qaloader.sql
 -role (ROLE) pipelineswrole
Using metadata version 13.0b
table name=qa_iracdce

QA values ingested:
{-4.615170e+01} {}
dceAveFI_1       -4.615170e+01 
{-4.915226e+01} {}
dceAveR1_1       -4.915226e+01 
{-2.899993e+01} {}
dceAveR2_1       -2.899993e+01 
{-3.335083e+01} {}
dceAveR3_1       -3.335083e+01 
{-7.310378e+01} {}
dceAveR4_1       -7.310378e+01 
{-2.200000e+01} {-4.915226e+01}
dceMedFI_1       -2.200000e+01 
{3.075450e+02} {}
dceSdevFI_1      3.075450e+02 
{4.770400e+00} {}
dceDSclFI_1      4.770400e+00 
{-8.850000e+03} {}
dceMinFI_1       -8.850000e+03 
{9.000000e+00} {}
dceMaxFI_1       9.000000e+00 
{147809436} {}
DCEID            147809436 
{2} {-4.615170e+01}
CHNLNUM          2 
{0} {}
ADCEID           0 
{8} {}
AFOWLNUM         8 
{184} {}
AWAITPER         184 
{0} {}
AWEASIDE         0 
{1} {}
AREADMOD         1 
{27.699513} {}
AFPAT1B          27.699513 
{28.669623} {}
AFPAT2B          28.669623 
{0} {}
APEDSIG          0 
{0} {}
ATXSTAT          0 
{0} {}
AFLSTAT          0 
{4} {}
ASHSTAT          4 
{-3.5585} {}
AVRSTBEG         -3.5585 
{-3.0562209} {}
AVDETBEG         -3.0562209 
{-3.618536} {}
AVGG1BEG         -3.618536 
{-3.550644} {}
AVDDUBEG         -3.550644 
{0} {}
AVGGCBEG         0 
{21.626487} {}
ACTENDT          21.626487 
{19.753043} {}
AFPECTE          19.753043 
{23.174509} {}
AFPEATE          23.174509 
{24.095434} {}
ATCTEMPE         24.095434 
{21.565525} {}
ACETEMPE         21.565525 
{21.596006} {}
APDTEMPE         21.596006 
{27.671961} {}
ACATMP2E         27.671961 
2016/01/09 14:58:56 END   qaloader status=0

qaloader   exit_value =   0    execution_time = 0.100s
******************************************************************
Pipeline executing qaloader
qaloader -i qa/BCD_qatool.qa -tablename qa_iracdp -o qa/qaloader.sql 
******************************************************************
2016/01/09 14:58:56 BEGIN qaloader v1.13
 -i (QA_FILE) qa/BCD_qatool.qa
 -tablename (TABLENAME) qa_iracdp
 -o (SQL_FILE) qa/qaloader.sql
Using metadata version 13.0b
table name=qa_iracdp

QA values ingested:
{2.579556e+00} {}
bcdAveFI_1       2.579556e+00 
{3.987150e+00} {}
bcdAveUB_1       3.987150e+00 
{5.326920e-01} {}
bcdMedFI_1       5.326920e-01 
{6.502581e-01} {}
bcdMedUB_1       6.502581e-01 
{2.629376e+01} {}
bcdSdevFI_1      2.629376e+01 
{3.414254e+01} {}
bcdSdevUB_1      3.414254e+01 
{4.392657e-01} {}
bcdDSclFI_1      4.392657e-01 
{5.047174e-01} {}
bcdDSclUB_1      5.047174e-01 
{-5.486386e-01} {}
bcdMinFI_1       -5.486386e-01 
{-5.486386e-01} {}
bcdMinUB_1       -5.486386e-01 
{6.968430e+02} {}
bcdMaxFI_1       6.968430e+02 
{6.968430e+02} {}
bcdMaxUB_1       6.968430e+02 
{5.111322e-01} {}
bcdC68lFI_1      5.111322e-01 
{5.454941e-01} {}
bcdC68uFI_1      5.454941e-01 
{391693387} {}
DPID             391693387 
{2} {2.579556e+00}
CHNLNUM          2 
2016/01/09 14:58:56 END   qaloader status=0

qaloader   exit_value =   0    execution_time = 0.130s
******************************************************************
Pipeline executing dbaccess
dbaccess -e sodb qa/qaloader.sql 
******************************************************************
set role pipelineswrole;
set lock mode to wait 30;
EXECUTE PROCEDURE addQA_iracdce (147809436, NULL, NULL, 2, -4.615170e+01, 
-2.200000e+01, -4.915226e+01, -2.899993e+01, -3.335083e+01, -7.310378e+01, 
3.075450e+02, 4.770400e+00, -8.850000e+03, 9.000000e+00, 0, 8, 184, 0, 1, 
27.699513, 28.669623, 0, 0, 0, 4, -3.5585, -3.0562209, -3.618536, -3.550644, 0, 
21.626487, 19.753043, 23.174509, 24.095434, 21.565525, 21.596006, 27.671961, 
NULL, NULL, NULL, NULL, NULL, NULL);
EXECUTE PROCEDURE addQA_iracdp (391693387, NULL, NULL, 2, 2.579556e+00, 
3.987150e+00, 5.326920e-01, 6.502581e-01, 2.629376e+01, 3.414254e+01, 
4.392657e-01, 5.047174e-01, -5.486386e-01, -5.486386e-01, 6.968430e+02, 
6.968430e+02, 5.111322e-01, 5.454941e-01, NULL, NULL, NULL, NULL, NULL, NULL);
execute procedure setDceTimeParameters (147809436, 1037040205.507, "2012-11-10 18:37:05.205", 1.92, 2.00);

dbaccess   exit_value =   0    execution_time = 0.120s
******************************************************************
Finishing IRAC science pipeline processing
Could not copy cal/firstframe_corr.fits to /sbx20/S19.2.0/archive/proc/full/IRAC033400/bcd/4568/0046471424/2/0014/0000/17/01/1/cal/firstframe_corr.fits
Could not copy imask.fits to /sbx20/S19.2.0/archive/proc/full/IRAC033400/bcd/4568/0046471424/2/0014/0000/17/01/1/imask.fits
Could not copy muxbleedcorr.fits to /sbx20/S19.2.0/archive/proc/full/IRAC033400/bcd/4568/0046471424/2/0014/0000/17/01/1/muxbleedcorr.fits
Could not copy slremove.fits to /sbx20/S19.2.0/archive/proc/full/IRAC033400/bcd/4568/0046471424/2/0014/0000/17/01/1/slremove.fits
******************************************************************
PlScriptID 17 exiting Saturday, January  9, 2016  2:58:57 PM PST
Host: sopipe89
Local Processing Directory: /scr5/S19.2.0/IRAC033400/bcd/4568/0046471424/2/0014/0000/17/01/1
Sandbox Directory: /sbx20/S19.2.0/archive/proc/full/IRAC033400/bcd/4568/0046471424/2/0014/0000/17/01/1
Processing time: total 26.78 s (user 0.97, system 1.03, child user 16.24, child system 8.54)
Pipeline exit code: Normal exit (0)
******************************************************************
