 hdrupd8 vsn 1.6  A70821
******************************************************************
Executing IRAC science pipeline
******************************************************************
Pipeline executing sanity_datatype
sanity_datatype -i ../fos16.fits -t1 cdf/sanity_datatype1.tbl -t2 cdf/sanity_datatype2.tbl -o1 qa/sanity_datatype1.tbl -o2 qa/sanity_datatype2.tbl 
******************************************************************
Program Sanity_datatype is started .... Version 1.0, Sat Jan  9 14:56:46 2016
Input Image File = ../fos16.fits
Input Data Table 1 = cdf/sanity_datatype1.tbl
Input Data Table 2 = cdf/sanity_datatype2.tbl
Output Filename1 = qa/sanity_datatype1.tbl
Output Filename2 = qa/sanity_datatype2.tbl
Log File = stdout
I_Debug = 0
I_Verbose = 0
I_SuperVerbose = 0
Processing time: 0.070000 seconds
Program Sanity_datatype is done. Version 1.0, Sat Jan  9 14:56:46 2016


sanity_datatype   exit_value =   0    execution_time = 0.390s
******************************************************************
Pipeline executing qatool
qatool -i ../fos16.fits -n cdf/pn107.nl -nb QATOOLDCE -a /sos/sw/S19.2.0/STUDIO/downlink/include -o qa/DCE_qatool 
******************************************************************
qatool_parse_namelist: Information only: Namelist block-name = &QATOOLDCE
Program qatool, Version 6.0
Namelist File  = cdf/pn107.nl
Input File = ../fos16.fits
Output Data Filename Base = qa/DCE_qatool
Statistics Group = 0
Percent-Scaling Flag = 0
Calculation Type = 1
(set-up to do additional computations for four readout channels)
Number of Mean Absolute Deviations for Histogram Half-Width Coverage = 5
Number of Bins in Histograms = 41
Central fraction for trimmed average = 0.810000
Central fraction for trimmed std. dev. = 0.720000
Bad-pixel tolerance fraction = 0.340000
Statistics Box X position = 3
Statistics Box Y position = 4
Statistics Box X width = 27
Statistics Box Y height = 33
Input-Image Transpose Flag = 1
Unsigned Integer Flag = 0
Data-Plane Flag = 1
Number Edge Rows/Cols Skipped = 10
Keyword Prefix = dce
Ancillary Data-File Path = /sos/sw/S19.2.0/STUDIO/downlink/include
Verbose flag = 0
Super-verbose flag = 0
Debug flag = 0
Performed statistical and histogram calculations.
Program qatool: Status Message: 0x0000
Normal exit from Function 0x0000: LOG_WRITER
Processing time: 0.770000 seconds
Current date/time: Sat Jan  9 14:56:47 2016
Program qatool, version 6.0, terminated.

qatool   exit_value =   0    execution_time = 0.880s
******************************************************************
Pipeline executing sanity_check
sanity_check -i qa/DCE_qatool.tbl -o qa/sanity_check.tbl 
******************************************************************
Program Sanity_check is started .... Version 1.0, Sat Jan  9 14:56:51 2016

Input File = qa/DCE_qatool.tbl
Output = qa/sanity_check.tbl
Processing time: 0.020000 seconds
Current date/time: Sat Jan  9 14:56:51 2016
Program Sanity_check, version 1.0, terminated.

sanity_check   exit_value =   0    execution_time = 0.350s
******************************************************************
Pipeline executing abad_repair
abad_repair -i ../fos16.fits -o abad_repair.fits 
******************************************************************
Pipeline Module ABAD_REPAIR Version 1.2
Processing time Sat Jan  9 14:56:52 2016

ABAD_READ_DATA: A0752D00 = 0
status from read: 1
npixs = 65536
enter output with 0
files ../fos16.fits !abad_repair.fits 
open output [!abad_repair.fits]
comment [Sat Jan  9 14:56:52 2016]
Time = 0.050 seconds
exit code 0

abad_repair   exit_value =   0    execution_time = 0.100s
******************************************************************
Pipeline executing tranhead
tranhead -i abad_repair.fits -n cdf/pn107.nl -k /scr/S19.2.0/cdf/ctd/telemetry_dictionary.dat -a /sos/sw/S19.2.0/STUDIO/downlink/include -o tranhead.fits -t, cdf/Keyword_Include_List.dat 
******************************************************************

Program tranhead, Version 13.2
Namelist File  = cdf/pn107.nl
Input File = abad_repair.fits
Dictionary File = /scr/S19.2.0/cdf/ctd/telemetry_dictionary.dat
CTD Version String = 3.0.94S
Keyword-Include-List File = cdf/Keyword_Include_List.dat
Translated-Keyword File = tranhead.hdr
CSPICE leapseconds kernel = /scr/S19.2.0/cdf/spice/leapseconds.ker
CSPICE SCLK_SCET kernel = /scr/S19.2.0/cdf/spice/sclk_scet.ker
CSPICE Spitzer Ephemeris = /scr/S19.2.0/cdf/spice/sirtf.bsp
CSPICE Planets Ephemeris = /scr/S19.2.0/cdf/spice/de.bsp
Output File = tranhead.fits
Operation Type = 1
FITS-Header Comment Flag = 1
SCLK correction factor = 1.000380
Ignore Frames (1st) = -1
Ignore Frames (2nd and higher) = -1
Central fraction for trimmed average  = 0.900000
Central fraction for trimmed std. dev. = 0.900000
Gain = 3.710000
Gain_RdOutCh_1 = 3.710000
Gain_RdOutCh_2 = 3.710000
Gain_RdOutCh_3 = 3.710000
Gain_RdOutCh_4 = 3.710000
Ancillary Data-File Path = /sos/sw/S19.2.0/STUDIO/downlink/include
Verbose flag = 0
Super-verbose flag = 0
Debug flag = 0
Configured to perform forward FITS keyword translation.
tranhead Status Message: 0x0000
Normal exit from Function 0x0000: LOG_WRITER
A total of        0   NaN's were produced in the results.
Processing time: 0.300000 seconds
Current date/time: Sat Jan  9 14:56:52 2016
Program tranhead, version 13.2, terminated.

tranhead   exit_value =   0    execution_time = 0.420s
 hdrupd8 vsn 1.6  A70821


LabDark

chan, frametime, hdy, extrpt = 2, 2.00, F, 233
expid  adceid  repidx  =  103,  0,  0 

SkyDarkaor template time = 2
hdy  repidx =  F  0
expid  ext-repeat  =  103  233

******************************************************************
Pipeline executing caltrans
caltrans -n cdf/pn107.nl -m 2 -a 7 -b /scr2/S19.2.0/dlcaldata/irac -s tranhead.fits -o cal -u SUB -jk1 CHNLNUM -jv1 2 -ja1 N -ju1 0 -js1 flip -jk2 CHNLNUM;AFOWLNUM;AWAITPER;FRAMTIME;HDRMODE -jv2 2;8;184;2.00;F -ja2 N;N;N;N;S -ju2 0;0;0;0;0 -js2 sigma;cmask -jk3 CHNLNUM;AFOWLNUM;AWAITPER;FRAMTIME;HDRMODE -jv3 2;8;184;2.00;F -ja3 N;N;N;N;S -ju3 0;0;0;0;0 -js3 cmask -jk4 CHNLNUM -jv4 2 -ja4 N -ju4 0 -js4 cmask -jk5 CHNLNUM -jv5 2 -ja5 N -ju5 0 -js5 cmask -jk6 CHNLNUM -jv6 2 -ja6 N -ju6 0 -jk7 CHNLNUM;AFOWLNUM;AWAITPER -jv7 2;8;184 -ja7 N;N;N -ju7 0;0;0 -jk8 CHNLNUM;AFOWLNUM;AWAITPER -jv8 2;8;184 -ja8 N;N;N -ju8 0;0;0 -e CALTRANSsciSUB 
******************************************************************

Online Namelist file descriptor associated
Online namelist buffer loaded: length = 7422

Warning !:  Ancillary file #1  with full suffix filename  '/sos/archive/fallbacks/IRAC004600/SUB_2s_2sf8d1r1_ch2_v2.0.0_dark_sigma.fits'  NOT in archive/sandbox !!.
Proceed to the next suffix fileprocessing .....

Warning !:  Ancillary file #2  with full suffix filename  '/sos/archive/fallbacks/IRAC004600/SUB_2s_2sf8d1r1_ch2_v2.0.0_dark_cmask.fits'  NOT in archive/sandbox !!.
Proceed to the next suffix fileprocessing .....

Warning !:  Ancillary-suffix file #1: '/scr2/S19.2.0/dlcaldata/irac/fb1502_SUB_2s_2sf8d1r1_ch2_v2.0.0_dark_sigma.fits'  could NOT be identified on cache.
Processing continues ..... 


Warning !:  Ancillary-suffix file #2: '/scr2/S19.2.0/dlcaldata/irac/fb1502_SUB_2s_2sf8d1r1_ch2_v2.0.0_dark_cmask.fits'  could NOT be identified on cache.
Processing continues ..... 


Warning !:  Ancillary file #1  with full suffix filename  '/sos/archive/fallbacks/IRAC005300/lincal_b2_sa_011410_cmask.fits'  NOT in archive/sandbox !!.
Proceed to the next suffix fileprocessing .....

Warning !:  Ancillary-suffix file #1: '/scr2/S19.2.0/dlcaldata/irac/fb1579_lincal_b2_sa_011410_cmask.fits'  could NOT be identified on cache.
Processing continues ..... 

  Printing Log output to stdout...


Program CALTRANS, Version 4.0
Command-Line Namelist Filename  = cdf/pn107.nl
Command-Line Namelist Section = CALTRANSsciSUB
CalTrans Execution Mode  = 2
CalID = 7
Input Calibration Type list = pmask;labdark;skydark;lincal;sky_flat;fluxconv;muxbleed_lut;muxbleed_coeff
Input Calibration Rule list = 0;0;300;0;0;0;0;0
Input Generic Outfname list = pmask.fits;labdark.fits;skydark.fits;lincal.fits;skyflat.fits;fluxconv;muxbleed_lut;muxbleed_coeff
Science DCE Filename = tranhead.fits
CAL Destination Path = cal
Processing time: 0.580000 seconds
Current date/time: Sat Jan  9 14:57:08 2016
Program CALTRANS, version 4.0, terminated with status = 16

CalTrans exits with status = 16



caltrans   exit_value =  16    execution_time = 0.700s
******************************************************************
Pipeline executing insbposdom
insbposdom -i tranhead.fits -o insbposdom.fits 
******************************************************************
Pipeline Module INSBPOSDOM Version 1.1
Processing time Sat Jan  9 14:57:08 2016

Sat Jan  9 14:57:08 2016
Time = 0.030 seconds
exit code 0

insbposdom   exit_value =   0    execution_time = 0.080s
******************************************************************
Pipeline executing cvti2r4
cvti2r4 -i insbposdom.fits -a 0.5625 -b 0 -d cal/dmask_for_raw.fits -o cvti2r4.fits -m row 
******************************************************************
 SIRTF I*2-to-R*4 Data Cube Conversion program vsn 1.31 A61025
 Input file:  insbposdom.fits
 Using offset =    0.562500
 Using BLANK-fill value:   0
 Output file: cvti2r4.fits
 Missing-data pattern specified as rows

cvti2r4   exit_value =   0    execution_time = 0.450s
Image has barrel shift = 3
Computed truncation correction 0.5*(1-2^-ABARREL) = 0.5625
******************************************************************
Pipeline executing hdrupd8
hdrupd8 cvti2r4.fits -a cdf/hdrupd8_cubify.dat -d cdf/hdrupd8_planify.dat 
******************************************************************
 hdrupd8 vsn 1.6  A70821
 WARNING: keyword to be deleted not found: NAXIS3  

hdrupd8   exit_value =   0    execution_time = 0.420s
******************************************************************
Pipeline executing hdrupd8
hdrupd8 dmask.fits -a cdf/hdrupd8_cubify.dat -d cdf/hdrupd8_planify.dat 
******************************************************************
 hdrupd8 vsn 1.6  A70821
 WARNING: keyword to be deleted not found: NAXIS3  

hdrupd8   exit_value =   0    execution_time = 0.420s
******************************************************************
Pipeline executing iracwrapdet1
iracwrapdet1 -i cvti2r4.fits -n cdf/pn107.nl -p cal/pmask.fits -d dmask.fits -w wmask.fits -v 
******************************************************************
Pipeline Module IRACWRAPDET1 Version 1.4
Processing time Sat Jan  9 14:57:21 2016
iracwrapdet1_parse_args: Namelist File = 	cdf/pn107.nl
iracwrapdet1_parse_args: Pmask File = 	cal/pmask.fits
iracwrapdet1_parse_args: Dmask File = 	dmask.fits
iracwrapdet1_parse_args: Wmask File = 	wmask.fits
iracwrapdet1_parse_args: Input File = 	cvti2r4.fits
iracwrapdet1_parse_args: I_Verbose = 			1
chn 2 framtim 2.000000
iracwrapdet1_read_data: Data read from file:
cvti2r4.fits
iracwrapdet1_read_data: I_NX = 32
iracwrapdet1_read_data: I_NY = 32
iracwrapdet1_read_data: I_NZ = 64
iracwrapdet1_parse_namelist: Namelist File = 	cdf/pn107.nl
Coeff used: 55000.000000 55000.000000 55000.000000 55000.000000
iracwrapdet1_compute_results: Numerical Computations finished
Sat Jan  9 14:57:21 2016
iracwrapdet1_output: Results written to file(s).
Time = 0.030 seconds
iracwrapdet1_error_handler: Error Handler finished.
iracwrapdet1_exit: Memory Deallocated.
exit code 0

iracwrapdet1   exit_value =   0    execution_time = 0.070s
******************************************************************
Pipeline executing iracwrapdet2
iracwrapdet2 -i cvti2r4.fits -n cdf/pn107.nl -p cal/pmask.fits -d dmask.fits -w wmask.fits -a /sos/sw/S19.2.0/STUDIO/downlink/include 
******************************************************************

Program iracwrapdet2, Version 1.4
Namelist File  = cdf/pn107.nl
FITS Input Image = cvti2r4.fits
Pmask File = cal/pmask.fits
Dmask File = dmask.fits
Wmask File = mask.fits
M-Level       chan1     chan2     chan3     chan4
            55000.0   55000.0   55000.0   55000.0
Tolerance     chan1     chan2     chan3     chan4
             1200.0    1200.0    1200.0    1200.0
Pmask Maximum = 65535
Dmask Maximum = 65535
Ancillary Data-File Path = /sos/sw/S19.2.0/STUDIO/downlink/include
Verbose flag = 0
Super-verbose flag = 0
Debug flag = 0
iracwrapdet2 Status Message      0x0000
Normal exit from Function 0x0000: LOG_WRITER
Processing time: 0.150000 seconds
Current date/time: Sat Jan  9 14:57:22 2016
Program iracwrapdet2, version 1.4, terminated


iracwrapdet2   exit_value =   0    execution_time = 0.190s
******************************************************************
Pipeline executing iracwrapcorr
iracwrapcorr -i cvti2r4.fits -p cal/pmask.fits -d dmask.fits -w wmask.fits -o iracwrapcorr.fits 
******************************************************************
Pipeline Module IRACWRAPCORR Version 1.3
Processing time Sat Jan  9 14:57:22 2016
iracwrapcorr_parse_namelist: Information only: Namelist not specified.
Sat Jan  9 14:57:22 2016
Time = 0.040 seconds
exit code 0

iracwrapcorr   exit_value =   0    execution_time = 0.080s
******************************************************************
Pipeline executing iracnorm
iracnorm -i iracwrapcorr.fits -p cal/pmask.fits -d dmask.fits -o iracnorm.fits 
******************************************************************
Pipeline Module IRACWNORM Version 1.10
Processing time Sat Jan  9 14:57:23 2016

Sat Jan  9 14:57:23 2016
Time = 0.040 seconds
exit code 0

iracnorm   exit_value =   0    execution_time = 0.080s
******************************************************************
Pipeline executing iracebwc
iracebwc -i iracnorm.fits -n cdf/pn107.nl -p cal/pmask.fits -d dmask.fits -o iracebwc.fits 
******************************************************************
Pipeline Module IRACEBWC Version 1.2
Processing time Sat Jan  9 14:57:23 2016

Sat Jan  9 14:57:23 2016
Time = 0.040 seconds
exit code 0

iracebwc   exit_value =   0    execution_time = 0.080s
HDR mode   =  f
AOR Template Time     =  2
DCE Frame Time    =  2.00
EXTRpt     =  233
Frame NOBF =  0
From sub determine_delays:
   aottime = 2
   aordelay = 222.190359962807
   stellarmode = f
   expid=103
imdly = 1.48736001335143
frmdly = 1.48736001335143

Immed  Delay = 1.48736001335143
Frame  Delay = 1.48736001335143

 hdrupd8 vsn 1.6  A70821
 hdrupd8 vsn 1.6  A70821
 hdrupd8 vsn 1.6  A70821
 hdrupd8 vsn 1.6  A70821
 hdrupd8 vsn 1.6  A70821
 hdrupd8 vsn 1.6  A70821
 hdrupd8 vsn 1.6  A70821
******************************************************************
Pipeline executing darksubng
darksubng -i iracebwc.fits -a /sos/sw/S19.2.0/STUDIO/downlink/include -p cal/pmask.fits -d dmask.fits -o labdarksub.fits -cc cal/labdark.fits -v 
******************************************************************
/sos/sw/S19.2.0/STUDIO/downlink/bin/darksubng: namelist not given
/sos/sw/S19.2.0/STUDIO/downlink/bin/darksubng: input uncertainty image not given
/sos/sw/S19.2.0/STUDIO/downlink/bin/darksubng: output uncertainty image not given
/sos/sw/S19.2.0/STUDIO/downlink/bin/darksubng: WARNING no uncertainty calculations will be performed
/sos/sw/S19.2.0/STUDIO/downlink/bin/darksubng: Namelist               = []
/sos/sw/S19.2.0/STUDIO/downlink/bin/darksubng: Input image            = [iracebwc.fits]
/sos/sw/S19.2.0/STUDIO/downlink/bin/darksubng: Input uncertainty      = []
/sos/sw/S19.2.0/STUDIO/downlink/bin/darksubng: Output image           = [!labdarksub.fits]
/sos/sw/S19.2.0/STUDIO/downlink/bin/darksubng: Output uncertainty     = []
/sos/sw/S19.2.0/STUDIO/downlink/bin/darksubng: Dark                   = [cal/labdark.fits]
/sos/sw/S19.2.0/STUDIO/downlink/bin/darksubng: Pmask file             = [cal/pmask.fits]
/sos/sw/S19.2.0/STUDIO/downlink/bin/darksubng: Pmask fatality bitmask = [65536]
/sos/sw/S19.2.0/STUDIO/downlink/bin/darksubng: Dmask file             = [dmask.fits]
/sos/sw/S19.2.0/STUDIO/downlink/bin/darksubng: Dmask fatality bitmask = [65536]
/sos/sw/S19.2.0/STUDIO/downlink/bin/darksubng: Cmask file             = []
/sos/sw/S19.2.0/STUDIO/downlink/bin/darksubng: Cmask fatality bitmask = [65536]
/sos/sw/S19.2.0/STUDIO/downlink/bin/darksubng: Logfile                = []
/sos/sw/S19.2.0/STUDIO/downlink/bin/darksubng: Ancillary Path         = [/sos/sw/S19.2.0/STUDIO/downlink/include]
/sos/sw/S19.2.0/STUDIO/downlink/bin/darksubng: Uncertainty calculations will not be made
/sos/sw/S19.2.0/STUDIO/downlink/bin/darksubng: WARNING cal/labdark.fits has no BUNIT key
/sos/sw/S19.2.0/STUDIO/downlink/bin/darksubng: WARNING assuming cal/labdark.fits is in DN
/sos/sw/S19.2.0/STUDIO/downlink/bin/darksubng: WARNING cal/labdark.fits has no EXPTIME key
/sos/sw/S19.2.0/STUDIO/downlink/bin/darksubng: WARNING cal/labdark.fits has no GAIN keywords
/sos/sw/S19.2.0/STUDIO/downlink/bin/darksubng: compute - performing any unit conversions
/sos/sw/S19.2.0/STUDIO/downlink/bin/darksubng: compute - starting subtraction with masking 
/sos/sw/S19.2.0/STUDIO/downlink/bin/darksubng: Processing successful; Exiting

darksubng   exit_value =   0    execution_time = 0.150s
READ Noise !! =  9.4
******************************************************************
Pipeline executing snestimator
snestimator -i labdarksub.fits -n cdf/pn107.nl -a /sos/sw/S19.2.0/STUDIO/downlink/include -p cal/pmask.fits -d dmask.fits -on sig_snestimator.fits -g 3.71 -r 9.4 
******************************************************************
verbose 0

Program SNESTIMATOR, Version 1.5
Namelist File  = cdf/pn107.nl
Input FITS Image = labdarksub.fits
Noise Image = sig_snestimator.fits
Denominator type = IRAC_MODEL
Edge Pixels Excluded = 0
Gain Channel 1 = 3.710000 Channel 2 = 3.710000 Channel 3 = 3.710000 Channel 4 = 3.710000
Read Noise = 9.400000
Confusion Sigma = 0.000000
Ancillary Data-File Path = /sos/sw/S19.2.0/STUDIO/downlink/include
Verbose flag = 0
Super-verbose flag = 0
Debug flag = 0
snestimator Status Message      0x0000
Normal exit from Function 0x0000: LOG_WRITER
Processing time: 0.100000 seconds
Current date/time: Sat Jan  9 14:57:53 2016
Program SNESTIMATOR, version 1.5, terminated


snestimator   exit_value =   0    execution_time = 0.170s
******************************************************************
Pipeline executing darksubng
darksubng -i iracebwc.fits -iu sig_snestimator.fits -a /sos/sw/S19.2.0/STUDIO/downlink/include -p cal/pmask.fits -d dmask.fits -o labdarksub.fits -ou sig_labdarksub.fits -cc cal/labdark.fits -v 
******************************************************************
/sos/sw/S19.2.0/STUDIO/downlink/bin/darksubng: namelist not given
/sos/sw/S19.2.0/STUDIO/downlink/bin/darksubng: Namelist               = []
/sos/sw/S19.2.0/STUDIO/downlink/bin/darksubng: Input image            = [iracebwc.fits]
/sos/sw/S19.2.0/STUDIO/downlink/bin/darksubng: Input uncertainty      = [sig_snestimator.fits]
/sos/sw/S19.2.0/STUDIO/downlink/bin/darksubng: Output image           = [!labdarksub.fits]
/sos/sw/S19.2.0/STUDIO/downlink/bin/darksubng: Output uncertainty     = [!sig_labdarksub.fits]
/sos/sw/S19.2.0/STUDIO/downlink/bin/darksubng: Dark                   = [cal/labdark.fits]
/sos/sw/S19.2.0/STUDIO/downlink/bin/darksubng: Pmask file             = [cal/pmask.fits]
/sos/sw/S19.2.0/STUDIO/downlink/bin/darksubng: Pmask fatality bitmask = [65536]
/sos/sw/S19.2.0/STUDIO/downlink/bin/darksubng: Dmask file             = [dmask.fits]
/sos/sw/S19.2.0/STUDIO/downlink/bin/darksubng: Dmask fatality bitmask = [65536]
/sos/sw/S19.2.0/STUDIO/downlink/bin/darksubng: Cmask file             = []
/sos/sw/S19.2.0/STUDIO/downlink/bin/darksubng: Cmask fatality bitmask = [65536]
/sos/sw/S19.2.0/STUDIO/downlink/bin/darksubng: Logfile                = []
/sos/sw/S19.2.0/STUDIO/downlink/bin/darksubng: Ancillary Path         = [/sos/sw/S19.2.0/STUDIO/downlink/include]
/sos/sw/S19.2.0/STUDIO/downlink/bin/darksubng: Uncertainty calculations will be made
/sos/sw/S19.2.0/STUDIO/downlink/bin/darksubng: WARNING cal/labdark.fits has no BUNIT key
/sos/sw/S19.2.0/STUDIO/downlink/bin/darksubng: WARNING assuming cal/labdark.fits is in DN
/sos/sw/S19.2.0/STUDIO/downlink/bin/darksubng: WARNING cal/labdark.fits has no EXPTIME key
/sos/sw/S19.2.0/STUDIO/downlink/bin/darksubng: WARNING cal/labdark.fits has no GAIN keywords
/sos/sw/S19.2.0/STUDIO/downlink/bin/darksubng: compute - performing any unit conversions
/sos/sw/S19.2.0/STUDIO/downlink/bin/darksubng: compute - starting subtraction with masking 
/sos/sw/S19.2.0/STUDIO/downlink/bin/darksubng: Processing successful; Exiting

darksubng   exit_value =   0    execution_time = 0.180s
******************************************************************
Pipeline executing fowlinearize
fowlinearize -i1 labdarksub.fits -i3 sig_labdarksub.fits -n cdf/pn107.nl -a /sos/sw/S19.2.0/STUDIO/downlink/include -ip cal/pmask.fits -i2 cal/lincal.fits -id dmask.fits -o1 fowlinearize.fits -o2 sig_fowlinearize.fits -c 10 
******************************************************************

Program FOWLINEARIZE, Version 4.9
Namelist File  = cdf/pn107.nl
Input File 1 = labdarksub.fits
Input File 2 = cal/lincal.fits
Input File 3 = sig_labdarksub.fits
Model_Flag(1=quad. 2=cubic) = 1
Clock_Readout(10=sub-array, 200=full-array) = 10.000000
Input PMask Image = cal/pmask.fits
Unusable PMask Bits = 16384
Input DMask Image = dmask.fits
Unusable DMask Bits = 8192
Not-linearized DMask Bit = 4096
Not-linearized DMask Bit due to lincal-model saturation = 8192
Output File 1 = fowlinearize.fits
Output File 2 = sig_fowlinearize.fits
Ancillary Data-File Path = /sos/sw/S19.2.0/STUDIO/downlink/include
Verbose flag = 0
Super-verbose flag = 0
Debug flag = 0
Performed linearity correction.
Program fowlinearize: Status Message: 0x0000
Normal exit from Function 0x0000: LOG_WRITER
Processing time: 0.280000 seconds
Current date/time: Sat Jan  9 14:57:54 2016
Program FOWLINEARIZE, version 4.9, terminated.

fowlinearize   exit_value =   0    execution_time = 0.400s
Read Noise =  9.4
 hdrupd8 vsn 1.6  A70821
******************************************************************
Pipeline executing bgmodel
bgmodel -i fowlinearize.fits -n cdf/pn107.nl -h 
******************************************************************

Online Namelist file descriptor associated
Online namelist buffer loaded: length = 7422
bgmodel_log_writer: Printing Log output to stdout
bgmodel  Version 1.0
Namelist File  = cdf/pn107.nl
Input Image = fowlinearize.fits
Ephemeris = /scr2/S19.2.0/cdf/spice/sirtf.bsp
LeapSec Kernel = /scr2/S19.2.0/cdf/spice/leapseconds.ker
SPK Kernel = /scr2/S19.2.0/cdf/spice/de.bsp

bgmodel  Status Message      0x0000: No error.
Time = 0.070 seconds

Background exits with status = 0


bgmodel   exit_value =   0    execution_time = 0.120s
******************************************************************
Pipeline executing hdrupd8
hdrupd8 fowlinearize.fits -a addkeys.dat 
******************************************************************
 hdrupd8 vsn 1.6  A70821

hdrupd8   exit_value =   0    execution_time = 0.420s
SkyDk Med DN      = 16.56367 
Exposure time     = 1.92
SkyDk Med DN rate = 8.62691145833333
Flux Conv         = 0.1447 
SkyDk Med Flux    = 1.24831408802083
Image File = fowlinearize.fits 

 hdrupd8 vsn 1.6  A70821
 hdrupd8 vsn 1.6  A70821
 hdrupd8 vsn 1.6  A70821
 hdrupd8 vsn 1.6  A70821
 hdrupd8 vsn 1.6  A70821
******************************************************************
Pipeline executing darksubng
darksubng -i fowlinearize.fits -iu sig_fowlinearize.fits -a /sos/sw/S19.2.0/STUDIO/downlink/include -p cal/pmask.fits -d dmask.fits -o skydarksub.fits -ou sig_skydarksub.fits -cc cal/skydark.fits -v -c cal/skydark_cmask.fits 
******************************************************************
/sos/sw/S19.2.0/STUDIO/downlink/bin/darksubng: namelist not given
/sos/sw/S19.2.0/STUDIO/downlink/bin/darksubng: Namelist               = []
/sos/sw/S19.2.0/STUDIO/downlink/bin/darksubng: Input image            = [fowlinearize.fits]
/sos/sw/S19.2.0/STUDIO/downlink/bin/darksubng: Input uncertainty      = [sig_fowlinearize.fits]
/sos/sw/S19.2.0/STUDIO/downlink/bin/darksubng: Output image           = [!skydarksub.fits]
/sos/sw/S19.2.0/STUDIO/downlink/bin/darksubng: Output uncertainty     = [!sig_skydarksub.fits]
/sos/sw/S19.2.0/STUDIO/downlink/bin/darksubng: Dark                   = [cal/skydark.fits]
/sos/sw/S19.2.0/STUDIO/downlink/bin/darksubng: Pmask file             = [cal/pmask.fits]
/sos/sw/S19.2.0/STUDIO/downlink/bin/darksubng: Pmask fatality bitmask = [65536]
/sos/sw/S19.2.0/STUDIO/downlink/bin/darksubng: Dmask file             = [dmask.fits]
/sos/sw/S19.2.0/STUDIO/downlink/bin/darksubng: Dmask fatality bitmask = [65536]
/sos/sw/S19.2.0/STUDIO/downlink/bin/darksubng: Cmask file             = [cal/skydark_cmask.fits]
/sos/sw/S19.2.0/STUDIO/downlink/bin/darksubng: Cmask fatality bitmask = [65536]
/sos/sw/S19.2.0/STUDIO/downlink/bin/darksubng: Logfile                = []
/sos/sw/S19.2.0/STUDIO/downlink/bin/darksubng: Ancillary Path         = [/sos/sw/S19.2.0/STUDIO/downlink/include]
/sos/sw/S19.2.0/STUDIO/downlink/bin/darksubng: Uncertainty calculations will be made
/sos/sw/S19.2.0/STUDIO/downlink/bin/darksubng: compute - performing any unit conversions
/sos/sw/S19.2.0/STUDIO/downlink/bin/darksubng: compute - starting subtraction with masking 
/sos/sw/S19.2.0/STUDIO/downlink/bin/darksubng: Processing successful; Exiting

darksubng   exit_value =   0    execution_time = 0.210s
******************************************************************
Pipeline executing darkdrift
darkdrift -i skydarksub.fits -iu sig_skydarksub.fits -n cdf/pn107.nl -a /sos/sw/S19.2.0/STUDIO/downlink/include -o1 darkdrift.fits -o2 darkdriftcorr.fits -o3 darkdrift.tbl -ou sig_darkdrift.fits 
******************************************************************
Program darkdrift, Version 4.1
Namelist File  = cdf/pn107.nl
Input Image = skydarksub.fits
Input Uncertainty Image = sig_skydarksub.fits
Output Image 1 (corrected image) = darkdrift.fits
Output Image 2 (corrections) = darkdriftcorr.fits
Output Image 3 (uncertainties) = sig_darkdrift.fits
Output File 3 = darkdrift.tbl
Central fraction for trimmed average  = 0.900000
Central fraction for trimmed std. dev. = 0.900000
Time_Input = 0.250000
Time_Before = 0.000000
Time_After = 1.000000
Temp_Input = 270.000000
Temp_Before = 280.000000
Temp_After = 260.000000
Calculation Type = 1
Input-Image Transpose Flag = 1
Multiplicative-Correction Flag (Additive if zero) = 0
Readout Channel to exclude (none if zero) = 0
Data-Plane Flag = 1
Ancillary Data-File Path = /sos/sw/S19.2.0/STUDIO/downlink/include
Verbose flag = 0
Super-verbose flag = 0
Debug flag = 0
Dark-current offsets estimated from input image.

Detailed darkdrift calculational results:
...for data plane = 1
Darkdrift correction for readout-channel 1 = -0.620513
Darkdrift correction for readout-channel 2 = 0.216917
Darkdrift correction for readout-channel 3 = -0.144714
Darkdrift correction for readout-channel 4 = 0.548309
Darkdrift uncertainty for readout-channel 1 = 0.300041
Darkdrift uncertainty for readout-channel 2 = 0.337944
Darkdrift uncertainty for readout-channel 3 = 0.301122
Darkdrift uncertainty for readout-channel 4 = 0.301173
Trimmed average of values in readout-channel 1 = 6.827649
Trimmed average of values in readout-channel 2 = 7.665079
Trimmed average of values in readout-channel 3 = 7.303448
Trimmed average of values in readout-channel 4 = 7.996471
Darkdrift background term = 7.448162
...for data plane = 2
Darkdrift correction for readout-channel 1 = -0.245367
Darkdrift correction for readout-channel 2 = -0.688647
Darkdrift correction for readout-channel 3 = 0.605818
Darkdrift correction for readout-channel 4 = 0.328196
Darkdrift uncertainty for readout-channel 1 = 0.304637
Darkdrift uncertainty for readout-channel 2 = 0.302990
Darkdrift uncertainty for readout-channel 3 = 0.302982
Darkdrift uncertainty for readout-channel 4 = 0.302744
Trimmed average of values in readout-channel 1 = 4.472537
Trimmed average of values in readout-channel 2 = 4.029257
Trimmed average of values in readout-channel 3 = 5.323722
Trimmed average of values in readout-channel 4 = 5.046100
Darkdrift background term = 4.717904
...for data plane = 3
Darkdrift correction for readout-channel 1 = -0.001190
Darkdrift correction for readout-channel 2 = -0.325358
Darkdrift correction for readout-channel 3 = -0.026972
Darkdrift correction for readout-channel 4 = 0.353521
Darkdrift uncertainty for readout-channel 1 = 0.303100
Darkdrift uncertainty for readout-channel 2 = 0.303269
Darkdrift uncertainty for readout-channel 3 = 0.303056
Darkdrift uncertainty for readout-channel 4 = 0.303054
Trimmed average of values in readout-channel 1 = 5.125900
Trimmed average of values in readout-channel 2 = 4.801733
Trimmed average of values in readout-channel 3 = 5.100118
Trimmed average of values in readout-channel 4 = 5.480611
Darkdrift background term = 5.127090
...for data plane = 4
Darkdrift correction for readout-channel 1 = -0.002470
Darkdrift correction for readout-channel 2 = 0.306074
Darkdrift correction for readout-channel 3 = -0.384546
Darkdrift correction for readout-channel 4 = 0.080943
Darkdrift uncertainty for readout-channel 1 = 0.375756
Darkdrift uncertainty for readout-channel 2 = 0.303531
Darkdrift uncertainty for readout-channel 3 = 0.378162
Darkdrift uncertainty for readout-channel 4 = 0.303152
Trimmed average of values in readout-channel 1 = 5.352016
Trimmed average of values in readout-channel 2 = 5.660560
Trimmed average of values in readout-channel 3 = 4.969940
Trimmed average of values in readout-channel 4 = 5.435429
Darkdrift background term = 5.354486
...for data plane = 5
Darkdrift correction for readout-channel 1 = -0.251073
Darkdrift correction for readout-channel 2 = -0.081327
Darkdrift correction for readout-channel 3 = 0.068715
Darkdrift correction for readout-channel 4 = 0.263685
Darkdrift uncertainty for readout-channel 1 = 0.302975
Darkdrift uncertainty for readout-channel 2 = 0.302980
Darkdrift uncertainty for readout-channel 3 = 0.302987
Darkdrift uncertainty for readout-channel 4 = 0.302728
Trimmed average of values in readout-channel 1 = 5.512594
Trimmed average of values in readout-channel 2 = 5.682339
Trimmed average of values in readout-channel 3 = 5.832382
Trimmed average of values in readout-channel 4 = 6.027352
Darkdrift background term = 5.763667
...for data plane = 6
Darkdrift correction for readout-channel 1 = 0.302232
Darkdrift correction for readout-channel 2 = -0.083447
Darkdrift correction for readout-channel 3 = -0.237933
Darkdrift correction for readout-channel 4 = 0.019148
Darkdrift uncertainty for readout-channel 1 = 0.304386
Darkdrift uncertainty for readout-channel 2 = 0.303516
Darkdrift uncertainty for readout-channel 3 = 0.302963
Darkdrift uncertainty for readout-channel 4 = 0.302977
Trimmed average of values in readout-channel 1 = 6.043252
Trimmed average of values in readout-channel 2 = 5.657573
Trimmed average of values in readout-channel 3 = 5.503086
Trimmed average of values in readout-channel 4 = 5.760168
Darkdrift background term = 5.741020
...for data plane = 7
Darkdrift correction for readout-channel 1 = -0.160840
Darkdrift correction for readout-channel 2 = -0.282116
Darkdrift correction for readout-channel 3 = 0.460388
Darkdrift correction for readout-channel 4 = -0.017432
Darkdrift uncertainty for readout-channel 1 = 0.302977
Darkdrift uncertainty for readout-channel 2 = 0.303524
Darkdrift uncertainty for readout-channel 3 = 0.303136
Darkdrift uncertainty for readout-channel 4 = 0.303052
Trimmed average of values in readout-channel 1 = 5.748899
Trimmed average of values in readout-channel 2 = 5.627623
Trimmed average of values in readout-channel 3 = 6.370127
Trimmed average of values in readout-channel 4 = 5.892307
Darkdrift background term = 5.909739
...for data plane = 8
Darkdrift correction for readout-channel 1 = 0.172799
Darkdrift correction for readout-channel 2 = -0.598783
Darkdrift correction for readout-channel 3 = -0.109423
Darkdrift correction for readout-channel 4 = 0.535407
Darkdrift uncertainty for readout-channel 1 = 0.302977
Darkdrift uncertainty for readout-channel 2 = 0.301867
Darkdrift uncertainty for readout-channel 3 = 0.303137
Darkdrift uncertainty for readout-channel 4 = 0.303242
Trimmed average of values in readout-channel 1 = 5.853484
Trimmed average of values in readout-channel 2 = 5.081902
Trimmed average of values in readout-channel 3 = 5.571262
Trimmed average of values in readout-channel 4 = 6.216092
Darkdrift background term = 5.680685
...for data plane = 9
Darkdrift correction for readout-channel 1 = 0.315785
Darkdrift correction for readout-channel 2 = -0.188652
Darkdrift correction for readout-channel 3 = -0.034833
Darkdrift correction for readout-channel 4 = -0.092300
Darkdrift uncertainty for readout-channel 1 = 0.302881
Darkdrift uncertainty for readout-channel 2 = 0.303243
Darkdrift uncertainty for readout-channel 3 = 0.303550
Darkdrift uncertainty for readout-channel 4 = 0.303052
Trimmed average of values in readout-channel 1 = 5.545781
Trimmed average of values in readout-channel 2 = 5.041344
Trimmed average of values in readout-channel 3 = 5.195163
Trimmed average of values in readout-channel 4 = 5.137695
Darkdrift background term = 5.229996
...for data plane = 10
Darkdrift correction for readout-channel 1 = -0.110459
Darkdrift correction for readout-channel 2 = 0.179714
Darkdrift correction for readout-channel 3 = 0.069773
Darkdrift correction for readout-channel 4 = -0.139029
Darkdrift uncertainty for readout-channel 1 = 0.303104
Darkdrift uncertainty for readout-channel 2 = 0.298838
Darkdrift uncertainty for readout-channel 3 = 0.303207
Darkdrift uncertainty for readout-channel 4 = 0.302980
Trimmed average of values in readout-channel 1 = 5.565307
Trimmed average of values in readout-channel 2 = 5.855480
Trimmed average of values in readout-channel 3 = 5.745539
Trimmed average of values in readout-channel 4 = 5.536737
Darkdrift background term = 5.675765
...for data plane = 11
Darkdrift correction for readout-channel 1 = -0.167403
Darkdrift correction for readout-channel 2 = -0.093872
Darkdrift correction for readout-channel 3 = 0.090852
Darkdrift correction for readout-channel 4 = 0.170423
Darkdrift uncertainty for readout-channel 1 = 0.378061
Darkdrift uncertainty for readout-channel 2 = 0.302976
Darkdrift uncertainty for readout-channel 3 = 0.302581
Darkdrift uncertainty for readout-channel 4 = 0.302970
Trimmed average of values in readout-channel 1 = 5.339497
Trimmed average of values in readout-channel 2 = 5.413028
Trimmed average of values in readout-channel 3 = 5.597752
Trimmed average of values in readout-channel 4 = 5.677324
Darkdrift background term = 5.506900
...for data plane = 12
Darkdrift correction for readout-channel 1 = 0.068294
Darkdrift correction for readout-channel 2 = -0.368403
Darkdrift correction for readout-channel 3 = 0.064916
Darkdrift correction for readout-channel 4 = 0.235193
Darkdrift uncertainty for readout-channel 1 = 0.303227
Darkdrift uncertainty for readout-channel 2 = 0.302418
Darkdrift uncertainty for readout-channel 3 = 0.302990
Darkdrift uncertainty for readout-channel 4 = 0.340769
Trimmed average of values in readout-channel 1 = 5.942990
Trimmed average of values in readout-channel 2 = 5.506293
Trimmed average of values in readout-channel 3 = 5.939612
Trimmed average of values in readout-channel 4 = 6.109888
Darkdrift background term = 5.874696
...for data plane = 13
Darkdrift correction for readout-channel 1 = -0.243385
Darkdrift correction for readout-channel 2 = 0.088789
Darkdrift correction for readout-channel 3 = 0.032498
Darkdrift correction for readout-channel 4 = 0.122097
Darkdrift uncertainty for readout-channel 1 = 0.302735
Darkdrift uncertainty for readout-channel 2 = 0.302975
Darkdrift uncertainty for readout-channel 3 = 0.302975
Darkdrift uncertainty for readout-channel 4 = 0.303639
Trimmed average of values in readout-channel 1 = 5.376035
Trimmed average of values in readout-channel 2 = 5.708209
Trimmed average of values in readout-channel 3 = 5.651917
Trimmed average of values in readout-channel 4 = 5.741516
Darkdrift background term = 5.619419
...for data plane = 14
Darkdrift correction for readout-channel 1 = 0.397075
Darkdrift correction for readout-channel 2 = -0.369666
Darkdrift correction for readout-channel 3 = -0.185562
Darkdrift correction for readout-channel 4 = 0.158153
Darkdrift uncertainty for readout-channel 1 = 0.302981
Darkdrift uncertainty for readout-channel 2 = 0.302990
Darkdrift uncertainty for readout-channel 3 = 0.303524
Darkdrift uncertainty for readout-channel 4 = 0.302972
Trimmed average of values in readout-channel 1 = 6.495150
Trimmed average of values in readout-channel 2 = 5.728409
Trimmed average of values in readout-channel 3 = 5.912512
Trimmed average of values in readout-channel 4 = 6.256228
Darkdrift background term = 6.098075
...for data plane = 15
Darkdrift correction for readout-channel 1 = -0.090413
Darkdrift correction for readout-channel 2 = 0.039531
Darkdrift correction for readout-channel 3 = 0.111522
Darkdrift correction for readout-channel 4 = -0.060641
Darkdrift uncertainty for readout-channel 1 = 0.303239
Darkdrift uncertainty for readout-channel 2 = 0.302969
Darkdrift uncertainty for readout-channel 3 = 0.303043
Darkdrift uncertainty for readout-channel 4 = 0.301038
Trimmed average of values in readout-channel 1 = 5.788864
Trimmed average of values in readout-channel 2 = 5.918807
Trimmed average of values in readout-channel 3 = 5.990799
Trimmed average of values in readout-channel 4 = 5.818636
Darkdrift background term = 5.879277
...for data plane = 16
Darkdrift correction for readout-channel 1 = -0.142601
Darkdrift correction for readout-channel 2 = -0.263133
Darkdrift correction for readout-channel 3 = 0.020361
Darkdrift correction for readout-channel 4 = 0.385373
Darkdrift uncertainty for readout-channel 1 = 0.302977
Darkdrift uncertainty for readout-channel 2 = 0.301585
Darkdrift uncertainty for readout-channel 3 = 0.303125
Darkdrift uncertainty for readout-channel 4 = 0.302979
Trimmed average of values in readout-channel 1 = 5.919280
Trimmed average of values in readout-channel 2 = 5.798748
Trimmed average of values in readout-channel 3 = 6.082241
Trimmed average of values in readout-channel 4 = 6.447253
Darkdrift background term = 6.061880
...for data plane = 17
Darkdrift correction for readout-channel 1 = -0.323557
Darkdrift correction for readout-channel 2 = -0.132210
Darkdrift correction for readout-channel 3 = 0.191359
Darkdrift correction for readout-channel 4 = 0.264408
Darkdrift uncertainty for readout-channel 1 = 0.302968
Darkdrift uncertainty for readout-channel 2 = 0.303567
Darkdrift uncertainty for readout-channel 3 = 0.302896
Darkdrift uncertainty for readout-channel 4 = 0.302737
Trimmed average of values in readout-channel 1 = 5.562806
Trimmed average of values in readout-channel 2 = 5.754153
Trimmed average of values in readout-channel 3 = 6.077722
Trimmed average of values in readout-channel 4 = 6.150771
Darkdrift background term = 5.886363
...for data plane = 18
Darkdrift correction for readout-channel 1 = 0.099939
Darkdrift correction for readout-channel 2 = -0.436667
Darkdrift correction for readout-channel 3 = 0.204507
Darkdrift correction for readout-channel 4 = 0.132221
Darkdrift uncertainty for readout-channel 1 = 0.302024
Darkdrift uncertainty for readout-channel 2 = 0.302979
Darkdrift uncertainty for readout-channel 3 = 0.303451
Darkdrift uncertainty for readout-channel 4 = 0.302970
Trimmed average of values in readout-channel 1 = 5.770436
Trimmed average of values in readout-channel 2 = 5.233830
Trimmed average of values in readout-channel 3 = 5.875004
Trimmed average of values in readout-channel 4 = 5.802718
Darkdrift background term = 5.670497
...for data plane = 19
Darkdrift correction for readout-channel 1 = -0.101785
Darkdrift correction for readout-channel 2 = 0.022109
Darkdrift correction for readout-channel 3 = -0.285166
Darkdrift correction for readout-channel 4 = 0.364842
Darkdrift uncertainty for readout-channel 1 = 0.302981
Darkdrift uncertainty for readout-channel 2 = 0.233308
Darkdrift uncertainty for readout-channel 3 = 0.302974
Darkdrift uncertainty for readout-channel 4 = 0.303151
Trimmed average of values in readout-channel 1 = 5.533179
Trimmed average of values in readout-channel 2 = 5.657073
Trimmed average of values in readout-channel 3 = 5.349798
Trimmed average of values in readout-channel 4 = 5.999806
Darkdrift background term = 5.634964
...for data plane = 20
Darkdrift correction for readout-channel 1 = 0.140647
Darkdrift correction for readout-channel 2 = -0.086264
Darkdrift correction for readout-channel 3 = 0.053946
Darkdrift correction for readout-channel 4 = -0.108329
Darkdrift uncertainty for readout-channel 1 = 0.303228
Darkdrift uncertainty for readout-channel 2 = 0.303525
Darkdrift uncertainty for readout-channel 3 = 0.303049
Darkdrift uncertainty for readout-channel 4 = 0.303130
Trimmed average of values in readout-channel 1 = 5.832429
Trimmed average of values in readout-channel 2 = 5.605518
Trimmed average of values in readout-channel 3 = 5.745729
Trimmed average of values in readout-channel 4 = 5.583454
Darkdrift background term = 5.691782
...for data plane = 21
Darkdrift correction for readout-channel 1 = -0.156818
Darkdrift correction for readout-channel 2 = -0.297978
Darkdrift correction for readout-channel 3 = 0.042331
Darkdrift correction for readout-channel 4 = 0.412464
Darkdrift uncertainty for readout-channel 1 = 0.377946
Darkdrift uncertainty for readout-channel 2 = 0.304359
Darkdrift uncertainty for readout-channel 3 = 0.303210
Darkdrift uncertainty for readout-channel 4 = 0.303040
Trimmed average of values in readout-channel 1 = 5.561917
Trimmed average of values in readout-channel 2 = 5.420757
Trimmed average of values in readout-channel 3 = 5.761066
Trimmed average of values in readout-channel 4 = 6.131199
Darkdrift background term = 5.718735
...for data plane = 22
Darkdrift correction for readout-channel 1 = -0.076685
Darkdrift correction for readout-channel 2 = -0.080439
Darkdrift correction for readout-channel 3 = 0.146115
Darkdrift correction for readout-channel 4 = 0.011009
Darkdrift uncertainty for readout-channel 1 = 0.303101
Darkdrift uncertainty for readout-channel 2 = 0.303236
Darkdrift uncertainty for readout-channel 3 = 0.303144
Darkdrift uncertainty for readout-channel 4 = 0.303148
Trimmed average of values in readout-channel 1 = 5.783801
Trimmed average of values in readout-channel 2 = 5.780047
Trimmed average of values in readout-channel 3 = 6.006601
Trimmed average of values in readout-channel 4 = 5.871495
Darkdrift background term = 5.860486
...for data plane = 23
Darkdrift correction for readout-channel 1 = 0.121445
Darkdrift correction for readout-channel 2 = -0.465980
Darkdrift correction for readout-channel 3 = -0.127458
Darkdrift correction for readout-channel 4 = 0.471993
Darkdrift uncertainty for readout-channel 1 = 0.303719
Darkdrift uncertainty for readout-channel 2 = 0.302975
Darkdrift uncertainty for readout-channel 3 = 0.227705
Darkdrift uncertainty for readout-channel 4 = 0.302947
Trimmed average of values in readout-channel 1 = 6.045840
Trimmed average of values in readout-channel 2 = 5.458415
Trimmed average of values in readout-channel 3 = 5.796937
Trimmed average of values in readout-channel 4 = 6.396388
Darkdrift background term = 5.924395
...for data plane = 24
Darkdrift correction for readout-channel 1 = 0.061885
Darkdrift correction for readout-channel 2 = 0.308729
Darkdrift correction for readout-channel 3 = -0.179331
Darkdrift correction for readout-channel 4 = -0.191284
Darkdrift uncertainty for readout-channel 1 = 0.303889
Darkdrift uncertainty for readout-channel 2 = 0.303273
Darkdrift uncertainty for readout-channel 3 = 0.303150
Darkdrift uncertainty for readout-channel 4 = 0.264930
Trimmed average of values in readout-channel 1 = 5.930658
Trimmed average of values in readout-channel 2 = 6.177502
Trimmed average of values in readout-channel 3 = 5.689442
Trimmed average of values in readout-channel 4 = 5.677489
Darkdrift background term = 5.868773
...for data plane = 25
Darkdrift correction for readout-channel 1 = -0.473989
Darkdrift correction for readout-channel 2 = -0.043630
Darkdrift correction for readout-channel 3 = 0.021313
Darkdrift correction for readout-channel 4 = 0.496307
Darkdrift uncertainty for readout-channel 1 = 0.303459
Darkdrift uncertainty for readout-channel 2 = 0.302965
Darkdrift uncertainty for readout-channel 3 = 0.303887
Darkdrift uncertainty for readout-channel 4 = 0.303161
Trimmed average of values in readout-channel 1 = 5.377490
Trimmed average of values in readout-channel 2 = 5.807849
Trimmed average of values in readout-channel 3 = 5.872792
Trimmed average of values in readout-channel 4 = 6.347786
Darkdrift background term = 5.851479
...for data plane = 26
Darkdrift correction for readout-channel 1 = 0.111268
Darkdrift correction for readout-channel 2 = 0.052045
Darkdrift correction for readout-channel 3 = -0.367275
Darkdrift correction for readout-channel 4 = 0.203962
Darkdrift uncertainty for readout-channel 1 = 0.302977
Darkdrift uncertainty for readout-channel 2 = 0.304083
Darkdrift uncertainty for readout-channel 3 = 0.303050
Darkdrift uncertainty for readout-channel 4 = 0.303071
Trimmed average of values in readout-channel 1 = 6.011602
Trimmed average of values in readout-channel 2 = 5.952378
Trimmed average of values in readout-channel 3 = 5.533059
Trimmed average of values in readout-channel 4 = 6.104295
Darkdrift background term = 5.900333
...for data plane = 27
Darkdrift correction for readout-channel 1 = 0.170543
Darkdrift correction for readout-channel 2 = -0.438505
Darkdrift correction for readout-channel 3 = 0.165731
Darkdrift correction for readout-channel 4 = 0.102231
Darkdrift uncertainty for readout-channel 1 = 0.305314
Darkdrift uncertainty for readout-channel 2 = 0.303247
Darkdrift uncertainty for readout-channel 3 = 0.303131
Darkdrift uncertainty for readout-channel 4 = 0.302974
Trimmed average of values in readout-channel 1 = 6.026920
Trimmed average of values in readout-channel 2 = 5.417872
Trimmed average of values in readout-channel 3 = 6.022108
Trimmed average of values in readout-channel 4 = 5.958608
Darkdrift background term = 5.856377
...for data plane = 28
Darkdrift correction for readout-channel 1 = 0.644040
Darkdrift correction for readout-channel 2 = -0.669406
Darkdrift correction for readout-channel 3 = -0.077778
Darkdrift correction for readout-channel 4 = 0.103144
Darkdrift uncertainty for readout-channel 1 = 0.302845
Darkdrift uncertainty for readout-channel 2 = 0.303244
Darkdrift uncertainty for readout-channel 3 = 0.303128
Darkdrift uncertainty for readout-channel 4 = 0.302824
Trimmed average of values in readout-channel 1 = 6.121112
Trimmed average of values in readout-channel 2 = 4.807666
Trimmed average of values in readout-channel 3 = 5.399295
Trimmed average of values in readout-channel 4 = 5.580216
Darkdrift background term = 5.477072
...for data plane = 29
Darkdrift correction for readout-channel 1 = -0.279573
Darkdrift correction for readout-channel 2 = -0.117982
Darkdrift correction for readout-channel 3 = 0.107876
Darkdrift correction for readout-channel 4 = 0.289679
Darkdrift uncertainty for readout-channel 1 = 0.302972
Darkdrift uncertainty for readout-channel 2 = 0.289176
Darkdrift uncertainty for readout-channel 3 = 0.302973
Darkdrift uncertainty for readout-channel 4 = 0.303224
Trimmed average of values in readout-channel 1 = 5.523111
Trimmed average of values in readout-channel 2 = 5.684702
Trimmed average of values in readout-channel 3 = 5.910560
Trimmed average of values in readout-channel 4 = 6.092363
Darkdrift background term = 5.802684
...for data plane = 30
Darkdrift correction for readout-channel 1 = 0.070160
Darkdrift correction for readout-channel 2 = -0.062730
Darkdrift correction for readout-channel 3 = -0.314620
Darkdrift correction for readout-channel 4 = 0.307189
Darkdrift uncertainty for readout-channel 1 = 0.302583
Darkdrift uncertainty for readout-channel 2 = 0.302983
Darkdrift uncertainty for readout-channel 3 = 0.302960
Darkdrift uncertainty for readout-channel 4 = 0.303131
Trimmed average of values in readout-channel 1 = 5.495814
Trimmed average of values in readout-channel 2 = 5.362925
Trimmed average of values in readout-channel 3 = 5.111035
Trimmed average of values in readout-channel 4 = 5.732844
Darkdrift background term = 5.425655
...for data plane = 31
Darkdrift correction for readout-channel 1 = -0.597472
Darkdrift correction for readout-channel 2 = -0.195875
Darkdrift correction for readout-channel 3 = -0.089329
Darkdrift correction for readout-channel 4 = 0.882676
Darkdrift uncertainty for readout-channel 1 = 0.302974
Darkdrift uncertainty for readout-channel 2 = 0.302965
Darkdrift uncertainty for readout-channel 3 = 0.303464
Darkdrift uncertainty for readout-channel 4 = 0.302981
Trimmed average of values in readout-channel 1 = 5.171800
Trimmed average of values in readout-channel 2 = 5.573397
Trimmed average of values in readout-channel 3 = 5.679943
Trimmed average of values in readout-channel 4 = 6.651948
Darkdrift background term = 5.769272
...for data plane = 32
Darkdrift correction for readout-channel 1 = -0.313661
Darkdrift correction for readout-channel 2 = 0.069725
Darkdrift correction for readout-channel 3 = 0.051242
Darkdrift correction for readout-channel 4 = 0.192694
Darkdrift uncertainty for readout-channel 1 = 0.302316
Darkdrift uncertainty for readout-channel 2 = 0.304070
Darkdrift uncertainty for readout-channel 3 = 0.302981
Darkdrift uncertainty for readout-channel 4 = 0.304150
Trimmed average of values in readout-channel 1 = 5.436270
Trimmed average of values in readout-channel 2 = 5.819656
Trimmed average of values in readout-channel 3 = 5.801173
Trimmed average of values in readout-channel 4 = 5.942625
Darkdrift background term = 5.749931
...for data plane = 33
Darkdrift correction for readout-channel 1 = -0.248245
Darkdrift correction for readout-channel 2 = 0.048575
Darkdrift correction for readout-channel 3 = -0.152749
Darkdrift correction for readout-channel 4 = 0.352419
Darkdrift uncertainty for readout-channel 1 = 0.378198
Darkdrift uncertainty for readout-channel 2 = 0.302974
Darkdrift uncertainty for readout-channel 3 = 0.303072
Darkdrift uncertainty for readout-channel 4 = 0.302636
Trimmed average of values in readout-channel 1 = 5.515771
Trimmed average of values in readout-channel 2 = 5.812592
Trimmed average of values in readout-channel 3 = 5.611268
Trimmed average of values in readout-channel 4 = 6.116436
Darkdrift background term = 5.764017
...for data plane = 34
Darkdrift correction for readout-channel 1 = 0.154551
Darkdrift correction for readout-channel 2 = -0.158236
Darkdrift correction for readout-channel 3 = 0.045955
Darkdrift correction for readout-channel 4 = -0.042270
Darkdrift uncertainty for readout-channel 1 = 0.303099
Darkdrift uncertainty for readout-channel 2 = 0.228888
Darkdrift uncertainty for readout-channel 3 = 0.303052
Darkdrift uncertainty for readout-channel 4 = 0.302971
Trimmed average of values in readout-channel 1 = 6.418925
Trimmed average of values in readout-channel 2 = 6.106138
Trimmed average of values in readout-channel 3 = 6.310329
Trimmed average of values in readout-channel 4 = 6.222104
Darkdrift background term = 6.264374
...for data plane = 35
Darkdrift correction for readout-channel 1 = 0.244348
Darkdrift correction for readout-channel 2 = -0.397016
Darkdrift correction for readout-channel 3 = 0.055257
Darkdrift correction for readout-channel 4 = 0.097412
Darkdrift uncertainty for readout-channel 1 = 0.303234
Darkdrift uncertainty for readout-channel 2 = 0.303016
Darkdrift uncertainty for readout-channel 3 = 0.303368
Darkdrift uncertainty for readout-channel 4 = 0.303121
Trimmed average of values in readout-channel 1 = 6.020990
Trimmed average of values in readout-channel 2 = 5.379626
Trimmed average of values in readout-channel 3 = 5.831899
Trimmed average of values in readout-channel 4 = 5.874054
Darkdrift background term = 5.776642
...for data plane = 36
Darkdrift correction for readout-channel 1 = -0.013763
Darkdrift correction for readout-channel 2 = -0.117671
Darkdrift correction for readout-channel 3 = 0.048217
Darkdrift correction for readout-channel 4 = 0.083217
Darkdrift uncertainty for readout-channel 1 = 0.303106
Darkdrift uncertainty for readout-channel 2 = 0.303265
Darkdrift uncertainty for readout-channel 3 = 0.302987
Darkdrift uncertainty for readout-channel 4 = 0.303161
Trimmed average of values in readout-channel 1 = 6.250664
Trimmed average of values in readout-channel 2 = 6.146756
Trimmed average of values in readout-channel 3 = 6.312644
Trimmed average of values in readout-channel 4 = 6.347643
Darkdrift background term = 6.264427
...for data plane = 37
Darkdrift correction for readout-channel 1 = 0.160321
Darkdrift correction for readout-channel 2 = -0.241314
Darkdrift correction for readout-channel 3 = 0.060802
Darkdrift correction for readout-channel 4 = 0.020192
Darkdrift uncertainty for readout-channel 1 = 0.302979
Darkdrift uncertainty for readout-channel 2 = 0.233290
Darkdrift uncertainty for readout-channel 3 = 0.302987
Darkdrift uncertainty for readout-channel 4 = 0.303163
Trimmed average of values in readout-channel 1 = 6.197597
Trimmed average of values in readout-channel 2 = 5.795962
Trimmed average of values in readout-channel 3 = 6.098078
Trimmed average of values in readout-channel 4 = 6.057468
Darkdrift background term = 6.037276
...for data plane = 38
Darkdrift correction for readout-channel 1 = 0.211900
Darkdrift correction for readout-channel 2 = -0.486693
Darkdrift correction for readout-channel 3 = 0.289276
Darkdrift correction for readout-channel 4 = -0.014483
Darkdrift uncertainty for readout-channel 1 = 0.302839
Darkdrift uncertainty for readout-channel 2 = 0.302970
Darkdrift uncertainty for readout-channel 3 = 0.303206
Darkdrift uncertainty for readout-channel 4 = 0.302990
Trimmed average of values in readout-channel 1 = 5.705804
Trimmed average of values in readout-channel 2 = 5.007210
Trimmed average of values in readout-channel 3 = 5.783180
Trimmed average of values in readout-channel 4 = 5.479421
Darkdrift background term = 5.493904
...for data plane = 39
Darkdrift correction for readout-channel 1 = 0.026125
Darkdrift correction for readout-channel 2 = -0.646099
Darkdrift correction for readout-channel 3 = -0.008579
Darkdrift correction for readout-channel 4 = 0.628553
Darkdrift uncertainty for readout-channel 1 = 0.302986
Darkdrift uncertainty for readout-channel 2 = 0.302701
Darkdrift uncertainty for readout-channel 3 = 0.303319
Darkdrift uncertainty for readout-channel 4 = 0.303983
Trimmed average of values in readout-channel 1 = 5.683414
Trimmed average of values in readout-channel 2 = 5.011190
Trimmed average of values in readout-channel 3 = 5.648710
Trimmed average of values in readout-channel 4 = 6.285842
Darkdrift background term = 5.657289
...for data plane = 40
Darkdrift correction for readout-channel 1 = -0.077415
Darkdrift correction for readout-channel 2 = -0.355364
Darkdrift correction for readout-channel 3 = 0.303130
Darkdrift correction for readout-channel 4 = 0.129649
Darkdrift uncertainty for readout-channel 1 = 0.303617
Darkdrift uncertainty for readout-channel 2 = 0.303527
Darkdrift uncertainty for readout-channel 3 = 0.303135
Darkdrift uncertainty for readout-channel 4 = 0.302995
Trimmed average of values in readout-channel 1 = 5.471778
Trimmed average of values in readout-channel 2 = 5.193828
Trimmed average of values in readout-channel 3 = 5.852322
Trimmed average of values in readout-channel 4 = 5.678841
Darkdrift background term = 5.549192
...for data plane = 41
Darkdrift correction for readout-channel 1 = 0.131157
Darkdrift correction for readout-channel 2 = -0.181051
Darkdrift correction for readout-channel 3 = -0.067180
Darkdrift correction for readout-channel 4 = 0.117075
Darkdrift uncertainty for readout-channel 1 = 0.227887
Darkdrift uncertainty for readout-channel 2 = 0.303247
Darkdrift uncertainty for readout-channel 3 = 0.302968
Darkdrift uncertainty for readout-channel 4 = 0.303339
Trimmed average of values in readout-channel 1 = 5.903548
Trimmed average of values in readout-channel 2 = 5.591339
Trimmed average of values in readout-channel 3 = 5.705210
Trimmed average of values in readout-channel 4 = 5.889465
Darkdrift background term = 5.772390
...for data plane = 42
Darkdrift correction for readout-channel 1 = -0.288439
Darkdrift correction for readout-channel 2 = -0.069805
Darkdrift correction for readout-channel 3 = -0.060439
Darkdrift correction for readout-channel 4 = 0.418683
Darkdrift uncertainty for readout-channel 1 = 0.230197
Darkdrift uncertainty for readout-channel 2 = 0.304098
Darkdrift uncertainty for readout-channel 3 = 0.302985
Darkdrift uncertainty for readout-channel 4 = 0.376698
Trimmed average of values in readout-channel 1 = 5.177658
Trimmed average of values in readout-channel 2 = 5.396292
Trimmed average of values in readout-channel 3 = 5.405658
Trimmed average of values in readout-channel 4 = 5.884780
Darkdrift background term = 5.466097
...for data plane = 43
Darkdrift correction for readout-channel 1 = 0.065218
Darkdrift correction for readout-channel 2 = -0.221970
Darkdrift correction for readout-channel 3 = -0.039102
Darkdrift correction for readout-channel 4 = 0.195854
Darkdrift uncertainty for readout-channel 1 = 0.303621
Darkdrift uncertainty for readout-channel 2 = 0.303249
Darkdrift uncertainty for readout-channel 3 = 0.303128
Darkdrift uncertainty for readout-channel 4 = 0.302801
Trimmed average of values in readout-channel 1 = 5.735622
Trimmed average of values in readout-channel 2 = 5.448434
Trimmed average of values in readout-channel 3 = 5.631302
Trimmed average of values in readout-channel 4 = 5.866258
Darkdrift background term = 5.670404
...for data plane = 44
Darkdrift correction for readout-channel 1 = -0.188842
Darkdrift correction for readout-channel 2 = 0.020236
Darkdrift correction for readout-channel 3 = 0.136596
Darkdrift correction for readout-channel 4 = 0.032010
Darkdrift uncertainty for readout-channel 1 = 0.303108
Darkdrift uncertainty for readout-channel 2 = 0.303514
Darkdrift uncertainty for readout-channel 3 = 0.304278
Darkdrift uncertainty for readout-channel 4 = 0.303066
Trimmed average of values in readout-channel 1 = 5.341638
Trimmed average of values in readout-channel 2 = 5.550715
Trimmed average of values in readout-channel 3 = 5.667076
Trimmed average of values in readout-channel 4 = 5.562489
Darkdrift background term = 5.530480
...for data plane = 45
Darkdrift correction for readout-channel 1 = -0.269672
Darkdrift correction for readout-channel 2 = -0.440348
Darkdrift correction for readout-channel 3 = -0.101060
Darkdrift correction for readout-channel 4 = 0.811080
Darkdrift uncertainty for readout-channel 1 = 0.302975
Darkdrift uncertainty for readout-channel 2 = 0.302430
Darkdrift uncertainty for readout-channel 3 = 0.302723
Darkdrift uncertainty for readout-channel 4 = 0.302966
Trimmed average of values in readout-channel 1 = 5.605407
Trimmed average of values in readout-channel 2 = 5.434731
Trimmed average of values in readout-channel 3 = 5.774019
Trimmed average of values in readout-channel 4 = 6.686159
Darkdrift background term = 5.875079
...for data plane = 46
Darkdrift correction for readout-channel 1 = 0.375305
Darkdrift correction for readout-channel 2 = -0.080950
Darkdrift correction for readout-channel 3 = -0.271523
Darkdrift correction for readout-channel 4 = -0.022832
Darkdrift uncertainty for readout-channel 1 = 0.302965
Darkdrift uncertainty for readout-channel 2 = 0.302398
Darkdrift uncertainty for readout-channel 3 = 0.303531
Darkdrift uncertainty for readout-channel 4 = 0.302982
Trimmed average of values in readout-channel 1 = 6.175067
Trimmed average of values in readout-channel 2 = 5.718813
Trimmed average of values in readout-channel 3 = 5.528240
Trimmed average of values in readout-channel 4 = 5.776931
Darkdrift background term = 5.799763
...for data plane = 47
Darkdrift correction for readout-channel 1 = 0.209887
Darkdrift correction for readout-channel 2 = -0.259402
Darkdrift correction for readout-channel 3 = 0.006955
Darkdrift correction for readout-channel 4 = 0.042560
Darkdrift uncertainty for readout-channel 1 = 0.303468
Darkdrift uncertainty for readout-channel 2 = 0.303516
Darkdrift uncertainty for readout-channel 3 = 0.303049
Darkdrift uncertainty for readout-channel 4 = 0.303056
Trimmed average of values in readout-channel 1 = 6.008396
Trimmed average of values in readout-channel 2 = 5.539107
Trimmed average of values in readout-channel 3 = 5.805464
Trimmed average of values in readout-channel 4 = 5.841068
Darkdrift background term = 5.798509
...for data plane = 48
Darkdrift correction for readout-channel 1 = 0.022172
Darkdrift correction for readout-channel 2 = -0.415650
Darkdrift correction for readout-channel 3 = 0.145726
Darkdrift correction for readout-channel 4 = 0.247753
Darkdrift uncertainty for readout-channel 1 = 0.303231
Darkdrift uncertainty for readout-channel 2 = 0.303243
Darkdrift uncertainty for readout-channel 3 = 0.302816
Darkdrift uncertainty for readout-channel 4 = 0.303226
Trimmed average of values in readout-channel 1 = 5.903091
Trimmed average of values in readout-channel 2 = 5.465269
Trimmed average of values in readout-channel 3 = 6.026645
Trimmed average of values in readout-channel 4 = 6.128672
Darkdrift background term = 5.880919
...for data plane = 49
Darkdrift correction for readout-channel 1 = -0.080041
Darkdrift correction for readout-channel 2 = -0.218534
Darkdrift correction for readout-channel 3 = 0.135059
Darkdrift correction for readout-channel 4 = 0.163515
Darkdrift uncertainty for readout-channel 1 = 0.303479
Darkdrift uncertainty for readout-channel 2 = 0.303240
Darkdrift uncertainty for readout-channel 3 = 0.302974
Darkdrift uncertainty for readout-channel 4 = 0.303129
Trimmed average of values in readout-channel 1 = 5.550135
Trimmed average of values in readout-channel 2 = 5.411642
Trimmed average of values in readout-channel 3 = 5.765234
Trimmed average of values in readout-channel 4 = 5.793691
Darkdrift background term = 5.630175
...for data plane = 50
Darkdrift correction for readout-channel 1 = 0.168633
Darkdrift correction for readout-channel 2 = -0.251871
Darkdrift correction for readout-channel 3 = 0.215560
Darkdrift correction for readout-channel 4 = -0.132321
Darkdrift uncertainty for readout-channel 1 = 0.303002
Darkdrift uncertainty for readout-channel 2 = 0.302979
Darkdrift uncertainty for readout-channel 3 = 0.303000
Darkdrift uncertainty for readout-channel 4 = 0.302962
Trimmed average of values in readout-channel 1 = 5.849672
Trimmed average of values in readout-channel 2 = 5.429168
Trimmed average of values in readout-channel 3 = 5.896600
Trimmed average of values in readout-channel 4 = 5.548718
Darkdrift background term = 5.681039
...for data plane = 51
Darkdrift correction for readout-channel 1 = 0.128700
Darkdrift correction for readout-channel 2 = -0.293996
Darkdrift correction for readout-channel 3 = -0.131195
Darkdrift correction for readout-channel 4 = 0.296491
Darkdrift uncertainty for readout-channel 1 = 0.304412
Darkdrift uncertainty for readout-channel 2 = 0.302692
Darkdrift uncertainty for readout-channel 3 = 0.303054
Darkdrift uncertainty for readout-channel 4 = 0.302979
Trimmed average of values in readout-channel 1 = 5.656814
Trimmed average of values in readout-channel 2 = 5.234117
Trimmed average of values in readout-channel 3 = 5.396918
Trimmed average of values in readout-channel 4 = 5.824605
Darkdrift background term = 5.528113
...for data plane = 52
Darkdrift correction for readout-channel 1 = 0.512333
Darkdrift correction for readout-channel 2 = -0.549283
Darkdrift correction for readout-channel 3 = -0.181542
Darkdrift correction for readout-channel 4 = 0.218492
Darkdrift uncertainty for readout-channel 1 = 0.303490
Darkdrift uncertainty for readout-channel 2 = 0.303243
Darkdrift uncertainty for readout-channel 3 = 0.302727
Darkdrift uncertainty for readout-channel 4 = 0.303080
Trimmed average of values in readout-channel 1 = 6.139595
Trimmed average of values in readout-channel 2 = 5.077980
Trimmed average of values in readout-channel 3 = 5.445721
Trimmed average of values in readout-channel 4 = 5.845755
Darkdrift background term = 5.627263
...for data plane = 53
Darkdrift correction for readout-channel 1 = 0.271368
Darkdrift correction for readout-channel 2 = -0.458713
Darkdrift correction for readout-channel 3 = 0.074178
Darkdrift correction for readout-channel 4 = 0.113167
Darkdrift uncertainty for readout-channel 1 = 0.302970
Darkdrift uncertainty for readout-channel 2 = 0.304342
Darkdrift uncertainty for readout-channel 3 = 0.378394
Darkdrift uncertainty for readout-channel 4 = 0.304660
Trimmed average of values in readout-channel 1 = 5.873367
Trimmed average of values in readout-channel 2 = 5.143286
Trimmed average of values in readout-channel 3 = 5.676177
Trimmed average of values in readout-channel 4 = 5.715166
Darkdrift background term = 5.601999
...for data plane = 54
Darkdrift correction for readout-channel 1 = -0.073707
Darkdrift correction for readout-channel 2 = -0.022402
Darkdrift correction for readout-channel 3 = -0.013965
Darkdrift correction for readout-channel 4 = 0.110074
Darkdrift uncertainty for readout-channel 1 = 0.303759
Darkdrift uncertainty for readout-channel 2 = 0.303535
Darkdrift uncertainty for readout-channel 3 = 0.303053
Darkdrift uncertainty for readout-channel 4 = 0.378377
Trimmed average of values in readout-channel 1 = 5.560397
Trimmed average of values in readout-channel 2 = 5.611702
Trimmed average of values in readout-channel 3 = 5.620139
Trimmed average of values in readout-channel 4 = 5.744178
Darkdrift background term = 5.634104
...for data plane = 55
Darkdrift correction for readout-channel 1 = -0.030050
Darkdrift correction for readout-channel 2 = 0.033161
Darkdrift correction for readout-channel 3 = -0.037539
Darkdrift correction for readout-channel 4 = 0.034428
Darkdrift uncertainty for readout-channel 1 = 0.303231
Darkdrift uncertainty for readout-channel 2 = 0.304066
Darkdrift uncertainty for readout-channel 3 = 0.302169
Darkdrift uncertainty for readout-channel 4 = 0.303129
Trimmed average of values in readout-channel 1 = 5.600606
Trimmed average of values in readout-channel 2 = 5.663817
Trimmed average of values in readout-channel 3 = 5.593117
Trimmed average of values in readout-channel 4 = 5.665084
Darkdrift background term = 5.630656
...for data plane = 56
Darkdrift correction for readout-channel 1 = -0.195553
Darkdrift correction for readout-channel 2 = -0.053768
Darkdrift correction for readout-channel 3 = -0.065411
Darkdrift correction for readout-channel 4 = 0.314732
Darkdrift uncertainty for readout-channel 1 = 0.303614
Darkdrift uncertainty for readout-channel 2 = 0.305465
Darkdrift uncertainty for readout-channel 3 = 0.303138
Darkdrift uncertainty for readout-channel 4 = 0.378455
Trimmed average of values in readout-channel 1 = 5.552848
Trimmed average of values in readout-channel 2 = 5.694632
Trimmed average of values in readout-channel 3 = 5.682989
Trimmed average of values in readout-channel 4 = 6.063132
Darkdrift background term = 5.748400
...for data plane = 57
Darkdrift correction for readout-channel 1 = 0.108775
Darkdrift correction for readout-channel 2 = -0.043673
Darkdrift correction for readout-channel 3 = -0.016462
Darkdrift correction for readout-channel 4 = -0.048640
Darkdrift uncertainty for readout-channel 1 = 0.303365
Darkdrift uncertainty for readout-channel 2 = 0.302959
Darkdrift uncertainty for readout-channel 3 = 0.302905
Darkdrift uncertainty for readout-channel 4 = 0.303976
Trimmed average of values in readout-channel 1 = 6.048735
Trimmed average of values in readout-channel 2 = 5.896286
Trimmed average of values in readout-channel 3 = 5.923497
Trimmed average of values in readout-channel 4 = 5.891319
Darkdrift background term = 5.939959
...for data plane = 58
Darkdrift correction for readout-channel 1 = 0.299951
Darkdrift correction for readout-channel 2 = -0.039153
Darkdrift correction for readout-channel 3 = -0.484258
Darkdrift correction for readout-channel 4 = 0.223460
Darkdrift uncertainty for readout-channel 1 = 0.302953
Darkdrift uncertainty for readout-channel 2 = 0.301865
Darkdrift uncertainty for readout-channel 3 = 0.302946
Darkdrift uncertainty for readout-channel 4 = 0.376131
Trimmed average of values in readout-channel 1 = 0.985938
Trimmed average of values in readout-channel 2 = 0.646834
Trimmed average of values in readout-channel 3 = 0.201728
Trimmed average of values in readout-channel 4 = 0.909446
Darkdrift background term = 0.685987
...for data plane = 59
Darkdrift correction for readout-channel 1 = -0.038932
Darkdrift correction for readout-channel 2 = -0.621142
Darkdrift correction for readout-channel 3 = 0.191596
Darkdrift correction for readout-channel 4 = 0.468478
Darkdrift uncertainty for readout-channel 1 = 0.378583
Darkdrift uncertainty for readout-channel 2 = 0.303242
Darkdrift uncertainty for readout-channel 3 = 0.303294
Darkdrift uncertainty for readout-channel 4 = 0.302134
Trimmed average of values in readout-channel 1 = 5.380617
Trimmed average of values in readout-channel 2 = 4.798408
Trimmed average of values in readout-channel 3 = 5.611146
Trimmed average of values in readout-channel 4 = 5.888028
Darkdrift background term = 5.419550
...for data plane = 60
Darkdrift correction for readout-channel 1 = 0.086927
Darkdrift correction for readout-channel 2 = -0.303568
Darkdrift correction for readout-channel 3 = -0.041957
Darkdrift correction for readout-channel 4 = 0.258599
Darkdrift uncertainty for readout-channel 1 = 0.302960
Darkdrift uncertainty for readout-channel 2 = 0.303508
Darkdrift uncertainty for readout-channel 3 = 0.302955
Darkdrift uncertainty for readout-channel 4 = 0.303030
Trimmed average of values in readout-channel 1 = 5.789280
Trimmed average of values in readout-channel 2 = 5.398786
Trimmed average of values in readout-channel 3 = 5.660396
Trimmed average of values in readout-channel 4 = 5.960952
Darkdrift background term = 5.702354
...for data plane = 61
Darkdrift correction for readout-channel 1 = 0.001182
Darkdrift correction for readout-channel 2 = -0.614002
Darkdrift correction for readout-channel 3 = 0.171993
Darkdrift correction for readout-channel 4 = 0.440827
Darkdrift uncertainty for readout-channel 1 = 0.303178
Darkdrift uncertainty for readout-channel 2 = 0.265092
Darkdrift uncertainty for readout-channel 3 = 0.303149
Darkdrift uncertainty for readout-channel 4 = 0.302977
Trimmed average of values in readout-channel 1 = 5.447033
Trimmed average of values in readout-channel 2 = 4.831849
Trimmed average of values in readout-channel 3 = 5.617843
Trimmed average of values in readout-channel 4 = 5.886678
Darkdrift background term = 5.445851
...for data plane = 62
Darkdrift correction for readout-channel 1 = 0.783688
Darkdrift correction for readout-channel 2 = -0.167251
Darkdrift correction for readout-channel 3 = -0.321211
Darkdrift correction for readout-channel 4 = -0.295226
Darkdrift uncertainty for readout-channel 1 = 0.303644
Darkdrift uncertainty for readout-channel 2 = 0.229422
Darkdrift uncertainty for readout-channel 3 = 0.303204
Darkdrift uncertainty for readout-channel 4 = 0.303394
Trimmed average of values in readout-channel 1 = 6.410488
Trimmed average of values in readout-channel 2 = 5.459549
Trimmed average of values in readout-channel 3 = 5.305588
Trimmed average of values in readout-channel 4 = 5.331574
Darkdrift background term = 5.626800
...for data plane = 63
Darkdrift correction for readout-channel 1 = 0.060303
Darkdrift correction for readout-channel 2 = 0.095048
Darkdrift correction for readout-channel 3 = -0.133940
Darkdrift correction for readout-channel 4 = -0.021411
Darkdrift uncertainty for readout-channel 1 = 0.303245
Darkdrift uncertainty for readout-channel 2 = 0.304074
Darkdrift uncertainty for readout-channel 3 = 0.303144
Darkdrift uncertainty for readout-channel 4 = 0.302882
Trimmed average of values in readout-channel 1 = 5.385951
Trimmed average of values in readout-channel 2 = 5.420695
Trimmed average of values in readout-channel 3 = 5.191708
Trimmed average of values in readout-channel 4 = 5.304236
Darkdrift background term = 5.325647
...for data plane = 64
Darkdrift correction for readout-channel 1 = 0.301668
Darkdrift correction for readout-channel 2 = 0.214406
Darkdrift correction for readout-channel 3 = -0.335971
Darkdrift correction for readout-channel 4 = -0.180103
Darkdrift uncertainty for readout-channel 1 = 0.304772
Darkdrift uncertainty for readout-channel 2 = 0.303250
Darkdrift uncertainty for readout-channel 3 = 0.302973
Darkdrift uncertainty for readout-channel 4 = 0.303382
Trimmed average of values in readout-channel 1 = 5.806960
Trimmed average of values in readout-channel 2 = 5.719697
Trimmed average of values in readout-channel 3 = 5.169320
Trimmed average of values in readout-channel 4 = 5.325188
Darkdrift background term = 5.505291

Program darkdrift: Status Message: 0x0000
Normal exit from Function 0x0000: LOG_WRITER
darkdrift Warning: NaN's were produced in the results.
A total of     2013   NaN's were produced in the results.
Processing time: 13.490000 seconds
Current date/time: Sat Jan  9 14:58:36 2016
Program darkdrift, version 4.1, terminated.

darkdrift   exit_value =   0    execution_time = 13.600s
******************************************************************
Pipeline executing flatap
flatap -i darkdrift.fits -p cal/pmask.fits -f cal/skyflat.fits -ui sig_darkdrift.fits -uo sig_flatap.fits -d dmask.fits -o flatap.fits -c cal/skyflat_cmask.fits 
******************************************************************
Pipeline Module FLATAP Version 1.5
Processing time Sat Jan  9 14:58:36 2016

flatap_parse_namelist: Information only: Namelist not specified.
Sat Jan  9 14:58:36 2016
flatap_log_writer: Could not open Log File, using stdout
Flatap Version 1.5
Namelist File  = 
Input DCE = darkdrift.fits
Output DCE = !flatap.fits
Flatfield = cal/skyflat.fits
Input Uncertainty = sig_darkdrift.fits
Output Uncertainty = !sig_flatap.fits
Pmask File = cal/pmask.fits
Pmask Mask = 128
Dmask File = dmask.fits
Dmask Mask = 16384
Cmask File = cal/skyflat_cmask.fits
Cmask Mask = 256
Trans CAL File = 
Trans CAL CMask File = 
Processing Log File = 
Time =    0.21 seconds
*********************

Time = 0.210 seconds
exit code 0

flatap   exit_value =   0    execution_time = 0.300s
******************************************************************
Pipeline executing imfliprot
imfliprot -i flatap.fits -n cdf/pn107.nl -a /sos/sw/S19.2.0/STUDIO/downlink/include -o imfliprot.fits 
******************************************************************

imfliprot_log_writer: Printing Log output to stdout

Program imfliprot, Version 1.0
Namelist File  = cdf/pn107.nl
Input File = flatap.fits
Output File = imfliprot.fits
Image has been flipped
Image Rotation (degrees)  = 180
Ancillary Data-File Path = /sos/sw/S19.2.0/STUDIO/downlink/include
Verbose flag = 0
Debug flag = 0
imfliprot Status Message      0x0000: Normal exit from Function 0x0000: LOG_WRITER
Processing time: 0.210000 seconds
Current date/time: Sat Jan  9 14:58:37 2016
Program imfliprot, version 1.0, terminated.


imfliprot   exit_value =   0    execution_time = 0.250s
******************************************************************
Pipeline executing imfliprot
imfliprot -i sig_flatap.fits -n cdf/pn107.nl -a /sos/sw/S19.2.0/STUDIO/downlink/include -o sig_imfliprot.fits 
******************************************************************

imfliprot_log_writer: Printing Log output to stdout

Program imfliprot, Version 1.0
Namelist File  = cdf/pn107.nl
Input File = sig_flatap.fits
Output File = sig_imfliprot.fits
Image has been flipped
Image Rotation (degrees)  = 180
Ancillary Data-File Path = /sos/sw/S19.2.0/STUDIO/downlink/include
Verbose flag = 0
Debug flag = 0
imfliprot Status Message      0x0000: Normal exit from Function 0x0000: LOG_WRITER
Processing time: 0.210000 seconds
Current date/time: Sat Jan  9 14:58:38 2016
Program imfliprot, version 1.0, terminated.


imfliprot   exit_value =   0    execution_time = 0.260s
******************************************************************
Pipeline executing imfliprot
imfliprot -i dmask.fits -n cdf/pn107.nl -a /sos/sw/S19.2.0/STUDIO/downlink/include -o temp_dmask.fits 
******************************************************************

imfliprot_log_writer: Printing Log output to stdout

Program imfliprot, Version 1.0
Namelist File  = cdf/pn107.nl
Input File = dmask.fits
Output File = temp_dmask.fits
Image has been flipped
Image Rotation (degrees)  = 180
Ancillary Data-File Path = /sos/sw/S19.2.0/STUDIO/downlink/include
Verbose flag = 0
Debug flag = 0
imfliprot Status Message      0x0000: Normal exit from Function 0x0000: LOG_WRITER
Processing time: 0.060000 seconds
Current date/time: Sat Jan  9 14:58:38 2016
Program imfliprot, version 1.0, terminated.


imfliprot   exit_value =   0    execution_time = 0.120s
******************************************************************
Pipeline executing imfliprot
imfliprot -i fowlinearize.fits -n cdf/pn107.nl -a /sos/sw/S19.2.0/STUDIO/downlink/include -o temp_fowlinearize.fits 
******************************************************************

imfliprot_log_writer: Printing Log output to stdout

Program imfliprot, Version 1.0
Namelist File  = cdf/pn107.nl
Input File = fowlinearize.fits
Output File = temp_fowlinearize.fits
Image has been flipped
Image Rotation (degrees)  = 180
Ancillary Data-File Path = /sos/sw/S19.2.0/STUDIO/downlink/include
Verbose flag = 0
Debug flag = 0
imfliprot Status Message      0x0000: Normal exit from Function 0x0000: LOG_WRITER
Processing time: 0.080000 seconds
Current date/time: Sat Jan  9 14:58:39 2016
Program imfliprot, version 1.0, terminated.


imfliprot   exit_value =   0    execution_time = 0.130s
******************************************************************
Pipeline executing imfliprot
imfliprot -i sig_fowlinearize.fits -n cdf/pn107.nl -a /sos/sw/S19.2.0/STUDIO/downlink/include -o temp_sig_fowlinearize.fits 
******************************************************************

imfliprot_log_writer: Printing Log output to stdout

Program imfliprot, Version 1.0
Namelist File  = cdf/pn107.nl
Input File = sig_fowlinearize.fits
Output File = temp_sig_fowlinearize.fits
Image has been flipped
Image Rotation (degrees)  = 180
Ancillary Data-File Path = /sos/sw/S19.2.0/STUDIO/downlink/include
Verbose flag = 0
Debug flag = 0
imfliprot Status Message      0x0000: Normal exit from Function 0x0000: LOG_WRITER
Processing time: 0.090000 seconds
Current date/time: Sat Jan  9 14:58:39 2016
Program imfliprot, version 1.0, terminated.


imfliprot   exit_value =   0    execution_time = 0.140s
******************************************************************
Pipeline executing dntoflux
dntoflux -i imfliprot.fits -iu sig_imfliprot.fits -n cdf/pn107.nl -co 0 -c 0.1447 -u 0.0000 -a /sos/sw/S19.2.0/STUDIO/downlink/include -o1 dntoflux.fits -ou sig_dntoflux.fits -t 1 
******************************************************************

Program dntoflux, Version 4.2
Namelist File  = cdf/pn107.nl
Input Image = imfliprot.fits
Output File 1 = dntoflux.fits
Output Uncertainty Image = sig_dntoflux.fits
Operation flag = 0
Conversion factor = 0.144700
Input Uncertainty Image = sig_imfliprot.fits
Conversion-factor uncertainty = 0.000000
Output BUNIT setting = MJy/sr
Normalize-by-EXPTIME Flag = 1
EXPTIME = 1.920000
Data-Plane Flag = 1
Ancillary Data-File Path = /sos/sw/S19.2.0/STUDIO/downlink/include
Verbose flag = 0
Super-verbose flag = 0
Debug flag = 0
Terminating data-units-conversion program.
dntoflux Status Message: 0x0000
Normal exit from Function 0x0000: LOG_WRITER
dntoflux Probs Warning: NaN's were produced in the results.
A total of     4026   NaN's were produced in the results.
Processing time: 0.470000 seconds
Current date/time: Sat Jan  9 14:58:41 2016
Program dntoflux, version 4.2, terminated.

dntoflux   exit_value =   0    execution_time = 0.630s
******************************************************************
Pipeline executing qatool
qatool -i dntoflux.fits -n cdf/pn107.nl -nb QATOOLBCD -a /sos/sw/S19.2.0/STUDIO/downlink/include -o qa/BCD_qatool 
******************************************************************
qatool_parse_namelist: Information only: Namelist block-name = &QATOOLBCD
Program qatool, Version 6.0
Namelist File  = cdf/pn107.nl
Input File = dntoflux.fits
Output Data Filename Base = qa/BCD_qatool
Statistics Group = 0
Percent-Scaling Flag = 0
Calculation Type = 1
(set-up to do additional computations for four readout channels)
Number of Mean Absolute Deviations for Histogram Half-Width Coverage = 5
Number of Bins in Histograms = 41
Central fraction for trimmed average = 0.810000
Central fraction for trimmed std. dev. = 0.720000
Bad-pixel tolerance fraction = 0.900000
Statistics Box X position = 3
Statistics Box Y position = 4
Statistics Box X width = 20
Statistics Box Y height = 23
Input-Image Transpose Flag = 1
Unsigned Integer Flag = 0
Data-Plane Flag = 1
Number Edge Rows/Cols Skipped = 2
Keyword Prefix = bcd
Ancillary Data-File Path = /sos/sw/S19.2.0/STUDIO/downlink/include
Verbose flag = 0
Super-verbose flag = 0
Debug flag = 0
Performed statistical and histogram calculations.
Program qatool: Status Message: 0x0000
Normal exit from Function 0x0000: LOG_WRITER
Processing time: 1.340000 seconds
Current date/time: Sat Jan  9 14:58:42 2016
Program qatool, version 6.0, terminated.

qatool   exit_value =   0    execution_time = 1.450s
******************************************************************
Pipeline executing chkmask
chkmask dmask.fits -q qa/BCD_qatool.qa 
******************************************************************
 chkmask vsn 1.35 A40312
 
 No. of occurrences of the   3 status combinations:
   2266 occurrences of   256 (8)                                 
   14 occurrences of   16 (4)                                 
   3 occurrences of   272 (4,8)                               
 
 Status Bit: No. of Pixels
   0:   0
   1:   0
   2:   0
   3:   0
   4:   17
   5:   0
   6:   0
   7:   0
   8:   2269
   9:   0
   10:   0
   11:   0
   12:   0
   13:   0
   14:   0
 

chkmask   exit_value =   0    execution_time = 0.410s
******************************************************************
Loading QA information for DCE and BCD product
Keyword APDUV1E not found in header
Keyword APDUV2E not found in header
Keyword APDUV3E not found in header
Keyword APDUI1E not found in header
Keyword APDUI2E not found in header
Keyword APDUI3E not found in header
Could not append keyword APDUV1E to QA file qa/DCE_qatool.qa
Could not append keyword APDUV2E to QA file qa/DCE_qatool.qa
Could not append keyword APDUV3E to QA file qa/DCE_qatool.qa
Could not append keyword APDUI1E to QA file qa/DCE_qatool.qa
Could not append keyword APDUI2E to QA file qa/DCE_qatool.qa
Could not append keyword APDUI3E to QA file qa/DCE_qatool.qa
******************************************************************
Pipeline executing qaloader
qaloader -i qa/DCE_qatool.qa -tablename qa_iracdce -o qa/qaloader.sql -role pipelineswrole 
******************************************************************
2016/01/09 14:58:47 BEGIN qaloader v1.13
 -i (QA_FILE) qa/DCE_qatool.qa
 -tablename (TABLENAME) qa_iracdce
 -o (SQL_FILE) qa/qaloader.sql
 -role (ROLE) pipelineswrole
Using metadata version 13.0b
table name=qa_iracdce

QA values ingested:
{-4.619533e+01} {}
dceAveFI_1       -4.619533e+01 
{-4.941288e+01} {}
dceAveR1_1       -4.941288e+01 
{-2.926716e+01} {}
dceAveR2_1       -2.926716e+01 
{-3.308848e+01} {}
dceAveR3_1       -3.308848e+01 
{-7.301278e+01} {}
dceAveR4_1       -7.301278e+01 
{-2.200000e+01} {-4.941288e+01}
dceMedFI_1       -2.200000e+01 
{3.069227e+02} {}
dceSdevFI_1      3.069227e+02 
{4.770400e+00} {}
dceDSclFI_1      4.770400e+00 
{-8.834000e+03} {}
dceMinFI_1       -8.834000e+03 
{1.600000e+01} {}
dceMaxFI_1       1.600000e+01 
{147809525} {}
DCEID            147809525 
{2} {-4.619533e+01}
CHNLNUM          2 
{0} {}
ADCEID           0 
{8} {}
AFOWLNUM         8 
{184} {}
AWAITPER         184 
{0} {}
AWEASIDE         0 
{1} {}
AREADMOD         1 
{27.699513} {}
AFPAT1B          27.699513 
{28.671007} {}
AFPAT2B          28.671007 
{0} {}
APEDSIG          0 
{0} {}
ATXSTAT          0 
{0} {}
AFLSTAT          0 
{4} {}
ASHSTAT          4 
{-3.5585} {}
AVRSTBEG         -3.5585 
{-3.0562209} {}
AVDETBEG         -3.0562209 
{-3.618536} {}
AVGG1BEG         -3.618536 
{-3.550644} {}
AVDDUBEG         -3.550644 
{0} {}
AVGGCBEG         0 
{21.413121} {}
ACTENDT          21.413121 
{19.577583} {}
AFPECTE          19.577583 
{22.955185} {}
AFPEATE          22.955185 
{23.912549} {}
ATCTEMPE         23.912549 
{21.38264} {}
ACETEMPE         21.38264 
{21.35216} {}
APDTEMPE         21.35216 
{27.671961} {}
ACATMP2E         27.671961 
2016/01/09 14:58:47 END   qaloader status=0

qaloader   exit_value =   0    execution_time = 0.100s
******************************************************************
Pipeline executing qaloader
qaloader -i qa/BCD_qatool.qa -tablename qa_iracdp -o qa/qaloader.sql 
******************************************************************
2016/01/09 14:58:47 BEGIN qaloader v1.13
 -i (QA_FILE) qa/BCD_qatool.qa
 -tablename (TABLENAME) qa_iracdp
 -o (SQL_FILE) qa/qaloader.sql
Using metadata version 13.0b
table name=qa_iracdp

QA values ingested:
{2.534598e+00} {}
bcdAveFI_1       2.534598e+00 
{3.997256e+00} {}
bcdAveUB_1       3.997256e+00 
{5.451193e-01} {}
bcdMedFI_1       5.451193e-01 
{6.079719e-01} {}
bcdMedUB_1       6.079719e-01 
{2.630302e+01} {}
bcdSdevFI_1      2.630302e+01 
{3.427750e+01} {}
bcdSdevUB_1      3.427750e+01 
{4.102524e-01} {}
bcdDSclFI_1      4.102524e-01 
{4.909026e-01} {}
bcdDSclUB_1      4.909026e-01 
{-4.057837e-01} {}
bcdMinFI_1       -4.057837e-01 
{-4.057837e-01} {}
bcdMinUB_1       -4.057837e-01 
{7.008661e+02} {}
bcdMaxFI_1       7.008661e+02 
{7.008661e+02} {}
bcdMaxUB_1       7.008661e+02 
{5.235937e-01} {}
bcdC68lFI_1      5.235937e-01 
{5.698236e-01} {}
bcdC68uFI_1      5.698236e-01 
{391693123} {}
DPID             391693123 
{2} {2.534598e+00}
CHNLNUM          2 
2016/01/09 14:58:47 END   qaloader status=0

qaloader   exit_value =   0    execution_time = 0.160s
******************************************************************
Pipeline executing dbaccess
dbaccess -e sodb qa/qaloader.sql 
******************************************************************
set role pipelineswrole;
set lock mode to wait 30;
EXECUTE PROCEDURE addQA_iracdce (147809525, NULL, NULL, 2, -4.619533e+01, 
-2.200000e+01, -4.941288e+01, -2.926716e+01, -3.308848e+01, -7.301278e+01, 
3.069227e+02, 4.770400e+00, -8.834000e+03, 1.600000e+01, 0, 8, 184, 0, 1, 
27.699513, 28.671007, 0, 0, 0, 4, -3.5585, -3.0562209, -3.618536, -3.550644, 0, 
21.413121, 19.577583, 22.955185, 23.912549, 21.38264, 21.35216, 27.671961, 
NULL, NULL, NULL, NULL, NULL, NULL);
EXECUTE PROCEDURE addQA_iracdp (391693123, NULL, NULL, 2, 2.534598e+00, 
3.997256e+00, 5.451193e-01, 6.079719e-01, 2.630302e+01, 3.427750e+01, 
4.102524e-01, 4.909026e-01, -4.057837e-01, -4.057837e-01, 7.008661e+02, 
7.008661e+02, 5.235937e-01, 5.698236e-01, NULL, NULL, NULL, NULL, NULL, NULL);
execute procedure setDceTimeParameters (147809525, 1037051722.224, "2012-11-10 21:49:01.910", 1.92, 2.00);

dbaccess   exit_value =   0    execution_time = 0.170s
******************************************************************
Finishing IRAC science pipeline processing
Could not copy cal/firstframe_corr.fits to /sbx20/S19.2.0/archive/proc/full/IRAC033400/bcd/4568/0046471424/2/0103/0000/17/01/1/cal/firstframe_corr.fits
Could not copy imask.fits to /sbx20/S19.2.0/archive/proc/full/IRAC033400/bcd/4568/0046471424/2/0103/0000/17/01/1/imask.fits
Could not copy muxbleedcorr.fits to /sbx20/S19.2.0/archive/proc/full/IRAC033400/bcd/4568/0046471424/2/0103/0000/17/01/1/muxbleedcorr.fits
Could not copy slremove.fits to /sbx20/S19.2.0/archive/proc/full/IRAC033400/bcd/4568/0046471424/2/0103/0000/17/01/1/slremove.fits
******************************************************************
PlScriptID 17 exiting Saturday, January  9, 2016  2:58:51 PM PST
Host: sopipe63
Local Processing Directory: /scr2/S19.2.0/IRAC033400/bcd/4568/0046471424/2/0103/0000/17/01/1
Sandbox Directory: /sbx20/S19.2.0/archive/proc/full/IRAC033400/bcd/4568/0046471424/2/0103/0000/17/01/1
Processing time: total 32.83 s (user 1.01, system 1.07, child user 19.08, child system 11.67)
Pipeline exit code: Normal exit (0)
******************************************************************
