 hdrupd8 vsn 1.6  A70821
******************************************************************
Executing IRAC science pipeline
******************************************************************
Pipeline executing sanity_datatype
sanity_datatype -i ../fos16.fits -t1 cdf/sanity_datatype1.tbl -t2 cdf/sanity_datatype2.tbl -o1 qa/sanity_datatype1.tbl -o2 qa/sanity_datatype2.tbl 
******************************************************************
Program Sanity_datatype is started .... Version 1.0, Sat Jan  9 14:58:08 2016
Input Image File = ../fos16.fits
Input Data Table 1 = cdf/sanity_datatype1.tbl
Input Data Table 2 = cdf/sanity_datatype2.tbl
Output Filename1 = qa/sanity_datatype1.tbl
Output Filename2 = qa/sanity_datatype2.tbl
Log File = stdout
I_Debug = 0
I_Verbose = 0
I_SuperVerbose = 0
Processing time: 0.070000 seconds
Program Sanity_datatype is done. Version 1.0, Sat Jan  9 14:58:08 2016


sanity_datatype   exit_value =   0    execution_time = 0.260s
******************************************************************
Pipeline executing qatool
qatool -i ../fos16.fits -n cdf/pn107.nl -nb QATOOLDCE -a /sos/sw/S19.2.0/STUDIO/downlink/include -o qa/DCE_qatool 
******************************************************************
qatool_parse_namelist: Information only: Namelist block-name = &QATOOLDCE
Program qatool, Version 6.0
Namelist File  = cdf/pn107.nl
Input File = ../fos16.fits
Output Data Filename Base = qa/DCE_qatool
Statistics Group = 0
Percent-Scaling Flag = 0
Calculation Type = 1
(set-up to do additional computations for four readout channels)
Number of Mean Absolute Deviations for Histogram Half-Width Coverage = 5
Number of Bins in Histograms = 41
Central fraction for trimmed average = 0.810000
Central fraction for trimmed std. dev. = 0.720000
Bad-pixel tolerance fraction = 0.340000
Statistics Box X position = 3
Statistics Box Y position = 4
Statistics Box X width = 27
Statistics Box Y height = 33
Input-Image Transpose Flag = 1
Unsigned Integer Flag = 0
Data-Plane Flag = 1
Number Edge Rows/Cols Skipped = 10
Keyword Prefix = dce
Ancillary Data-File Path = /sos/sw/S19.2.0/STUDIO/downlink/include
Verbose flag = 0
Super-verbose flag = 0
Debug flag = 0
Performed statistical and histogram calculations.
Program qatool: Status Message: 0x0000
Normal exit from Function 0x0000: LOG_WRITER
Processing time: 0.570000 seconds
Current date/time: Sat Jan  9 14:58:09 2016
Program qatool, version 6.0, terminated.

qatool   exit_value =   0    execution_time = 0.640s
******************************************************************
Pipeline executing sanity_check
sanity_check -i qa/DCE_qatool.tbl -o qa/sanity_check.tbl 
******************************************************************
Program Sanity_check is started .... Version 1.0, Sat Jan  9 14:58:11 2016

Input File = qa/DCE_qatool.tbl
Output = qa/sanity_check.tbl
Processing time: 0.030000 seconds
Current date/time: Sat Jan  9 14:58:11 2016
Program Sanity_check, version 1.0, terminated.

sanity_check   exit_value =   0    execution_time = 0.220s
******************************************************************
Pipeline executing abad_repair
abad_repair -i ../fos16.fits -o abad_repair.fits 
******************************************************************
Pipeline Module ABAD_REPAIR Version 1.2
Processing time Sat Jan  9 14:58:11 2016

ABAD_READ_DATA: A0752D00 = 0
status from read: 1
npixs = 65536
enter output with 0
files ../fos16.fits !abad_repair.fits 
open output [!abad_repair.fits]
comment [Sat Jan  9 14:58:11 2016]
Time = 0.040 seconds
exit code 0

abad_repair   exit_value =   0    execution_time = 0.070s
******************************************************************
Pipeline executing tranhead
tranhead -i abad_repair.fits -n cdf/pn107.nl -k /scr/S19.2.0/cdf/ctd/telemetry_dictionary.dat -a /sos/sw/S19.2.0/STUDIO/downlink/include -o tranhead.fits -t, cdf/Keyword_Include_List.dat 
******************************************************************

Program tranhead, Version 13.2
Namelist File  = cdf/pn107.nl
Input File = abad_repair.fits
Dictionary File = /scr/S19.2.0/cdf/ctd/telemetry_dictionary.dat
CTD Version String = 3.0.94S
Keyword-Include-List File = cdf/Keyword_Include_List.dat
Translated-Keyword File = tranhead.hdr
CSPICE leapseconds kernel = /scr/S19.2.0/cdf/spice/leapseconds.ker
CSPICE SCLK_SCET kernel = /scr/S19.2.0/cdf/spice/sclk_scet.ker
CSPICE Spitzer Ephemeris = /scr/S19.2.0/cdf/spice/sirtf.bsp
CSPICE Planets Ephemeris = /scr/S19.2.0/cdf/spice/de.bsp
Output File = tranhead.fits
Operation Type = 1
FITS-Header Comment Flag = 1
SCLK correction factor = 1.000380
Ignore Frames (1st) = -1
Ignore Frames (2nd and higher) = -1
Central fraction for trimmed average  = 0.900000
Central fraction for trimmed std. dev. = 0.900000
Gain = 3.710000
Gain_RdOutCh_1 = 3.710000
Gain_RdOutCh_2 = 3.710000
Gain_RdOutCh_3 = 3.710000
Gain_RdOutCh_4 = 3.710000
Ancillary Data-File Path = /sos/sw/S19.2.0/STUDIO/downlink/include
Verbose flag = 0
Super-verbose flag = 0
Debug flag = 0
Configured to perform forward FITS keyword translation.
tranhead Status Message: 0x0000
Normal exit from Function 0x0000: LOG_WRITER
A total of        0   NaN's were produced in the results.
Processing time: 0.270000 seconds
Current date/time: Sat Jan  9 14:58:12 2016
Program tranhead, version 13.2, terminated.

tranhead   exit_value =   0    execution_time = 0.350s
 hdrupd8 vsn 1.6  A70821


LabDark

chan, frametime, hdy, extrpt = 2, 2.00, F, 233
expid  adceid  repidx  =  12,  0,  0 

SkyDarkaor template time = 2
hdy  repidx =  F  0
expid  ext-repeat  =  12  233

******************************************************************
Pipeline executing caltrans
caltrans -n cdf/pn107.nl -m 2 -a 7 -b /scr7/S19.2.0/dlcaldata/irac -s tranhead.fits -o cal -u SUB -jk1 CHNLNUM -jv1 2 -ja1 N -ju1 0 -js1 flip -jk2 CHNLNUM;AFOWLNUM;AWAITPER;FRAMTIME;HDRMODE -jv2 2;8;184;2.00;F -ja2 N;N;N;N;S -ju2 0;0;0;0;0 -js2 sigma;cmask -jk3 CHNLNUM;AFOWLNUM;AWAITPER;FRAMTIME;HDRMODE -jv3 2;8;184;2.00;F -ja3 N;N;N;N;S -ju3 0;0;0;0;0 -js3 cmask -jk4 CHNLNUM -jv4 2 -ja4 N -ju4 0 -js4 cmask -jk5 CHNLNUM -jv5 2 -ja5 N -ju5 0 -js5 cmask -jk6 CHNLNUM -jv6 2 -ja6 N -ju6 0 -jk7 CHNLNUM;AFOWLNUM;AWAITPER -jv7 2;8;184 -ja7 N;N;N -ju7 0;0;0 -jk8 CHNLNUM;AFOWLNUM;AWAITPER -jv8 2;8;184 -ja8 N;N;N -ju8 0;0;0 -e CALTRANSsciSUB 
******************************************************************

Online Namelist file descriptor associated
Online namelist buffer loaded: length = 7422

Warning !:  Ancillary file #1  with full suffix filename  '/sos/archive/fallbacks/IRAC004600/SUB_2s_2sf8d1r1_ch2_v2.0.0_dark_sigma.fits'  NOT in archive/sandbox !!.
Proceed to the next suffix fileprocessing .....

Warning !:  Ancillary file #2  with full suffix filename  '/sos/archive/fallbacks/IRAC004600/SUB_2s_2sf8d1r1_ch2_v2.0.0_dark_cmask.fits'  NOT in archive/sandbox !!.
Proceed to the next suffix fileprocessing .....

Warning !:  Ancillary-suffix file #1: '/scr7/S19.2.0/dlcaldata/irac/fb1502_SUB_2s_2sf8d1r1_ch2_v2.0.0_dark_sigma.fits'  could NOT be identified on cache.
Processing continues ..... 


Warning !:  Ancillary-suffix file #2: '/scr7/S19.2.0/dlcaldata/irac/fb1502_SUB_2s_2sf8d1r1_ch2_v2.0.0_dark_cmask.fits'  could NOT be identified on cache.
Processing continues ..... 


Warning !:  Ancillary file #1  with full suffix filename  '/sos/archive/fallbacks/IRAC005300/lincal_b2_sa_011410_cmask.fits'  NOT in archive/sandbox !!.
Proceed to the next suffix fileprocessing .....

Warning !:  Ancillary-suffix file #1: '/scr7/S19.2.0/dlcaldata/irac/fb1579_lincal_b2_sa_011410_cmask.fits'  could NOT be identified on cache.
Processing continues ..... 

  Printing Log output to stdout...


Program CALTRANS, Version 4.0
Command-Line Namelist Filename  = cdf/pn107.nl
Command-Line Namelist Section = CALTRANSsciSUB
CalTrans Execution Mode  = 2
CalID = 7
Input Calibration Type list = pmask;labdark;skydark;lincal;sky_flat;fluxconv;muxbleed_lut;muxbleed_coeff
Input Calibration Rule list = 0;0;300;0;0;0;0;0
Input Generic Outfname list = pmask.fits;labdark.fits;skydark.fits;lincal.fits;skyflat.fits;fluxconv;muxbleed_lut;muxbleed_coeff
Science DCE Filename = tranhead.fits
CAL Destination Path = cal
Processing time: 0.280000 seconds
Current date/time: Sat Jan  9 14:58:24 2016
Program CALTRANS, version 4.0, terminated with status = 16

CalTrans exits with status = 16



caltrans   exit_value =  16    execution_time = 0.380s
******************************************************************
Pipeline executing insbposdom
insbposdom -i tranhead.fits -o insbposdom.fits 
******************************************************************
Pipeline Module INSBPOSDOM Version 1.1
Processing time Sat Jan  9 14:58:24 2016

Sat Jan  9 14:58:24 2016
Time = 0.020 seconds
exit code 0

insbposdom   exit_value =   0    execution_time = 0.060s
******************************************************************
Pipeline executing cvti2r4
cvti2r4 -i insbposdom.fits -a 0.5625 -b 0 -d cal/dmask_for_raw.fits -o cvti2r4.fits -m row 
******************************************************************
 SIRTF I*2-to-R*4 Data Cube Conversion program vsn 1.31 A61025
 Input file:  insbposdom.fits
 Using offset =    0.562500
 Using BLANK-fill value:   0
 Output file: cvti2r4.fits
 Missing-data pattern specified as rows

cvti2r4   exit_value =   0    execution_time = 0.230s
Image has barrel shift = 3
Computed truncation correction 0.5*(1-2^-ABARREL) = 0.5625
******************************************************************
Pipeline executing hdrupd8
hdrupd8 cvti2r4.fits -a cdf/hdrupd8_cubify.dat -d cdf/hdrupd8_planify.dat 
******************************************************************
 hdrupd8 vsn 1.6  A70821
 WARNING: keyword to be deleted not found: NAXIS3  

hdrupd8   exit_value =   0    execution_time = 0.200s
******************************************************************
Pipeline executing hdrupd8
hdrupd8 dmask.fits -a cdf/hdrupd8_cubify.dat -d cdf/hdrupd8_planify.dat 
******************************************************************
 hdrupd8 vsn 1.6  A70821
 WARNING: keyword to be deleted not found: NAXIS3  

hdrupd8   exit_value =   0    execution_time = 0.210s
******************************************************************
Pipeline executing iracwrapdet1
iracwrapdet1 -i cvti2r4.fits -n cdf/pn107.nl -p cal/pmask.fits -d dmask.fits -w wmask.fits -v 
******************************************************************
Pipeline Module IRACWRAPDET1 Version 1.4
Processing time Sat Jan  9 14:58:31 2016
iracwrapdet1_parse_args: Namelist File = 	cdf/pn107.nl
iracwrapdet1_parse_args: Pmask File = 	cal/pmask.fits
iracwrapdet1_parse_args: Dmask File = 	dmask.fits
iracwrapdet1_parse_args: Wmask File = 	wmask.fits
iracwrapdet1_parse_args: Input File = 	cvti2r4.fits
iracwrapdet1_parse_args: I_Verbose = 			1
chn 2 framtim 2.000000
iracwrapdet1_read_data: Data read from file:
cvti2r4.fits
iracwrapdet1_read_data: I_NX = 32
iracwrapdet1_read_data: I_NY = 32
iracwrapdet1_read_data: I_NZ = 64
iracwrapdet1_parse_namelist: Namelist File = 	cdf/pn107.nl
Coeff used: 55000.000000 55000.000000 55000.000000 55000.000000
iracwrapdet1_compute_results: Numerical Computations finished
Sat Jan  9 14:58:31 2016
iracwrapdet1_output: Results written to file(s).
Time = 0.020 seconds
iracwrapdet1_error_handler: Error Handler finished.
iracwrapdet1_exit: Memory Deallocated.
exit code 0

iracwrapdet1   exit_value =   0    execution_time = 0.050s
******************************************************************
Pipeline executing iracwrapdet2
iracwrapdet2 -i cvti2r4.fits -n cdf/pn107.nl -p cal/pmask.fits -d dmask.fits -w wmask.fits -a /sos/sw/S19.2.0/STUDIO/downlink/include 
******************************************************************

Program iracwrapdet2, Version 1.4
Namelist File  = cdf/pn107.nl
FITS Input Image = cvti2r4.fits
Pmask File = cal/pmask.fits
Dmask File = dmask.fits
Wmask File = mask.fits
M-Level       chan1     chan2     chan3     chan4
            55000.0   55000.0   55000.0   55000.0
Tolerance     chan1     chan2     chan3     chan4
             1200.0    1200.0    1200.0    1200.0
Pmask Maximum = 65535
Dmask Maximum = 65535
Ancillary Data-File Path = /sos/sw/S19.2.0/STUDIO/downlink/include
Verbose flag = 0
Super-verbose flag = 0
Debug flag = 0
iracwrapdet2 Status Message      0x0000
Normal exit from Function 0x0000: LOG_WRITER
Processing time: 0.120000 seconds
Current date/time: Sat Jan  9 14:58:31 2016
Program iracwrapdet2, version 1.4, terminated


iracwrapdet2   exit_value =   0    execution_time = 0.150s
******************************************************************
Pipeline executing iracwrapcorr
iracwrapcorr -i cvti2r4.fits -p cal/pmask.fits -d dmask.fits -w wmask.fits -o iracwrapcorr.fits 
******************************************************************
Pipeline Module IRACWRAPCORR Version 1.3
Processing time Sat Jan  9 14:58:31 2016
iracwrapcorr_parse_namelist: Information only: Namelist not specified.
Sat Jan  9 14:58:31 2016
Time = 0.030 seconds
exit code 0

iracwrapcorr   exit_value =   0    execution_time = 0.060s
******************************************************************
Pipeline executing iracnorm
iracnorm -i iracwrapcorr.fits -p cal/pmask.fits -d dmask.fits -o iracnorm.fits 
******************************************************************
Pipeline Module IRACWNORM Version 1.10
Processing time Sat Jan  9 14:58:31 2016

Sat Jan  9 14:58:31 2016
Time = 0.030 seconds
exit code 0

iracnorm   exit_value =   0    execution_time = 0.060s
******************************************************************
Pipeline executing iracebwc
iracebwc -i iracnorm.fits -n cdf/pn107.nl -p cal/pmask.fits -d dmask.fits -o iracebwc.fits 
******************************************************************
Pipeline Module IRACEBWC Version 1.2
Processing time Sat Jan  9 14:58:32 2016

Sat Jan  9 14:58:32 2016
Time = 0.030 seconds
exit code 0

iracebwc   exit_value =   0    execution_time = 0.060s
HDR mode   =  f
AOR Template Time     =  2
DCE Frame Time    =  2.00
EXTRpt     =  233
Frame NOBF =  0
From sub determine_delays:
   aottime = 2
   aordelay = 222.190359962807
   stellarmode = f
   expid=12
imdly = 1.34035993896484
frmdly = 1.34035993896484

Immed  Delay = 1.34035993896484
Frame  Delay = 1.34035993896484

 hdrupd8 vsn 1.6  A70821
 hdrupd8 vsn 1.6  A70821
 hdrupd8 vsn 1.6  A70821
 hdrupd8 vsn 1.6  A70821
 hdrupd8 vsn 1.6  A70821
 hdrupd8 vsn 1.6  A70821
 hdrupd8 vsn 1.6  A70821
******************************************************************
Pipeline executing darksubng
darksubng -i iracebwc.fits -a /sos/sw/S19.2.0/STUDIO/downlink/include -p cal/pmask.fits -d dmask.fits -o labdarksub.fits -cc cal/labdark.fits -v 
******************************************************************
/sos/sw/S19.2.0/STUDIO/downlink/bin/darksubng: namelist not given
/sos/sw/S19.2.0/STUDIO/downlink/bin/darksubng: input uncertainty image not given
/sos/sw/S19.2.0/STUDIO/downlink/bin/darksubng: output uncertainty image not given
/sos/sw/S19.2.0/STUDIO/downlink/bin/darksubng: WARNING no uncertainty calculations will be performed
/sos/sw/S19.2.0/STUDIO/downlink/bin/darksubng: Namelist               = []
/sos/sw/S19.2.0/STUDIO/downlink/bin/darksubng: Input image            = [iracebwc.fits]
/sos/sw/S19.2.0/STUDIO/downlink/bin/darksubng: Input uncertainty      = []
/sos/sw/S19.2.0/STUDIO/downlink/bin/darksubng: Output image           = [!labdarksub.fits]
/sos/sw/S19.2.0/STUDIO/downlink/bin/darksubng: Output uncertainty     = []
/sos/sw/S19.2.0/STUDIO/downlink/bin/darksubng: Dark                   = [cal/labdark.fits]
/sos/sw/S19.2.0/STUDIO/downlink/bin/darksubng: Pmask file             = [cal/pmask.fits]
/sos/sw/S19.2.0/STUDIO/downlink/bin/darksubng: Pmask fatality bitmask = [65536]
/sos/sw/S19.2.0/STUDIO/downlink/bin/darksubng: Dmask file             = [dmask.fits]
/sos/sw/S19.2.0/STUDIO/downlink/bin/darksubng: Dmask fatality bitmask = [65536]
/sos/sw/S19.2.0/STUDIO/downlink/bin/darksubng: Cmask file             = []
/sos/sw/S19.2.0/STUDIO/downlink/bin/darksubng: Cmask fatality bitmask = [65536]
/sos/sw/S19.2.0/STUDIO/downlink/bin/darksubng: Logfile                = []
/sos/sw/S19.2.0/STUDIO/downlink/bin/darksubng: Ancillary Path         = [/sos/sw/S19.2.0/STUDIO/downlink/include]
/sos/sw/S19.2.0/STUDIO/downlink/bin/darksubng: Uncertainty calculations will not be made
/sos/sw/S19.2.0/STUDIO/downlink/bin/darksubng: WARNING cal/labdark.fits has no BUNIT key
/sos/sw/S19.2.0/STUDIO/downlink/bin/darksubng: WARNING assuming cal/labdark.fits is in DN
/sos/sw/S19.2.0/STUDIO/downlink/bin/darksubng: WARNING cal/labdark.fits has no EXPTIME key
/sos/sw/S19.2.0/STUDIO/downlink/bin/darksubng: WARNING cal/labdark.fits has no GAIN keywords
/sos/sw/S19.2.0/STUDIO/downlink/bin/darksubng: compute - performing any unit conversions
/sos/sw/S19.2.0/STUDIO/downlink/bin/darksubng: compute - starting subtraction with masking 
/sos/sw/S19.2.0/STUDIO/downlink/bin/darksubng: Processing successful; Exiting

darksubng   exit_value =   0    execution_time = 0.110s
READ Noise !! =  9.4
******************************************************************
Pipeline executing snestimator
snestimator -i labdarksub.fits -n cdf/pn107.nl -a /sos/sw/S19.2.0/STUDIO/downlink/include -p cal/pmask.fits -d dmask.fits -on sig_snestimator.fits -g 3.71 -r 9.4 
******************************************************************
verbose 0

Program SNESTIMATOR, Version 1.5
Namelist File  = cdf/pn107.nl
Input FITS Image = labdarksub.fits
Noise Image = sig_snestimator.fits
Denominator type = IRAC_MODEL
Edge Pixels Excluded = 0
Gain Channel 1 = 3.710000 Channel 2 = 3.710000 Channel 3 = 3.710000 Channel 4 = 3.710000
Read Noise = 9.400000
Confusion Sigma = 0.000000
Ancillary Data-File Path = /sos/sw/S19.2.0/STUDIO/downlink/include
Verbose flag = 0
Super-verbose flag = 0
Debug flag = 0
snestimator Status Message      0x0000
Normal exit from Function 0x0000: LOG_WRITER
Processing time: 0.080000 seconds
Current date/time: Sat Jan  9 14:58:49 2016
Program SNESTIMATOR, version 1.5, terminated


snestimator   exit_value =   0    execution_time = 0.130s
******************************************************************
Pipeline executing darksubng
darksubng -i iracebwc.fits -iu sig_snestimator.fits -a /sos/sw/S19.2.0/STUDIO/downlink/include -p cal/pmask.fits -d dmask.fits -o labdarksub.fits -ou sig_labdarksub.fits -cc cal/labdark.fits -v 
******************************************************************
/sos/sw/S19.2.0/STUDIO/downlink/bin/darksubng: namelist not given
/sos/sw/S19.2.0/STUDIO/downlink/bin/darksubng: Namelist               = []
/sos/sw/S19.2.0/STUDIO/downlink/bin/darksubng: Input image            = [iracebwc.fits]
/sos/sw/S19.2.0/STUDIO/downlink/bin/darksubng: Input uncertainty      = [sig_snestimator.fits]
/sos/sw/S19.2.0/STUDIO/downlink/bin/darksubng: Output image           = [!labdarksub.fits]
/sos/sw/S19.2.0/STUDIO/downlink/bin/darksubng: Output uncertainty     = [!sig_labdarksub.fits]
/sos/sw/S19.2.0/STUDIO/downlink/bin/darksubng: Dark                   = [cal/labdark.fits]
/sos/sw/S19.2.0/STUDIO/downlink/bin/darksubng: Pmask file             = [cal/pmask.fits]
/sos/sw/S19.2.0/STUDIO/downlink/bin/darksubng: Pmask fatality bitmask = [65536]
/sos/sw/S19.2.0/STUDIO/downlink/bin/darksubng: Dmask file             = [dmask.fits]
/sos/sw/S19.2.0/STUDIO/downlink/bin/darksubng: Dmask fatality bitmask = [65536]
/sos/sw/S19.2.0/STUDIO/downlink/bin/darksubng: Cmask file             = []
/sos/sw/S19.2.0/STUDIO/downlink/bin/darksubng: Cmask fatality bitmask = [65536]
/sos/sw/S19.2.0/STUDIO/downlink/bin/darksubng: Logfile                = []
/sos/sw/S19.2.0/STUDIO/downlink/bin/darksubng: Ancillary Path         = [/sos/sw/S19.2.0/STUDIO/downlink/include]
/sos/sw/S19.2.0/STUDIO/downlink/bin/darksubng: Uncertainty calculations will be made
/sos/sw/S19.2.0/STUDIO/downlink/bin/darksubng: WARNING cal/labdark.fits has no BUNIT key
/sos/sw/S19.2.0/STUDIO/downlink/bin/darksubng: WARNING assuming cal/labdark.fits is in DN
/sos/sw/S19.2.0/STUDIO/downlink/bin/darksubng: WARNING cal/labdark.fits has no EXPTIME key
/sos/sw/S19.2.0/STUDIO/downlink/bin/darksubng: WARNING cal/labdark.fits has no GAIN keywords
/sos/sw/S19.2.0/STUDIO/downlink/bin/darksubng: compute - performing any unit conversions
/sos/sw/S19.2.0/STUDIO/downlink/bin/darksubng: compute - starting subtraction with masking 
/sos/sw/S19.2.0/STUDIO/downlink/bin/darksubng: Processing successful; Exiting

darksubng   exit_value =   0    execution_time = 0.150s
******************************************************************
Pipeline executing fowlinearize
fowlinearize -i1 labdarksub.fits -i3 sig_labdarksub.fits -n cdf/pn107.nl -a /sos/sw/S19.2.0/STUDIO/downlink/include -ip cal/pmask.fits -i2 cal/lincal.fits -id dmask.fits -o1 fowlinearize.fits -o2 sig_fowlinearize.fits -c 10 
******************************************************************

Program FOWLINEARIZE, Version 4.9
Namelist File  = cdf/pn107.nl
Input File 1 = labdarksub.fits
Input File 2 = cal/lincal.fits
Input File 3 = sig_labdarksub.fits
Model_Flag(1=quad. 2=cubic) = 1
Clock_Readout(10=sub-array, 200=full-array) = 10.000000
Input PMask Image = cal/pmask.fits
Unusable PMask Bits = 16384
Input DMask Image = dmask.fits
Unusable DMask Bits = 8192
Not-linearized DMask Bit = 4096
Not-linearized DMask Bit due to lincal-model saturation = 8192
Output File 1 = fowlinearize.fits
Output File 2 = sig_fowlinearize.fits
Ancillary Data-File Path = /sos/sw/S19.2.0/STUDIO/downlink/include
Verbose flag = 0
Super-verbose flag = 0
Debug flag = 0
Performed linearity correction.
Program fowlinearize: Status Message: 0x0000
Normal exit from Function 0x0000: LOG_WRITER
Processing time: 0.240000 seconds
Current date/time: Sat Jan  9 14:58:50 2016
Program FOWLINEARIZE, version 4.9, terminated.

fowlinearize   exit_value =   0    execution_time = 0.310s
Read Noise =  9.4
 hdrupd8 vsn 1.6  A70821
******************************************************************
Pipeline executing bgmodel
bgmodel -i fowlinearize.fits -n cdf/pn107.nl -h 
******************************************************************

Online Namelist file descriptor associated
Online namelist buffer loaded: length = 7422
bgmodel_log_writer: Printing Log output to stdout
bgmodel  Version 1.0
Namelist File  = cdf/pn107.nl
Input Image = fowlinearize.fits
Ephemeris = /scr7/S19.2.0/cdf/spice/sirtf.bsp
LeapSec Kernel = /scr7/S19.2.0/cdf/spice/leapseconds.ker
SPK Kernel = /scr7/S19.2.0/cdf/spice/de.bsp

bgmodel  Status Message      0x0000: No error.
Time = 0.070 seconds

Background exits with status = 0


bgmodel   exit_value =   0    execution_time = 0.100s
******************************************************************
Pipeline executing hdrupd8
hdrupd8 fowlinearize.fits -a addkeys.dat 
******************************************************************
 hdrupd8 vsn 1.6  A70821

hdrupd8   exit_value =   0    execution_time = 0.250s
SkyDk Med DN      = 16.56367 
Exposure time     = 1.92
SkyDk Med DN rate = 8.62691145833333
Flux Conv         = 0.1447 
SkyDk Med Flux    = 1.24831408802083
Image File = fowlinearize.fits 

 hdrupd8 vsn 1.6  A70821
 hdrupd8 vsn 1.6  A70821
 hdrupd8 vsn 1.6  A70821
 hdrupd8 vsn 1.6  A70821
 hdrupd8 vsn 1.6  A70821
******************************************************************
Pipeline executing darksubng
darksubng -i fowlinearize.fits -iu sig_fowlinearize.fits -a /sos/sw/S19.2.0/STUDIO/downlink/include -p cal/pmask.fits -d dmask.fits -o skydarksub.fits -ou sig_skydarksub.fits -cc cal/skydark.fits -v -c cal/skydark_cmask.fits 
******************************************************************
/sos/sw/S19.2.0/STUDIO/downlink/bin/darksubng: namelist not given
/sos/sw/S19.2.0/STUDIO/downlink/bin/darksubng: Namelist               = []
/sos/sw/S19.2.0/STUDIO/downlink/bin/darksubng: Input image            = [fowlinearize.fits]
/sos/sw/S19.2.0/STUDIO/downlink/bin/darksubng: Input uncertainty      = [sig_fowlinearize.fits]
/sos/sw/S19.2.0/STUDIO/downlink/bin/darksubng: Output image           = [!skydarksub.fits]
/sos/sw/S19.2.0/STUDIO/downlink/bin/darksubng: Output uncertainty     = [!sig_skydarksub.fits]
/sos/sw/S19.2.0/STUDIO/downlink/bin/darksubng: Dark                   = [cal/skydark.fits]
/sos/sw/S19.2.0/STUDIO/downlink/bin/darksubng: Pmask file             = [cal/pmask.fits]
/sos/sw/S19.2.0/STUDIO/downlink/bin/darksubng: Pmask fatality bitmask = [65536]
/sos/sw/S19.2.0/STUDIO/downlink/bin/darksubng: Dmask file             = [dmask.fits]
/sos/sw/S19.2.0/STUDIO/downlink/bin/darksubng: Dmask fatality bitmask = [65536]
/sos/sw/S19.2.0/STUDIO/downlink/bin/darksubng: Cmask file             = [cal/skydark_cmask.fits]
/sos/sw/S19.2.0/STUDIO/downlink/bin/darksubng: Cmask fatality bitmask = [65536]
/sos/sw/S19.2.0/STUDIO/downlink/bin/darksubng: Logfile                = []
/sos/sw/S19.2.0/STUDIO/downlink/bin/darksubng: Ancillary Path         = [/sos/sw/S19.2.0/STUDIO/downlink/include]
/sos/sw/S19.2.0/STUDIO/downlink/bin/darksubng: Uncertainty calculations will be made
/sos/sw/S19.2.0/STUDIO/downlink/bin/darksubng: compute - performing any unit conversions
/sos/sw/S19.2.0/STUDIO/downlink/bin/darksubng: compute - starting subtraction with masking 
/sos/sw/S19.2.0/STUDIO/downlink/bin/darksubng: Processing successful; Exiting

darksubng   exit_value =   0    execution_time = 0.160s
******************************************************************
Pipeline executing darkdrift
darkdrift -i skydarksub.fits -iu sig_skydarksub.fits -n cdf/pn107.nl -a /sos/sw/S19.2.0/STUDIO/downlink/include -o1 darkdrift.fits -o2 darkdriftcorr.fits -o3 darkdrift.tbl -ou sig_darkdrift.fits 
******************************************************************
Program darkdrift, Version 4.1
Namelist File  = cdf/pn107.nl
Input Image = skydarksub.fits
Input Uncertainty Image = sig_skydarksub.fits
Output Image 1 (corrected image) = darkdrift.fits
Output Image 2 (corrections) = darkdriftcorr.fits
Output Image 3 (uncertainties) = sig_darkdrift.fits
Output File 3 = darkdrift.tbl
Central fraction for trimmed average  = 0.900000
Central fraction for trimmed std. dev. = 0.900000
Time_Input = 0.250000
Time_Before = 0.000000
Time_After = 1.000000
Temp_Input = 270.000000
Temp_Before = 280.000000
Temp_After = 260.000000
Calculation Type = 1
Input-Image Transpose Flag = 1
Multiplicative-Correction Flag (Additive if zero) = 0
Readout Channel to exclude (none if zero) = 0
Data-Plane Flag = 1
Ancillary Data-File Path = /sos/sw/S19.2.0/STUDIO/downlink/include
Verbose flag = 0
Super-verbose flag = 0
Debug flag = 0
Dark-current offsets estimated from input image.

Detailed darkdrift calculational results:
...for data plane = 1
Darkdrift correction for readout-channel 1 = 0.171991
Darkdrift correction for readout-channel 2 = 0.123569
Darkdrift correction for readout-channel 3 = -0.006578
Darkdrift correction for readout-channel 4 = -0.288982
Darkdrift uncertainty for readout-channel 1 = 0.374141
Darkdrift uncertainty for readout-channel 2 = 0.299991
Darkdrift uncertainty for readout-channel 3 = 0.301645
Darkdrift uncertainty for readout-channel 4 = 0.301338
Trimmed average of values in readout-channel 1 = 7.215504
Trimmed average of values in readout-channel 2 = 7.167082
Trimmed average of values in readout-channel 3 = 7.036935
Trimmed average of values in readout-channel 4 = 6.754531
Darkdrift background term = 7.043513
...for data plane = 2
Darkdrift correction for readout-channel 1 = 0.316744
Darkdrift correction for readout-channel 2 = -0.851098
Darkdrift correction for readout-channel 3 = 0.192683
Darkdrift correction for readout-channel 4 = 0.341671
Darkdrift uncertainty for readout-channel 1 = 0.303470
Darkdrift uncertainty for readout-channel 2 = 0.302680
Darkdrift uncertainty for readout-channel 3 = 0.302983
Darkdrift uncertainty for readout-channel 4 = 0.303078
Trimmed average of values in readout-channel 1 = 5.068206
Trimmed average of values in readout-channel 2 = 3.900364
Trimmed average of values in readout-channel 3 = 4.944145
Trimmed average of values in readout-channel 4 = 5.093133
Darkdrift background term = 4.751462
...for data plane = 3
Darkdrift correction for readout-channel 1 = -0.150653
Darkdrift correction for readout-channel 2 = -0.191019
Darkdrift correction for readout-channel 3 = -0.153544
Darkdrift correction for readout-channel 4 = 0.495216
Darkdrift uncertainty for readout-channel 1 = 0.303266
Darkdrift uncertainty for readout-channel 2 = 0.302977
Darkdrift uncertainty for readout-channel 3 = 0.303228
Darkdrift uncertainty for readout-channel 4 = 0.303049
Trimmed average of values in readout-channel 1 = 4.964669
Trimmed average of values in readout-channel 2 = 4.924303
Trimmed average of values in readout-channel 3 = 4.961778
Trimmed average of values in readout-channel 4 = 5.610538
Darkdrift background term = 5.115322
...for data plane = 4
Darkdrift correction for readout-channel 1 = -0.281546
Darkdrift correction for readout-channel 2 = 0.093224
Darkdrift correction for readout-channel 3 = -0.389759
Darkdrift correction for readout-channel 4 = 0.578081
Darkdrift uncertainty for readout-channel 1 = 0.303492
Darkdrift uncertainty for readout-channel 2 = 0.303804
Darkdrift uncertainty for readout-channel 3 = 0.302982
Darkdrift uncertainty for readout-channel 4 = 0.302960
Trimmed average of values in readout-channel 1 = 5.025572
Trimmed average of values in readout-channel 2 = 5.400342
Trimmed average of values in readout-channel 3 = 4.917359
Trimmed average of values in readout-channel 4 = 5.885199
Darkdrift background term = 5.307118
...for data plane = 5
Darkdrift correction for readout-channel 1 = 0.092393
Darkdrift correction for readout-channel 2 = -0.069116
Darkdrift correction for readout-channel 3 = -0.066012
Darkdrift correction for readout-channel 4 = 0.042735
Darkdrift uncertainty for readout-channel 1 = 0.303240
Darkdrift uncertainty for readout-channel 2 = 0.302969
Darkdrift uncertainty for readout-channel 3 = 0.303702
Darkdrift uncertainty for readout-channel 4 = 0.303073
Trimmed average of values in readout-channel 1 = 5.369711
Trimmed average of values in readout-channel 2 = 5.208202
Trimmed average of values in readout-channel 3 = 5.211306
Trimmed average of values in readout-channel 4 = 5.320052
Darkdrift background term = 5.277318
...for data plane = 6
Darkdrift correction for readout-channel 1 = -0.098819
Darkdrift correction for readout-channel 2 = -0.027077
Darkdrift correction for readout-channel 3 = 0.203910
Darkdrift correction for readout-channel 4 = -0.078014
Darkdrift uncertainty for readout-channel 1 = 0.376361
Darkdrift uncertainty for readout-channel 2 = 0.303001
Darkdrift uncertainty for readout-channel 3 = 0.302819
Darkdrift uncertainty for readout-channel 4 = 0.302964
Trimmed average of values in readout-channel 1 = 5.350808
Trimmed average of values in readout-channel 2 = 5.422550
Trimmed average of values in readout-channel 3 = 5.653537
Trimmed average of values in readout-channel 4 = 5.371613
Darkdrift background term = 5.449627
...for data plane = 7
Darkdrift correction for readout-channel 1 = -0.062249
Darkdrift correction for readout-channel 2 = -0.341766
Darkdrift correction for readout-channel 3 = 0.290413
Darkdrift correction for readout-channel 4 = 0.113602
Darkdrift uncertainty for readout-channel 1 = 0.303368
Darkdrift uncertainty for readout-channel 2 = 0.228914
Darkdrift uncertainty for readout-channel 3 = 0.378481
Darkdrift uncertainty for readout-channel 4 = 0.303068
Trimmed average of values in readout-channel 1 = 5.595502
Trimmed average of values in readout-channel 2 = 5.315985
Trimmed average of values in readout-channel 3 = 5.948164
Trimmed average of values in readout-channel 4 = 5.771353
Darkdrift background term = 5.657751
...for data plane = 8
Darkdrift correction for readout-channel 1 = 0.063395
Darkdrift correction for readout-channel 2 = -0.220949
Darkdrift correction for readout-channel 3 = -0.102934
Darkdrift correction for readout-channel 4 = 0.260488
Darkdrift uncertainty for readout-channel 1 = 0.302965
Darkdrift uncertainty for readout-channel 2 = 0.304348
Darkdrift uncertainty for readout-channel 3 = 0.303217
Darkdrift uncertainty for readout-channel 4 = 0.303004
Trimmed average of values in readout-channel 1 = 5.442788
Trimmed average of values in readout-channel 2 = 5.158444
Trimmed average of values in readout-channel 3 = 5.276459
Trimmed average of values in readout-channel 4 = 5.639881
Darkdrift background term = 5.379393
...for data plane = 9
Darkdrift correction for readout-channel 1 = -0.264782
Darkdrift correction for readout-channel 2 = -0.395957
Darkdrift correction for readout-channel 3 = 0.459280
Darkdrift correction for readout-channel 4 = 0.201458
Darkdrift uncertainty for readout-channel 1 = 0.303118
Darkdrift uncertainty for readout-channel 2 = 0.302424
Darkdrift uncertainty for readout-channel 3 = 0.303380
Darkdrift uncertainty for readout-channel 4 = 0.303046
Trimmed average of values in readout-channel 1 = 5.319993
Trimmed average of values in readout-channel 2 = 5.188818
Trimmed average of values in readout-channel 3 = 6.044055
Trimmed average of values in readout-channel 4 = 5.786233
Darkdrift background term = 5.584775
...for data plane = 10
Darkdrift correction for readout-channel 1 = 0.199129
Darkdrift correction for readout-channel 2 = -0.368344
Darkdrift correction for readout-channel 3 = 0.441153
Darkdrift correction for readout-channel 4 = -0.271938
Darkdrift uncertainty for readout-channel 1 = 0.377846
Darkdrift uncertainty for readout-channel 2 = 0.304075
Darkdrift uncertainty for readout-channel 3 = 0.303153
Darkdrift uncertainty for readout-channel 4 = 0.303058
Trimmed average of values in readout-channel 1 = 5.972543
Trimmed average of values in readout-channel 2 = 5.405070
Trimmed average of values in readout-channel 3 = 6.214568
Trimmed average of values in readout-channel 4 = 5.501476
Darkdrift background term = 5.773414
...for data plane = 11
Darkdrift correction for readout-channel 1 = -0.067010
Darkdrift correction for readout-channel 2 = -0.209007
Darkdrift correction for readout-channel 3 = 0.105041
Darkdrift correction for readout-channel 4 = 0.170976
Darkdrift uncertainty for readout-channel 1 = 0.302446
Darkdrift uncertainty for readout-channel 2 = 0.302958
Darkdrift uncertainty for readout-channel 3 = 0.303208
Darkdrift uncertainty for readout-channel 4 = 0.302985
Trimmed average of values in readout-channel 1 = 5.398574
Trimmed average of values in readout-channel 2 = 5.256577
Trimmed average of values in readout-channel 3 = 5.570626
Trimmed average of values in readout-channel 4 = 5.636561
Darkdrift background term = 5.465584
...for data plane = 12
Darkdrift correction for readout-channel 1 = 0.183490
Darkdrift correction for readout-channel 2 = -0.177530
Darkdrift correction for readout-channel 3 = -0.157273
Darkdrift correction for readout-channel 4 = 0.151313
Darkdrift uncertainty for readout-channel 1 = 0.228650
Darkdrift uncertainty for readout-channel 2 = 0.303544
Darkdrift uncertainty for readout-channel 3 = 0.303235
Darkdrift uncertainty for readout-channel 4 = 0.303312
Trimmed average of values in readout-channel 1 = 5.925387
Trimmed average of values in readout-channel 2 = 5.564367
Trimmed average of values in readout-channel 3 = 5.584624
Trimmed average of values in readout-channel 4 = 5.893210
Darkdrift background term = 5.741897
...for data plane = 13
Darkdrift correction for readout-channel 1 = -0.618990
Darkdrift correction for readout-channel 2 = -0.010546
Darkdrift correction for readout-channel 3 = 0.316867
Darkdrift correction for readout-channel 4 = 0.312669
Darkdrift uncertainty for readout-channel 1 = 0.303355
Darkdrift uncertainty for readout-channel 2 = 0.303248
Darkdrift uncertainty for readout-channel 3 = 0.302971
Darkdrift uncertainty for readout-channel 4 = 0.302977
Trimmed average of values in readout-channel 1 = 5.398781
Trimmed average of values in readout-channel 2 = 6.007225
Trimmed average of values in readout-channel 3 = 6.334638
Trimmed average of values in readout-channel 4 = 6.330440
Darkdrift background term = 6.017771
...for data plane = 14
Darkdrift correction for readout-channel 1 = -0.072494
Darkdrift correction for readout-channel 2 = 0.190809
Darkdrift correction for readout-channel 3 = -0.032464
Darkdrift correction for readout-channel 4 = -0.085850
Darkdrift uncertainty for readout-channel 1 = 0.303007
Darkdrift uncertainty for readout-channel 2 = 0.302427
Darkdrift uncertainty for readout-channel 3 = 0.303053
Darkdrift uncertainty for readout-channel 4 = 0.303132
Trimmed average of values in readout-channel 1 = 5.832389
Trimmed average of values in readout-channel 2 = 6.095692
Trimmed average of values in readout-channel 3 = 5.872420
Trimmed average of values in readout-channel 4 = 5.819033
Darkdrift background term = 5.904883
...for data plane = 15
Darkdrift correction for readout-channel 1 = 0.056948
Darkdrift correction for readout-channel 2 = -0.094148
Darkdrift correction for readout-channel 3 = -0.085044
Darkdrift correction for readout-channel 4 = 0.122244
Darkdrift uncertainty for readout-channel 1 = 0.302962
Darkdrift uncertainty for readout-channel 2 = 0.302988
Darkdrift uncertainty for readout-channel 3 = 0.302984
Darkdrift uncertainty for readout-channel 4 = 0.302891
Trimmed average of values in readout-channel 1 = 5.735154
Trimmed average of values in readout-channel 2 = 5.584058
Trimmed average of values in readout-channel 3 = 5.593162
Trimmed average of values in readout-channel 4 = 5.800450
Darkdrift background term = 5.678206
...for data plane = 16
Darkdrift correction for readout-channel 1 = -0.295313
Darkdrift correction for readout-channel 2 = -0.273103
Darkdrift correction for readout-channel 3 = -0.029614
Darkdrift correction for readout-channel 4 = 0.598030
Darkdrift uncertainty for readout-channel 1 = 0.302974
Darkdrift uncertainty for readout-channel 2 = 0.302968
Darkdrift uncertainty for readout-channel 3 = 0.303041
Darkdrift uncertainty for readout-channel 4 = 0.303053
Trimmed average of values in readout-channel 1 = 5.316651
Trimmed average of values in readout-channel 2 = 5.338861
Trimmed average of values in readout-channel 3 = 5.582350
Trimmed average of values in readout-channel 4 = 6.209994
Darkdrift background term = 5.611964
...for data plane = 17
Darkdrift correction for readout-channel 1 = 0.054842
Darkdrift correction for readout-channel 2 = -0.001345
Darkdrift correction for readout-channel 3 = 0.188915
Darkdrift correction for readout-channel 4 = -0.242412
Darkdrift uncertainty for readout-channel 1 = 0.304653
Darkdrift uncertainty for readout-channel 2 = 0.303527
Darkdrift uncertainty for readout-channel 3 = 0.302885
Darkdrift uncertainty for readout-channel 4 = 0.302893
Trimmed average of values in readout-channel 1 = 5.843746
Trimmed average of values in readout-channel 2 = 5.787559
Trimmed average of values in readout-channel 3 = 5.977818
Trimmed average of values in readout-channel 4 = 5.546492
Darkdrift background term = 5.788904
...for data plane = 18
Darkdrift correction for readout-channel 1 = 0.401452
Darkdrift correction for readout-channel 2 = -0.372749
Darkdrift correction for readout-channel 3 = 0.013433
Darkdrift correction for readout-channel 4 = -0.042136
Darkdrift uncertainty for readout-channel 1 = 0.302400
Darkdrift uncertainty for readout-channel 2 = 0.302969
Darkdrift uncertainty for readout-channel 3 = 0.302979
Darkdrift uncertainty for readout-channel 4 = 0.302976
Trimmed average of values in readout-channel 1 = 6.111252
Trimmed average of values in readout-channel 2 = 5.337052
Trimmed average of values in readout-channel 3 = 5.723233
Trimmed average of values in readout-channel 4 = 5.667664
Darkdrift background term = 5.709800
...for data plane = 19
Darkdrift correction for readout-channel 1 = -0.225500
Darkdrift correction for readout-channel 2 = -0.010181
Darkdrift correction for readout-channel 3 = -0.061227
Darkdrift correction for readout-channel 4 = 0.296908
Darkdrift uncertainty for readout-channel 1 = 0.302976
Darkdrift uncertainty for readout-channel 2 = 0.347667
Darkdrift uncertainty for readout-channel 3 = 0.302870
Darkdrift uncertainty for readout-channel 4 = 0.302971
Trimmed average of values in readout-channel 1 = 5.350967
Trimmed average of values in readout-channel 2 = 5.566286
Trimmed average of values in readout-channel 3 = 5.515239
Trimmed average of values in readout-channel 4 = 5.873375
Darkdrift background term = 5.576467
...for data plane = 20
Darkdrift correction for readout-channel 1 = 0.093471
Darkdrift correction for readout-channel 2 = -0.167777
Darkdrift correction for readout-channel 3 = 0.066368
Darkdrift correction for readout-channel 4 = 0.007938
Darkdrift uncertainty for readout-channel 1 = 0.302975
Darkdrift uncertainty for readout-channel 2 = 0.303241
Darkdrift uncertainty for readout-channel 3 = 0.303127
Darkdrift uncertainty for readout-channel 4 = 0.302962
Trimmed average of values in readout-channel 1 = 5.955140
Trimmed average of values in readout-channel 2 = 5.693892
Trimmed average of values in readout-channel 3 = 5.928037
Trimmed average of values in readout-channel 4 = 5.869608
Darkdrift background term = 5.861669
...for data plane = 21
Darkdrift correction for readout-channel 1 = -0.183215
Darkdrift correction for readout-channel 2 = 0.037087
Darkdrift correction for readout-channel 3 = -0.008629
Darkdrift correction for readout-channel 4 = 0.154757
Darkdrift uncertainty for readout-channel 1 = 0.302966
Darkdrift uncertainty for readout-channel 2 = 0.304356
Darkdrift uncertainty for readout-channel 3 = 0.303777
Darkdrift uncertainty for readout-channel 4 = 0.303058
Trimmed average of values in readout-channel 1 = 5.388213
Trimmed average of values in readout-channel 2 = 5.608514
Trimmed average of values in readout-channel 3 = 5.562799
Trimmed average of values in readout-channel 4 = 5.726185
Darkdrift background term = 5.571428
...for data plane = 22
Darkdrift correction for readout-channel 1 = 0.224560
Darkdrift correction for readout-channel 2 = -0.644083
Darkdrift correction for readout-channel 3 = 0.106723
Darkdrift correction for readout-channel 4 = 0.312799
Darkdrift uncertainty for readout-channel 1 = 0.302984
Darkdrift uncertainty for readout-channel 2 = 0.302963
Darkdrift uncertainty for readout-channel 3 = 0.377522
Darkdrift uncertainty for readout-channel 4 = 0.303046
Trimmed average of values in readout-channel 1 = 5.994435
Trimmed average of values in readout-channel 2 = 5.125792
Trimmed average of values in readout-channel 3 = 5.876598
Trimmed average of values in readout-channel 4 = 6.082674
Darkdrift background term = 5.769875
...for data plane = 23
Darkdrift correction for readout-channel 1 = -0.106109
Darkdrift correction for readout-channel 2 = 0.055544
Darkdrift correction for readout-channel 3 = 0.160696
Darkdrift correction for readout-channel 4 = -0.110131
Darkdrift uncertainty for readout-channel 1 = 0.303458
Darkdrift uncertainty for readout-channel 2 = 0.361337
Darkdrift uncertainty for readout-channel 3 = 0.302982
Darkdrift uncertainty for readout-channel 4 = 0.302977
Trimmed average of values in readout-channel 1 = 5.654514
Trimmed average of values in readout-channel 2 = 5.816167
Trimmed average of values in readout-channel 3 = 5.921320
Trimmed average of values in readout-channel 4 = 5.650492
Darkdrift background term = 5.760623
...for data plane = 24
Darkdrift correction for readout-channel 1 = -0.051775
Darkdrift correction for readout-channel 2 = -0.393159
Darkdrift correction for readout-channel 3 = 0.032014
Darkdrift correction for readout-channel 4 = 0.412920
Darkdrift uncertainty for readout-channel 1 = 0.302996
Darkdrift uncertainty for readout-channel 2 = 0.302971
Darkdrift uncertainty for readout-channel 3 = 0.303018
Darkdrift uncertainty for readout-channel 4 = 0.302978
Trimmed average of values in readout-channel 1 = 5.721781
Trimmed average of values in readout-channel 2 = 5.380397
Trimmed average of values in readout-channel 3 = 5.805570
Trimmed average of values in readout-channel 4 = 6.186476
Darkdrift background term = 5.773556
...for data plane = 25
Darkdrift correction for readout-channel 1 = -0.087249
Darkdrift correction for readout-channel 2 = -0.034181
Darkdrift correction for readout-channel 3 = -0.004796
Darkdrift correction for readout-channel 4 = 0.126225
Darkdrift uncertainty for readout-channel 1 = 0.303459
Darkdrift uncertainty for readout-channel 2 = 0.303513
Darkdrift uncertainty for readout-channel 3 = 0.303009
Darkdrift uncertainty for readout-channel 4 = 0.303063
Trimmed average of values in readout-channel 1 = 5.510062
Trimmed average of values in readout-channel 2 = 5.563130
Trimmed average of values in readout-channel 3 = 5.592515
Trimmed average of values in readout-channel 4 = 5.723536
Darkdrift background term = 5.597311
...for data plane = 26
Darkdrift correction for readout-channel 1 = 0.320349
Darkdrift correction for readout-channel 2 = -0.523692
Darkdrift correction for readout-channel 3 = 0.438904
Darkdrift correction for readout-channel 4 = -0.235560
Darkdrift uncertainty for readout-channel 1 = 0.302979
Darkdrift uncertainty for readout-channel 2 = 0.303253
Darkdrift uncertainty for readout-channel 3 = 0.302502
Darkdrift uncertainty for readout-channel 4 = 0.378383
Trimmed average of values in readout-channel 1 = 6.169173
Trimmed average of values in readout-channel 2 = 5.325131
Trimmed average of values in readout-channel 3 = 6.287728
Trimmed average of values in readout-channel 4 = 5.613264
Darkdrift background term = 5.848824
...for data plane = 27
Darkdrift correction for readout-channel 1 = -0.475387
Darkdrift correction for readout-channel 2 = -0.392786
Darkdrift correction for readout-channel 3 = 0.509639
Darkdrift correction for readout-channel 4 = 0.358534
Darkdrift uncertainty for readout-channel 1 = 0.303777
Darkdrift uncertainty for readout-channel 2 = 0.302420
Darkdrift uncertainty for readout-channel 3 = 0.302982
Darkdrift uncertainty for readout-channel 4 = 0.303302
Trimmed average of values in readout-channel 1 = 5.246773
Trimmed average of values in readout-channel 2 = 5.329375
Trimmed average of values in readout-channel 3 = 6.231800
Trimmed average of values in readout-channel 4 = 6.080695
Darkdrift background term = 5.722161
...for data plane = 28
Darkdrift correction for readout-channel 1 = -0.193318
Darkdrift correction for readout-channel 2 = 0.173650
Darkdrift correction for readout-channel 3 = -0.122051
Darkdrift correction for readout-channel 4 = 0.141720
Darkdrift uncertainty for readout-channel 1 = 0.302962
Darkdrift uncertainty for readout-channel 2 = 0.302427
Darkdrift uncertainty for readout-channel 3 = 0.302986
Darkdrift uncertainty for readout-channel 4 = 0.302723
Trimmed average of values in readout-channel 1 = 5.318858
Trimmed average of values in readout-channel 2 = 5.685826
Trimmed average of values in readout-channel 3 = 5.390125
Trimmed average of values in readout-channel 4 = 5.653896
Darkdrift background term = 5.512176
...for data plane = 29
Darkdrift correction for readout-channel 1 = 0.348287
Darkdrift correction for readout-channel 2 = -0.355141
Darkdrift correction for readout-channel 3 = -0.117916
Darkdrift correction for readout-channel 4 = 0.124771
Darkdrift uncertainty for readout-channel 1 = 0.303492
Darkdrift uncertainty for readout-channel 2 = 0.303096
Darkdrift uncertainty for readout-channel 3 = 0.303570
Darkdrift uncertainty for readout-channel 4 = 0.302983
Trimmed average of values in readout-channel 1 = 6.233488
Trimmed average of values in readout-channel 2 = 5.530060
Trimmed average of values in readout-channel 3 = 5.767285
Trimmed average of values in readout-channel 4 = 6.009972
Darkdrift background term = 5.885202
...for data plane = 30
Darkdrift correction for readout-channel 1 = -0.146448
Darkdrift correction for readout-channel 2 = 0.274839
Darkdrift correction for readout-channel 3 = -0.039008
Darkdrift correction for readout-channel 4 = -0.089382
Darkdrift uncertainty for readout-channel 1 = 0.303086
Darkdrift uncertainty for readout-channel 2 = 0.304635
Darkdrift uncertainty for readout-channel 3 = 0.303371
Darkdrift uncertainty for readout-channel 4 = 0.302994
Trimmed average of values in readout-channel 1 = 5.418942
Trimmed average of values in readout-channel 2 = 5.840230
Trimmed average of values in readout-channel 3 = 5.526383
Trimmed average of values in readout-channel 4 = 5.476008
Darkdrift background term = 5.565391
...for data plane = 31
Darkdrift correction for readout-channel 1 = -0.144734
Darkdrift correction for readout-channel 2 = -0.742547
Darkdrift correction for readout-channel 3 = 0.612804
Darkdrift correction for readout-channel 4 = 0.274477
Darkdrift uncertainty for readout-channel 1 = 0.302973
Darkdrift uncertainty for readout-channel 2 = 0.302974
Darkdrift uncertainty for readout-channel 3 = 0.303615
Darkdrift uncertainty for readout-channel 4 = 0.302979
Trimmed average of values in readout-channel 1 = 5.553358
Trimmed average of values in readout-channel 2 = 4.955546
Trimmed average of values in readout-channel 3 = 6.310896
Trimmed average of values in readout-channel 4 = 5.972570
Darkdrift background term = 5.698093
...for data plane = 32
Darkdrift correction for readout-channel 1 = 0.114174
Darkdrift correction for readout-channel 2 = 0.319419
Darkdrift correction for readout-channel 3 = -0.513784
Darkdrift correction for readout-channel 4 = 0.080192
Darkdrift uncertainty for readout-channel 1 = 0.303115
Darkdrift uncertainty for readout-channel 2 = 0.229172
Darkdrift uncertainty for readout-channel 3 = 0.302640
Darkdrift uncertainty for readout-channel 4 = 0.302974
Trimmed average of values in readout-channel 1 = 5.786097
Trimmed average of values in readout-channel 2 = 5.991342
Trimmed average of values in readout-channel 3 = 5.158140
Trimmed average of values in readout-channel 4 = 5.752115
Darkdrift background term = 5.671924
...for data plane = 33
Darkdrift correction for readout-channel 1 = 0.007131
Darkdrift correction for readout-channel 2 = -0.046625
Darkdrift correction for readout-channel 3 = -0.124251
Darkdrift correction for readout-channel 4 = 0.163745
Darkdrift uncertainty for readout-channel 1 = 0.302713
Darkdrift uncertainty for readout-channel 2 = 0.228614
Darkdrift uncertainty for readout-channel 3 = 0.302968
Darkdrift uncertainty for readout-channel 4 = 0.302966
Trimmed average of values in readout-channel 1 = 5.503802
Trimmed average of values in readout-channel 2 = 5.450046
Trimmed average of values in readout-channel 3 = 5.372421
Trimmed average of values in readout-channel 4 = 5.660416
Darkdrift background term = 5.496671
...for data plane = 34
Darkdrift correction for readout-channel 1 = 0.275233
Darkdrift correction for readout-channel 2 = -0.479609
Darkdrift correction for readout-channel 3 = 0.067179
Darkdrift correction for readout-channel 4 = 0.137197
Darkdrift uncertainty for readout-channel 1 = 0.302992
Darkdrift uncertainty for readout-channel 2 = 0.304071
Darkdrift uncertainty for readout-channel 3 = 0.302980
Darkdrift uncertainty for readout-channel 4 = 0.304572
Trimmed average of values in readout-channel 1 = 6.107013
Trimmed average of values in readout-channel 2 = 5.352171
Trimmed average of values in readout-channel 3 = 5.898959
Trimmed average of values in readout-channel 4 = 5.968977
Darkdrift background term = 5.831780
...for data plane = 35
Darkdrift correction for readout-channel 1 = 0.217652
Darkdrift correction for readout-channel 2 = -0.228140
Darkdrift correction for readout-channel 3 = -0.535917
Darkdrift correction for readout-channel 4 = 0.546405
Darkdrift uncertainty for readout-channel 1 = 0.301616
Darkdrift uncertainty for readout-channel 2 = 0.302976
Darkdrift uncertainty for readout-channel 3 = 0.303299
Darkdrift uncertainty for readout-channel 4 = 0.303069
Trimmed average of values in readout-channel 1 = 5.732626
Trimmed average of values in readout-channel 2 = 5.286834
Trimmed average of values in readout-channel 3 = 4.979058
Trimmed average of values in readout-channel 4 = 6.061379
Darkdrift background term = 5.514974
...for data plane = 36
Darkdrift correction for readout-channel 1 = 0.328886
Darkdrift correction for readout-channel 2 = 0.106883
Darkdrift correction for readout-channel 3 = -0.263074
Darkdrift correction for readout-channel 4 = -0.172694
Darkdrift uncertainty for readout-channel 1 = 0.302985
Darkdrift uncertainty for readout-channel 2 = 0.269708
Darkdrift uncertainty for readout-channel 3 = 0.302905
Darkdrift uncertainty for readout-channel 4 = 0.302888
Trimmed average of values in readout-channel 1 = 6.066921
Trimmed average of values in readout-channel 2 = 5.844918
Trimmed average of values in readout-channel 3 = 5.474961
Trimmed average of values in readout-channel 4 = 5.565341
Darkdrift background term = 5.738035
...for data plane = 37
Darkdrift correction for readout-channel 1 = 0.410966
Darkdrift correction for readout-channel 2 = -0.073653
Darkdrift correction for readout-channel 3 = -0.044864
Darkdrift correction for readout-channel 4 = -0.292449
Darkdrift uncertainty for readout-channel 1 = 0.303371
Darkdrift uncertainty for readout-channel 2 = 0.300798
Darkdrift uncertainty for readout-channel 3 = 0.302980
Darkdrift uncertainty for readout-channel 4 = 0.302637
Trimmed average of values in readout-channel 1 = 5.973748
Trimmed average of values in readout-channel 2 = 5.489129
Trimmed average of values in readout-channel 3 = 5.517917
Trimmed average of values in readout-channel 4 = 5.270332
Darkdrift background term = 5.562781
...for data plane = 38
Darkdrift correction for readout-channel 1 = 0.519227
Darkdrift correction for readout-channel 2 = -0.791319
Darkdrift correction for readout-channel 3 = -0.137383
Darkdrift correction for readout-channel 4 = 0.409474
Darkdrift uncertainty for readout-channel 1 = 0.302964
Darkdrift uncertainty for readout-channel 2 = 0.302990
Darkdrift uncertainty for readout-channel 3 = 0.303453
Darkdrift uncertainty for readout-channel 4 = 0.303154
Trimmed average of values in readout-channel 1 = 6.104741
Trimmed average of values in readout-channel 2 = 4.794195
Trimmed average of values in readout-channel 3 = 5.448131
Trimmed average of values in readout-channel 4 = 5.994988
Darkdrift background term = 5.585514
...for data plane = 39
Darkdrift correction for readout-channel 1 = -0.064818
Darkdrift correction for readout-channel 2 = -0.522961
Darkdrift correction for readout-channel 3 = 0.711609
Darkdrift correction for readout-channel 4 = -0.123830
Darkdrift uncertainty for readout-channel 1 = 0.302972
Darkdrift uncertainty for readout-channel 2 = 0.302416
Darkdrift uncertainty for readout-channel 3 = 0.306041
Darkdrift uncertainty for readout-channel 4 = 0.303534
Trimmed average of values in readout-channel 1 = 5.596550
Trimmed average of values in readout-channel 2 = 5.138407
Trimmed average of values in readout-channel 3 = 6.372976
Trimmed average of values in readout-channel 4 = 5.537537
Darkdrift background term = 5.661368
...for data plane = 40
Darkdrift correction for readout-channel 1 = -0.107000
Darkdrift correction for readout-channel 2 = -0.243059
Darkdrift correction for readout-channel 3 = -0.176992
Darkdrift correction for readout-channel 4 = 0.527050
Darkdrift uncertainty for readout-channel 1 = 0.303614
Darkdrift uncertainty for readout-channel 2 = 0.302975
Darkdrift uncertainty for readout-channel 3 = 0.302667
Darkdrift uncertainty for readout-channel 4 = 0.304410
Trimmed average of values in readout-channel 1 = 5.511338
Trimmed average of values in readout-channel 2 = 5.375279
Trimmed average of values in readout-channel 3 = 5.441346
Trimmed average of values in readout-channel 4 = 6.145388
Darkdrift background term = 5.618338
...for data plane = 41
Darkdrift correction for readout-channel 1 = -0.236471
Darkdrift correction for readout-channel 2 = 0.166805
Darkdrift correction for readout-channel 3 = 0.015274
Darkdrift correction for readout-channel 4 = 0.054393
Darkdrift uncertainty for readout-channel 1 = 0.303374
Darkdrift uncertainty for readout-channel 2 = 0.303804
Darkdrift uncertainty for readout-channel 3 = 0.378472
Darkdrift uncertainty for readout-channel 4 = 0.303816
Trimmed average of values in readout-channel 1 = 5.515926
Trimmed average of values in readout-channel 2 = 5.919202
Trimmed average of values in readout-channel 3 = 5.767671
Trimmed average of values in readout-channel 4 = 5.806790
Darkdrift background term = 5.752397
...for data plane = 42
Darkdrift correction for readout-channel 1 = -0.152957
Darkdrift correction for readout-channel 2 = -0.044737
Darkdrift correction for readout-channel 3 = 0.144820
Darkdrift correction for readout-channel 4 = 0.052874
Darkdrift uncertainty for readout-channel 1 = 0.303366
Darkdrift uncertainty for readout-channel 2 = 0.303260
Darkdrift uncertainty for readout-channel 3 = 0.303041
Darkdrift uncertainty for readout-channel 4 = 0.302709
Trimmed average of values in readout-channel 1 = 5.293548
Trimmed average of values in readout-channel 2 = 5.401767
Trimmed average of values in readout-channel 3 = 5.591324
Trimmed average of values in readout-channel 4 = 5.499379
Darkdrift background term = 5.446505
...for data plane = 43
Darkdrift correction for readout-channel 1 = 0.092949
Darkdrift correction for readout-channel 2 = -0.384719
Darkdrift correction for readout-channel 3 = 0.007863
Darkdrift correction for readout-channel 4 = 0.283907
Darkdrift uncertainty for readout-channel 1 = 0.302976
Darkdrift uncertainty for readout-channel 2 = 0.302965
Darkdrift uncertainty for readout-channel 3 = 0.303122
Darkdrift uncertainty for readout-channel 4 = 0.303303
Trimmed average of values in readout-channel 1 = 5.720988
Trimmed average of values in readout-channel 2 = 5.243319
Trimmed average of values in readout-channel 3 = 5.635901
Trimmed average of values in readout-channel 4 = 5.911946
Darkdrift background term = 5.628039
...for data plane = 44
Darkdrift correction for readout-channel 1 = 0.017155
Darkdrift correction for readout-channel 2 = -0.318601
Darkdrift correction for readout-channel 3 = -0.022915
Darkdrift correction for readout-channel 4 = 0.324361
Darkdrift uncertainty for readout-channel 1 = 0.302964
Darkdrift uncertainty for readout-channel 2 = 0.303252
Darkdrift uncertainty for readout-channel 3 = 0.303051
Darkdrift uncertainty for readout-channel 4 = 0.303220
Trimmed average of values in readout-channel 1 = 5.488905
Trimmed average of values in readout-channel 2 = 5.153150
Trimmed average of values in readout-channel 3 = 5.448836
Trimmed average of values in readout-channel 4 = 5.796111
Darkdrift background term = 5.471751
...for data plane = 45
Darkdrift correction for readout-channel 1 = 0.386001
Darkdrift correction for readout-channel 2 = 0.031250
Darkdrift correction for readout-channel 3 = -0.403422
Darkdrift correction for readout-channel 4 = -0.013829
Darkdrift uncertainty for readout-channel 1 = 0.265753
Darkdrift uncertainty for readout-channel 2 = 0.302132
Darkdrift uncertainty for readout-channel 3 = 0.303214
Darkdrift uncertainty for readout-channel 4 = 0.302969
Trimmed average of values in readout-channel 1 = 6.201507
Trimmed average of values in readout-channel 2 = 5.846756
Trimmed average of values in readout-channel 3 = 5.412084
Trimmed average of values in readout-channel 4 = 5.801677
Darkdrift background term = 5.815506
...for data plane = 46
Darkdrift correction for readout-channel 1 = 0.091241
Darkdrift correction for readout-channel 2 = 0.043682
Darkdrift correction for readout-channel 3 = -0.230136
Darkdrift correction for readout-channel 4 = 0.095213
Darkdrift uncertainty for readout-channel 1 = 0.378196
Darkdrift uncertainty for readout-channel 2 = 0.302977
Darkdrift uncertainty for readout-channel 3 = 0.303123
Darkdrift uncertainty for readout-channel 4 = 0.302980
Trimmed average of values in readout-channel 1 = 5.439232
Trimmed average of values in readout-channel 2 = 5.391672
Trimmed average of values in readout-channel 3 = 5.117855
Trimmed average of values in readout-channel 4 = 5.443204
Darkdrift background term = 5.347991
...for data plane = 47
Darkdrift correction for readout-channel 1 = -0.132262
Darkdrift correction for readout-channel 2 = 0.151169
Darkdrift correction for readout-channel 3 = -0.210097
Darkdrift correction for readout-channel 4 = 0.191190
Darkdrift uncertainty for readout-channel 1 = 0.302930
Darkdrift uncertainty for readout-channel 2 = 0.302981
Darkdrift uncertainty for readout-channel 3 = 0.302981
Darkdrift uncertainty for readout-channel 4 = 0.303151
Trimmed average of values in readout-channel 1 = 5.226703
Trimmed average of values in readout-channel 2 = 5.510133
Trimmed average of values in readout-channel 3 = 5.148867
Trimmed average of values in readout-channel 4 = 5.550154
Darkdrift background term = 5.358964
...for data plane = 48
Darkdrift correction for readout-channel 1 = -0.155791
Darkdrift correction for readout-channel 2 = -0.130272
Darkdrift correction for readout-channel 3 = 0.432893
Darkdrift correction for readout-channel 4 = -0.146831
Darkdrift uncertainty for readout-channel 1 = 0.302967
Darkdrift uncertainty for readout-channel 2 = 0.304076
Darkdrift uncertainty for readout-channel 3 = 0.303048
Darkdrift uncertainty for readout-channel 4 = 0.302880
Trimmed average of values in readout-channel 1 = 5.352818
Trimmed average of values in readout-channel 2 = 5.378337
Trimmed average of values in readout-channel 3 = 5.941502
Trimmed average of values in readout-channel 4 = 5.361778
Darkdrift background term = 5.508609
...for data plane = 49
Darkdrift correction for readout-channel 1 = 0.065097
Darkdrift correction for readout-channel 2 = -0.097368
Darkdrift correction for readout-channel 3 = -0.331847
Darkdrift correction for readout-channel 4 = 0.364118
Darkdrift uncertainty for readout-channel 1 = 0.303361
Darkdrift uncertainty for readout-channel 2 = 0.303238
Darkdrift uncertainty for readout-channel 3 = 0.302975
Darkdrift uncertainty for readout-channel 4 = 0.303052
Trimmed average of values in readout-channel 1 = 5.367317
Trimmed average of values in readout-channel 2 = 5.204853
Trimmed average of values in readout-channel 3 = 4.970373
Trimmed average of values in readout-channel 4 = 5.666338
Darkdrift background term = 5.302220
...for data plane = 50
Darkdrift correction for readout-channel 1 = -0.183969
Darkdrift correction for readout-channel 2 = -0.092355
Darkdrift correction for readout-channel 3 = 0.006140
Darkdrift correction for readout-channel 4 = 0.270185
Darkdrift uncertainty for readout-channel 1 = 0.302972
Darkdrift uncertainty for readout-channel 2 = 0.302971
Darkdrift uncertainty for readout-channel 3 = 0.302966
Darkdrift uncertainty for readout-channel 4 = 0.227555
Trimmed average of values in readout-channel 1 = 5.555231
Trimmed average of values in readout-channel 2 = 5.646845
Trimmed average of values in readout-channel 3 = 5.745341
Trimmed average of values in readout-channel 4 = 6.009385
Darkdrift background term = 5.739201
...for data plane = 51
Darkdrift correction for readout-channel 1 = -0.098785
Darkdrift correction for readout-channel 2 = -0.416091
Darkdrift correction for readout-channel 3 = -0.004418
Darkdrift correction for readout-channel 4 = 0.519294
Darkdrift uncertainty for readout-channel 1 = 0.302975
Darkdrift uncertainty for readout-channel 2 = 0.302976
Darkdrift uncertainty for readout-channel 3 = 0.377277
Darkdrift uncertainty for readout-channel 4 = 0.303307
Trimmed average of values in readout-channel 1 = 5.075234
Trimmed average of values in readout-channel 2 = 4.757927
Trimmed average of values in readout-channel 3 = 5.169601
Trimmed average of values in readout-channel 4 = 5.693313
Darkdrift background term = 5.174018
...for data plane = 52
Darkdrift correction for readout-channel 1 = -0.299444
Darkdrift correction for readout-channel 2 = -0.501039
Darkdrift correction for readout-channel 3 = 0.478152
Darkdrift correction for readout-channel 4 = 0.322330
Darkdrift uncertainty for readout-channel 1 = 0.303354
Darkdrift uncertainty for readout-channel 2 = 0.302144
Darkdrift uncertainty for readout-channel 3 = 0.303301
Darkdrift uncertainty for readout-channel 4 = 0.302977
Trimmed average of values in readout-channel 1 = 5.476875
Trimmed average of values in readout-channel 2 = 5.275280
Trimmed average of values in readout-channel 3 = 6.254471
Trimmed average of values in readout-channel 4 = 6.098649
Darkdrift background term = 5.776319
...for data plane = 53
Darkdrift correction for readout-channel 1 = 0.191281
Darkdrift correction for readout-channel 2 = -0.399776
Darkdrift correction for readout-channel 3 = 0.050126
Darkdrift correction for readout-channel 4 = 0.158369
Darkdrift uncertainty for readout-channel 1 = 0.229441
Darkdrift uncertainty for readout-channel 2 = 0.303269
Darkdrift uncertainty for readout-channel 3 = 0.303128
Darkdrift uncertainty for readout-channel 4 = 0.302991
Trimmed average of values in readout-channel 1 = 5.821842
Trimmed average of values in readout-channel 2 = 5.230785
Trimmed average of values in readout-channel 3 = 5.680687
Trimmed average of values in readout-channel 4 = 5.788930
Darkdrift background term = 5.630561
...for data plane = 54
Darkdrift correction for readout-channel 1 = -0.017811
Darkdrift correction for readout-channel 2 = -0.154686
Darkdrift correction for readout-channel 3 = 0.089762
Darkdrift correction for readout-channel 4 = 0.082735
Darkdrift uncertainty for readout-channel 1 = 0.302974
Darkdrift uncertainty for readout-channel 2 = 0.303521
Darkdrift uncertainty for readout-channel 3 = 0.303615
Darkdrift uncertainty for readout-channel 4 = 0.300543
Trimmed average of values in readout-channel 1 = 5.550815
Trimmed average of values in readout-channel 2 = 5.413940
Trimmed average of values in readout-channel 3 = 5.658388
Trimmed average of values in readout-channel 4 = 5.651361
Darkdrift background term = 5.568626
...for data plane = 55
Darkdrift correction for readout-channel 1 = 0.210095
Darkdrift correction for readout-channel 2 = 0.205523
Darkdrift correction for readout-channel 3 = -0.401158
Darkdrift correction for readout-channel 4 = -0.014459
Darkdrift uncertainty for readout-channel 1 = 0.303869
Darkdrift uncertainty for readout-channel 2 = 0.302984
Darkdrift uncertainty for readout-channel 3 = 0.302971
Darkdrift uncertainty for readout-channel 4 = 0.265139
Trimmed average of values in readout-channel 1 = 5.422593
Trimmed average of values in readout-channel 2 = 5.418020
Trimmed average of values in readout-channel 3 = 4.811339
Trimmed average of values in readout-channel 4 = 5.198038
Darkdrift background term = 5.212497
...for data plane = 56
Darkdrift correction for readout-channel 1 = 0.109523
Darkdrift correction for readout-channel 2 = 0.180306
Darkdrift correction for readout-channel 3 = 0.195051
Darkdrift correction for readout-channel 4 = -0.484880
Darkdrift uncertainty for readout-channel 1 = 0.303487
Darkdrift uncertainty for readout-channel 2 = 0.303237
Darkdrift uncertainty for readout-channel 3 = 0.303048
Darkdrift uncertainty for readout-channel 4 = 0.303129
Trimmed average of values in readout-channel 1 = 5.996919
Trimmed average of values in readout-channel 2 = 6.067702
Trimmed average of values in readout-channel 3 = 6.082448
Trimmed average of values in readout-channel 4 = 5.402516
Darkdrift background term = 5.887396
...for data plane = 57
Darkdrift correction for readout-channel 1 = -0.287164
Darkdrift correction for readout-channel 2 = -0.310947
Darkdrift correction for readout-channel 3 = -0.161126
Darkdrift correction for readout-channel 4 = 0.759237
Darkdrift uncertainty for readout-channel 1 = 0.303228
Darkdrift uncertainty for readout-channel 2 = 0.303806
Darkdrift uncertainty for readout-channel 3 = 0.302573
Darkdrift uncertainty for readout-channel 4 = 0.303058
Trimmed average of values in readout-channel 1 = 5.244199
Trimmed average of values in readout-channel 2 = 5.220417
Trimmed average of values in readout-channel 3 = 5.370237
Trimmed average of values in readout-channel 4 = 6.290601
Darkdrift background term = 5.531364
...for data plane = 58
Darkdrift correction for readout-channel 1 = 0.351040
Darkdrift correction for readout-channel 2 = -0.246653
Darkdrift correction for readout-channel 3 = -0.036526
Darkdrift correction for readout-channel 4 = -0.067861
Darkdrift uncertainty for readout-channel 1 = 0.303338
Darkdrift uncertainty for readout-channel 2 = 0.302986
Darkdrift uncertainty for readout-channel 3 = 0.302652
Darkdrift uncertainty for readout-channel 4 = 0.303140
Trimmed average of values in readout-channel 1 = 0.605286
Trimmed average of values in readout-channel 2 = 0.007593
Trimmed average of values in readout-channel 3 = 0.217720
Trimmed average of values in readout-channel 4 = 0.186384
Darkdrift background term = 0.254246
...for data plane = 59
Darkdrift correction for readout-channel 1 = -0.204186
Darkdrift correction for readout-channel 2 = -0.306111
Darkdrift correction for readout-channel 3 = -0.009631
Darkdrift correction for readout-channel 4 = 0.519929
Darkdrift uncertainty for readout-channel 1 = 0.303953
Darkdrift uncertainty for readout-channel 2 = 0.303242
Darkdrift uncertainty for readout-channel 3 = 0.303049
Darkdrift uncertainty for readout-channel 4 = 0.303133
Trimmed average of values in readout-channel 1 = 5.234078
Trimmed average of values in readout-channel 2 = 5.132153
Trimmed average of values in readout-channel 3 = 5.428633
Trimmed average of values in readout-channel 4 = 5.958193
Darkdrift background term = 5.438264
...for data plane = 60
Darkdrift correction for readout-channel 1 = 0.143668
Darkdrift correction for readout-channel 2 = -0.132319
Darkdrift correction for readout-channel 3 = 0.134713
Darkdrift correction for readout-channel 4 = -0.146062
Darkdrift uncertainty for readout-channel 1 = 0.302968
Darkdrift uncertainty for readout-channel 2 = 0.303800
Darkdrift uncertainty for readout-channel 3 = 0.303214
Darkdrift uncertainty for readout-channel 4 = 0.303371
Trimmed average of values in readout-channel 1 = 5.537816
Trimmed average of values in readout-channel 2 = 5.261829
Trimmed average of values in readout-channel 3 = 5.528861
Trimmed average of values in readout-channel 4 = 5.248086
Darkdrift background term = 5.394148
...for data plane = 61
Darkdrift correction for readout-channel 1 = 0.265285
Darkdrift correction for readout-channel 2 = 0.064295
Darkdrift correction for readout-channel 3 = -0.403821
Darkdrift correction for readout-channel 4 = 0.074241
Darkdrift uncertainty for readout-channel 1 = 0.303246
Darkdrift uncertainty for readout-channel 2 = 0.340858
Darkdrift uncertainty for readout-channel 3 = 0.303139
Darkdrift uncertainty for readout-channel 4 = 0.303409
Trimmed average of values in readout-channel 1 = 5.780325
Trimmed average of values in readout-channel 2 = 5.579335
Trimmed average of values in readout-channel 3 = 5.111219
Trimmed average of values in readout-channel 4 = 5.589281
Darkdrift background term = 5.515040
...for data plane = 62
Darkdrift correction for readout-channel 1 = -0.377180
Darkdrift correction for readout-channel 2 = -0.110259
Darkdrift correction for readout-channel 3 = 0.801892
Darkdrift correction for readout-channel 4 = -0.314453
Darkdrift uncertainty for readout-channel 1 = 0.302969
Darkdrift uncertainty for readout-channel 2 = 0.302981
Darkdrift uncertainty for readout-channel 3 = 0.303402
Darkdrift uncertainty for readout-channel 4 = 0.302971
Trimmed average of values in readout-channel 1 = 4.925638
Trimmed average of values in readout-channel 2 = 5.192558
Trimmed average of values in readout-channel 3 = 6.104709
Trimmed average of values in readout-channel 4 = 4.988364
Darkdrift background term = 5.302817
...for data plane = 63
Darkdrift correction for readout-channel 1 = 0.066259
Darkdrift correction for readout-channel 2 = -0.090595
Darkdrift correction for readout-channel 3 = 0.003795
Darkdrift correction for readout-channel 4 = 0.020541
Darkdrift uncertainty for readout-channel 1 = 0.303121
Darkdrift uncertainty for readout-channel 2 = 0.303252
Darkdrift uncertainty for readout-channel 3 = 0.302974
Darkdrift uncertainty for readout-channel 4 = 0.303166
Trimmed average of values in readout-channel 1 = 5.814277
Trimmed average of values in readout-channel 2 = 5.657423
Trimmed average of values in readout-channel 3 = 5.751813
Trimmed average of values in readout-channel 4 = 5.768558
Darkdrift background term = 5.748018
...for data plane = 64
Darkdrift correction for readout-channel 1 = 0.062898
Darkdrift correction for readout-channel 2 = -0.126990
Darkdrift correction for readout-channel 3 = 0.419342
Darkdrift correction for readout-channel 4 = -0.355250
Darkdrift uncertainty for readout-channel 1 = 0.303095
Darkdrift uncertainty for readout-channel 2 = 0.302975
Darkdrift uncertainty for readout-channel 3 = 0.303013
Darkdrift uncertainty for readout-channel 4 = 0.303334
Trimmed average of values in readout-channel 1 = 5.275118
Trimmed average of values in readout-channel 2 = 5.085231
Trimmed average of values in readout-channel 3 = 5.631562
Trimmed average of values in readout-channel 4 = 4.856970
Darkdrift background term = 5.212220

Program darkdrift: Status Message: 0x0000
Normal exit from Function 0x0000: LOG_WRITER
darkdrift Warning: NaN's were produced in the results.
A total of     2013   NaN's were produced in the results.
Processing time: 9.460000 seconds
Current date/time: Sat Jan  9 14:59:18 2016
Program darkdrift, version 4.1, terminated.

darkdrift   exit_value =   0    execution_time = 9.530s
******************************************************************
Pipeline executing flatap
flatap -i darkdrift.fits -p cal/pmask.fits -f cal/skyflat.fits -ui sig_darkdrift.fits -uo sig_flatap.fits -d dmask.fits -o flatap.fits -c cal/skyflat_cmask.fits 
******************************************************************
Pipeline Module FLATAP Version 1.5
Processing time Sat Jan  9 14:59:18 2016

flatap_parse_namelist: Information only: Namelist not specified.
Sat Jan  9 14:59:18 2016
flatap_log_writer: Could not open Log File, using stdout
Flatap Version 1.5
Namelist File  = 
Input DCE = darkdrift.fits
Output DCE = !flatap.fits
Flatfield = cal/skyflat.fits
Input Uncertainty = sig_darkdrift.fits
Output Uncertainty = !sig_flatap.fits
Pmask File = cal/pmask.fits
Pmask Mask = 128
Dmask File = dmask.fits
Dmask Mask = 16384
Cmask File = cal/skyflat_cmask.fits
Cmask Mask = 256
Trans CAL File = 
Trans CAL CMask File = 
Processing Log File = 
Time =    0.14 seconds
*********************

Time = 0.140 seconds
exit code 0

flatap   exit_value =   0    execution_time = 0.200s
******************************************************************
Pipeline executing imfliprot
imfliprot -i flatap.fits -n cdf/pn107.nl -a /sos/sw/S19.2.0/STUDIO/downlink/include -o imfliprot.fits 
******************************************************************

imfliprot_log_writer: Printing Log output to stdout

Program imfliprot, Version 1.0
Namelist File  = cdf/pn107.nl
Input File = flatap.fits
Output File = imfliprot.fits
Image has been flipped
Image Rotation (degrees)  = 180
Ancillary Data-File Path = /sos/sw/S19.2.0/STUDIO/downlink/include
Verbose flag = 0
Debug flag = 0
imfliprot Status Message      0x0000: Normal exit from Function 0x0000: LOG_WRITER
Processing time: 0.150000 seconds
Current date/time: Sat Jan  9 14:59:19 2016
Program imfliprot, version 1.0, terminated.


imfliprot   exit_value =   0    execution_time = 0.180s
******************************************************************
Pipeline executing imfliprot
imfliprot -i sig_flatap.fits -n cdf/pn107.nl -a /sos/sw/S19.2.0/STUDIO/downlink/include -o sig_imfliprot.fits 
******************************************************************

imfliprot_log_writer: Printing Log output to stdout

Program imfliprot, Version 1.0
Namelist File  = cdf/pn107.nl
Input File = sig_flatap.fits
Output File = sig_imfliprot.fits
Image has been flipped
Image Rotation (degrees)  = 180
Ancillary Data-File Path = /sos/sw/S19.2.0/STUDIO/downlink/include
Verbose flag = 0
Debug flag = 0
imfliprot Status Message      0x0000: Normal exit from Function 0x0000: LOG_WRITER
Processing time: 0.150000 seconds
Current date/time: Sat Jan  9 14:59:19 2016
Program imfliprot, version 1.0, terminated.


imfliprot   exit_value =   0    execution_time = 0.180s
******************************************************************
Pipeline executing imfliprot
imfliprot -i dmask.fits -n cdf/pn107.nl -a /sos/sw/S19.2.0/STUDIO/downlink/include -o temp_dmask.fits 
******************************************************************

imfliprot_log_writer: Printing Log output to stdout

Program imfliprot, Version 1.0
Namelist File  = cdf/pn107.nl
Input File = dmask.fits
Output File = temp_dmask.fits
Image has been flipped
Image Rotation (degrees)  = 180
Ancillary Data-File Path = /sos/sw/S19.2.0/STUDIO/downlink/include
Verbose flag = 0
Debug flag = 0
imfliprot Status Message      0x0000: Normal exit from Function 0x0000: LOG_WRITER
Processing time: 0.040000 seconds
Current date/time: Sat Jan  9 14:59:20 2016
Program imfliprot, version 1.0, terminated.


imfliprot   exit_value =   0    execution_time = 0.070s
******************************************************************
Pipeline executing imfliprot
imfliprot -i fowlinearize.fits -n cdf/pn107.nl -a /sos/sw/S19.2.0/STUDIO/downlink/include -o temp_fowlinearize.fits 
******************************************************************

imfliprot_log_writer: Printing Log output to stdout

Program imfliprot, Version 1.0
Namelist File  = cdf/pn107.nl
Input File = fowlinearize.fits
Output File = temp_fowlinearize.fits
Image has been flipped
Image Rotation (degrees)  = 180
Ancillary Data-File Path = /sos/sw/S19.2.0/STUDIO/downlink/include
Verbose flag = 0
Debug flag = 0
imfliprot Status Message      0x0000: Normal exit from Function 0x0000: LOG_WRITER
Processing time: 0.080000 seconds
Current date/time: Sat Jan  9 14:59:20 2016
Program imfliprot, version 1.0, terminated.


imfliprot   exit_value =   0    execution_time = 0.110s
******************************************************************
Pipeline executing imfliprot
imfliprot -i sig_fowlinearize.fits -n cdf/pn107.nl -a /sos/sw/S19.2.0/STUDIO/downlink/include -o temp_sig_fowlinearize.fits 
******************************************************************

imfliprot_log_writer: Printing Log output to stdout

Program imfliprot, Version 1.0
Namelist File  = cdf/pn107.nl
Input File = sig_fowlinearize.fits
Output File = temp_sig_fowlinearize.fits
Image has been flipped
Image Rotation (degrees)  = 180
Ancillary Data-File Path = /sos/sw/S19.2.0/STUDIO/downlink/include
Verbose flag = 0
Debug flag = 0
imfliprot Status Message      0x0000: Normal exit from Function 0x0000: LOG_WRITER
Processing time: 0.070000 seconds
Current date/time: Sat Jan  9 14:59:20 2016
Program imfliprot, version 1.0, terminated.


imfliprot   exit_value =   0    execution_time = 0.100s
******************************************************************
Pipeline executing dntoflux
dntoflux -i imfliprot.fits -iu sig_imfliprot.fits -n cdf/pn107.nl -co 0 -c 0.1447 -u 0.0000 -a /sos/sw/S19.2.0/STUDIO/downlink/include -o1 dntoflux.fits -ou sig_dntoflux.fits -t 1 
******************************************************************

Program dntoflux, Version 4.2
Namelist File  = cdf/pn107.nl
Input Image = imfliprot.fits
Output File 1 = dntoflux.fits
Output Uncertainty Image = sig_dntoflux.fits
Operation flag = 0
Conversion factor = 0.144700
Input Uncertainty Image = sig_imfliprot.fits
Conversion-factor uncertainty = 0.000000
Output BUNIT setting = MJy/sr
Normalize-by-EXPTIME Flag = 1
EXPTIME = 1.920000
Data-Plane Flag = 1
Ancillary Data-File Path = /sos/sw/S19.2.0/STUDIO/downlink/include
Verbose flag = 0
Super-verbose flag = 0
Debug flag = 0
Terminating data-units-conversion program.
dntoflux Status Message: 0x0000
Normal exit from Function 0x0000: LOG_WRITER
dntoflux Probs Warning: NaN's were produced in the results.
A total of     4026   NaN's were produced in the results.
Processing time: 0.360000 seconds
Current date/time: Sat Jan  9 14:59:21 2016
Program dntoflux, version 4.2, terminated.

dntoflux   exit_value =   0    execution_time = 0.460s
******************************************************************
Pipeline executing qatool
qatool -i dntoflux.fits -n cdf/pn107.nl -nb QATOOLBCD -a /sos/sw/S19.2.0/STUDIO/downlink/include -o qa/BCD_qatool 
******************************************************************
qatool_parse_namelist: Information only: Namelist block-name = &QATOOLBCD
Program qatool, Version 6.0
Namelist File  = cdf/pn107.nl
Input File = dntoflux.fits
Output Data Filename Base = qa/BCD_qatool
Statistics Group = 0
Percent-Scaling Flag = 0
Calculation Type = 1
(set-up to do additional computations for four readout channels)
Number of Mean Absolute Deviations for Histogram Half-Width Coverage = 5
Number of Bins in Histograms = 41
Central fraction for trimmed average = 0.810000
Central fraction for trimmed std. dev. = 0.720000
Bad-pixel tolerance fraction = 0.900000
Statistics Box X position = 3
Statistics Box Y position = 4
Statistics Box X width = 20
Statistics Box Y height = 23
Input-Image Transpose Flag = 1
Unsigned Integer Flag = 0
Data-Plane Flag = 1
Number Edge Rows/Cols Skipped = 2
Keyword Prefix = bcd
Ancillary Data-File Path = /sos/sw/S19.2.0/STUDIO/downlink/include
Verbose flag = 0
Super-verbose flag = 0
Debug flag = 0
Performed statistical and histogram calculations.
Program qatool: Status Message: 0x0000
Normal exit from Function 0x0000: LOG_WRITER
Processing time: 0.950000 seconds
Current date/time: Sat Jan  9 14:59:22 2016
Program qatool, version 6.0, terminated.

qatool   exit_value =   0    execution_time = 1.020s
******************************************************************
Pipeline executing chkmask
chkmask dmask.fits -q qa/BCD_qatool.qa 
******************************************************************
 chkmask vsn 1.35 A40312
 
 No. of occurrences of the   3 status combinations:
   2268 occurrences of   256 (8)                                 
   6 occurrences of   16 (4)                                 
     1 occurrence of   272 (4,8)                               
 
 Status Bit: No. of Pixels
   0:   0
   1:   0
   2:   0
   3:   0
   4:   7
   5:   0
   6:   0
   7:   0
   8:   2269
   9:   0
   10:   0
   11:   0
   12:   0
   13:   0
   14:   0
 

chkmask   exit_value =   0    execution_time = 0.230s
******************************************************************
Loading QA information for DCE and BCD product
Keyword APDUV1E not found in header
Keyword APDUV2E not found in header
Keyword APDUV3E not found in header
Keyword APDUI1E not found in header
Keyword APDUI2E not found in header
Keyword APDUI3E not found in header
Could not append keyword APDUV1E to QA file qa/DCE_qatool.qa
Could not append keyword APDUV2E to QA file qa/DCE_qatool.qa
Could not append keyword APDUV3E to QA file qa/DCE_qatool.qa
Could not append keyword APDUI1E to QA file qa/DCE_qatool.qa
Could not append keyword APDUI2E to QA file qa/DCE_qatool.qa
Could not append keyword APDUI3E to QA file qa/DCE_qatool.qa
******************************************************************
Pipeline executing qaloader
qaloader -i qa/DCE_qatool.qa -tablename qa_iracdce -o qa/qaloader.sql -role pipelineswrole 
******************************************************************
2016/01/09 14:59:25 BEGIN qaloader v1.13
 -i (QA_FILE) qa/DCE_qatool.qa
 -tablename (TABLENAME) qa_iracdce
 -o (SQL_FILE) qa/qaloader.sql
 -role (ROLE) pipelineswrole
Using metadata version 13.0b
table name=qa_iracdce

QA values ingested:
{-4.604954e+01} {}
dceAveFI_1       -4.604954e+01 
{-4.908676e+01} {}
dceAveR1_1       -4.908676e+01 
{-2.905465e+01} {}
dceAveR2_1       -2.905465e+01 
{-3.313832e+01} {}
dceAveR3_1       -3.313832e+01 
{-7.291841e+01} {}
dceAveR4_1       -7.291841e+01 
{-2.200000e+01} {-4.908676e+01}
dceMedFI_1       -2.200000e+01 
{3.079939e+02} {}
dceSdevFI_1      3.079939e+02 
{4.770400e+00} {}
dceDSclFI_1      4.770400e+00 
{-8.900000e+03} {}
dceMinFI_1       -8.900000e+03 
{1.200000e+01} {}
dceMaxFI_1       1.200000e+01 
{147809434} {}
DCEID            147809434 
{2} {-4.604954e+01}
CHNLNUM          2 
{0} {}
ADCEID           0 
{8} {}
AFOWLNUM         8 
{184} {}
AWAITPER         184 
{0} {}
AWEASIDE         0 
{1} {}
AREADMOD         1 
{27.699513} {}
AFPAT1B          27.699513 
{28.671007} {}
AFPAT2B          28.671007 
{0} {}
APEDSIG          0 
{0} {}
ATXSTAT          0 
{0} {}
AFLSTAT          0 
{4} {}
ASHSTAT          4 
{-3.5585} {}
AVRSTBEG         -3.5585 
{-3.0562209} {}
AVDETBEG         -3.0562209 
{-3.618536} {}
AVGG1BEG         -3.618536 
{-3.550644} {}
AVDDUBEG         -3.550644 
{0} {}
AVGGCBEG         0 
{21.626487} {}
ACTENDT          21.626487 
{19.796908} {}
AFPECTE          19.796908 
{23.174509} {}
AFPEATE          23.174509 
{24.064953} {}
ATCTEMPE         24.064953 
{21.565525} {}
ACETEMPE         21.565525 
{21.596006} {}
APDTEMPE         21.596006 
{27.671961} {}
ACATMP2E         27.671961 
2016/01/09 14:59:25 END   qaloader status=0

qaloader   exit_value =   0    execution_time = 0.070s
******************************************************************
Pipeline executing qaloader
qaloader -i qa/BCD_qatool.qa -tablename qa_iracdp -o qa/qaloader.sql 
******************************************************************
2016/01/09 14:59:26 BEGIN qaloader v1.13
 -i (QA_FILE) qa/BCD_qatool.qa
 -tablename (TABLENAME) qa_iracdp
 -o (SQL_FILE) qa/qaloader.sql
Using metadata version 13.0b
table name=qa_iracdp

QA values ingested:
{2.510264e+00} {}
bcdAveFI_1       2.510264e+00 
{3.992367e+00} {}
bcdAveUB_1       3.992367e+00 
{5.289341e-01} {}
bcdMedFI_1       5.289341e-01 
{6.297912e-01} {}
bcdMedUB_1       6.297912e-01 
{2.630825e+01} {}
bcdSdevFI_1      2.630825e+01 
{3.428220e+01} {}
bcdSdevUB_1      3.428220e+01 
{4.314875e-01} {}
bcdDSclFI_1      4.314875e-01 
{4.987844e-01} {}
bcdDSclUB_1      4.987844e-01 
{-8.089569e-01} {}
bcdMinFI_1       -8.089569e-01 
{-6.957155e-01} {}
bcdMinUB_1       -6.957155e-01 
{7.011009e+02} {}
bcdMaxFI_1       7.011009e+02 
{7.011009e+02} {}
bcdMaxUB_1       7.011009e+02 
{4.868892e-01} {}
bcdC68lFI_1      4.868892e-01 
{5.400879e-01} {}
bcdC68uFI_1      5.400879e-01 
{391693392} {}
DPID             391693392 
{2} {2.510264e+00}
CHNLNUM          2 
2016/01/09 14:59:26 END   qaloader status=0

qaloader   exit_value =   0    execution_time = 0.110s
******************************************************************
Pipeline executing dbaccess
dbaccess -e sodb qa/qaloader.sql 
******************************************************************
set role pipelineswrole;
set lock mode to wait 30;
EXECUTE PROCEDURE addQA_iracdce (147809434, NULL, NULL, 2, -4.604954e+01, 
-2.200000e+01, -4.908676e+01, -2.905465e+01, -3.313832e+01, -7.291841e+01, 
3.079939e+02, 4.770400e+00, -8.900000e+03, 1.200000e+01, 0, 8, 184, 0, 1, 
27.699513, 28.671007, 0, 0, 0, 4, -3.5585, -3.0562209, -3.618536, -3.550644, 0, 
21.626487, 19.796908, 23.174509, 24.064953, 21.565525, 21.596006, 27.671961, 
NULL, NULL, NULL, NULL, NULL, NULL);
EXECUTE PROCEDURE addQA_iracdp (391693392, NULL, NULL, 2, 2.510264e+00, 
3.992367e+00, 5.289341e-01, 6.297912e-01, 2.630825e+01, 3.428220e+01, 
4.314875e-01, 4.987844e-01, -8.089569e-01, -6.957155e-01, 7.011009e+02, 
7.011009e+02, 4.868892e-01, 5.400879e-01, NULL, NULL, NULL, NULL, NULL, NULL);
execute procedure setDceTimeParameters (147809434, 1037039946.703, "2012-11-10 18:32:46.400", 1.92, 2.00);

dbaccess   exit_value =   0    execution_time = 0.110s
******************************************************************
Finishing IRAC science pipeline processing
Could not copy cal/firstframe_corr.fits to /sbx10/S19.2.0/archive/proc/full/IRAC033400/bcd/4568/0046471424/2/0012/0000/17/01/1/cal/firstframe_corr.fits
Could not copy imask.fits to /sbx10/S19.2.0/archive/proc/full/IRAC033400/bcd/4568/0046471424/2/0012/0000/17/01/1/imask.fits
Could not copy muxbleedcorr.fits to /sbx10/S19.2.0/archive/proc/full/IRAC033400/bcd/4568/0046471424/2/0012/0000/17/01/1/muxbleedcorr.fits
Could not copy slremove.fits to /sbx10/S19.2.0/archive/proc/full/IRAC033400/bcd/4568/0046471424/2/0012/0000/17/01/1/slremove.fits
******************************************************************
PlScriptID 17 exiting Saturday, January  9, 2016  2:59:29 PM PST
Host: sopipe81
Local Processing Directory: /scr7/S19.2.0/IRAC033400/bcd/4568/0046471424/2/0012/0000/17/01/1
Sandbox Directory: /sbx10/S19.2.0/archive/proc/full/IRAC033400/bcd/4568/0046471424/2/0012/0000/17/01/1
Processing time: total 22.06 s (user 0.75, system 0.89, child user 13.45, child system 6.97)
Pipeline exit code: Normal exit (0)
******************************************************************
