 hdrupd8 vsn 1.6  A70821
******************************************************************
Executing IRAC science pipeline
******************************************************************
Pipeline executing sanity_datatype
sanity_datatype -i ../fos16.fits -t1 cdf/sanity_datatype1.tbl -t2 cdf/sanity_datatype2.tbl -o1 qa/sanity_datatype1.tbl -o2 qa/sanity_datatype2.tbl 
******************************************************************
Program Sanity_datatype is started .... Version 1.0, Sat Jan  9 14:57:21 2016
Input Image File = ../fos16.fits
Input Data Table 1 = cdf/sanity_datatype1.tbl
Input Data Table 2 = cdf/sanity_datatype2.tbl
Output Filename1 = qa/sanity_datatype1.tbl
Output Filename2 = qa/sanity_datatype2.tbl
Log File = stdout
I_Debug = 0
I_Verbose = 0
I_SuperVerbose = 0
Processing time: 0.080000 seconds
Program Sanity_datatype is done. Version 1.0, Sat Jan  9 14:57:21 2016


sanity_datatype   exit_value =   0    execution_time = 0.330s
******************************************************************
Pipeline executing qatool
qatool -i ../fos16.fits -n cdf/pn107.nl -nb QATOOLDCE -a /sos/sw/S19.2.0/STUDIO/downlink/include -o qa/DCE_qatool 
******************************************************************
qatool_parse_namelist: Information only: Namelist block-name = &QATOOLDCE
Program qatool, Version 6.0
Namelist File  = cdf/pn107.nl
Input File = ../fos16.fits
Output Data Filename Base = qa/DCE_qatool
Statistics Group = 0
Percent-Scaling Flag = 0
Calculation Type = 1
(set-up to do additional computations for four readout channels)
Number of Mean Absolute Deviations for Histogram Half-Width Coverage = 5
Number of Bins in Histograms = 41
Central fraction for trimmed average = 0.810000
Central fraction for trimmed std. dev. = 0.720000
Bad-pixel tolerance fraction = 0.340000
Statistics Box X position = 3
Statistics Box Y position = 4
Statistics Box X width = 27
Statistics Box Y height = 33
Input-Image Transpose Flag = 1
Unsigned Integer Flag = 0
Data-Plane Flag = 1
Number Edge Rows/Cols Skipped = 10
Keyword Prefix = dce
Ancillary Data-File Path = /sos/sw/S19.2.0/STUDIO/downlink/include
Verbose flag = 0
Super-verbose flag = 0
Debug flag = 0
Performed statistical and histogram calculations.
Program qatool: Status Message: 0x0000
Normal exit from Function 0x0000: LOG_WRITER
Processing time: 0.710000 seconds
Current date/time: Sat Jan  9 14:57:22 2016
Program qatool, version 6.0, terminated.

qatool   exit_value =   0    execution_time = 0.800s
******************************************************************
Pipeline executing sanity_check
sanity_check -i qa/DCE_qatool.tbl -o qa/sanity_check.tbl 
******************************************************************
Program Sanity_check is started .... Version 1.0, Sat Jan  9 14:57:23 2016

Input File = qa/DCE_qatool.tbl
Output = qa/sanity_check.tbl
Processing time: 0.030000 seconds
Current date/time: Sat Jan  9 14:57:23 2016
Program Sanity_check, version 1.0, terminated.

sanity_check   exit_value =   0    execution_time = 0.280s
******************************************************************
Pipeline executing abad_repair
abad_repair -i ../fos16.fits -o abad_repair.fits 
******************************************************************
Pipeline Module ABAD_REPAIR Version 1.2
Processing time Sat Jan  9 14:57:23 2016

ABAD_READ_DATA: A0752D00 = 0
status from read: 1
npixs = 65536
enter output with 0
files ../fos16.fits !abad_repair.fits 
open output [!abad_repair.fits]
comment [Sat Jan  9 14:57:23 2016]
Time = 0.040 seconds
exit code 0

abad_repair   exit_value =   0    execution_time = 0.090s
******************************************************************
Pipeline executing tranhead
tranhead -i abad_repair.fits -n cdf/pn107.nl -k /scr/S19.2.0/cdf/ctd/telemetry_dictionary.dat -a /sos/sw/S19.2.0/STUDIO/downlink/include -o tranhead.fits -t, cdf/Keyword_Include_List.dat 
******************************************************************

Program tranhead, Version 13.2
Namelist File  = cdf/pn107.nl
Input File = abad_repair.fits
Dictionary File = /scr/S19.2.0/cdf/ctd/telemetry_dictionary.dat
CTD Version String = 3.0.94S
Keyword-Include-List File = cdf/Keyword_Include_List.dat
Translated-Keyword File = tranhead.hdr
CSPICE leapseconds kernel = /scr/S19.2.0/cdf/spice/leapseconds.ker
CSPICE SCLK_SCET kernel = /scr/S19.2.0/cdf/spice/sclk_scet.ker
CSPICE Spitzer Ephemeris = /scr/S19.2.0/cdf/spice/sirtf.bsp
CSPICE Planets Ephemeris = /scr/S19.2.0/cdf/spice/de.bsp
Output File = tranhead.fits
Operation Type = 1
FITS-Header Comment Flag = 1
SCLK correction factor = 1.000380
Ignore Frames (1st) = -1
Ignore Frames (2nd and higher) = -1
Central fraction for trimmed average  = 0.900000
Central fraction for trimmed std. dev. = 0.900000
Gain = 3.710000
Gain_RdOutCh_1 = 3.710000
Gain_RdOutCh_2 = 3.710000
Gain_RdOutCh_3 = 3.710000
Gain_RdOutCh_4 = 3.710000
Ancillary Data-File Path = /sos/sw/S19.2.0/STUDIO/downlink/include
Verbose flag = 0
Super-verbose flag = 0
Debug flag = 0
Configured to perform forward FITS keyword translation.
tranhead Status Message: 0x0000
Normal exit from Function 0x0000: LOG_WRITER
A total of        0   NaN's were produced in the results.
Processing time: 0.320000 seconds
Current date/time: Sat Jan  9 14:57:24 2016
Program tranhead, version 13.2, terminated.

tranhead   exit_value =   0    execution_time = 0.420s
 hdrupd8 vsn 1.6  A70821


LabDark

chan, frametime, hdy, extrpt = 2, 2.00, F, 233
expid  adceid  repidx  =  49,  0,  0 

SkyDarkaor template time = 2
hdy  repidx =  F  0
expid  ext-repeat  =  49  233

******************************************************************
Pipeline executing caltrans
caltrans -n cdf/pn107.nl -m 2 -a 7 -b /scr6/S19.2.0/dlcaldata/irac -s tranhead.fits -o cal -u SUB -jk1 CHNLNUM -jv1 2 -ja1 N -ju1 0 -js1 flip -jk2 CHNLNUM;AFOWLNUM;AWAITPER;FRAMTIME;HDRMODE -jv2 2;8;184;2.00;F -ja2 N;N;N;N;S -ju2 0;0;0;0;0 -js2 sigma;cmask -jk3 CHNLNUM;AFOWLNUM;AWAITPER;FRAMTIME;HDRMODE -jv3 2;8;184;2.00;F -ja3 N;N;N;N;S -ju3 0;0;0;0;0 -js3 cmask -jk4 CHNLNUM -jv4 2 -ja4 N -ju4 0 -js4 cmask -jk5 CHNLNUM -jv5 2 -ja5 N -ju5 0 -js5 cmask -jk6 CHNLNUM -jv6 2 -ja6 N -ju6 0 -jk7 CHNLNUM;AFOWLNUM;AWAITPER -jv7 2;8;184 -ja7 N;N;N -ju7 0;0;0 -jk8 CHNLNUM;AFOWLNUM;AWAITPER -jv8 2;8;184 -ja8 N;N;N -ju8 0;0;0 -e CALTRANSsciSUB 
******************************************************************

Online Namelist file descriptor associated
Online namelist buffer loaded: length = 7422

Warning !:  Ancillary file #1  with full suffix filename  '/sos/archive/fallbacks/IRAC004600/SUB_2s_2sf8d1r1_ch2_v2.0.0_dark_sigma.fits'  NOT in archive/sandbox !!.
Proceed to the next suffix fileprocessing .....

Warning !:  Ancillary file #2  with full suffix filename  '/sos/archive/fallbacks/IRAC004600/SUB_2s_2sf8d1r1_ch2_v2.0.0_dark_cmask.fits'  NOT in archive/sandbox !!.
Proceed to the next suffix fileprocessing .....

Warning !:  Ancillary-suffix file #1: '/scr6/S19.2.0/dlcaldata/irac/fb1502_SUB_2s_2sf8d1r1_ch2_v2.0.0_dark_sigma.fits'  could NOT be identified on cache.
Processing continues ..... 


Warning !:  Ancillary-suffix file #2: '/scr6/S19.2.0/dlcaldata/irac/fb1502_SUB_2s_2sf8d1r1_ch2_v2.0.0_dark_cmask.fits'  could NOT be identified on cache.
Processing continues ..... 


Warning !:  Ancillary file #1  with full suffix filename  '/sos/archive/fallbacks/IRAC005300/lincal_b2_sa_011410_cmask.fits'  NOT in archive/sandbox !!.
Proceed to the next suffix fileprocessing .....

Warning !:  Ancillary-suffix file #1: '/scr6/S19.2.0/dlcaldata/irac/fb1579_lincal_b2_sa_011410_cmask.fits'  could NOT be identified on cache.
Processing continues ..... 

  Printing Log output to stdout...


Program CALTRANS, Version 4.0
Command-Line Namelist Filename  = cdf/pn107.nl
Command-Line Namelist Section = CALTRANSsciSUB
CalTrans Execution Mode  = 2
CalID = 7
Input Calibration Type list = pmask;labdark;skydark;lincal;sky_flat;fluxconv;muxbleed_lut;muxbleed_coeff
Input Calibration Rule list = 0;0;300;0;0;0;0;0
Input Generic Outfname list = pmask.fits;labdark.fits;skydark.fits;lincal.fits;skyflat.fits;fluxconv;muxbleed_lut;muxbleed_coeff
Science DCE Filename = tranhead.fits
CAL Destination Path = cal
Processing time: 0.420000 seconds
Current date/time: Sat Jan  9 14:57:33 2016
Program CALTRANS, version 4.0, terminated with status = 16

CalTrans exits with status = 16



caltrans   exit_value =  16    execution_time = 0.540s
******************************************************************
Pipeline executing insbposdom
insbposdom -i tranhead.fits -o insbposdom.fits 
******************************************************************
Pipeline Module INSBPOSDOM Version 1.1
Processing time Sat Jan  9 14:57:33 2016

Sat Jan  9 14:57:33 2016
Time = 0.030 seconds
exit code 0

insbposdom   exit_value =   0    execution_time = 0.070s
******************************************************************
Pipeline executing cvti2r4
cvti2r4 -i insbposdom.fits -a 0.5625 -b 0 -d cal/dmask_for_raw.fits -o cvti2r4.fits -m row 
******************************************************************
 SIRTF I*2-to-R*4 Data Cube Conversion program vsn 1.31 A61025
 Input file:  insbposdom.fits
 Using offset =    0.562500
 Using BLANK-fill value:   0
 Output file: cvti2r4.fits
 Missing-data pattern specified as rows

cvti2r4   exit_value =   0    execution_time = 0.290s
Image has barrel shift = 3
Computed truncation correction 0.5*(1-2^-ABARREL) = 0.5625
******************************************************************
Pipeline executing hdrupd8
hdrupd8 cvti2r4.fits -a cdf/hdrupd8_cubify.dat -d cdf/hdrupd8_planify.dat 
******************************************************************
 hdrupd8 vsn 1.6  A70821
 WARNING: keyword to be deleted not found: NAXIS3  

hdrupd8   exit_value =   0    execution_time = 0.260s
******************************************************************
Pipeline executing hdrupd8
hdrupd8 dmask.fits -a cdf/hdrupd8_cubify.dat -d cdf/hdrupd8_planify.dat 
******************************************************************
 hdrupd8 vsn 1.6  A70821
 WARNING: keyword to be deleted not found: NAXIS3  

hdrupd8   exit_value =   0    execution_time = 0.250s
******************************************************************
Pipeline executing iracwrapdet1
iracwrapdet1 -i cvti2r4.fits -n cdf/pn107.nl -p cal/pmask.fits -d dmask.fits -w wmask.fits -v 
******************************************************************
Pipeline Module IRACWRAPDET1 Version 1.4
Processing time Sat Jan  9 14:57:37 2016
iracwrapdet1_parse_args: Namelist File = 	cdf/pn107.nl
iracwrapdet1_parse_args: Pmask File = 	cal/pmask.fits
iracwrapdet1_parse_args: Dmask File = 	dmask.fits
iracwrapdet1_parse_args: Wmask File = 	wmask.fits
iracwrapdet1_parse_args: Input File = 	cvti2r4.fits
iracwrapdet1_parse_args: I_Verbose = 			1
chn 2 framtim 2.000000
iracwrapdet1_read_data: Data read from file:
cvti2r4.fits
iracwrapdet1_read_data: I_NX = 32
iracwrapdet1_read_data: I_NY = 32
iracwrapdet1_read_data: I_NZ = 64
iracwrapdet1_parse_namelist: Namelist File = 	cdf/pn107.nl
Coeff used: 55000.000000 55000.000000 55000.000000 55000.000000
iracwrapdet1_compute_results: Numerical Computations finished
Sat Jan  9 14:57:37 2016
iracwrapdet1_output: Results written to file(s).
Time = 0.020 seconds
iracwrapdet1_error_handler: Error Handler finished.
iracwrapdet1_exit: Memory Deallocated.
exit code 0

iracwrapdet1   exit_value =   0    execution_time = 0.060s
******************************************************************
Pipeline executing iracwrapdet2
iracwrapdet2 -i cvti2r4.fits -n cdf/pn107.nl -p cal/pmask.fits -d dmask.fits -w wmask.fits -a /sos/sw/S19.2.0/STUDIO/downlink/include 
******************************************************************

Program iracwrapdet2, Version 1.4
Namelist File  = cdf/pn107.nl
FITS Input Image = cvti2r4.fits
Pmask File = cal/pmask.fits
Dmask File = dmask.fits
Wmask File = mask.fits
M-Level       chan1     chan2     chan3     chan4
            55000.0   55000.0   55000.0   55000.0
Tolerance     chan1     chan2     chan3     chan4
             1200.0    1200.0    1200.0    1200.0
Pmask Maximum = 65535
Dmask Maximum = 65535
Ancillary Data-File Path = /sos/sw/S19.2.0/STUDIO/downlink/include
Verbose flag = 0
Super-verbose flag = 0
Debug flag = 0
iracwrapdet2 Status Message      0x0000
Normal exit from Function 0x0000: LOG_WRITER
Processing time: 0.110000 seconds
Current date/time: Sat Jan  9 14:57:37 2016
Program iracwrapdet2, version 1.4, terminated


iracwrapdet2   exit_value =   0    execution_time = 0.150s
******************************************************************
Pipeline executing iracwrapcorr
iracwrapcorr -i cvti2r4.fits -p cal/pmask.fits -d dmask.fits -w wmask.fits -o iracwrapcorr.fits 
******************************************************************
Pipeline Module IRACWRAPCORR Version 1.3
Processing time Sat Jan  9 14:57:37 2016
iracwrapcorr_parse_namelist: Information only: Namelist not specified.
Sat Jan  9 14:57:37 2016
Time = 0.030 seconds
exit code 0

iracwrapcorr   exit_value =   0    execution_time = 0.070s
******************************************************************
Pipeline executing iracnorm
iracnorm -i iracwrapcorr.fits -p cal/pmask.fits -d dmask.fits -o iracnorm.fits 
******************************************************************
Pipeline Module IRACWNORM Version 1.10
Processing time Sat Jan  9 14:57:37 2016

Sat Jan  9 14:57:37 2016
Time = 0.040 seconds
exit code 0

iracnorm   exit_value =   0    execution_time = 0.080s
******************************************************************
Pipeline executing iracebwc
iracebwc -i iracnorm.fits -n cdf/pn107.nl -p cal/pmask.fits -d dmask.fits -o iracebwc.fits 
******************************************************************
Pipeline Module IRACEBWC Version 1.2
Processing time Sat Jan  9 14:57:37 2016

Sat Jan  9 14:57:37 2016
Time = 0.040 seconds
exit code 0

iracebwc   exit_value =   0    execution_time = 0.080s
HDR mode   =  f
AOR Template Time     =  2
DCE Frame Time    =  2.00
EXTRpt     =  233
Frame NOBF =  0
From sub determine_delays:
   aottime = 2
   aordelay = 222.190359962807
   stellarmode = f
   expid=49
imdly = 1.26936007820129
frmdly = 1.26936007820129

Immed  Delay = 1.26936007820129
Frame  Delay = 1.26936007820129

 hdrupd8 vsn 1.6  A70821
 hdrupd8 vsn 1.6  A70821
 hdrupd8 vsn 1.6  A70821
 hdrupd8 vsn 1.6  A70821
 hdrupd8 vsn 1.6  A70821
 hdrupd8 vsn 1.6  A70821
 hdrupd8 vsn 1.6  A70821
******************************************************************
Pipeline executing darksubng
darksubng -i iracebwc.fits -a /sos/sw/S19.2.0/STUDIO/downlink/include -p cal/pmask.fits -d dmask.fits -o labdarksub.fits -cc cal/labdark.fits -v 
******************************************************************
/sos/sw/S19.2.0/STUDIO/downlink/bin/darksubng: namelist not given
/sos/sw/S19.2.0/STUDIO/downlink/bin/darksubng: input uncertainty image not given
/sos/sw/S19.2.0/STUDIO/downlink/bin/darksubng: output uncertainty image not given
/sos/sw/S19.2.0/STUDIO/downlink/bin/darksubng: WARNING no uncertainty calculations will be performed
/sos/sw/S19.2.0/STUDIO/downlink/bin/darksubng: Namelist               = []
/sos/sw/S19.2.0/STUDIO/downlink/bin/darksubng: Input image            = [iracebwc.fits]
/sos/sw/S19.2.0/STUDIO/downlink/bin/darksubng: Input uncertainty      = []
/sos/sw/S19.2.0/STUDIO/downlink/bin/darksubng: Output image           = [!labdarksub.fits]
/sos/sw/S19.2.0/STUDIO/downlink/bin/darksubng: Output uncertainty     = []
/sos/sw/S19.2.0/STUDIO/downlink/bin/darksubng: Dark                   = [cal/labdark.fits]
/sos/sw/S19.2.0/STUDIO/downlink/bin/darksubng: Pmask file             = [cal/pmask.fits]
/sos/sw/S19.2.0/STUDIO/downlink/bin/darksubng: Pmask fatality bitmask = [65536]
/sos/sw/S19.2.0/STUDIO/downlink/bin/darksubng: Dmask file             = [dmask.fits]
/sos/sw/S19.2.0/STUDIO/downlink/bin/darksubng: Dmask fatality bitmask = [65536]
/sos/sw/S19.2.0/STUDIO/downlink/bin/darksubng: Cmask file             = []
/sos/sw/S19.2.0/STUDIO/downlink/bin/darksubng: Cmask fatality bitmask = [65536]
/sos/sw/S19.2.0/STUDIO/downlink/bin/darksubng: Logfile                = []
/sos/sw/S19.2.0/STUDIO/downlink/bin/darksubng: Ancillary Path         = [/sos/sw/S19.2.0/STUDIO/downlink/include]
/sos/sw/S19.2.0/STUDIO/downlink/bin/darksubng: Uncertainty calculations will not be made
/sos/sw/S19.2.0/STUDIO/downlink/bin/darksubng: WARNING cal/labdark.fits has no BUNIT key
/sos/sw/S19.2.0/STUDIO/downlink/bin/darksubng: WARNING assuming cal/labdark.fits is in DN
/sos/sw/S19.2.0/STUDIO/downlink/bin/darksubng: WARNING cal/labdark.fits has no EXPTIME key
/sos/sw/S19.2.0/STUDIO/downlink/bin/darksubng: WARNING cal/labdark.fits has no GAIN keywords
/sos/sw/S19.2.0/STUDIO/downlink/bin/darksubng: compute - performing any unit conversions
/sos/sw/S19.2.0/STUDIO/downlink/bin/darksubng: compute - starting subtraction with masking 
/sos/sw/S19.2.0/STUDIO/downlink/bin/darksubng: Processing successful; Exiting

darksubng   exit_value =   0    execution_time = 0.120s
READ Noise !! =  9.4
******************************************************************
Pipeline executing snestimator
snestimator -i labdarksub.fits -n cdf/pn107.nl -a /sos/sw/S19.2.0/STUDIO/downlink/include -p cal/pmask.fits -d dmask.fits -on sig_snestimator.fits -g 3.71 -r 9.4 
******************************************************************
verbose 0

Program SNESTIMATOR, Version 1.5
Namelist File  = cdf/pn107.nl
Input FITS Image = labdarksub.fits
Noise Image = sig_snestimator.fits
Denominator type = IRAC_MODEL
Edge Pixels Excluded = 0
Gain Channel 1 = 3.710000 Channel 2 = 3.710000 Channel 3 = 3.710000 Channel 4 = 3.710000
Read Noise = 9.400000
Confusion Sigma = 0.000000
Ancillary Data-File Path = /sos/sw/S19.2.0/STUDIO/downlink/include
Verbose flag = 0
Super-verbose flag = 0
Debug flag = 0
snestimator Status Message      0x0000
Normal exit from Function 0x0000: LOG_WRITER
Processing time: 0.100000 seconds
Current date/time: Sat Jan  9 14:57:46 2016
Program SNESTIMATOR, version 1.5, terminated


snestimator   exit_value =   0    execution_time = 0.160s
******************************************************************
Pipeline executing darksubng
darksubng -i iracebwc.fits -iu sig_snestimator.fits -a /sos/sw/S19.2.0/STUDIO/downlink/include -p cal/pmask.fits -d dmask.fits -o labdarksub.fits -ou sig_labdarksub.fits -cc cal/labdark.fits -v 
******************************************************************
/sos/sw/S19.2.0/STUDIO/downlink/bin/darksubng: namelist not given
/sos/sw/S19.2.0/STUDIO/downlink/bin/darksubng: Namelist               = []
/sos/sw/S19.2.0/STUDIO/downlink/bin/darksubng: Input image            = [iracebwc.fits]
/sos/sw/S19.2.0/STUDIO/downlink/bin/darksubng: Input uncertainty      = [sig_snestimator.fits]
/sos/sw/S19.2.0/STUDIO/downlink/bin/darksubng: Output image           = [!labdarksub.fits]
/sos/sw/S19.2.0/STUDIO/downlink/bin/darksubng: Output uncertainty     = [!sig_labdarksub.fits]
/sos/sw/S19.2.0/STUDIO/downlink/bin/darksubng: Dark                   = [cal/labdark.fits]
/sos/sw/S19.2.0/STUDIO/downlink/bin/darksubng: Pmask file             = [cal/pmask.fits]
/sos/sw/S19.2.0/STUDIO/downlink/bin/darksubng: Pmask fatality bitmask = [65536]
/sos/sw/S19.2.0/STUDIO/downlink/bin/darksubng: Dmask file             = [dmask.fits]
/sos/sw/S19.2.0/STUDIO/downlink/bin/darksubng: Dmask fatality bitmask = [65536]
/sos/sw/S19.2.0/STUDIO/downlink/bin/darksubng: Cmask file             = []
/sos/sw/S19.2.0/STUDIO/downlink/bin/darksubng: Cmask fatality bitmask = [65536]
/sos/sw/S19.2.0/STUDIO/downlink/bin/darksubng: Logfile                = []
/sos/sw/S19.2.0/STUDIO/downlink/bin/darksubng: Ancillary Path         = [/sos/sw/S19.2.0/STUDIO/downlink/include]
/sos/sw/S19.2.0/STUDIO/downlink/bin/darksubng: Uncertainty calculations will be made
/sos/sw/S19.2.0/STUDIO/downlink/bin/darksubng: WARNING cal/labdark.fits has no BUNIT key
/sos/sw/S19.2.0/STUDIO/downlink/bin/darksubng: WARNING assuming cal/labdark.fits is in DN
/sos/sw/S19.2.0/STUDIO/downlink/bin/darksubng: WARNING cal/labdark.fits has no EXPTIME key
/sos/sw/S19.2.0/STUDIO/downlink/bin/darksubng: WARNING cal/labdark.fits has no GAIN keywords
/sos/sw/S19.2.0/STUDIO/downlink/bin/darksubng: compute - performing any unit conversions
/sos/sw/S19.2.0/STUDIO/downlink/bin/darksubng: compute - starting subtraction with masking 
/sos/sw/S19.2.0/STUDIO/downlink/bin/darksubng: Processing successful; Exiting

darksubng   exit_value =   0    execution_time = 0.190s
******************************************************************
Pipeline executing fowlinearize
fowlinearize -i1 labdarksub.fits -i3 sig_labdarksub.fits -n cdf/pn107.nl -a /sos/sw/S19.2.0/STUDIO/downlink/include -ip cal/pmask.fits -i2 cal/lincal.fits -id dmask.fits -o1 fowlinearize.fits -o2 sig_fowlinearize.fits -c 10 
******************************************************************

Program FOWLINEARIZE, Version 4.9
Namelist File  = cdf/pn107.nl
Input File 1 = labdarksub.fits
Input File 2 = cal/lincal.fits
Input File 3 = sig_labdarksub.fits
Model_Flag(1=quad. 2=cubic) = 1
Clock_Readout(10=sub-array, 200=full-array) = 10.000000
Input PMask Image = cal/pmask.fits
Unusable PMask Bits = 16384
Input DMask Image = dmask.fits
Unusable DMask Bits = 8192
Not-linearized DMask Bit = 4096
Not-linearized DMask Bit due to lincal-model saturation = 8192
Output File 1 = fowlinearize.fits
Output File 2 = sig_fowlinearize.fits
Ancillary Data-File Path = /sos/sw/S19.2.0/STUDIO/downlink/include
Verbose flag = 0
Super-verbose flag = 0
Debug flag = 0
Performed linearity correction.
Program fowlinearize: Status Message: 0x0000
Normal exit from Function 0x0000: LOG_WRITER
Processing time: 0.290000 seconds
Current date/time: Sat Jan  9 14:57:47 2016
Program FOWLINEARIZE, version 4.9, terminated.

fowlinearize   exit_value =   0    execution_time = 0.380s
Read Noise =  9.4
 hdrupd8 vsn 1.6  A70821
******************************************************************
Pipeline executing bgmodel
bgmodel -i fowlinearize.fits -n cdf/pn107.nl -h 
******************************************************************

Online Namelist file descriptor associated
Online namelist buffer loaded: length = 7422
bgmodel_log_writer: Printing Log output to stdout
bgmodel  Version 1.0
Namelist File  = cdf/pn107.nl
Input Image = fowlinearize.fits
Ephemeris = /scr6/S19.2.0/cdf/spice/sirtf.bsp
LeapSec Kernel = /scr6/S19.2.0/cdf/spice/leapseconds.ker
SPK Kernel = /scr6/S19.2.0/cdf/spice/de.bsp

bgmodel  Status Message      0x0000: No error.
Time = 0.090 seconds

Background exits with status = 0


bgmodel   exit_value =   0    execution_time = 0.130s
******************************************************************
Pipeline executing hdrupd8
hdrupd8 fowlinearize.fits -a addkeys.dat 
******************************************************************
 hdrupd8 vsn 1.6  A70821

hdrupd8   exit_value =   0    execution_time = 0.290s
SkyDk Med DN      = 16.56367 
Exposure time     = 1.92
SkyDk Med DN rate = 8.62691145833333
Flux Conv         = 0.1447 
SkyDk Med Flux    = 1.24831408802083
Image File = fowlinearize.fits 

 hdrupd8 vsn 1.6  A70821
 hdrupd8 vsn 1.6  A70821
 hdrupd8 vsn 1.6  A70821
 hdrupd8 vsn 1.6  A70821
 hdrupd8 vsn 1.6  A70821
******************************************************************
Pipeline executing darksubng
darksubng -i fowlinearize.fits -iu sig_fowlinearize.fits -a /sos/sw/S19.2.0/STUDIO/downlink/include -p cal/pmask.fits -d dmask.fits -o skydarksub.fits -ou sig_skydarksub.fits -cc cal/skydark.fits -v -c cal/skydark_cmask.fits 
******************************************************************
/sos/sw/S19.2.0/STUDIO/downlink/bin/darksubng: namelist not given
/sos/sw/S19.2.0/STUDIO/downlink/bin/darksubng: Namelist               = []
/sos/sw/S19.2.0/STUDIO/downlink/bin/darksubng: Input image            = [fowlinearize.fits]
/sos/sw/S19.2.0/STUDIO/downlink/bin/darksubng: Input uncertainty      = [sig_fowlinearize.fits]
/sos/sw/S19.2.0/STUDIO/downlink/bin/darksubng: Output image           = [!skydarksub.fits]
/sos/sw/S19.2.0/STUDIO/downlink/bin/darksubng: Output uncertainty     = [!sig_skydarksub.fits]
/sos/sw/S19.2.0/STUDIO/downlink/bin/darksubng: Dark                   = [cal/skydark.fits]
/sos/sw/S19.2.0/STUDIO/downlink/bin/darksubng: Pmask file             = [cal/pmask.fits]
/sos/sw/S19.2.0/STUDIO/downlink/bin/darksubng: Pmask fatality bitmask = [65536]
/sos/sw/S19.2.0/STUDIO/downlink/bin/darksubng: Dmask file             = [dmask.fits]
/sos/sw/S19.2.0/STUDIO/downlink/bin/darksubng: Dmask fatality bitmask = [65536]
/sos/sw/S19.2.0/STUDIO/downlink/bin/darksubng: Cmask file             = [cal/skydark_cmask.fits]
/sos/sw/S19.2.0/STUDIO/downlink/bin/darksubng: Cmask fatality bitmask = [65536]
/sos/sw/S19.2.0/STUDIO/downlink/bin/darksubng: Logfile                = []
/sos/sw/S19.2.0/STUDIO/downlink/bin/darksubng: Ancillary Path         = [/sos/sw/S19.2.0/STUDIO/downlink/include]
/sos/sw/S19.2.0/STUDIO/downlink/bin/darksubng: Uncertainty calculations will be made
/sos/sw/S19.2.0/STUDIO/downlink/bin/darksubng: compute - performing any unit conversions
/sos/sw/S19.2.0/STUDIO/downlink/bin/darksubng: compute - starting subtraction with masking 
/sos/sw/S19.2.0/STUDIO/downlink/bin/darksubng: Processing successful; Exiting

darksubng   exit_value =   0    execution_time = 0.190s
******************************************************************
Pipeline executing darkdrift
darkdrift -i skydarksub.fits -iu sig_skydarksub.fits -n cdf/pn107.nl -a /sos/sw/S19.2.0/STUDIO/downlink/include -o1 darkdrift.fits -o2 darkdriftcorr.fits -o3 darkdrift.tbl -ou sig_darkdrift.fits 
******************************************************************
Program darkdrift, Version 4.1
Namelist File  = cdf/pn107.nl
Input Image = skydarksub.fits
Input Uncertainty Image = sig_skydarksub.fits
Output Image 1 (corrected image) = darkdrift.fits
Output Image 2 (corrections) = darkdriftcorr.fits
Output Image 3 (uncertainties) = sig_darkdrift.fits
Output File 3 = darkdrift.tbl
Central fraction for trimmed average  = 0.900000
Central fraction for trimmed std. dev. = 0.900000
Time_Input = 0.250000
Time_Before = 0.000000
Time_After = 1.000000
Temp_Input = 270.000000
Temp_Before = 280.000000
Temp_After = 260.000000
Calculation Type = 1
Input-Image Transpose Flag = 1
Multiplicative-Correction Flag (Additive if zero) = 0
Readout Channel to exclude (none if zero) = 0
Data-Plane Flag = 1
Ancillary Data-File Path = /sos/sw/S19.2.0/STUDIO/downlink/include
Verbose flag = 0
Super-verbose flag = 0
Debug flag = 0
Dark-current offsets estimated from input image.

Detailed darkdrift calculational results:
...for data plane = 1
Darkdrift correction for readout-channel 1 = -0.240742
Darkdrift correction for readout-channel 2 = -0.081986
Darkdrift correction for readout-channel 3 = -0.093945
Darkdrift correction for readout-channel 4 = 0.416673
Darkdrift uncertainty for readout-channel 1 = 0.375515
Darkdrift uncertainty for readout-channel 2 = 0.373186
Darkdrift uncertainty for readout-channel 3 = 0.301486
Darkdrift uncertainty for readout-channel 4 = 0.301126
Trimmed average of values in readout-channel 1 = 7.165086
Trimmed average of values in readout-channel 2 = 7.323842
Trimmed average of values in readout-channel 3 = 7.311883
Trimmed average of values in readout-channel 4 = 7.822501
Darkdrift background term = 7.405828
...for data plane = 2
Darkdrift correction for readout-channel 1 = -0.397395
Darkdrift correction for readout-channel 2 = -0.095384
Darkdrift correction for readout-channel 3 = 0.330153
Darkdrift correction for readout-channel 4 = 0.162625
Darkdrift uncertainty for readout-channel 1 = 0.303454
Darkdrift uncertainty for readout-channel 2 = 0.303264
Darkdrift uncertainty for readout-channel 3 = 0.377442
Darkdrift uncertainty for readout-channel 4 = 0.302991
Trimmed average of values in readout-channel 1 = 4.682122
Trimmed average of values in readout-channel 2 = 4.984133
Trimmed average of values in readout-channel 3 = 5.409670
Trimmed average of values in readout-channel 4 = 5.242142
Darkdrift background term = 5.079517
...for data plane = 3
Darkdrift correction for readout-channel 1 = 0.021929
Darkdrift correction for readout-channel 2 = -0.369282
Darkdrift correction for readout-channel 3 = -0.026146
Darkdrift correction for readout-channel 4 = 0.373499
Darkdrift uncertainty for readout-channel 1 = 0.303628
Darkdrift uncertainty for readout-channel 2 = 0.302987
Darkdrift uncertainty for readout-channel 3 = 0.303139
Darkdrift uncertainty for readout-channel 4 = 0.264973
Trimmed average of values in readout-channel 1 = 4.911442
Trimmed average of values in readout-channel 2 = 4.520231
Trimmed average of values in readout-channel 3 = 4.863367
Trimmed average of values in readout-channel 4 = 5.263013
Darkdrift background term = 4.889513
...for data plane = 4
Darkdrift correction for readout-channel 1 = 0.113444
Darkdrift correction for readout-channel 2 = 0.073713
Darkdrift correction for readout-channel 3 = -0.394581
Darkdrift correction for readout-channel 4 = 0.207423
Darkdrift uncertainty for readout-channel 1 = 0.303114
Darkdrift uncertainty for readout-channel 2 = 0.302984
Darkdrift uncertainty for readout-channel 3 = 0.375664
Darkdrift uncertainty for readout-channel 4 = 0.302983
Trimmed average of values in readout-channel 1 = 5.168304
Trimmed average of values in readout-channel 2 = 5.128574
Trimmed average of values in readout-channel 3 = 4.660280
Trimmed average of values in readout-channel 4 = 5.262284
Darkdrift background term = 5.054860
...for data plane = 5
Darkdrift correction for readout-channel 1 = 0.268471
Darkdrift correction for readout-channel 2 = -0.531319
Darkdrift correction for readout-channel 3 = 0.090441
Darkdrift correction for readout-channel 4 = 0.172407
Darkdrift uncertainty for readout-channel 1 = 0.302976
Darkdrift uncertainty for readout-channel 2 = 0.302979
Darkdrift uncertainty for readout-channel 3 = 0.302968
Darkdrift uncertainty for readout-channel 4 = 0.303400
Trimmed average of values in readout-channel 1 = 5.682535
Trimmed average of values in readout-channel 2 = 4.882745
Trimmed average of values in readout-channel 3 = 5.504505
Trimmed average of values in readout-channel 4 = 5.586471
Darkdrift background term = 5.414064
...for data plane = 6
Darkdrift correction for readout-channel 1 = 0.001684
Darkdrift correction for readout-channel 2 = -0.131172
Darkdrift correction for readout-channel 3 = 0.377741
Darkdrift correction for readout-channel 4 = -0.248254
Darkdrift uncertainty for readout-channel 1 = 0.303000
Darkdrift uncertainty for readout-channel 2 = 0.302983
Darkdrift uncertainty for readout-channel 3 = 0.303080
Darkdrift uncertainty for readout-channel 4 = 0.302978
Trimmed average of values in readout-channel 1 = 5.491664
Trimmed average of values in readout-channel 2 = 5.358808
Trimmed average of values in readout-channel 3 = 5.867721
Trimmed average of values in readout-channel 4 = 5.241725
Darkdrift background term = 5.489979
...for data plane = 7
Darkdrift correction for readout-channel 1 = 0.168413
Darkdrift correction for readout-channel 2 = -0.165541
Darkdrift correction for readout-channel 3 = 0.015606
Darkdrift correction for readout-channel 4 = -0.018479
Darkdrift uncertainty for readout-channel 1 = 0.304529
Darkdrift uncertainty for readout-channel 2 = 0.302986
Darkdrift uncertainty for readout-channel 3 = 0.302994
Darkdrift uncertainty for readout-channel 4 = 0.303216
Trimmed average of values in readout-channel 1 = 5.933871
Trimmed average of values in readout-channel 2 = 5.599917
Trimmed average of values in readout-channel 3 = 5.781063
Trimmed average of values in readout-channel 4 = 5.746978
Darkdrift background term = 5.765457
...for data plane = 8
Darkdrift correction for readout-channel 1 = 0.294904
Darkdrift correction for readout-channel 2 = -0.003677
Darkdrift correction for readout-channel 3 = -0.283333
Darkdrift correction for readout-channel 4 = -0.007894
Darkdrift uncertainty for readout-channel 1 = 0.303095
Darkdrift uncertainty for readout-channel 2 = 0.304099
Darkdrift uncertainty for readout-channel 3 = 0.302976
Darkdrift uncertainty for readout-channel 4 = 0.229518
Trimmed average of values in readout-channel 1 = 6.033263
Trimmed average of values in readout-channel 2 = 5.734681
Trimmed average of values in readout-channel 3 = 5.455026
Trimmed average of values in readout-channel 4 = 5.730465
Darkdrift background term = 5.738359
...for data plane = 9
Darkdrift correction for readout-channel 1 = 0.290406
Darkdrift correction for readout-channel 2 = -0.240255
Darkdrift correction for readout-channel 3 = -0.034562
Darkdrift correction for readout-channel 4 = -0.015589
Darkdrift uncertainty for readout-channel 1 = 0.303235
Darkdrift uncertainty for readout-channel 2 = 0.304359
Darkdrift uncertainty for readout-channel 3 = 0.303859
Darkdrift uncertainty for readout-channel 4 = 0.302981
Trimmed average of values in readout-channel 1 = 5.942624
Trimmed average of values in readout-channel 2 = 5.411963
Trimmed average of values in readout-channel 3 = 5.617656
Trimmed average of values in readout-channel 4 = 5.636629
Darkdrift background term = 5.652218
...for data plane = 10
Darkdrift correction for readout-channel 1 = -0.342964
Darkdrift correction for readout-channel 2 = -0.182157
Darkdrift correction for readout-channel 3 = -0.011852
Darkdrift correction for readout-channel 4 = 0.536974
Darkdrift uncertainty for readout-channel 1 = 0.303095
Darkdrift uncertainty for readout-channel 2 = 0.302425
Darkdrift uncertainty for readout-channel 3 = 0.302963
Darkdrift uncertainty for readout-channel 4 = 0.303214
Trimmed average of values in readout-channel 1 = 5.391903
Trimmed average of values in readout-channel 2 = 5.552710
Trimmed average of values in readout-channel 3 = 5.723015
Trimmed average of values in readout-channel 4 = 6.271841
Darkdrift background term = 5.734867
...for data plane = 11
Darkdrift correction for readout-channel 1 = -0.145919
Darkdrift correction for readout-channel 2 = 0.253909
Darkdrift correction for readout-channel 3 = -0.103224
Darkdrift correction for readout-channel 4 = -0.004766
Darkdrift uncertainty for readout-channel 1 = 0.302970
Darkdrift uncertainty for readout-channel 2 = 0.302985
Darkdrift uncertainty for readout-channel 3 = 0.302975
Darkdrift uncertainty for readout-channel 4 = 0.302548
Trimmed average of values in readout-channel 1 = 5.796121
Trimmed average of values in readout-channel 2 = 6.195949
Trimmed average of values in readout-channel 3 = 5.838816
Trimmed average of values in readout-channel 4 = 5.937274
Darkdrift background term = 5.942040
...for data plane = 12
Darkdrift correction for readout-channel 1 = -0.024320
Darkdrift correction for readout-channel 2 = -0.293046
Darkdrift correction for readout-channel 3 = -0.145653
Darkdrift correction for readout-channel 4 = 0.463019
Darkdrift uncertainty for readout-channel 1 = 0.301698
Darkdrift uncertainty for readout-channel 2 = 0.302980
Darkdrift uncertainty for readout-channel 3 = 0.303143
Darkdrift uncertainty for readout-channel 4 = 0.303144
Trimmed average of values in readout-channel 1 = 5.768101
Trimmed average of values in readout-channel 2 = 5.499374
Trimmed average of values in readout-channel 3 = 5.646768
Trimmed average of values in readout-channel 4 = 6.255439
Darkdrift background term = 5.792421
...for data plane = 13
Darkdrift correction for readout-channel 1 = -0.145907
Darkdrift correction for readout-channel 2 = -0.327236
Darkdrift correction for readout-channel 3 = 0.221271
Darkdrift correction for readout-channel 4 = 0.251872
Darkdrift uncertainty for readout-channel 1 = 0.302590
Darkdrift uncertainty for readout-channel 2 = 0.302151
Darkdrift uncertainty for readout-channel 3 = 0.302901
Darkdrift uncertainty for readout-channel 4 = 0.302957
Trimmed average of values in readout-channel 1 = 5.520918
Trimmed average of values in readout-channel 2 = 5.339590
Trimmed average of values in readout-channel 3 = 5.888096
Trimmed average of values in readout-channel 4 = 5.918697
Darkdrift background term = 5.666825
...for data plane = 14
Darkdrift correction for readout-channel 1 = 0.268406
Darkdrift correction for readout-channel 2 = -0.053806
Darkdrift correction for readout-channel 3 = 0.078267
Darkdrift correction for readout-channel 4 = -0.292867
Darkdrift uncertainty for readout-channel 1 = 0.303360
Darkdrift uncertainty for readout-channel 2 = 0.302980
Darkdrift uncertainty for readout-channel 3 = 0.303129
Darkdrift uncertainty for readout-channel 4 = 0.303312
Trimmed average of values in readout-channel 1 = 5.883664
Trimmed average of values in readout-channel 2 = 5.561453
Trimmed average of values in readout-channel 3 = 5.693526
Trimmed average of values in readout-channel 4 = 5.322391
Darkdrift background term = 5.615258
...for data plane = 15
Darkdrift correction for readout-channel 1 = -0.378045
Darkdrift correction for readout-channel 2 = -0.066532
Darkdrift correction for readout-channel 3 = -0.113330
Darkdrift correction for readout-channel 4 = 0.557907
Darkdrift uncertainty for readout-channel 1 = 0.302968
Darkdrift uncertainty for readout-channel 2 = 0.302965
Darkdrift uncertainty for readout-channel 3 = 0.302979
Darkdrift uncertainty for readout-channel 4 = 0.302882
Trimmed average of values in readout-channel 1 = 5.355185
Trimmed average of values in readout-channel 2 = 5.666698
Trimmed average of values in readout-channel 3 = 5.619900
Trimmed average of values in readout-channel 4 = 6.291137
Darkdrift background term = 5.733230
...for data plane = 16
Darkdrift correction for readout-channel 1 = -0.174386
Darkdrift correction for readout-channel 2 = -0.032443
Darkdrift correction for readout-channel 3 = 0.073362
Darkdrift correction for readout-channel 4 = 0.133466
Darkdrift uncertainty for readout-channel 1 = 0.303009
Darkdrift uncertainty for readout-channel 2 = 0.303522
Darkdrift uncertainty for readout-channel 3 = 0.303219
Darkdrift uncertainty for readout-channel 4 = 0.303232
Trimmed average of values in readout-channel 1 = 5.896823
Trimmed average of values in readout-channel 2 = 6.038766
Trimmed average of values in readout-channel 3 = 6.144571
Trimmed average of values in readout-channel 4 = 6.204675
Darkdrift background term = 6.071209
...for data plane = 17
Darkdrift correction for readout-channel 1 = -0.018583
Darkdrift correction for readout-channel 2 = -0.127706
Darkdrift correction for readout-channel 3 = 0.049797
Darkdrift correction for readout-channel 4 = 0.096492
Darkdrift uncertainty for readout-channel 1 = 0.302971
Darkdrift uncertainty for readout-channel 2 = 0.302977
Darkdrift uncertainty for readout-channel 3 = 0.302335
Darkdrift uncertainty for readout-channel 4 = 0.302822
Trimmed average of values in readout-channel 1 = 5.605086
Trimmed average of values in readout-channel 2 = 5.495963
Trimmed average of values in readout-channel 3 = 5.673466
Trimmed average of values in readout-channel 4 = 5.720161
Darkdrift background term = 5.623669
...for data plane = 18
Darkdrift correction for readout-channel 1 = -0.136346
Darkdrift correction for readout-channel 2 = 0.032201
Darkdrift correction for readout-channel 3 = -0.266526
Darkdrift correction for readout-channel 4 = 0.370671
Darkdrift uncertainty for readout-channel 1 = 0.302016
Darkdrift uncertainty for readout-channel 2 = 0.304898
Darkdrift uncertainty for readout-channel 3 = 0.302803
Darkdrift uncertainty for readout-channel 4 = 0.302964
Trimmed average of values in readout-channel 1 = 5.678975
Trimmed average of values in readout-channel 2 = 5.847523
Trimmed average of values in readout-channel 3 = 5.548795
Trimmed average of values in readout-channel 4 = 6.185993
Darkdrift background term = 5.815322
...for data plane = 19
Darkdrift correction for readout-channel 1 = -0.002250
Darkdrift correction for readout-channel 2 = -0.226639
Darkdrift correction for readout-channel 3 = 0.243320
Darkdrift correction for readout-channel 4 = -0.014431
Darkdrift uncertainty for readout-channel 1 = 0.304137
Darkdrift uncertainty for readout-channel 2 = 0.303534
Darkdrift uncertainty for readout-channel 3 = 0.302966
Darkdrift uncertainty for readout-channel 4 = 0.303020
Trimmed average of values in readout-channel 1 = 5.555251
Trimmed average of values in readout-channel 2 = 5.330862
Trimmed average of values in readout-channel 3 = 5.800821
Trimmed average of values in readout-channel 4 = 5.543070
Darkdrift background term = 5.557501
...for data plane = 20
Darkdrift correction for readout-channel 1 = 0.321107
Darkdrift correction for readout-channel 2 = -0.191832
Darkdrift correction for readout-channel 3 = -0.348535
Darkdrift correction for readout-channel 4 = 0.219260
Darkdrift uncertainty for readout-channel 1 = 0.302978
Darkdrift uncertainty for readout-channel 2 = 0.302961
Darkdrift uncertainty for readout-channel 3 = 0.263489
Darkdrift uncertainty for readout-channel 4 = 0.303207
Trimmed average of values in readout-channel 1 = 6.182556
Trimmed average of values in readout-channel 2 = 5.669617
Trimmed average of values in readout-channel 3 = 5.512915
Trimmed average of values in readout-channel 4 = 6.080710
Darkdrift background term = 5.861449
...for data plane = 21
Darkdrift correction for readout-channel 1 = -0.406961
Darkdrift correction for readout-channel 2 = 0.153435
Darkdrift correction for readout-channel 3 = 0.375693
Darkdrift correction for readout-channel 4 = -0.122167
Darkdrift uncertainty for readout-channel 1 = 0.302966
Darkdrift uncertainty for readout-channel 2 = 0.304365
Darkdrift uncertainty for readout-channel 3 = 0.303065
Darkdrift uncertainty for readout-channel 4 = 0.376471
Trimmed average of values in readout-channel 1 = 5.728744
Trimmed average of values in readout-channel 2 = 6.289140
Trimmed average of values in readout-channel 3 = 6.511398
Trimmed average of values in readout-channel 4 = 6.013538
Darkdrift background term = 6.135705
...for data plane = 22
Darkdrift correction for readout-channel 1 = -0.171977
Darkdrift correction for readout-channel 2 = 0.254212
Darkdrift correction for readout-channel 3 = -0.214781
Darkdrift correction for readout-channel 4 = 0.132546
Darkdrift uncertainty for readout-channel 1 = 0.302717
Darkdrift uncertainty for readout-channel 2 = 0.303248
Darkdrift uncertainty for readout-channel 3 = 0.302960
Darkdrift uncertainty for readout-channel 4 = 0.303057
Trimmed average of values in readout-channel 1 = 5.620181
Trimmed average of values in readout-channel 2 = 6.046370
Trimmed average of values in readout-channel 3 = 5.577377
Trimmed average of values in readout-channel 4 = 5.924704
Darkdrift background term = 5.792158
...for data plane = 23
Darkdrift correction for readout-channel 1 = -0.145605
Darkdrift correction for readout-channel 2 = 0.041481
Darkdrift correction for readout-channel 3 = -0.234950
Darkdrift correction for readout-channel 4 = 0.339074
Darkdrift uncertainty for readout-channel 1 = 0.303998
Darkdrift uncertainty for readout-channel 2 = 0.303513
Darkdrift uncertainty for readout-channel 3 = 0.303205
Darkdrift uncertainty for readout-channel 4 = 0.302988
Trimmed average of values in readout-channel 1 = 5.546277
Trimmed average of values in readout-channel 2 = 5.733363
Trimmed average of values in readout-channel 3 = 5.456931
Trimmed average of values in readout-channel 4 = 6.030955
Darkdrift background term = 5.691882
...for data plane = 24
Darkdrift correction for readout-channel 1 = -0.382241
Darkdrift correction for readout-channel 2 = -0.450923
Darkdrift correction for readout-channel 3 = 0.383035
Darkdrift correction for readout-channel 4 = 0.450128
Darkdrift uncertainty for readout-channel 1 = 0.302966
Darkdrift uncertainty for readout-channel 2 = 0.302967
Darkdrift uncertainty for readout-channel 3 = 0.302990
Darkdrift uncertainty for readout-channel 4 = 0.303206
Trimmed average of values in readout-channel 1 = 5.271967
Trimmed average of values in readout-channel 2 = 5.203285
Trimmed average of values in readout-channel 3 = 6.037243
Trimmed average of values in readout-channel 4 = 6.104336
Darkdrift background term = 5.654208
...for data plane = 25
Darkdrift correction for readout-channel 1 = -0.114263
Darkdrift correction for readout-channel 2 = -0.408404
Darkdrift correction for readout-channel 3 = -0.002299
Darkdrift correction for readout-channel 4 = 0.524966
Darkdrift uncertainty for readout-channel 1 = 0.303458
Darkdrift uncertainty for readout-channel 2 = 0.303252
Darkdrift uncertainty for readout-channel 3 = 0.303327
Darkdrift uncertainty for readout-channel 4 = 0.303131
Trimmed average of values in readout-channel 1 = 5.456869
Trimmed average of values in readout-channel 2 = 5.162728
Trimmed average of values in readout-channel 3 = 5.568833
Trimmed average of values in readout-channel 4 = 6.096098
Darkdrift background term = 5.571132
...for data plane = 26
Darkdrift correction for readout-channel 1 = 0.043603
Darkdrift correction for readout-channel 2 = -0.324590
Darkdrift correction for readout-channel 3 = 0.058869
Darkdrift correction for readout-channel 4 = 0.222118
Darkdrift uncertainty for readout-channel 1 = 0.303084
Darkdrift uncertainty for readout-channel 2 = 0.302968
Darkdrift uncertainty for readout-channel 3 = 0.303005
Darkdrift uncertainty for readout-channel 4 = 0.302874
Trimmed average of values in readout-channel 1 = 5.950654
Trimmed average of values in readout-channel 2 = 5.582461
Trimmed average of values in readout-channel 3 = 5.965919
Trimmed average of values in readout-channel 4 = 6.129169
Darkdrift background term = 5.907051
...for data plane = 27
Darkdrift correction for readout-channel 1 = 0.030774
Darkdrift correction for readout-channel 2 = -0.231977
Darkdrift correction for readout-channel 3 = -0.199480
Darkdrift correction for readout-channel 4 = 0.400683
Darkdrift uncertainty for readout-channel 1 = 0.302974
Darkdrift uncertainty for readout-channel 2 = 0.302970
Darkdrift uncertainty for readout-channel 3 = 0.303867
Darkdrift uncertainty for readout-channel 4 = 0.302977
Trimmed average of values in readout-channel 1 = 5.979755
Trimmed average of values in readout-channel 2 = 5.717004
Trimmed average of values in readout-channel 3 = 5.749501
Trimmed average of values in readout-channel 4 = 6.349665
Darkdrift background term = 5.948982
...for data plane = 28
Darkdrift correction for readout-channel 1 = 0.097441
Darkdrift correction for readout-channel 2 = -0.452308
Darkdrift correction for readout-channel 3 = 0.373011
Darkdrift correction for readout-channel 4 = -0.018144
Darkdrift uncertainty for readout-channel 1 = 0.302978
Darkdrift uncertainty for readout-channel 2 = 0.302976
Darkdrift uncertainty for readout-channel 3 = 0.303047
Darkdrift uncertainty for readout-channel 4 = 0.303220
Trimmed average of values in readout-channel 1 = 5.840241
Trimmed average of values in readout-channel 2 = 5.290492
Trimmed average of values in readout-channel 3 = 6.115811
Trimmed average of values in readout-channel 4 = 5.724656
Darkdrift background term = 5.742800
...for data plane = 29
Darkdrift correction for readout-channel 1 = -0.111897
Darkdrift correction for readout-channel 2 = -0.001845
Darkdrift correction for readout-channel 3 = -0.478765
Darkdrift correction for readout-channel 4 = 0.592507
Darkdrift uncertainty for readout-channel 1 = 0.303235
Darkdrift uncertainty for readout-channel 2 = 0.304621
Darkdrift uncertainty for readout-channel 3 = 0.303003
Darkdrift uncertainty for readout-channel 4 = 0.302812
Trimmed average of values in readout-channel 1 = 5.495722
Trimmed average of values in readout-channel 2 = 5.605773
Trimmed average of values in readout-channel 3 = 5.128853
Trimmed average of values in readout-channel 4 = 6.200125
Darkdrift background term = 5.607618
...for data plane = 30
Darkdrift correction for readout-channel 1 = -0.094413
Darkdrift correction for readout-channel 2 = -0.678377
Darkdrift correction for readout-channel 3 = 0.357922
Darkdrift correction for readout-channel 4 = 0.414869
Darkdrift uncertainty for readout-channel 1 = 0.302979
Darkdrift uncertainty for readout-channel 2 = 0.265796
Darkdrift uncertainty for readout-channel 3 = 0.303294
Darkdrift uncertainty for readout-channel 4 = 0.302994
Trimmed average of values in readout-channel 1 = 5.569818
Trimmed average of values in readout-channel 2 = 4.985854
Trimmed average of values in readout-channel 3 = 6.022153
Trimmed average of values in readout-channel 4 = 6.079100
Darkdrift background term = 5.664231
...for data plane = 31
Darkdrift correction for readout-channel 1 = -0.024749
Darkdrift correction for readout-channel 2 = -0.050448
Darkdrift correction for readout-channel 3 = 0.293916
Darkdrift correction for readout-channel 4 = -0.218719
Darkdrift uncertainty for readout-channel 1 = 0.302975
Darkdrift uncertainty for readout-channel 2 = 0.300760
Darkdrift uncertainty for readout-channel 3 = 0.303485
Darkdrift uncertainty for readout-channel 4 = 0.303636
Trimmed average of values in readout-channel 1 = 5.913587
Trimmed average of values in readout-channel 2 = 5.887888
Trimmed average of values in readout-channel 3 = 6.232252
Trimmed average of values in readout-channel 4 = 5.719618
Darkdrift background term = 5.938336
...for data plane = 32
Darkdrift correction for readout-channel 1 = 0.392960
Darkdrift correction for readout-channel 2 = 0.069756
Darkdrift correction for readout-channel 3 = -0.233367
Darkdrift correction for readout-channel 4 = -0.229349
Darkdrift uncertainty for readout-channel 1 = 0.303741
Darkdrift uncertainty for readout-channel 2 = 0.304620
Darkdrift uncertainty for readout-channel 3 = 0.302966
Darkdrift uncertainty for readout-channel 4 = 0.303471
Trimmed average of values in readout-channel 1 = 6.159322
Trimmed average of values in readout-channel 2 = 5.836117
Trimmed average of values in readout-channel 3 = 5.532994
Trimmed average of values in readout-channel 4 = 5.537013
Darkdrift background term = 5.766361
...for data plane = 33
Darkdrift correction for readout-channel 1 = 0.117340
Darkdrift correction for readout-channel 2 = -0.104039
Darkdrift correction for readout-channel 3 = 0.020493
Darkdrift correction for readout-channel 4 = -0.033794
Darkdrift uncertainty for readout-channel 1 = 0.302981
Darkdrift uncertainty for readout-channel 2 = 0.302964
Darkdrift uncertainty for readout-channel 3 = 0.303216
Darkdrift uncertainty for readout-channel 4 = 0.302977
Trimmed average of values in readout-channel 1 = 5.725900
Trimmed average of values in readout-channel 2 = 5.504522
Trimmed average of values in readout-channel 3 = 5.629053
Trimmed average of values in readout-channel 4 = 5.574767
Darkdrift background term = 5.608561
...for data plane = 34
Darkdrift correction for readout-channel 1 = 0.058560
Darkdrift correction for readout-channel 2 = 0.083174
Darkdrift correction for readout-channel 3 = -0.203021
Darkdrift correction for readout-channel 4 = 0.061287
Darkdrift uncertainty for readout-channel 1 = 0.303108
Darkdrift uncertainty for readout-channel 2 = 0.303544
Darkdrift uncertainty for readout-channel 3 = 0.378250
Darkdrift uncertainty for readout-channel 4 = 0.303299
Trimmed average of values in readout-channel 1 = 5.634216
Trimmed average of values in readout-channel 2 = 5.658831
Trimmed average of values in readout-channel 3 = 5.372635
Trimmed average of values in readout-channel 4 = 5.636944
Darkdrift background term = 5.575657
...for data plane = 35
Darkdrift correction for readout-channel 1 = 0.643093
Darkdrift correction for readout-channel 2 = -0.494433
Darkdrift correction for readout-channel 3 = -0.376707
Darkdrift correction for readout-channel 4 = 0.228048
Darkdrift uncertainty for readout-channel 1 = 0.228404
Darkdrift uncertainty for readout-channel 2 = 0.302978
Darkdrift uncertainty for readout-channel 3 = 0.302968
Darkdrift uncertainty for readout-channel 4 = 0.302910
Trimmed average of values in readout-channel 1 = 6.325183
Trimmed average of values in readout-channel 2 = 5.187657
Trimmed average of values in readout-channel 3 = 5.305383
Trimmed average of values in readout-channel 4 = 5.910138
Darkdrift background term = 5.682090
...for data plane = 36
Darkdrift correction for readout-channel 1 = -0.438498
Darkdrift correction for readout-channel 2 = -0.098449
Darkdrift correction for readout-channel 3 = 0.147394
Darkdrift correction for readout-channel 4 = 0.389553
Darkdrift uncertainty for readout-channel 1 = 0.303393
Darkdrift uncertainty for readout-channel 2 = 0.304627
Darkdrift uncertainty for readout-channel 3 = 0.302975
Darkdrift uncertainty for readout-channel 4 = 0.302981
Trimmed average of values in readout-channel 1 = 5.315664
Trimmed average of values in readout-channel 2 = 5.655712
Trimmed average of values in readout-channel 3 = 5.901555
Trimmed average of values in readout-channel 4 = 6.143715
Darkdrift background term = 5.754161
...for data plane = 37
Darkdrift correction for readout-channel 1 = 0.037983
Darkdrift correction for readout-channel 2 = -0.011646
Darkdrift correction for readout-channel 3 = -0.298496
Darkdrift correction for readout-channel 4 = 0.272159
Darkdrift uncertainty for readout-channel 1 = 0.303100
Darkdrift uncertainty for readout-channel 2 = 0.302973
Darkdrift uncertainty for readout-channel 3 = 0.302662
Darkdrift uncertainty for readout-channel 4 = 0.302977
Trimmed average of values in readout-channel 1 = 6.005772
Trimmed average of values in readout-channel 2 = 5.956143
Trimmed average of values in readout-channel 3 = 5.669292
Trimmed average of values in readout-channel 4 = 6.239947
Darkdrift background term = 5.967789
...for data plane = 38
Darkdrift correction for readout-channel 1 = -0.161668
Darkdrift correction for readout-channel 2 = 0.059303
Darkdrift correction for readout-channel 3 = -0.084714
Darkdrift correction for readout-channel 4 = 0.187079
Darkdrift uncertainty for readout-channel 1 = 0.302827
Darkdrift uncertainty for readout-channel 2 = 0.302975
Darkdrift uncertainty for readout-channel 3 = 0.302410
Darkdrift uncertainty for readout-channel 4 = 0.303393
Trimmed average of values in readout-channel 1 = 5.059071
Trimmed average of values in readout-channel 2 = 5.280042
Trimmed average of values in readout-channel 3 = 5.136026
Trimmed average of values in readout-channel 4 = 5.407818
Darkdrift background term = 5.220739
...for data plane = 39
Darkdrift correction for readout-channel 1 = -0.285178
Darkdrift correction for readout-channel 2 = -0.271321
Darkdrift correction for readout-channel 3 = 0.405458
Darkdrift correction for readout-channel 4 = 0.151041
Darkdrift uncertainty for readout-channel 1 = 0.303511
Darkdrift uncertainty for readout-channel 2 = 0.303248
Darkdrift uncertainty for readout-channel 3 = 0.304680
Darkdrift uncertainty for readout-channel 4 = 0.340096
Trimmed average of values in readout-channel 1 = 5.551430
Trimmed average of values in readout-channel 2 = 5.565287
Trimmed average of values in readout-channel 3 = 6.242066
Trimmed average of values in readout-channel 4 = 5.987649
Darkdrift background term = 5.836608
...for data plane = 40
Darkdrift correction for readout-channel 1 = -0.153443
Darkdrift correction for readout-channel 2 = -0.031272
Darkdrift correction for readout-channel 3 = -0.155100
Darkdrift correction for readout-channel 4 = 0.339814
Darkdrift uncertainty for readout-channel 1 = 0.303097
Darkdrift uncertainty for readout-channel 2 = 0.304895
Darkdrift uncertainty for readout-channel 3 = 0.302980
Darkdrift uncertainty for readout-channel 4 = 0.377949
Trimmed average of values in readout-channel 1 = 5.353852
Trimmed average of values in readout-channel 2 = 5.476024
Trimmed average of values in readout-channel 3 = 5.352196
Trimmed average of values in readout-channel 4 = 5.847110
Darkdrift background term = 5.507295
...for data plane = 41
Darkdrift correction for readout-channel 1 = -0.392108
Darkdrift correction for readout-channel 2 = -0.244920
Darkdrift correction for readout-channel 3 = 0.019773
Darkdrift correction for readout-channel 4 = 0.617256
Darkdrift uncertainty for readout-channel 1 = 0.302983
Darkdrift uncertainty for readout-channel 2 = 0.300222
Darkdrift uncertainty for readout-channel 3 = 0.302995
Darkdrift uncertainty for readout-channel 4 = 0.303068
Trimmed average of values in readout-channel 1 = 5.627942
Trimmed average of values in readout-channel 2 = 5.775130
Trimmed average of values in readout-channel 3 = 6.039823
Trimmed average of values in readout-channel 4 = 6.637306
Darkdrift background term = 6.020050
...for data plane = 42
Darkdrift correction for readout-channel 1 = 0.160446
Darkdrift correction for readout-channel 2 = -0.000222
Darkdrift correction for readout-channel 3 = -0.217904
Darkdrift correction for readout-channel 4 = 0.057680
Darkdrift uncertainty for readout-channel 1 = 0.303237
Darkdrift uncertainty for readout-channel 2 = 0.304081
Darkdrift uncertainty for readout-channel 3 = 0.303145
Darkdrift uncertainty for readout-channel 4 = 0.303745
Trimmed average of values in readout-channel 1 = 5.936304
Trimmed average of values in readout-channel 2 = 5.775636
Trimmed average of values in readout-channel 3 = 5.557954
Trimmed average of values in readout-channel 4 = 5.833538
Darkdrift background term = 5.775858
...for data plane = 43
Darkdrift correction for readout-channel 1 = 0.005887
Darkdrift correction for readout-channel 2 = -0.128457
Darkdrift correction for readout-channel 3 = 0.127759
Darkdrift correction for readout-channel 4 = -0.005188
Darkdrift uncertainty for readout-channel 1 = 0.302972
Darkdrift uncertainty for readout-channel 2 = 0.303800
Darkdrift uncertainty for readout-channel 3 = 0.302813
Darkdrift uncertainty for readout-channel 4 = 0.302992
Trimmed average of values in readout-channel 1 = 5.643493
Trimmed average of values in readout-channel 2 = 5.509149
Trimmed average of values in readout-channel 3 = 5.765365
Trimmed average of values in readout-channel 4 = 5.632418
Darkdrift background term = 5.637606
...for data plane = 44
Darkdrift correction for readout-channel 1 = 0.072094
Darkdrift correction for readout-channel 2 = -0.272046
Darkdrift correction for readout-channel 3 = 0.140499
Darkdrift correction for readout-channel 4 = 0.059454
Darkdrift uncertainty for readout-channel 1 = 0.228007
Darkdrift uncertainty for readout-channel 2 = 0.304608
Darkdrift uncertainty for readout-channel 3 = 0.302971
Darkdrift uncertainty for readout-channel 4 = 0.303385
Trimmed average of values in readout-channel 1 = 5.161266
Trimmed average of values in readout-channel 2 = 4.817125
Trimmed average of values in readout-channel 3 = 5.229670
Trimmed average of values in readout-channel 4 = 5.148625
Darkdrift background term = 5.089171
...for data plane = 45
Darkdrift correction for readout-channel 1 = -0.114997
Darkdrift correction for readout-channel 2 = -0.031561
Darkdrift correction for readout-channel 3 = 0.084636
Darkdrift correction for readout-channel 4 = 0.061921
Darkdrift uncertainty for readout-channel 1 = 0.303108
Darkdrift uncertainty for readout-channel 2 = 0.302976
Darkdrift uncertainty for readout-channel 3 = 0.302990
Darkdrift uncertainty for readout-channel 4 = 0.303227
Trimmed average of values in readout-channel 1 = 5.355387
Trimmed average of values in readout-channel 2 = 5.438822
Trimmed average of values in readout-channel 3 = 5.555020
Trimmed average of values in readout-channel 4 = 5.532305
Darkdrift background term = 5.470383
...for data plane = 46
Darkdrift correction for readout-channel 1 = 0.218018
Darkdrift correction for readout-channel 2 = -0.461990
Darkdrift correction for readout-channel 3 = 0.011570
Darkdrift correction for readout-channel 4 = 0.232401
Darkdrift uncertainty for readout-channel 1 = 0.303373
Darkdrift uncertainty for readout-channel 2 = 0.302968
Darkdrift uncertainty for readout-channel 3 = 0.303143
Darkdrift uncertainty for readout-channel 4 = 0.303238
Trimmed average of values in readout-channel 1 = 6.060888
Trimmed average of values in readout-channel 2 = 5.380880
Trimmed average of values in readout-channel 3 = 5.854440
Trimmed average of values in readout-channel 4 = 6.075272
Darkdrift background term = 5.842870
...for data plane = 47
Darkdrift correction for readout-channel 1 = 0.003266
Darkdrift correction for readout-channel 2 = -0.137193
Darkdrift correction for readout-channel 3 = -0.162346
Darkdrift correction for readout-channel 4 = 0.296274
Darkdrift uncertainty for readout-channel 1 = 0.303709
Darkdrift uncertainty for readout-channel 2 = 0.302425
Darkdrift uncertainty for readout-channel 3 = 0.302979
Darkdrift uncertainty for readout-channel 4 = 0.302973
Trimmed average of values in readout-channel 1 = 5.855268
Trimmed average of values in readout-channel 2 = 5.714809
Trimmed average of values in readout-channel 3 = 5.689656
Trimmed average of values in readout-channel 4 = 6.148276
Darkdrift background term = 5.852002
...for data plane = 48
Darkdrift correction for readout-channel 1 = -0.293561
Darkdrift correction for readout-channel 2 = 0.086668
Darkdrift correction for readout-channel 3 = -0.061028
Darkdrift correction for readout-channel 4 = 0.267921
Darkdrift uncertainty for readout-channel 1 = 0.303232
Darkdrift uncertainty for readout-channel 2 = 0.303239
Darkdrift uncertainty for readout-channel 3 = 0.303130
Darkdrift uncertainty for readout-channel 4 = 0.302977
Trimmed average of values in readout-channel 1 = 5.222374
Trimmed average of values in readout-channel 2 = 5.602602
Trimmed average of values in readout-channel 3 = 5.454907
Trimmed average of values in readout-channel 4 = 5.783856
Darkdrift background term = 5.515935
...for data plane = 49
Darkdrift correction for readout-channel 1 = 0.221665
Darkdrift correction for readout-channel 2 = 0.176390
Darkdrift correction for readout-channel 3 = -0.210663
Darkdrift correction for readout-channel 4 = -0.187391
Darkdrift uncertainty for readout-channel 1 = 0.303227
Darkdrift uncertainty for readout-channel 2 = 0.303512
Darkdrift uncertainty for readout-channel 3 = 0.303282
Darkdrift uncertainty for readout-channel 4 = 0.303219
Trimmed average of values in readout-channel 1 = 5.509753
Trimmed average of values in readout-channel 2 = 5.464478
Trimmed average of values in readout-channel 3 = 5.077425
Trimmed average of values in readout-channel 4 = 5.100697
Darkdrift background term = 5.288088
...for data plane = 50
Darkdrift correction for readout-channel 1 = -0.311834
Darkdrift correction for readout-channel 2 = -0.105554
Darkdrift correction for readout-channel 3 = 0.293015
Darkdrift correction for readout-channel 4 = 0.124373
Darkdrift uncertainty for readout-channel 1 = 0.302577
Darkdrift uncertainty for readout-channel 2 = 0.303251
Darkdrift uncertainty for readout-channel 3 = 0.378387
Darkdrift uncertainty for readout-channel 4 = 0.302882
Trimmed average of values in readout-channel 1 = 5.158208
Trimmed average of values in readout-channel 2 = 5.364488
Trimmed average of values in readout-channel 3 = 5.763057
Trimmed average of values in readout-channel 4 = 5.594415
Darkdrift background term = 5.470042
...for data plane = 51
Darkdrift correction for readout-channel 1 = 0.421377
Darkdrift correction for readout-channel 2 = -0.342691
Darkdrift correction for readout-channel 3 = -0.340705
Darkdrift correction for readout-channel 4 = 0.262019
Darkdrift uncertainty for readout-channel 1 = 0.302978
Darkdrift uncertainty for readout-channel 2 = 0.302960
Darkdrift uncertainty for readout-channel 3 = 0.302974
Darkdrift uncertainty for readout-channel 4 = 0.303148
Trimmed average of values in readout-channel 1 = 6.016134
Trimmed average of values in readout-channel 2 = 5.252066
Trimmed average of values in readout-channel 3 = 5.254052
Trimmed average of values in readout-channel 4 = 5.856776
Darkdrift background term = 5.594757
...for data plane = 52
Darkdrift correction for readout-channel 1 = -0.049549
Darkdrift correction for readout-channel 2 = -0.292759
Darkdrift correction for readout-channel 3 = 0.258611
Darkdrift correction for readout-channel 4 = 0.083697
Darkdrift uncertainty for readout-channel 1 = 0.302580
Darkdrift uncertainty for readout-channel 2 = 0.304067
Darkdrift uncertainty for readout-channel 3 = 0.302977
Darkdrift uncertainty for readout-channel 4 = 0.303413
Trimmed average of values in readout-channel 1 = 6.106479
Trimmed average of values in readout-channel 2 = 5.863269
Trimmed average of values in readout-channel 3 = 6.414638
Trimmed average of values in readout-channel 4 = 6.239725
Darkdrift background term = 6.156028
...for data plane = 53
Darkdrift correction for readout-channel 1 = 0.002114
Darkdrift correction for readout-channel 2 = -0.381174
Darkdrift correction for readout-channel 3 = 0.073025
Darkdrift correction for readout-channel 4 = 0.306035
Darkdrift uncertainty for readout-channel 1 = 0.303504
Darkdrift uncertainty for readout-channel 2 = 0.303244
Darkdrift uncertainty for readout-channel 3 = 0.302977
Darkdrift uncertainty for readout-channel 4 = 0.302985
Trimmed average of values in readout-channel 1 = 5.507164
Trimmed average of values in readout-channel 2 = 5.123876
Trimmed average of values in readout-channel 3 = 5.578076
Trimmed average of values in readout-channel 4 = 5.811086
Darkdrift background term = 5.505050
...for data plane = 54
Darkdrift correction for readout-channel 1 = 0.310913
Darkdrift correction for readout-channel 2 = -0.521844
Darkdrift correction for readout-channel 3 = -0.150194
Darkdrift correction for readout-channel 4 = 0.361125
Darkdrift uncertainty for readout-channel 1 = 0.303367
Darkdrift uncertainty for readout-channel 2 = 0.302975
Darkdrift uncertainty for readout-channel 3 = 0.302984
Darkdrift uncertainty for readout-channel 4 = 0.303910
Trimmed average of values in readout-channel 1 = 5.708770
Trimmed average of values in readout-channel 2 = 4.876014
Trimmed average of values in readout-channel 3 = 5.247663
Trimmed average of values in readout-channel 4 = 5.758983
Darkdrift background term = 5.397858
...for data plane = 55
Darkdrift correction for readout-channel 1 = -0.021018
Darkdrift correction for readout-channel 2 = -0.418069
Darkdrift correction for readout-channel 3 = 0.243059
Darkdrift correction for readout-channel 4 = 0.196028
Darkdrift uncertainty for readout-channel 1 = 0.303108
Darkdrift uncertainty for readout-channel 2 = 0.231365
Darkdrift uncertainty for readout-channel 3 = 0.302985
Darkdrift uncertainty for readout-channel 4 = 0.302966
Trimmed average of values in readout-channel 1 = 5.440708
Trimmed average of values in readout-channel 2 = 5.043658
Trimmed average of values in readout-channel 3 = 5.704786
Trimmed average of values in readout-channel 4 = 5.657754
Darkdrift background term = 5.461727
...for data plane = 56
Darkdrift correction for readout-channel 1 = 0.098336
Darkdrift correction for readout-channel 2 = -0.162980
Darkdrift correction for readout-channel 3 = 0.238730
Darkdrift correction for readout-channel 4 = -0.174087
Darkdrift uncertainty for readout-channel 1 = 0.302590
Darkdrift uncertainty for readout-channel 2 = 0.305438
Darkdrift uncertainty for readout-channel 3 = 0.302979
Darkdrift uncertainty for readout-channel 4 = 0.302969
Trimmed average of values in readout-channel 1 = 5.517830
Trimmed average of values in readout-channel 2 = 5.256515
Trimmed average of values in readout-channel 3 = 5.658224
Trimmed average of values in readout-channel 4 = 5.245408
Darkdrift background term = 5.419494
...for data plane = 57
Darkdrift correction for readout-channel 1 = -0.369431
Darkdrift correction for readout-channel 2 = -0.085700
Darkdrift correction for readout-channel 3 = 0.030734
Darkdrift correction for readout-channel 4 = 0.424397
Darkdrift uncertainty for readout-channel 1 = 0.302576
Darkdrift uncertainty for readout-channel 2 = 0.302966
Darkdrift uncertainty for readout-channel 3 = 0.303456
Darkdrift uncertainty for readout-channel 4 = 0.303089
Trimmed average of values in readout-channel 1 = 5.510158
Trimmed average of values in readout-channel 2 = 5.793890
Trimmed average of values in readout-channel 3 = 5.910324
Trimmed average of values in readout-channel 4 = 6.303987
Darkdrift background term = 5.879590
...for data plane = 58
Darkdrift correction for readout-channel 1 = -0.138292
Darkdrift correction for readout-channel 2 = -0.063519
Darkdrift correction for readout-channel 3 = 0.005496
Darkdrift correction for readout-channel 4 = 0.196315
Darkdrift uncertainty for readout-channel 1 = 0.303992
Darkdrift uncertainty for readout-channel 2 = 0.302985
Darkdrift uncertainty for readout-channel 3 = 0.302982
Darkdrift uncertainty for readout-channel 4 = 0.303239
Trimmed average of values in readout-channel 1 = 0.790545
Trimmed average of values in readout-channel 2 = 0.865318
Trimmed average of values in readout-channel 3 = 0.934333
Trimmed average of values in readout-channel 4 = 1.125152
Darkdrift background term = 0.928837
...for data plane = 59
Darkdrift correction for readout-channel 1 = 0.034140
Darkdrift correction for readout-channel 2 = -0.193307
Darkdrift correction for readout-channel 3 = 0.250531
Darkdrift correction for readout-channel 4 = -0.091363
Darkdrift uncertainty for readout-channel 1 = 0.302966
Darkdrift uncertainty for readout-channel 2 = 0.304896
Darkdrift uncertainty for readout-channel 3 = 0.302995
Darkdrift uncertainty for readout-channel 4 = 0.300792
Trimmed average of values in readout-channel 1 = 5.564416
Trimmed average of values in readout-channel 2 = 5.336969
Trimmed average of values in readout-channel 3 = 5.780807
Trimmed average of values in readout-channel 4 = 5.438913
Darkdrift background term = 5.530276
...for data plane = 60
Darkdrift correction for readout-channel 1 = 0.422365
Darkdrift correction for readout-channel 2 = -0.246422
Darkdrift correction for readout-channel 3 = 0.048586
Darkdrift correction for readout-channel 4 = -0.224529
Darkdrift uncertainty for readout-channel 1 = 0.302979
Darkdrift uncertainty for readout-channel 2 = 0.303249
Darkdrift uncertainty for readout-channel 3 = 0.302970
Darkdrift uncertainty for readout-channel 4 = 0.303474
Trimmed average of values in readout-channel 1 = 5.906980
Trimmed average of values in readout-channel 2 = 5.238194
Trimmed average of values in readout-channel 3 = 5.533201
Trimmed average of values in readout-channel 4 = 5.260087
Darkdrift background term = 5.484616
...for data plane = 61
Darkdrift correction for readout-channel 1 = 0.134999
Darkdrift correction for readout-channel 2 = -0.342611
Darkdrift correction for readout-channel 3 = -0.465548
Darkdrift correction for readout-channel 4 = 0.673160
Darkdrift uncertainty for readout-channel 1 = 0.302977
Darkdrift uncertainty for readout-channel 2 = 0.303805
Darkdrift uncertainty for readout-channel 3 = 0.303209
Darkdrift uncertainty for readout-channel 4 = 0.303077
Trimmed average of values in readout-channel 1 = 6.005119
Trimmed average of values in readout-channel 2 = 5.527510
Trimmed average of values in readout-channel 3 = 5.404572
Trimmed average of values in readout-channel 4 = 6.543281
Darkdrift background term = 5.870121
...for data plane = 62
Darkdrift correction for readout-channel 1 = -0.398829
Darkdrift correction for readout-channel 2 = 0.084068
Darkdrift correction for readout-channel 3 = 0.352172
Darkdrift correction for readout-channel 4 = -0.037410
Darkdrift uncertainty for readout-channel 1 = 0.302841
Darkdrift uncertainty for readout-channel 2 = 0.302989
Darkdrift uncertainty for readout-channel 3 = 0.303057
Darkdrift uncertainty for readout-channel 4 = 0.303398
Trimmed average of values in readout-channel 1 = 5.094829
Trimmed average of values in readout-channel 2 = 5.577725
Trimmed average of values in readout-channel 3 = 5.845829
Trimmed average of values in readout-channel 4 = 5.456248
Darkdrift background term = 5.493658
...for data plane = 63
Darkdrift correction for readout-channel 1 = 0.178682
Darkdrift correction for readout-channel 2 = -0.464372
Darkdrift correction for readout-channel 3 = 0.228481
Darkdrift correction for readout-channel 4 = 0.057209
Darkdrift uncertainty for readout-channel 1 = 0.375984
Darkdrift uncertainty for readout-channel 2 = 0.302969
Darkdrift uncertainty for readout-channel 3 = 0.302979
Darkdrift uncertainty for readout-channel 4 = 0.302975
Trimmed average of values in readout-channel 1 = 5.775678
Trimmed average of values in readout-channel 2 = 5.132624
Trimmed average of values in readout-channel 3 = 5.825477
Trimmed average of values in readout-channel 4 = 5.654204
Darkdrift background term = 5.596996
...for data plane = 64
Darkdrift correction for readout-channel 1 = 0.079278
Darkdrift correction for readout-channel 2 = 0.162176
Darkdrift correction for readout-channel 3 = -0.172032
Darkdrift correction for readout-channel 4 = -0.069422
Darkdrift uncertainty for readout-channel 1 = 0.230228
Darkdrift uncertainty for readout-channel 2 = 0.303247
Darkdrift uncertainty for readout-channel 3 = 0.303361
Darkdrift uncertainty for readout-channel 4 = 0.302971
Trimmed average of values in readout-channel 1 = 5.565633
Trimmed average of values in readout-channel 2 = 5.648531
Trimmed average of values in readout-channel 3 = 5.314323
Trimmed average of values in readout-channel 4 = 5.416933
Darkdrift background term = 5.486355

Program darkdrift: Status Message: 0x0000
Normal exit from Function 0x0000: LOG_WRITER
darkdrift Warning: NaN's were produced in the results.
A total of     2013   NaN's were produced in the results.
Processing time: 11.530000 seconds
Current date/time: Sat Jan  9 14:58:07 2016
Program darkdrift, version 4.1, terminated.

darkdrift   exit_value =   0    execution_time = 11.620s
******************************************************************
Pipeline executing flatap
flatap -i darkdrift.fits -p cal/pmask.fits -f cal/skyflat.fits -ui sig_darkdrift.fits -uo sig_flatap.fits -d dmask.fits -o flatap.fits -c cal/skyflat_cmask.fits 
******************************************************************
Pipeline Module FLATAP Version 1.5
Processing time Sat Jan  9 14:58:07 2016

flatap_parse_namelist: Information only: Namelist not specified.
Sat Jan  9 14:58:07 2016
flatap_log_writer: Could not open Log File, using stdout
Flatap Version 1.5
Namelist File  = 
Input DCE = darkdrift.fits
Output DCE = !flatap.fits
Flatfield = cal/skyflat.fits
Input Uncertainty = sig_darkdrift.fits
Output Uncertainty = !sig_flatap.fits
Pmask File = cal/pmask.fits
Pmask Mask = 128
Dmask File = dmask.fits
Dmask Mask = 16384
Cmask File = cal/skyflat_cmask.fits
Cmask Mask = 256
Trans CAL File = 
Trans CAL CMask File = 
Processing Log File = 
Time =    0.17 seconds
*********************

Time = 0.170 seconds
exit code 0

flatap   exit_value =   0    execution_time = 0.250s
******************************************************************
Pipeline executing imfliprot
imfliprot -i flatap.fits -n cdf/pn107.nl -a /sos/sw/S19.2.0/STUDIO/downlink/include -o imfliprot.fits 
******************************************************************

imfliprot_log_writer: Printing Log output to stdout

Program imfliprot, Version 1.0
Namelist File  = cdf/pn107.nl
Input File = flatap.fits
Output File = imfliprot.fits
Image has been flipped
Image Rotation (degrees)  = 180
Ancillary Data-File Path = /sos/sw/S19.2.0/STUDIO/downlink/include
Verbose flag = 0
Debug flag = 0
imfliprot Status Message      0x0000: Normal exit from Function 0x0000: LOG_WRITER
Processing time: 0.180000 seconds
Current date/time: Sat Jan  9 14:58:07 2016
Program imfliprot, version 1.0, terminated.


imfliprot   exit_value =   0    execution_time = 0.220s
******************************************************************
Pipeline executing imfliprot
imfliprot -i sig_flatap.fits -n cdf/pn107.nl -a /sos/sw/S19.2.0/STUDIO/downlink/include -o sig_imfliprot.fits 
******************************************************************

imfliprot_log_writer: Printing Log output to stdout

Program imfliprot, Version 1.0
Namelist File  = cdf/pn107.nl
Input File = sig_flatap.fits
Output File = sig_imfliprot.fits
Image has been flipped
Image Rotation (degrees)  = 180
Ancillary Data-File Path = /sos/sw/S19.2.0/STUDIO/downlink/include
Verbose flag = 0
Debug flag = 0
imfliprot Status Message      0x0000: Normal exit from Function 0x0000: LOG_WRITER
Processing time: 0.180000 seconds
Current date/time: Sat Jan  9 14:58:08 2016
Program imfliprot, version 1.0, terminated.


imfliprot   exit_value =   0    execution_time = 0.220s
******************************************************************
Pipeline executing imfliprot
imfliprot -i dmask.fits -n cdf/pn107.nl -a /sos/sw/S19.2.0/STUDIO/downlink/include -o temp_dmask.fits 
******************************************************************

imfliprot_log_writer: Printing Log output to stdout

Program imfliprot, Version 1.0
Namelist File  = cdf/pn107.nl
Input File = dmask.fits
Output File = temp_dmask.fits
Image has been flipped
Image Rotation (degrees)  = 180
Ancillary Data-File Path = /sos/sw/S19.2.0/STUDIO/downlink/include
Verbose flag = 0
Debug flag = 0
imfliprot Status Message      0x0000: Normal exit from Function 0x0000: LOG_WRITER
Processing time: 0.050000 seconds
Current date/time: Sat Jan  9 14:58:08 2016
Program imfliprot, version 1.0, terminated.


imfliprot   exit_value =   0    execution_time = 0.090s
******************************************************************
Pipeline executing imfliprot
imfliprot -i fowlinearize.fits -n cdf/pn107.nl -a /sos/sw/S19.2.0/STUDIO/downlink/include -o temp_fowlinearize.fits 
******************************************************************

imfliprot_log_writer: Printing Log output to stdout

Program imfliprot, Version 1.0
Namelist File  = cdf/pn107.nl
Input File = fowlinearize.fits
Output File = temp_fowlinearize.fits
Image has been flipped
Image Rotation (degrees)  = 180
Ancillary Data-File Path = /sos/sw/S19.2.0/STUDIO/downlink/include
Verbose flag = 0
Debug flag = 0
imfliprot Status Message      0x0000: Normal exit from Function 0x0000: LOG_WRITER
Processing time: 0.090000 seconds
Current date/time: Sat Jan  9 14:58:08 2016
Program imfliprot, version 1.0, terminated.


imfliprot   exit_value =   0    execution_time = 0.130s
******************************************************************
Pipeline executing imfliprot
imfliprot -i sig_fowlinearize.fits -n cdf/pn107.nl -a /sos/sw/S19.2.0/STUDIO/downlink/include -o temp_sig_fowlinearize.fits 
******************************************************************

imfliprot_log_writer: Printing Log output to stdout

Program imfliprot, Version 1.0
Namelist File  = cdf/pn107.nl
Input File = sig_fowlinearize.fits
Output File = temp_sig_fowlinearize.fits
Image has been flipped
Image Rotation (degrees)  = 180
Ancillary Data-File Path = /sos/sw/S19.2.0/STUDIO/downlink/include
Verbose flag = 0
Debug flag = 0
imfliprot Status Message      0x0000: Normal exit from Function 0x0000: LOG_WRITER
Processing time: 0.090000 seconds
Current date/time: Sat Jan  9 14:58:08 2016
Program imfliprot, version 1.0, terminated.


imfliprot   exit_value =   0    execution_time = 0.130s
******************************************************************
Pipeline executing dntoflux
dntoflux -i imfliprot.fits -iu sig_imfliprot.fits -n cdf/pn107.nl -co 0 -c 0.1447 -u 0.0000 -a /sos/sw/S19.2.0/STUDIO/downlink/include -o1 dntoflux.fits -ou sig_dntoflux.fits -t 1 
******************************************************************

Program dntoflux, Version 4.2
Namelist File  = cdf/pn107.nl
Input Image = imfliprot.fits
Output File 1 = dntoflux.fits
Output Uncertainty Image = sig_dntoflux.fits
Operation flag = 0
Conversion factor = 0.144700
Input Uncertainty Image = sig_imfliprot.fits
Conversion-factor uncertainty = 0.000000
Output BUNIT setting = MJy/sr
Normalize-by-EXPTIME Flag = 1
EXPTIME = 1.920000
Data-Plane Flag = 1
Ancillary Data-File Path = /sos/sw/S19.2.0/STUDIO/downlink/include
Verbose flag = 0
Super-verbose flag = 0
Debug flag = 0
Terminating data-units-conversion program.
dntoflux Status Message: 0x0000
Normal exit from Function 0x0000: LOG_WRITER
dntoflux Probs Warning: NaN's were produced in the results.
A total of     4026   NaN's were produced in the results.
Processing time: 0.450000 seconds
Current date/time: Sat Jan  9 14:58:09 2016
Program dntoflux, version 4.2, terminated.

dntoflux   exit_value =   0    execution_time = 0.570s
******************************************************************
Pipeline executing qatool
qatool -i dntoflux.fits -n cdf/pn107.nl -nb QATOOLBCD -a /sos/sw/S19.2.0/STUDIO/downlink/include -o qa/BCD_qatool 
******************************************************************
qatool_parse_namelist: Information only: Namelist block-name = &QATOOLBCD
Program qatool, Version 6.0
Namelist File  = cdf/pn107.nl
Input File = dntoflux.fits
Output Data Filename Base = qa/BCD_qatool
Statistics Group = 0
Percent-Scaling Flag = 0
Calculation Type = 1
(set-up to do additional computations for four readout channels)
Number of Mean Absolute Deviations for Histogram Half-Width Coverage = 5
Number of Bins in Histograms = 41
Central fraction for trimmed average = 0.810000
Central fraction for trimmed std. dev. = 0.720000
Bad-pixel tolerance fraction = 0.900000
Statistics Box X position = 3
Statistics Box Y position = 4
Statistics Box X width = 20
Statistics Box Y height = 23
Input-Image Transpose Flag = 1
Unsigned Integer Flag = 0
Data-Plane Flag = 1
Number Edge Rows/Cols Skipped = 2
Keyword Prefix = bcd
Ancillary Data-File Path = /sos/sw/S19.2.0/STUDIO/downlink/include
Verbose flag = 0
Super-verbose flag = 0
Debug flag = 0
Performed statistical and histogram calculations.
Program qatool: Status Message: 0x0000
Normal exit from Function 0x0000: LOG_WRITER
Processing time: 1.170000 seconds
Current date/time: Sat Jan  9 14:58:11 2016
Program qatool, version 6.0, terminated.

qatool   exit_value =   0    execution_time = 1.260s
******************************************************************
Pipeline executing chkmask
chkmask dmask.fits -q qa/BCD_qatool.qa 
******************************************************************
 chkmask vsn 1.35 A40312
 
 No. of occurrences of the   3 status combinations:
   2265 occurrences of   256 (8)                                 
   4 occurrences of   272 (4,8)                               
   3 occurrences of   16 (4)                                 
 
 Status Bit: No. of Pixels
   0:   0
   1:   0
   2:   0
   3:   0
   4:   7
   5:   0
   6:   0
   7:   0
   8:   2269
   9:   0
   10:   0
   11:   0
   12:   0
   13:   0
   14:   0
 

chkmask   exit_value =   0    execution_time = 0.280s
******************************************************************
Loading QA information for DCE and BCD product
Keyword APDUV1E not found in header
Keyword APDUV2E not found in header
Keyword APDUV3E not found in header
Keyword APDUI1E not found in header
Keyword APDUI2E not found in header
Keyword APDUI3E not found in header
Could not append keyword APDUV1E to QA file qa/DCE_qatool.qa
Could not append keyword APDUV2E to QA file qa/DCE_qatool.qa
Could not append keyword APDUV3E to QA file qa/DCE_qatool.qa
Could not append keyword APDUI1E to QA file qa/DCE_qatool.qa
Could not append keyword APDUI2E to QA file qa/DCE_qatool.qa
Could not append keyword APDUI3E to QA file qa/DCE_qatool.qa
******************************************************************
Pipeline executing qaloader
qaloader -i qa/DCE_qatool.qa -tablename qa_iracdce -o qa/qaloader.sql -role pipelineswrole 
******************************************************************
2016/01/09 14:58:12 BEGIN qaloader v1.13
 -i (QA_FILE) qa/DCE_qatool.qa
 -tablename (TABLENAME) qa_iracdce
 -o (SQL_FILE) qa/qaloader.sql
 -role (ROLE) pipelineswrole
Using metadata version 13.0b
table name=qa_iracdce

QA values ingested:
{-4.609584e+01} {}
dceAveFI_1       -4.609584e+01 
{-4.917531e+01} {}
dceAveR1_1       -4.917531e+01 
{-2.916475e+01} {}
dceAveR2_1       -2.916475e+01 
{-3.328914e+01} {}
dceAveR3_1       -3.328914e+01 
{-7.275417e+01} {}
dceAveR4_1       -7.275417e+01 
{-2.200000e+01} {-4.917531e+01}
dceMedFI_1       -2.200000e+01 
{3.079858e+02} {}
dceSdevFI_1      3.079858e+02 
{4.770400e+00} {}
dceDSclFI_1      4.770400e+00 
{-8.887000e+03} {}
dceMinFI_1       -8.887000e+03 
{3.300000e+01} {}
dceMaxFI_1       3.300000e+01 
{147809471} {}
DCEID            147809471 
{2} {-4.609584e+01}
CHNLNUM          2 
{0} {}
ADCEID           0 
{8} {}
AFOWLNUM         8 
{184} {}
AWAITPER         184 
{0} {}
AWEASIDE         0 
{1} {}
AREADMOD         1 
{27.699513} {}
AFPAT1B          27.699513 
{28.669623} {}
AFPAT2B          28.669623 
{0} {}
APEDSIG          0 
{0} {}
ATXSTAT          0 
{0} {}
AFLSTAT          0 
{4} {}
ASHSTAT          4 
{-3.5585} {}
AVRSTBEG         -3.5585 
{-3.0562209} {}
AVDETBEG         -3.0562209 
{-3.618536} {}
AVGG1BEG         -3.618536 
{-3.5499908} {}
AVDDUBEG         -3.5499908 
{0} {}
AVGGCBEG         0 
{21.626487} {}
ACTENDT          21.626487 
{19.753043} {}
AFPECTE          19.753043 
{23.174509} {}
AFPEATE          23.174509 
{24.064953} {}
ATCTEMPE         24.064953 
{21.565525} {}
ACETEMPE         21.565525 
{21.565525} {}
APDTEMPE         21.565525 
{27.757336} {}
ACATMP2E         27.757336 
2016/01/09 14:58:12 END   qaloader status=0

qaloader   exit_value =   0    execution_time = 0.080s
******************************************************************
Pipeline executing qaloader
qaloader -i qa/BCD_qatool.qa -tablename qa_iracdp -o qa/qaloader.sql 
******************************************************************
2016/01/09 14:58:12 BEGIN qaloader v1.13
 -i (QA_FILE) qa/BCD_qatool.qa
 -tablename (TABLENAME) qa_iracdp
 -o (SQL_FILE) qa/qaloader.sql
Using metadata version 13.0b
table name=qa_iracdp

QA values ingested:
{2.537665e+00} {}
bcdAveFI_1       2.537665e+00 
{4.028527e+00} {}
bcdAveUB_1       4.028527e+00 
{5.652576e-01} {}
bcdMedFI_1       5.652576e-01 
{7.034927e-01} {}
bcdMedUB_1       7.034927e-01 
{2.643369e+01} {}
bcdSdevFI_1      2.643369e+01 
{3.444559e+01} {}
bcdSdevUB_1      3.444559e+01 
{4.329355e-01} {}
bcdDSclFI_1      4.329355e-01 
{5.205287e-01} {}
bcdDSclUB_1      5.205287e-01 
{-7.583923e-01} {}
bcdMinFI_1       -7.583923e-01 
{-6.411734e-01} {}
bcdMinUB_1       -6.411734e-01 
{7.061274e+02} {}
bcdMaxFI_1       7.061274e+02 
{7.061274e+02} {}
bcdMaxUB_1       7.061274e+02 
{5.521972e-01} {}
bcdC68lFI_1      5.521972e-01 
{5.798370e-01} {}
bcdC68uFI_1      5.798370e-01 
{391693250} {}
DPID             391693250 
{2} {2.537665e+00}
CHNLNUM          2 
2016/01/09 14:58:12 END   qaloader status=0

qaloader   exit_value =   0    execution_time = 0.130s
******************************************************************
Pipeline executing dbaccess
dbaccess -e sodb qa/qaloader.sql 
******************************************************************
set role pipelineswrole;
set lock mode to wait 30;
EXECUTE PROCEDURE addQA_iracdce (147809471, NULL, NULL, 2, -4.609584e+01, 
-2.200000e+01, -4.917531e+01, -2.916475e+01, -3.328914e+01, -7.275417e+01, 
3.079858e+02, 4.770400e+00, -8.887000e+03, 3.300000e+01, 0, 8, 184, 0, 1, 
27.699513, 28.669623, 0, 0, 0, 4, -3.5585, -3.0562209, -3.618536, -3.5499908, 
0, 21.626487, 19.753043, 23.174509, 24.064953, 21.565525, 21.565525, 27.757336, 
NULL, NULL, NULL, NULL, NULL, NULL);
EXECUTE PROCEDURE addQA_iracdp (391693250, NULL, NULL, 2, 2.537665e+00, 
4.028527e+00, 5.652576e-01, 7.034927e-01, 2.643369e+01, 3.444559e+01, 
4.329355e-01, 5.205287e-01, -7.583923e-01, -6.411734e-01, 7.061274e+02, 
7.061274e+02, 5.521972e-01, 5.798370e-01, NULL, NULL, NULL, NULL, NULL, NULL);
execute procedure setDceTimeParameters (147809471, 1037044734.496, "2012-11-10 19:52:34.192", 1.92, 2.00);

dbaccess   exit_value =   0    execution_time = 0.120s
******************************************************************
Finishing IRAC science pipeline processing
Could not copy cal/firstframe_corr.fits to /sbx10/S19.2.0/archive/proc/full/IRAC033400/bcd/4568/0046471424/2/0049/0000/17/01/1/cal/firstframe_corr.fits
Could not copy imask.fits to /sbx10/S19.2.0/archive/proc/full/IRAC033400/bcd/4568/0046471424/2/0049/0000/17/01/1/imask.fits
Could not copy muxbleedcorr.fits to /sbx10/S19.2.0/archive/proc/full/IRAC033400/bcd/4568/0046471424/2/0049/0000/17/01/1/muxbleedcorr.fits
Could not copy slremove.fits to /sbx10/S19.2.0/archive/proc/full/IRAC033400/bcd/4568/0046471424/2/0049/0000/17/01/1/slremove.fits
******************************************************************
PlScriptID 17 exiting Saturday, January  9, 2016  2:58:15 PM PST
Host: sopipe89
Local Processing Directory: /scr6/S19.2.0/IRAC033400/bcd/4568/0046471424/2/0049/0000/17/01/1
Sandbox Directory: /sbx10/S19.2.0/archive/proc/full/IRAC033400/bcd/4568/0046471424/2/0049/0000/17/01/1
Processing time: total 26.88 s (user 0.93, system 1.06, child user 16.47, child system 8.42)
Pipeline exit code: Normal exit (0)
******************************************************************
