 hdrupd8 vsn 1.6  A70821
******************************************************************
Executing IRAC science pipeline
******************************************************************
Pipeline executing sanity_datatype
sanity_datatype -i ../fos16.fits -t1 cdf/sanity_datatype1.tbl -t2 cdf/sanity_datatype2.tbl -o1 qa/sanity_datatype1.tbl -o2 qa/sanity_datatype2.tbl 
******************************************************************
Program Sanity_datatype is started .... Version 1.0, Sat Jan  9 14:57:44 2016
Input Image File = ../fos16.fits
Input Data Table 1 = cdf/sanity_datatype1.tbl
Input Data Table 2 = cdf/sanity_datatype2.tbl
Output Filename1 = qa/sanity_datatype1.tbl
Output Filename2 = qa/sanity_datatype2.tbl
Log File = stdout
I_Debug = 0
I_Verbose = 0
I_SuperVerbose = 0
Processing time: 0.080000 seconds
Program Sanity_datatype is done. Version 1.0, Sat Jan  9 14:57:44 2016


sanity_datatype   exit_value =   0    execution_time = 0.390s
******************************************************************
Pipeline executing qatool
qatool -i ../fos16.fits -n cdf/pn107.nl -nb QATOOLDCE -a /sos/sw/S19.2.0/STUDIO/downlink/include -o qa/DCE_qatool 
******************************************************************
qatool_parse_namelist: Information only: Namelist block-name = &QATOOLDCE
Program qatool, Version 6.0
Namelist File  = cdf/pn107.nl
Input File = ../fos16.fits
Output Data Filename Base = qa/DCE_qatool
Statistics Group = 0
Percent-Scaling Flag = 0
Calculation Type = 1
(set-up to do additional computations for four readout channels)
Number of Mean Absolute Deviations for Histogram Half-Width Coverage = 5
Number of Bins in Histograms = 41
Central fraction for trimmed average = 0.810000
Central fraction for trimmed std. dev. = 0.720000
Bad-pixel tolerance fraction = 0.340000
Statistics Box X position = 3
Statistics Box Y position = 4
Statistics Box X width = 27
Statistics Box Y height = 33
Input-Image Transpose Flag = 1
Unsigned Integer Flag = 0
Data-Plane Flag = 1
Number Edge Rows/Cols Skipped = 10
Keyword Prefix = dce
Ancillary Data-File Path = /sos/sw/S19.2.0/STUDIO/downlink/include
Verbose flag = 0
Super-verbose flag = 0
Debug flag = 0
Performed statistical and histogram calculations.
Program qatool: Status Message: 0x0000
Normal exit from Function 0x0000: LOG_WRITER
Processing time: 0.750000 seconds
Current date/time: Sat Jan  9 14:57:46 2016
Program qatool, version 6.0, terminated.

qatool   exit_value =   0    execution_time = 0.870s
******************************************************************
Pipeline executing sanity_check
sanity_check -i qa/DCE_qatool.tbl -o qa/sanity_check.tbl 
******************************************************************
Program Sanity_check is started .... Version 1.0, Sat Jan  9 14:57:49 2016

Input File = qa/DCE_qatool.tbl
Output = qa/sanity_check.tbl
Processing time: 0.030000 seconds
Current date/time: Sat Jan  9 14:57:49 2016
Program Sanity_check, version 1.0, terminated.

sanity_check   exit_value =   0    execution_time = 0.360s
******************************************************************
Pipeline executing abad_repair
abad_repair -i ../fos16.fits -o abad_repair.fits 
******************************************************************
Pipeline Module ABAD_REPAIR Version 1.2
Processing time Sat Jan  9 14:57:50 2016

ABAD_READ_DATA: A0752D00 = 0
status from read: 1
npixs = 65536
enter output with 0
files ../fos16.fits !abad_repair.fits 
open output [!abad_repair.fits]
comment [Sat Jan  9 14:57:50 2016]
Time = 0.040 seconds
exit code 0

abad_repair   exit_value =   0    execution_time = 0.080s
******************************************************************
Pipeline executing tranhead
tranhead -i abad_repair.fits -n cdf/pn107.nl -k /scr/S19.2.0/cdf/ctd/telemetry_dictionary.dat -a /sos/sw/S19.2.0/STUDIO/downlink/include -o tranhead.fits -t, cdf/Keyword_Include_List.dat 
******************************************************************

Program tranhead, Version 13.2
Namelist File  = cdf/pn107.nl
Input File = abad_repair.fits
Dictionary File = /scr/S19.2.0/cdf/ctd/telemetry_dictionary.dat
CTD Version String = 3.0.94S
Keyword-Include-List File = cdf/Keyword_Include_List.dat
Translated-Keyword File = tranhead.hdr
CSPICE leapseconds kernel = /scr/S19.2.0/cdf/spice/leapseconds.ker
CSPICE SCLK_SCET kernel = /scr/S19.2.0/cdf/spice/sclk_scet.ker
CSPICE Spitzer Ephemeris = /scr/S19.2.0/cdf/spice/sirtf.bsp
CSPICE Planets Ephemeris = /scr/S19.2.0/cdf/spice/de.bsp
Output File = tranhead.fits
Operation Type = 1
FITS-Header Comment Flag = 1
SCLK correction factor = 1.000380
Ignore Frames (1st) = -1
Ignore Frames (2nd and higher) = -1
Central fraction for trimmed average  = 0.900000
Central fraction for trimmed std. dev. = 0.900000
Gain = 3.710000
Gain_RdOutCh_1 = 3.710000
Gain_RdOutCh_2 = 3.710000
Gain_RdOutCh_3 = 3.710000
Gain_RdOutCh_4 = 3.710000
Ancillary Data-File Path = /sos/sw/S19.2.0/STUDIO/downlink/include
Verbose flag = 0
Super-verbose flag = 0
Debug flag = 0
Configured to perform forward FITS keyword translation.
tranhead Status Message: 0x0000
Normal exit from Function 0x0000: LOG_WRITER
A total of        0   NaN's were produced in the results.
Processing time: 0.320000 seconds
Current date/time: Sat Jan  9 14:57:51 2016
Program tranhead, version 13.2, terminated.

tranhead   exit_value =   0    execution_time = 0.440s
 hdrupd8 vsn 1.6  A70821


LabDark

chan, frametime, hdy, extrpt = 2, 2.00, F, 233
expid  adceid  repidx  =  31,  0,  0 

SkyDarkaor template time = 2
hdy  repidx =  F  0
expid  ext-repeat  =  31  233

******************************************************************
Pipeline executing caltrans
caltrans -n cdf/pn107.nl -m 2 -a 7 -b /scr2/S19.2.0/dlcaldata/irac -s tranhead.fits -o cal -u SUB -jk1 CHNLNUM -jv1 2 -ja1 N -ju1 0 -js1 flip -jk2 CHNLNUM;AFOWLNUM;AWAITPER;FRAMTIME;HDRMODE -jv2 2;8;184;2.00;F -ja2 N;N;N;N;S -ju2 0;0;0;0;0 -js2 sigma;cmask -jk3 CHNLNUM;AFOWLNUM;AWAITPER;FRAMTIME;HDRMODE -jv3 2;8;184;2.00;F -ja3 N;N;N;N;S -ju3 0;0;0;0;0 -js3 cmask -jk4 CHNLNUM -jv4 2 -ja4 N -ju4 0 -js4 cmask -jk5 CHNLNUM -jv5 2 -ja5 N -ju5 0 -js5 cmask -jk6 CHNLNUM -jv6 2 -ja6 N -ju6 0 -jk7 CHNLNUM;AFOWLNUM;AWAITPER -jv7 2;8;184 -ja7 N;N;N -ju7 0;0;0 -jk8 CHNLNUM;AFOWLNUM;AWAITPER -jv8 2;8;184 -ja8 N;N;N -ju8 0;0;0 -e CALTRANSsciSUB 
******************************************************************

Online Namelist file descriptor associated
Online namelist buffer loaded: length = 7422

Warning !:  Ancillary file #1  with full suffix filename  '/sos/archive/fallbacks/IRAC004600/SUB_2s_2sf8d1r1_ch2_v2.0.0_dark_sigma.fits'  NOT in archive/sandbox !!.
Proceed to the next suffix fileprocessing .....

Warning !:  Ancillary file #2  with full suffix filename  '/sos/archive/fallbacks/IRAC004600/SUB_2s_2sf8d1r1_ch2_v2.0.0_dark_cmask.fits'  NOT in archive/sandbox !!.
Proceed to the next suffix fileprocessing .....

Warning !:  Ancillary-suffix file #1: '/scr2/S19.2.0/dlcaldata/irac/fb1502_SUB_2s_2sf8d1r1_ch2_v2.0.0_dark_sigma.fits'  could NOT be identified on cache.
Processing continues ..... 


Warning !:  Ancillary-suffix file #2: '/scr2/S19.2.0/dlcaldata/irac/fb1502_SUB_2s_2sf8d1r1_ch2_v2.0.0_dark_cmask.fits'  could NOT be identified on cache.
Processing continues ..... 


Warning !:  Ancillary file #1  with full suffix filename  '/sos/archive/fallbacks/IRAC005300/lincal_b2_sa_011410_cmask.fits'  NOT in archive/sandbox !!.
Proceed to the next suffix fileprocessing .....

Warning !:  Ancillary-suffix file #1: '/scr2/S19.2.0/dlcaldata/irac/fb1579_lincal_b2_sa_011410_cmask.fits'  could NOT be identified on cache.
Processing continues ..... 

  Printing Log output to stdout...


Program CALTRANS, Version 4.0
Command-Line Namelist Filename  = cdf/pn107.nl
Command-Line Namelist Section = CALTRANSsciSUB
CalTrans Execution Mode  = 2
CalID = 7
Input Calibration Type list = pmask;labdark;skydark;lincal;sky_flat;fluxconv;muxbleed_lut;muxbleed_coeff
Input Calibration Rule list = 0;0;300;0;0;0;0;0
Input Generic Outfname list = pmask.fits;labdark.fits;skydark.fits;lincal.fits;skyflat.fits;fluxconv;muxbleed_lut;muxbleed_coeff
Science DCE Filename = tranhead.fits
CAL Destination Path = cal
Processing time: 0.450000 seconds
Current date/time: Sat Jan  9 14:58:05 2016
Program CALTRANS, version 4.0, terminated with status = 16

CalTrans exits with status = 16



caltrans   exit_value =  16    execution_time = 0.570s
******************************************************************
Pipeline executing insbposdom
insbposdom -i tranhead.fits -o insbposdom.fits 
******************************************************************
Pipeline Module INSBPOSDOM Version 1.1
Processing time Sat Jan  9 14:58:05 2016

Sat Jan  9 14:58:05 2016
Time = 0.050 seconds
exit code 0

insbposdom   exit_value =   0    execution_time = 0.090s
******************************************************************
Pipeline executing cvti2r4
cvti2r4 -i insbposdom.fits -a 0.5625 -b 0 -d cal/dmask_for_raw.fits -o cvti2r4.fits -m row 
******************************************************************
 SIRTF I*2-to-R*4 Data Cube Conversion program vsn 1.31 A61025
 Input file:  insbposdom.fits
 Using offset =    0.562500
 Using BLANK-fill value:   0
 Output file: cvti2r4.fits
 Missing-data pattern specified as rows

cvti2r4   exit_value =   0    execution_time = 0.340s
Image has barrel shift = 3
Computed truncation correction 0.5*(1-2^-ABARREL) = 0.5625
******************************************************************
Pipeline executing hdrupd8
hdrupd8 cvti2r4.fits -a cdf/hdrupd8_cubify.dat -d cdf/hdrupd8_planify.dat 
******************************************************************
 hdrupd8 vsn 1.6  A70821
 WARNING: keyword to be deleted not found: NAXIS3  

hdrupd8   exit_value =   0    execution_time = 0.310s
******************************************************************
Pipeline executing hdrupd8
hdrupd8 dmask.fits -a cdf/hdrupd8_cubify.dat -d cdf/hdrupd8_planify.dat 
******************************************************************
 hdrupd8 vsn 1.6  A70821
 WARNING: keyword to be deleted not found: NAXIS3  

hdrupd8   exit_value =   0    execution_time = 0.280s
******************************************************************
Pipeline executing iracwrapdet1
iracwrapdet1 -i cvti2r4.fits -n cdf/pn107.nl -p cal/pmask.fits -d dmask.fits -w wmask.fits -v 
******************************************************************
Pipeline Module IRACWRAPDET1 Version 1.4
Processing time Sat Jan  9 14:58:15 2016
iracwrapdet1_parse_args: Namelist File = 	cdf/pn107.nl
iracwrapdet1_parse_args: Pmask File = 	cal/pmask.fits
iracwrapdet1_parse_args: Dmask File = 	dmask.fits
iracwrapdet1_parse_args: Wmask File = 	wmask.fits
iracwrapdet1_parse_args: Input File = 	cvti2r4.fits
iracwrapdet1_parse_args: I_Verbose = 			1
chn 2 framtim 2.000000
iracwrapdet1_read_data: Data read from file:
cvti2r4.fits
iracwrapdet1_read_data: I_NX = 32
iracwrapdet1_read_data: I_NY = 32
iracwrapdet1_read_data: I_NZ = 64
iracwrapdet1_parse_namelist: Namelist File = 	cdf/pn107.nl
Coeff used: 55000.000000 55000.000000 55000.000000 55000.000000
iracwrapdet1_compute_results: Numerical Computations finished
Sat Jan  9 14:58:15 2016
iracwrapdet1_output: Results written to file(s).
Time = 0.030 seconds
iracwrapdet1_error_handler: Error Handler finished.
iracwrapdet1_exit: Memory Deallocated.
exit code 0

iracwrapdet1   exit_value =   0    execution_time = 0.070s
******************************************************************
Pipeline executing iracwrapdet2
iracwrapdet2 -i cvti2r4.fits -n cdf/pn107.nl -p cal/pmask.fits -d dmask.fits -w wmask.fits -a /sos/sw/S19.2.0/STUDIO/downlink/include 
******************************************************************

Program iracwrapdet2, Version 1.4
Namelist File  = cdf/pn107.nl
FITS Input Image = cvti2r4.fits
Pmask File = cal/pmask.fits
Dmask File = dmask.fits
Wmask File = mask.fits
M-Level       chan1     chan2     chan3     chan4
            55000.0   55000.0   55000.0   55000.0
Tolerance     chan1     chan2     chan3     chan4
             1200.0    1200.0    1200.0    1200.0
Pmask Maximum = 65535
Dmask Maximum = 65535
Ancillary Data-File Path = /sos/sw/S19.2.0/STUDIO/downlink/include
Verbose flag = 0
Super-verbose flag = 0
Debug flag = 0
iracwrapdet2 Status Message      0x0000
Normal exit from Function 0x0000: LOG_WRITER
Processing time: 0.220000 seconds
Current date/time: Sat Jan  9 14:58:15 2016
Program iracwrapdet2, version 1.4, terminated


iracwrapdet2   exit_value =   0    execution_time = 0.260s
******************************************************************
Pipeline executing iracwrapcorr
iracwrapcorr -i cvti2r4.fits -p cal/pmask.fits -d dmask.fits -w wmask.fits -o iracwrapcorr.fits 
******************************************************************
Pipeline Module IRACWRAPCORR Version 1.3
Processing time Sat Jan  9 14:58:16 2016
iracwrapcorr_parse_namelist: Information only: Namelist not specified.
Sat Jan  9 14:58:16 2016
Time = 0.040 seconds
exit code 0

iracwrapcorr   exit_value =   0    execution_time = 0.080s
******************************************************************
Pipeline executing iracnorm
iracnorm -i iracwrapcorr.fits -p cal/pmask.fits -d dmask.fits -o iracnorm.fits 
******************************************************************
Pipeline Module IRACWNORM Version 1.10
Processing time Sat Jan  9 14:58:16 2016

Sat Jan  9 14:58:16 2016
Time = 0.040 seconds
exit code 0

iracnorm   exit_value =   0    execution_time = 0.080s
******************************************************************
Pipeline executing iracebwc
iracebwc -i iracnorm.fits -n cdf/pn107.nl -p cal/pmask.fits -d dmask.fits -o iracebwc.fits 
******************************************************************
Pipeline Module IRACEBWC Version 1.2
Processing time Sat Jan  9 14:58:17 2016

Sat Jan  9 14:58:17 2016
Time = 0.050 seconds
exit code 0

iracebwc   exit_value =   0    execution_time = 0.090s
HDR mode   =  f
AOR Template Time     =  2
DCE Frame Time    =  2.00
EXTRpt     =  233
Frame NOBF =  0
From sub determine_delays:
   aottime = 2
   aordelay = 222.190359962807
   stellarmode = f
   expid=31
imdly = 1.37335993133544
frmdly = 1.37335993133544

Immed  Delay = 1.37335993133544
Frame  Delay = 1.37335993133544

 hdrupd8 vsn 1.6  A70821
 hdrupd8 vsn 1.6  A70821
 hdrupd8 vsn 1.6  A70821
 hdrupd8 vsn 1.6  A70821
 hdrupd8 vsn 1.6  A70821
 hdrupd8 vsn 1.6  A70821
 hdrupd8 vsn 1.6  A70821
******************************************************************
Pipeline executing darksubng
darksubng -i iracebwc.fits -a /sos/sw/S19.2.0/STUDIO/downlink/include -p cal/pmask.fits -d dmask.fits -o labdarksub.fits -cc cal/labdark.fits -v 
******************************************************************
/sos/sw/S19.2.0/STUDIO/downlink/bin/darksubng: namelist not given
/sos/sw/S19.2.0/STUDIO/downlink/bin/darksubng: input uncertainty image not given
/sos/sw/S19.2.0/STUDIO/downlink/bin/darksubng: output uncertainty image not given
/sos/sw/S19.2.0/STUDIO/downlink/bin/darksubng: WARNING no uncertainty calculations will be performed
/sos/sw/S19.2.0/STUDIO/downlink/bin/darksubng: Namelist               = []
/sos/sw/S19.2.0/STUDIO/downlink/bin/darksubng: Input image            = [iracebwc.fits]
/sos/sw/S19.2.0/STUDIO/downlink/bin/darksubng: Input uncertainty      = []
/sos/sw/S19.2.0/STUDIO/downlink/bin/darksubng: Output image           = [!labdarksub.fits]
/sos/sw/S19.2.0/STUDIO/downlink/bin/darksubng: Output uncertainty     = []
/sos/sw/S19.2.0/STUDIO/downlink/bin/darksubng: Dark                   = [cal/labdark.fits]
/sos/sw/S19.2.0/STUDIO/downlink/bin/darksubng: Pmask file             = [cal/pmask.fits]
/sos/sw/S19.2.0/STUDIO/downlink/bin/darksubng: Pmask fatality bitmask = [65536]
/sos/sw/S19.2.0/STUDIO/downlink/bin/darksubng: Dmask file             = [dmask.fits]
/sos/sw/S19.2.0/STUDIO/downlink/bin/darksubng: Dmask fatality bitmask = [65536]
/sos/sw/S19.2.0/STUDIO/downlink/bin/darksubng: Cmask file             = []
/sos/sw/S19.2.0/STUDIO/downlink/bin/darksubng: Cmask fatality bitmask = [65536]
/sos/sw/S19.2.0/STUDIO/downlink/bin/darksubng: Logfile                = []
/sos/sw/S19.2.0/STUDIO/downlink/bin/darksubng: Ancillary Path         = [/sos/sw/S19.2.0/STUDIO/downlink/include]
/sos/sw/S19.2.0/STUDIO/downlink/bin/darksubng: Uncertainty calculations will not be made
/sos/sw/S19.2.0/STUDIO/downlink/bin/darksubng: WARNING cal/labdark.fits has no BUNIT key
/sos/sw/S19.2.0/STUDIO/downlink/bin/darksubng: WARNING assuming cal/labdark.fits is in DN
/sos/sw/S19.2.0/STUDIO/downlink/bin/darksubng: WARNING cal/labdark.fits has no EXPTIME key
/sos/sw/S19.2.0/STUDIO/downlink/bin/darksubng: WARNING cal/labdark.fits has no GAIN keywords
/sos/sw/S19.2.0/STUDIO/downlink/bin/darksubng: compute - performing any unit conversions
/sos/sw/S19.2.0/STUDIO/downlink/bin/darksubng: compute - starting subtraction with masking 
/sos/sw/S19.2.0/STUDIO/downlink/bin/darksubng: Processing successful; Exiting

darksubng   exit_value =   0    execution_time = 0.160s
READ Noise !! =  9.4
******************************************************************
Pipeline executing snestimator
snestimator -i labdarksub.fits -n cdf/pn107.nl -a /sos/sw/S19.2.0/STUDIO/downlink/include -p cal/pmask.fits -d dmask.fits -on sig_snestimator.fits -g 3.71 -r 9.4 
******************************************************************
verbose 0

Program SNESTIMATOR, Version 1.5
Namelist File  = cdf/pn107.nl
Input FITS Image = labdarksub.fits
Noise Image = sig_snestimator.fits
Denominator type = IRAC_MODEL
Edge Pixels Excluded = 0
Gain Channel 1 = 3.710000 Channel 2 = 3.710000 Channel 3 = 3.710000 Channel 4 = 3.710000
Read Noise = 9.400000
Confusion Sigma = 0.000000
Ancillary Data-File Path = /sos/sw/S19.2.0/STUDIO/downlink/include
Verbose flag = 0
Super-verbose flag = 0
Debug flag = 0
snestimator Status Message      0x0000
Normal exit from Function 0x0000: LOG_WRITER
Processing time: 0.100000 seconds
Current date/time: Sat Jan  9 14:58:42 2016
Program SNESTIMATOR, version 1.5, terminated


snestimator   exit_value =   0    execution_time = 0.170s
******************************************************************
Pipeline executing darksubng
darksubng -i iracebwc.fits -iu sig_snestimator.fits -a /sos/sw/S19.2.0/STUDIO/downlink/include -p cal/pmask.fits -d dmask.fits -o labdarksub.fits -ou sig_labdarksub.fits -cc cal/labdark.fits -v 
******************************************************************
/sos/sw/S19.2.0/STUDIO/downlink/bin/darksubng: namelist not given
/sos/sw/S19.2.0/STUDIO/downlink/bin/darksubng: Namelist               = []
/sos/sw/S19.2.0/STUDIO/downlink/bin/darksubng: Input image            = [iracebwc.fits]
/sos/sw/S19.2.0/STUDIO/downlink/bin/darksubng: Input uncertainty      = [sig_snestimator.fits]
/sos/sw/S19.2.0/STUDIO/downlink/bin/darksubng: Output image           = [!labdarksub.fits]
/sos/sw/S19.2.0/STUDIO/downlink/bin/darksubng: Output uncertainty     = [!sig_labdarksub.fits]
/sos/sw/S19.2.0/STUDIO/downlink/bin/darksubng: Dark                   = [cal/labdark.fits]
/sos/sw/S19.2.0/STUDIO/downlink/bin/darksubng: Pmask file             = [cal/pmask.fits]
/sos/sw/S19.2.0/STUDIO/downlink/bin/darksubng: Pmask fatality bitmask = [65536]
/sos/sw/S19.2.0/STUDIO/downlink/bin/darksubng: Dmask file             = [dmask.fits]
/sos/sw/S19.2.0/STUDIO/downlink/bin/darksubng: Dmask fatality bitmask = [65536]
/sos/sw/S19.2.0/STUDIO/downlink/bin/darksubng: Cmask file             = []
/sos/sw/S19.2.0/STUDIO/downlink/bin/darksubng: Cmask fatality bitmask = [65536]
/sos/sw/S19.2.0/STUDIO/downlink/bin/darksubng: Logfile                = []
/sos/sw/S19.2.0/STUDIO/downlink/bin/darksubng: Ancillary Path         = [/sos/sw/S19.2.0/STUDIO/downlink/include]
/sos/sw/S19.2.0/STUDIO/downlink/bin/darksubng: Uncertainty calculations will be made
/sos/sw/S19.2.0/STUDIO/downlink/bin/darksubng: WARNING cal/labdark.fits has no BUNIT key
/sos/sw/S19.2.0/STUDIO/downlink/bin/darksubng: WARNING assuming cal/labdark.fits is in DN
/sos/sw/S19.2.0/STUDIO/downlink/bin/darksubng: WARNING cal/labdark.fits has no EXPTIME key
/sos/sw/S19.2.0/STUDIO/downlink/bin/darksubng: WARNING cal/labdark.fits has no GAIN keywords
/sos/sw/S19.2.0/STUDIO/downlink/bin/darksubng: compute - performing any unit conversions
/sos/sw/S19.2.0/STUDIO/downlink/bin/darksubng: compute - starting subtraction with masking 
/sos/sw/S19.2.0/STUDIO/downlink/bin/darksubng: Processing successful; Exiting

darksubng   exit_value =   0    execution_time = 0.210s
******************************************************************
Pipeline executing fowlinearize
fowlinearize -i1 labdarksub.fits -i3 sig_labdarksub.fits -n cdf/pn107.nl -a /sos/sw/S19.2.0/STUDIO/downlink/include -ip cal/pmask.fits -i2 cal/lincal.fits -id dmask.fits -o1 fowlinearize.fits -o2 sig_fowlinearize.fits -c 10 
******************************************************************

Program FOWLINEARIZE, Version 4.9
Namelist File  = cdf/pn107.nl
Input File 1 = labdarksub.fits
Input File 2 = cal/lincal.fits
Input File 3 = sig_labdarksub.fits
Model_Flag(1=quad. 2=cubic) = 1
Clock_Readout(10=sub-array, 200=full-array) = 10.000000
Input PMask Image = cal/pmask.fits
Unusable PMask Bits = 16384
Input DMask Image = dmask.fits
Unusable DMask Bits = 8192
Not-linearized DMask Bit = 4096
Not-linearized DMask Bit due to lincal-model saturation = 8192
Output File 1 = fowlinearize.fits
Output File 2 = sig_fowlinearize.fits
Ancillary Data-File Path = /sos/sw/S19.2.0/STUDIO/downlink/include
Verbose flag = 0
Super-verbose flag = 0
Debug flag = 0
Performed linearity correction.
Program fowlinearize: Status Message: 0x0000
Normal exit from Function 0x0000: LOG_WRITER
Processing time: 0.330000 seconds
Current date/time: Sat Jan  9 14:58:44 2016
Program FOWLINEARIZE, version 4.9, terminated.

fowlinearize   exit_value =   0    execution_time = 0.460s
Read Noise =  9.4
 hdrupd8 vsn 1.6  A70821
******************************************************************
Pipeline executing bgmodel
bgmodel -i fowlinearize.fits -n cdf/pn107.nl -h 
******************************************************************

Online Namelist file descriptor associated
Online namelist buffer loaded: length = 7422
bgmodel_log_writer: Printing Log output to stdout
bgmodel  Version 1.0
Namelist File  = cdf/pn107.nl
Input Image = fowlinearize.fits
Ephemeris = /scr2/S19.2.0/cdf/spice/sirtf.bsp
LeapSec Kernel = /scr2/S19.2.0/cdf/spice/leapseconds.ker
SPK Kernel = /scr2/S19.2.0/cdf/spice/de.bsp

bgmodel  Status Message      0x0000: No error.
Time = 0.070 seconds

Background exits with status = 0


bgmodel   exit_value =   0    execution_time = 0.130s
******************************************************************
Pipeline executing hdrupd8
hdrupd8 fowlinearize.fits -a addkeys.dat 
******************************************************************
 hdrupd8 vsn 1.6  A70821

hdrupd8   exit_value =   0    execution_time = 0.410s
SkyDk Med DN      = 16.56367 
Exposure time     = 1.92
SkyDk Med DN rate = 8.62691145833333
Flux Conv         = 0.1447 
SkyDk Med Flux    = 1.24831408802083
Image File = fowlinearize.fits 

 hdrupd8 vsn 1.6  A70821
 hdrupd8 vsn 1.6  A70821
 hdrupd8 vsn 1.6  A70821
 hdrupd8 vsn 1.6  A70821
 hdrupd8 vsn 1.6  A70821
******************************************************************
Pipeline executing darksubng
darksubng -i fowlinearize.fits -iu sig_fowlinearize.fits -a /sos/sw/S19.2.0/STUDIO/downlink/include -p cal/pmask.fits -d dmask.fits -o skydarksub.fits -ou sig_skydarksub.fits -cc cal/skydark.fits -v -c cal/skydark_cmask.fits 
******************************************************************
/sos/sw/S19.2.0/STUDIO/downlink/bin/darksubng: namelist not given
/sos/sw/S19.2.0/STUDIO/downlink/bin/darksubng: Namelist               = []
/sos/sw/S19.2.0/STUDIO/downlink/bin/darksubng: Input image            = [fowlinearize.fits]
/sos/sw/S19.2.0/STUDIO/downlink/bin/darksubng: Input uncertainty      = [sig_fowlinearize.fits]
/sos/sw/S19.2.0/STUDIO/downlink/bin/darksubng: Output image           = [!skydarksub.fits]
/sos/sw/S19.2.0/STUDIO/downlink/bin/darksubng: Output uncertainty     = [!sig_skydarksub.fits]
/sos/sw/S19.2.0/STUDIO/downlink/bin/darksubng: Dark                   = [cal/skydark.fits]
/sos/sw/S19.2.0/STUDIO/downlink/bin/darksubng: Pmask file             = [cal/pmask.fits]
/sos/sw/S19.2.0/STUDIO/downlink/bin/darksubng: Pmask fatality bitmask = [65536]
/sos/sw/S19.2.0/STUDIO/downlink/bin/darksubng: Dmask file             = [dmask.fits]
/sos/sw/S19.2.0/STUDIO/downlink/bin/darksubng: Dmask fatality bitmask = [65536]
/sos/sw/S19.2.0/STUDIO/downlink/bin/darksubng: Cmask file             = [cal/skydark_cmask.fits]
/sos/sw/S19.2.0/STUDIO/downlink/bin/darksubng: Cmask fatality bitmask = [65536]
/sos/sw/S19.2.0/STUDIO/downlink/bin/darksubng: Logfile                = []
/sos/sw/S19.2.0/STUDIO/downlink/bin/darksubng: Ancillary Path         = [/sos/sw/S19.2.0/STUDIO/downlink/include]
/sos/sw/S19.2.0/STUDIO/downlink/bin/darksubng: Uncertainty calculations will be made
/sos/sw/S19.2.0/STUDIO/downlink/bin/darksubng: compute - performing any unit conversions
/sos/sw/S19.2.0/STUDIO/downlink/bin/darksubng: compute - starting subtraction with masking 
/sos/sw/S19.2.0/STUDIO/downlink/bin/darksubng: Processing successful; Exiting

darksubng   exit_value =   0    execution_time = 0.210s
******************************************************************
Pipeline executing darkdrift
darkdrift -i skydarksub.fits -iu sig_skydarksub.fits -n cdf/pn107.nl -a /sos/sw/S19.2.0/STUDIO/downlink/include -o1 darkdrift.fits -o2 darkdriftcorr.fits -o3 darkdrift.tbl -ou sig_darkdrift.fits 
******************************************************************
Program darkdrift, Version 4.1
Namelist File  = cdf/pn107.nl
Input Image = skydarksub.fits
Input Uncertainty Image = sig_skydarksub.fits
Output Image 1 (corrected image) = darkdrift.fits
Output Image 2 (corrections) = darkdriftcorr.fits
Output Image 3 (uncertainties) = sig_darkdrift.fits
Output File 3 = darkdrift.tbl
Central fraction for trimmed average  = 0.900000
Central fraction for trimmed std. dev. = 0.900000
Time_Input = 0.250000
Time_Before = 0.000000
Time_After = 1.000000
Temp_Input = 270.000000
Temp_Before = 280.000000
Temp_After = 260.000000
Calculation Type = 1
Input-Image Transpose Flag = 1
Multiplicative-Correction Flag (Additive if zero) = 0
Readout Channel to exclude (none if zero) = 0
Data-Plane Flag = 1
Ancillary Data-File Path = /sos/sw/S19.2.0/STUDIO/downlink/include
Verbose flag = 0
Super-verbose flag = 0
Debug flag = 0
Dark-current offsets estimated from input image.

Detailed darkdrift calculational results:
...for data plane = 1
Darkdrift correction for readout-channel 1 = -0.406496
Darkdrift correction for readout-channel 2 = 0.069962
Darkdrift correction for readout-channel 3 = -0.067884
Darkdrift correction for readout-channel 4 = 0.404419
Darkdrift uncertainty for readout-channel 1 = 0.374985
Darkdrift uncertainty for readout-channel 2 = 0.372654
Darkdrift uncertainty for readout-channel 3 = 0.301489
Darkdrift uncertainty for readout-channel 4 = 0.301114
Trimmed average of values in readout-channel 1 = 6.894593
Trimmed average of values in readout-channel 2 = 7.371050
Trimmed average of values in readout-channel 3 = 7.233204
Trimmed average of values in readout-channel 4 = 7.705507
Darkdrift background term = 7.301089
...for data plane = 2
Darkdrift correction for readout-channel 1 = -0.238584
Darkdrift correction for readout-channel 2 = -0.228990
Darkdrift correction for readout-channel 3 = -0.259736
Darkdrift correction for readout-channel 4 = 0.727311
Darkdrift uncertainty for readout-channel 1 = 0.303342
Darkdrift uncertainty for readout-channel 2 = 0.302706
Darkdrift uncertainty for readout-channel 3 = 0.303006
Darkdrift uncertainty for readout-channel 4 = 0.303261
Trimmed average of values in readout-channel 1 = 4.121085
Trimmed average of values in readout-channel 2 = 4.130679
Trimmed average of values in readout-channel 3 = 4.099933
Trimmed average of values in readout-channel 4 = 5.086980
Darkdrift background term = 4.359669
...for data plane = 3
Darkdrift correction for readout-channel 1 = -0.054030
Darkdrift correction for readout-channel 2 = 0.168373
Darkdrift correction for readout-channel 3 = -0.186567
Darkdrift correction for readout-channel 4 = 0.072223
Darkdrift uncertainty for readout-channel 1 = 0.340394
Darkdrift uncertainty for readout-channel 2 = 0.303263
Darkdrift uncertainty for readout-channel 3 = 0.303215
Darkdrift uncertainty for readout-channel 4 = 0.302973
Trimmed average of values in readout-channel 1 = 5.036030
Trimmed average of values in readout-channel 2 = 5.258434
Trimmed average of values in readout-channel 3 = 4.903494
Trimmed average of values in readout-channel 4 = 5.162283
Darkdrift background term = 5.090060
...for data plane = 4
Darkdrift correction for readout-channel 1 = 0.043038
Darkdrift correction for readout-channel 2 = -0.185229
Darkdrift correction for readout-channel 3 = -0.244568
Darkdrift correction for readout-channel 4 = 0.386759
Darkdrift uncertainty for readout-channel 1 = 0.302970
Darkdrift uncertainty for readout-channel 2 = 0.304075
Darkdrift uncertainty for readout-channel 3 = 0.302816
Darkdrift uncertainty for readout-channel 4 = 0.303141
Trimmed average of values in readout-channel 1 = 5.338358
Trimmed average of values in readout-channel 2 = 5.110090
Trimmed average of values in readout-channel 3 = 5.050752
Trimmed average of values in readout-channel 4 = 5.682079
Darkdrift background term = 5.295320
...for data plane = 5
Darkdrift correction for readout-channel 1 = 0.003606
Darkdrift correction for readout-channel 2 = -0.234793
Darkdrift correction for readout-channel 3 = 0.075835
Darkdrift correction for readout-channel 4 = 0.155352
Darkdrift uncertainty for readout-channel 1 = 0.303512
Darkdrift uncertainty for readout-channel 2 = 0.302418
Darkdrift uncertainty for readout-channel 3 = 0.303057
Darkdrift uncertainty for readout-channel 4 = 0.303224
Trimmed average of values in readout-channel 1 = 5.398326
Trimmed average of values in readout-channel 2 = 5.159927
Trimmed average of values in readout-channel 3 = 5.470555
Trimmed average of values in readout-channel 4 = 5.550072
Darkdrift background term = 5.394720
...for data plane = 6
Darkdrift correction for readout-channel 1 = 0.264888
Darkdrift correction for readout-channel 2 = 0.001070
Darkdrift correction for readout-channel 3 = -0.406676
Darkdrift correction for readout-channel 4 = 0.140718
Darkdrift uncertainty for readout-channel 1 = 0.302447
Darkdrift uncertainty for readout-channel 2 = 0.303531
Darkdrift uncertainty for readout-channel 3 = 0.302481
Darkdrift uncertainty for readout-channel 4 = 0.302887
Trimmed average of values in readout-channel 1 = 5.959275
Trimmed average of values in readout-channel 2 = 5.695457
Trimmed average of values in readout-channel 3 = 5.287710
Trimmed average of values in readout-channel 4 = 5.835105
Darkdrift background term = 5.694387
...for data plane = 7
Darkdrift correction for readout-channel 1 = -0.026366
Darkdrift correction for readout-channel 2 = -0.128528
Darkdrift correction for readout-channel 3 = 0.077923
Darkdrift correction for readout-channel 4 = 0.076970
Darkdrift uncertainty for readout-channel 1 = 0.302968
Darkdrift uncertainty for readout-channel 2 = 0.303528
Darkdrift uncertainty for readout-channel 3 = 0.303049
Darkdrift uncertainty for readout-channel 4 = 0.303141
Trimmed average of values in readout-channel 1 = 5.390678
Trimmed average of values in readout-channel 2 = 5.288517
Trimmed average of values in readout-channel 3 = 5.494968
Trimmed average of values in readout-channel 4 = 5.494015
Darkdrift background term = 5.417045
...for data plane = 8
Darkdrift correction for readout-channel 1 = -0.194769
Darkdrift correction for readout-channel 2 = -0.613065
Darkdrift correction for readout-channel 3 = 0.103604
Darkdrift correction for readout-channel 4 = 0.704230
Darkdrift uncertainty for readout-channel 1 = 0.302992
Darkdrift uncertainty for readout-channel 2 = 0.376778
Darkdrift uncertainty for readout-channel 3 = 0.303008
Darkdrift uncertainty for readout-channel 4 = 0.302964
Trimmed average of values in readout-channel 1 = 5.353136
Trimmed average of values in readout-channel 2 = 4.934840
Trimmed average of values in readout-channel 3 = 5.651509
Trimmed average of values in readout-channel 4 = 6.252135
Darkdrift background term = 5.547905
...for data plane = 9
Darkdrift correction for readout-channel 1 = 0.168674
Darkdrift correction for readout-channel 2 = -0.322189
Darkdrift correction for readout-channel 3 = 0.052157
Darkdrift correction for readout-channel 4 = 0.101358
Darkdrift uncertainty for readout-channel 1 = 0.303101
Darkdrift uncertainty for readout-channel 2 = 0.303251
Darkdrift uncertainty for readout-channel 3 = 0.303943
Darkdrift uncertainty for readout-channel 4 = 0.302980
Trimmed average of values in readout-channel 1 = 5.755985
Trimmed average of values in readout-channel 2 = 5.265121
Trimmed average of values in readout-channel 3 = 5.639468
Trimmed average of values in readout-channel 4 = 5.688668
Darkdrift background term = 5.587310
...for data plane = 10
Darkdrift correction for readout-channel 1 = -0.225403
Darkdrift correction for readout-channel 2 = -0.019766
Darkdrift correction for readout-channel 3 = 0.084058
Darkdrift correction for readout-channel 4 = 0.161112
Darkdrift uncertainty for readout-channel 1 = 0.303358
Darkdrift uncertainty for readout-channel 2 = 0.304628
Darkdrift uncertainty for readout-channel 3 = 0.303068
Darkdrift uncertainty for readout-channel 4 = 0.302992
Trimmed average of values in readout-channel 1 = 5.649950
Trimmed average of values in readout-channel 2 = 5.855587
Trimmed average of values in readout-channel 3 = 5.959411
Trimmed average of values in readout-channel 4 = 6.036465
Darkdrift background term = 5.875353
...for data plane = 11
Darkdrift correction for readout-channel 1 = -0.153807
Darkdrift correction for readout-channel 2 = -0.449871
Darkdrift correction for readout-channel 3 = 0.121802
Darkdrift correction for readout-channel 4 = 0.481876
Darkdrift uncertainty for readout-channel 1 = 0.302847
Darkdrift uncertainty for readout-channel 2 = 0.303791
Darkdrift uncertainty for readout-channel 3 = 0.303362
Darkdrift uncertainty for readout-channel 4 = 0.302740
Trimmed average of values in readout-channel 1 = 5.634725
Trimmed average of values in readout-channel 2 = 5.338661
Trimmed average of values in readout-channel 3 = 5.910334
Trimmed average of values in readout-channel 4 = 6.270409
Darkdrift background term = 5.788532
...for data plane = 12
Darkdrift correction for readout-channel 1 = 0.227181
Darkdrift correction for readout-channel 2 = -0.263687
Darkdrift correction for readout-channel 3 = -0.051367
Darkdrift correction for readout-channel 4 = 0.087873
Darkdrift uncertainty for readout-channel 1 = 0.302982
Darkdrift uncertainty for readout-channel 2 = 0.302698
Darkdrift uncertainty for readout-channel 3 = 0.303370
Darkdrift uncertainty for readout-channel 4 = 0.303053
Trimmed average of values in readout-channel 1 = 6.362970
Trimmed average of values in readout-channel 2 = 5.872102
Trimmed average of values in readout-channel 3 = 6.084423
Trimmed average of values in readout-channel 4 = 6.223662
Darkdrift background term = 6.135789
...for data plane = 13
Darkdrift correction for readout-channel 1 = -0.050250
Darkdrift correction for readout-channel 2 = -0.024949
Darkdrift correction for readout-channel 3 = 0.007525
Darkdrift correction for readout-channel 4 = 0.067674
Darkdrift uncertainty for readout-channel 1 = 0.302956
Darkdrift uncertainty for readout-channel 2 = 0.303248
Darkdrift uncertainty for readout-channel 3 = 0.302885
Darkdrift uncertainty for readout-channel 4 = 0.302964
Trimmed average of values in readout-channel 1 = 5.544305
Trimmed average of values in readout-channel 2 = 5.569607
Trimmed average of values in readout-channel 3 = 5.602080
Trimmed average of values in readout-channel 4 = 5.662229
Darkdrift background term = 5.594555
...for data plane = 14
Darkdrift correction for readout-channel 1 = -0.184659
Darkdrift correction for readout-channel 2 = -0.243012
Darkdrift correction for readout-channel 3 = 0.301401
Darkdrift correction for readout-channel 4 = 0.126270
Darkdrift uncertainty for readout-channel 1 = 0.302583
Darkdrift uncertainty for readout-channel 2 = 0.303808
Darkdrift uncertainty for readout-channel 3 = 0.303067
Darkdrift uncertainty for readout-channel 4 = 0.303302
Trimmed average of values in readout-channel 1 = 5.698828
Trimmed average of values in readout-channel 2 = 5.640476
Trimmed average of values in readout-channel 3 = 6.184889
Trimmed average of values in readout-channel 4 = 6.009758
Darkdrift background term = 5.883488
...for data plane = 15
Darkdrift correction for readout-channel 1 = -0.122065
Darkdrift correction for readout-channel 2 = -0.061510
Darkdrift correction for readout-channel 3 = -0.449759
Darkdrift correction for readout-channel 4 = 0.633333
Darkdrift uncertainty for readout-channel 1 = 0.302989
Darkdrift uncertainty for readout-channel 2 = 0.302419
Darkdrift uncertainty for readout-channel 3 = 0.302965
Darkdrift uncertainty for readout-channel 4 = 0.303150
Trimmed average of values in readout-channel 1 = 5.559383
Trimmed average of values in readout-channel 2 = 5.619938
Trimmed average of values in readout-channel 3 = 5.231688
Trimmed average of values in readout-channel 4 = 6.314780
Darkdrift background term = 5.681447
...for data plane = 16
Darkdrift correction for readout-channel 1 = -0.111207
Darkdrift correction for readout-channel 2 = -0.069726
Darkdrift correction for readout-channel 3 = -0.085016
Darkdrift correction for readout-channel 4 = 0.265949
Darkdrift uncertainty for readout-channel 1 = 0.302983
Darkdrift uncertainty for readout-channel 2 = 0.302983
Darkdrift uncertainty for readout-channel 3 = 0.302971
Darkdrift uncertainty for readout-channel 4 = 0.303054
Trimmed average of values in readout-channel 1 = 5.801820
Trimmed average of values in readout-channel 2 = 5.843300
Trimmed average of values in readout-channel 3 = 5.828011
Trimmed average of values in readout-channel 4 = 6.178975
Darkdrift background term = 5.913026
...for data plane = 17
Darkdrift correction for readout-channel 1 = -0.099165
Darkdrift correction for readout-channel 2 = 0.038494
Darkdrift correction for readout-channel 3 = -0.050593
Darkdrift correction for readout-channel 4 = 0.111263
Darkdrift uncertainty for readout-channel 1 = 0.302583
Darkdrift uncertainty for readout-channel 2 = 0.302681
Darkdrift uncertainty for readout-channel 3 = 0.303040
Darkdrift uncertainty for readout-channel 4 = 0.302966
Trimmed average of values in readout-channel 1 = 5.705690
Trimmed average of values in readout-channel 2 = 5.843350
Trimmed average of values in readout-channel 3 = 5.754262
Trimmed average of values in readout-channel 4 = 5.916118
Darkdrift background term = 5.804855
...for data plane = 18
Darkdrift correction for readout-channel 1 = 0.382089
Darkdrift correction for readout-channel 2 = -0.520199
Darkdrift correction for readout-channel 3 = 0.125791
Darkdrift correction for readout-channel 4 = 0.012320
Darkdrift uncertainty for readout-channel 1 = 0.301754
Darkdrift uncertainty for readout-channel 2 = 0.304900
Darkdrift uncertainty for readout-channel 3 = 0.303047
Darkdrift uncertainty for readout-channel 4 = 0.303038
Trimmed average of values in readout-channel 1 = 5.801302
Trimmed average of values in readout-channel 2 = 4.899014
Trimmed average of values in readout-channel 3 = 5.545004
Trimmed average of values in readout-channel 4 = 5.431533
Darkdrift background term = 5.419213
...for data plane = 19
Darkdrift correction for readout-channel 1 = -0.149347
Darkdrift correction for readout-channel 2 = -0.084066
Darkdrift correction for readout-channel 3 = 0.050061
Darkdrift correction for readout-channel 4 = 0.183351
Darkdrift uncertainty for readout-channel 1 = 0.302966
Darkdrift uncertainty for readout-channel 2 = 0.303542
Darkdrift uncertainty for readout-channel 3 = 0.302995
Darkdrift uncertainty for readout-channel 4 = 0.302985
Trimmed average of values in readout-channel 1 = 5.945241
Trimmed average of values in readout-channel 2 = 6.010522
Trimmed average of values in readout-channel 3 = 6.144649
Trimmed average of values in readout-channel 4 = 6.277939
Darkdrift background term = 6.094588
...for data plane = 20
Darkdrift correction for readout-channel 1 = 0.527712
Darkdrift correction for readout-channel 2 = -0.105144
Darkdrift correction for readout-channel 3 = -0.277036
Darkdrift correction for readout-channel 4 = -0.145532
Darkdrift uncertainty for readout-channel 1 = 0.302961
Darkdrift uncertainty for readout-channel 2 = 0.303286
Darkdrift uncertainty for readout-channel 3 = 0.302822
Darkdrift uncertainty for readout-channel 4 = 0.303322
Trimmed average of values in readout-channel 1 = 6.513966
Trimmed average of values in readout-channel 2 = 5.881110
Trimmed average of values in readout-channel 3 = 5.709218
Trimmed average of values in readout-channel 4 = 5.840722
Darkdrift background term = 5.986254
...for data plane = 21
Darkdrift correction for readout-channel 1 = 0.304791
Darkdrift correction for readout-channel 2 = -0.300496
Darkdrift correction for readout-channel 3 = -0.116891
Darkdrift correction for readout-channel 4 = 0.112597
Darkdrift uncertainty for readout-channel 1 = 0.303249
Darkdrift uncertainty for readout-channel 2 = 0.302982
Darkdrift uncertainty for readout-channel 3 = 0.302668
Darkdrift uncertainty for readout-channel 4 = 0.303003
Trimmed average of values in readout-channel 1 = 5.963969
Trimmed average of values in readout-channel 2 = 5.358682
Trimmed average of values in readout-channel 3 = 5.542287
Trimmed average of values in readout-channel 4 = 5.771775
Darkdrift background term = 5.659179
...for data plane = 22
Darkdrift correction for readout-channel 1 = 0.025137
Darkdrift correction for readout-channel 2 = -0.219986
Darkdrift correction for readout-channel 3 = 0.001230
Darkdrift correction for readout-channel 4 = 0.193620
Darkdrift uncertainty for readout-channel 1 = 0.302975
Darkdrift uncertainty for readout-channel 2 = 0.371237
Darkdrift uncertainty for readout-channel 3 = 0.378392
Darkdrift uncertainty for readout-channel 4 = 0.303391
Trimmed average of values in readout-channel 1 = 6.035053
Trimmed average of values in readout-channel 2 = 5.789931
Trimmed average of values in readout-channel 3 = 6.011146
Trimmed average of values in readout-channel 4 = 6.203536
Darkdrift background term = 6.009916
...for data plane = 23
Darkdrift correction for readout-channel 1 = -0.025110
Darkdrift correction for readout-channel 2 = -0.139534
Darkdrift correction for readout-channel 3 = -0.340151
Darkdrift correction for readout-channel 4 = 0.504795
Darkdrift uncertainty for readout-channel 1 = 0.303974
Darkdrift uncertainty for readout-channel 2 = 0.302955
Darkdrift uncertainty for readout-channel 3 = 0.302885
Darkdrift uncertainty for readout-channel 4 = 0.302947
Trimmed average of values in readout-channel 1 = 5.699467
Trimmed average of values in readout-channel 2 = 5.585042
Trimmed average of values in readout-channel 3 = 5.384425
Trimmed average of values in readout-channel 4 = 6.229371
Darkdrift background term = 5.724577
...for data plane = 24
Darkdrift correction for readout-channel 1 = 0.103310
Darkdrift correction for readout-channel 2 = -0.257223
Darkdrift correction for readout-channel 3 = 0.124878
Darkdrift correction for readout-channel 4 = 0.029036
Darkdrift uncertainty for readout-channel 1 = 0.303620
Darkdrift uncertainty for readout-channel 2 = 0.302998
Darkdrift uncertainty for readout-channel 3 = 0.302966
Darkdrift uncertainty for readout-channel 4 = 0.302977
Trimmed average of values in readout-channel 1 = 6.368972
Trimmed average of values in readout-channel 2 = 6.008439
Trimmed average of values in readout-channel 3 = 6.390541
Trimmed average of values in readout-channel 4 = 6.294698
Darkdrift background term = 6.265662
...for data plane = 25
Darkdrift correction for readout-channel 1 = 0.086699
Darkdrift correction for readout-channel 2 = -0.770703
Darkdrift correction for readout-channel 3 = 0.216647
Darkdrift correction for readout-channel 4 = 0.467357
Darkdrift uncertainty for readout-channel 1 = 0.303982
Darkdrift uncertainty for readout-channel 2 = 0.302965
Darkdrift uncertainty for readout-channel 3 = 0.303545
Darkdrift uncertainty for readout-channel 4 = 0.378023
Trimmed average of values in readout-channel 1 = 5.720312
Trimmed average of values in readout-channel 2 = 4.862909
Trimmed average of values in readout-channel 3 = 5.850259
Trimmed average of values in readout-channel 4 = 6.100970
Darkdrift background term = 5.633613
...for data plane = 26
Darkdrift correction for readout-channel 1 = 0.048519
Darkdrift correction for readout-channel 2 = -0.178385
Darkdrift correction for readout-channel 3 = 0.036513
Darkdrift correction for readout-channel 4 = 0.093354
Darkdrift uncertainty for readout-channel 1 = 0.302705
Darkdrift uncertainty for readout-channel 2 = 0.302987
Darkdrift uncertainty for readout-channel 3 = 0.303624
Darkdrift uncertainty for readout-channel 4 = 0.302910
Trimmed average of values in readout-channel 1 = 5.714744
Trimmed average of values in readout-channel 2 = 5.487839
Trimmed average of values in readout-channel 3 = 5.702737
Trimmed average of values in readout-channel 4 = 5.759578
Darkdrift background term = 5.666225
...for data plane = 27
Darkdrift correction for readout-channel 1 = 0.177995
Darkdrift correction for readout-channel 2 = -0.191611
Darkdrift correction for readout-channel 3 = -0.156497
Darkdrift correction for readout-channel 4 = 0.170113
Darkdrift uncertainty for readout-channel 1 = 0.303227
Darkdrift uncertainty for readout-channel 2 = 0.303243
Darkdrift uncertainty for readout-channel 3 = 0.302976
Darkdrift uncertainty for readout-channel 4 = 0.302984
Trimmed average of values in readout-channel 1 = 5.930500
Trimmed average of values in readout-channel 2 = 5.560893
Trimmed average of values in readout-channel 3 = 5.596008
Trimmed average of values in readout-channel 4 = 5.922617
Darkdrift background term = 5.752505
...for data plane = 28
Darkdrift correction for readout-channel 1 = -0.159062
Darkdrift correction for readout-channel 2 = 0.076862
Darkdrift correction for readout-channel 3 = -0.264451
Darkdrift correction for readout-channel 4 = 0.346650
Darkdrift uncertainty for readout-channel 1 = 0.303229
Darkdrift uncertainty for readout-channel 2 = 0.302978
Darkdrift uncertainty for readout-channel 3 = 0.375291
Darkdrift uncertainty for readout-channel 4 = 0.303150
Trimmed average of values in readout-channel 1 = 5.317568
Trimmed average of values in readout-channel 2 = 5.553492
Trimmed average of values in readout-channel 3 = 5.212178
Trimmed average of values in readout-channel 4 = 5.823280
Darkdrift background term = 5.476629
...for data plane = 29
Darkdrift correction for readout-channel 1 = -0.141872
Darkdrift correction for readout-channel 2 = -0.323348
Darkdrift correction for readout-channel 3 = 0.175628
Darkdrift correction for readout-channel 4 = 0.289592
Darkdrift uncertainty for readout-channel 1 = 0.302965
Darkdrift uncertainty for readout-channel 2 = 0.303818
Darkdrift uncertainty for readout-channel 3 = 0.303049
Darkdrift uncertainty for readout-channel 4 = 0.302880
Trimmed average of values in readout-channel 1 = 5.874402
Trimmed average of values in readout-channel 2 = 5.692926
Trimmed average of values in readout-channel 3 = 6.191902
Trimmed average of values in readout-channel 4 = 6.305866
Darkdrift background term = 6.016274
...for data plane = 30
Darkdrift correction for readout-channel 1 = -0.007477
Darkdrift correction for readout-channel 2 = -0.336678
Darkdrift correction for readout-channel 3 = -0.192961
Darkdrift correction for readout-channel 4 = 0.537116
Darkdrift uncertainty for readout-channel 1 = 0.305076
Darkdrift uncertainty for readout-channel 2 = 0.302975
Darkdrift uncertainty for readout-channel 3 = 0.302981
Darkdrift uncertainty for readout-channel 4 = 0.303074
Trimmed average of values in readout-channel 1 = 5.832385
Trimmed average of values in readout-channel 2 = 5.503184
Trimmed average of values in readout-channel 3 = 5.646900
Trimmed average of values in readout-channel 4 = 6.376977
Darkdrift background term = 5.839861
...for data plane = 31
Darkdrift correction for readout-channel 1 = -0.134456
Darkdrift correction for readout-channel 2 = -0.330488
Darkdrift correction for readout-channel 3 = 0.056591
Darkdrift correction for readout-channel 4 = 0.408353
Darkdrift uncertainty for readout-channel 1 = 0.302990
Darkdrift uncertainty for readout-channel 2 = 0.302982
Darkdrift uncertainty for readout-channel 3 = 0.303529
Darkdrift uncertainty for readout-channel 4 = 0.303130
Trimmed average of values in readout-channel 1 = 5.458190
Trimmed average of values in readout-channel 2 = 5.262158
Trimmed average of values in readout-channel 3 = 5.649238
Trimmed average of values in readout-channel 4 = 6.000999
Darkdrift background term = 5.592646
...for data plane = 32
Darkdrift correction for readout-channel 1 = -0.334798
Darkdrift correction for readout-channel 2 = 0.084718
Darkdrift correction for readout-channel 3 = 0.204777
Darkdrift correction for readout-channel 4 = 0.045303
Darkdrift uncertainty for readout-channel 1 = 0.302972
Darkdrift uncertainty for readout-channel 2 = 0.302977
Darkdrift uncertainty for readout-channel 3 = 0.302887
Darkdrift uncertainty for readout-channel 4 = 0.303372
Trimmed average of values in readout-channel 1 = 5.355229
Trimmed average of values in readout-channel 2 = 5.774745
Trimmed average of values in readout-channel 3 = 5.894804
Trimmed average of values in readout-channel 4 = 5.735330
Darkdrift background term = 5.690027
...for data plane = 33
Darkdrift correction for readout-channel 1 = -0.036380
Darkdrift correction for readout-channel 2 = -0.614336
Darkdrift correction for readout-channel 3 = 0.280054
Darkdrift correction for readout-channel 4 = 0.370662
Darkdrift uncertainty for readout-channel 1 = 0.302967
Darkdrift uncertainty for readout-channel 2 = 0.302150
Darkdrift uncertainty for readout-channel 3 = 0.303205
Darkdrift uncertainty for readout-channel 4 = 0.303386
Trimmed average of values in readout-channel 1 = 5.252263
Trimmed average of values in readout-channel 2 = 4.674307
Trimmed average of values in readout-channel 3 = 5.568697
Trimmed average of values in readout-channel 4 = 5.659305
Darkdrift background term = 5.288643
...for data plane = 34
Darkdrift correction for readout-channel 1 = -0.273550
Darkdrift correction for readout-channel 2 = 0.109959
Darkdrift correction for readout-channel 3 = 0.282636
Darkdrift correction for readout-channel 4 = -0.119044
Darkdrift uncertainty for readout-channel 1 = 0.302982
Darkdrift uncertainty for readout-channel 2 = 0.303253
Darkdrift uncertainty for readout-channel 3 = 0.303560
Darkdrift uncertainty for readout-channel 4 = 0.303305
Trimmed average of values in readout-channel 1 = 5.989347
Trimmed average of values in readout-channel 2 = 6.372856
Trimmed average of values in readout-channel 3 = 6.545533
Trimmed average of values in readout-channel 4 = 6.143853
Darkdrift background term = 6.262897
...for data plane = 35
Darkdrift correction for readout-channel 1 = -0.108833
Darkdrift correction for readout-channel 2 = -0.274065
Darkdrift correction for readout-channel 3 = 0.263299
Darkdrift correction for readout-channel 4 = 0.119598
Darkdrift uncertainty for readout-channel 1 = 0.303121
Darkdrift uncertainty for readout-channel 2 = 0.302969
Darkdrift uncertainty for readout-channel 3 = 0.303527
Darkdrift uncertainty for readout-channel 4 = 0.303308
Trimmed average of values in readout-channel 1 = 5.517505
Trimmed average of values in readout-channel 2 = 5.352274
Trimmed average of values in readout-channel 3 = 5.889638
Trimmed average of values in readout-channel 4 = 5.745937
Darkdrift background term = 5.626338
...for data plane = 36
Darkdrift correction for readout-channel 1 = -0.399279
Darkdrift correction for readout-channel 2 = -0.045452
Darkdrift correction for readout-channel 3 = -0.095713
Darkdrift correction for readout-channel 4 = 0.540444
Darkdrift uncertainty for readout-channel 1 = 0.302980
Darkdrift uncertainty for readout-channel 2 = 0.303790
Darkdrift uncertainty for readout-channel 3 = 0.303002
Darkdrift uncertainty for readout-channel 4 = 0.303647
Trimmed average of values in readout-channel 1 = 5.535799
Trimmed average of values in readout-channel 2 = 5.889625
Trimmed average of values in readout-channel 3 = 5.839365
Trimmed average of values in readout-channel 4 = 6.475521
Darkdrift background term = 5.935077
...for data plane = 37
Darkdrift correction for readout-channel 1 = 0.204010
Darkdrift correction for readout-channel 2 = 0.295601
Darkdrift correction for readout-channel 3 = -0.326156
Darkdrift correction for readout-channel 4 = -0.173455
Darkdrift uncertainty for readout-channel 1 = 0.303108
Darkdrift uncertainty for readout-channel 2 = 0.302970
Darkdrift uncertainty for readout-channel 3 = 0.302990
Darkdrift uncertainty for readout-channel 4 = 0.303048
Trimmed average of values in readout-channel 1 = 5.748233
Trimmed average of values in readout-channel 2 = 5.839824
Trimmed average of values in readout-channel 3 = 5.218067
Trimmed average of values in readout-channel 4 = 5.370768
Darkdrift background term = 5.544223
...for data plane = 38
Darkdrift correction for readout-channel 1 = 0.114534
Darkdrift correction for readout-channel 2 = -0.387005
Darkdrift correction for readout-channel 3 = 0.181484
Darkdrift correction for readout-channel 4 = 0.090987
Darkdrift uncertainty for readout-channel 1 = 0.303099
Darkdrift uncertainty for readout-channel 2 = 0.302427
Darkdrift uncertainty for readout-channel 3 = 0.302979
Darkdrift uncertainty for readout-channel 4 = 0.303063
Trimmed average of values in readout-channel 1 = 6.037741
Trimmed average of values in readout-channel 2 = 5.536202
Trimmed average of values in readout-channel 3 = 6.104690
Trimmed average of values in readout-channel 4 = 6.014193
Darkdrift background term = 5.923207
...for data plane = 39
Darkdrift correction for readout-channel 1 = 0.014502
Darkdrift correction for readout-channel 2 = -0.167748
Darkdrift correction for readout-channel 3 = -0.040239
Darkdrift correction for readout-channel 4 = 0.193485
Darkdrift uncertainty for readout-channel 1 = 0.303223
Darkdrift uncertainty for readout-channel 2 = 0.303249
Darkdrift uncertainty for readout-channel 3 = 0.302671
Darkdrift uncertainty for readout-channel 4 = 0.303875
Trimmed average of values in readout-channel 1 = 5.841762
Trimmed average of values in readout-channel 2 = 5.659512
Trimmed average of values in readout-channel 3 = 5.787022
Trimmed average of values in readout-channel 4 = 6.020745
Darkdrift background term = 5.827260
...for data plane = 40
Darkdrift correction for readout-channel 1 = 0.199343
Darkdrift correction for readout-channel 2 = -0.109422
Darkdrift correction for readout-channel 3 = -0.064625
Darkdrift correction for readout-channel 4 = -0.025296
Darkdrift uncertainty for readout-channel 1 = 0.302947
Darkdrift uncertainty for readout-channel 2 = 0.302977
Darkdrift uncertainty for readout-channel 3 = 0.303056
Darkdrift uncertainty for readout-channel 4 = 0.302966
Trimmed average of values in readout-channel 1 = 5.665120
Trimmed average of values in readout-channel 2 = 5.356355
Trimmed average of values in readout-channel 3 = 5.401152
Trimmed average of values in readout-channel 4 = 5.440481
Darkdrift background term = 5.465777
...for data plane = 41
Darkdrift correction for readout-channel 1 = -0.208017
Darkdrift correction for readout-channel 2 = -0.460650
Darkdrift correction for readout-channel 3 = 0.155751
Darkdrift correction for readout-channel 4 = 0.512916
Darkdrift uncertainty for readout-channel 1 = 0.303361
Darkdrift uncertainty for readout-channel 2 = 0.302690
Darkdrift uncertainty for readout-channel 3 = 0.378152
Darkdrift uncertainty for readout-channel 4 = 0.303468
Trimmed average of values in readout-channel 1 = 5.452583
Trimmed average of values in readout-channel 2 = 5.199949
Trimmed average of values in readout-channel 3 = 5.816350
Trimmed average of values in readout-channel 4 = 6.173516
Darkdrift background term = 5.660600
...for data plane = 42
Darkdrift correction for readout-channel 1 = -0.498515
Darkdrift correction for readout-channel 2 = -0.023515
Darkdrift correction for readout-channel 3 = 0.109973
Darkdrift correction for readout-channel 4 = 0.412057
Darkdrift uncertainty for readout-channel 1 = 0.302971
Darkdrift uncertainty for readout-channel 2 = 0.303247
Darkdrift uncertainty for readout-channel 3 = 0.302980
Darkdrift uncertainty for readout-channel 4 = 0.303407
Trimmed average of values in readout-channel 1 = 5.069566
Trimmed average of values in readout-channel 2 = 5.544567
Trimmed average of values in readout-channel 3 = 5.678055
Trimmed average of values in readout-channel 4 = 5.980139
Darkdrift background term = 5.568082
...for data plane = 43
Darkdrift correction for readout-channel 1 = -0.029535
Darkdrift correction for readout-channel 2 = -0.190428
Darkdrift correction for readout-channel 3 = 0.068434
Darkdrift correction for readout-channel 4 = 0.151529
Darkdrift uncertainty for readout-channel 1 = 0.303229
Darkdrift uncertainty for readout-channel 2 = 0.302986
Darkdrift uncertainty for readout-channel 3 = 0.302964
Darkdrift uncertainty for readout-channel 4 = 0.302987
Trimmed average of values in readout-channel 1 = 5.886158
Trimmed average of values in readout-channel 2 = 5.725265
Trimmed average of values in readout-channel 3 = 5.984127
Trimmed average of values in readout-channel 4 = 6.067222
Darkdrift background term = 5.915693
...for data plane = 44
Darkdrift correction for readout-channel 1 = -0.203604
Darkdrift correction for readout-channel 2 = -0.288696
Darkdrift correction for readout-channel 3 = 0.237885
Darkdrift correction for readout-channel 4 = 0.254415
Darkdrift uncertainty for readout-channel 1 = 0.302972
Darkdrift uncertainty for readout-channel 2 = 0.233033
Darkdrift uncertainty for readout-channel 3 = 0.302992
Darkdrift uncertainty for readout-channel 4 = 0.303218
Trimmed average of values in readout-channel 1 = 5.448870
Trimmed average of values in readout-channel 2 = 5.363778
Trimmed average of values in readout-channel 3 = 5.890359
Trimmed average of values in readout-channel 4 = 5.906889
Darkdrift background term = 5.652474
...for data plane = 45
Darkdrift correction for readout-channel 1 = -0.050026
Darkdrift correction for readout-channel 2 = -0.196661
Darkdrift correction for readout-channel 3 = 0.200814
Darkdrift correction for readout-channel 4 = 0.045873
Darkdrift uncertainty for readout-channel 1 = 0.377924
Darkdrift uncertainty for readout-channel 2 = 0.304378
Darkdrift uncertainty for readout-channel 3 = 0.302978
Darkdrift uncertainty for readout-channel 4 = 0.302971
Trimmed average of values in readout-channel 1 = 5.125872
Trimmed average of values in readout-channel 2 = 4.979236
Trimmed average of values in readout-channel 3 = 5.376712
Trimmed average of values in readout-channel 4 = 5.221770
Darkdrift background term = 5.175897
...for data plane = 46
Darkdrift correction for readout-channel 1 = -0.083996
Darkdrift correction for readout-channel 2 = -0.310697
Darkdrift correction for readout-channel 3 = 0.390163
Darkdrift correction for readout-channel 4 = 0.004531
Darkdrift uncertainty for readout-channel 1 = 0.302978
Darkdrift uncertainty for readout-channel 2 = 0.303250
Darkdrift uncertainty for readout-channel 3 = 0.228449
Darkdrift uncertainty for readout-channel 4 = 0.303134
Trimmed average of values in readout-channel 1 = 5.608080
Trimmed average of values in readout-channel 2 = 5.381379
Trimmed average of values in readout-channel 3 = 6.082239
Trimmed average of values in readout-channel 4 = 5.696608
Darkdrift background term = 5.692077
...for data plane = 47
Darkdrift correction for readout-channel 1 = -0.077929
Darkdrift correction for readout-channel 2 = -0.755337
Darkdrift correction for readout-channel 3 = 0.240427
Darkdrift correction for readout-channel 4 = 0.592838
Darkdrift uncertainty for readout-channel 1 = 0.303466
Darkdrift uncertainty for readout-channel 2 = 0.303249
Darkdrift uncertainty for readout-channel 3 = 0.303299
Darkdrift uncertainty for readout-channel 4 = 0.303003
Trimmed average of values in readout-channel 1 = 5.667927
Trimmed average of values in readout-channel 2 = 4.990519
Trimmed average of values in readout-channel 3 = 5.986283
Trimmed average of values in readout-channel 4 = 6.338694
Darkdrift background term = 5.745856
...for data plane = 48
Darkdrift correction for readout-channel 1 = 0.169199
Darkdrift correction for readout-channel 2 = 0.057459
Darkdrift correction for readout-channel 3 = -0.182803
Darkdrift correction for readout-channel 4 = -0.043855
Darkdrift uncertainty for readout-channel 1 = 0.302970
Darkdrift uncertainty for readout-channel 2 = 0.302454
Darkdrift uncertainty for readout-channel 3 = 0.302812
Darkdrift uncertainty for readout-channel 4 = 0.302992
Trimmed average of values in readout-channel 1 = 5.891473
Trimmed average of values in readout-channel 2 = 5.779734
Trimmed average of values in readout-channel 3 = 5.539471
Trimmed average of values in readout-channel 4 = 5.678419
Darkdrift background term = 5.722274
...for data plane = 49
Darkdrift correction for readout-channel 1 = 0.059584
Darkdrift correction for readout-channel 2 = 0.124138
Darkdrift correction for readout-channel 3 = -0.438295
Darkdrift correction for readout-channel 4 = 0.254572
Darkdrift uncertainty for readout-channel 1 = 0.302702
Darkdrift uncertainty for readout-channel 2 = 0.302143
Darkdrift uncertainty for readout-channel 3 = 0.301905
Darkdrift uncertainty for readout-channel 4 = 0.303382
Trimmed average of values in readout-channel 1 = 5.642529
Trimmed average of values in readout-channel 2 = 5.707083
Trimmed average of values in readout-channel 3 = 5.144650
Trimmed average of values in readout-channel 4 = 5.837517
Darkdrift background term = 5.582945
...for data plane = 50
Darkdrift correction for readout-channel 1 = -0.206433
Darkdrift correction for readout-channel 2 = -0.316334
Darkdrift correction for readout-channel 3 = 0.442067
Darkdrift correction for readout-channel 4 = 0.080699
Darkdrift uncertainty for readout-channel 1 = 0.302981
Darkdrift uncertainty for readout-channel 2 = 0.302986
Darkdrift uncertainty for readout-channel 3 = 0.303215
Darkdrift uncertainty for readout-channel 4 = 0.303315
Trimmed average of values in readout-channel 1 = 5.404849
Trimmed average of values in readout-channel 2 = 5.294947
Trimmed average of values in readout-channel 3 = 6.053349
Trimmed average of values in readout-channel 4 = 5.691981
Darkdrift background term = 5.611281
...for data plane = 51
Darkdrift correction for readout-channel 1 = 0.074321
Darkdrift correction for readout-channel 2 = -0.448645
Darkdrift correction for readout-channel 3 = 0.097233
Darkdrift correction for readout-channel 4 = 0.277091
Darkdrift uncertainty for readout-channel 1 = 0.302966
Darkdrift uncertainty for readout-channel 2 = 0.303244
Darkdrift uncertainty for readout-channel 3 = 0.302979
Darkdrift uncertainty for readout-channel 4 = 0.302808
Trimmed average of values in readout-channel 1 = 5.432061
Trimmed average of values in readout-channel 2 = 4.909096
Trimmed average of values in readout-channel 3 = 5.454973
Trimmed average of values in readout-channel 4 = 5.634831
Darkdrift background term = 5.357740
...for data plane = 52
Darkdrift correction for readout-channel 1 = 0.439081
Darkdrift correction for readout-channel 2 = -0.594030
Darkdrift correction for readout-channel 3 = -0.284176
Darkdrift correction for readout-channel 4 = 0.439125
Darkdrift uncertainty for readout-channel 1 = 0.302704
Darkdrift uncertainty for readout-channel 2 = 0.302145
Darkdrift uncertainty for readout-channel 3 = 0.303045
Darkdrift uncertainty for readout-channel 4 = 0.303048
Trimmed average of values in readout-channel 1 = 5.753902
Trimmed average of values in readout-channel 2 = 4.720791
Trimmed average of values in readout-channel 3 = 5.030645
Trimmed average of values in readout-channel 4 = 5.753946
Darkdrift background term = 5.314821
...for data plane = 53
Darkdrift correction for readout-channel 1 = 0.045823
Darkdrift correction for readout-channel 2 = -0.577872
Darkdrift correction for readout-channel 3 = 0.270744
Darkdrift correction for readout-channel 4 = 0.261305
Darkdrift uncertainty for readout-channel 1 = 0.303741
Darkdrift uncertainty for readout-channel 2 = 0.299108
Darkdrift uncertainty for readout-channel 3 = 0.302971
Darkdrift uncertainty for readout-channel 4 = 0.302993
Trimmed average of values in readout-channel 1 = 5.763854
Trimmed average of values in readout-channel 2 = 5.140159
Trimmed average of values in readout-channel 3 = 5.988775
Trimmed average of values in readout-channel 4 = 5.979336
Darkdrift background term = 5.718031
...for data plane = 54
Darkdrift correction for readout-channel 1 = 0.274857
Darkdrift correction for readout-channel 2 = -0.073933
Darkdrift correction for readout-channel 3 = 0.045447
Darkdrift correction for readout-channel 4 = -0.246370
Darkdrift uncertainty for readout-channel 1 = 0.302971
Darkdrift uncertainty for readout-channel 2 = 0.302959
Darkdrift uncertainty for readout-channel 3 = 0.302970
Darkdrift uncertainty for readout-channel 4 = 0.303065
Trimmed average of values in readout-channel 1 = 6.119747
Trimmed average of values in readout-channel 2 = 5.770956
Trimmed average of values in readout-channel 3 = 5.890336
Trimmed average of values in readout-channel 4 = 5.598519
Darkdrift background term = 5.844889
...for data plane = 55
Darkdrift correction for readout-channel 1 = 0.132638
Darkdrift correction for readout-channel 2 = -0.241500
Darkdrift correction for readout-channel 3 = 0.249655
Darkdrift correction for readout-channel 4 = -0.140794
Darkdrift uncertainty for readout-channel 1 = 0.302980
Darkdrift uncertainty for readout-channel 2 = 0.229988
Darkdrift uncertainty for readout-channel 3 = 0.303042
Darkdrift uncertainty for readout-channel 4 = 0.303062
Trimmed average of values in readout-channel 1 = 5.440318
Trimmed average of values in readout-channel 2 = 5.066180
Trimmed average of values in readout-channel 3 = 5.557335
Trimmed average of values in readout-channel 4 = 5.166886
Darkdrift background term = 5.307680
...for data plane = 56
Darkdrift correction for readout-channel 1 = 0.082828
Darkdrift correction for readout-channel 2 = -0.149052
Darkdrift correction for readout-channel 3 = -0.078116
Darkdrift correction for readout-channel 4 = 0.144339
Darkdrift uncertainty for readout-channel 1 = 0.377966
Darkdrift uncertainty for readout-channel 2 = 0.303797
Darkdrift uncertainty for readout-channel 3 = 0.378724
Darkdrift uncertainty for readout-channel 4 = 0.303303
Trimmed average of values in readout-channel 1 = 5.883742
Trimmed average of values in readout-channel 2 = 5.651862
Trimmed average of values in readout-channel 3 = 5.722798
Trimmed average of values in readout-channel 4 = 5.945253
Darkdrift background term = 5.800914
...for data plane = 57
Darkdrift correction for readout-channel 1 = 0.253178
Darkdrift correction for readout-channel 2 = 0.026646
Darkdrift correction for readout-channel 3 = -0.370613
Darkdrift correction for readout-channel 4 = 0.090788
Darkdrift uncertainty for readout-channel 1 = 0.303095
Darkdrift uncertainty for readout-channel 2 = 0.302699
Darkdrift uncertainty for readout-channel 3 = 0.377757
Darkdrift uncertainty for readout-channel 4 = 0.302997
Trimmed average of values in readout-channel 1 = 5.636595
Trimmed average of values in readout-channel 2 = 5.410063
Trimmed average of values in readout-channel 3 = 5.012804
Trimmed average of values in readout-channel 4 = 5.474205
Darkdrift background term = 5.383417
...for data plane = 58
Darkdrift correction for readout-channel 1 = 0.161610
Darkdrift correction for readout-channel 2 = -0.444316
Darkdrift correction for readout-channel 3 = -0.084167
Darkdrift correction for readout-channel 4 = 0.366873
Darkdrift uncertainty for readout-channel 1 = 0.303585
Darkdrift uncertainty for readout-channel 2 = 0.303248
Darkdrift uncertainty for readout-channel 3 = 0.303057
Darkdrift uncertainty for readout-channel 4 = 0.302979
Trimmed average of values in readout-channel 1 = 0.974681
Trimmed average of values in readout-channel 2 = 0.368756
Trimmed average of values in readout-channel 3 = 0.728904
Trimmed average of values in readout-channel 4 = 1.179945
Darkdrift background term = 0.813072
...for data plane = 59
Darkdrift correction for readout-channel 1 = -0.079493
Darkdrift correction for readout-channel 2 = 0.054723
Darkdrift correction for readout-channel 3 = 0.203554
Darkdrift correction for readout-channel 4 = -0.178783
Darkdrift uncertainty for readout-channel 1 = 0.377303
Darkdrift uncertainty for readout-channel 2 = 0.303534
Darkdrift uncertainty for readout-channel 3 = 0.303059
Darkdrift uncertainty for readout-channel 4 = 0.302300
Trimmed average of values in readout-channel 1 = 5.310565
Trimmed average of values in readout-channel 2 = 5.444781
Trimmed average of values in readout-channel 3 = 5.593612
Trimmed average of values in readout-channel 4 = 5.211275
Darkdrift background term = 5.390058
...for data plane = 60
Darkdrift correction for readout-channel 1 = -0.023289
Darkdrift correction for readout-channel 2 = 0.001086
Darkdrift correction for readout-channel 3 = -0.016074
Darkdrift correction for readout-channel 4 = 0.038277
Darkdrift uncertainty for readout-channel 1 = 0.302838
Darkdrift uncertainty for readout-channel 2 = 0.301859
Darkdrift uncertainty for readout-channel 3 = 0.303381
Darkdrift uncertainty for readout-channel 4 = 0.303459
Trimmed average of values in readout-channel 1 = 5.704274
Trimmed average of values in readout-channel 2 = 5.728649
Trimmed average of values in readout-channel 3 = 5.711489
Trimmed average of values in readout-channel 4 = 5.765840
Darkdrift background term = 5.727563
...for data plane = 61
Darkdrift correction for readout-channel 1 = 0.256110
Darkdrift correction for readout-channel 2 = -0.560633
Darkdrift correction for readout-channel 3 = -0.373687
Darkdrift correction for readout-channel 4 = 0.678210
Darkdrift uncertainty for readout-channel 1 = 0.303224
Darkdrift uncertainty for readout-channel 2 = 0.303804
Darkdrift uncertainty for readout-channel 3 = 0.265098
Darkdrift uncertainty for readout-channel 4 = 0.303212
Trimmed average of values in readout-channel 1 = 5.867769
Trimmed average of values in readout-channel 2 = 5.051026
Trimmed average of values in readout-channel 3 = 5.237973
Trimmed average of values in readout-channel 4 = 6.289869
Darkdrift background term = 5.611659
...for data plane = 62
Darkdrift correction for readout-channel 1 = 0.175581
Darkdrift correction for readout-channel 2 = 0.003358
Darkdrift correction for readout-channel 3 = 0.137800
Darkdrift correction for readout-channel 4 = -0.316739
Darkdrift uncertainty for readout-channel 1 = 0.302988
Darkdrift uncertainty for readout-channel 2 = 0.302992
Darkdrift uncertainty for readout-channel 3 = 0.303075
Darkdrift uncertainty for readout-channel 4 = 0.303154
Trimmed average of values in readout-channel 1 = 5.798584
Trimmed average of values in readout-channel 2 = 5.626361
Trimmed average of values in readout-channel 3 = 5.760804
Trimmed average of values in readout-channel 4 = 5.306265
Darkdrift background term = 5.623004
...for data plane = 63
Darkdrift correction for readout-channel 1 = 0.189037
Darkdrift correction for readout-channel 2 = -0.131376
Darkdrift correction for readout-channel 3 = 0.035954
Darkdrift correction for readout-channel 4 = -0.093615
Darkdrift uncertainty for readout-channel 1 = 0.303499
Darkdrift uncertainty for readout-channel 2 = 0.303006
Darkdrift uncertainty for readout-channel 3 = 0.303132
Darkdrift uncertainty for readout-channel 4 = 0.303141
Trimmed average of values in readout-channel 1 = 6.027737
Trimmed average of values in readout-channel 2 = 5.707323
Trimmed average of values in readout-channel 3 = 5.874653
Trimmed average of values in readout-channel 4 = 5.745084
Darkdrift background term = 5.838699
...for data plane = 64
Darkdrift correction for readout-channel 1 = 0.467285
Darkdrift correction for readout-channel 2 = -0.569651
Darkdrift correction for readout-channel 3 = -0.177711
Darkdrift correction for readout-channel 4 = 0.280078
Darkdrift uncertainty for readout-channel 1 = 0.303383
Darkdrift uncertainty for readout-channel 2 = 0.303812
Darkdrift uncertainty for readout-channel 3 = 0.303127
Darkdrift uncertainty for readout-channel 4 = 0.302810
Trimmed average of values in readout-channel 1 = 5.966436
Trimmed average of values in readout-channel 2 = 4.929500
Trimmed average of values in readout-channel 3 = 5.321439
Trimmed average of values in readout-channel 4 = 5.779228
Darkdrift background term = 5.499151

Program darkdrift: Status Message: 0x0000
Normal exit from Function 0x0000: LOG_WRITER
darkdrift Warning: NaN's were produced in the results.
A total of     2013   NaN's were produced in the results.
Processing time: 11.490000 seconds
Current date/time: Sat Jan  9 14:59:24 2016
Program darkdrift, version 4.1, terminated.

darkdrift   exit_value =   0    execution_time = 11.580s
******************************************************************
Pipeline executing flatap
flatap -i darkdrift.fits -p cal/pmask.fits -f cal/skyflat.fits -ui sig_darkdrift.fits -uo sig_flatap.fits -d dmask.fits -o flatap.fits -c cal/skyflat_cmask.fits 
******************************************************************
Pipeline Module FLATAP Version 1.5
Processing time Sat Jan  9 14:59:24 2016

flatap_parse_namelist: Information only: Namelist not specified.
Sat Jan  9 14:59:24 2016
flatap_log_writer: Could not open Log File, using stdout
Flatap Version 1.5
Namelist File  = 
Input DCE = darkdrift.fits
Output DCE = !flatap.fits
Flatfield = cal/skyflat.fits
Input Uncertainty = sig_darkdrift.fits
Output Uncertainty = !sig_flatap.fits
Pmask File = cal/pmask.fits
Pmask Mask = 128
Dmask File = dmask.fits
Dmask Mask = 16384
Cmask File = cal/skyflat_cmask.fits
Cmask Mask = 256
Trans CAL File = 
Trans CAL CMask File = 
Processing Log File = 
Time =    0.17 seconds
*********************

Time = 0.170 seconds
exit code 0

flatap   exit_value =   0    execution_time = 0.250s
******************************************************************
Pipeline executing imfliprot
imfliprot -i flatap.fits -n cdf/pn107.nl -a /sos/sw/S19.2.0/STUDIO/downlink/include -o imfliprot.fits 
******************************************************************

imfliprot_log_writer: Printing Log output to stdout

Program imfliprot, Version 1.0
Namelist File  = cdf/pn107.nl
Input File = flatap.fits
Output File = imfliprot.fits
Image has been flipped
Image Rotation (degrees)  = 180
Ancillary Data-File Path = /sos/sw/S19.2.0/STUDIO/downlink/include
Verbose flag = 0
Debug flag = 0
imfliprot Status Message      0x0000: Normal exit from Function 0x0000: LOG_WRITER
Processing time: 0.190000 seconds
Current date/time: Sat Jan  9 14:59:25 2016
Program imfliprot, version 1.0, terminated.


imfliprot   exit_value =   0    execution_time = 0.240s
******************************************************************
Pipeline executing imfliprot
imfliprot -i sig_flatap.fits -n cdf/pn107.nl -a /sos/sw/S19.2.0/STUDIO/downlink/include -o sig_imfliprot.fits 
******************************************************************

imfliprot_log_writer: Printing Log output to stdout

Program imfliprot, Version 1.0
Namelist File  = cdf/pn107.nl
Input File = sig_flatap.fits
Output File = sig_imfliprot.fits
Image has been flipped
Image Rotation (degrees)  = 180
Ancillary Data-File Path = /sos/sw/S19.2.0/STUDIO/downlink/include
Verbose flag = 0
Debug flag = 0
imfliprot Status Message      0x0000: Normal exit from Function 0x0000: LOG_WRITER
Processing time: 0.190000 seconds
Current date/time: Sat Jan  9 14:59:26 2016
Program imfliprot, version 1.0, terminated.


imfliprot   exit_value =   0    execution_time = 0.250s
******************************************************************
Pipeline executing imfliprot
imfliprot -i dmask.fits -n cdf/pn107.nl -a /sos/sw/S19.2.0/STUDIO/downlink/include -o temp_dmask.fits 
******************************************************************

imfliprot_log_writer: Printing Log output to stdout

Program imfliprot, Version 1.0
Namelist File  = cdf/pn107.nl
Input File = dmask.fits
Output File = temp_dmask.fits
Image has been flipped
Image Rotation (degrees)  = 180
Ancillary Data-File Path = /sos/sw/S19.2.0/STUDIO/downlink/include
Verbose flag = 0
Debug flag = 0
imfliprot Status Message      0x0000: Normal exit from Function 0x0000: LOG_WRITER
Processing time: 0.050000 seconds
Current date/time: Sat Jan  9 14:59:27 2016
Program imfliprot, version 1.0, terminated.


imfliprot   exit_value =   0    execution_time = 0.090s
******************************************************************
Pipeline executing imfliprot
imfliprot -i fowlinearize.fits -n cdf/pn107.nl -a /sos/sw/S19.2.0/STUDIO/downlink/include -o temp_fowlinearize.fits 
******************************************************************

imfliprot_log_writer: Printing Log output to stdout

Program imfliprot, Version 1.0
Namelist File  = cdf/pn107.nl
Input File = fowlinearize.fits
Output File = temp_fowlinearize.fits
Image has been flipped
Image Rotation (degrees)  = 180
Ancillary Data-File Path = /sos/sw/S19.2.0/STUDIO/downlink/include
Verbose flag = 0
Debug flag = 0
imfliprot Status Message      0x0000: Normal exit from Function 0x0000: LOG_WRITER
Processing time: 0.090000 seconds
Current date/time: Sat Jan  9 14:59:27 2016
Program imfliprot, version 1.0, terminated.


imfliprot   exit_value =   0    execution_time = 0.130s
******************************************************************
Pipeline executing imfliprot
imfliprot -i sig_fowlinearize.fits -n cdf/pn107.nl -a /sos/sw/S19.2.0/STUDIO/downlink/include -o temp_sig_fowlinearize.fits 
******************************************************************

imfliprot_log_writer: Printing Log output to stdout

Program imfliprot, Version 1.0
Namelist File  = cdf/pn107.nl
Input File = sig_fowlinearize.fits
Output File = temp_sig_fowlinearize.fits
Image has been flipped
Image Rotation (degrees)  = 180
Ancillary Data-File Path = /sos/sw/S19.2.0/STUDIO/downlink/include
Verbose flag = 0
Debug flag = 0
imfliprot Status Message      0x0000: Normal exit from Function 0x0000: LOG_WRITER
Processing time: 0.090000 seconds
Current date/time: Sat Jan  9 14:59:28 2016
Program imfliprot, version 1.0, terminated.


imfliprot   exit_value =   0    execution_time = 0.140s
******************************************************************
Pipeline executing dntoflux
dntoflux -i imfliprot.fits -iu sig_imfliprot.fits -n cdf/pn107.nl -co 0 -c 0.1447 -u 0.0000 -a /sos/sw/S19.2.0/STUDIO/downlink/include -o1 dntoflux.fits -ou sig_dntoflux.fits -t 1 
******************************************************************

Program dntoflux, Version 4.2
Namelist File  = cdf/pn107.nl
Input Image = imfliprot.fits
Output File 1 = dntoflux.fits
Output Uncertainty Image = sig_dntoflux.fits
Operation flag = 0
Conversion factor = 0.144700
Input Uncertainty Image = sig_imfliprot.fits
Conversion-factor uncertainty = 0.000000
Output BUNIT setting = MJy/sr
Normalize-by-EXPTIME Flag = 1
EXPTIME = 1.920000
Data-Plane Flag = 1
Ancillary Data-File Path = /sos/sw/S19.2.0/STUDIO/downlink/include
Verbose flag = 0
Super-verbose flag = 0
Debug flag = 0
Terminating data-units-conversion program.
dntoflux Status Message: 0x0000
Normal exit from Function 0x0000: LOG_WRITER
dntoflux Probs Warning: NaN's were produced in the results.
A total of     4026   NaN's were produced in the results.
Processing time: 0.450000 seconds
Current date/time: Sat Jan  9 14:59:29 2016
Program dntoflux, version 4.2, terminated.

dntoflux   exit_value =   0    execution_time = 0.590s
******************************************************************
Pipeline executing qatool
qatool -i dntoflux.fits -n cdf/pn107.nl -nb QATOOLBCD -a /sos/sw/S19.2.0/STUDIO/downlink/include -o qa/BCD_qatool 
******************************************************************
qatool_parse_namelist: Information only: Namelist block-name = &QATOOLBCD
Program qatool, Version 6.0
Namelist File  = cdf/pn107.nl
Input File = dntoflux.fits
Output Data Filename Base = qa/BCD_qatool
Statistics Group = 0
Percent-Scaling Flag = 0
Calculation Type = 1
(set-up to do additional computations for four readout channels)
Number of Mean Absolute Deviations for Histogram Half-Width Coverage = 5
Number of Bins in Histograms = 41
Central fraction for trimmed average = 0.810000
Central fraction for trimmed std. dev. = 0.720000
Bad-pixel tolerance fraction = 0.900000
Statistics Box X position = 3
Statistics Box Y position = 4
Statistics Box X width = 20
Statistics Box Y height = 23
Input-Image Transpose Flag = 1
Unsigned Integer Flag = 0
Data-Plane Flag = 1
Number Edge Rows/Cols Skipped = 2
Keyword Prefix = bcd
Ancillary Data-File Path = /sos/sw/S19.2.0/STUDIO/downlink/include
Verbose flag = 0
Super-verbose flag = 0
Debug flag = 0
Performed statistical and histogram calculations.
Program qatool: Status Message: 0x0000
Normal exit from Function 0x0000: LOG_WRITER
Processing time: 1.240000 seconds
Current date/time: Sat Jan  9 14:59:31 2016
Program qatool, version 6.0, terminated.

qatool   exit_value =   0    execution_time = 1.340s
******************************************************************
Pipeline executing chkmask
chkmask dmask.fits -q qa/BCD_qatool.qa 
******************************************************************
 chkmask vsn 1.35 A40312
 
 No. of occurrences of the   3 status combinations:
   2267 occurrences of   256 (8)                                 
   2 occurrences of   272 (4,8)                               
   5 occurrences of   16 (4)                                 
 
 Status Bit: No. of Pixels
   0:   0
   1:   0
   2:   0
   3:   0
   4:   7
   5:   0
   6:   0
   7:   0
   8:   2269
   9:   0
   10:   0
   11:   0
   12:   0
   13:   0
   14:   0
 

chkmask   exit_value =   0    execution_time = 0.420s
******************************************************************
Loading QA information for DCE and BCD product
Keyword APDUV1E not found in header
Keyword APDUV2E not found in header
Keyword APDUV3E not found in header
Keyword APDUI1E not found in header
Keyword APDUI2E not found in header
Keyword APDUI3E not found in header
Could not append keyword APDUV1E to QA file qa/DCE_qatool.qa
Could not append keyword APDUV2E to QA file qa/DCE_qatool.qa
Could not append keyword APDUV3E to QA file qa/DCE_qatool.qa
Could not append keyword APDUI1E to QA file qa/DCE_qatool.qa
Could not append keyword APDUI2E to QA file qa/DCE_qatool.qa
Could not append keyword APDUI3E to QA file qa/DCE_qatool.qa
******************************************************************
Pipeline executing qaloader
qaloader -i qa/DCE_qatool.qa -tablename qa_iracdce -o qa/qaloader.sql -role pipelineswrole 
******************************************************************
2016/01/09 14:59:36 BEGIN qaloader v1.13
 -i (QA_FILE) qa/DCE_qatool.qa
 -tablename (TABLENAME) qa_iracdce
 -o (SQL_FILE) qa/qaloader.sql
 -role (ROLE) pipelineswrole
Using metadata version 13.0b
table name=qa_iracdce

QA values ingested:
{-4.637507e+01} {}
dceAveFI_1       -4.637507e+01 
{-4.948837e+01} {}
dceAveR1_1       -4.948837e+01 
{-2.938373e+01} {}
dceAveR2_1       -2.938373e+01 
{-3.319283e+01} {}
dceAveR3_1       -3.319283e+01 
{-7.343536e+01} {}
dceAveR4_1       -7.343536e+01 
{-2.200000e+01} {-4.948837e+01}
dceMedFI_1       -2.200000e+01 
{3.097609e+02} {}
dceSdevFI_1      3.097609e+02 
{4.770400e+00} {}
dceDSclFI_1      4.770400e+00 
{-8.925000e+03} {}
dceMinFI_1       -8.925000e+03 
{7.000000e+00} {}
dceMaxFI_1       7.000000e+00 
{147809453} {}
DCEID            147809453 
{2} {-4.637507e+01}
CHNLNUM          2 
{0} {}
ADCEID           0 
{8} {}
AFOWLNUM         8 
{184} {}
AWAITPER         184 
{0} {}
AWEASIDE         0 
{1} {}
AREADMOD         1 
{27.699513} {}
AFPAT1B          27.699513 
{28.671007} {}
AFPAT2B          28.671007 
{0} {}
APEDSIG          0 
{0} {}
ATXSTAT          0 
{0} {}
AFLSTAT          0 
{4} {}
ASHSTAT          4 
{-3.5585} {}
AVRSTBEG         -3.5585 
{-3.0562209} {}
AVDETBEG         -3.0562209 
{-3.618536} {}
AVGG1BEG         -3.618536 
{-3.550644} {}
AVDDUBEG         -3.550644 
{0} {}
AVGGCBEG         0 
{21.626487} {}
ACTENDT          21.626487 
{19.796908} {}
AFPECTE          19.796908 
{23.174509} {}
AFPEATE          23.174509 
{24.095434} {}
ATCTEMPE         24.095434 
{21.596006} {}
ACETEMPE         21.596006 
{21.565525} {}
APDTEMPE         21.565525 
{27.757336} {}
ACATMP2E         27.757336 
2016/01/09 14:59:36 END   qaloader status=0

qaloader   exit_value =   0    execution_time = 0.090s
******************************************************************
Pipeline executing qaloader
qaloader -i qa/BCD_qatool.qa -tablename qa_iracdp -o qa/qaloader.sql 
******************************************************************
2016/01/09 14:59:36 BEGIN qaloader v1.13
 -i (QA_FILE) qa/BCD_qatool.qa
 -tablename (TABLENAME) qa_iracdp
 -o (SQL_FILE) qa/qaloader.sql
Using metadata version 13.0b
table name=qa_iracdp

QA values ingested:
{2.516375e+00} {}
bcdAveFI_1       2.516375e+00 
{4.006277e+00} {}
bcdAveUB_1       4.006277e+00 
{5.397007e-01} {}
bcdMedFI_1       5.397007e-01 
{6.642255e-01} {}
bcdMedUB_1       6.642255e-01 
{2.649223e+01} {}
bcdSdevFI_1      2.649223e+01 
{3.452202e+01} {}
bcdSdevUB_1      3.452202e+01 
{4.423391e-01} {}
bcdDSclFI_1      4.423391e-01 
{5.188096e-01} {}
bcdDSclUB_1      5.188096e-01 
{-1.326886e+00} {}
bcdMinFI_1       -1.326886e+00 
{-3.574613e-01} {}
bcdMinUB_1       -3.574613e-01 
{7.073992e+02} {}
bcdMaxFI_1       7.073992e+02 
{7.073992e+02} {}
bcdMaxUB_1       7.073992e+02 
{5.273193e-01} {}
bcdC68lFI_1      5.273193e-01 
{5.514775e-01} {}
bcdC68uFI_1      5.514775e-01 
{391693322} {}
DPID             391693322 
{2} {2.516375e+00}
CHNLNUM          2 
2016/01/09 14:59:36 END   qaloader status=0

qaloader   exit_value =   0    execution_time = 0.150s
******************************************************************
Pipeline executing dbaccess
dbaccess -e sodb qa/qaloader.sql 
******************************************************************
set role pipelineswrole;
set lock mode to wait 30;
EXECUTE PROCEDURE addQA_iracdce (147809453, NULL, NULL, 2, -4.637507e+01, 
-2.200000e+01, -4.948837e+01, -2.938373e+01, -3.319283e+01, -7.343536e+01, 
3.097609e+02, 4.770400e+00, -8.925000e+03, 7.000000e+00, 0, 8, 184, 0, 1, 
27.699513, 28.671007, 0, 0, 0, 4, -3.5585, -3.0562209, -3.618536, -3.550644, 0, 
21.626487, 19.796908, 23.174509, 24.095434, 21.596006, 21.565525, 27.757336, 
NULL, NULL, NULL, NULL, NULL, NULL);
EXECUTE PROCEDURE addQA_iracdp (391693322, NULL, NULL, 2, 2.516375e+00, 
4.006277e+00, 5.397007e-01, 6.642255e-01, 2.649223e+01, 3.452202e+01, 
4.423391e-01, 5.188096e-01, -1.326886e+00, -3.574613e-01, 7.073992e+02, 
7.073992e+02, 5.273193e-01, 5.514775e-01, NULL, NULL, NULL, NULL, NULL, NULL);
execute procedure setDceTimeParameters (147809453, 1037042405.323, "2012-11-10 19:13:45.019", 1.92, 2.00);

dbaccess   exit_value =   0    execution_time = 0.150s
******************************************************************
Finishing IRAC science pipeline processing
Could not copy cal/firstframe_corr.fits to /sbx10/S19.2.0/archive/proc/full/IRAC033400/bcd/4568/0046471424/2/0031/0000/17/01/1/cal/firstframe_corr.fits
Could not copy imask.fits to /sbx10/S19.2.0/archive/proc/full/IRAC033400/bcd/4568/0046471424/2/0031/0000/17/01/1/imask.fits
Could not copy muxbleedcorr.fits to /sbx10/S19.2.0/archive/proc/full/IRAC033400/bcd/4568/0046471424/2/0031/0000/17/01/1/muxbleedcorr.fits
Could not copy slremove.fits to /sbx10/S19.2.0/archive/proc/full/IRAC033400/bcd/4568/0046471424/2/0031/0000/17/01/1/slremove.fits
******************************************************************
PlScriptID 17 exiting Saturday, January  9, 2016  2:59:45 PM PST
Host: sopipe61
Local Processing Directory: /scr2/S19.2.0/IRAC033400/bcd/4568/0046471424/2/0031/0000/17/01/1
Sandbox Directory: /sbx10/S19.2.0/archive/proc/full/IRAC033400/bcd/4568/0046471424/2/0031/0000/17/01/1
Processing time: total 30.04 s (user 0.95, system 1.23, child user 16.99, child system 10.87)
Pipeline exit code: Normal exit (0)
******************************************************************
