 hdrupd8 vsn 1.6  A70821
******************************************************************
Executing IRAC science pipeline
******************************************************************
Pipeline executing sanity_datatype
sanity_datatype -i ../fos16.fits -t1 cdf/sanity_datatype1.tbl -t2 cdf/sanity_datatype2.tbl -o1 qa/sanity_datatype1.tbl -o2 qa/sanity_datatype2.tbl 
******************************************************************
Program Sanity_datatype is started .... Version 1.0, Sat Jan  9 14:58:05 2016
Input Image File = ../fos16.fits
Input Data Table 1 = cdf/sanity_datatype1.tbl
Input Data Table 2 = cdf/sanity_datatype2.tbl
Output Filename1 = qa/sanity_datatype1.tbl
Output Filename2 = qa/sanity_datatype2.tbl
Log File = stdout
I_Debug = 0
I_Verbose = 0
I_SuperVerbose = 0
Processing time: 0.070000 seconds
Program Sanity_datatype is done. Version 1.0, Sat Jan  9 14:58:05 2016


sanity_datatype   exit_value =   0    execution_time = 0.380s
******************************************************************
Pipeline executing qatool
qatool -i ../fos16.fits -n cdf/pn107.nl -nb QATOOLDCE -a /sos/sw/S19.2.0/STUDIO/downlink/include -o qa/DCE_qatool 
******************************************************************
qatool_parse_namelist: Information only: Namelist block-name = &QATOOLDCE
Program qatool, Version 6.0
Namelist File  = cdf/pn107.nl
Input File = ../fos16.fits
Output Data Filename Base = qa/DCE_qatool
Statistics Group = 0
Percent-Scaling Flag = 0
Calculation Type = 1
(set-up to do additional computations for four readout channels)
Number of Mean Absolute Deviations for Histogram Half-Width Coverage = 5
Number of Bins in Histograms = 41
Central fraction for trimmed average = 0.810000
Central fraction for trimmed std. dev. = 0.720000
Bad-pixel tolerance fraction = 0.340000
Statistics Box X position = 3
Statistics Box Y position = 4
Statistics Box X width = 27
Statistics Box Y height = 33
Input-Image Transpose Flag = 1
Unsigned Integer Flag = 0
Data-Plane Flag = 1
Number Edge Rows/Cols Skipped = 10
Keyword Prefix = dce
Ancillary Data-File Path = /sos/sw/S19.2.0/STUDIO/downlink/include
Verbose flag = 0
Super-verbose flag = 0
Debug flag = 0
Performed statistical and histogram calculations.
Program qatool: Status Message: 0x0000
Normal exit from Function 0x0000: LOG_WRITER
Processing time: 0.740000 seconds
Current date/time: Sat Jan  9 14:58:06 2016
Program qatool, version 6.0, terminated.

qatool   exit_value =   0    execution_time = 0.840s
******************************************************************
Pipeline executing sanity_check
sanity_check -i qa/DCE_qatool.tbl -o qa/sanity_check.tbl 
******************************************************************
Program Sanity_check is started .... Version 1.0, Sat Jan  9 14:58:10 2016

Input File = qa/DCE_qatool.tbl
Output = qa/sanity_check.tbl
Processing time: 0.030000 seconds
Current date/time: Sat Jan  9 14:58:10 2016
Program Sanity_check, version 1.0, terminated.

sanity_check   exit_value =   0    execution_time = 0.350s
******************************************************************
Pipeline executing abad_repair
abad_repair -i ../fos16.fits -o abad_repair.fits 
******************************************************************
Pipeline Module ABAD_REPAIR Version 1.2
Processing time Sat Jan  9 14:58:10 2016

ABAD_READ_DATA: A0752D00 = 0
status from read: 1
npixs = 65536
enter output with 0
files ../fos16.fits !abad_repair.fits 
open output [!abad_repair.fits]
comment [Sat Jan  9 14:58:10 2016]
Time = 0.050 seconds
exit code 0

abad_repair   exit_value =   0    execution_time = 0.090s
******************************************************************
Pipeline executing tranhead
tranhead -i abad_repair.fits -n cdf/pn107.nl -k /scr/S19.2.0/cdf/ctd/telemetry_dictionary.dat -a /sos/sw/S19.2.0/STUDIO/downlink/include -o tranhead.fits -t, cdf/Keyword_Include_List.dat 
******************************************************************

Program tranhead, Version 13.2
Namelist File  = cdf/pn107.nl
Input File = abad_repair.fits
Dictionary File = /scr/S19.2.0/cdf/ctd/telemetry_dictionary.dat
CTD Version String = 3.0.94S
Keyword-Include-List File = cdf/Keyword_Include_List.dat
Translated-Keyword File = tranhead.hdr
CSPICE leapseconds kernel = /scr/S19.2.0/cdf/spice/leapseconds.ker
CSPICE SCLK_SCET kernel = /scr/S19.2.0/cdf/spice/sclk_scet.ker
CSPICE Spitzer Ephemeris = /scr/S19.2.0/cdf/spice/sirtf.bsp
CSPICE Planets Ephemeris = /scr/S19.2.0/cdf/spice/de.bsp
Output File = tranhead.fits
Operation Type = 1
FITS-Header Comment Flag = 1
SCLK correction factor = 1.000380
Ignore Frames (1st) = -1
Ignore Frames (2nd and higher) = -1
Central fraction for trimmed average  = 0.900000
Central fraction for trimmed std. dev. = 0.900000
Gain = 3.710000
Gain_RdOutCh_1 = 3.710000
Gain_RdOutCh_2 = 3.710000
Gain_RdOutCh_3 = 3.710000
Gain_RdOutCh_4 = 3.710000
Ancillary Data-File Path = /sos/sw/S19.2.0/STUDIO/downlink/include
Verbose flag = 0
Super-verbose flag = 0
Debug flag = 0
Configured to perform forward FITS keyword translation.
tranhead Status Message: 0x0000
Normal exit from Function 0x0000: LOG_WRITER
A total of        0   NaN's were produced in the results.
Processing time: 0.330000 seconds
Current date/time: Sat Jan  9 14:58:11 2016
Program tranhead, version 13.2, terminated.

tranhead   exit_value =   0    execution_time = 0.460s
 hdrupd8 vsn 1.6  A70821


LabDark

chan, frametime, hdy, extrpt = 2, 2.00, F, 233
expid  adceid  repidx  =  20,  0,  0 

SkyDarkaor template time = 2
hdy  repidx =  F  0
expid  ext-repeat  =  20  233

******************************************************************
Pipeline executing caltrans
caltrans -n cdf/pn107.nl -m 2 -a 7 -b /scr3/S19.2.0/dlcaldata/irac -s tranhead.fits -o cal -u SUB -jk1 CHNLNUM -jv1 2 -ja1 N -ju1 0 -js1 flip -jk2 CHNLNUM;AFOWLNUM;AWAITPER;FRAMTIME;HDRMODE -jv2 2;8;184;2.00;F -ja2 N;N;N;N;S -ju2 0;0;0;0;0 -js2 sigma;cmask -jk3 CHNLNUM;AFOWLNUM;AWAITPER;FRAMTIME;HDRMODE -jv3 2;8;184;2.00;F -ja3 N;N;N;N;S -ju3 0;0;0;0;0 -js3 cmask -jk4 CHNLNUM -jv4 2 -ja4 N -ju4 0 -js4 cmask -jk5 CHNLNUM -jv5 2 -ja5 N -ju5 0 -js5 cmask -jk6 CHNLNUM -jv6 2 -ja6 N -ju6 0 -jk7 CHNLNUM;AFOWLNUM;AWAITPER -jv7 2;8;184 -ja7 N;N;N -ju7 0;0;0 -jk8 CHNLNUM;AFOWLNUM;AWAITPER -jv8 2;8;184 -ja8 N;N;N -ju8 0;0;0 -e CALTRANSsciSUB 
******************************************************************

Online Namelist file descriptor associated
Online namelist buffer loaded: length = 7422

Warning !:  Ancillary file #1  with full suffix filename  '/sos/archive/fallbacks/IRAC004600/SUB_2s_2sf8d1r1_ch2_v2.0.0_dark_sigma.fits'  NOT in archive/sandbox !!.
Proceed to the next suffix fileprocessing .....

Warning !:  Ancillary file #2  with full suffix filename  '/sos/archive/fallbacks/IRAC004600/SUB_2s_2sf8d1r1_ch2_v2.0.0_dark_cmask.fits'  NOT in archive/sandbox !!.
Proceed to the next suffix fileprocessing .....

Warning !:  Ancillary-suffix file #1: '/scr3/S19.2.0/dlcaldata/irac/fb1502_SUB_2s_2sf8d1r1_ch2_v2.0.0_dark_sigma.fits'  could NOT be identified on cache.
Processing continues ..... 


Warning !:  Ancillary-suffix file #2: '/scr3/S19.2.0/dlcaldata/irac/fb1502_SUB_2s_2sf8d1r1_ch2_v2.0.0_dark_cmask.fits'  could NOT be identified on cache.
Processing continues ..... 


Warning !:  Ancillary file #1  with full suffix filename  '/sos/archive/fallbacks/IRAC005300/lincal_b2_sa_011410_cmask.fits'  NOT in archive/sandbox !!.
Proceed to the next suffix fileprocessing .....

Warning !:  Ancillary-suffix file #1: '/scr3/S19.2.0/dlcaldata/irac/fb1579_lincal_b2_sa_011410_cmask.fits'  could NOT be identified on cache.
Processing continues ..... 

  Printing Log output to stdout...


Program CALTRANS, Version 4.0
Command-Line Namelist Filename  = cdf/pn107.nl
Command-Line Namelist Section = CALTRANSsciSUB
CalTrans Execution Mode  = 2
CalID = 7
Input Calibration Type list = pmask;labdark;skydark;lincal;sky_flat;fluxconv;muxbleed_lut;muxbleed_coeff
Input Calibration Rule list = 0;0;300;0;0;0;0;0
Input Generic Outfname list = pmask.fits;labdark.fits;skydark.fits;lincal.fits;skyflat.fits;fluxconv;muxbleed_lut;muxbleed_coeff
Science DCE Filename = tranhead.fits
CAL Destination Path = cal
Processing time: 0.420000 seconds
Current date/time: Sat Jan  9 14:58:25 2016
Program CALTRANS, version 4.0, terminated with status = 16

CalTrans exits with status = 16



caltrans   exit_value =  16    execution_time = 0.550s
******************************************************************
Pipeline executing insbposdom
insbposdom -i tranhead.fits -o insbposdom.fits 
******************************************************************
Pipeline Module INSBPOSDOM Version 1.1
Processing time Sat Jan  9 14:58:25 2016

Sat Jan  9 14:58:25 2016
Time = 0.040 seconds
exit code 0

insbposdom   exit_value =   0    execution_time = 0.080s
******************************************************************
Pipeline executing cvti2r4
cvti2r4 -i insbposdom.fits -a 0.5625 -b 0 -d cal/dmask_for_raw.fits -o cvti2r4.fits -m row 
******************************************************************
 SIRTF I*2-to-R*4 Data Cube Conversion program vsn 1.31 A61025
 Input file:  insbposdom.fits
 Using offset =    0.562500
 Using BLANK-fill value:   0
 Output file: cvti2r4.fits
 Missing-data pattern specified as rows

cvti2r4   exit_value =   0    execution_time = 0.320s
Image has barrel shift = 3
Computed truncation correction 0.5*(1-2^-ABARREL) = 0.5625
******************************************************************
Pipeline executing hdrupd8
hdrupd8 cvti2r4.fits -a cdf/hdrupd8_cubify.dat -d cdf/hdrupd8_planify.dat 
******************************************************************
 hdrupd8 vsn 1.6  A70821
 WARNING: keyword to be deleted not found: NAXIS3  

hdrupd8   exit_value =   0    execution_time = 0.330s
******************************************************************
Pipeline executing hdrupd8
hdrupd8 dmask.fits -a cdf/hdrupd8_cubify.dat -d cdf/hdrupd8_planify.dat 
******************************************************************
 hdrupd8 vsn 1.6  A70821
 WARNING: keyword to be deleted not found: NAXIS3  

hdrupd8   exit_value =   0    execution_time = 0.320s
******************************************************************
Pipeline executing iracwrapdet1
iracwrapdet1 -i cvti2r4.fits -n cdf/pn107.nl -p cal/pmask.fits -d dmask.fits -w wmask.fits -v 
******************************************************************
Pipeline Module IRACWRAPDET1 Version 1.4
Processing time Sat Jan  9 14:58:34 2016
iracwrapdet1_parse_args: Namelist File = 	cdf/pn107.nl
iracwrapdet1_parse_args: Pmask File = 	cal/pmask.fits
iracwrapdet1_parse_args: Dmask File = 	dmask.fits
iracwrapdet1_parse_args: Wmask File = 	wmask.fits
iracwrapdet1_parse_args: Input File = 	cvti2r4.fits
iracwrapdet1_parse_args: I_Verbose = 			1
chn 2 framtim 2.000000
iracwrapdet1_read_data: Data read from file:
cvti2r4.fits
iracwrapdet1_read_data: I_NX = 32
iracwrapdet1_read_data: I_NY = 32
iracwrapdet1_read_data: I_NZ = 64
iracwrapdet1_parse_namelist: Namelist File = 	cdf/pn107.nl
Coeff used: 55000.000000 55000.000000 55000.000000 55000.000000
iracwrapdet1_compute_results: Numerical Computations finished
Sat Jan  9 14:58:34 2016
iracwrapdet1_output: Results written to file(s).
Time = 0.030 seconds
iracwrapdet1_error_handler: Error Handler finished.
iracwrapdet1_exit: Memory Deallocated.
exit code 0

iracwrapdet1   exit_value =   0    execution_time = 0.080s
******************************************************************
Pipeline executing iracwrapdet2
iracwrapdet2 -i cvti2r4.fits -n cdf/pn107.nl -p cal/pmask.fits -d dmask.fits -w wmask.fits -a /sos/sw/S19.2.0/STUDIO/downlink/include 
******************************************************************

Program iracwrapdet2, Version 1.4
Namelist File  = cdf/pn107.nl
FITS Input Image = cvti2r4.fits
Pmask File = cal/pmask.fits
Dmask File = dmask.fits
Wmask File = mask.fits
M-Level       chan1     chan2     chan3     chan4
            55000.0   55000.0   55000.0   55000.0
Tolerance     chan1     chan2     chan3     chan4
             1200.0    1200.0    1200.0    1200.0
Pmask Maximum = 65535
Dmask Maximum = 65535
Ancillary Data-File Path = /sos/sw/S19.2.0/STUDIO/downlink/include
Verbose flag = 0
Super-verbose flag = 0
Debug flag = 0
iracwrapdet2 Status Message      0x0000
Normal exit from Function 0x0000: LOG_WRITER
Processing time: 0.200000 seconds
Current date/time: Sat Jan  9 14:58:35 2016
Program iracwrapdet2, version 1.4, terminated


iracwrapdet2   exit_value =   0    execution_time = 0.240s
******************************************************************
Pipeline executing iracwrapcorr
iracwrapcorr -i cvti2r4.fits -p cal/pmask.fits -d dmask.fits -w wmask.fits -o iracwrapcorr.fits 
******************************************************************
Pipeline Module IRACWRAPCORR Version 1.3
Processing time Sat Jan  9 14:58:35 2016
iracwrapcorr_parse_namelist: Information only: Namelist not specified.
Sat Jan  9 14:58:35 2016
Time = 0.040 seconds
exit code 0

iracwrapcorr   exit_value =   0    execution_time = 0.080s
******************************************************************
Pipeline executing iracnorm
iracnorm -i iracwrapcorr.fits -p cal/pmask.fits -d dmask.fits -o iracnorm.fits 
******************************************************************
Pipeline Module IRACWNORM Version 1.10
Processing time Sat Jan  9 14:58:36 2016

Sat Jan  9 14:58:36 2016
Time = 0.050 seconds
exit code 0

iracnorm   exit_value =   0    execution_time = 0.090s
******************************************************************
Pipeline executing iracebwc
iracebwc -i iracnorm.fits -n cdf/pn107.nl -p cal/pmask.fits -d dmask.fits -o iracebwc.fits 
******************************************************************
Pipeline Module IRACEBWC Version 1.2
Processing time Sat Jan  9 14:58:36 2016

Sat Jan  9 14:58:36 2016
Time = 0.040 seconds
exit code 0

iracebwc   exit_value =   0    execution_time = 0.080s
HDR mode   =  f
AOR Template Time     =  2
DCE Frame Time    =  2.00
EXTRpt     =  233
Frame NOBF =  0
From sub determine_delays:
   aottime = 2
   aordelay = 222.190359962807
   stellarmode = f
   expid=20
imdly = 1.34336007915496
frmdly = 1.34336007915496

Immed  Delay = 1.34336007915496
Frame  Delay = 1.34336007915496

 hdrupd8 vsn 1.6  A70821
 hdrupd8 vsn 1.6  A70821
 hdrupd8 vsn 1.6  A70821
 hdrupd8 vsn 1.6  A70821
 hdrupd8 vsn 1.6  A70821
 hdrupd8 vsn 1.6  A70821
 hdrupd8 vsn 1.6  A70821
******************************************************************
Pipeline executing darksubng
darksubng -i iracebwc.fits -a /sos/sw/S19.2.0/STUDIO/downlink/include -p cal/pmask.fits -d dmask.fits -o labdarksub.fits -cc cal/labdark.fits -v 
******************************************************************
/sos/sw/S19.2.0/STUDIO/downlink/bin/darksubng: namelist not given
/sos/sw/S19.2.0/STUDIO/downlink/bin/darksubng: input uncertainty image not given
/sos/sw/S19.2.0/STUDIO/downlink/bin/darksubng: output uncertainty image not given
/sos/sw/S19.2.0/STUDIO/downlink/bin/darksubng: WARNING no uncertainty calculations will be performed
/sos/sw/S19.2.0/STUDIO/downlink/bin/darksubng: Namelist               = []
/sos/sw/S19.2.0/STUDIO/downlink/bin/darksubng: Input image            = [iracebwc.fits]
/sos/sw/S19.2.0/STUDIO/downlink/bin/darksubng: Input uncertainty      = []
/sos/sw/S19.2.0/STUDIO/downlink/bin/darksubng: Output image           = [!labdarksub.fits]
/sos/sw/S19.2.0/STUDIO/downlink/bin/darksubng: Output uncertainty     = []
/sos/sw/S19.2.0/STUDIO/downlink/bin/darksubng: Dark                   = [cal/labdark.fits]
/sos/sw/S19.2.0/STUDIO/downlink/bin/darksubng: Pmask file             = [cal/pmask.fits]
/sos/sw/S19.2.0/STUDIO/downlink/bin/darksubng: Pmask fatality bitmask = [65536]
/sos/sw/S19.2.0/STUDIO/downlink/bin/darksubng: Dmask file             = [dmask.fits]
/sos/sw/S19.2.0/STUDIO/downlink/bin/darksubng: Dmask fatality bitmask = [65536]
/sos/sw/S19.2.0/STUDIO/downlink/bin/darksubng: Cmask file             = []
/sos/sw/S19.2.0/STUDIO/downlink/bin/darksubng: Cmask fatality bitmask = [65536]
/sos/sw/S19.2.0/STUDIO/downlink/bin/darksubng: Logfile                = []
/sos/sw/S19.2.0/STUDIO/downlink/bin/darksubng: Ancillary Path         = [/sos/sw/S19.2.0/STUDIO/downlink/include]
/sos/sw/S19.2.0/STUDIO/downlink/bin/darksubng: Uncertainty calculations will not be made
/sos/sw/S19.2.0/STUDIO/downlink/bin/darksubng: WARNING cal/labdark.fits has no BUNIT key
/sos/sw/S19.2.0/STUDIO/downlink/bin/darksubng: WARNING assuming cal/labdark.fits is in DN
/sos/sw/S19.2.0/STUDIO/downlink/bin/darksubng: WARNING cal/labdark.fits has no EXPTIME key
/sos/sw/S19.2.0/STUDIO/downlink/bin/darksubng: WARNING cal/labdark.fits has no GAIN keywords
/sos/sw/S19.2.0/STUDIO/downlink/bin/darksubng: compute - performing any unit conversions
/sos/sw/S19.2.0/STUDIO/downlink/bin/darksubng: compute - starting subtraction with masking 
/sos/sw/S19.2.0/STUDIO/downlink/bin/darksubng: Processing successful; Exiting

darksubng   exit_value =   0    execution_time = 0.150s
READ Noise !! =  9.4
******************************************************************
Pipeline executing snestimator
snestimator -i labdarksub.fits -n cdf/pn107.nl -a /sos/sw/S19.2.0/STUDIO/downlink/include -p cal/pmask.fits -d dmask.fits -on sig_snestimator.fits -g 3.71 -r 9.4 
******************************************************************
verbose 0

Program SNESTIMATOR, Version 1.5
Namelist File  = cdf/pn107.nl
Input FITS Image = labdarksub.fits
Noise Image = sig_snestimator.fits
Denominator type = IRAC_MODEL
Edge Pixels Excluded = 0
Gain Channel 1 = 3.710000 Channel 2 = 3.710000 Channel 3 = 3.710000 Channel 4 = 3.710000
Read Noise = 9.400000
Confusion Sigma = 0.000000
Ancillary Data-File Path = /sos/sw/S19.2.0/STUDIO/downlink/include
Verbose flag = 0
Super-verbose flag = 0
Debug flag = 0
snestimator Status Message      0x0000
Normal exit from Function 0x0000: LOG_WRITER
Processing time: 0.100000 seconds
Current date/time: Sat Jan  9 14:59:03 2016
Program SNESTIMATOR, version 1.5, terminated


snestimator   exit_value =   0    execution_time = 0.170s
******************************************************************
Pipeline executing darksubng
darksubng -i iracebwc.fits -iu sig_snestimator.fits -a /sos/sw/S19.2.0/STUDIO/downlink/include -p cal/pmask.fits -d dmask.fits -o labdarksub.fits -ou sig_labdarksub.fits -cc cal/labdark.fits -v 
******************************************************************
/sos/sw/S19.2.0/STUDIO/downlink/bin/darksubng: namelist not given
/sos/sw/S19.2.0/STUDIO/downlink/bin/darksubng: Namelist               = []
/sos/sw/S19.2.0/STUDIO/downlink/bin/darksubng: Input image            = [iracebwc.fits]
/sos/sw/S19.2.0/STUDIO/downlink/bin/darksubng: Input uncertainty      = [sig_snestimator.fits]
/sos/sw/S19.2.0/STUDIO/downlink/bin/darksubng: Output image           = [!labdarksub.fits]
/sos/sw/S19.2.0/STUDIO/downlink/bin/darksubng: Output uncertainty     = [!sig_labdarksub.fits]
/sos/sw/S19.2.0/STUDIO/downlink/bin/darksubng: Dark                   = [cal/labdark.fits]
/sos/sw/S19.2.0/STUDIO/downlink/bin/darksubng: Pmask file             = [cal/pmask.fits]
/sos/sw/S19.2.0/STUDIO/downlink/bin/darksubng: Pmask fatality bitmask = [65536]
/sos/sw/S19.2.0/STUDIO/downlink/bin/darksubng: Dmask file             = [dmask.fits]
/sos/sw/S19.2.0/STUDIO/downlink/bin/darksubng: Dmask fatality bitmask = [65536]
/sos/sw/S19.2.0/STUDIO/downlink/bin/darksubng: Cmask file             = []
/sos/sw/S19.2.0/STUDIO/downlink/bin/darksubng: Cmask fatality bitmask = [65536]
/sos/sw/S19.2.0/STUDIO/downlink/bin/darksubng: Logfile                = []
/sos/sw/S19.2.0/STUDIO/downlink/bin/darksubng: Ancillary Path         = [/sos/sw/S19.2.0/STUDIO/downlink/include]
/sos/sw/S19.2.0/STUDIO/downlink/bin/darksubng: Uncertainty calculations will be made
/sos/sw/S19.2.0/STUDIO/downlink/bin/darksubng: WARNING cal/labdark.fits has no BUNIT key
/sos/sw/S19.2.0/STUDIO/downlink/bin/darksubng: WARNING assuming cal/labdark.fits is in DN
/sos/sw/S19.2.0/STUDIO/downlink/bin/darksubng: WARNING cal/labdark.fits has no EXPTIME key
/sos/sw/S19.2.0/STUDIO/downlink/bin/darksubng: WARNING cal/labdark.fits has no GAIN keywords
/sos/sw/S19.2.0/STUDIO/downlink/bin/darksubng: compute - performing any unit conversions
/sos/sw/S19.2.0/STUDIO/downlink/bin/darksubng: compute - starting subtraction with masking 
/sos/sw/S19.2.0/STUDIO/downlink/bin/darksubng: Processing successful; Exiting

darksubng   exit_value =   0    execution_time = 0.210s
******************************************************************
Pipeline executing fowlinearize
fowlinearize -i1 labdarksub.fits -i3 sig_labdarksub.fits -n cdf/pn107.nl -a /sos/sw/S19.2.0/STUDIO/downlink/include -ip cal/pmask.fits -i2 cal/lincal.fits -id dmask.fits -o1 fowlinearize.fits -o2 sig_fowlinearize.fits -c 10 
******************************************************************

Program FOWLINEARIZE, Version 4.9
Namelist File  = cdf/pn107.nl
Input File 1 = labdarksub.fits
Input File 2 = cal/lincal.fits
Input File 3 = sig_labdarksub.fits
Model_Flag(1=quad. 2=cubic) = 1
Clock_Readout(10=sub-array, 200=full-array) = 10.000000
Input PMask Image = cal/pmask.fits
Unusable PMask Bits = 16384
Input DMask Image = dmask.fits
Unusable DMask Bits = 8192
Not-linearized DMask Bit = 4096
Not-linearized DMask Bit due to lincal-model saturation = 8192
Output File 1 = fowlinearize.fits
Output File 2 = sig_fowlinearize.fits
Ancillary Data-File Path = /sos/sw/S19.2.0/STUDIO/downlink/include
Verbose flag = 0
Super-verbose flag = 0
Debug flag = 0
Performed linearity correction.
Program fowlinearize: Status Message: 0x0000
Normal exit from Function 0x0000: LOG_WRITER
Processing time: 0.300000 seconds
Current date/time: Sat Jan  9 14:59:05 2016
Program FOWLINEARIZE, version 4.9, terminated.

fowlinearize   exit_value =   0    execution_time = 0.410s
Read Noise =  9.4
 hdrupd8 vsn 1.6  A70821
******************************************************************
Pipeline executing bgmodel
bgmodel -i fowlinearize.fits -n cdf/pn107.nl -h 
******************************************************************

Online Namelist file descriptor associated
Online namelist buffer loaded: length = 7422
bgmodel_log_writer: Printing Log output to stdout
bgmodel  Version 1.0
Namelist File  = cdf/pn107.nl
Input Image = fowlinearize.fits
Ephemeris = /scr3/S19.2.0/cdf/spice/sirtf.bsp
LeapSec Kernel = /scr3/S19.2.0/cdf/spice/leapseconds.ker
SPK Kernel = /scr3/S19.2.0/cdf/spice/de.bsp

bgmodel  Status Message      0x0000: No error.
Time = 0.070 seconds

Background exits with status = 0


bgmodel   exit_value =   0    execution_time = 0.120s
******************************************************************
Pipeline executing hdrupd8
hdrupd8 fowlinearize.fits -a addkeys.dat 
******************************************************************
 hdrupd8 vsn 1.6  A70821

hdrupd8   exit_value =   0    execution_time = 0.390s
SkyDk Med DN      = 16.56367 
Exposure time     = 1.92
SkyDk Med DN rate = 8.62691145833333
Flux Conv         = 0.1447 
SkyDk Med Flux    = 1.24831408802083
Image File = fowlinearize.fits 

 hdrupd8 vsn 1.6  A70821
 hdrupd8 vsn 1.6  A70821
 hdrupd8 vsn 1.6  A70821
 hdrupd8 vsn 1.6  A70821
 hdrupd8 vsn 1.6  A70821
******************************************************************
Pipeline executing darksubng
darksubng -i fowlinearize.fits -iu sig_fowlinearize.fits -a /sos/sw/S19.2.0/STUDIO/downlink/include -p cal/pmask.fits -d dmask.fits -o skydarksub.fits -ou sig_skydarksub.fits -cc cal/skydark.fits -v -c cal/skydark_cmask.fits 
******************************************************************
/sos/sw/S19.2.0/STUDIO/downlink/bin/darksubng: namelist not given
/sos/sw/S19.2.0/STUDIO/downlink/bin/darksubng: Namelist               = []
/sos/sw/S19.2.0/STUDIO/downlink/bin/darksubng: Input image            = [fowlinearize.fits]
/sos/sw/S19.2.0/STUDIO/downlink/bin/darksubng: Input uncertainty      = [sig_fowlinearize.fits]
/sos/sw/S19.2.0/STUDIO/downlink/bin/darksubng: Output image           = [!skydarksub.fits]
/sos/sw/S19.2.0/STUDIO/downlink/bin/darksubng: Output uncertainty     = [!sig_skydarksub.fits]
/sos/sw/S19.2.0/STUDIO/downlink/bin/darksubng: Dark                   = [cal/skydark.fits]
/sos/sw/S19.2.0/STUDIO/downlink/bin/darksubng: Pmask file             = [cal/pmask.fits]
/sos/sw/S19.2.0/STUDIO/downlink/bin/darksubng: Pmask fatality bitmask = [65536]
/sos/sw/S19.2.0/STUDIO/downlink/bin/darksubng: Dmask file             = [dmask.fits]
/sos/sw/S19.2.0/STUDIO/downlink/bin/darksubng: Dmask fatality bitmask = [65536]
/sos/sw/S19.2.0/STUDIO/downlink/bin/darksubng: Cmask file             = [cal/skydark_cmask.fits]
/sos/sw/S19.2.0/STUDIO/downlink/bin/darksubng: Cmask fatality bitmask = [65536]
/sos/sw/S19.2.0/STUDIO/downlink/bin/darksubng: Logfile                = []
/sos/sw/S19.2.0/STUDIO/downlink/bin/darksubng: Ancillary Path         = [/sos/sw/S19.2.0/STUDIO/downlink/include]
/sos/sw/S19.2.0/STUDIO/downlink/bin/darksubng: Uncertainty calculations will be made
/sos/sw/S19.2.0/STUDIO/downlink/bin/darksubng: compute - performing any unit conversions
/sos/sw/S19.2.0/STUDIO/downlink/bin/darksubng: compute - starting subtraction with masking 
/sos/sw/S19.2.0/STUDIO/downlink/bin/darksubng: Processing successful; Exiting

darksubng   exit_value =   0    execution_time = 0.200s
******************************************************************
Pipeline executing darkdrift
darkdrift -i skydarksub.fits -iu sig_skydarksub.fits -n cdf/pn107.nl -a /sos/sw/S19.2.0/STUDIO/downlink/include -o1 darkdrift.fits -o2 darkdriftcorr.fits -o3 darkdrift.tbl -ou sig_darkdrift.fits 
******************************************************************
Program darkdrift, Version 4.1
Namelist File  = cdf/pn107.nl
Input Image = skydarksub.fits
Input Uncertainty Image = sig_skydarksub.fits
Output Image 1 (corrected image) = darkdrift.fits
Output Image 2 (corrections) = darkdriftcorr.fits
Output Image 3 (uncertainties) = sig_darkdrift.fits
Output File 3 = darkdrift.tbl
Central fraction for trimmed average  = 0.900000
Central fraction for trimmed std. dev. = 0.900000
Time_Input = 0.250000
Time_Before = 0.000000
Time_After = 1.000000
Temp_Input = 270.000000
Temp_Before = 280.000000
Temp_After = 260.000000
Calculation Type = 1
Input-Image Transpose Flag = 1
Multiplicative-Correction Flag (Additive if zero) = 0
Readout Channel to exclude (none if zero) = 0
Data-Plane Flag = 1
Ancillary Data-File Path = /sos/sw/S19.2.0/STUDIO/downlink/include
Verbose flag = 0
Super-verbose flag = 0
Debug flag = 0
Dark-current offsets estimated from input image.

Detailed darkdrift calculational results:
...for data plane = 1
Darkdrift correction for readout-channel 1 = -0.307117
Darkdrift correction for readout-channel 2 = 0.143189
Darkdrift correction for readout-channel 3 = 0.175319
Darkdrift correction for readout-channel 4 = -0.011392
Darkdrift uncertainty for readout-channel 1 = 0.337395
Darkdrift uncertainty for readout-channel 2 = 0.300500
Darkdrift uncertainty for readout-channel 3 = 0.376006
Darkdrift uncertainty for readout-channel 4 = 0.376360
Trimmed average of values in readout-channel 1 = 6.645749
Trimmed average of values in readout-channel 2 = 7.096055
Trimmed average of values in readout-channel 3 = 7.128185
Trimmed average of values in readout-channel 4 = 6.941474
Darkdrift background term = 6.952866
...for data plane = 2
Darkdrift correction for readout-channel 1 = 0.424725
Darkdrift correction for readout-channel 2 = -0.594562
Darkdrift correction for readout-channel 3 = 0.006906
Darkdrift correction for readout-channel 4 = 0.162931
Darkdrift uncertainty for readout-channel 1 = 0.303215
Darkdrift uncertainty for readout-channel 2 = 0.302995
Darkdrift uncertainty for readout-channel 3 = 0.303552
Darkdrift uncertainty for readout-channel 4 = 0.228579
Trimmed average of values in readout-channel 1 = 5.178653
Trimmed average of values in readout-channel 2 = 4.159367
Trimmed average of values in readout-channel 3 = 4.760835
Trimmed average of values in readout-channel 4 = 4.916860
Darkdrift background term = 4.753929
...for data plane = 3
Darkdrift correction for readout-channel 1 = 0.186645
Darkdrift correction for readout-channel 2 = -0.128200
Darkdrift correction for readout-channel 3 = -0.341885
Darkdrift correction for readout-channel 4 = 0.283439
Darkdrift uncertainty for readout-channel 1 = 0.304657
Darkdrift uncertainty for readout-channel 2 = 0.304351
Darkdrift uncertainty for readout-channel 3 = 0.302979
Darkdrift uncertainty for readout-channel 4 = 0.302722
Trimmed average of values in readout-channel 1 = 5.188889
Trimmed average of values in readout-channel 2 = 4.874044
Trimmed average of values in readout-channel 3 = 4.660359
Trimmed average of values in readout-channel 4 = 5.285683
Darkdrift background term = 5.002243
...for data plane = 4
Darkdrift correction for readout-channel 1 = -0.175519
Darkdrift correction for readout-channel 2 = -0.126795
Darkdrift correction for readout-channel 3 = 0.202230
Darkdrift correction for readout-channel 4 = 0.100084
Darkdrift uncertainty for readout-channel 1 = 0.378202
Darkdrift uncertainty for readout-channel 2 = 0.303796
Darkdrift uncertainty for readout-channel 3 = 0.303057
Darkdrift uncertainty for readout-channel 4 = 0.377466
Trimmed average of values in readout-channel 1 = 5.177560
Trimmed average of values in readout-channel 2 = 5.226284
Trimmed average of values in readout-channel 3 = 5.555309
Trimmed average of values in readout-channel 4 = 5.453163
Darkdrift background term = 5.353079
...for data plane = 5
Darkdrift correction for readout-channel 1 = -0.137574
Darkdrift correction for readout-channel 2 = -0.040068
Darkdrift correction for readout-channel 3 = 0.326453
Darkdrift correction for readout-channel 4 = -0.148811
Darkdrift uncertainty for readout-channel 1 = 0.378596
Darkdrift uncertainty for readout-channel 2 = 0.304636
Darkdrift uncertainty for readout-channel 3 = 0.302812
Darkdrift uncertainty for readout-channel 4 = 0.303050
Trimmed average of values in readout-channel 1 = 5.455159
Trimmed average of values in readout-channel 2 = 5.552666
Trimmed average of values in readout-channel 3 = 5.919186
Trimmed average of values in readout-channel 4 = 5.443922
Darkdrift background term = 5.592733
...for data plane = 6
Darkdrift correction for readout-channel 1 = 0.303825
Darkdrift correction for readout-channel 2 = -0.028233
Darkdrift correction for readout-channel 3 = -0.327245
Darkdrift correction for readout-channel 4 = 0.051654
Darkdrift uncertainty for readout-channel 1 = 0.303383
Darkdrift uncertainty for readout-channel 2 = 0.303249
Darkdrift uncertainty for readout-channel 3 = 0.227878
Darkdrift uncertainty for readout-channel 4 = 0.302974
Trimmed average of values in readout-channel 1 = 5.824843
Trimmed average of values in readout-channel 2 = 5.492785
Trimmed average of values in readout-channel 3 = 5.193773
Trimmed average of values in readout-channel 4 = 5.572672
Darkdrift background term = 5.521018
...for data plane = 7
Darkdrift correction for readout-channel 1 = 0.426150
Darkdrift correction for readout-channel 2 = 0.100403
Darkdrift correction for readout-channel 3 = -0.212183
Darkdrift correction for readout-channel 4 = -0.314370
Darkdrift uncertainty for readout-channel 1 = 0.303611
Darkdrift uncertainty for readout-channel 2 = 0.302986
Darkdrift uncertainty for readout-channel 3 = 0.302961
Darkdrift uncertainty for readout-channel 4 = 0.303300
Trimmed average of values in readout-channel 1 = 5.803003
Trimmed average of values in readout-channel 2 = 5.477256
Trimmed average of values in readout-channel 3 = 5.164670
Trimmed average of values in readout-channel 4 = 5.062483
Darkdrift background term = 5.376853
...for data plane = 8
Darkdrift correction for readout-channel 1 = -0.066280
Darkdrift correction for readout-channel 2 = -0.288000
Darkdrift correction for readout-channel 3 = 0.097972
Darkdrift correction for readout-channel 4 = 0.256308
Darkdrift uncertainty for readout-channel 1 = 0.377153
Darkdrift uncertainty for readout-channel 2 = 0.302984
Darkdrift uncertainty for readout-channel 3 = 0.303296
Darkdrift uncertainty for readout-channel 4 = 0.302964
Trimmed average of values in readout-channel 1 = 5.504889
Trimmed average of values in readout-channel 2 = 5.283170
Trimmed average of values in readout-channel 3 = 5.669141
Trimmed average of values in readout-channel 4 = 5.827477
Darkdrift background term = 5.571169
...for data plane = 9
Darkdrift correction for readout-channel 1 = -0.306493
Darkdrift correction for readout-channel 2 = 0.011316
Darkdrift correction for readout-channel 3 = 0.331762
Darkdrift correction for readout-channel 4 = -0.036585
Darkdrift uncertainty for readout-channel 1 = 0.303217
Darkdrift uncertainty for readout-channel 2 = 0.302427
Darkdrift uncertainty for readout-channel 3 = 0.303480
Darkdrift uncertainty for readout-channel 4 = 0.303141
Trimmed average of values in readout-channel 1 = 5.281481
Trimmed average of values in readout-channel 2 = 5.599290
Trimmed average of values in readout-channel 3 = 5.919736
Trimmed average of values in readout-channel 4 = 5.551389
Darkdrift background term = 5.587974
...for data plane = 10
Darkdrift correction for readout-channel 1 = -0.098172
Darkdrift correction for readout-channel 2 = 0.360659
Darkdrift correction for readout-channel 3 = 0.012204
Darkdrift correction for readout-channel 4 = -0.274691
Darkdrift uncertainty for readout-channel 1 = 0.302973
Darkdrift uncertainty for readout-channel 2 = 0.302970
Darkdrift uncertainty for readout-channel 3 = 0.303302
Darkdrift uncertainty for readout-channel 4 = 0.303561
Trimmed average of values in readout-channel 1 = 5.412870
Trimmed average of values in readout-channel 2 = 5.871702
Trimmed average of values in readout-channel 3 = 5.523247
Trimmed average of values in readout-channel 4 = 5.236352
Darkdrift background term = 5.511043
...for data plane = 11
Darkdrift correction for readout-channel 1 = 0.082745
Darkdrift correction for readout-channel 2 = -0.445332
Darkdrift correction for readout-channel 3 = 0.304498
Darkdrift correction for readout-channel 4 = 0.058089
Darkdrift uncertainty for readout-channel 1 = 0.302735
Darkdrift uncertainty for readout-channel 2 = 0.302975
Darkdrift uncertainty for readout-channel 3 = 0.302728
Darkdrift uncertainty for readout-channel 4 = 0.302795
Trimmed average of values in readout-channel 1 = 5.945304
Trimmed average of values in readout-channel 2 = 5.417227
Trimmed average of values in readout-channel 3 = 6.167057
Trimmed average of values in readout-channel 4 = 5.920648
Darkdrift background term = 5.862559
...for data plane = 12
Darkdrift correction for readout-channel 1 = 0.403134
Darkdrift correction for readout-channel 2 = 0.067881
Darkdrift correction for readout-channel 3 = -0.882307
Darkdrift correction for readout-channel 4 = 0.411292
Darkdrift uncertainty for readout-channel 1 = 0.303357
Darkdrift uncertainty for readout-channel 2 = 0.302959
Darkdrift uncertainty for readout-channel 3 = 0.302892
Darkdrift uncertainty for readout-channel 4 = 0.302641
Trimmed average of values in readout-channel 1 = 6.378628
Trimmed average of values in readout-channel 2 = 6.043374
Trimmed average of values in readout-channel 3 = 5.093186
Trimmed average of values in readout-channel 4 = 6.386786
Darkdrift background term = 5.975493
...for data plane = 13
Darkdrift correction for readout-channel 1 = -0.451307
Darkdrift correction for readout-channel 2 = -0.066912
Darkdrift correction for readout-channel 3 = 0.356212
Darkdrift correction for readout-channel 4 = 0.162007
Darkdrift uncertainty for readout-channel 1 = 0.303754
Darkdrift uncertainty for readout-channel 2 = 0.302140
Darkdrift uncertainty for readout-channel 3 = 0.303203
Darkdrift uncertainty for readout-channel 4 = 0.302988
Trimmed average of values in readout-channel 1 = 5.049227
Trimmed average of values in readout-channel 2 = 5.433622
Trimmed average of values in readout-channel 3 = 5.856745
Trimmed average of values in readout-channel 4 = 5.662541
Darkdrift background term = 5.500534
...for data plane = 14
Darkdrift correction for readout-channel 1 = 0.102242
Darkdrift correction for readout-channel 2 = -0.096642
Darkdrift correction for readout-channel 3 = -0.402392
Darkdrift correction for readout-channel 4 = 0.396792
Darkdrift uncertainty for readout-channel 1 = 0.302969
Darkdrift uncertainty for readout-channel 2 = 0.302984
Darkdrift uncertainty for readout-channel 3 = 0.303053
Darkdrift uncertainty for readout-channel 4 = 0.302982
Trimmed average of values in readout-channel 1 = 5.675883
Trimmed average of values in readout-channel 2 = 5.476999
Trimmed average of values in readout-channel 3 = 5.171248
Trimmed average of values in readout-channel 4 = 5.970432
Darkdrift background term = 5.573640
...for data plane = 15
Darkdrift correction for readout-channel 1 = -0.082647
Darkdrift correction for readout-channel 2 = -0.282201
Darkdrift correction for readout-channel 3 = 0.266061
Darkdrift correction for readout-channel 4 = 0.098787
Darkdrift uncertainty for readout-channel 1 = 0.302964
Darkdrift uncertainty for readout-channel 2 = 0.302685
Darkdrift uncertainty for readout-channel 3 = 0.302966
Darkdrift uncertainty for readout-channel 4 = 0.302969
Trimmed average of values in readout-channel 1 = 5.509934
Trimmed average of values in readout-channel 2 = 5.310380
Trimmed average of values in readout-channel 3 = 5.858641
Trimmed average of values in readout-channel 4 = 5.691367
Darkdrift background term = 5.592580
...for data plane = 16
Darkdrift correction for readout-channel 1 = -0.174888
Darkdrift correction for readout-channel 2 = -0.215703
Darkdrift correction for readout-channel 3 = 0.092945
Darkdrift correction for readout-channel 4 = 0.297646
Darkdrift uncertainty for readout-channel 1 = 0.378460
Darkdrift uncertainty for readout-channel 2 = 0.303530
Darkdrift uncertainty for readout-channel 3 = 0.302809
Darkdrift uncertainty for readout-channel 4 = 0.302982
Trimmed average of values in readout-channel 1 = 5.372418
Trimmed average of values in readout-channel 2 = 5.331602
Trimmed average of values in readout-channel 3 = 5.640251
Trimmed average of values in readout-channel 4 = 5.844952
Darkdrift background term = 5.547306
...for data plane = 17
Darkdrift correction for readout-channel 1 = -0.190506
Darkdrift correction for readout-channel 2 = -0.438240
Darkdrift correction for readout-channel 3 = 0.463328
Darkdrift correction for readout-channel 4 = 0.165418
Darkdrift uncertainty for readout-channel 1 = 0.302973
Darkdrift uncertainty for readout-channel 2 = 0.303236
Darkdrift uncertainty for readout-channel 3 = 0.302979
Darkdrift uncertainty for readout-channel 4 = 0.303043
Trimmed average of values in readout-channel 1 = 5.729762
Trimmed average of values in readout-channel 2 = 5.482028
Trimmed average of values in readout-channel 3 = 6.383595
Trimmed average of values in readout-channel 4 = 6.085686
Darkdrift background term = 5.920268
...for data plane = 18
Darkdrift correction for readout-channel 1 = 0.265442
Darkdrift correction for readout-channel 2 = -0.221263
Darkdrift correction for readout-channel 3 = -0.281726
Darkdrift correction for readout-channel 4 = 0.237547
Darkdrift uncertainty for readout-channel 1 = 0.301754
Darkdrift uncertainty for readout-channel 2 = 0.304644
Darkdrift uncertainty for readout-channel 3 = 0.303039
Darkdrift uncertainty for readout-channel 4 = 0.302973
Trimmed average of values in readout-channel 1 = 5.931240
Trimmed average of values in readout-channel 2 = 5.444535
Trimmed average of values in readout-channel 3 = 5.384072
Trimmed average of values in readout-channel 4 = 5.903345
Darkdrift background term = 5.665798
...for data plane = 19
Darkdrift correction for readout-channel 1 = -0.267116
Darkdrift correction for readout-channel 2 = -0.022988
Darkdrift correction for readout-channel 3 = -0.007740
Darkdrift correction for readout-channel 4 = 0.297844
Darkdrift uncertainty for readout-channel 1 = 0.266392
Darkdrift uncertainty for readout-channel 2 = 0.303790
Darkdrift uncertainty for readout-channel 3 = 0.303055
Darkdrift uncertainty for readout-channel 4 = 0.378478
Trimmed average of values in readout-channel 1 = 5.469981
Trimmed average of values in readout-channel 2 = 5.714110
Trimmed average of values in readout-channel 3 = 5.729357
Trimmed average of values in readout-channel 4 = 6.034941
Darkdrift background term = 5.737097
...for data plane = 20
Darkdrift correction for readout-channel 1 = 0.181155
Darkdrift correction for readout-channel 2 = -0.270584
Darkdrift correction for readout-channel 3 = 0.266610
Darkdrift correction for readout-channel 4 = -0.177181
Darkdrift uncertainty for readout-channel 1 = 0.303094
Darkdrift uncertainty for readout-channel 2 = 0.302968
Darkdrift uncertainty for readout-channel 3 = 0.303134
Darkdrift uncertainty for readout-channel 4 = 0.302984
Trimmed average of values in readout-channel 1 = 5.972014
Trimmed average of values in readout-channel 2 = 5.520275
Trimmed average of values in readout-channel 3 = 6.057470
Trimmed average of values in readout-channel 4 = 5.613678
Darkdrift background term = 5.790859
...for data plane = 21
Darkdrift correction for readout-channel 1 = -0.079168
Darkdrift correction for readout-channel 2 = -0.154760
Darkdrift correction for readout-channel 3 = -0.226259
Darkdrift correction for readout-channel 4 = 0.460188
Darkdrift uncertainty for readout-channel 1 = 0.302979
Darkdrift uncertainty for readout-channel 2 = 0.303242
Darkdrift uncertainty for readout-channel 3 = 0.303225
Darkdrift uncertainty for readout-channel 4 = 0.302977
Trimmed average of values in readout-channel 1 = 5.899274
Trimmed average of values in readout-channel 2 = 5.823682
Trimmed average of values in readout-channel 3 = 5.752183
Trimmed average of values in readout-channel 4 = 6.438630
Darkdrift background term = 5.978442
...for data plane = 22
Darkdrift correction for readout-channel 1 = -0.250590
Darkdrift correction for readout-channel 2 = 0.069977
Darkdrift correction for readout-channel 3 = 0.304042
Darkdrift correction for readout-channel 4 = -0.123428
Darkdrift uncertainty for readout-channel 1 = 0.302973
Darkdrift uncertainty for readout-channel 2 = 0.304063
Darkdrift uncertainty for readout-channel 3 = 0.303309
Darkdrift uncertainty for readout-channel 4 = 0.303241
Trimmed average of values in readout-channel 1 = 5.402649
Trimmed average of values in readout-channel 2 = 5.723216
Trimmed average of values in readout-channel 3 = 5.957281
Trimmed average of values in readout-channel 4 = 5.529812
Darkdrift background term = 5.653240
...for data plane = 23
Darkdrift correction for readout-channel 1 = 0.329137
Darkdrift correction for readout-channel 2 = -0.294662
Darkdrift correction for readout-channel 3 = 0.001319
Darkdrift correction for readout-channel 4 = -0.035794
Darkdrift uncertainty for readout-channel 1 = 0.303613
Darkdrift uncertainty for readout-channel 2 = 0.302977
Darkdrift uncertainty for readout-channel 3 = 0.302729
Darkdrift uncertainty for readout-channel 4 = 0.303131
Trimmed average of values in readout-channel 1 = 6.410021
Trimmed average of values in readout-channel 2 = 5.786222
Trimmed average of values in readout-channel 3 = 6.082203
Trimmed average of values in readout-channel 4 = 6.045090
Darkdrift background term = 6.080884
...for data plane = 24
Darkdrift correction for readout-channel 1 = -0.033762
Darkdrift correction for readout-channel 2 = 0.008081
Darkdrift correction for readout-channel 3 = -0.236272
Darkdrift correction for readout-channel 4 = 0.261953
Darkdrift uncertainty for readout-channel 1 = 0.303098
Darkdrift uncertainty for readout-channel 2 = 0.228888
Darkdrift uncertainty for readout-channel 3 = 0.303386
Darkdrift uncertainty for readout-channel 4 = 0.227647
Trimmed average of values in readout-channel 1 = 5.802927
Trimmed average of values in readout-channel 2 = 5.844769
Trimmed average of values in readout-channel 3 = 5.600417
Trimmed average of values in readout-channel 4 = 6.098642
Darkdrift background term = 5.836689
...for data plane = 25
Darkdrift correction for readout-channel 1 = 0.109780
Darkdrift correction for readout-channel 2 = -0.253696
Darkdrift correction for readout-channel 3 = -0.037659
Darkdrift correction for readout-channel 4 = 0.181575
Darkdrift uncertainty for readout-channel 1 = 0.303967
Darkdrift uncertainty for readout-channel 2 = 0.302961
Darkdrift uncertainty for readout-channel 3 = 0.303369
Darkdrift uncertainty for readout-channel 4 = 0.303159
Trimmed average of values in readout-channel 1 = 5.729986
Trimmed average of values in readout-channel 2 = 5.366510
Trimmed average of values in readout-channel 3 = 5.582547
Trimmed average of values in readout-channel 4 = 5.801781
Darkdrift background term = 5.620206
...for data plane = 26
Darkdrift correction for readout-channel 1 = 0.156026
Darkdrift correction for readout-channel 2 = -0.708321
Darkdrift correction for readout-channel 3 = 0.491890
Darkdrift correction for readout-channel 4 = 0.060405
Darkdrift uncertainty for readout-channel 1 = 0.302717
Darkdrift uncertainty for readout-channel 2 = 0.304063
Darkdrift uncertainty for readout-channel 3 = 0.303777
Darkdrift uncertainty for readout-channel 4 = 0.302953
Trimmed average of values in readout-channel 1 = 6.188388
Trimmed average of values in readout-channel 2 = 5.324041
Trimmed average of values in readout-channel 3 = 6.524253
Trimmed average of values in readout-channel 4 = 6.092768
Darkdrift background term = 6.032362
...for data plane = 27
Darkdrift correction for readout-channel 1 = 0.274678
Darkdrift correction for readout-channel 2 = -0.109854
Darkdrift correction for readout-channel 3 = -0.222564
Darkdrift correction for readout-channel 4 = 0.057739
Darkdrift uncertainty for readout-channel 1 = 0.304525
Darkdrift uncertainty for readout-channel 2 = 0.303261
Darkdrift uncertainty for readout-channel 3 = 0.302890
Darkdrift uncertainty for readout-channel 4 = 0.303387
Trimmed average of values in readout-channel 1 = 5.800544
Trimmed average of values in readout-channel 2 = 5.416013
Trimmed average of values in readout-channel 3 = 5.303302
Trimmed average of values in readout-channel 4 = 5.583605
Darkdrift background term = 5.525866
...for data plane = 28
Darkdrift correction for readout-channel 1 = -0.426379
Darkdrift correction for readout-channel 2 = 0.097304
Darkdrift correction for readout-channel 3 = 0.273626
Darkdrift correction for readout-channel 4 = 0.055448
Darkdrift uncertainty for readout-channel 1 = 0.302569
Darkdrift uncertainty for readout-channel 2 = 0.303792
Darkdrift uncertainty for readout-channel 3 = 0.302912
Darkdrift uncertainty for readout-channel 4 = 0.302993
Trimmed average of values in readout-channel 1 = 5.364879
Trimmed average of values in readout-channel 2 = 5.888562
Trimmed average of values in readout-channel 3 = 6.064884
Trimmed average of values in readout-channel 4 = 5.846706
Darkdrift background term = 5.791258
...for data plane = 29
Darkdrift correction for readout-channel 1 = 0.188032
Darkdrift correction for readout-channel 2 = -0.156265
Darkdrift correction for readout-channel 3 = 0.023343
Darkdrift correction for readout-channel 4 = -0.055110
Darkdrift uncertainty for readout-channel 1 = 0.303874
Darkdrift uncertainty for readout-channel 2 = 0.302974
Darkdrift uncertainty for readout-channel 3 = 0.303130
Darkdrift uncertainty for readout-channel 4 = 0.303221
Trimmed average of values in readout-channel 1 = 6.119814
Trimmed average of values in readout-channel 2 = 5.775517
Trimmed average of values in readout-channel 3 = 5.955125
Trimmed average of values in readout-channel 4 = 5.876672
Darkdrift background term = 5.931782
...for data plane = 30
Darkdrift correction for readout-channel 1 = 0.124358
Darkdrift correction for readout-channel 2 = -0.333455
Darkdrift correction for readout-channel 3 = -0.221577
Darkdrift correction for readout-channel 4 = 0.430674
Darkdrift uncertainty for readout-channel 1 = 0.302823
Darkdrift uncertainty for readout-channel 2 = 0.305451
Darkdrift uncertainty for readout-channel 3 = 0.302971
Darkdrift uncertainty for readout-channel 4 = 0.303069
Trimmed average of values in readout-channel 1 = 5.689089
Trimmed average of values in readout-channel 2 = 5.231276
Trimmed average of values in readout-channel 3 = 5.343154
Trimmed average of values in readout-channel 4 = 5.995405
Darkdrift background term = 5.564731
...for data plane = 31
Darkdrift correction for readout-channel 1 = 0.117721
Darkdrift correction for readout-channel 2 = -0.296829
Darkdrift correction for readout-channel 3 = 0.348645
Darkdrift correction for readout-channel 4 = -0.169537
Darkdrift uncertainty for readout-channel 1 = 0.302327
Darkdrift uncertainty for readout-channel 2 = 0.302984
Darkdrift uncertainty for readout-channel 3 = 0.303537
Darkdrift uncertainty for readout-channel 4 = 0.302966
Trimmed average of values in readout-channel 1 = 5.780031
Trimmed average of values in readout-channel 2 = 5.365481
Trimmed average of values in readout-channel 3 = 6.010955
Trimmed average of values in readout-channel 4 = 5.492773
Darkdrift background term = 5.662310
...for data plane = 32
Darkdrift correction for readout-channel 1 = -0.017651
Darkdrift correction for readout-channel 2 = -0.061570
Darkdrift correction for readout-channel 3 = -0.250663
Darkdrift correction for readout-channel 4 = 0.329884
Darkdrift uncertainty for readout-channel 1 = 0.305708
Darkdrift uncertainty for readout-channel 2 = 0.303385
Darkdrift uncertainty for readout-channel 3 = 0.302829
Darkdrift uncertainty for readout-channel 4 = 0.302975
Trimmed average of values in readout-channel 1 = 5.355411
Trimmed average of values in readout-channel 2 = 5.311492
Trimmed average of values in readout-channel 3 = 5.122399
Trimmed average of values in readout-channel 4 = 5.702946
Darkdrift background term = 5.373062
...for data plane = 33
Darkdrift correction for readout-channel 1 = -0.141015
Darkdrift correction for readout-channel 2 = -0.061927
Darkdrift correction for readout-channel 3 = -0.030159
Darkdrift correction for readout-channel 4 = 0.233101
Darkdrift uncertainty for readout-channel 1 = 0.302972
Darkdrift uncertainty for readout-channel 2 = 0.302992
Darkdrift uncertainty for readout-channel 3 = 0.302984
Darkdrift uncertainty for readout-channel 4 = 0.302974
Trimmed average of values in readout-channel 1 = 5.237093
Trimmed average of values in readout-channel 2 = 5.316182
Trimmed average of values in readout-channel 3 = 5.347950
Trimmed average of values in readout-channel 4 = 5.611210
Darkdrift background term = 5.378109
...for data plane = 34
Darkdrift correction for readout-channel 1 = -0.116974
Darkdrift correction for readout-channel 2 = 0.016502
Darkdrift correction for readout-channel 3 = -0.201311
Darkdrift correction for readout-channel 4 = 0.301783
Darkdrift uncertainty for readout-channel 1 = 0.302999
Darkdrift uncertainty for readout-channel 2 = 0.303253
Darkdrift uncertainty for readout-channel 3 = 0.308380
Darkdrift uncertainty for readout-channel 4 = 0.302799
Trimmed average of values in readout-channel 1 = 5.501058
Trimmed average of values in readout-channel 2 = 5.634533
Trimmed average of values in readout-channel 3 = 5.416720
Trimmed average of values in readout-channel 4 = 5.919814
Darkdrift background term = 5.618031
...for data plane = 35
Darkdrift correction for readout-channel 1 = -0.052634
Darkdrift correction for readout-channel 2 = -0.240770
Darkdrift correction for readout-channel 3 = -0.039017
Darkdrift correction for readout-channel 4 = 0.332422
Darkdrift uncertainty for readout-channel 1 = 0.302974
Darkdrift uncertainty for readout-channel 2 = 0.303261
Darkdrift uncertainty for readout-channel 3 = 0.303046
Darkdrift uncertainty for readout-channel 4 = 0.303396
Trimmed average of values in readout-channel 1 = 5.626147
Trimmed average of values in readout-channel 2 = 5.438011
Trimmed average of values in readout-channel 3 = 5.639764
Trimmed average of values in readout-channel 4 = 6.011203
Darkdrift background term = 5.678781
...for data plane = 36
Darkdrift correction for readout-channel 1 = -0.223661
Darkdrift correction for readout-channel 2 = -0.008601
Darkdrift correction for readout-channel 3 = 0.281186
Darkdrift correction for readout-channel 4 = -0.048924
Darkdrift uncertainty for readout-channel 1 = 0.303112
Darkdrift uncertainty for readout-channel 2 = 0.302418
Darkdrift uncertainty for readout-channel 3 = 0.302981
Darkdrift uncertainty for readout-channel 4 = 0.303052
Trimmed average of values in readout-channel 1 = 5.338736
Trimmed average of values in readout-channel 2 = 5.553795
Trimmed average of values in readout-channel 3 = 5.843582
Trimmed average of values in readout-channel 4 = 5.513473
Darkdrift background term = 5.562397
...for data plane = 37
Darkdrift correction for readout-channel 1 = 0.148708
Darkdrift correction for readout-channel 2 = -0.066459
Darkdrift correction for readout-channel 3 = 0.032002
Darkdrift correction for readout-channel 4 = -0.114251
Darkdrift uncertainty for readout-channel 1 = 0.303626
Darkdrift uncertainty for readout-channel 2 = 0.302683
Darkdrift uncertainty for readout-channel 3 = 0.304346
Darkdrift uncertainty for readout-channel 4 = 0.303046
Trimmed average of values in readout-channel 1 = 5.774603
Trimmed average of values in readout-channel 2 = 5.559435
Trimmed average of values in readout-channel 3 = 5.657897
Trimmed average of values in readout-channel 4 = 5.511644
Darkdrift background term = 5.625895
...for data plane = 38
Darkdrift correction for readout-channel 1 = 0.044226
Darkdrift correction for readout-channel 2 = -0.373930
Darkdrift correction for readout-channel 3 = 0.029038
Darkdrift correction for readout-channel 4 = 0.300666
Darkdrift uncertainty for readout-channel 1 = 0.302840
Darkdrift uncertainty for readout-channel 2 = 0.303795
Darkdrift uncertainty for readout-channel 3 = 0.302979
Darkdrift uncertainty for readout-channel 4 = 0.302981
Trimmed average of values in readout-channel 1 = 5.758230
Trimmed average of values in readout-channel 2 = 5.340074
Trimmed average of values in readout-channel 3 = 5.743041
Trimmed average of values in readout-channel 4 = 6.014669
Darkdrift background term = 5.714003
...for data plane = 39
Darkdrift correction for readout-channel 1 = 0.019917
Darkdrift correction for readout-channel 2 = -0.626855
Darkdrift correction for readout-channel 3 = 0.586748
Darkdrift correction for readout-channel 4 = 0.020190
Darkdrift uncertainty for readout-channel 1 = 0.303112
Darkdrift uncertainty for readout-channel 2 = 0.302957
Darkdrift uncertainty for readout-channel 3 = 0.303868
Darkdrift uncertainty for readout-channel 4 = 0.303504
Trimmed average of values in readout-channel 1 = 5.810626
Trimmed average of values in readout-channel 2 = 5.163854
Trimmed average of values in readout-channel 3 = 6.377458
Trimmed average of values in readout-channel 4 = 5.810900
Darkdrift background term = 5.790709
...for data plane = 40
Darkdrift correction for readout-channel 1 = 0.270859
Darkdrift correction for readout-channel 2 = -0.104656
Darkdrift correction for readout-channel 3 = -0.247319
Darkdrift correction for readout-channel 4 = 0.081117
Darkdrift uncertainty for readout-channel 1 = 0.302970
Darkdrift uncertainty for readout-channel 2 = 0.302967
Darkdrift uncertainty for readout-channel 3 = 0.302970
Darkdrift uncertainty for readout-channel 4 = 0.303381
Trimmed average of values in readout-channel 1 = 5.839037
Trimmed average of values in readout-channel 2 = 5.463523
Trimmed average of values in readout-channel 3 = 5.320859
Trimmed average of values in readout-channel 4 = 5.649296
Darkdrift background term = 5.568179
...for data plane = 41
Darkdrift correction for readout-channel 1 = -0.195763
Darkdrift correction for readout-channel 2 = -0.158733
Darkdrift correction for readout-channel 3 = -0.123204
Darkdrift correction for readout-channel 4 = 0.477700
Darkdrift uncertainty for readout-channel 1 = 0.303374
Darkdrift uncertainty for readout-channel 2 = 0.304917
Darkdrift uncertainty for readout-channel 3 = 0.303213
Darkdrift uncertainty for readout-channel 4 = 0.303061
Trimmed average of values in readout-channel 1 = 5.627811
Trimmed average of values in readout-channel 2 = 5.664841
Trimmed average of values in readout-channel 3 = 5.700370
Trimmed average of values in readout-channel 4 = 6.301274
Darkdrift background term = 5.823574
...for data plane = 42
Darkdrift correction for readout-channel 1 = 0.363613
Darkdrift correction for readout-channel 2 = -0.464840
Darkdrift correction for readout-channel 3 = 0.227094
Darkdrift correction for readout-channel 4 = -0.125867
Darkdrift uncertainty for readout-channel 1 = 0.303000
Darkdrift uncertainty for readout-channel 2 = 0.302977
Darkdrift uncertainty for readout-channel 3 = 0.303145
Darkdrift uncertainty for readout-channel 4 = 0.303390
Trimmed average of values in readout-channel 1 = 5.825816
Trimmed average of values in readout-channel 2 = 4.997363
Trimmed average of values in readout-channel 3 = 5.689297
Trimmed average of values in readout-channel 4 = 5.336336
Darkdrift background term = 5.462203
...for data plane = 43
Darkdrift correction for readout-channel 1 = -0.126878
Darkdrift correction for readout-channel 2 = -0.377716
Darkdrift correction for readout-channel 3 = 0.386993
Darkdrift correction for readout-channel 4 = 0.117602
Darkdrift uncertainty for readout-channel 1 = 0.303469
Darkdrift uncertainty for readout-channel 2 = 0.302980
Darkdrift uncertainty for readout-channel 3 = 0.302886
Darkdrift uncertainty for readout-channel 4 = 0.303153
Trimmed average of values in readout-channel 1 = 5.546402
Trimmed average of values in readout-channel 2 = 5.295564
Trimmed average of values in readout-channel 3 = 6.060273
Trimmed average of values in readout-channel 4 = 5.790882
Darkdrift background term = 5.673280
...for data plane = 44
Darkdrift correction for readout-channel 1 = 0.230622
Darkdrift correction for readout-channel 2 = -0.009964
Darkdrift correction for readout-channel 3 = 0.026432
Darkdrift correction for readout-channel 4 = -0.247090
Darkdrift uncertainty for readout-channel 1 = 0.374040
Darkdrift uncertainty for readout-channel 2 = 0.302978
Darkdrift uncertainty for readout-channel 3 = 0.303140
Darkdrift uncertainty for readout-channel 4 = 0.302977
Trimmed average of values in readout-channel 1 = 5.850912
Trimmed average of values in readout-channel 2 = 5.610327
Trimmed average of values in readout-channel 3 = 5.646723
Trimmed average of values in readout-channel 4 = 5.373201
Darkdrift background term = 5.620291
...for data plane = 45
Darkdrift correction for readout-channel 1 = 0.139071
Darkdrift correction for readout-channel 2 = -0.436602
Darkdrift correction for readout-channel 3 = -0.009711
Darkdrift correction for readout-channel 4 = 0.307241
Darkdrift uncertainty for readout-channel 1 = 0.303377
Darkdrift uncertainty for readout-channel 2 = 0.303533
Darkdrift uncertainty for readout-channel 3 = 0.303068
Darkdrift uncertainty for readout-channel 4 = 0.302966
Trimmed average of values in readout-channel 1 = 5.444918
Trimmed average of values in readout-channel 2 = 4.869244
Trimmed average of values in readout-channel 3 = 5.296136
Trimmed average of values in readout-channel 4 = 5.613088
Darkdrift background term = 5.305846
...for data plane = 46
Darkdrift correction for readout-channel 1 = -0.063960
Darkdrift correction for readout-channel 2 = 0.200195
Darkdrift correction for readout-channel 3 = -0.297876
Darkdrift correction for readout-channel 4 = 0.161640
Darkdrift uncertainty for readout-channel 1 = 0.303864
Darkdrift uncertainty for readout-channel 2 = 0.303531
Darkdrift uncertainty for readout-channel 3 = 0.303053
Darkdrift uncertainty for readout-channel 4 = 0.303142
Trimmed average of values in readout-channel 1 = 5.922924
Trimmed average of values in readout-channel 2 = 6.187079
Trimmed average of values in readout-channel 3 = 5.689008
Trimmed average of values in readout-channel 4 = 6.148523
Darkdrift background term = 5.986883
...for data plane = 47
Darkdrift correction for readout-channel 1 = 0.501322
Darkdrift correction for readout-channel 2 = -0.779974
Darkdrift correction for readout-channel 3 = 0.247127
Darkdrift correction for readout-channel 4 = 0.031525
Darkdrift uncertainty for readout-channel 1 = 0.266432
Darkdrift uncertainty for readout-channel 2 = 0.302148
Darkdrift uncertainty for readout-channel 3 = 0.303089
Darkdrift uncertainty for readout-channel 4 = 0.303413
Trimmed average of values in readout-channel 1 = 5.845112
Trimmed average of values in readout-channel 2 = 4.563816
Trimmed average of values in readout-channel 3 = 5.590917
Trimmed average of values in readout-channel 4 = 5.375315
Darkdrift background term = 5.343790
...for data plane = 48
Darkdrift correction for readout-channel 1 = -0.192461
Darkdrift correction for readout-channel 2 = -0.056038
Darkdrift correction for readout-channel 3 = -0.025879
Darkdrift correction for readout-channel 4 = 0.274378
Darkdrift uncertainty for readout-channel 1 = 0.303630
Darkdrift uncertainty for readout-channel 2 = 0.302696
Darkdrift uncertainty for readout-channel 3 = 0.302973
Darkdrift uncertainty for readout-channel 4 = 0.302374
Trimmed average of values in readout-channel 1 = 5.440207
Trimmed average of values in readout-channel 2 = 5.576629
Trimmed average of values in readout-channel 3 = 5.606788
Trimmed average of values in readout-channel 4 = 5.907045
Darkdrift background term = 5.632667
...for data plane = 49
Darkdrift correction for readout-channel 1 = -0.000947
Darkdrift correction for readout-channel 2 = -0.028221
Darkdrift correction for readout-channel 3 = 0.047096
Darkdrift correction for readout-channel 4 = -0.017928
Darkdrift uncertainty for readout-channel 1 = 0.302978
Darkdrift uncertainty for readout-channel 2 = 0.303261
Darkdrift uncertainty for readout-channel 3 = 0.302979
Darkdrift uncertainty for readout-channel 4 = 0.302971
Trimmed average of values in readout-channel 1 = 5.591843
Trimmed average of values in readout-channel 2 = 5.564570
Trimmed average of values in readout-channel 3 = 5.639887
Trimmed average of values in readout-channel 4 = 5.574862
Darkdrift background term = 5.592791
...for data plane = 50
Darkdrift correction for readout-channel 1 = 0.087952
Darkdrift correction for readout-channel 2 = -0.592593
Darkdrift correction for readout-channel 3 = 0.422683
Darkdrift correction for readout-channel 4 = 0.081958
Darkdrift uncertainty for readout-channel 1 = 0.303103
Darkdrift uncertainty for readout-channel 2 = 0.303521
Darkdrift uncertainty for readout-channel 3 = 0.303692
Darkdrift uncertainty for readout-channel 4 = 0.302978
Trimmed average of values in readout-channel 1 = 5.494845
Trimmed average of values in readout-channel 2 = 4.814301
Trimmed average of values in readout-channel 3 = 5.829577
Trimmed average of values in readout-channel 4 = 5.488852
Darkdrift background term = 5.406894
...for data plane = 51
Darkdrift correction for readout-channel 1 = -0.029314
Darkdrift correction for readout-channel 2 = -0.453767
Darkdrift correction for readout-channel 3 = 0.147268
Darkdrift correction for readout-channel 4 = 0.335813
Darkdrift uncertainty for readout-channel 1 = 0.377949
Darkdrift uncertainty for readout-channel 2 = 0.302978
Darkdrift uncertainty for readout-channel 3 = 0.302885
Darkdrift uncertainty for readout-channel 4 = 0.302398
Trimmed average of values in readout-channel 1 = 5.736058
Trimmed average of values in readout-channel 2 = 5.311605
Trimmed average of values in readout-channel 3 = 5.912639
Trimmed average of values in readout-channel 4 = 6.101185
Darkdrift background term = 5.765371
...for data plane = 52
Darkdrift correction for readout-channel 1 = 0.427787
Darkdrift correction for readout-channel 2 = -0.053507
Darkdrift correction for readout-channel 3 = -0.065092
Darkdrift correction for readout-channel 4 = -0.309188
Darkdrift uncertainty for readout-channel 1 = 0.302976
Darkdrift uncertainty for readout-channel 2 = 0.301869
Darkdrift uncertainty for readout-channel 3 = 0.303299
Darkdrift uncertainty for readout-channel 4 = 0.303563
Trimmed average of values in readout-channel 1 = 6.213736
Trimmed average of values in readout-channel 2 = 5.732443
Trimmed average of values in readout-channel 3 = 5.720857
Trimmed average of values in readout-channel 4 = 5.476761
Darkdrift background term = 5.785949
...for data plane = 53
Darkdrift correction for readout-channel 1 = 0.064662
Darkdrift correction for readout-channel 2 = -0.182949
Darkdrift correction for readout-channel 3 = -0.228787
Darkdrift correction for readout-channel 4 = 0.347075
Darkdrift uncertainty for readout-channel 1 = 0.302970
Darkdrift uncertainty for readout-channel 2 = 0.302976
Darkdrift uncertainty for readout-channel 3 = 0.303131
Darkdrift uncertainty for readout-channel 4 = 0.303311
Trimmed average of values in readout-channel 1 = 5.719253
Trimmed average of values in readout-channel 2 = 5.471642
Trimmed average of values in readout-channel 3 = 5.425804
Trimmed average of values in readout-channel 4 = 6.001666
Darkdrift background term = 5.654591
...for data plane = 54
Darkdrift correction for readout-channel 1 = 0.227158
Darkdrift correction for readout-channel 2 = -0.270517
Darkdrift correction for readout-channel 3 = -0.105127
Darkdrift correction for readout-channel 4 = 0.148486
Darkdrift uncertainty for readout-channel 1 = 0.302848
Darkdrift uncertainty for readout-channel 2 = 0.305451
Darkdrift uncertainty for readout-channel 3 = 0.303052
Darkdrift uncertainty for readout-channel 4 = 0.303486
Trimmed average of values in readout-channel 1 = 5.628815
Trimmed average of values in readout-channel 2 = 5.131141
Trimmed average of values in readout-channel 3 = 5.296530
Trimmed average of values in readout-channel 4 = 5.550143
Darkdrift background term = 5.401657
...for data plane = 55
Darkdrift correction for readout-channel 1 = -0.457764
Darkdrift correction for readout-channel 2 = 0.368265
Darkdrift correction for readout-channel 3 = 0.373410
Darkdrift correction for readout-channel 4 = -0.283911
Darkdrift uncertainty for readout-channel 1 = 0.302973
Darkdrift uncertainty for readout-channel 2 = 0.302990
Darkdrift uncertainty for readout-channel 3 = 0.302975
Darkdrift uncertainty for readout-channel 4 = 0.302550
Trimmed average of values in readout-channel 1 = 5.199313
Trimmed average of values in readout-channel 2 = 6.025342
Trimmed average of values in readout-channel 3 = 6.030487
Trimmed average of values in readout-channel 4 = 5.373166
Darkdrift background term = 5.657077
...for data plane = 56
Darkdrift correction for readout-channel 1 = 0.071747
Darkdrift correction for readout-channel 2 = 0.088311
Darkdrift correction for readout-channel 3 = -0.224220
Darkdrift correction for readout-channel 4 = 0.064161
Darkdrift uncertainty for readout-channel 1 = 0.303886
Darkdrift uncertainty for readout-channel 2 = 0.302753
Darkdrift uncertainty for readout-channel 3 = 0.302897
Darkdrift uncertainty for readout-channel 4 = 0.302965
Trimmed average of values in readout-channel 1 = 5.556850
Trimmed average of values in readout-channel 2 = 5.573414
Trimmed average of values in readout-channel 3 = 5.260883
Trimmed average of values in readout-channel 4 = 5.549264
Darkdrift background term = 5.485103
...for data plane = 57
Darkdrift correction for readout-channel 1 = 0.276038
Darkdrift correction for readout-channel 2 = -0.499517
Darkdrift correction for readout-channel 3 = 0.075401
Darkdrift correction for readout-channel 4 = 0.148079
Darkdrift uncertainty for readout-channel 1 = 0.303127
Darkdrift uncertainty for readout-channel 2 = 0.302704
Darkdrift uncertainty for readout-channel 3 = 0.302992
Darkdrift uncertainty for readout-channel 4 = 0.302977
Trimmed average of values in readout-channel 1 = 6.079623
Trimmed average of values in readout-channel 2 = 5.304068
Trimmed average of values in readout-channel 3 = 5.878986
Trimmed average of values in readout-channel 4 = 5.951664
Darkdrift background term = 5.803585
...for data plane = 58
Darkdrift correction for readout-channel 1 = -0.036423
Darkdrift correction for readout-channel 2 = -0.156412
Darkdrift correction for readout-channel 3 = 0.066469
Darkdrift correction for readout-channel 4 = 0.126366
Darkdrift uncertainty for readout-channel 1 = 0.303596
Darkdrift uncertainty for readout-channel 2 = 0.302986
Darkdrift uncertainty for readout-channel 3 = 0.303066
Darkdrift uncertainty for readout-channel 4 = 0.303237
Trimmed average of values in readout-channel 1 = 0.362169
Trimmed average of values in readout-channel 2 = 0.242180
Trimmed average of values in readout-channel 3 = 0.465061
Trimmed average of values in readout-channel 4 = 0.524957
Darkdrift background term = 0.398592
...for data plane = 59
Darkdrift correction for readout-channel 1 = 0.173479
Darkdrift correction for readout-channel 2 = -0.271401
Darkdrift correction for readout-channel 3 = -0.241190
Darkdrift correction for readout-channel 4 = 0.339112
Darkdrift uncertainty for readout-channel 1 = 0.303368
Darkdrift uncertainty for readout-channel 2 = 0.302970
Darkdrift uncertainty for readout-channel 3 = 0.302982
Darkdrift uncertainty for readout-channel 4 = 0.378393
Trimmed average of values in readout-channel 1 = 5.883037
Trimmed average of values in readout-channel 2 = 5.438157
Trimmed average of values in readout-channel 3 = 5.468368
Trimmed average of values in readout-channel 4 = 6.048670
Darkdrift background term = 5.709558
...for data plane = 60
Darkdrift correction for readout-channel 1 = 0.169981
Darkdrift correction for readout-channel 2 = -0.529127
Darkdrift correction for readout-channel 3 = -0.127611
Darkdrift correction for readout-channel 4 = 0.486756
Darkdrift uncertainty for readout-channel 1 = 0.303744
Darkdrift uncertainty for readout-channel 2 = 0.377606
Darkdrift uncertainty for readout-channel 3 = 0.300952
Darkdrift uncertainty for readout-channel 4 = 0.303384
Trimmed average of values in readout-channel 1 = 5.777044
Trimmed average of values in readout-channel 2 = 5.077935
Trimmed average of values in readout-channel 3 = 5.479452
Trimmed average of values in readout-channel 4 = 6.093819
Darkdrift background term = 5.607063
...for data plane = 61
Darkdrift correction for readout-channel 1 = -0.310456
Darkdrift correction for readout-channel 2 = 0.162793
Darkdrift correction for readout-channel 3 = -0.295087
Darkdrift correction for readout-channel 4 = 0.442750
Darkdrift uncertainty for readout-channel 1 = 0.303357
Darkdrift uncertainty for readout-channel 2 = 0.302153
Darkdrift uncertainty for readout-channel 3 = 0.303067
Darkdrift uncertainty for readout-channel 4 = 0.303128
Trimmed average of values in readout-channel 1 = 5.160549
Trimmed average of values in readout-channel 2 = 5.633798
Trimmed average of values in readout-channel 3 = 5.175918
Trimmed average of values in readout-channel 4 = 5.913756
Darkdrift background term = 5.471005
...for data plane = 62
Darkdrift correction for readout-channel 1 = -0.056071
Darkdrift correction for readout-channel 2 = -0.159866
Darkdrift correction for readout-channel 3 = 0.003017
Darkdrift correction for readout-channel 4 = 0.212919
Darkdrift uncertainty for readout-channel 1 = 0.303093
Darkdrift uncertainty for readout-channel 2 = 0.302978
Darkdrift uncertainty for readout-channel 3 = 0.377265
Darkdrift uncertainty for readout-channel 4 = 0.302812
Trimmed average of values in readout-channel 1 = 5.342593
Trimmed average of values in readout-channel 2 = 5.238798
Trimmed average of values in readout-channel 3 = 5.401681
Trimmed average of values in readout-channel 4 = 5.611583
Darkdrift background term = 5.398664
...for data plane = 63
Darkdrift correction for readout-channel 1 = -0.145135
Darkdrift correction for readout-channel 2 = -0.308015
Darkdrift correction for readout-channel 3 = 0.168486
Darkdrift correction for readout-channel 4 = 0.284664
Darkdrift uncertainty for readout-channel 1 = 0.303500
Darkdrift uncertainty for readout-channel 2 = 0.303790
Darkdrift uncertainty for readout-channel 3 = 0.302976
Darkdrift uncertainty for readout-channel 4 = 0.302890
Trimmed average of values in readout-channel 1 = 5.386463
Trimmed average of values in readout-channel 2 = 5.223583
Trimmed average of values in readout-channel 3 = 5.700083
Trimmed average of values in readout-channel 4 = 5.816262
Darkdrift background term = 5.531598
...for data plane = 64
Darkdrift correction for readout-channel 1 = 0.032875
Darkdrift correction for readout-channel 2 = -0.331648
Darkdrift correction for readout-channel 3 = -0.156873
Darkdrift correction for readout-channel 4 = 0.455646
Darkdrift uncertainty for readout-channel 1 = 0.303497
Darkdrift uncertainty for readout-channel 2 = 0.302975
Darkdrift uncertainty for readout-channel 3 = 0.378555
Darkdrift uncertainty for readout-channel 4 = 0.302639
Trimmed average of values in readout-channel 1 = 5.897322
Trimmed average of values in readout-channel 2 = 5.532799
Trimmed average of values in readout-channel 3 = 5.707574
Trimmed average of values in readout-channel 4 = 6.320093
Darkdrift background term = 5.864447

Program darkdrift: Status Message: 0x0000
Normal exit from Function 0x0000: LOG_WRITER
darkdrift Warning: NaN's were produced in the results.
A total of     2013   NaN's were produced in the results.
Processing time: 11.520000 seconds
Current date/time: Sat Jan  9 14:59:42 2016
Program darkdrift, version 4.1, terminated.

darkdrift   exit_value =   0    execution_time = 11.610s
******************************************************************
Pipeline executing flatap
flatap -i darkdrift.fits -p cal/pmask.fits -f cal/skyflat.fits -ui sig_darkdrift.fits -uo sig_flatap.fits -d dmask.fits -o flatap.fits -c cal/skyflat_cmask.fits 
******************************************************************
Pipeline Module FLATAP Version 1.5
Processing time Sat Jan  9 14:59:43 2016

flatap_parse_namelist: Information only: Namelist not specified.
Sat Jan  9 14:59:43 2016
flatap_log_writer: Could not open Log File, using stdout
Flatap Version 1.5
Namelist File  = 
Input DCE = darkdrift.fits
Output DCE = !flatap.fits
Flatfield = cal/skyflat.fits
Input Uncertainty = sig_darkdrift.fits
Output Uncertainty = !sig_flatap.fits
Pmask File = cal/pmask.fits
Pmask Mask = 128
Dmask File = dmask.fits
Dmask Mask = 16384
Cmask File = cal/skyflat_cmask.fits
Cmask Mask = 256
Trans CAL File = 
Trans CAL CMask File = 
Processing Log File = 
Time =    0.19 seconds
*********************

Time = 0.190 seconds
exit code 0

flatap   exit_value =   0    execution_time = 0.270s
******************************************************************
Pipeline executing imfliprot
imfliprot -i flatap.fits -n cdf/pn107.nl -a /sos/sw/S19.2.0/STUDIO/downlink/include -o imfliprot.fits 
******************************************************************

imfliprot_log_writer: Printing Log output to stdout

Program imfliprot, Version 1.0
Namelist File  = cdf/pn107.nl
Input File = flatap.fits
Output File = imfliprot.fits
Image has been flipped
Image Rotation (degrees)  = 180
Ancillary Data-File Path = /sos/sw/S19.2.0/STUDIO/downlink/include
Verbose flag = 0
Debug flag = 0
imfliprot Status Message      0x0000: Normal exit from Function 0x0000: LOG_WRITER
Processing time: 0.190000 seconds
Current date/time: Sat Jan  9 14:59:44 2016
Program imfliprot, version 1.0, terminated.


imfliprot   exit_value =   0    execution_time = 0.230s
******************************************************************
Pipeline executing imfliprot
imfliprot -i sig_flatap.fits -n cdf/pn107.nl -a /sos/sw/S19.2.0/STUDIO/downlink/include -o sig_imfliprot.fits 
******************************************************************

imfliprot_log_writer: Printing Log output to stdout

Program imfliprot, Version 1.0
Namelist File  = cdf/pn107.nl
Input File = sig_flatap.fits
Output File = sig_imfliprot.fits
Image has been flipped
Image Rotation (degrees)  = 180
Ancillary Data-File Path = /sos/sw/S19.2.0/STUDIO/downlink/include
Verbose flag = 0
Debug flag = 0
imfliprot Status Message      0x0000: Normal exit from Function 0x0000: LOG_WRITER
Processing time: 0.190000 seconds
Current date/time: Sat Jan  9 14:59:44 2016
Program imfliprot, version 1.0, terminated.


imfliprot   exit_value =   0    execution_time = 0.240s
******************************************************************
Pipeline executing imfliprot
imfliprot -i dmask.fits -n cdf/pn107.nl -a /sos/sw/S19.2.0/STUDIO/downlink/include -o temp_dmask.fits 
******************************************************************

imfliprot_log_writer: Printing Log output to stdout

Program imfliprot, Version 1.0
Namelist File  = cdf/pn107.nl
Input File = dmask.fits
Output File = temp_dmask.fits
Image has been flipped
Image Rotation (degrees)  = 180
Ancillary Data-File Path = /sos/sw/S19.2.0/STUDIO/downlink/include
Verbose flag = 0
Debug flag = 0
imfliprot Status Message      0x0000: Normal exit from Function 0x0000: LOG_WRITER
Processing time: 0.050000 seconds
Current date/time: Sat Jan  9 14:59:45 2016
Program imfliprot, version 1.0, terminated.


imfliprot   exit_value =   0    execution_time = 0.130s
******************************************************************
Pipeline executing imfliprot
imfliprot -i fowlinearize.fits -n cdf/pn107.nl -a /sos/sw/S19.2.0/STUDIO/downlink/include -o temp_fowlinearize.fits 
******************************************************************

imfliprot_log_writer: Printing Log output to stdout

Program imfliprot, Version 1.0
Namelist File  = cdf/pn107.nl
Input File = fowlinearize.fits
Output File = temp_fowlinearize.fits
Image has been flipped
Image Rotation (degrees)  = 180
Ancillary Data-File Path = /sos/sw/S19.2.0/STUDIO/downlink/include
Verbose flag = 0
Debug flag = 0
imfliprot Status Message      0x0000: Normal exit from Function 0x0000: LOG_WRITER
Processing time: 0.080000 seconds
Current date/time: Sat Jan  9 14:59:45 2016
Program imfliprot, version 1.0, terminated.


imfliprot   exit_value =   0    execution_time = 0.140s
******************************************************************
Pipeline executing imfliprot
imfliprot -i sig_fowlinearize.fits -n cdf/pn107.nl -a /sos/sw/S19.2.0/STUDIO/downlink/include -o temp_sig_fowlinearize.fits 
******************************************************************

imfliprot_log_writer: Printing Log output to stdout

Program imfliprot, Version 1.0
Namelist File  = cdf/pn107.nl
Input File = sig_fowlinearize.fits
Output File = temp_sig_fowlinearize.fits
Image has been flipped
Image Rotation (degrees)  = 180
Ancillary Data-File Path = /sos/sw/S19.2.0/STUDIO/downlink/include
Verbose flag = 0
Debug flag = 0
imfliprot Status Message      0x0000: Normal exit from Function 0x0000: LOG_WRITER
Processing time: 0.080000 seconds
Current date/time: Sat Jan  9 14:59:46 2016
Program imfliprot, version 1.0, terminated.


imfliprot   exit_value =   0    execution_time = 0.140s
******************************************************************
Pipeline executing dntoflux
dntoflux -i imfliprot.fits -iu sig_imfliprot.fits -n cdf/pn107.nl -co 0 -c 0.1447 -u 0.0000 -a /sos/sw/S19.2.0/STUDIO/downlink/include -o1 dntoflux.fits -ou sig_dntoflux.fits -t 1 
******************************************************************

Program dntoflux, Version 4.2
Namelist File  = cdf/pn107.nl
Input Image = imfliprot.fits
Output File 1 = dntoflux.fits
Output Uncertainty Image = sig_dntoflux.fits
Operation flag = 0
Conversion factor = 0.144700
Input Uncertainty Image = sig_imfliprot.fits
Conversion-factor uncertainty = 0.000000
Output BUNIT setting = MJy/sr
Normalize-by-EXPTIME Flag = 1
EXPTIME = 1.920000
Data-Plane Flag = 1
Ancillary Data-File Path = /sos/sw/S19.2.0/STUDIO/downlink/include
Verbose flag = 0
Super-verbose flag = 0
Debug flag = 0
Terminating data-units-conversion program.
dntoflux Status Message: 0x0000
Normal exit from Function 0x0000: LOG_WRITER
dntoflux Probs Warning: NaN's were produced in the results.
A total of     4026   NaN's were produced in the results.
Processing time: 0.460000 seconds
Current date/time: Sat Jan  9 14:59:47 2016
Program dntoflux, version 4.2, terminated.

dntoflux   exit_value =   0    execution_time = 0.610s
******************************************************************
Pipeline executing qatool
qatool -i dntoflux.fits -n cdf/pn107.nl -nb QATOOLBCD -a /sos/sw/S19.2.0/STUDIO/downlink/include -o qa/BCD_qatool 
******************************************************************
qatool_parse_namelist: Information only: Namelist block-name = &QATOOLBCD
Program qatool, Version 6.0
Namelist File  = cdf/pn107.nl
Input File = dntoflux.fits
Output Data Filename Base = qa/BCD_qatool
Statistics Group = 0
Percent-Scaling Flag = 0
Calculation Type = 1
(set-up to do additional computations for four readout channels)
Number of Mean Absolute Deviations for Histogram Half-Width Coverage = 5
Number of Bins in Histograms = 41
Central fraction for trimmed average = 0.810000
Central fraction for trimmed std. dev. = 0.720000
Bad-pixel tolerance fraction = 0.900000
Statistics Box X position = 3
Statistics Box Y position = 4
Statistics Box X width = 20
Statistics Box Y height = 23
Input-Image Transpose Flag = 1
Unsigned Integer Flag = 0
Data-Plane Flag = 1
Number Edge Rows/Cols Skipped = 2
Keyword Prefix = bcd
Ancillary Data-File Path = /sos/sw/S19.2.0/STUDIO/downlink/include
Verbose flag = 0
Super-verbose flag = 0
Debug flag = 0
Performed statistical and histogram calculations.
Program qatool: Status Message: 0x0000
Normal exit from Function 0x0000: LOG_WRITER
Processing time: 1.260000 seconds
Current date/time: Sat Jan  9 14:59:49 2016
Program qatool, version 6.0, terminated.

qatool   exit_value =   0    execution_time = 1.360s
******************************************************************
Pipeline executing chkmask
chkmask dmask.fits -q qa/BCD_qatool.qa 
******************************************************************
 chkmask vsn 1.35 A40312
 
 No. of occurrences of the   3 status combinations:
   2266 occurrences of   256 (8)                                 
   9 occurrences of   16 (4)                                 
   3 occurrences of   272 (4,8)                               
 
 Status Bit: No. of Pixels
   0:   0
   1:   0
   2:   0
   3:   0
   4:   12
   5:   0
   6:   0
   7:   0
   8:   2269
   9:   0
   10:   0
   11:   0
   12:   0
   13:   0
   14:   0
 

chkmask   exit_value =   0    execution_time = 0.400s
******************************************************************
Loading QA information for DCE and BCD product
Keyword APDUV1E not found in header
Keyword APDUV2E not found in header
Keyword APDUV3E not found in header
Keyword APDUI1E not found in header
Keyword APDUI2E not found in header
Keyword APDUI3E not found in header
Could not append keyword APDUV1E to QA file qa/DCE_qatool.qa
Could not append keyword APDUV2E to QA file qa/DCE_qatool.qa
Could not append keyword APDUV3E to QA file qa/DCE_qatool.qa
Could not append keyword APDUI1E to QA file qa/DCE_qatool.qa
Could not append keyword APDUI2E to QA file qa/DCE_qatool.qa
Could not append keyword APDUI3E to QA file qa/DCE_qatool.qa
******************************************************************
Pipeline executing qaloader
qaloader -i qa/DCE_qatool.qa -tablename qa_iracdce -o qa/qaloader.sql -role pipelineswrole 
******************************************************************
2016/01/09 14:59:53 BEGIN qaloader v1.13
 -i (QA_FILE) qa/DCE_qatool.qa
 -tablename (TABLENAME) qa_iracdce
 -o (SQL_FILE) qa/qaloader.sql
 -role (ROLE) pipelineswrole
Using metadata version 13.0b
table name=qa_iracdce

QA values ingested:
{-4.608541e+01} {}
dceAveFI_1       -4.608541e+01 
{-4.888107e+01} {}
dceAveR1_1       -4.888107e+01 
{-2.901106e+01} {}
dceAveR2_1       -2.901106e+01 
{-3.343220e+01} {}
dceAveR3_1       -3.343220e+01 
{-7.301731e+01} {}
dceAveR4_1       -7.301731e+01 
{-2.200000e+01} {-4.888107e+01}
dceMedFI_1       -2.200000e+01 
{3.091555e+02} {}
dceSdevFI_1      3.091555e+02 
{4.770400e+00} {}
dceDSclFI_1      4.770400e+00 
{-8.934000e+03} {}
dceMinFI_1       -8.934000e+03 
{1.700000e+01} {}
dceMaxFI_1       1.700000e+01 
{147809442} {}
DCEID            147809442 
{2} {-4.608541e+01}
CHNLNUM          2 
{0} {}
ADCEID           0 
{8} {}
AFOWLNUM         8 
{184} {}
AWAITPER         184 
{0} {}
AWEASIDE         0 
{1} {}
AREADMOD         1 
{27.699513} {}
AFPAT1B          27.699513 
{28.669623} {}
AFPAT2B          28.669623 
{0} {}
APEDSIG          0 
{0} {}
ATXSTAT          0 
{0} {}
AFLSTAT          0 
{4} {}
ASHSTAT          4 
{-3.5585} {}
AVRSTBEG         -3.5585 
{-3.056874} {}
AVDETBEG         -3.056874 
{-3.618536} {}
AVGG1BEG         -3.618536 
{-3.550644} {}
AVDDUBEG         -3.550644 
{0} {}
AVGGCBEG         0 
{21.656968} {}
ACTENDT          21.656968 
{19.753043} {}
AFPECTE          19.753043 
{23.174509} {}
AFPEATE          23.174509 
{24.064953} {}
ATCTEMPE         24.064953 
{21.596006} {}
ACETEMPE         21.596006 
{21.535044} {}
APDTEMPE         21.535044 
{27.671961} {}
ACATMP2E         27.671961 
2016/01/09 14:59:53 END   qaloader status=0

qaloader   exit_value =   0    execution_time = 0.100s
******************************************************************
Pipeline executing qaloader
qaloader -i qa/BCD_qatool.qa -tablename qa_iracdp -o qa/qaloader.sql 
******************************************************************
2016/01/09 14:59:53 BEGIN qaloader v1.13
 -i (QA_FILE) qa/BCD_qatool.qa
 -tablename (TABLENAME) qa_iracdp
 -o (SQL_FILE) qa/qaloader.sql
Using metadata version 13.0b
table name=qa_iracdp

QA values ingested:
{2.500832e+00} {}
bcdAveFI_1       2.500832e+00 
{4.003509e+00} {}
bcdAveUB_1       4.003509e+00 
{5.361123e-01} {}
bcdMedFI_1       5.361123e-01 
{6.814798e-01} {}
bcdMedUB_1       6.814798e-01 
{2.650698e+01} {}
bcdSdevFI_1      2.650698e+01 
{3.454027e+01} {}
bcdSdevUB_1      3.454027e+01 
{4.638989e-01} {}
bcdDSclFI_1      4.638989e-01 
{5.424505e-01} {}
bcdDSclUB_1      5.424505e-01 
{-6.639247e-01} {}
bcdMinFI_1       -6.639247e-01 
{-2.534671e-01} {}
bcdMinUB_1       -2.534671e-01 
{7.087877e+02} {}
bcdMaxFI_1       7.087877e+02 
{7.087877e+02} {}
bcdMaxUB_1       7.087877e+02 
{5.203206e-01} {}
bcdC68lFI_1      5.203206e-01 
{5.451315e-01} {}
bcdC68uFI_1      5.451315e-01 
{391693381} {}
DPID             391693381 
{2} {2.500832e+00}
CHNLNUM          2 
2016/01/09 14:59:53 END   qaloader status=0

qaloader   exit_value =   0    execution_time = 0.150s
******************************************************************
Pipeline executing dbaccess
dbaccess -e sodb qa/qaloader.sql 
******************************************************************
set role pipelineswrole;
set lock mode to wait 30;
EXECUTE PROCEDURE addQA_iracdce (147809442, NULL, NULL, 2, -4.608541e+01, 
-2.200000e+01, -4.888107e+01, -2.901106e+01, -3.343220e+01, -7.301731e+01, 
3.091555e+02, 4.770400e+00, -8.934000e+03, 1.700000e+01, 0, 8, 184, 0, 1, 
27.699513, 28.669623, 0, 0, 0, 4, -3.5585, -3.056874, -3.618536, -3.550644, 0, 
21.656968, 19.753043, 23.174509, 24.064953, 21.596006, 21.535044, 27.671961, 
NULL, NULL, NULL, NULL, NULL, NULL);
EXECUTE PROCEDURE addQA_iracdp (391693381, NULL, NULL, 2, 2.500832e+00, 
4.003509e+00, 5.361123e-01, 6.814798e-01, 2.650698e+01, 3.454027e+01, 
4.638989e-01, 5.424505e-01, -6.639247e-01, -2.534671e-01, 7.087877e+02, 
7.087877e+02, 5.203206e-01, 5.451315e-01, NULL, NULL, NULL, NULL, NULL, NULL);
execute procedure setDceTimeParameters (147809442, 1037040981.914, "2012-11-10 18:50:01.610", 1.92, 2.00);

dbaccess   exit_value =   0    execution_time = 0.160s
******************************************************************
Finishing IRAC science pipeline processing
Could not copy cal/firstframe_corr.fits to /sbx20/S19.2.0/archive/proc/full/IRAC033400/bcd/4568/0046471424/2/0020/0000/17/01/1/cal/firstframe_corr.fits
Could not copy imask.fits to /sbx20/S19.2.0/archive/proc/full/IRAC033400/bcd/4568/0046471424/2/0020/0000/17/01/1/imask.fits
Could not copy muxbleedcorr.fits to /sbx20/S19.2.0/archive/proc/full/IRAC033400/bcd/4568/0046471424/2/0020/0000/17/01/1/muxbleedcorr.fits
Could not copy slremove.fits to /sbx20/S19.2.0/archive/proc/full/IRAC033400/bcd/4568/0046471424/2/0020/0000/17/01/1/slremove.fits
******************************************************************
PlScriptID 17 exiting Saturday, January  9, 2016  2:59:57 PM PST
Host: sopipe63
Local Processing Directory: /scr3/S19.2.0/IRAC033400/bcd/4568/0046471424/2/0020/0000/17/01/1
Sandbox Directory: /sbx20/S19.2.0/archive/proc/full/IRAC033400/bcd/4568/0046471424/2/0020/0000/17/01/1
Processing time: total 29.5 s (user 1.01, system 1.04, child user 17.02, child system 10.43)
Pipeline exit code: Normal exit (0)
******************************************************************
