 hdrupd8 vsn 1.6  A70821
******************************************************************
Executing IRAC science pipeline
******************************************************************
Pipeline executing sanity_datatype
sanity_datatype -i ../fos16.fits -t1 cdf/sanity_datatype1.tbl -t2 cdf/sanity_datatype2.tbl -o1 qa/sanity_datatype1.tbl -o2 qa/sanity_datatype2.tbl 
******************************************************************
Program Sanity_datatype is started .... Version 1.0, Sat Jan  9 14:56:52 2016
Input Image File = ../fos16.fits
Input Data Table 1 = cdf/sanity_datatype1.tbl
Input Data Table 2 = cdf/sanity_datatype2.tbl
Output Filename1 = qa/sanity_datatype1.tbl
Output Filename2 = qa/sanity_datatype2.tbl
Log File = stdout
I_Debug = 0
I_Verbose = 0
I_SuperVerbose = 0
Processing time: 0.080000 seconds
Program Sanity_datatype is done. Version 1.0, Sat Jan  9 14:56:52 2016


sanity_datatype   exit_value =   0    execution_time = 0.400s
******************************************************************
Pipeline executing qatool
qatool -i ../fos16.fits -n cdf/pn107.nl -nb QATOOLDCE -a /sos/sw/S19.2.0/STUDIO/downlink/include -o qa/DCE_qatool 
******************************************************************
qatool_parse_namelist: Information only: Namelist block-name = &QATOOLDCE
Program qatool, Version 6.0
Namelist File  = cdf/pn107.nl
Input File = ../fos16.fits
Output Data Filename Base = qa/DCE_qatool
Statistics Group = 0
Percent-Scaling Flag = 0
Calculation Type = 1
(set-up to do additional computations for four readout channels)
Number of Mean Absolute Deviations for Histogram Half-Width Coverage = 5
Number of Bins in Histograms = 41
Central fraction for trimmed average = 0.810000
Central fraction for trimmed std. dev. = 0.720000
Bad-pixel tolerance fraction = 0.340000
Statistics Box X position = 3
Statistics Box Y position = 4
Statistics Box X width = 27
Statistics Box Y height = 33
Input-Image Transpose Flag = 1
Unsigned Integer Flag = 0
Data-Plane Flag = 1
Number Edge Rows/Cols Skipped = 10
Keyword Prefix = dce
Ancillary Data-File Path = /sos/sw/S19.2.0/STUDIO/downlink/include
Verbose flag = 0
Super-verbose flag = 0
Debug flag = 0
Performed statistical and histogram calculations.
Program qatool: Status Message: 0x0000
Normal exit from Function 0x0000: LOG_WRITER
Processing time: 0.730000 seconds
Current date/time: Sat Jan  9 14:56:53 2016
Program qatool, version 6.0, terminated.

qatool   exit_value =   0    execution_time = 0.840s
******************************************************************
Pipeline executing sanity_check
sanity_check -i qa/DCE_qatool.tbl -o qa/sanity_check.tbl 
******************************************************************
Program Sanity_check is started .... Version 1.0, Sat Jan  9 14:56:56 2016

Input File = qa/DCE_qatool.tbl
Output = qa/sanity_check.tbl
Processing time: 0.030000 seconds
Current date/time: Sat Jan  9 14:56:56 2016
Program Sanity_check, version 1.0, terminated.

sanity_check   exit_value =   0    execution_time = 0.320s
******************************************************************
Pipeline executing abad_repair
abad_repair -i ../fos16.fits -o abad_repair.fits 
******************************************************************
Pipeline Module ABAD_REPAIR Version 1.2
Processing time Sat Jan  9 14:56:57 2016

ABAD_READ_DATA: A0752D00 = 0
status from read: 1
npixs = 65536
enter output with 0
files ../fos16.fits !abad_repair.fits 
open output [!abad_repair.fits]
comment [Sat Jan  9 14:56:57 2016]
Time = 0.080 seconds
exit code 0

abad_repair   exit_value =   0    execution_time = 0.120s
******************************************************************
Pipeline executing tranhead
tranhead -i abad_repair.fits -n cdf/pn107.nl -k /scr/S19.2.0/cdf/ctd/telemetry_dictionary.dat -a /sos/sw/S19.2.0/STUDIO/downlink/include -o tranhead.fits -t, cdf/Keyword_Include_List.dat 
******************************************************************

Program tranhead, Version 13.2
Namelist File  = cdf/pn107.nl
Input File = abad_repair.fits
Dictionary File = /scr/S19.2.0/cdf/ctd/telemetry_dictionary.dat
CTD Version String = 3.0.94S
Keyword-Include-List File = cdf/Keyword_Include_List.dat
Translated-Keyword File = tranhead.hdr
CSPICE leapseconds kernel = /scr/S19.2.0/cdf/spice/leapseconds.ker
CSPICE SCLK_SCET kernel = /scr/S19.2.0/cdf/spice/sclk_scet.ker
CSPICE Spitzer Ephemeris = /scr/S19.2.0/cdf/spice/sirtf.bsp
CSPICE Planets Ephemeris = /scr/S19.2.0/cdf/spice/de.bsp
Output File = tranhead.fits
Operation Type = 1
FITS-Header Comment Flag = 1
SCLK correction factor = 1.000380
Ignore Frames (1st) = -1
Ignore Frames (2nd and higher) = -1
Central fraction for trimmed average  = 0.900000
Central fraction for trimmed std. dev. = 0.900000
Gain = 3.710000
Gain_RdOutCh_1 = 3.710000
Gain_RdOutCh_2 = 3.710000
Gain_RdOutCh_3 = 3.710000
Gain_RdOutCh_4 = 3.710000
Ancillary Data-File Path = /sos/sw/S19.2.0/STUDIO/downlink/include
Verbose flag = 0
Super-verbose flag = 0
Debug flag = 0
Configured to perform forward FITS keyword translation.
tranhead Status Message: 0x0000
Normal exit from Function 0x0000: LOG_WRITER
A total of        0   NaN's were produced in the results.
Processing time: 0.320000 seconds
Current date/time: Sat Jan  9 14:56:58 2016
Program tranhead, version 13.2, terminated.

tranhead   exit_value =   0    execution_time = 0.430s
 hdrupd8 vsn 1.6  A70821


LabDark

chan, frametime, hdy, extrpt = 2, 2.00, F, 233
expid  adceid  repidx  =  91,  0,  0 

SkyDarkaor template time = 2
hdy  repidx =  F  0
expid  ext-repeat  =  91  233

******************************************************************
Pipeline executing caltrans
caltrans -n cdf/pn107.nl -m 2 -a 7 -b /scr5/S19.2.0/dlcaldata/irac -s tranhead.fits -o cal -u SUB -jk1 CHNLNUM -jv1 2 -ja1 N -ju1 0 -js1 flip -jk2 CHNLNUM;AFOWLNUM;AWAITPER;FRAMTIME;HDRMODE -jv2 2;8;184;2.00;F -ja2 N;N;N;N;S -ju2 0;0;0;0;0 -js2 sigma;cmask -jk3 CHNLNUM;AFOWLNUM;AWAITPER;FRAMTIME;HDRMODE -jv3 2;8;184;2.00;F -ja3 N;N;N;N;S -ju3 0;0;0;0;0 -js3 cmask -jk4 CHNLNUM -jv4 2 -ja4 N -ju4 0 -js4 cmask -jk5 CHNLNUM -jv5 2 -ja5 N -ju5 0 -js5 cmask -jk6 CHNLNUM -jv6 2 -ja6 N -ju6 0 -jk7 CHNLNUM;AFOWLNUM;AWAITPER -jv7 2;8;184 -ja7 N;N;N -ju7 0;0;0 -jk8 CHNLNUM;AFOWLNUM;AWAITPER -jv8 2;8;184 -ja8 N;N;N -ju8 0;0;0 -e CALTRANSsciSUB 
******************************************************************

Online Namelist file descriptor associated
Online namelist buffer loaded: length = 7422

Warning !:  Ancillary file #1  with full suffix filename  '/sos/archive/fallbacks/IRAC004600/SUB_2s_2sf8d1r1_ch2_v2.0.0_dark_sigma.fits'  NOT in archive/sandbox !!.
Proceed to the next suffix fileprocessing .....

Warning !:  Ancillary file #2  with full suffix filename  '/sos/archive/fallbacks/IRAC004600/SUB_2s_2sf8d1r1_ch2_v2.0.0_dark_cmask.fits'  NOT in archive/sandbox !!.
Proceed to the next suffix fileprocessing .....

Warning !:  Ancillary-suffix file #1: '/scr5/S19.2.0/dlcaldata/irac/fb1502_SUB_2s_2sf8d1r1_ch2_v2.0.0_dark_sigma.fits'  could NOT be identified on cache.
Processing continues ..... 


Warning !:  Ancillary-suffix file #2: '/scr5/S19.2.0/dlcaldata/irac/fb1502_SUB_2s_2sf8d1r1_ch2_v2.0.0_dark_cmask.fits'  could NOT be identified on cache.
Processing continues ..... 


Warning !:  Ancillary file #1  with full suffix filename  '/sos/archive/fallbacks/IRAC005300/lincal_b2_sa_011410_cmask.fits'  NOT in archive/sandbox !!.
Proceed to the next suffix fileprocessing .....

Warning !:  Ancillary-suffix file #1: '/scr5/S19.2.0/dlcaldata/irac/fb1579_lincal_b2_sa_011410_cmask.fits'  could NOT be identified on cache.
Processing continues ..... 

  Printing Log output to stdout...


Program CALTRANS, Version 4.0
Command-Line Namelist Filename  = cdf/pn107.nl
Command-Line Namelist Section = CALTRANSsciSUB
CalTrans Execution Mode  = 2
CalID = 7
Input Calibration Type list = pmask;labdark;skydark;lincal;sky_flat;fluxconv;muxbleed_lut;muxbleed_coeff
Input Calibration Rule list = 0;0;300;0;0;0;0;0
Input Generic Outfname list = pmask.fits;labdark.fits;skydark.fits;lincal.fits;skyflat.fits;fluxconv;muxbleed_lut;muxbleed_coeff
Science DCE Filename = tranhead.fits
CAL Destination Path = cal
Processing time: 0.530000 seconds
Current date/time: Sat Jan  9 14:57:13 2016
Program CALTRANS, version 4.0, terminated with status = 16

CalTrans exits with status = 16



caltrans   exit_value =  16    execution_time = 0.640s
******************************************************************
Pipeline executing insbposdom
insbposdom -i tranhead.fits -o insbposdom.fits 
******************************************************************
Pipeline Module INSBPOSDOM Version 1.1
Processing time Sat Jan  9 14:57:14 2016

Sat Jan  9 14:57:14 2016
Time = 0.040 seconds
exit code 0

insbposdom   exit_value =   0    execution_time = 0.080s
******************************************************************
Pipeline executing cvti2r4
cvti2r4 -i insbposdom.fits -a 0.5625 -b 0 -d cal/dmask_for_raw.fits -o cvti2r4.fits -m row 
******************************************************************
 SIRTF I*2-to-R*4 Data Cube Conversion program vsn 1.31 A61025
 Input file:  insbposdom.fits
 Using offset =    0.562500
 Using BLANK-fill value:   0
 Output file: cvti2r4.fits
 Missing-data pattern specified as rows

cvti2r4   exit_value =   0    execution_time = 0.390s
Image has barrel shift = 3
Computed truncation correction 0.5*(1-2^-ABARREL) = 0.5625
******************************************************************
Pipeline executing hdrupd8
hdrupd8 cvti2r4.fits -a cdf/hdrupd8_cubify.dat -d cdf/hdrupd8_planify.dat 
******************************************************************
 hdrupd8 vsn 1.6  A70821
 WARNING: keyword to be deleted not found: NAXIS3  

hdrupd8   exit_value =   0    execution_time = 0.400s
******************************************************************
Pipeline executing hdrupd8
hdrupd8 dmask.fits -a cdf/hdrupd8_cubify.dat -d cdf/hdrupd8_planify.dat 
******************************************************************
 hdrupd8 vsn 1.6  A70821
 WARNING: keyword to be deleted not found: NAXIS3  

hdrupd8   exit_value =   0    execution_time = 0.310s
******************************************************************
Pipeline executing iracwrapdet1
iracwrapdet1 -i cvti2r4.fits -n cdf/pn107.nl -p cal/pmask.fits -d dmask.fits -w wmask.fits -v 
******************************************************************
Pipeline Module IRACWRAPDET1 Version 1.4
Processing time Sat Jan  9 14:57:26 2016
iracwrapdet1_parse_args: Namelist File = 	cdf/pn107.nl
iracwrapdet1_parse_args: Pmask File = 	cal/pmask.fits
iracwrapdet1_parse_args: Dmask File = 	dmask.fits
iracwrapdet1_parse_args: Wmask File = 	wmask.fits
iracwrapdet1_parse_args: Input File = 	cvti2r4.fits
iracwrapdet1_parse_args: I_Verbose = 			1
chn 2 framtim 2.000000
iracwrapdet1_read_data: Data read from file:
cvti2r4.fits
iracwrapdet1_read_data: I_NX = 32
iracwrapdet1_read_data: I_NY = 32
iracwrapdet1_read_data: I_NZ = 64
iracwrapdet1_parse_namelist: Namelist File = 	cdf/pn107.nl
Coeff used: 55000.000000 55000.000000 55000.000000 55000.000000
iracwrapdet1_compute_results: Numerical Computations finished
Sat Jan  9 14:57:26 2016
iracwrapdet1_output: Results written to file(s).
Time = 0.020 seconds
iracwrapdet1_error_handler: Error Handler finished.
iracwrapdet1_exit: Memory Deallocated.
exit code 0

iracwrapdet1   exit_value =   0    execution_time = 0.060s
******************************************************************
Pipeline executing iracwrapdet2
iracwrapdet2 -i cvti2r4.fits -n cdf/pn107.nl -p cal/pmask.fits -d dmask.fits -w wmask.fits -a /sos/sw/S19.2.0/STUDIO/downlink/include 
******************************************************************

Program iracwrapdet2, Version 1.4
Namelist File  = cdf/pn107.nl
FITS Input Image = cvti2r4.fits
Pmask File = cal/pmask.fits
Dmask File = dmask.fits
Wmask File = mask.fits
M-Level       chan1     chan2     chan3     chan4
            55000.0   55000.0   55000.0   55000.0
Tolerance     chan1     chan2     chan3     chan4
             1200.0    1200.0    1200.0    1200.0
Pmask Maximum = 65535
Dmask Maximum = 65535
Ancillary Data-File Path = /sos/sw/S19.2.0/STUDIO/downlink/include
Verbose flag = 0
Super-verbose flag = 0
Debug flag = 0
iracwrapdet2 Status Message      0x0000
Normal exit from Function 0x0000: LOG_WRITER
Processing time: 0.130000 seconds
Current date/time: Sat Jan  9 14:57:27 2016
Program iracwrapdet2, version 1.4, terminated


iracwrapdet2   exit_value =   0    execution_time = 0.170s
******************************************************************
Pipeline executing iracwrapcorr
iracwrapcorr -i cvti2r4.fits -p cal/pmask.fits -d dmask.fits -w wmask.fits -o iracwrapcorr.fits 
******************************************************************
Pipeline Module IRACWRAPCORR Version 1.3
Processing time Sat Jan  9 14:57:27 2016
iracwrapcorr_parse_namelist: Information only: Namelist not specified.
Sat Jan  9 14:57:27 2016
Time = 0.030 seconds
exit code 0

iracwrapcorr   exit_value =   0    execution_time = 0.080s
******************************************************************
Pipeline executing iracnorm
iracnorm -i iracwrapcorr.fits -p cal/pmask.fits -d dmask.fits -o iracnorm.fits 
******************************************************************
Pipeline Module IRACWNORM Version 1.10
Processing time Sat Jan  9 14:57:28 2016

Sat Jan  9 14:57:28 2016
Time = 0.040 seconds
exit code 0

iracnorm   exit_value =   0    execution_time = 0.080s
******************************************************************
Pipeline executing iracebwc
iracebwc -i iracnorm.fits -n cdf/pn107.nl -p cal/pmask.fits -d dmask.fits -o iracebwc.fits 
******************************************************************
Pipeline Module IRACEBWC Version 1.2
Processing time Sat Jan  9 14:57:28 2016

Sat Jan  9 14:57:28 2016
Time = 0.040 seconds
exit code 0

iracebwc   exit_value =   0    execution_time = 0.080s
HDR mode   =  f
AOR Template Time     =  2
DCE Frame Time    =  2.00
EXTRpt     =  233
Frame NOBF =  0
From sub determine_delays:
   aottime = 2
   aordelay = 222.190359962807
   stellarmode = f
   expid=91
imdly = 1.33936001144409
frmdly = 1.33936001144409

Immed  Delay = 1.33936001144409
Frame  Delay = 1.33936001144409

 hdrupd8 vsn 1.6  A70821
 hdrupd8 vsn 1.6  A70821
 hdrupd8 vsn 1.6  A70821
 hdrupd8 vsn 1.6  A70821
 hdrupd8 vsn 1.6  A70821
 hdrupd8 vsn 1.6  A70821
 hdrupd8 vsn 1.6  A70821
******************************************************************
Pipeline executing darksubng
darksubng -i iracebwc.fits -a /sos/sw/S19.2.0/STUDIO/downlink/include -p cal/pmask.fits -d dmask.fits -o labdarksub.fits -cc cal/labdark.fits -v 
******************************************************************
/sos/sw/S19.2.0/STUDIO/downlink/bin/darksubng: namelist not given
/sos/sw/S19.2.0/STUDIO/downlink/bin/darksubng: input uncertainty image not given
/sos/sw/S19.2.0/STUDIO/downlink/bin/darksubng: output uncertainty image not given
/sos/sw/S19.2.0/STUDIO/downlink/bin/darksubng: WARNING no uncertainty calculations will be performed
/sos/sw/S19.2.0/STUDIO/downlink/bin/darksubng: Namelist               = []
/sos/sw/S19.2.0/STUDIO/downlink/bin/darksubng: Input image            = [iracebwc.fits]
/sos/sw/S19.2.0/STUDIO/downlink/bin/darksubng: Input uncertainty      = []
/sos/sw/S19.2.0/STUDIO/downlink/bin/darksubng: Output image           = [!labdarksub.fits]
/sos/sw/S19.2.0/STUDIO/downlink/bin/darksubng: Output uncertainty     = []
/sos/sw/S19.2.0/STUDIO/downlink/bin/darksubng: Dark                   = [cal/labdark.fits]
/sos/sw/S19.2.0/STUDIO/downlink/bin/darksubng: Pmask file             = [cal/pmask.fits]
/sos/sw/S19.2.0/STUDIO/downlink/bin/darksubng: Pmask fatality bitmask = [65536]
/sos/sw/S19.2.0/STUDIO/downlink/bin/darksubng: Dmask file             = [dmask.fits]
/sos/sw/S19.2.0/STUDIO/downlink/bin/darksubng: Dmask fatality bitmask = [65536]
/sos/sw/S19.2.0/STUDIO/downlink/bin/darksubng: Cmask file             = []
/sos/sw/S19.2.0/STUDIO/downlink/bin/darksubng: Cmask fatality bitmask = [65536]
/sos/sw/S19.2.0/STUDIO/downlink/bin/darksubng: Logfile                = []
/sos/sw/S19.2.0/STUDIO/downlink/bin/darksubng: Ancillary Path         = [/sos/sw/S19.2.0/STUDIO/downlink/include]
/sos/sw/S19.2.0/STUDIO/downlink/bin/darksubng: Uncertainty calculations will not be made
/sos/sw/S19.2.0/STUDIO/downlink/bin/darksubng: WARNING cal/labdark.fits has no BUNIT key
/sos/sw/S19.2.0/STUDIO/downlink/bin/darksubng: WARNING assuming cal/labdark.fits is in DN
/sos/sw/S19.2.0/STUDIO/downlink/bin/darksubng: WARNING cal/labdark.fits has no EXPTIME key
/sos/sw/S19.2.0/STUDIO/downlink/bin/darksubng: WARNING cal/labdark.fits has no GAIN keywords
/sos/sw/S19.2.0/STUDIO/downlink/bin/darksubng: compute - performing any unit conversions
/sos/sw/S19.2.0/STUDIO/downlink/bin/darksubng: compute - starting subtraction with masking 
/sos/sw/S19.2.0/STUDIO/downlink/bin/darksubng: Processing successful; Exiting

darksubng   exit_value =   0    execution_time = 0.140s
READ Noise !! =  9.4
******************************************************************
Pipeline executing snestimator
snestimator -i labdarksub.fits -n cdf/pn107.nl -a /sos/sw/S19.2.0/STUDIO/downlink/include -p cal/pmask.fits -d dmask.fits -on sig_snestimator.fits -g 3.71 -r 9.4 
******************************************************************
verbose 0

Program SNESTIMATOR, Version 1.5
Namelist File  = cdf/pn107.nl
Input FITS Image = labdarksub.fits
Noise Image = sig_snestimator.fits
Denominator type = IRAC_MODEL
Edge Pixels Excluded = 0
Gain Channel 1 = 3.710000 Channel 2 = 3.710000 Channel 3 = 3.710000 Channel 4 = 3.710000
Read Noise = 9.400000
Confusion Sigma = 0.000000
Ancillary Data-File Path = /sos/sw/S19.2.0/STUDIO/downlink/include
Verbose flag = 0
Super-verbose flag = 0
Debug flag = 0
snestimator Status Message      0x0000
Normal exit from Function 0x0000: LOG_WRITER
Processing time: 0.100000 seconds
Current date/time: Sat Jan  9 14:57:57 2016
Program SNESTIMATOR, version 1.5, terminated


snestimator   exit_value =   0    execution_time = 0.180s
******************************************************************
Pipeline executing darksubng
darksubng -i iracebwc.fits -iu sig_snestimator.fits -a /sos/sw/S19.2.0/STUDIO/downlink/include -p cal/pmask.fits -d dmask.fits -o labdarksub.fits -ou sig_labdarksub.fits -cc cal/labdark.fits -v 
******************************************************************
/sos/sw/S19.2.0/STUDIO/downlink/bin/darksubng: namelist not given
/sos/sw/S19.2.0/STUDIO/downlink/bin/darksubng: Namelist               = []
/sos/sw/S19.2.0/STUDIO/downlink/bin/darksubng: Input image            = [iracebwc.fits]
/sos/sw/S19.2.0/STUDIO/downlink/bin/darksubng: Input uncertainty      = [sig_snestimator.fits]
/sos/sw/S19.2.0/STUDIO/downlink/bin/darksubng: Output image           = [!labdarksub.fits]
/sos/sw/S19.2.0/STUDIO/downlink/bin/darksubng: Output uncertainty     = [!sig_labdarksub.fits]
/sos/sw/S19.2.0/STUDIO/downlink/bin/darksubng: Dark                   = [cal/labdark.fits]
/sos/sw/S19.2.0/STUDIO/downlink/bin/darksubng: Pmask file             = [cal/pmask.fits]
/sos/sw/S19.2.0/STUDIO/downlink/bin/darksubng: Pmask fatality bitmask = [65536]
/sos/sw/S19.2.0/STUDIO/downlink/bin/darksubng: Dmask file             = [dmask.fits]
/sos/sw/S19.2.0/STUDIO/downlink/bin/darksubng: Dmask fatality bitmask = [65536]
/sos/sw/S19.2.0/STUDIO/downlink/bin/darksubng: Cmask file             = []
/sos/sw/S19.2.0/STUDIO/downlink/bin/darksubng: Cmask fatality bitmask = [65536]
/sos/sw/S19.2.0/STUDIO/downlink/bin/darksubng: Logfile                = []
/sos/sw/S19.2.0/STUDIO/downlink/bin/darksubng: Ancillary Path         = [/sos/sw/S19.2.0/STUDIO/downlink/include]
/sos/sw/S19.2.0/STUDIO/downlink/bin/darksubng: Uncertainty calculations will be made
/sos/sw/S19.2.0/STUDIO/downlink/bin/darksubng: WARNING cal/labdark.fits has no BUNIT key
/sos/sw/S19.2.0/STUDIO/downlink/bin/darksubng: WARNING assuming cal/labdark.fits is in DN
/sos/sw/S19.2.0/STUDIO/downlink/bin/darksubng: WARNING cal/labdark.fits has no EXPTIME key
/sos/sw/S19.2.0/STUDIO/downlink/bin/darksubng: WARNING cal/labdark.fits has no GAIN keywords
/sos/sw/S19.2.0/STUDIO/downlink/bin/darksubng: compute - performing any unit conversions
/sos/sw/S19.2.0/STUDIO/downlink/bin/darksubng: compute - starting subtraction with masking 
/sos/sw/S19.2.0/STUDIO/downlink/bin/darksubng: Processing successful; Exiting

darksubng   exit_value =   0    execution_time = 0.190s
******************************************************************
Pipeline executing fowlinearize
fowlinearize -i1 labdarksub.fits -i3 sig_labdarksub.fits -n cdf/pn107.nl -a /sos/sw/S19.2.0/STUDIO/downlink/include -ip cal/pmask.fits -i2 cal/lincal.fits -id dmask.fits -o1 fowlinearize.fits -o2 sig_fowlinearize.fits -c 10 
******************************************************************

Program FOWLINEARIZE, Version 4.9
Namelist File  = cdf/pn107.nl
Input File 1 = labdarksub.fits
Input File 2 = cal/lincal.fits
Input File 3 = sig_labdarksub.fits
Model_Flag(1=quad. 2=cubic) = 1
Clock_Readout(10=sub-array, 200=full-array) = 10.000000
Input PMask Image = cal/pmask.fits
Unusable PMask Bits = 16384
Input DMask Image = dmask.fits
Unusable DMask Bits = 8192
Not-linearized DMask Bit = 4096
Not-linearized DMask Bit due to lincal-model saturation = 8192
Output File 1 = fowlinearize.fits
Output File 2 = sig_fowlinearize.fits
Ancillary Data-File Path = /sos/sw/S19.2.0/STUDIO/downlink/include
Verbose flag = 0
Super-verbose flag = 0
Debug flag = 0
Performed linearity correction.
Program fowlinearize: Status Message: 0x0000
Normal exit from Function 0x0000: LOG_WRITER
Processing time: 0.310000 seconds
Current date/time: Sat Jan  9 14:57:59 2016
Program FOWLINEARIZE, version 4.9, terminated.

fowlinearize   exit_value =   0    execution_time = 0.410s
Read Noise =  9.4
 hdrupd8 vsn 1.6  A70821
******************************************************************
Pipeline executing bgmodel
bgmodel -i fowlinearize.fits -n cdf/pn107.nl -h 
******************************************************************

Online Namelist file descriptor associated
Online namelist buffer loaded: length = 7422
bgmodel_log_writer: Printing Log output to stdout
bgmodel  Version 1.0
Namelist File  = cdf/pn107.nl
Input Image = fowlinearize.fits
Ephemeris = /scr5/S19.2.0/cdf/spice/sirtf.bsp
LeapSec Kernel = /scr5/S19.2.0/cdf/spice/leapseconds.ker
SPK Kernel = /scr5/S19.2.0/cdf/spice/de.bsp

bgmodel  Status Message      0x0000: No error.
Time = 0.070 seconds

Background exits with status = 0


bgmodel   exit_value =   0    execution_time = 0.120s
******************************************************************
Pipeline executing hdrupd8
hdrupd8 fowlinearize.fits -a addkeys.dat 
******************************************************************
 hdrupd8 vsn 1.6  A70821

hdrupd8   exit_value =   0    execution_time = 0.400s
SkyDk Med DN      = 16.56367 
Exposure time     = 1.92
SkyDk Med DN rate = 8.62691145833333
Flux Conv         = 0.1447 
SkyDk Med Flux    = 1.24831408802083
Image File = fowlinearize.fits 

 hdrupd8 vsn 1.6  A70821
 hdrupd8 vsn 1.6  A70821
 hdrupd8 vsn 1.6  A70821
 hdrupd8 vsn 1.6  A70821
 hdrupd8 vsn 1.6  A70821
******************************************************************
Pipeline executing darksubng
darksubng -i fowlinearize.fits -iu sig_fowlinearize.fits -a /sos/sw/S19.2.0/STUDIO/downlink/include -p cal/pmask.fits -d dmask.fits -o skydarksub.fits -ou sig_skydarksub.fits -cc cal/skydark.fits -v -c cal/skydark_cmask.fits 
******************************************************************
/sos/sw/S19.2.0/STUDIO/downlink/bin/darksubng: namelist not given
/sos/sw/S19.2.0/STUDIO/downlink/bin/darksubng: Namelist               = []
/sos/sw/S19.2.0/STUDIO/downlink/bin/darksubng: Input image            = [fowlinearize.fits]
/sos/sw/S19.2.0/STUDIO/downlink/bin/darksubng: Input uncertainty      = [sig_fowlinearize.fits]
/sos/sw/S19.2.0/STUDIO/downlink/bin/darksubng: Output image           = [!skydarksub.fits]
/sos/sw/S19.2.0/STUDIO/downlink/bin/darksubng: Output uncertainty     = [!sig_skydarksub.fits]
/sos/sw/S19.2.0/STUDIO/downlink/bin/darksubng: Dark                   = [cal/skydark.fits]
/sos/sw/S19.2.0/STUDIO/downlink/bin/darksubng: Pmask file             = [cal/pmask.fits]
/sos/sw/S19.2.0/STUDIO/downlink/bin/darksubng: Pmask fatality bitmask = [65536]
/sos/sw/S19.2.0/STUDIO/downlink/bin/darksubng: Dmask file             = [dmask.fits]
/sos/sw/S19.2.0/STUDIO/downlink/bin/darksubng: Dmask fatality bitmask = [65536]
/sos/sw/S19.2.0/STUDIO/downlink/bin/darksubng: Cmask file             = [cal/skydark_cmask.fits]
/sos/sw/S19.2.0/STUDIO/downlink/bin/darksubng: Cmask fatality bitmask = [65536]
/sos/sw/S19.2.0/STUDIO/downlink/bin/darksubng: Logfile                = []
/sos/sw/S19.2.0/STUDIO/downlink/bin/darksubng: Ancillary Path         = [/sos/sw/S19.2.0/STUDIO/downlink/include]
/sos/sw/S19.2.0/STUDIO/downlink/bin/darksubng: Uncertainty calculations will be made
/sos/sw/S19.2.0/STUDIO/downlink/bin/darksubng: compute - performing any unit conversions
/sos/sw/S19.2.0/STUDIO/downlink/bin/darksubng: compute - starting subtraction with masking 
/sos/sw/S19.2.0/STUDIO/downlink/bin/darksubng: Processing successful; Exiting

darksubng   exit_value =   0    execution_time = 0.220s
******************************************************************
Pipeline executing darkdrift
darkdrift -i skydarksub.fits -iu sig_skydarksub.fits -n cdf/pn107.nl -a /sos/sw/S19.2.0/STUDIO/downlink/include -o1 darkdrift.fits -o2 darkdriftcorr.fits -o3 darkdrift.tbl -ou sig_darkdrift.fits 
******************************************************************
Program darkdrift, Version 4.1
Namelist File  = cdf/pn107.nl
Input Image = skydarksub.fits
Input Uncertainty Image = sig_skydarksub.fits
Output Image 1 (corrected image) = darkdrift.fits
Output Image 2 (corrections) = darkdriftcorr.fits
Output Image 3 (uncertainties) = sig_darkdrift.fits
Output File 3 = darkdrift.tbl
Central fraction for trimmed average  = 0.900000
Central fraction for trimmed std. dev. = 0.900000
Time_Input = 0.250000
Time_Before = 0.000000
Time_After = 1.000000
Temp_Input = 270.000000
Temp_Before = 280.000000
Temp_After = 260.000000
Calculation Type = 1
Input-Image Transpose Flag = 1
Multiplicative-Correction Flag (Additive if zero) = 0
Readout Channel to exclude (none if zero) = 0
Data-Plane Flag = 1
Ancillary Data-File Path = /sos/sw/S19.2.0/STUDIO/downlink/include
Verbose flag = 0
Super-verbose flag = 0
Debug flag = 0
Dark-current offsets estimated from input image.

Detailed darkdrift calculational results:
...for data plane = 1
Darkdrift correction for readout-channel 1 = 0.001725
Darkdrift correction for readout-channel 2 = 0.055856
Darkdrift correction for readout-channel 3 = 0.056211
Darkdrift correction for readout-channel 4 = -0.113791
Darkdrift uncertainty for readout-channel 1 = 0.374029
Darkdrift uncertainty for readout-channel 2 = 0.299991
Darkdrift uncertainty for readout-channel 3 = 0.301110
Darkdrift uncertainty for readout-channel 4 = 0.301401
Trimmed average of values in readout-channel 1 = 7.445639
Trimmed average of values in readout-channel 2 = 7.499771
Trimmed average of values in readout-channel 3 = 7.500126
Trimmed average of values in readout-channel 4 = 7.330123
Darkdrift background term = 7.443915
...for data plane = 2
Darkdrift correction for readout-channel 1 = 0.035902
Darkdrift correction for readout-channel 2 = -0.283283
Darkdrift correction for readout-channel 3 = -0.122501
Darkdrift correction for readout-channel 4 = 0.369882
Darkdrift uncertainty for readout-channel 1 = 0.303470
Darkdrift uncertainty for readout-channel 2 = 0.229704
Darkdrift uncertainty for readout-channel 3 = 0.303153
Darkdrift uncertainty for readout-channel 4 = 0.302994
Trimmed average of values in readout-channel 1 = 4.990538
Trimmed average of values in readout-channel 2 = 4.671353
Trimmed average of values in readout-channel 3 = 4.832135
Trimmed average of values in readout-channel 4 = 5.324518
Darkdrift background term = 4.954636
...for data plane = 3
Darkdrift correction for readout-channel 1 = 0.227638
Darkdrift correction for readout-channel 2 = -0.376195
Darkdrift correction for readout-channel 3 = -0.099348
Darkdrift correction for readout-channel 4 = 0.247905
Darkdrift uncertainty for readout-channel 1 = 0.303266
Darkdrift uncertainty for readout-channel 2 = 0.304120
Darkdrift uncertainty for readout-channel 3 = 0.302973
Darkdrift uncertainty for readout-channel 4 = 0.302906
Trimmed average of values in readout-channel 1 = 5.127558
Trimmed average of values in readout-channel 2 = 4.523725
Trimmed average of values in readout-channel 3 = 4.800572
Trimmed average of values in readout-channel 4 = 5.147825
Darkdrift background term = 4.899920
...for data plane = 4
Darkdrift correction for readout-channel 1 = -0.199113
Darkdrift correction for readout-channel 2 = -0.253341
Darkdrift correction for readout-channel 3 = 0.145751
Darkdrift correction for readout-channel 4 = 0.306704
Darkdrift uncertainty for readout-channel 1 = 0.302973
Darkdrift uncertainty for readout-channel 2 = 0.303242
Darkdrift uncertainty for readout-channel 3 = 0.303140
Darkdrift uncertainty for readout-channel 4 = 0.303303
Trimmed average of values in readout-channel 1 = 4.946723
Trimmed average of values in readout-channel 2 = 4.892495
Trimmed average of values in readout-channel 3 = 5.291587
Trimmed average of values in readout-channel 4 = 5.452540
Darkdrift background term = 5.145836
...for data plane = 5
Darkdrift correction for readout-channel 1 = 0.118122
Darkdrift correction for readout-channel 2 = -0.301063
Darkdrift correction for readout-channel 3 = 0.003629
Darkdrift correction for readout-channel 4 = 0.179312
Darkdrift uncertainty for readout-channel 1 = 0.302983
Darkdrift uncertainty for readout-channel 2 = 0.377057
Darkdrift uncertainty for readout-channel 3 = 0.303069
Darkdrift uncertainty for readout-channel 4 = 0.303221
Trimmed average of values in readout-channel 1 = 5.926353
Trimmed average of values in readout-channel 2 = 5.507169
Trimmed average of values in readout-channel 3 = 5.811860
Trimmed average of values in readout-channel 4 = 5.987543
Darkdrift background term = 5.808231
...for data plane = 6
Darkdrift correction for readout-channel 1 = 0.277774
Darkdrift correction for readout-channel 2 = -0.325967
Darkdrift correction for readout-channel 3 = 0.187895
Darkdrift correction for readout-channel 4 = -0.139702
Darkdrift uncertainty for readout-channel 1 = 0.301799
Darkdrift uncertainty for readout-channel 2 = 0.302435
Darkdrift uncertainty for readout-channel 3 = 0.303316
Darkdrift uncertainty for readout-channel 4 = 0.303402
Trimmed average of values in readout-channel 1 = 6.025229
Trimmed average of values in readout-channel 2 = 5.421488
Trimmed average of values in readout-channel 3 = 5.935350
Trimmed average of values in readout-channel 4 = 5.607753
Darkdrift background term = 5.747455
...for data plane = 7
Darkdrift correction for readout-channel 1 = 0.122422
Darkdrift correction for readout-channel 2 = -0.208909
Darkdrift correction for readout-channel 3 = -0.109947
Darkdrift correction for readout-channel 4 = 0.196435
Darkdrift uncertainty for readout-channel 1 = 0.302185
Darkdrift uncertainty for readout-channel 2 = 0.302970
Darkdrift uncertainty for readout-channel 3 = 0.303067
Darkdrift uncertainty for readout-channel 4 = 0.303390
Trimmed average of values in readout-channel 1 = 5.807678
Trimmed average of values in readout-channel 2 = 5.476348
Trimmed average of values in readout-channel 3 = 5.575309
Trimmed average of values in readout-channel 4 = 5.881692
Darkdrift background term = 5.685257
...for data plane = 8
Darkdrift correction for readout-channel 1 = -0.261450
Darkdrift correction for readout-channel 2 = -0.076356
Darkdrift correction for readout-channel 3 = 0.062888
Darkdrift correction for readout-channel 4 = 0.274918
Darkdrift uncertainty for readout-channel 1 = 0.302841
Darkdrift uncertainty for readout-channel 2 = 0.302984
Darkdrift uncertainty for readout-channel 3 = 0.341487
Darkdrift uncertainty for readout-channel 4 = 0.302791
Trimmed average of values in readout-channel 1 = 5.184014
Trimmed average of values in readout-channel 2 = 5.369107
Trimmed average of values in readout-channel 3 = 5.508351
Trimmed average of values in readout-channel 4 = 5.720381
Darkdrift background term = 5.445463
...for data plane = 9
Darkdrift correction for readout-channel 1 = 0.355600
Darkdrift correction for readout-channel 2 = -0.442778
Darkdrift correction for readout-channel 3 = 0.042632
Darkdrift correction for readout-channel 4 = 0.044547
Darkdrift uncertainty for readout-channel 1 = 0.303490
Darkdrift uncertainty for readout-channel 2 = 0.302693
Darkdrift uncertainty for readout-channel 3 = 0.303864
Darkdrift uncertainty for readout-channel 4 = 0.302979
Trimmed average of values in readout-channel 1 = 6.032471
Trimmed average of values in readout-channel 2 = 5.234093
Trimmed average of values in readout-channel 3 = 5.719504
Trimmed average of values in readout-channel 4 = 5.721418
Darkdrift background term = 5.676872
...for data plane = 10
Darkdrift correction for readout-channel 1 = -0.214162
Darkdrift correction for readout-channel 2 = -0.026846
Darkdrift correction for readout-channel 3 = 0.278188
Darkdrift correction for readout-channel 4 = -0.037179
Darkdrift uncertainty for readout-channel 1 = 0.302986
Darkdrift uncertainty for readout-channel 2 = 0.303238
Darkdrift uncertainty for readout-channel 3 = 0.303376
Darkdrift uncertainty for readout-channel 4 = 0.303139
Trimmed average of values in readout-channel 1 = 5.529295
Trimmed average of values in readout-channel 2 = 5.716611
Trimmed average of values in readout-channel 3 = 6.021646
Trimmed average of values in readout-channel 4 = 5.706278
Darkdrift background term = 5.743458
...for data plane = 11
Darkdrift correction for readout-channel 1 = -0.365334
Darkdrift correction for readout-channel 2 = -0.007176
Darkdrift correction for readout-channel 3 = 0.191188
Darkdrift correction for readout-channel 4 = 0.181322
Darkdrift uncertainty for readout-channel 1 = 0.302715
Darkdrift uncertainty for readout-channel 2 = 0.304093
Darkdrift uncertainty for readout-channel 3 = 0.302876
Darkdrift uncertainty for readout-channel 4 = 0.302804
Trimmed average of values in readout-channel 1 = 5.117362
Trimmed average of values in readout-channel 2 = 5.475520
Trimmed average of values in readout-channel 3 = 5.673884
Trimmed average of values in readout-channel 4 = 5.664018
Darkdrift background term = 5.482696
...for data plane = 12
Darkdrift correction for readout-channel 1 = 0.076260
Darkdrift correction for readout-channel 2 = 0.167284
Darkdrift correction for readout-channel 3 = -0.109756
Darkdrift correction for readout-channel 4 = -0.133788
Darkdrift uncertainty for readout-channel 1 = 0.303099
Darkdrift uncertainty for readout-channel 2 = 0.303263
Darkdrift uncertainty for readout-channel 3 = 0.303450
Darkdrift uncertainty for readout-channel 4 = 0.303065
Trimmed average of values in readout-channel 1 = 6.005406
Trimmed average of values in readout-channel 2 = 6.096430
Trimmed average of values in readout-channel 3 = 5.819390
Trimmed average of values in readout-channel 4 = 5.795358
Darkdrift background term = 5.929146
...for data plane = 13
Darkdrift correction for readout-channel 1 = -0.082778
Darkdrift correction for readout-channel 2 = 0.310137
Darkdrift correction for readout-channel 3 = -0.421021
Darkdrift correction for readout-channel 4 = 0.193662
Darkdrift uncertainty for readout-channel 1 = 0.303602
Darkdrift uncertainty for readout-channel 2 = 0.304063
Darkdrift uncertainty for readout-channel 3 = 0.303124
Darkdrift uncertainty for readout-channel 4 = 0.302992
Trimmed average of values in readout-channel 1 = 5.833210
Trimmed average of values in readout-channel 2 = 6.226125
Trimmed average of values in readout-channel 3 = 5.494968
Trimmed average of values in readout-channel 4 = 6.109651
Darkdrift background term = 5.915989
...for data plane = 14
Darkdrift correction for readout-channel 1 = 0.043052
Darkdrift correction for readout-channel 2 = -0.743761
Darkdrift correction for readout-channel 3 = 0.113482
Darkdrift correction for readout-channel 4 = 0.587228
Darkdrift uncertainty for readout-channel 1 = 0.303106
Darkdrift uncertainty for readout-channel 2 = 0.302975
Darkdrift uncertainty for readout-channel 3 = 0.303866
Darkdrift uncertainty for readout-channel 4 = 0.303074
Trimmed average of values in readout-channel 1 = 6.065419
Trimmed average of values in readout-channel 2 = 5.278606
Trimmed average of values in readout-channel 3 = 6.135849
Trimmed average of values in readout-channel 4 = 6.609595
Darkdrift background term = 6.022367
...for data plane = 15
Darkdrift correction for readout-channel 1 = 0.090381
Darkdrift correction for readout-channel 2 = 0.235219
Darkdrift correction for readout-channel 3 = -0.068760
Darkdrift correction for readout-channel 4 = -0.256840
Darkdrift uncertainty for readout-channel 1 = 0.303378
Darkdrift uncertainty for readout-channel 2 = 0.303276
Darkdrift uncertainty for readout-channel 3 = 0.303305
Darkdrift uncertainty for readout-channel 4 = 0.302962
Trimmed average of values in readout-channel 1 = 5.824123
Trimmed average of values in readout-channel 2 = 5.968961
Trimmed average of values in readout-channel 3 = 5.664982
Trimmed average of values in readout-channel 4 = 5.476902
Darkdrift background term = 5.733742
...for data plane = 16
Darkdrift correction for readout-channel 1 = -0.083586
Darkdrift correction for readout-channel 2 = -0.250185
Darkdrift correction for readout-channel 3 = -0.020824
Darkdrift correction for readout-channel 4 = 0.354594
Darkdrift uncertainty for readout-channel 1 = 0.302463
Darkdrift uncertainty for readout-channel 2 = 0.228896
Darkdrift uncertainty for readout-channel 3 = 0.296540
Darkdrift uncertainty for readout-channel 4 = 0.303061
Trimmed average of values in readout-channel 1 = 5.769614
Trimmed average of values in readout-channel 2 = 5.603015
Trimmed average of values in readout-channel 3 = 5.832375
Trimmed average of values in readout-channel 4 = 6.207794
Darkdrift background term = 5.853199
...for data plane = 17
Darkdrift correction for readout-channel 1 = -0.092891
Darkdrift correction for readout-channel 2 = -0.376896
Darkdrift correction for readout-channel 3 = 0.222480
Darkdrift correction for readout-channel 4 = 0.247307
Darkdrift uncertainty for readout-channel 1 = 0.304007
Darkdrift uncertainty for readout-channel 2 = 0.302974
Darkdrift uncertainty for readout-channel 3 = 0.302970
Darkdrift uncertainty for readout-channel 4 = 0.228069
Trimmed average of values in readout-channel 1 = 5.836090
Trimmed average of values in readout-channel 2 = 5.552084
Trimmed average of values in readout-channel 3 = 6.151460
Trimmed average of values in readout-channel 4 = 6.176287
Darkdrift background term = 5.928980
...for data plane = 18
Darkdrift correction for readout-channel 1 = -0.057833
Darkdrift correction for readout-channel 2 = -0.305569
Darkdrift correction for readout-channel 3 = 0.352531
Darkdrift correction for readout-channel 4 = 0.010871
Darkdrift uncertainty for readout-channel 1 = 0.301769
Darkdrift uncertainty for readout-channel 2 = 0.302974
Darkdrift uncertainty for readout-channel 3 = 0.303036
Darkdrift uncertainty for readout-channel 4 = 0.303136
Trimmed average of values in readout-channel 1 = 5.888850
Trimmed average of values in readout-channel 2 = 5.641113
Trimmed average of values in readout-channel 3 = 6.299213
Trimmed average of values in readout-channel 4 = 5.957553
Darkdrift background term = 5.946682
...for data plane = 19
Darkdrift correction for readout-channel 1 = -0.378974
Darkdrift correction for readout-channel 2 = 0.197553
Darkdrift correction for readout-channel 3 = 0.161795
Darkdrift correction for readout-channel 4 = 0.019626
Darkdrift uncertainty for readout-channel 1 = 0.303614
Darkdrift uncertainty for readout-channel 2 = 0.303796
Darkdrift uncertainty for readout-channel 3 = 0.302970
Darkdrift uncertainty for readout-channel 4 = 0.302724
Trimmed average of values in readout-channel 1 = 5.255477
Trimmed average of values in readout-channel 2 = 5.832004
Trimmed average of values in readout-channel 3 = 5.796245
Trimmed average of values in readout-channel 4 = 5.654076
Darkdrift background term = 5.634450
...for data plane = 20
Darkdrift correction for readout-channel 1 = -0.321197
Darkdrift correction for readout-channel 2 = 0.272193
Darkdrift correction for readout-channel 3 = -0.083437
Darkdrift correction for readout-channel 4 = 0.132441
Darkdrift uncertainty for readout-channel 1 = 0.303247
Darkdrift uncertainty for readout-channel 2 = 0.304616
Darkdrift uncertainty for readout-channel 3 = 0.302969
Darkdrift uncertainty for readout-channel 4 = 0.303130
Trimmed average of values in readout-channel 1 = 5.498567
Trimmed average of values in readout-channel 2 = 6.091957
Trimmed average of values in readout-channel 3 = 5.736327
Trimmed average of values in readout-channel 4 = 5.952204
Darkdrift background term = 5.819764
...for data plane = 21
Darkdrift correction for readout-channel 1 = 0.216757
Darkdrift correction for readout-channel 2 = -0.009895
Darkdrift correction for readout-channel 3 = 0.327781
Darkdrift correction for readout-channel 4 = -0.534643
Darkdrift uncertainty for readout-channel 1 = 0.302976
Darkdrift uncertainty for readout-channel 2 = 0.302982
Darkdrift uncertainty for readout-channel 3 = 0.302984
Darkdrift uncertainty for readout-channel 4 = 0.303393
Trimmed average of values in readout-channel 1 = 5.982771
Trimmed average of values in readout-channel 2 = 5.756120
Trimmed average of values in readout-channel 3 = 6.093796
Trimmed average of values in readout-channel 4 = 5.231372
Darkdrift background term = 5.766015
...for data plane = 22
Darkdrift correction for readout-channel 1 = -0.375455
Darkdrift correction for readout-channel 2 = -0.034352
Darkdrift correction for readout-channel 3 = 0.256649
Darkdrift correction for readout-channel 4 = 0.153159
Darkdrift uncertainty for readout-channel 1 = 0.303484
Darkdrift uncertainty for readout-channel 2 = 0.335387
Darkdrift uncertainty for readout-channel 3 = 0.303290
Darkdrift uncertainty for readout-channel 4 = 0.303480
Trimmed average of values in readout-channel 1 = 5.298072
Trimmed average of values in readout-channel 2 = 5.639175
Trimmed average of values in readout-channel 3 = 5.930176
Trimmed average of values in readout-channel 4 = 5.826686
Darkdrift background term = 5.673527
...for data plane = 23
Darkdrift correction for readout-channel 1 = -0.024861
Darkdrift correction for readout-channel 2 = 0.350198
Darkdrift correction for readout-channel 3 = -0.318650
Darkdrift correction for readout-channel 4 = -0.006687
Darkdrift uncertainty for readout-channel 1 = 0.303474
Darkdrift uncertainty for readout-channel 2 = 0.304091
Darkdrift uncertainty for readout-channel 3 = 0.303003
Darkdrift uncertainty for readout-channel 4 = 0.303302
Trimmed average of values in readout-channel 1 = 5.572291
Trimmed average of values in readout-channel 2 = 5.947349
Trimmed average of values in readout-channel 3 = 5.278501
Trimmed average of values in readout-channel 4 = 5.590465
Darkdrift background term = 5.597152
...for data plane = 24
Darkdrift correction for readout-channel 1 = -0.090350
Darkdrift correction for readout-channel 2 = -0.346035
Darkdrift correction for readout-channel 3 = -0.118377
Darkdrift correction for readout-channel 4 = 0.554762
Darkdrift uncertainty for readout-channel 1 = 0.303242
Darkdrift uncertainty for readout-channel 2 = 0.377327
Darkdrift uncertainty for readout-channel 3 = 0.302889
Darkdrift uncertainty for readout-channel 4 = 0.303046
Trimmed average of values in readout-channel 1 = 5.677340
Trimmed average of values in readout-channel 2 = 5.421655
Trimmed average of values in readout-channel 3 = 5.649313
Trimmed average of values in readout-channel 4 = 6.322452
Darkdrift background term = 5.767690
...for data plane = 25
Darkdrift correction for readout-channel 1 = 0.135083
Darkdrift correction for readout-channel 2 = -0.183095
Darkdrift correction for readout-channel 3 = 0.167753
Darkdrift correction for readout-channel 4 = -0.119741
Darkdrift uncertainty for readout-channel 1 = 0.305276
Darkdrift uncertainty for readout-channel 2 = 0.302962
Darkdrift uncertainty for readout-channel 3 = 0.302645
Darkdrift uncertainty for readout-channel 4 = 0.303129
Trimmed average of values in readout-channel 1 = 5.880500
Trimmed average of values in readout-channel 2 = 5.562322
Trimmed average of values in readout-channel 3 = 5.913170
Trimmed average of values in readout-channel 4 = 5.625676
Darkdrift background term = 5.745417
...for data plane = 26
Darkdrift correction for readout-channel 1 = -0.234534
Darkdrift correction for readout-channel 2 = 0.117758
Darkdrift correction for readout-channel 3 = 0.108895
Darkdrift correction for readout-channel 4 = 0.007882
Darkdrift uncertainty for readout-channel 1 = 0.303876
Darkdrift uncertainty for readout-channel 2 = 0.304906
Darkdrift uncertainty for readout-channel 3 = 0.303363
Darkdrift uncertainty for readout-channel 4 = 0.302889
Trimmed average of values in readout-channel 1 = 5.819407
Trimmed average of values in readout-channel 2 = 6.171699
Trimmed average of values in readout-channel 3 = 6.162836
Trimmed average of values in readout-channel 4 = 6.061823
Darkdrift background term = 6.053941
...for data plane = 27
Darkdrift correction for readout-channel 1 = 0.615764
Darkdrift correction for readout-channel 2 = -0.575738
Darkdrift correction for readout-channel 3 = -0.068422
Darkdrift correction for readout-channel 4 = 0.028396
Darkdrift uncertainty for readout-channel 1 = 0.302848
Darkdrift uncertainty for readout-channel 2 = 0.302970
Darkdrift uncertainty for readout-channel 3 = 0.303782
Darkdrift uncertainty for readout-channel 4 = 0.303298
Trimmed average of values in readout-channel 1 = 6.121407
Trimmed average of values in readout-channel 2 = 4.929905
Trimmed average of values in readout-channel 3 = 5.437221
Trimmed average of values in readout-channel 4 = 5.534040
Darkdrift background term = 5.505643
...for data plane = 28
Darkdrift correction for readout-channel 1 = 0.058911
Darkdrift correction for readout-channel 2 = -0.256115
Darkdrift correction for readout-channel 3 = 0.010861
Darkdrift correction for readout-channel 4 = 0.186343
Darkdrift uncertainty for readout-channel 1 = 0.302966
Darkdrift uncertainty for readout-channel 2 = 0.303259
Darkdrift uncertainty for readout-channel 3 = 0.303132
Darkdrift uncertainty for readout-channel 4 = 0.303320
Trimmed average of values in readout-channel 1 = 6.014502
Trimmed average of values in readout-channel 2 = 5.699476
Trimmed average of values in readout-channel 3 = 5.966452
Trimmed average of values in readout-channel 4 = 6.141934
Darkdrift background term = 5.955591
...for data plane = 29
Darkdrift correction for readout-channel 1 = -0.031061
Darkdrift correction for readout-channel 2 = -0.068671
Darkdrift correction for readout-channel 3 = -0.413119
Darkdrift correction for readout-channel 4 = 0.512850
Darkdrift uncertainty for readout-channel 1 = 0.305934
Darkdrift uncertainty for readout-channel 2 = 0.302978
Darkdrift uncertainty for readout-channel 3 = 0.302990
Darkdrift uncertainty for readout-channel 4 = 0.302990
Trimmed average of values in readout-channel 1 = 6.042408
Trimmed average of values in readout-channel 2 = 6.004798
Trimmed average of values in readout-channel 3 = 5.660350
Trimmed average of values in readout-channel 4 = 6.586319
Darkdrift background term = 6.073469
...for data plane = 30
Darkdrift correction for readout-channel 1 = 0.042534
Darkdrift correction for readout-channel 2 = 0.081485
Darkdrift correction for readout-channel 3 = -0.287663
Darkdrift correction for readout-channel 4 = 0.163643
Darkdrift uncertainty for readout-channel 1 = 0.302978
Darkdrift uncertainty for readout-channel 2 = 0.304347
Darkdrift uncertainty for readout-channel 3 = 0.303025
Darkdrift uncertainty for readout-channel 4 = 0.340504
Trimmed average of values in readout-channel 1 = 5.706134
Trimmed average of values in readout-channel 2 = 5.745085
Trimmed average of values in readout-channel 3 = 5.375938
Trimmed average of values in readout-channel 4 = 5.827243
Darkdrift background term = 5.663600
...for data plane = 31
Darkdrift correction for readout-channel 1 = -0.025895
Darkdrift correction for readout-channel 2 = -0.619040
Darkdrift correction for readout-channel 3 = 0.695721
Darkdrift correction for readout-channel 4 = -0.050786
Darkdrift uncertainty for readout-channel 1 = 0.302973
Darkdrift uncertainty for readout-channel 2 = 0.303243
Darkdrift uncertainty for readout-channel 3 = 0.303700
Darkdrift uncertainty for readout-channel 4 = 0.378525
Trimmed average of values in readout-channel 1 = 5.798406
Trimmed average of values in readout-channel 2 = 5.205261
Trimmed average of values in readout-channel 3 = 6.520022
Trimmed average of values in readout-channel 4 = 5.773515
Darkdrift background term = 5.824301
...for data plane = 32
Darkdrift correction for readout-channel 1 = 0.209905
Darkdrift correction for readout-channel 2 = -0.429981
Darkdrift correction for readout-channel 3 = -0.069217
Darkdrift correction for readout-channel 4 = 0.289293
Darkdrift uncertainty for readout-channel 1 = 0.302449
Darkdrift uncertainty for readout-channel 2 = 0.303518
Darkdrift uncertainty for readout-channel 3 = 0.303231
Darkdrift uncertainty for readout-channel 4 = 0.304489
Trimmed average of values in readout-channel 1 = 5.874411
Trimmed average of values in readout-channel 2 = 5.234524
Trimmed average of values in readout-channel 3 = 5.595288
Trimmed average of values in readout-channel 4 = 5.953798
Darkdrift background term = 5.664505
...for data plane = 33
Darkdrift correction for readout-channel 1 = 0.055843
Darkdrift correction for readout-channel 2 = -0.184434
Darkdrift correction for readout-channel 3 = -0.141894
Darkdrift correction for readout-channel 4 = 0.270485
Darkdrift uncertainty for readout-channel 1 = 0.303482
Darkdrift uncertainty for readout-channel 2 = 0.302979
Darkdrift uncertainty for readout-channel 3 = 0.303597
Darkdrift uncertainty for readout-channel 4 = 0.302540
Trimmed average of values in readout-channel 1 = 6.138348
Trimmed average of values in readout-channel 2 = 5.898072
Trimmed average of values in readout-channel 3 = 5.940612
Trimmed average of values in readout-channel 4 = 6.352990
Darkdrift background term = 6.082506
...for data plane = 34
Darkdrift correction for readout-channel 1 = 0.030357
Darkdrift correction for readout-channel 2 = -0.681940
Darkdrift correction for readout-channel 3 = 0.401257
Darkdrift correction for readout-channel 4 = 0.250325
Darkdrift uncertainty for readout-channel 1 = 0.303218
Darkdrift uncertainty for readout-channel 2 = 0.303804
Darkdrift uncertainty for readout-channel 3 = 0.303150
Darkdrift uncertainty for readout-channel 4 = 0.302974
Trimmed average of values in readout-channel 1 = 5.947550
Trimmed average of values in readout-channel 2 = 5.235253
Trimmed average of values in readout-channel 3 = 6.318450
Trimmed average of values in readout-channel 4 = 6.167518
Darkdrift background term = 5.917193
...for data plane = 35
Darkdrift correction for readout-channel 1 = 0.166391
Darkdrift correction for readout-channel 2 = -0.225538
Darkdrift correction for readout-channel 3 = -0.114294
Darkdrift correction for readout-channel 4 = 0.173441
Darkdrift uncertainty for readout-channel 1 = 0.302958
Darkdrift uncertainty for readout-channel 2 = 0.302715
Darkdrift uncertainty for readout-channel 3 = 0.303055
Darkdrift uncertainty for readout-channel 4 = 0.303237
Trimmed average of values in readout-channel 1 = 5.875710
Trimmed average of values in readout-channel 2 = 5.483781
Trimmed average of values in readout-channel 3 = 5.595024
Trimmed average of values in readout-channel 4 = 5.882759
Darkdrift background term = 5.709319
...for data plane = 36
Darkdrift correction for readout-channel 1 = -0.173846
Darkdrift correction for readout-channel 2 = -0.137590
Darkdrift correction for readout-channel 3 = 0.017845
Darkdrift correction for readout-channel 4 = 0.293592
Darkdrift uncertainty for readout-channel 1 = 0.302988
Darkdrift uncertainty for readout-channel 2 = 0.305188
Darkdrift uncertainty for readout-channel 3 = 0.302976
Darkdrift uncertainty for readout-channel 4 = 0.303385
Trimmed average of values in readout-channel 1 = 5.683051
Trimmed average of values in readout-channel 2 = 5.719306
Trimmed average of values in readout-channel 3 = 5.874741
Trimmed average of values in readout-channel 4 = 6.150488
Darkdrift background term = 5.856897
...for data plane = 37
Darkdrift correction for readout-channel 1 = -0.136717
Darkdrift correction for readout-channel 2 = 0.044564
Darkdrift correction for readout-channel 3 = 0.055769
Darkdrift correction for readout-channel 4 = 0.036384
Darkdrift uncertainty for readout-channel 1 = 0.303104
Darkdrift uncertainty for readout-channel 2 = 0.300483
Darkdrift uncertainty for readout-channel 3 = 0.302728
Darkdrift uncertainty for readout-channel 4 = 0.303151
Trimmed average of values in readout-channel 1 = 5.704492
Trimmed average of values in readout-channel 2 = 5.885774
Trimmed average of values in readout-channel 3 = 5.896978
Trimmed average of values in readout-channel 4 = 5.877593
Darkdrift background term = 5.841209
...for data plane = 38
Darkdrift correction for readout-channel 1 = -0.162807
Darkdrift correction for readout-channel 2 = -0.258713
Darkdrift correction for readout-channel 3 = 0.011424
Darkdrift correction for readout-channel 4 = 0.410096
Darkdrift uncertainty for readout-channel 1 = 0.300871
Darkdrift uncertainty for readout-channel 2 = 0.303526
Darkdrift uncertainty for readout-channel 3 = 0.303287
Darkdrift uncertainty for readout-channel 4 = 0.302990
Trimmed average of values in readout-channel 1 = 5.667117
Trimmed average of values in readout-channel 2 = 5.571212
Trimmed average of values in readout-channel 3 = 5.841348
Trimmed average of values in readout-channel 4 = 6.240020
Darkdrift background term = 5.829924
...for data plane = 39
Darkdrift correction for readout-channel 1 = 0.276358
Darkdrift correction for readout-channel 2 = -0.544221
Darkdrift correction for readout-channel 3 = -0.125820
Darkdrift correction for readout-channel 4 = 0.393682
Darkdrift uncertainty for readout-channel 1 = 0.303620
Darkdrift uncertainty for readout-channel 2 = 0.303247
Darkdrift uncertainty for readout-channel 3 = 0.303595
Darkdrift uncertainty for readout-channel 4 = 0.303480
Trimmed average of values in readout-channel 1 = 5.943978
Trimmed average of values in readout-channel 2 = 5.123399
Trimmed average of values in readout-channel 3 = 5.541800
Trimmed average of values in readout-channel 4 = 6.061302
Darkdrift background term = 5.667620
...for data plane = 40
Darkdrift correction for readout-channel 1 = -0.342137
Darkdrift correction for readout-channel 2 = -0.153507
Darkdrift correction for readout-channel 3 = 0.169070
Darkdrift correction for readout-channel 4 = 0.326574
Darkdrift uncertainty for readout-channel 1 = 0.378197
Darkdrift uncertainty for readout-channel 2 = 0.302986
Darkdrift uncertainty for readout-channel 3 = 0.302803
Darkdrift uncertainty for readout-channel 4 = 0.303807
Trimmed average of values in readout-channel 1 = 5.443728
Trimmed average of values in readout-channel 2 = 5.632359
Trimmed average of values in readout-channel 3 = 5.954935
Trimmed average of values in readout-channel 4 = 6.112440
Darkdrift background term = 5.785866
...for data plane = 41
Darkdrift correction for readout-channel 1 = 0.532451
Darkdrift correction for readout-channel 2 = -0.426554
Darkdrift correction for readout-channel 3 = -0.471963
Darkdrift correction for readout-channel 4 = 0.366066
Darkdrift uncertainty for readout-channel 1 = 0.304532
Darkdrift uncertainty for readout-channel 2 = 0.302982
Darkdrift uncertainty for readout-channel 3 = 0.302966
Darkdrift uncertainty for readout-channel 4 = 0.302973
Trimmed average of values in readout-channel 1 = 6.149069
Trimmed average of values in readout-channel 2 = 5.190064
Trimmed average of values in readout-channel 3 = 5.144655
Trimmed average of values in readout-channel 4 = 5.982683
Darkdrift background term = 5.616618
...for data plane = 42
Darkdrift correction for readout-channel 1 = -0.284115
Darkdrift correction for readout-channel 2 = -0.197575
Darkdrift correction for readout-channel 3 = 0.165586
Darkdrift correction for readout-channel 4 = 0.316104
Darkdrift uncertainty for readout-channel 1 = 0.303768
Darkdrift uncertainty for readout-channel 2 = 0.303575
Darkdrift uncertainty for readout-channel 3 = 0.303197
Darkdrift uncertainty for readout-channel 4 = 0.303555
Trimmed average of values in readout-channel 1 = 5.677341
Trimmed average of values in readout-channel 2 = 5.763881
Trimmed average of values in readout-channel 3 = 6.127043
Trimmed average of values in readout-channel 4 = 6.277561
Darkdrift background term = 5.961457
...for data plane = 43
Darkdrift correction for readout-channel 1 = 0.022903
Darkdrift correction for readout-channel 2 = -0.229708
Darkdrift correction for readout-channel 3 = -0.098623
Darkdrift correction for readout-channel 4 = 0.305428
Darkdrift uncertainty for readout-channel 1 = 0.303227
Darkdrift uncertainty for readout-channel 2 = 0.302974
Darkdrift uncertainty for readout-channel 3 = 0.302964
Darkdrift uncertainty for readout-channel 4 = 0.303476
Trimmed average of values in readout-channel 1 = 5.565328
Trimmed average of values in readout-channel 2 = 5.312717
Trimmed average of values in readout-channel 3 = 5.443802
Trimmed average of values in readout-channel 4 = 5.847853
Darkdrift background term = 5.542425
...for data plane = 44
Darkdrift correction for readout-channel 1 = 0.268734
Darkdrift correction for readout-channel 2 = -0.161704
Darkdrift correction for readout-channel 3 = -0.357982
Darkdrift correction for readout-channel 4 = 0.250953
Darkdrift uncertainty for readout-channel 1 = 0.303508
Darkdrift uncertainty for readout-channel 2 = 0.303794
Darkdrift uncertainty for readout-channel 3 = 0.302732
Darkdrift uncertainty for readout-channel 4 = 0.303394
Trimmed average of values in readout-channel 1 = 5.868248
Trimmed average of values in readout-channel 2 = 5.437810
Trimmed average of values in readout-channel 3 = 5.241531
Trimmed average of values in readout-channel 4 = 5.850467
Darkdrift background term = 5.599514
...for data plane = 45
Darkdrift correction for readout-channel 1 = 0.063271
Darkdrift correction for readout-channel 2 = -0.461206
Darkdrift correction for readout-channel 3 = 0.208586
Darkdrift correction for readout-channel 4 = 0.189349
Darkdrift uncertainty for readout-channel 1 = 0.302975
Darkdrift uncertainty for readout-channel 2 = 0.302973
Darkdrift uncertainty for readout-channel 3 = 0.303211
Darkdrift uncertainty for readout-channel 4 = 0.302980
Trimmed average of values in readout-channel 1 = 5.954780
Trimmed average of values in readout-channel 2 = 5.430304
Trimmed average of values in readout-channel 3 = 6.100096
Trimmed average of values in readout-channel 4 = 6.080859
Darkdrift background term = 5.891510
...for data plane = 46
Darkdrift correction for readout-channel 1 = 0.072545
Darkdrift correction for readout-channel 2 = -0.480264
Darkdrift correction for readout-channel 3 = -0.052790
Darkdrift correction for readout-channel 4 = 0.460509
Darkdrift uncertainty for readout-channel 1 = 0.302970
Darkdrift uncertainty for readout-channel 2 = 0.302974
Darkdrift uncertainty for readout-channel 3 = 0.303212
Darkdrift uncertainty for readout-channel 4 = 0.302890
Trimmed average of values in readout-channel 1 = 6.011138
Trimmed average of values in readout-channel 2 = 5.458329
Trimmed average of values in readout-channel 3 = 5.885803
Trimmed average of values in readout-channel 4 = 6.399102
Darkdrift background term = 5.938593
...for data plane = 47
Darkdrift correction for readout-channel 1 = 0.152290
Darkdrift correction for readout-channel 2 = -0.420417
Darkdrift correction for readout-channel 3 = 0.194523
Darkdrift correction for readout-channel 4 = 0.073604
Darkdrift uncertainty for readout-channel 1 = 0.302961
Darkdrift uncertainty for readout-channel 2 = 0.305201
Darkdrift uncertainty for readout-channel 3 = 0.302979
Darkdrift uncertainty for readout-channel 4 = 0.303400
Trimmed average of values in readout-channel 1 = 6.037039
Trimmed average of values in readout-channel 2 = 5.464332
Trimmed average of values in readout-channel 3 = 6.079272
Trimmed average of values in readout-channel 4 = 5.958353
Darkdrift background term = 5.884749
...for data plane = 48
Darkdrift correction for readout-channel 1 = -0.045126
Darkdrift correction for readout-channel 2 = -0.211803
Darkdrift correction for readout-channel 3 = 0.197748
Darkdrift correction for readout-channel 4 = 0.059181
Darkdrift uncertainty for readout-channel 1 = 0.303494
Darkdrift uncertainty for readout-channel 2 = 0.302972
Darkdrift uncertainty for readout-channel 3 = 0.302992
Darkdrift uncertainty for readout-channel 4 = 0.302882
Trimmed average of values in readout-channel 1 = 5.337077
Trimmed average of values in readout-channel 2 = 5.170400
Trimmed average of values in readout-channel 3 = 5.579951
Trimmed average of values in readout-channel 4 = 5.441384
Darkdrift background term = 5.382203
...for data plane = 49
Darkdrift correction for readout-channel 1 = 0.180641
Darkdrift correction for readout-channel 2 = 0.176265
Darkdrift correction for readout-channel 3 = -0.306155
Darkdrift correction for readout-channel 4 = -0.050751
Darkdrift uncertainty for readout-channel 1 = 0.378050
Darkdrift uncertainty for readout-channel 2 = 0.302981
Darkdrift uncertainty for readout-channel 3 = 0.303299
Darkdrift uncertainty for readout-channel 4 = 0.303102
Trimmed average of values in readout-channel 1 = 6.046539
Trimmed average of values in readout-channel 2 = 6.042164
Trimmed average of values in readout-channel 3 = 5.559744
Trimmed average of values in readout-channel 4 = 5.815148
Darkdrift background term = 5.865899
...for data plane = 50
Darkdrift correction for readout-channel 1 = -0.285699
Darkdrift correction for readout-channel 2 = -0.424380
Darkdrift correction for readout-channel 3 = 0.093296
Darkdrift correction for readout-channel 4 = 0.616783
Darkdrift uncertainty for readout-channel 1 = 0.303622
Darkdrift uncertainty for readout-channel 2 = 0.302166
Darkdrift uncertainty for readout-channel 3 = 0.228034
Darkdrift uncertainty for readout-channel 4 = 0.303071
Trimmed average of values in readout-channel 1 = 5.781302
Trimmed average of values in readout-channel 2 = 5.642621
Trimmed average of values in readout-channel 3 = 6.160297
Trimmed average of values in readout-channel 4 = 6.683784
Darkdrift background term = 6.067001
...for data plane = 51
Darkdrift correction for readout-channel 1 = 0.377776
Darkdrift correction for readout-channel 2 = -0.777978
Darkdrift correction for readout-channel 3 = 0.170665
Darkdrift correction for readout-channel 4 = 0.229537
Darkdrift uncertainty for readout-channel 1 = 0.303240
Darkdrift uncertainty for readout-channel 2 = 0.304353
Darkdrift uncertainty for readout-channel 3 = 0.303302
Darkdrift uncertainty for readout-channel 4 = 0.302883
Trimmed average of values in readout-channel 1 = 5.836293
Trimmed average of values in readout-channel 2 = 4.680539
Trimmed average of values in readout-channel 3 = 5.629182
Trimmed average of values in readout-channel 4 = 5.688054
Darkdrift background term = 5.458517
...for data plane = 52
Darkdrift correction for readout-channel 1 = 0.072915
Darkdrift correction for readout-channel 2 = 0.111923
Darkdrift correction for readout-channel 3 = -0.270609
Darkdrift correction for readout-channel 4 = 0.085771
Darkdrift uncertainty for readout-channel 1 = 0.303098
Darkdrift uncertainty for readout-channel 2 = 0.302992
Darkdrift uncertainty for readout-channel 3 = 0.302981
Darkdrift uncertainty for readout-channel 4 = 0.302963
Trimmed average of values in readout-channel 1 = 5.436969
Trimmed average of values in readout-channel 2 = 5.475976
Trimmed average of values in readout-channel 3 = 5.093444
Trimmed average of values in readout-channel 4 = 5.449825
Darkdrift background term = 5.364054
...for data plane = 53
Darkdrift correction for readout-channel 1 = -0.107255
Darkdrift correction for readout-channel 2 = 0.033526
Darkdrift correction for readout-channel 3 = -0.148600
Darkdrift correction for readout-channel 4 = 0.222329
Darkdrift uncertainty for readout-channel 1 = 0.302976
Darkdrift uncertainty for readout-channel 2 = 0.304351
Darkdrift uncertainty for readout-channel 3 = 0.302963
Darkdrift uncertainty for readout-channel 4 = 0.302966
Trimmed average of values in readout-channel 1 = 5.552369
Trimmed average of values in readout-channel 2 = 5.693151
Trimmed average of values in readout-channel 3 = 5.511025
Trimmed average of values in readout-channel 4 = 5.881954
Darkdrift background term = 5.659625
...for data plane = 54
Darkdrift correction for readout-channel 1 = -0.008777
Darkdrift correction for readout-channel 2 = -0.111203
Darkdrift correction for readout-channel 3 = -0.068294
Darkdrift correction for readout-channel 4 = 0.188274
Darkdrift uncertainty for readout-channel 1 = 0.302973
Darkdrift uncertainty for readout-channel 2 = 0.378161
Darkdrift uncertainty for readout-channel 3 = 0.378623
Darkdrift uncertainty for readout-channel 4 = 0.378213
Trimmed average of values in readout-channel 1 = 6.516490
Trimmed average of values in readout-channel 2 = 6.414064
Trimmed average of values in readout-channel 3 = 6.456973
Trimmed average of values in readout-channel 4 = 6.713541
Darkdrift background term = 6.525267
...for data plane = 55
Darkdrift correction for readout-channel 1 = -0.173706
Darkdrift correction for readout-channel 2 = -0.366205
Darkdrift correction for readout-channel 3 = 0.143903
Darkdrift correction for readout-channel 4 = 0.396008
Darkdrift uncertainty for readout-channel 1 = 0.302577
Darkdrift uncertainty for readout-channel 2 = 0.302974
Darkdrift uncertainty for readout-channel 3 = 0.303844
Darkdrift uncertainty for readout-channel 4 = 0.303304
Trimmed average of values in readout-channel 1 = 5.613723
Trimmed average of values in readout-channel 2 = 5.421224
Trimmed average of values in readout-channel 3 = 5.931332
Trimmed average of values in readout-channel 4 = 6.183437
Darkdrift background term = 5.787429
...for data plane = 56
Darkdrift correction for readout-channel 1 = 0.295531
Darkdrift correction for readout-channel 2 = -0.098223
Darkdrift correction for readout-channel 3 = -0.178896
Darkdrift correction for readout-channel 4 = -0.018412
Darkdrift uncertainty for readout-channel 1 = 0.303227
Darkdrift uncertainty for readout-channel 2 = 0.302981
Darkdrift uncertainty for readout-channel 3 = 0.265864
Darkdrift uncertainty for readout-channel 4 = 0.303067
Trimmed average of values in readout-channel 1 = 5.735416
Trimmed average of values in readout-channel 2 = 5.341661
Trimmed average of values in readout-channel 3 = 5.260989
Trimmed average of values in readout-channel 4 = 5.421473
Darkdrift background term = 5.439885
...for data plane = 57
Darkdrift correction for readout-channel 1 = 0.439065
Darkdrift correction for readout-channel 2 = -0.100784
Darkdrift correction for readout-channel 3 = -0.064584
Darkdrift correction for readout-channel 4 = -0.273697
Darkdrift uncertainty for readout-channel 1 = 0.303376
Darkdrift uncertainty for readout-channel 2 = 0.302987
Darkdrift uncertainty for readout-channel 3 = 0.302992
Darkdrift uncertainty for readout-channel 4 = 0.303055
Trimmed average of values in readout-channel 1 = 6.436146
Trimmed average of values in readout-channel 2 = 5.896297
Trimmed average of values in readout-channel 3 = 5.932497
Trimmed average of values in readout-channel 4 = 5.723384
Darkdrift background term = 5.997081
...for data plane = 58
Darkdrift correction for readout-channel 1 = -0.057335
Darkdrift correction for readout-channel 2 = -0.382997
Darkdrift correction for readout-channel 3 = -0.028129
Darkdrift correction for readout-channel 4 = 0.468462
Darkdrift uncertainty for readout-channel 1 = 0.303917
Darkdrift uncertainty for readout-channel 2 = 0.302977
Darkdrift uncertainty for readout-channel 3 = 0.303297
Darkdrift uncertainty for readout-channel 4 = 0.303150
Trimmed average of values in readout-channel 1 = 0.645952
Trimmed average of values in readout-channel 2 = 0.320290
Trimmed average of values in readout-channel 3 = 0.675159
Trimmed average of values in readout-channel 4 = 1.171750
Darkdrift background term = 0.703288
...for data plane = 59
Darkdrift correction for readout-channel 1 = 0.062717
Darkdrift correction for readout-channel 2 = 0.143484
Darkdrift correction for readout-channel 3 = -0.078095
Darkdrift correction for readout-channel 4 = -0.128106
Darkdrift uncertainty for readout-channel 1 = 0.303619
Darkdrift uncertainty for readout-channel 2 = 0.302723
Darkdrift uncertainty for readout-channel 3 = 0.303005
Darkdrift uncertainty for readout-channel 4 = 0.305177
Trimmed average of values in readout-channel 1 = 5.685066
Trimmed average of values in readout-channel 2 = 5.765834
Trimmed average of values in readout-channel 3 = 5.544255
Trimmed average of values in readout-channel 4 = 5.494243
Darkdrift background term = 5.622350
...for data plane = 60
Darkdrift correction for readout-channel 1 = 0.001731
Darkdrift correction for readout-channel 2 = -0.139363
Darkdrift correction for readout-channel 3 = 0.330478
Darkdrift correction for readout-channel 4 = -0.192847
Darkdrift uncertainty for readout-channel 1 = 0.303170
Darkdrift uncertainty for readout-channel 2 = 0.303791
Darkdrift uncertainty for readout-channel 3 = 0.303612
Darkdrift uncertainty for readout-channel 4 = 0.303477
Trimmed average of values in readout-channel 1 = 5.275716
Trimmed average of values in readout-channel 2 = 5.134622
Trimmed average of values in readout-channel 3 = 5.604463
Trimmed average of values in readout-channel 4 = 5.081138
Darkdrift background term = 5.273985
...for data plane = 61
Darkdrift correction for readout-channel 1 = -0.211516
Darkdrift correction for readout-channel 2 = 0.061542
Darkdrift correction for readout-channel 3 = -0.201110
Darkdrift correction for readout-channel 4 = 0.351083
Darkdrift uncertainty for readout-channel 1 = 0.303097
Darkdrift uncertainty for readout-channel 2 = 0.303234
Darkdrift uncertainty for readout-channel 3 = 0.302968
Darkdrift uncertainty for readout-channel 4 = 0.303058
Trimmed average of values in readout-channel 1 = 5.471134
Trimmed average of values in readout-channel 2 = 5.744192
Trimmed average of values in readout-channel 3 = 5.481541
Trimmed average of values in readout-channel 4 = 6.033734
Darkdrift background term = 5.682650
...for data plane = 62
Darkdrift correction for readout-channel 1 = 0.020287
Darkdrift correction for readout-channel 2 = -0.350268
Darkdrift correction for readout-channel 3 = 0.239326
Darkdrift correction for readout-channel 4 = 0.090655
Darkdrift uncertainty for readout-channel 1 = 0.373901
Darkdrift uncertainty for readout-channel 2 = 0.302983
Darkdrift uncertainty for readout-channel 3 = 0.303064
Darkdrift uncertainty for readout-channel 4 = 0.302838
Trimmed average of values in readout-channel 1 = 5.894641
Trimmed average of values in readout-channel 2 = 5.524087
Trimmed average of values in readout-channel 3 = 6.113680
Trimmed average of values in readout-channel 4 = 5.965009
Darkdrift background term = 5.874354
...for data plane = 63
Darkdrift correction for readout-channel 1 = -0.222733
Darkdrift correction for readout-channel 2 = -0.091097
Darkdrift correction for readout-channel 3 = 0.469123
Darkdrift correction for readout-channel 4 = -0.155293
Darkdrift uncertainty for readout-channel 1 = 0.302976
Darkdrift uncertainty for readout-channel 2 = 0.301611
Darkdrift uncertainty for readout-channel 3 = 0.377893
Darkdrift uncertainty for readout-channel 4 = 0.303050
Trimmed average of values in readout-channel 1 = 5.513271
Trimmed average of values in readout-channel 2 = 5.644907
Trimmed average of values in readout-channel 3 = 6.205127
Trimmed average of values in readout-channel 4 = 5.580711
Darkdrift background term = 5.736004
...for data plane = 64
Darkdrift correction for readout-channel 1 = -0.200289
Darkdrift correction for readout-channel 2 = 0.274315
Darkdrift correction for readout-channel 3 = -0.263960
Darkdrift correction for readout-channel 4 = 0.189934
Darkdrift uncertainty for readout-channel 1 = 0.302703
Darkdrift uncertainty for readout-channel 2 = 0.303247
Darkdrift uncertainty for readout-channel 3 = 0.303017
Darkdrift uncertainty for readout-channel 4 = 0.302973
Trimmed average of values in readout-channel 1 = 5.317669
Trimmed average of values in readout-channel 2 = 5.792273
Trimmed average of values in readout-channel 3 = 5.253998
Trimmed average of values in readout-channel 4 = 5.707892
Darkdrift background term = 5.517958

Program darkdrift: Status Message: 0x0000
Normal exit from Function 0x0000: LOG_WRITER
darkdrift Warning: NaN's were produced in the results.
A total of     2013   NaN's were produced in the results.
Processing time: 13.100000 seconds
Current date/time: Sat Jan  9 14:58:39 2016
Program darkdrift, version 4.1, terminated.

darkdrift   exit_value =   0    execution_time = 13.210s
******************************************************************
Pipeline executing flatap
flatap -i darkdrift.fits -p cal/pmask.fits -f cal/skyflat.fits -ui sig_darkdrift.fits -uo sig_flatap.fits -d dmask.fits -o flatap.fits -c cal/skyflat_cmask.fits 
******************************************************************
Pipeline Module FLATAP Version 1.5
Processing time Sat Jan  9 14:58:40 2016

flatap_parse_namelist: Information only: Namelist not specified.
Sat Jan  9 14:58:40 2016
flatap_log_writer: Could not open Log File, using stdout
Flatap Version 1.5
Namelist File  = 
Input DCE = darkdrift.fits
Output DCE = !flatap.fits
Flatfield = cal/skyflat.fits
Input Uncertainty = sig_darkdrift.fits
Output Uncertainty = !sig_flatap.fits
Pmask File = cal/pmask.fits
Pmask Mask = 128
Dmask File = dmask.fits
Dmask Mask = 16384
Cmask File = cal/skyflat_cmask.fits
Cmask Mask = 256
Trans CAL File = 
Trans CAL CMask File = 
Processing Log File = 
Time =    0.18 seconds
*********************

Time = 0.180 seconds
exit code 0

flatap   exit_value =   0    execution_time = 0.290s
******************************************************************
Pipeline executing imfliprot
imfliprot -i flatap.fits -n cdf/pn107.nl -a /sos/sw/S19.2.0/STUDIO/downlink/include -o imfliprot.fits 
******************************************************************

imfliprot_log_writer: Printing Log output to stdout

Program imfliprot, Version 1.0
Namelist File  = cdf/pn107.nl
Input File = flatap.fits
Output File = imfliprot.fits
Image has been flipped
Image Rotation (degrees)  = 180
Ancillary Data-File Path = /sos/sw/S19.2.0/STUDIO/downlink/include
Verbose flag = 0
Debug flag = 0
imfliprot Status Message      0x0000: Normal exit from Function 0x0000: LOG_WRITER
Processing time: 0.240000 seconds
Current date/time: Sat Jan  9 14:58:41 2016
Program imfliprot, version 1.0, terminated.


imfliprot   exit_value =   0    execution_time = 0.280s
******************************************************************
Pipeline executing imfliprot
imfliprot -i sig_flatap.fits -n cdf/pn107.nl -a /sos/sw/S19.2.0/STUDIO/downlink/include -o sig_imfliprot.fits 
******************************************************************

imfliprot_log_writer: Printing Log output to stdout

Program imfliprot, Version 1.0
Namelist File  = cdf/pn107.nl
Input File = sig_flatap.fits
Output File = sig_imfliprot.fits
Image has been flipped
Image Rotation (degrees)  = 180
Ancillary Data-File Path = /sos/sw/S19.2.0/STUDIO/downlink/include
Verbose flag = 0
Debug flag = 0
imfliprot Status Message      0x0000: Normal exit from Function 0x0000: LOG_WRITER
Processing time: 0.210000 seconds
Current date/time: Sat Jan  9 14:58:41 2016
Program imfliprot, version 1.0, terminated.


imfliprot   exit_value =   0    execution_time = 0.250s
******************************************************************
Pipeline executing imfliprot
imfliprot -i dmask.fits -n cdf/pn107.nl -a /sos/sw/S19.2.0/STUDIO/downlink/include -o temp_dmask.fits 
******************************************************************

imfliprot_log_writer: Printing Log output to stdout

Program imfliprot, Version 1.0
Namelist File  = cdf/pn107.nl
Input File = dmask.fits
Output File = temp_dmask.fits
Image has been flipped
Image Rotation (degrees)  = 180
Ancillary Data-File Path = /sos/sw/S19.2.0/STUDIO/downlink/include
Verbose flag = 0
Debug flag = 0
imfliprot Status Message      0x0000: Normal exit from Function 0x0000: LOG_WRITER
Processing time: 0.060000 seconds
Current date/time: Sat Jan  9 14:58:42 2016
Program imfliprot, version 1.0, terminated.


imfliprot   exit_value =   0    execution_time = 0.100s
******************************************************************
Pipeline executing imfliprot
imfliprot -i fowlinearize.fits -n cdf/pn107.nl -a /sos/sw/S19.2.0/STUDIO/downlink/include -o temp_fowlinearize.fits 
******************************************************************

imfliprot_log_writer: Printing Log output to stdout

Program imfliprot, Version 1.0
Namelist File  = cdf/pn107.nl
Input File = fowlinearize.fits
Output File = temp_fowlinearize.fits
Image has been flipped
Image Rotation (degrees)  = 180
Ancillary Data-File Path = /sos/sw/S19.2.0/STUDIO/downlink/include
Verbose flag = 0
Debug flag = 0
imfliprot Status Message      0x0000: Normal exit from Function 0x0000: LOG_WRITER
Processing time: 0.090000 seconds
Current date/time: Sat Jan  9 14:58:42 2016
Program imfliprot, version 1.0, terminated.


imfliprot   exit_value =   0    execution_time = 0.130s
******************************************************************
Pipeline executing imfliprot
imfliprot -i sig_fowlinearize.fits -n cdf/pn107.nl -a /sos/sw/S19.2.0/STUDIO/downlink/include -o temp_sig_fowlinearize.fits 
******************************************************************

imfliprot_log_writer: Printing Log output to stdout

Program imfliprot, Version 1.0
Namelist File  = cdf/pn107.nl
Input File = sig_fowlinearize.fits
Output File = temp_sig_fowlinearize.fits
Image has been flipped
Image Rotation (degrees)  = 180
Ancillary Data-File Path = /sos/sw/S19.2.0/STUDIO/downlink/include
Verbose flag = 0
Debug flag = 0
imfliprot Status Message      0x0000: Normal exit from Function 0x0000: LOG_WRITER
Processing time: 0.100000 seconds
Current date/time: Sat Jan  9 14:58:43 2016
Program imfliprot, version 1.0, terminated.


imfliprot   exit_value =   0    execution_time = 0.170s
******************************************************************
Pipeline executing dntoflux
dntoflux -i imfliprot.fits -iu sig_imfliprot.fits -n cdf/pn107.nl -co 0 -c 0.1447 -u 0.0000 -a /sos/sw/S19.2.0/STUDIO/downlink/include -o1 dntoflux.fits -ou sig_dntoflux.fits -t 1 
******************************************************************

Program dntoflux, Version 4.2
Namelist File  = cdf/pn107.nl
Input Image = imfliprot.fits
Output File 1 = dntoflux.fits
Output Uncertainty Image = sig_dntoflux.fits
Operation flag = 0
Conversion factor = 0.144700
Input Uncertainty Image = sig_imfliprot.fits
Conversion-factor uncertainty = 0.000000
Output BUNIT setting = MJy/sr
Normalize-by-EXPTIME Flag = 1
EXPTIME = 1.920000
Data-Plane Flag = 1
Ancillary Data-File Path = /sos/sw/S19.2.0/STUDIO/downlink/include
Verbose flag = 0
Super-verbose flag = 0
Debug flag = 0
Terminating data-units-conversion program.
dntoflux Status Message: 0x0000
Normal exit from Function 0x0000: LOG_WRITER
dntoflux Probs Warning: NaN's were produced in the results.
A total of     4026   NaN's were produced in the results.
Processing time: 0.510000 seconds
Current date/time: Sat Jan  9 14:58:44 2016
Program dntoflux, version 4.2, terminated.

dntoflux   exit_value =   0    execution_time = 0.650s
******************************************************************
Pipeline executing qatool
qatool -i dntoflux.fits -n cdf/pn107.nl -nb QATOOLBCD -a /sos/sw/S19.2.0/STUDIO/downlink/include -o qa/BCD_qatool 
******************************************************************
qatool_parse_namelist: Information only: Namelist block-name = &QATOOLBCD
Program qatool, Version 6.0
Namelist File  = cdf/pn107.nl
Input File = dntoflux.fits
Output Data Filename Base = qa/BCD_qatool
Statistics Group = 0
Percent-Scaling Flag = 0
Calculation Type = 1
(set-up to do additional computations for four readout channels)
Number of Mean Absolute Deviations for Histogram Half-Width Coverage = 5
Number of Bins in Histograms = 41
Central fraction for trimmed average = 0.810000
Central fraction for trimmed std. dev. = 0.720000
Bad-pixel tolerance fraction = 0.900000
Statistics Box X position = 3
Statistics Box Y position = 4
Statistics Box X width = 20
Statistics Box Y height = 23
Input-Image Transpose Flag = 1
Unsigned Integer Flag = 0
Data-Plane Flag = 1
Number Edge Rows/Cols Skipped = 2
Keyword Prefix = bcd
Ancillary Data-File Path = /sos/sw/S19.2.0/STUDIO/downlink/include
Verbose flag = 0
Super-verbose flag = 0
Debug flag = 0
Performed statistical and histogram calculations.
Program qatool: Status Message: 0x0000
Normal exit from Function 0x0000: LOG_WRITER
Processing time: 1.330000 seconds
Current date/time: Sat Jan  9 14:58:46 2016
Program qatool, version 6.0, terminated.

qatool   exit_value =   0    execution_time = 1.430s
******************************************************************
Pipeline executing chkmask
chkmask dmask.fits -q qa/BCD_qatool.qa 
******************************************************************
 chkmask vsn 1.35 A40312
 
 No. of occurrences of the   3 status combinations:
   2268 occurrences of   256 (8)                                 
   4 occurrences of   16 (4)                                 
     1 occurrence of   272 (4,8)                               
 
 Status Bit: No. of Pixels
   0:   0
   1:   0
   2:   0
   3:   0
   4:   5
   5:   0
   6:   0
   7:   0
   8:   2269
   9:   0
   10:   0
   11:   0
   12:   0
   13:   0
   14:   0
 

chkmask   exit_value =   0    execution_time = 0.390s
******************************************************************
Loading QA information for DCE and BCD product
Keyword APDUV1E not found in header
Keyword APDUV2E not found in header
Keyword APDUV3E not found in header
Keyword APDUI1E not found in header
Keyword APDUI2E not found in header
Keyword APDUI3E not found in header
Could not append keyword APDUV1E to QA file qa/DCE_qatool.qa
Could not append keyword APDUV2E to QA file qa/DCE_qatool.qa
Could not append keyword APDUV3E to QA file qa/DCE_qatool.qa
Could not append keyword APDUI1E to QA file qa/DCE_qatool.qa
Could not append keyword APDUI2E to QA file qa/DCE_qatool.qa
Could not append keyword APDUI3E to QA file qa/DCE_qatool.qa
******************************************************************
Pipeline executing qaloader
qaloader -i qa/DCE_qatool.qa -tablename qa_iracdce -o qa/qaloader.sql -role pipelineswrole 
******************************************************************
2016/01/09 14:58:50 BEGIN qaloader v1.13
 -i (QA_FILE) qa/DCE_qatool.qa
 -tablename (TABLENAME) qa_iracdce
 -o (SQL_FILE) qa/qaloader.sql
 -role (ROLE) pipelineswrole
Using metadata version 13.0b
table name=qa_iracdce

QA values ingested:
{-4.630198e+01} {}
dceAveFI_1       -4.630198e+01 
{-4.942560e+01} {}
dceAveR1_1       -4.942560e+01 
{-2.929970e+01} {}
dceAveR2_1       -2.929970e+01 
{-3.342947e+01} {}
dceAveR3_1       -3.342947e+01 
{-7.305315e+01} {}
dceAveR4_1       -7.305315e+01 
{-2.200000e+01} {-4.942560e+01}
dceMedFI_1       -2.200000e+01 
{3.096677e+02} {}
dceSdevFI_1      3.096677e+02 
{4.770400e+00} {}
dceDSclFI_1      4.770400e+00 
{-8.942000e+03} {}
dceMinFI_1       -8.942000e+03 
{3.000000e+00} {}
dceMaxFI_1       3.000000e+00 
{147809513} {}
DCEID            147809513 
{2} {-4.630198e+01}
CHNLNUM          2 
{0} {}
ADCEID           0 
{8} {}
AFOWLNUM         8 
{184} {}
AWAITPER         184 
{0} {}
AWEASIDE         0 
{1} {}
AREADMOD         1 
{27.699513} {}
AFPAT1B          27.699513 
{28.671007} {}
AFPAT2B          28.671007 
{0} {}
APEDSIG          0 
{0} {}
ATXSTAT          0 
{0} {}
AFLSTAT          0 
{4} {}
ASHSTAT          4 
{-3.5585} {}
AVRSTBEG         -3.5585 
{-3.0562209} {}
AVDETBEG         -3.0562209 
{-3.618536} {}
AVGG1BEG         -3.618536 
{-3.550644} {}
AVDDUBEG         -3.550644 
{0} {}
AVGGCBEG         0 
{21.474083} {}
ACTENDT          21.474083 
{19.665313} {}
AFPECTE          19.665313 
{23.042915} {}
AFPEATE          23.042915 
{23.943029} {}
ATCTEMPE         23.943029 
{21.413121} {}
ACETEMPE         21.413121 
{21.38264} {}
APDTEMPE         21.38264 
{27.671961} {}
ACATMP2E         27.671961 
2016/01/09 14:58:50 END   qaloader status=0

qaloader   exit_value =   0    execution_time = 0.100s
******************************************************************
Pipeline executing qaloader
qaloader -i qa/BCD_qatool.qa -tablename qa_iracdp -o qa/qaloader.sql 
******************************************************************
2016/01/09 14:58:51 BEGIN qaloader v1.13
 -i (QA_FILE) qa/BCD_qatool.qa
 -tablename (TABLENAME) qa_iracdp
 -o (SQL_FILE) qa/qaloader.sql
Using metadata version 13.0b
table name=qa_iracdp

QA values ingested:
{2.542099e+00} {}
bcdAveFI_1       2.542099e+00 
{3.999316e+00} {}
bcdAveUB_1       3.999316e+00 
{5.420921e-01} {}
bcdMedFI_1       5.420921e-01 
{6.216459e-01} {}
bcdMedUB_1       6.216459e-01 
{2.669912e+01} {}
bcdSdevFI_1      2.669912e+01 
{3.479647e+01} {}
bcdSdevUB_1      3.479647e+01 
{3.945876e-01} {}
bcdDSclFI_1      3.945876e-01 
{4.854298e-01} {}
bcdDSclUB_1      4.854298e-01 
{-5.453022e-01} {}
bcdMinFI_1       -5.453022e-01 
{-5.453022e-01} {}
bcdMinUB_1       -5.453022e-01 
{7.143059e+02} {}
bcdMaxFI_1       7.143059e+02 
{7.143059e+02} {}
bcdMaxUB_1       7.143059e+02 
{5.363930e-01} {}
bcdC68lFI_1      5.363930e-01 
{5.551525e-01} {}
bcdC68uFI_1      5.551525e-01 
{391693142} {}
DPID             391693142 
{2} {2.542099e+00}
CHNLNUM          2 
2016/01/09 14:58:51 END   qaloader status=0

qaloader   exit_value =   0    execution_time = 0.140s
******************************************************************
Pipeline executing dbaccess
dbaccess -e sodb qa/qaloader.sql 
******************************************************************
set role pipelineswrole;
set lock mode to wait 30;
EXECUTE PROCEDURE addQA_iracdce (147809513, NULL, NULL, 2, -4.630198e+01, 
-2.200000e+01, -4.942560e+01, -2.929970e+01, -3.342947e+01, -7.305315e+01, 
3.096677e+02, 4.770400e+00, -8.942000e+03, 3.000000e+00, 0, 8, 184, 0, 1, 
27.699513, 28.671007, 0, 0, 0, 4, -3.5585, -3.0562209, -3.618536, -3.550644, 0, 
21.474083, 19.665313, 23.042915, 23.943029, 21.413121, 21.38264, 27.671961, 
NULL, NULL, NULL, NULL, NULL, NULL);
EXECUTE PROCEDURE addQA_iracdp (391693142, NULL, NULL, 2, 2.542099e+00, 
3.999316e+00, 5.420921e-01, 6.216459e-01, 2.669912e+01, 3.479647e+01, 
3.945876e-01, 4.854298e-01, -5.453022e-01, -5.453022e-01, 7.143059e+02, 
7.143059e+02, 5.363930e-01, 5.551525e-01, NULL, NULL, NULL, NULL, NULL, NULL);
execute procedure setDceTimeParameters (147809513, 1037050169.304, "2012-11-10 21:23:08.990", 1.92, 2.00);

dbaccess   exit_value =   0    execution_time = 0.170s
******************************************************************
Finishing IRAC science pipeline processing
Could not copy cal/firstframe_corr.fits to /sbx10/S19.2.0/archive/proc/full/IRAC033400/bcd/4568/0046471424/2/0091/0000/17/01/1/cal/firstframe_corr.fits
Could not copy imask.fits to /sbx10/S19.2.0/archive/proc/full/IRAC033400/bcd/4568/0046471424/2/0091/0000/17/01/1/imask.fits
Could not copy muxbleedcorr.fits to /sbx10/S19.2.0/archive/proc/full/IRAC033400/bcd/4568/0046471424/2/0091/0000/17/01/1/muxbleedcorr.fits
Could not copy slremove.fits to /sbx10/S19.2.0/archive/proc/full/IRAC033400/bcd/4568/0046471424/2/0091/0000/17/01/1/slremove.fits
******************************************************************
PlScriptID 17 exiting Saturday, January  9, 2016  2:58:54 PM PST
Host: sopipe63
Local Processing Directory: /scr5/S19.2.0/IRAC033400/bcd/4568/0046471424/2/0091/0000/17/01/1
Sandbox Directory: /sbx10/S19.2.0/archive/proc/full/IRAC033400/bcd/4568/0046471424/2/0091/0000/17/01/1
Processing time: total 31.77 s (user 0.99, system 0.99, child user 18.76, child system 11.03)
Pipeline exit code: Normal exit (0)
******************************************************************
