 hdrupd8 vsn 1.6  A70821
******************************************************************
Executing IRAC science pipeline
******************************************************************
Pipeline executing sanity_datatype
sanity_datatype -i ../fos16.fits -t1 cdf/sanity_datatype1.tbl -t2 cdf/sanity_datatype2.tbl -o1 qa/sanity_datatype1.tbl -o2 qa/sanity_datatype2.tbl 
******************************************************************
Program Sanity_datatype is started .... Version 1.0, Sat Jan  9 14:58:00 2016
Input Image File = ../fos16.fits
Input Data Table 1 = cdf/sanity_datatype1.tbl
Input Data Table 2 = cdf/sanity_datatype2.tbl
Output Filename1 = qa/sanity_datatype1.tbl
Output Filename2 = qa/sanity_datatype2.tbl
Log File = stdout
I_Debug = 0
I_Verbose = 0
I_SuperVerbose = 0
Processing time: 0.080000 seconds
Program Sanity_datatype is done. Version 1.0, Sat Jan  9 14:58:00 2016


sanity_datatype   exit_value =   0    execution_time = 0.380s
******************************************************************
Pipeline executing qatool
qatool -i ../fos16.fits -n cdf/pn107.nl -nb QATOOLDCE -a /sos/sw/S19.2.0/STUDIO/downlink/include -o qa/DCE_qatool 
******************************************************************
qatool_parse_namelist: Information only: Namelist block-name = &QATOOLDCE
Program qatool, Version 6.0
Namelist File  = cdf/pn107.nl
Input File = ../fos16.fits
Output Data Filename Base = qa/DCE_qatool
Statistics Group = 0
Percent-Scaling Flag = 0
Calculation Type = 1
(set-up to do additional computations for four readout channels)
Number of Mean Absolute Deviations for Histogram Half-Width Coverage = 5
Number of Bins in Histograms = 41
Central fraction for trimmed average = 0.810000
Central fraction for trimmed std. dev. = 0.720000
Bad-pixel tolerance fraction = 0.340000
Statistics Box X position = 3
Statistics Box Y position = 4
Statistics Box X width = 27
Statistics Box Y height = 33
Input-Image Transpose Flag = 1
Unsigned Integer Flag = 0
Data-Plane Flag = 1
Number Edge Rows/Cols Skipped = 10
Keyword Prefix = dce
Ancillary Data-File Path = /sos/sw/S19.2.0/STUDIO/downlink/include
Verbose flag = 0
Super-verbose flag = 0
Debug flag = 0
Performed statistical and histogram calculations.
Program qatool: Status Message: 0x0000
Normal exit from Function 0x0000: LOG_WRITER
Processing time: 0.780000 seconds
Current date/time: Sat Jan  9 14:58:02 2016
Program qatool, version 6.0, terminated.

qatool   exit_value =   0    execution_time = 0.890s
******************************************************************
Pipeline executing sanity_check
sanity_check -i qa/DCE_qatool.tbl -o qa/sanity_check.tbl 
******************************************************************
Program Sanity_check is started .... Version 1.0, Sat Jan  9 14:58:05 2016

Input File = qa/DCE_qatool.tbl
Output = qa/sanity_check.tbl
Processing time: 0.020000 seconds
Current date/time: Sat Jan  9 14:58:05 2016
Program Sanity_check, version 1.0, terminated.

sanity_check   exit_value =   0    execution_time = 0.300s
******************************************************************
Pipeline executing abad_repair
abad_repair -i ../fos16.fits -o abad_repair.fits 
******************************************************************
Pipeline Module ABAD_REPAIR Version 1.2
Processing time Sat Jan  9 14:58:05 2016

ABAD_READ_DATA: A0752D00 = 0
status from read: 1
npixs = 65536
enter output with 0
files ../fos16.fits !abad_repair.fits 
open output [!abad_repair.fits]
comment [Sat Jan  9 14:58:05 2016]
Time = 0.060 seconds
exit code 0

abad_repair   exit_value =   0    execution_time = 0.100s
******************************************************************
Pipeline executing tranhead
tranhead -i abad_repair.fits -n cdf/pn107.nl -k /scr/S19.2.0/cdf/ctd/telemetry_dictionary.dat -a /sos/sw/S19.2.0/STUDIO/downlink/include -o tranhead.fits -t, cdf/Keyword_Include_List.dat 
******************************************************************

Program tranhead, Version 13.2
Namelist File  = cdf/pn107.nl
Input File = abad_repair.fits
Dictionary File = /scr/S19.2.0/cdf/ctd/telemetry_dictionary.dat
CTD Version String = 3.0.94S
Keyword-Include-List File = cdf/Keyword_Include_List.dat
Translated-Keyword File = tranhead.hdr
CSPICE leapseconds kernel = /scr/S19.2.0/cdf/spice/leapseconds.ker
CSPICE SCLK_SCET kernel = /scr/S19.2.0/cdf/spice/sclk_scet.ker
CSPICE Spitzer Ephemeris = /scr/S19.2.0/cdf/spice/sirtf.bsp
CSPICE Planets Ephemeris = /scr/S19.2.0/cdf/spice/de.bsp
Output File = tranhead.fits
Operation Type = 1
FITS-Header Comment Flag = 1
SCLK correction factor = 1.000380
Ignore Frames (1st) = -1
Ignore Frames (2nd and higher) = -1
Central fraction for trimmed average  = 0.900000
Central fraction for trimmed std. dev. = 0.900000
Gain = 3.710000
Gain_RdOutCh_1 = 3.710000
Gain_RdOutCh_2 = 3.710000
Gain_RdOutCh_3 = 3.710000
Gain_RdOutCh_4 = 3.710000
Ancillary Data-File Path = /sos/sw/S19.2.0/STUDIO/downlink/include
Verbose flag = 0
Super-verbose flag = 0
Debug flag = 0
Configured to perform forward FITS keyword translation.
tranhead Status Message: 0x0000
Normal exit from Function 0x0000: LOG_WRITER
A total of        0   NaN's were produced in the results.
Processing time: 0.370000 seconds
Current date/time: Sat Jan  9 14:58:06 2016
Program tranhead, version 13.2, terminated.

tranhead   exit_value =   0    execution_time = 0.490s
 hdrupd8 vsn 1.6  A70821


LabDark

chan, frametime, hdy, extrpt = 2, 2.00, F, 233
expid  adceid  repidx  =  22,  0,  0 

SkyDarkaor template time = 2
hdy  repidx =  F  0
expid  ext-repeat  =  22  233

******************************************************************
Pipeline executing caltrans
caltrans -n cdf/pn107.nl -m 2 -a 7 -b /scr1/S19.2.0/dlcaldata/irac -s tranhead.fits -o cal -u SUB -jk1 CHNLNUM -jv1 2 -ja1 N -ju1 0 -js1 flip -jk2 CHNLNUM;AFOWLNUM;AWAITPER;FRAMTIME;HDRMODE -jv2 2;8;184;2.00;F -ja2 N;N;N;N;S -ju2 0;0;0;0;0 -js2 sigma;cmask -jk3 CHNLNUM;AFOWLNUM;AWAITPER;FRAMTIME;HDRMODE -jv3 2;8;184;2.00;F -ja3 N;N;N;N;S -ju3 0;0;0;0;0 -js3 cmask -jk4 CHNLNUM -jv4 2 -ja4 N -ju4 0 -js4 cmask -jk5 CHNLNUM -jv5 2 -ja5 N -ju5 0 -js5 cmask -jk6 CHNLNUM -jv6 2 -ja6 N -ju6 0 -jk7 CHNLNUM;AFOWLNUM;AWAITPER -jv7 2;8;184 -ja7 N;N;N -ju7 0;0;0 -jk8 CHNLNUM;AFOWLNUM;AWAITPER -jv8 2;8;184 -ja8 N;N;N -ju8 0;0;0 -e CALTRANSsciSUB 
******************************************************************

Online Namelist file descriptor associated
Online namelist buffer loaded: length = 7422

Warning !:  Ancillary file #1  with full suffix filename  '/sos/archive/fallbacks/IRAC004600/SUB_2s_2sf8d1r1_ch2_v2.0.0_dark_sigma.fits'  NOT in archive/sandbox !!.
Proceed to the next suffix fileprocessing .....

Warning !:  Ancillary file #2  with full suffix filename  '/sos/archive/fallbacks/IRAC004600/SUB_2s_2sf8d1r1_ch2_v2.0.0_dark_cmask.fits'  NOT in archive/sandbox !!.
Proceed to the next suffix fileprocessing .....

Warning !:  Ancillary-suffix file #1: '/scr1/S19.2.0/dlcaldata/irac/fb1502_SUB_2s_2sf8d1r1_ch2_v2.0.0_dark_sigma.fits'  could NOT be identified on cache.
Processing continues ..... 


Warning !:  Ancillary-suffix file #2: '/scr1/S19.2.0/dlcaldata/irac/fb1502_SUB_2s_2sf8d1r1_ch2_v2.0.0_dark_cmask.fits'  could NOT be identified on cache.
Processing continues ..... 


Warning !:  Ancillary file #1  with full suffix filename  '/sos/archive/fallbacks/IRAC005300/lincal_b2_sa_011410_cmask.fits'  NOT in archive/sandbox !!.
Proceed to the next suffix fileprocessing .....

Warning !:  Ancillary-suffix file #1: '/scr1/S19.2.0/dlcaldata/irac/fb1579_lincal_b2_sa_011410_cmask.fits'  could NOT be identified on cache.
Processing continues ..... 

  Printing Log output to stdout...


Program CALTRANS, Version 4.0
Command-Line Namelist Filename  = cdf/pn107.nl
Command-Line Namelist Section = CALTRANSsciSUB
CalTrans Execution Mode  = 2
CalID = 7
Input Calibration Type list = pmask;labdark;skydark;lincal;sky_flat;fluxconv;muxbleed_lut;muxbleed_coeff
Input Calibration Rule list = 0;0;300;0;0;0;0;0
Input Generic Outfname list = pmask.fits;labdark.fits;skydark.fits;lincal.fits;skyflat.fits;fluxconv;muxbleed_lut;muxbleed_coeff
Science DCE Filename = tranhead.fits
CAL Destination Path = cal
Processing time: 0.480000 seconds
Current date/time: Sat Jan  9 14:58:20 2016
Program CALTRANS, version 4.0, terminated with status = 16

CalTrans exits with status = 16



caltrans   exit_value =  16    execution_time = 0.600s
******************************************************************
Pipeline executing insbposdom
insbposdom -i tranhead.fits -o insbposdom.fits 
******************************************************************
Pipeline Module INSBPOSDOM Version 1.1
Processing time Sat Jan  9 14:58:20 2016

Sat Jan  9 14:58:20 2016
Time = 0.040 seconds
exit code 0

insbposdom   exit_value =   0    execution_time = 0.080s
******************************************************************
Pipeline executing cvti2r4
cvti2r4 -i insbposdom.fits -a 0.5625 -b 0 -d cal/dmask_for_raw.fits -o cvti2r4.fits -m row 
******************************************************************
 SIRTF I*2-to-R*4 Data Cube Conversion program vsn 1.31 A61025
 Input file:  insbposdom.fits
 Using offset =    0.562500
 Using BLANK-fill value:   0
 Output file: cvti2r4.fits
 Missing-data pattern specified as rows

cvti2r4   exit_value =   0    execution_time = 0.350s
Image has barrel shift = 3
Computed truncation correction 0.5*(1-2^-ABARREL) = 0.5625
******************************************************************
Pipeline executing hdrupd8
hdrupd8 cvti2r4.fits -a cdf/hdrupd8_cubify.dat -d cdf/hdrupd8_planify.dat 
******************************************************************
 hdrupd8 vsn 1.6  A70821
 WARNING: keyword to be deleted not found: NAXIS3  

hdrupd8   exit_value =   0    execution_time = 0.370s
******************************************************************
Pipeline executing hdrupd8
hdrupd8 dmask.fits -a cdf/hdrupd8_cubify.dat -d cdf/hdrupd8_planify.dat 
******************************************************************
 hdrupd8 vsn 1.6  A70821
 WARNING: keyword to be deleted not found: NAXIS3  

hdrupd8   exit_value =   0    execution_time = 0.360s
******************************************************************
Pipeline executing iracwrapdet1
iracwrapdet1 -i cvti2r4.fits -n cdf/pn107.nl -p cal/pmask.fits -d dmask.fits -w wmask.fits -v 
******************************************************************
Pipeline Module IRACWRAPDET1 Version 1.4
Processing time Sat Jan  9 14:58:30 2016
iracwrapdet1_parse_args: Namelist File = 	cdf/pn107.nl
iracwrapdet1_parse_args: Pmask File = 	cal/pmask.fits
iracwrapdet1_parse_args: Dmask File = 	dmask.fits
iracwrapdet1_parse_args: Wmask File = 	wmask.fits
iracwrapdet1_parse_args: Input File = 	cvti2r4.fits
iracwrapdet1_parse_args: I_Verbose = 			1
chn 2 framtim 2.000000
iracwrapdet1_read_data: Data read from file:
cvti2r4.fits
iracwrapdet1_read_data: I_NX = 32
iracwrapdet1_read_data: I_NY = 32
iracwrapdet1_read_data: I_NZ = 64
iracwrapdet1_parse_namelist: Namelist File = 	cdf/pn107.nl
Coeff used: 55000.000000 55000.000000 55000.000000 55000.000000
iracwrapdet1_compute_results: Numerical Computations finished
Sat Jan  9 14:58:30 2016
iracwrapdet1_output: Results written to file(s).
Time = 0.030 seconds
iracwrapdet1_error_handler: Error Handler finished.
iracwrapdet1_exit: Memory Deallocated.
exit code 0

iracwrapdet1   exit_value =   0    execution_time = 0.070s
******************************************************************
Pipeline executing iracwrapdet2
iracwrapdet2 -i cvti2r4.fits -n cdf/pn107.nl -p cal/pmask.fits -d dmask.fits -w wmask.fits -a /sos/sw/S19.2.0/STUDIO/downlink/include 
******************************************************************

Program iracwrapdet2, Version 1.4
Namelist File  = cdf/pn107.nl
FITS Input Image = cvti2r4.fits
Pmask File = cal/pmask.fits
Dmask File = dmask.fits
Wmask File = mask.fits
M-Level       chan1     chan2     chan3     chan4
            55000.0   55000.0   55000.0   55000.0
Tolerance     chan1     chan2     chan3     chan4
             1200.0    1200.0    1200.0    1200.0
Pmask Maximum = 65535
Dmask Maximum = 65535
Ancillary Data-File Path = /sos/sw/S19.2.0/STUDIO/downlink/include
Verbose flag = 0
Super-verbose flag = 0
Debug flag = 0
iracwrapdet2 Status Message      0x0000
Normal exit from Function 0x0000: LOG_WRITER
Processing time: 0.110000 seconds
Current date/time: Sat Jan  9 14:58:31 2016
Program iracwrapdet2, version 1.4, terminated


iracwrapdet2   exit_value =   0    execution_time = 0.150s
******************************************************************
Pipeline executing iracwrapcorr
iracwrapcorr -i cvti2r4.fits -p cal/pmask.fits -d dmask.fits -w wmask.fits -o iracwrapcorr.fits 
******************************************************************
Pipeline Module IRACWRAPCORR Version 1.3
Processing time Sat Jan  9 14:58:31 2016
iracwrapcorr_parse_namelist: Information only: Namelist not specified.
Sat Jan  9 14:58:31 2016
Time = 0.040 seconds
exit code 0

iracwrapcorr   exit_value =   0    execution_time = 0.080s
******************************************************************
Pipeline executing iracnorm
iracnorm -i iracwrapcorr.fits -p cal/pmask.fits -d dmask.fits -o iracnorm.fits 
******************************************************************
Pipeline Module IRACWNORM Version 1.10
Processing time Sat Jan  9 14:58:32 2016

Sat Jan  9 14:58:32 2016
Time = 0.040 seconds
exit code 0

iracnorm   exit_value =   0    execution_time = 0.080s
******************************************************************
Pipeline executing iracebwc
iracebwc -i iracnorm.fits -n cdf/pn107.nl -p cal/pmask.fits -d dmask.fits -o iracebwc.fits 
******************************************************************
Pipeline Module IRACEBWC Version 1.2
Processing time Sat Jan  9 14:58:32 2016

Sat Jan  9 14:58:32 2016
Time = 0.040 seconds
exit code 0

iracebwc   exit_value =   0    execution_time = 0.080s
HDR mode   =  f
AOR Template Time     =  2
DCE Frame Time    =  2.00
EXTRpt     =  233
Frame NOBF =  0
From sub determine_delays:
   aottime = 2
   aordelay = 222.190359962807
   stellarmode = f
   expid=22
imdly = 1.35535992465972
frmdly = 1.35535992465972

Immed  Delay = 1.35535992465972
Frame  Delay = 1.35535992465972

 hdrupd8 vsn 1.6  A70821
 hdrupd8 vsn 1.6  A70821
 hdrupd8 vsn 1.6  A70821
 hdrupd8 vsn 1.6  A70821
 hdrupd8 vsn 1.6  A70821
 hdrupd8 vsn 1.6  A70821
 hdrupd8 vsn 1.6  A70821
******************************************************************
Pipeline executing darksubng
darksubng -i iracebwc.fits -a /sos/sw/S19.2.0/STUDIO/downlink/include -p cal/pmask.fits -d dmask.fits -o labdarksub.fits -cc cal/labdark.fits -v 
******************************************************************
/sos/sw/S19.2.0/STUDIO/downlink/bin/darksubng: namelist not given
/sos/sw/S19.2.0/STUDIO/downlink/bin/darksubng: input uncertainty image not given
/sos/sw/S19.2.0/STUDIO/downlink/bin/darksubng: output uncertainty image not given
/sos/sw/S19.2.0/STUDIO/downlink/bin/darksubng: WARNING no uncertainty calculations will be performed
/sos/sw/S19.2.0/STUDIO/downlink/bin/darksubng: Namelist               = []
/sos/sw/S19.2.0/STUDIO/downlink/bin/darksubng: Input image            = [iracebwc.fits]
/sos/sw/S19.2.0/STUDIO/downlink/bin/darksubng: Input uncertainty      = []
/sos/sw/S19.2.0/STUDIO/downlink/bin/darksubng: Output image           = [!labdarksub.fits]
/sos/sw/S19.2.0/STUDIO/downlink/bin/darksubng: Output uncertainty     = []
/sos/sw/S19.2.0/STUDIO/downlink/bin/darksubng: Dark                   = [cal/labdark.fits]
/sos/sw/S19.2.0/STUDIO/downlink/bin/darksubng: Pmask file             = [cal/pmask.fits]
/sos/sw/S19.2.0/STUDIO/downlink/bin/darksubng: Pmask fatality bitmask = [65536]
/sos/sw/S19.2.0/STUDIO/downlink/bin/darksubng: Dmask file             = [dmask.fits]
/sos/sw/S19.2.0/STUDIO/downlink/bin/darksubng: Dmask fatality bitmask = [65536]
/sos/sw/S19.2.0/STUDIO/downlink/bin/darksubng: Cmask file             = []
/sos/sw/S19.2.0/STUDIO/downlink/bin/darksubng: Cmask fatality bitmask = [65536]
/sos/sw/S19.2.0/STUDIO/downlink/bin/darksubng: Logfile                = []
/sos/sw/S19.2.0/STUDIO/downlink/bin/darksubng: Ancillary Path         = [/sos/sw/S19.2.0/STUDIO/downlink/include]
/sos/sw/S19.2.0/STUDIO/downlink/bin/darksubng: Uncertainty calculations will not be made
/sos/sw/S19.2.0/STUDIO/downlink/bin/darksubng: WARNING cal/labdark.fits has no BUNIT key
/sos/sw/S19.2.0/STUDIO/downlink/bin/darksubng: WARNING assuming cal/labdark.fits is in DN
/sos/sw/S19.2.0/STUDIO/downlink/bin/darksubng: WARNING cal/labdark.fits has no EXPTIME key
/sos/sw/S19.2.0/STUDIO/downlink/bin/darksubng: WARNING cal/labdark.fits has no GAIN keywords
/sos/sw/S19.2.0/STUDIO/downlink/bin/darksubng: compute - performing any unit conversions
/sos/sw/S19.2.0/STUDIO/downlink/bin/darksubng: compute - starting subtraction with masking 
/sos/sw/S19.2.0/STUDIO/downlink/bin/darksubng: Processing successful; Exiting

darksubng   exit_value =   0    execution_time = 0.160s
READ Noise !! =  9.4
******************************************************************
Pipeline executing snestimator
snestimator -i labdarksub.fits -n cdf/pn107.nl -a /sos/sw/S19.2.0/STUDIO/downlink/include -p cal/pmask.fits -d dmask.fits -on sig_snestimator.fits -g 3.71 -r 9.4 
******************************************************************
verbose 0

Program SNESTIMATOR, Version 1.5
Namelist File  = cdf/pn107.nl
Input FITS Image = labdarksub.fits
Noise Image = sig_snestimator.fits
Denominator type = IRAC_MODEL
Edge Pixels Excluded = 0
Gain Channel 1 = 3.710000 Channel 2 = 3.710000 Channel 3 = 3.710000 Channel 4 = 3.710000
Read Noise = 9.400000
Confusion Sigma = 0.000000
Ancillary Data-File Path = /sos/sw/S19.2.0/STUDIO/downlink/include
Verbose flag = 0
Super-verbose flag = 0
Debug flag = 0
snestimator Status Message      0x0000
Normal exit from Function 0x0000: LOG_WRITER
Processing time: 0.100000 seconds
Current date/time: Sat Jan  9 14:59:00 2016
Program SNESTIMATOR, version 1.5, terminated


snestimator   exit_value =   0    execution_time = 0.170s
******************************************************************
Pipeline executing darksubng
darksubng -i iracebwc.fits -iu sig_snestimator.fits -a /sos/sw/S19.2.0/STUDIO/downlink/include -p cal/pmask.fits -d dmask.fits -o labdarksub.fits -ou sig_labdarksub.fits -cc cal/labdark.fits -v 
******************************************************************
/sos/sw/S19.2.0/STUDIO/downlink/bin/darksubng: namelist not given
/sos/sw/S19.2.0/STUDIO/downlink/bin/darksubng: Namelist               = []
/sos/sw/S19.2.0/STUDIO/downlink/bin/darksubng: Input image            = [iracebwc.fits]
/sos/sw/S19.2.0/STUDIO/downlink/bin/darksubng: Input uncertainty      = [sig_snestimator.fits]
/sos/sw/S19.2.0/STUDIO/downlink/bin/darksubng: Output image           = [!labdarksub.fits]
/sos/sw/S19.2.0/STUDIO/downlink/bin/darksubng: Output uncertainty     = [!sig_labdarksub.fits]
/sos/sw/S19.2.0/STUDIO/downlink/bin/darksubng: Dark                   = [cal/labdark.fits]
/sos/sw/S19.2.0/STUDIO/downlink/bin/darksubng: Pmask file             = [cal/pmask.fits]
/sos/sw/S19.2.0/STUDIO/downlink/bin/darksubng: Pmask fatality bitmask = [65536]
/sos/sw/S19.2.0/STUDIO/downlink/bin/darksubng: Dmask file             = [dmask.fits]
/sos/sw/S19.2.0/STUDIO/downlink/bin/darksubng: Dmask fatality bitmask = [65536]
/sos/sw/S19.2.0/STUDIO/downlink/bin/darksubng: Cmask file             = []
/sos/sw/S19.2.0/STUDIO/downlink/bin/darksubng: Cmask fatality bitmask = [65536]
/sos/sw/S19.2.0/STUDIO/downlink/bin/darksubng: Logfile                = []
/sos/sw/S19.2.0/STUDIO/downlink/bin/darksubng: Ancillary Path         = [/sos/sw/S19.2.0/STUDIO/downlink/include]
/sos/sw/S19.2.0/STUDIO/downlink/bin/darksubng: Uncertainty calculations will be made
/sos/sw/S19.2.0/STUDIO/downlink/bin/darksubng: WARNING cal/labdark.fits has no BUNIT key
/sos/sw/S19.2.0/STUDIO/downlink/bin/darksubng: WARNING assuming cal/labdark.fits is in DN
/sos/sw/S19.2.0/STUDIO/downlink/bin/darksubng: WARNING cal/labdark.fits has no EXPTIME key
/sos/sw/S19.2.0/STUDIO/downlink/bin/darksubng: WARNING cal/labdark.fits has no GAIN keywords
/sos/sw/S19.2.0/STUDIO/downlink/bin/darksubng: compute - performing any unit conversions
/sos/sw/S19.2.0/STUDIO/downlink/bin/darksubng: compute - starting subtraction with masking 
/sos/sw/S19.2.0/STUDIO/downlink/bin/darksubng: Processing successful; Exiting

darksubng   exit_value =   0    execution_time = 0.180s
******************************************************************
Pipeline executing fowlinearize
fowlinearize -i1 labdarksub.fits -i3 sig_labdarksub.fits -n cdf/pn107.nl -a /sos/sw/S19.2.0/STUDIO/downlink/include -ip cal/pmask.fits -i2 cal/lincal.fits -id dmask.fits -o1 fowlinearize.fits -o2 sig_fowlinearize.fits -c 10 
******************************************************************

Program FOWLINEARIZE, Version 4.9
Namelist File  = cdf/pn107.nl
Input File 1 = labdarksub.fits
Input File 2 = cal/lincal.fits
Input File 3 = sig_labdarksub.fits
Model_Flag(1=quad. 2=cubic) = 1
Clock_Readout(10=sub-array, 200=full-array) = 10.000000
Input PMask Image = cal/pmask.fits
Unusable PMask Bits = 16384
Input DMask Image = dmask.fits
Unusable DMask Bits = 8192
Not-linearized DMask Bit = 4096
Not-linearized DMask Bit due to lincal-model saturation = 8192
Output File 1 = fowlinearize.fits
Output File 2 = sig_fowlinearize.fits
Ancillary Data-File Path = /sos/sw/S19.2.0/STUDIO/downlink/include
Verbose flag = 0
Super-verbose flag = 0
Debug flag = 0
Performed linearity correction.
Program fowlinearize: Status Message: 0x0000
Normal exit from Function 0x0000: LOG_WRITER
Processing time: 0.290000 seconds
Current date/time: Sat Jan  9 14:59:02 2016
Program FOWLINEARIZE, version 4.9, terminated.

fowlinearize   exit_value =   0    execution_time = 0.380s
Read Noise =  9.4
 hdrupd8 vsn 1.6  A70821
******************************************************************
Pipeline executing bgmodel
bgmodel -i fowlinearize.fits -n cdf/pn107.nl -h 
******************************************************************

Online Namelist file descriptor associated
Online namelist buffer loaded: length = 7422
bgmodel_log_writer: Printing Log output to stdout
bgmodel  Version 1.0
Namelist File  = cdf/pn107.nl
Input Image = fowlinearize.fits
Ephemeris = /scr1/S19.2.0/cdf/spice/sirtf.bsp
LeapSec Kernel = /scr1/S19.2.0/cdf/spice/leapseconds.ker
SPK Kernel = /scr1/S19.2.0/cdf/spice/de.bsp

bgmodel  Status Message      0x0000: No error.
Time = 0.070 seconds

Background exits with status = 0


bgmodel   exit_value =   0    execution_time = 0.130s
******************************************************************
Pipeline executing hdrupd8
hdrupd8 fowlinearize.fits -a addkeys.dat 
******************************************************************
 hdrupd8 vsn 1.6  A70821

hdrupd8   exit_value =   0    execution_time = 0.340s
SkyDk Med DN      = 16.56367 
Exposure time     = 1.92
SkyDk Med DN rate = 8.62691145833333
Flux Conv         = 0.1447 
SkyDk Med Flux    = 1.24831408802083
Image File = fowlinearize.fits 

 hdrupd8 vsn 1.6  A70821
 hdrupd8 vsn 1.6  A70821
 hdrupd8 vsn 1.6  A70821
 hdrupd8 vsn 1.6  A70821
 hdrupd8 vsn 1.6  A70821
******************************************************************
Pipeline executing darksubng
darksubng -i fowlinearize.fits -iu sig_fowlinearize.fits -a /sos/sw/S19.2.0/STUDIO/downlink/include -p cal/pmask.fits -d dmask.fits -o skydarksub.fits -ou sig_skydarksub.fits -cc cal/skydark.fits -v -c cal/skydark_cmask.fits 
******************************************************************
/sos/sw/S19.2.0/STUDIO/downlink/bin/darksubng: namelist not given
/sos/sw/S19.2.0/STUDIO/downlink/bin/darksubng: Namelist               = []
/sos/sw/S19.2.0/STUDIO/downlink/bin/darksubng: Input image            = [fowlinearize.fits]
/sos/sw/S19.2.0/STUDIO/downlink/bin/darksubng: Input uncertainty      = [sig_fowlinearize.fits]
/sos/sw/S19.2.0/STUDIO/downlink/bin/darksubng: Output image           = [!skydarksub.fits]
/sos/sw/S19.2.0/STUDIO/downlink/bin/darksubng: Output uncertainty     = [!sig_skydarksub.fits]
/sos/sw/S19.2.0/STUDIO/downlink/bin/darksubng: Dark                   = [cal/skydark.fits]
/sos/sw/S19.2.0/STUDIO/downlink/bin/darksubng: Pmask file             = [cal/pmask.fits]
/sos/sw/S19.2.0/STUDIO/downlink/bin/darksubng: Pmask fatality bitmask = [65536]
/sos/sw/S19.2.0/STUDIO/downlink/bin/darksubng: Dmask file             = [dmask.fits]
/sos/sw/S19.2.0/STUDIO/downlink/bin/darksubng: Dmask fatality bitmask = [65536]
/sos/sw/S19.2.0/STUDIO/downlink/bin/darksubng: Cmask file             = [cal/skydark_cmask.fits]
/sos/sw/S19.2.0/STUDIO/downlink/bin/darksubng: Cmask fatality bitmask = [65536]
/sos/sw/S19.2.0/STUDIO/downlink/bin/darksubng: Logfile                = []
/sos/sw/S19.2.0/STUDIO/downlink/bin/darksubng: Ancillary Path         = [/sos/sw/S19.2.0/STUDIO/downlink/include]
/sos/sw/S19.2.0/STUDIO/downlink/bin/darksubng: Uncertainty calculations will be made
/sos/sw/S19.2.0/STUDIO/downlink/bin/darksubng: compute - performing any unit conversions
/sos/sw/S19.2.0/STUDIO/downlink/bin/darksubng: compute - starting subtraction with masking 
/sos/sw/S19.2.0/STUDIO/downlink/bin/darksubng: Processing successful; Exiting

darksubng   exit_value =   0    execution_time = 0.200s
******************************************************************
Pipeline executing darkdrift
darkdrift -i skydarksub.fits -iu sig_skydarksub.fits -n cdf/pn107.nl -a /sos/sw/S19.2.0/STUDIO/downlink/include -o1 darkdrift.fits -o2 darkdriftcorr.fits -o3 darkdrift.tbl -ou sig_darkdrift.fits 
******************************************************************
Program darkdrift, Version 4.1
Namelist File  = cdf/pn107.nl
Input Image = skydarksub.fits
Input Uncertainty Image = sig_skydarksub.fits
Output Image 1 (corrected image) = darkdrift.fits
Output Image 2 (corrections) = darkdriftcorr.fits
Output Image 3 (uncertainties) = sig_darkdrift.fits
Output File 3 = darkdrift.tbl
Central fraction for trimmed average  = 0.900000
Central fraction for trimmed std. dev. = 0.900000
Time_Input = 0.250000
Time_Before = 0.000000
Time_After = 1.000000
Temp_Input = 270.000000
Temp_Before = 280.000000
Temp_After = 260.000000
Calculation Type = 1
Input-Image Transpose Flag = 1
Multiplicative-Correction Flag (Additive if zero) = 0
Readout Channel to exclude (none if zero) = 0
Data-Plane Flag = 1
Ancillary Data-File Path = /sos/sw/S19.2.0/STUDIO/downlink/include
Verbose flag = 0
Super-verbose flag = 0
Debug flag = 0
Dark-current offsets estimated from input image.

Detailed darkdrift calculational results:
...for data plane = 1
Darkdrift correction for readout-channel 1 = -0.433871
Darkdrift correction for readout-channel 2 = 0.167207
Darkdrift correction for readout-channel 3 = -0.041885
Darkdrift correction for readout-channel 4 = 0.308549
Darkdrift uncertainty for readout-channel 1 = 0.374772
Darkdrift uncertainty for readout-channel 2 = 0.374290
Darkdrift uncertainty for readout-channel 3 = 0.301118
Darkdrift uncertainty for readout-channel 4 = 0.301129
Trimmed average of values in readout-channel 1 = 6.780182
Trimmed average of values in readout-channel 2 = 7.381260
Trimmed average of values in readout-channel 3 = 7.172168
Trimmed average of values in readout-channel 4 = 7.522602
Darkdrift background term = 7.214053
...for data plane = 2
Darkdrift correction for readout-channel 1 = -0.371916
Darkdrift correction for readout-channel 2 = -0.040057
Darkdrift correction for readout-channel 3 = -0.001659
Darkdrift correction for readout-channel 4 = 0.413633
Darkdrift uncertainty for readout-channel 1 = 0.303338
Darkdrift uncertainty for readout-channel 2 = 0.303521
Darkdrift uncertainty for readout-channel 3 = 0.303056
Darkdrift uncertainty for readout-channel 4 = 0.342438
Trimmed average of values in readout-channel 1 = 4.417659
Trimmed average of values in readout-channel 2 = 4.749518
Trimmed average of values in readout-channel 3 = 4.787916
Trimmed average of values in readout-channel 4 = 5.203208
Darkdrift background term = 4.789575
...for data plane = 3
Darkdrift correction for readout-channel 1 = 0.034482
Darkdrift correction for readout-channel 2 = -0.235107
Darkdrift correction for readout-channel 3 = -0.107921
Darkdrift correction for readout-channel 4 = 0.308545
Darkdrift uncertainty for readout-channel 1 = 0.304391
Darkdrift uncertainty for readout-channel 2 = 0.231378
Darkdrift uncertainty for readout-channel 3 = 0.303288
Darkdrift uncertainty for readout-channel 4 = 0.303482
Trimmed average of values in readout-channel 1 = 4.907409
Trimmed average of values in readout-channel 2 = 4.637820
Trimmed average of values in readout-channel 3 = 4.765005
Trimmed average of values in readout-channel 4 = 5.181472
Darkdrift background term = 4.872926
...for data plane = 4
Darkdrift correction for readout-channel 1 = -0.497097
Darkdrift correction for readout-channel 2 = 0.038921
Darkdrift correction for readout-channel 3 = 0.183871
Darkdrift correction for readout-channel 4 = 0.274305
Darkdrift uncertainty for readout-channel 1 = 0.302978
Darkdrift uncertainty for readout-channel 2 = 0.302977
Darkdrift uncertainty for readout-channel 3 = 0.303053
Darkdrift uncertainty for readout-channel 4 = 0.303142
Trimmed average of values in readout-channel 1 = 4.543991
Trimmed average of values in readout-channel 2 = 5.080008
Trimmed average of values in readout-channel 3 = 5.224959
Trimmed average of values in readout-channel 4 = 5.315392
Darkdrift background term = 5.041088
...for data plane = 5
Darkdrift correction for readout-channel 1 = 0.019500
Darkdrift correction for readout-channel 2 = -0.189685
Darkdrift correction for readout-channel 3 = -0.022283
Darkdrift correction for readout-channel 4 = 0.192468
Darkdrift uncertainty for readout-channel 1 = 0.302988
Darkdrift uncertainty for readout-channel 2 = 0.303801
Darkdrift uncertainty for readout-channel 3 = 0.303294
Darkdrift uncertainty for readout-channel 4 = 0.303143
Trimmed average of values in readout-channel 1 = 5.516762
Trimmed average of values in readout-channel 2 = 5.307577
Trimmed average of values in readout-channel 3 = 5.474979
Trimmed average of values in readout-channel 4 = 5.689729
Darkdrift background term = 5.497262
...for data plane = 6
Darkdrift correction for readout-channel 1 = -0.051911
Darkdrift correction for readout-channel 2 = -0.152275
Darkdrift correction for readout-channel 3 = 0.373813
Darkdrift correction for readout-channel 4 = -0.169627
Darkdrift uncertainty for readout-channel 1 = 0.302970
Darkdrift uncertainty for readout-channel 2 = 0.301592
Darkdrift uncertainty for readout-channel 3 = 0.302979
Darkdrift uncertainty for readout-channel 4 = 0.302893
Trimmed average of values in readout-channel 1 = 5.384075
Trimmed average of values in readout-channel 2 = 5.283710
Trimmed average of values in readout-channel 3 = 5.809798
Trimmed average of values in readout-channel 4 = 5.266359
Darkdrift background term = 5.435985
...for data plane = 7
Darkdrift correction for readout-channel 1 = 0.472704
Darkdrift correction for readout-channel 2 = -0.301893
Darkdrift correction for readout-channel 3 = -0.100162
Darkdrift correction for readout-channel 4 = -0.070649
Darkdrift uncertainty for readout-channel 1 = 0.303490
Darkdrift uncertainty for readout-channel 2 = 0.301597
Darkdrift uncertainty for readout-channel 3 = 0.265232
Darkdrift uncertainty for readout-channel 4 = 0.303987
Trimmed average of values in readout-channel 1 = 5.768529
Trimmed average of values in readout-channel 2 = 4.993932
Trimmed average of values in readout-channel 3 = 5.195663
Trimmed average of values in readout-channel 4 = 5.225175
Darkdrift background term = 5.295825
...for data plane = 8
Darkdrift correction for readout-channel 1 = 0.108823
Darkdrift correction for readout-channel 2 = -0.384966
Darkdrift correction for readout-channel 3 = -0.068082
Darkdrift correction for readout-channel 4 = 0.344225
Darkdrift uncertainty for readout-channel 1 = 0.303104
Darkdrift uncertainty for readout-channel 2 = 0.302983
Darkdrift uncertainty for readout-channel 3 = 0.302916
Darkdrift uncertainty for readout-channel 4 = 0.302037
Trimmed average of values in readout-channel 1 = 5.859806
Trimmed average of values in readout-channel 2 = 5.366017
Trimmed average of values in readout-channel 3 = 5.682901
Trimmed average of values in readout-channel 4 = 6.095207
Darkdrift background term = 5.750982
...for data plane = 9
Darkdrift correction for readout-channel 1 = -0.054941
Darkdrift correction for readout-channel 2 = -0.216457
Darkdrift correction for readout-channel 3 = 0.355068
Darkdrift correction for readout-channel 4 = -0.083669
Darkdrift uncertainty for readout-channel 1 = 0.303359
Darkdrift uncertainty for readout-channel 2 = 0.302964
Darkdrift uncertainty for readout-channel 3 = 0.303498
Darkdrift uncertainty for readout-channel 4 = 0.303313
Trimmed average of values in readout-channel 1 = 5.443465
Trimmed average of values in readout-channel 2 = 5.281949
Trimmed average of values in readout-channel 3 = 5.853474
Trimmed average of values in readout-channel 4 = 5.414737
Darkdrift background term = 5.498406
...for data plane = 10
Darkdrift correction for readout-channel 1 = 0.141751
Darkdrift correction for readout-channel 2 = -0.573848
Darkdrift correction for readout-channel 3 = 0.261472
Darkdrift correction for readout-channel 4 = 0.170624
Darkdrift uncertainty for readout-channel 1 = 0.302978
Darkdrift uncertainty for readout-channel 2 = 0.303513
Darkdrift uncertainty for readout-channel 3 = 0.302898
Darkdrift uncertainty for readout-channel 4 = 0.303008
Trimmed average of values in readout-channel 1 = 5.795332
Trimmed average of values in readout-channel 2 = 5.079732
Trimmed average of values in readout-channel 3 = 5.915053
Trimmed average of values in readout-channel 4 = 5.824205
Darkdrift background term = 5.653580
...for data plane = 11
Darkdrift correction for readout-channel 1 = -0.118198
Darkdrift correction for readout-channel 2 = -0.317059
Darkdrift correction for readout-channel 3 = 0.497022
Darkdrift correction for readout-channel 4 = -0.061765
Darkdrift uncertainty for readout-channel 1 = 0.303234
Darkdrift uncertainty for readout-channel 2 = 0.303244
Darkdrift uncertainty for readout-channel 3 = 0.302995
Darkdrift uncertainty for readout-channel 4 = 0.303975
Trimmed average of values in readout-channel 1 = 5.745865
Trimmed average of values in readout-channel 2 = 5.547004
Trimmed average of values in readout-channel 3 = 6.361085
Trimmed average of values in readout-channel 4 = 5.802298
Darkdrift background term = 5.864063
...for data plane = 12
Darkdrift correction for readout-channel 1 = 0.279729
Darkdrift correction for readout-channel 2 = -0.201692
Darkdrift correction for readout-channel 3 = -0.021753
Darkdrift correction for readout-channel 4 = -0.056284
Darkdrift uncertainty for readout-channel 1 = 0.302982
Darkdrift uncertainty for readout-channel 2 = 0.302964
Darkdrift uncertainty for readout-channel 3 = 0.303062
Darkdrift uncertainty for readout-channel 4 = 0.303306
Trimmed average of values in readout-channel 1 = 6.113554
Trimmed average of values in readout-channel 2 = 5.632133
Trimmed average of values in readout-channel 3 = 5.812072
Trimmed average of values in readout-channel 4 = 5.777541
Darkdrift background term = 5.833825
...for data plane = 13
Darkdrift correction for readout-channel 1 = -0.314888
Darkdrift correction for readout-channel 2 = -0.068236
Darkdrift correction for readout-channel 3 = 0.147372
Darkdrift correction for readout-channel 4 = 0.235751
Darkdrift uncertainty for readout-channel 1 = 0.302964
Darkdrift uncertainty for readout-channel 2 = 0.303795
Darkdrift uncertainty for readout-channel 3 = 0.302970
Darkdrift uncertainty for readout-channel 4 = 0.303171
Trimmed average of values in readout-channel 1 = 5.180139
Trimmed average of values in readout-channel 2 = 5.426791
Trimmed average of values in readout-channel 3 = 5.642399
Trimmed average of values in readout-channel 4 = 5.730778
Darkdrift background term = 5.495027
...for data plane = 14
Darkdrift correction for readout-channel 1 = 0.214085
Darkdrift correction for readout-channel 2 = -0.205506
Darkdrift correction for readout-channel 3 = -0.081985
Darkdrift correction for readout-channel 4 = 0.073406
Darkdrift uncertainty for readout-channel 1 = 0.303399
Darkdrift uncertainty for readout-channel 2 = 0.302964
Darkdrift uncertainty for readout-channel 3 = 0.302976
Darkdrift uncertainty for readout-channel 4 = 0.303056
Trimmed average of values in readout-channel 1 = 5.940481
Trimmed average of values in readout-channel 2 = 5.520890
Trimmed average of values in readout-channel 3 = 5.644410
Trimmed average of values in readout-channel 4 = 5.799802
Darkdrift background term = 5.726396
...for data plane = 15
Darkdrift correction for readout-channel 1 = -0.204649
Darkdrift correction for readout-channel 2 = -0.433594
Darkdrift correction for readout-channel 3 = 0.061577
Darkdrift correction for readout-channel 4 = 0.576666
Darkdrift uncertainty for readout-channel 1 = 0.303355
Darkdrift uncertainty for readout-channel 2 = 0.302147
Darkdrift uncertainty for readout-channel 3 = 0.303053
Darkdrift uncertainty for readout-channel 4 = 0.303150
Trimmed average of values in readout-channel 1 = 5.474521
Trimmed average of values in readout-channel 2 = 5.245576
Trimmed average of values in readout-channel 3 = 5.740747
Trimmed average of values in readout-channel 4 = 6.255835
Darkdrift background term = 5.679170
...for data plane = 16
Darkdrift correction for readout-channel 1 = 0.125499
Darkdrift correction for readout-channel 2 = -0.183222
Darkdrift correction for readout-channel 3 = -0.284227
Darkdrift correction for readout-channel 4 = 0.341950
Darkdrift uncertainty for readout-channel 1 = 0.302987
Darkdrift uncertainty for readout-channel 2 = 0.302414
Darkdrift uncertainty for readout-channel 3 = 0.303220
Darkdrift uncertainty for readout-channel 4 = 0.302971
Trimmed average of values in readout-channel 1 = 5.746358
Trimmed average of values in readout-channel 2 = 5.437637
Trimmed average of values in readout-channel 3 = 5.336633
Trimmed average of values in readout-channel 4 = 5.962809
Darkdrift background term = 5.620859
...for data plane = 17
Darkdrift correction for readout-channel 1 = 0.121404
Darkdrift correction for readout-channel 2 = -0.278608
Darkdrift correction for readout-channel 3 = -0.125775
Darkdrift correction for readout-channel 4 = 0.282979
Darkdrift uncertainty for readout-channel 1 = 0.302996
Darkdrift uncertainty for readout-channel 2 = 0.303508
Darkdrift uncertainty for readout-channel 3 = 0.303047
Darkdrift uncertainty for readout-channel 4 = 0.302987
Trimmed average of values in readout-channel 1 = 6.032852
Trimmed average of values in readout-channel 2 = 5.632841
Trimmed average of values in readout-channel 3 = 5.785673
Trimmed average of values in readout-channel 4 = 6.194428
Darkdrift background term = 5.911449
...for data plane = 18
Darkdrift correction for readout-channel 1 = -0.056140
Darkdrift correction for readout-channel 2 = 0.067210
Darkdrift correction for readout-channel 3 = -0.114839
Darkdrift correction for readout-channel 4 = 0.103769
Darkdrift uncertainty for readout-channel 1 = 0.301637
Darkdrift uncertainty for readout-channel 2 = 0.302975
Darkdrift uncertainty for readout-channel 3 = 0.303134
Darkdrift uncertainty for readout-channel 4 = 0.303628
Trimmed average of values in readout-channel 1 = 5.692372
Trimmed average of values in readout-channel 2 = 5.815722
Trimmed average of values in readout-channel 3 = 5.633673
Trimmed average of values in readout-channel 4 = 5.852282
Darkdrift background term = 5.748512
...for data plane = 19
Darkdrift correction for readout-channel 1 = -0.003005
Darkdrift correction for readout-channel 2 = -0.484307
Darkdrift correction for readout-channel 3 = 0.231766
Darkdrift correction for readout-channel 4 = 0.255546
Darkdrift uncertainty for readout-channel 1 = 0.302323
Darkdrift uncertainty for readout-channel 2 = 0.302972
Darkdrift uncertainty for readout-channel 3 = 0.303056
Darkdrift uncertainty for readout-channel 4 = 0.303232
Trimmed average of values in readout-channel 1 = 5.557134
Trimmed average of values in readout-channel 2 = 5.075832
Trimmed average of values in readout-channel 3 = 5.791905
Trimmed average of values in readout-channel 4 = 5.815685
Darkdrift background term = 5.560139
...for data plane = 20
Darkdrift correction for readout-channel 1 = 0.022601
Darkdrift correction for readout-channel 2 = -0.143080
Darkdrift correction for readout-channel 3 = 0.040389
Darkdrift correction for readout-channel 4 = 0.080090
Darkdrift uncertainty for readout-channel 1 = 0.303620
Darkdrift uncertainty for readout-channel 2 = 0.302990
Darkdrift uncertainty for readout-channel 3 = 0.303044
Darkdrift uncertainty for readout-channel 4 = 0.303045
Trimmed average of values in readout-channel 1 = 5.753915
Trimmed average of values in readout-channel 2 = 5.588234
Trimmed average of values in readout-channel 3 = 5.771704
Trimmed average of values in readout-channel 4 = 5.811404
Darkdrift background term = 5.731314
...for data plane = 21
Darkdrift correction for readout-channel 1 = 0.222301
Darkdrift correction for readout-channel 2 = -0.406119
Darkdrift correction for readout-channel 3 = -0.036674
Darkdrift correction for readout-channel 4 = 0.220492
Darkdrift uncertainty for readout-channel 1 = 0.377561
Darkdrift uncertainty for readout-channel 2 = 0.302972
Darkdrift uncertainty for readout-channel 3 = 0.302802
Darkdrift uncertainty for readout-channel 4 = 0.302960
Trimmed average of values in readout-channel 1 = 6.024549
Trimmed average of values in readout-channel 2 = 5.396128
Trimmed average of values in readout-channel 3 = 5.765574
Trimmed average of values in readout-channel 4 = 6.022739
Darkdrift background term = 5.802248
...for data plane = 22
Darkdrift correction for readout-channel 1 = -0.305808
Darkdrift correction for readout-channel 2 = 0.010946
Darkdrift correction for readout-channel 3 = 0.153765
Darkdrift correction for readout-channel 4 = 0.141097
Darkdrift uncertainty for readout-channel 1 = 0.303111
Darkdrift uncertainty for readout-channel 2 = 0.302995
Darkdrift uncertainty for readout-channel 3 = 0.303126
Darkdrift uncertainty for readout-channel 4 = 0.303133
Trimmed average of values in readout-channel 1 = 5.711497
Trimmed average of values in readout-channel 2 = 6.028251
Trimmed average of values in readout-channel 3 = 6.171070
Trimmed average of values in readout-channel 4 = 6.158402
Darkdrift background term = 6.017305
...for data plane = 23
Darkdrift correction for readout-channel 1 = 0.242635
Darkdrift correction for readout-channel 2 = -0.371436
Darkdrift correction for readout-channel 3 = -0.277301
Darkdrift correction for readout-channel 4 = 0.406101
Darkdrift uncertainty for readout-channel 1 = 0.303197
Darkdrift uncertainty for readout-channel 2 = 0.303548
Darkdrift uncertainty for readout-channel 3 = 0.303373
Darkdrift uncertainty for readout-channel 4 = 0.378284
Trimmed average of values in readout-channel 1 = 6.124275
Trimmed average of values in readout-channel 2 = 5.510204
Trimmed average of values in readout-channel 3 = 5.604339
Trimmed average of values in readout-channel 4 = 6.287741
Darkdrift background term = 5.881640
...for data plane = 24
Darkdrift correction for readout-channel 1 = 0.042287
Darkdrift correction for readout-channel 2 = -0.174630
Darkdrift correction for readout-channel 3 = 0.177583
Darkdrift correction for readout-channel 4 = -0.045239
Darkdrift uncertainty for readout-channel 1 = 0.302979
Darkdrift uncertainty for readout-channel 2 = 0.302974
Darkdrift uncertainty for readout-channel 3 = 0.302982
Darkdrift uncertainty for readout-channel 4 = 0.302714
Trimmed average of values in readout-channel 1 = 6.071659
Trimmed average of values in readout-channel 2 = 5.854742
Trimmed average of values in readout-channel 3 = 6.206955
Trimmed average of values in readout-channel 4 = 5.984133
Darkdrift background term = 6.029372
...for data plane = 25
Darkdrift correction for readout-channel 1 = 0.405949
Darkdrift correction for readout-channel 2 = -0.432702
Darkdrift correction for readout-channel 3 = 0.091544
Darkdrift correction for readout-channel 4 = -0.064791
Darkdrift uncertainty for readout-channel 1 = 0.303865
Darkdrift uncertainty for readout-channel 2 = 0.302970
Darkdrift uncertainty for readout-channel 3 = 0.302992
Darkdrift uncertainty for readout-channel 4 = 0.302985
Trimmed average of values in readout-channel 1 = 6.229348
Trimmed average of values in readout-channel 2 = 5.390698
Trimmed average of values in readout-channel 3 = 5.914944
Trimmed average of values in readout-channel 4 = 5.758608
Darkdrift background term = 5.823399
...for data plane = 26
Darkdrift correction for readout-channel 1 = -0.036098
Darkdrift correction for readout-channel 2 = -0.705569
Darkdrift correction for readout-channel 3 = 0.265095
Darkdrift correction for readout-channel 4 = 0.476572
Darkdrift uncertainty for readout-channel 1 = 0.303070
Darkdrift uncertainty for readout-channel 2 = 0.301327
Darkdrift uncertainty for readout-channel 3 = 0.303137
Darkdrift uncertainty for readout-channel 4 = 0.302977
Trimmed average of values in readout-channel 1 = 5.790096
Trimmed average of values in readout-channel 2 = 5.120624
Trimmed average of values in readout-channel 3 = 6.091289
Trimmed average of values in readout-channel 4 = 6.302766
Darkdrift background term = 5.826194
...for data plane = 27
Darkdrift correction for readout-channel 1 = -0.029670
Darkdrift correction for readout-channel 2 = -0.335070
Darkdrift correction for readout-channel 3 = 0.011741
Darkdrift correction for readout-channel 4 = 0.352999
Darkdrift uncertainty for readout-channel 1 = 0.303001
Darkdrift uncertainty for readout-channel 2 = 0.303806
Darkdrift uncertainty for readout-channel 3 = 0.378241
Darkdrift uncertainty for readout-channel 4 = 0.303384
Trimmed average of values in readout-channel 1 = 5.587606
Trimmed average of values in readout-channel 2 = 5.282205
Trimmed average of values in readout-channel 3 = 5.629017
Trimmed average of values in readout-channel 4 = 5.970275
Darkdrift background term = 5.617276
...for data plane = 28
Darkdrift correction for readout-channel 1 = -0.554898
Darkdrift correction for readout-channel 2 = -0.357270
Darkdrift correction for readout-channel 3 = 0.729364
Darkdrift correction for readout-channel 4 = 0.182804
Darkdrift uncertainty for readout-channel 1 = 0.303098
Darkdrift uncertainty for readout-channel 2 = 0.302987
Darkdrift uncertainty for readout-channel 3 = 0.303613
Darkdrift uncertainty for readout-channel 4 = 0.303140
Trimmed average of values in readout-channel 1 = 5.347313
Trimmed average of values in readout-channel 2 = 5.544942
Trimmed average of values in readout-channel 3 = 6.631575
Trimmed average of values in readout-channel 4 = 6.085015
Darkdrift background term = 5.902211
...for data plane = 29
Darkdrift correction for readout-channel 1 = 0.158327
Darkdrift correction for readout-channel 2 = -0.213782
Darkdrift correction for readout-channel 3 = -0.316836
Darkdrift correction for readout-channel 4 = 0.372292
Darkdrift uncertainty for readout-channel 1 = 0.303225
Darkdrift uncertainty for readout-channel 2 = 0.232186
Darkdrift uncertainty for readout-channel 3 = 0.303008
Darkdrift uncertainty for readout-channel 4 = 0.302977
Trimmed average of values in readout-channel 1 = 5.755899
Trimmed average of values in readout-channel 2 = 5.383790
Trimmed average of values in readout-channel 3 = 5.280736
Trimmed average of values in readout-channel 4 = 5.969864
Darkdrift background term = 5.597572
...for data plane = 30
Darkdrift correction for readout-channel 1 = 0.101124
Darkdrift correction for readout-channel 2 = -0.409151
Darkdrift correction for readout-channel 3 = 0.001298
Darkdrift correction for readout-channel 4 = 0.306729
Darkdrift uncertainty for readout-channel 1 = 0.303737
Darkdrift uncertainty for readout-channel 2 = 0.302977
Darkdrift uncertainty for readout-channel 3 = 0.302989
Darkdrift uncertainty for readout-channel 4 = 0.302984
Trimmed average of values in readout-channel 1 = 5.818113
Trimmed average of values in readout-channel 2 = 5.307838
Trimmed average of values in readout-channel 3 = 5.718287
Trimmed average of values in readout-channel 4 = 6.023718
Darkdrift background term = 5.716989
...for data plane = 31
Darkdrift correction for readout-channel 1 = -0.496393
Darkdrift correction for readout-channel 2 = -0.506076
Darkdrift correction for readout-channel 3 = 0.658976
Darkdrift correction for readout-channel 4 = 0.343493
Darkdrift uncertainty for readout-channel 1 = 0.303379
Darkdrift uncertainty for readout-channel 2 = 0.302964
Darkdrift uncertainty for readout-channel 3 = 0.303380
Darkdrift uncertainty for readout-channel 4 = 0.302970
Trimmed average of values in readout-channel 1 = 5.324742
Trimmed average of values in readout-channel 2 = 5.315058
Trimmed average of values in readout-channel 3 = 6.480111
Trimmed average of values in readout-channel 4 = 6.164628
Darkdrift background term = 5.821135
...for data plane = 32
Darkdrift correction for readout-channel 1 = 0.461955
Darkdrift correction for readout-channel 2 = 0.080195
Darkdrift correction for readout-channel 3 = -0.363135
Darkdrift correction for readout-channel 4 = -0.179014
Darkdrift uncertainty for readout-channel 1 = 0.303236
Darkdrift uncertainty for readout-channel 2 = 0.302960
Darkdrift uncertainty for readout-channel 3 = 0.303211
Darkdrift uncertainty for readout-channel 4 = 0.303040
Trimmed average of values in readout-channel 1 = 6.018809
Trimmed average of values in readout-channel 2 = 5.637049
Trimmed average of values in readout-channel 3 = 5.193720
Trimmed average of values in readout-channel 4 = 5.377841
Darkdrift background term = 5.556855
...for data plane = 33
Darkdrift correction for readout-channel 1 = -0.407324
Darkdrift correction for readout-channel 2 = 0.071842
Darkdrift correction for readout-channel 3 = 0.163801
Darkdrift correction for readout-channel 4 = 0.171681
Darkdrift uncertainty for readout-channel 1 = 0.303623
Darkdrift uncertainty for readout-channel 2 = 0.303523
Darkdrift uncertainty for readout-channel 3 = 0.303441
Darkdrift uncertainty for readout-channel 4 = 0.303228
Trimmed average of values in readout-channel 1 = 5.129266
Trimmed average of values in readout-channel 2 = 5.608432
Trimmed average of values in readout-channel 3 = 5.700392
Trimmed average of values in readout-channel 4 = 5.708271
Darkdrift background term = 5.536590
...for data plane = 34
Darkdrift correction for readout-channel 1 = 0.298748
Darkdrift correction for readout-channel 2 = -0.115756
Darkdrift correction for readout-channel 3 = 0.083014
Darkdrift correction for readout-channel 4 = -0.266005
Darkdrift uncertainty for readout-channel 1 = 0.302977
Darkdrift uncertainty for readout-channel 2 = 0.302972
Darkdrift uncertainty for readout-channel 3 = 0.303475
Darkdrift uncertainty for readout-channel 4 = 0.303225
Trimmed average of values in readout-channel 1 = 5.954298
Trimmed average of values in readout-channel 2 = 5.539794
Trimmed average of values in readout-channel 3 = 5.738564
Trimmed average of values in readout-channel 4 = 5.389545
Darkdrift background term = 5.655550
...for data plane = 35
Darkdrift correction for readout-channel 1 = 0.168606
Darkdrift correction for readout-channel 2 = -0.132816
Darkdrift correction for readout-channel 3 = 0.099694
Darkdrift correction for readout-channel 4 = -0.135484
Darkdrift uncertainty for readout-channel 1 = 0.305847
Darkdrift uncertainty for readout-channel 2 = 0.304349
Darkdrift uncertainty for readout-channel 3 = 0.302824
Darkdrift uncertainty for readout-channel 4 = 0.339930
Trimmed average of values in readout-channel 1 = 5.512424
Trimmed average of values in readout-channel 2 = 5.211002
Trimmed average of values in readout-channel 3 = 5.443512
Trimmed average of values in readout-channel 4 = 5.208333
Darkdrift background term = 5.343818
...for data plane = 36
Darkdrift correction for readout-channel 1 = -0.280617
Darkdrift correction for readout-channel 2 = 0.075444
Darkdrift correction for readout-channel 3 = 0.206316
Darkdrift correction for readout-channel 4 = -0.001143
Darkdrift uncertainty for readout-channel 1 = 0.303243
Darkdrift uncertainty for readout-channel 2 = 0.232194
Darkdrift uncertainty for readout-channel 3 = 0.302964
Darkdrift uncertainty for readout-channel 4 = 0.303725
Trimmed average of values in readout-channel 1 = 5.414479
Trimmed average of values in readout-channel 2 = 5.770540
Trimmed average of values in readout-channel 3 = 5.901411
Trimmed average of values in readout-channel 4 = 5.693952
Darkdrift background term = 5.695096
...for data plane = 37
Darkdrift correction for readout-channel 1 = -0.058664
Darkdrift correction for readout-channel 2 = -0.341319
Darkdrift correction for readout-channel 3 = 0.091348
Darkdrift correction for readout-channel 4 = 0.308634
Darkdrift uncertainty for readout-channel 1 = 0.303002
Darkdrift uncertainty for readout-channel 2 = 0.262890
Darkdrift uncertainty for readout-channel 3 = 0.303364
Darkdrift uncertainty for readout-channel 4 = 0.302971
Trimmed average of values in readout-channel 1 = 5.697948
Trimmed average of values in readout-channel 2 = 5.415293
Trimmed average of values in readout-channel 3 = 5.847960
Trimmed average of values in readout-channel 4 = 6.065246
Darkdrift background term = 5.756612
...for data plane = 38
Darkdrift correction for readout-channel 1 = -0.198387
Darkdrift correction for readout-channel 2 = 0.319783
Darkdrift correction for readout-channel 3 = -0.054295
Darkdrift correction for readout-channel 4 = -0.067102
Darkdrift uncertainty for readout-channel 1 = 0.303748
Darkdrift uncertainty for readout-channel 2 = 0.303245
Darkdrift uncertainty for readout-channel 3 = 0.302989
Darkdrift uncertainty for readout-channel 4 = 0.303218
Trimmed average of values in readout-channel 1 = 5.630257
Trimmed average of values in readout-channel 2 = 6.148427
Trimmed average of values in readout-channel 3 = 5.774348
Trimmed average of values in readout-channel 4 = 5.761542
Darkdrift background term = 5.828643
...for data plane = 39
Darkdrift correction for readout-channel 1 = 0.385203
Darkdrift correction for readout-channel 2 = -0.419321
Darkdrift correction for readout-channel 3 = -0.196379
Darkdrift correction for readout-channel 4 = 0.230497
Darkdrift uncertainty for readout-channel 1 = 0.304011
Darkdrift uncertainty for readout-channel 2 = 0.302981
Darkdrift uncertainty for readout-channel 3 = 0.303461
Darkdrift uncertainty for readout-channel 4 = 0.304138
Trimmed average of values in readout-channel 1 = 6.212625
Trimmed average of values in readout-channel 2 = 5.408101
Trimmed average of values in readout-channel 3 = 5.631043
Trimmed average of values in readout-channel 4 = 6.057919
Darkdrift background term = 5.827422
...for data plane = 40
Darkdrift correction for readout-channel 1 = -0.080729
Darkdrift correction for readout-channel 2 = -0.097186
Darkdrift correction for readout-channel 3 = -0.151265
Darkdrift correction for readout-channel 4 = 0.329179
Darkdrift uncertainty for readout-channel 1 = 0.302997
Darkdrift uncertainty for readout-channel 2 = 0.302424
Darkdrift uncertainty for readout-channel 3 = 0.302969
Darkdrift uncertainty for readout-channel 4 = 0.303215
Trimmed average of values in readout-channel 1 = 5.621527
Trimmed average of values in readout-channel 2 = 5.605070
Trimmed average of values in readout-channel 3 = 5.550990
Trimmed average of values in readout-channel 4 = 6.031434
Darkdrift background term = 5.702255
...for data plane = 41
Darkdrift correction for readout-channel 1 = -0.103624
Darkdrift correction for readout-channel 2 = 0.015938
Darkdrift correction for readout-channel 3 = 0.063341
Darkdrift correction for readout-channel 4 = 0.024345
Darkdrift uncertainty for readout-channel 1 = 0.303392
Darkdrift uncertainty for readout-channel 2 = 0.304623
Darkdrift uncertainty for readout-channel 3 = 0.303012
Darkdrift uncertainty for readout-channel 4 = 0.302966
Trimmed average of values in readout-channel 1 = 5.913012
Trimmed average of values in readout-channel 2 = 6.032574
Trimmed average of values in readout-channel 3 = 6.079977
Trimmed average of values in readout-channel 4 = 6.040981
Darkdrift background term = 6.016636
...for data plane = 42
Darkdrift correction for readout-channel 1 = 0.046810
Darkdrift correction for readout-channel 2 = -0.451855
Darkdrift correction for readout-channel 3 = 0.085234
Darkdrift correction for readout-channel 4 = 0.319811
Darkdrift uncertainty for readout-channel 1 = 0.302968
Darkdrift uncertainty for readout-channel 2 = 0.302989
Darkdrift uncertainty for readout-channel 3 = 0.302818
Darkdrift uncertainty for readout-channel 4 = 0.303053
Trimmed average of values in readout-channel 1 = 5.791787
Trimmed average of values in readout-channel 2 = 5.293123
Trimmed average of values in readout-channel 3 = 5.830212
Trimmed average of values in readout-channel 4 = 6.064789
Darkdrift background term = 5.744978
...for data plane = 43
Darkdrift correction for readout-channel 1 = 0.118995
Darkdrift correction for readout-channel 2 = -0.452379
Darkdrift correction for readout-channel 3 = -0.004417
Darkdrift correction for readout-channel 4 = 0.337801
Darkdrift uncertainty for readout-channel 1 = 0.302988
Darkdrift uncertainty for readout-channel 2 = 0.228334
Darkdrift uncertainty for readout-channel 3 = 0.302993
Darkdrift uncertainty for readout-channel 4 = 0.303064
Trimmed average of values in readout-channel 1 = 5.630106
Trimmed average of values in readout-channel 2 = 5.058732
Trimmed average of values in readout-channel 3 = 5.506694
Trimmed average of values in readout-channel 4 = 5.848912
Darkdrift background term = 5.511111
...for data plane = 44
Darkdrift correction for readout-channel 1 = -0.181252
Darkdrift correction for readout-channel 2 = -0.504495
Darkdrift correction for readout-channel 3 = 0.395915
Darkdrift correction for readout-channel 4 = 0.289833
Darkdrift uncertainty for readout-channel 1 = 0.376253
Darkdrift uncertainty for readout-channel 2 = 0.302977
Darkdrift uncertainty for readout-channel 3 = 0.303135
Darkdrift uncertainty for readout-channel 4 = 0.303225
Trimmed average of values in readout-channel 1 = 5.188521
Trimmed average of values in readout-channel 2 = 4.865278
Trimmed average of values in readout-channel 3 = 5.765688
Trimmed average of values in readout-channel 4 = 5.659606
Darkdrift background term = 5.369773
...for data plane = 45
Darkdrift correction for readout-channel 1 = -0.140070
Darkdrift correction for readout-channel 2 = -0.035159
Darkdrift correction for readout-channel 3 = -0.106799
Darkdrift correction for readout-channel 4 = 0.282027
Darkdrift uncertainty for readout-channel 1 = 0.304399
Darkdrift uncertainty for readout-channel 2 = 0.302973
Darkdrift uncertainty for readout-channel 3 = 0.303001
Darkdrift uncertainty for readout-channel 4 = 0.302964
Trimmed average of values in readout-channel 1 = 5.302950
Trimmed average of values in readout-channel 2 = 5.407862
Trimmed average of values in readout-channel 3 = 5.336222
Trimmed average of values in readout-channel 4 = 5.725048
Darkdrift background term = 5.443020
...for data plane = 46
Darkdrift correction for readout-channel 1 = 0.443451
Darkdrift correction for readout-channel 2 = -0.212437
Darkdrift correction for readout-channel 3 = -0.389541
Darkdrift correction for readout-channel 4 = 0.158527
Darkdrift uncertainty for readout-channel 1 = 0.378189
Darkdrift uncertainty for readout-channel 2 = 0.302979
Darkdrift uncertainty for readout-channel 3 = 0.303055
Darkdrift uncertainty for readout-channel 4 = 0.303558
Trimmed average of values in readout-channel 1 = 6.241132
Trimmed average of values in readout-channel 2 = 5.585244
Trimmed average of values in readout-channel 3 = 5.408141
Trimmed average of values in readout-channel 4 = 5.956208
Darkdrift background term = 5.797681
...for data plane = 47
Darkdrift correction for readout-channel 1 = 0.089583
Darkdrift correction for readout-channel 2 = 0.080004
Darkdrift correction for readout-channel 3 = 0.162804
Darkdrift correction for readout-channel 4 = -0.332391
Darkdrift uncertainty for readout-channel 1 = 0.303845
Darkdrift uncertainty for readout-channel 2 = 0.301907
Darkdrift uncertainty for readout-channel 3 = 0.303002
Darkdrift uncertainty for readout-channel 4 = 0.302977
Trimmed average of values in readout-channel 1 = 5.893060
Trimmed average of values in readout-channel 2 = 5.883480
Trimmed average of values in readout-channel 3 = 5.966280
Trimmed average of values in readout-channel 4 = 5.471085
Darkdrift background term = 5.803476
...for data plane = 48
Darkdrift correction for readout-channel 1 = -0.095440
Darkdrift correction for readout-channel 2 = -0.064648
Darkdrift correction for readout-channel 3 = 0.197947
Darkdrift correction for readout-channel 4 = -0.037859
Darkdrift uncertainty for readout-channel 1 = 0.303095
Darkdrift uncertainty for readout-channel 2 = 0.304067
Darkdrift uncertainty for readout-channel 3 = 0.302895
Darkdrift uncertainty for readout-channel 4 = 0.303058
Trimmed average of values in readout-channel 1 = 5.701860
Trimmed average of values in readout-channel 2 = 5.732652
Trimmed average of values in readout-channel 3 = 5.995247
Trimmed average of values in readout-channel 4 = 5.759441
Darkdrift background term = 5.797300
...for data plane = 49
Darkdrift correction for readout-channel 1 = -0.562918
Darkdrift correction for readout-channel 2 = 0.032808
Darkdrift correction for readout-channel 3 = 0.374032
Darkdrift correction for readout-channel 4 = 0.156078
Darkdrift uncertainty for readout-channel 1 = 0.303097
Darkdrift uncertainty for readout-channel 2 = 0.228337
Darkdrift uncertainty for readout-channel 3 = 0.303011
Darkdrift uncertainty for readout-channel 4 = 0.302969
Trimmed average of values in readout-channel 1 = 5.212191
Trimmed average of values in readout-channel 2 = 5.807917
Trimmed average of values in readout-channel 3 = 6.149142
Trimmed average of values in readout-channel 4 = 5.931187
Darkdrift background term = 5.775109
...for data plane = 50
Darkdrift correction for readout-channel 1 = 0.046054
Darkdrift correction for readout-channel 2 = -0.478836
Darkdrift correction for readout-channel 3 = 0.452745
Darkdrift correction for readout-channel 4 = -0.019963
Darkdrift uncertainty for readout-channel 1 = 0.303232
Darkdrift uncertainty for readout-channel 2 = 0.303246
Darkdrift uncertainty for readout-channel 3 = 0.303389
Darkdrift uncertainty for readout-channel 4 = 0.303048
Trimmed average of values in readout-channel 1 = 5.918733
Trimmed average of values in readout-channel 2 = 5.393842
Trimmed average of values in readout-channel 3 = 6.325423
Trimmed average of values in readout-channel 4 = 5.852715
Darkdrift background term = 5.872678
...for data plane = 51
Darkdrift correction for readout-channel 1 = 0.179218
Darkdrift correction for readout-channel 2 = -0.424861
Darkdrift correction for readout-channel 3 = -0.226995
Darkdrift correction for readout-channel 4 = 0.472638
Darkdrift uncertainty for readout-channel 1 = 0.303230
Darkdrift uncertainty for readout-channel 2 = 0.302968
Darkdrift uncertainty for readout-channel 3 = 0.303126
Darkdrift uncertainty for readout-channel 4 = 0.302973
Trimmed average of values in readout-channel 1 = 5.405814
Trimmed average of values in readout-channel 2 = 4.801735
Trimmed average of values in readout-channel 3 = 4.999601
Trimmed average of values in readout-channel 4 = 5.699234
Darkdrift background term = 5.226596
...for data plane = 52
Darkdrift correction for readout-channel 1 = -0.069266
Darkdrift correction for readout-channel 2 = -0.292885
Darkdrift correction for readout-channel 3 = 0.029952
Darkdrift correction for readout-channel 4 = 0.332199
Darkdrift uncertainty for readout-channel 1 = 0.360926
Darkdrift uncertainty for readout-channel 2 = 0.302160
Darkdrift uncertainty for readout-channel 3 = 0.302664
Darkdrift uncertainty for readout-channel 4 = 0.302986
Trimmed average of values in readout-channel 1 = 5.529896
Trimmed average of values in readout-channel 2 = 5.306276
Trimmed average of values in readout-channel 3 = 5.629114
Trimmed average of values in readout-channel 4 = 5.931360
Darkdrift background term = 5.599161
...for data plane = 53
Darkdrift correction for readout-channel 1 = -0.070714
Darkdrift correction for readout-channel 2 = 0.046963
Darkdrift correction for readout-channel 3 = 0.079620
Darkdrift correction for readout-channel 4 = -0.055869
Darkdrift uncertainty for readout-channel 1 = 0.303374
Darkdrift uncertainty for readout-channel 2 = 0.302950
Darkdrift uncertainty for readout-channel 3 = 0.302982
Darkdrift uncertainty for readout-channel 4 = 0.302717
Trimmed average of values in readout-channel 1 = 5.659536
Trimmed average of values in readout-channel 2 = 5.777213
Trimmed average of values in readout-channel 3 = 5.809870
Trimmed average of values in readout-channel 4 = 5.674380
Darkdrift background term = 5.730250
...for data plane = 54
Darkdrift correction for readout-channel 1 = 0.086074
Darkdrift correction for readout-channel 2 = -0.194502
Darkdrift correction for readout-channel 3 = -0.284146
Darkdrift correction for readout-channel 4 = 0.392575
Darkdrift uncertainty for readout-channel 1 = 0.302971
Darkdrift uncertainty for readout-channel 2 = 0.341268
Darkdrift uncertainty for readout-channel 3 = 0.303001
Darkdrift uncertainty for readout-channel 4 = 0.302805
Trimmed average of values in readout-channel 1 = 5.704829
Trimmed average of values in readout-channel 2 = 5.424253
Trimmed average of values in readout-channel 3 = 5.334610
Trimmed average of values in readout-channel 4 = 6.011330
Darkdrift background term = 5.618756
...for data plane = 55
Darkdrift correction for readout-channel 1 = 0.024726
Darkdrift correction for readout-channel 2 = -0.238913
Darkdrift correction for readout-channel 3 = 0.123560
Darkdrift correction for readout-channel 4 = 0.090628
Darkdrift uncertainty for readout-channel 1 = 0.228134
Darkdrift uncertainty for readout-channel 2 = 0.302971
Darkdrift uncertainty for readout-channel 3 = 0.303037
Darkdrift uncertainty for readout-channel 4 = 0.302879
Trimmed average of values in readout-channel 1 = 5.601303
Trimmed average of values in readout-channel 2 = 5.337664
Trimmed average of values in readout-channel 3 = 5.700137
Trimmed average of values in readout-channel 4 = 5.667205
Darkdrift background term = 5.576577
...for data plane = 56
Darkdrift correction for readout-channel 1 = -0.453424
Darkdrift correction for readout-channel 2 = 0.349530
Darkdrift correction for readout-channel 3 = -0.206523
Darkdrift correction for readout-channel 4 = 0.310417
Darkdrift uncertainty for readout-channel 1 = 0.303227
Darkdrift uncertainty for readout-channel 2 = 0.301864
Darkdrift uncertainty for readout-channel 3 = 0.304001
Darkdrift uncertainty for readout-channel 4 = 0.302981
Trimmed average of values in readout-channel 1 = 5.250527
Trimmed average of values in readout-channel 2 = 6.053481
Trimmed average of values in readout-channel 3 = 5.497428
Trimmed average of values in readout-channel 4 = 6.014369
Darkdrift background term = 5.703951
...for data plane = 57
Darkdrift correction for readout-channel 1 = 0.273273
Darkdrift correction for readout-channel 2 = -0.658513
Darkdrift correction for readout-channel 3 = 0.176128
Darkdrift correction for readout-channel 4 = 0.209112
Darkdrift uncertainty for readout-channel 1 = 0.303093
Darkdrift uncertainty for readout-channel 2 = 0.303245
Darkdrift uncertainty for readout-channel 3 = 0.302991
Darkdrift uncertainty for readout-channel 4 = 0.303316
Trimmed average of values in readout-channel 1 = 6.163732
Trimmed average of values in readout-channel 2 = 5.231946
Trimmed average of values in readout-channel 3 = 6.066587
Trimmed average of values in readout-channel 4 = 6.099572
Darkdrift background term = 5.890459
...for data plane = 58
Darkdrift correction for readout-channel 1 = -0.067698
Darkdrift correction for readout-channel 2 = 0.258935
Darkdrift correction for readout-channel 3 = -0.247316
Darkdrift correction for readout-channel 4 = 0.056079
Darkdrift uncertainty for readout-channel 1 = 0.303469
Darkdrift uncertainty for readout-channel 2 = 0.302986
Darkdrift uncertainty for readout-channel 3 = 0.302979
Darkdrift uncertainty for readout-channel 4 = 0.303482
Trimmed average of values in readout-channel 1 = 0.850790
Trimmed average of values in readout-channel 2 = 1.177423
Trimmed average of values in readout-channel 3 = 0.671172
Trimmed average of values in readout-channel 4 = 0.974567
Darkdrift background term = 0.918488
...for data plane = 59
Darkdrift correction for readout-channel 1 = 0.193476
Darkdrift correction for readout-channel 2 = -0.376433
Darkdrift correction for readout-channel 3 = -0.009028
Darkdrift correction for readout-channel 4 = 0.191985
Darkdrift uncertainty for readout-channel 1 = 0.302974
Darkdrift uncertainty for readout-channel 2 = 0.303517
Darkdrift uncertainty for readout-channel 3 = 0.303140
Darkdrift uncertainty for readout-channel 4 = 0.229034
Trimmed average of values in readout-channel 1 = 5.541881
Trimmed average of values in readout-channel 2 = 4.971972
Trimmed average of values in readout-channel 3 = 5.339377
Trimmed average of values in readout-channel 4 = 5.540389
Darkdrift background term = 5.348405
...for data plane = 60
Darkdrift correction for readout-channel 1 = 0.031367
Darkdrift correction for readout-channel 2 = -0.102676
Darkdrift correction for readout-channel 3 = 0.305038
Darkdrift correction for readout-channel 4 = -0.233729
Darkdrift uncertainty for readout-channel 1 = 0.302958
Darkdrift uncertainty for readout-channel 2 = 0.303792
Darkdrift uncertainty for readout-channel 3 = 0.302818
Darkdrift uncertainty for readout-channel 4 = 0.304138
Trimmed average of values in readout-channel 1 = 5.643355
Trimmed average of values in readout-channel 2 = 5.509312
Trimmed average of values in readout-channel 3 = 5.917026
Trimmed average of values in readout-channel 4 = 5.378259
Darkdrift background term = 5.611988
...for data plane = 61
Darkdrift correction for readout-channel 1 = -0.016067
Darkdrift correction for readout-channel 2 = -0.099741
Darkdrift correction for readout-channel 3 = 0.256697
Darkdrift correction for readout-channel 4 = -0.140890
Darkdrift uncertainty for readout-channel 1 = 0.302976
Darkdrift uncertainty for readout-channel 2 = 0.302717
Darkdrift uncertainty for readout-channel 3 = 0.263174
Darkdrift uncertainty for readout-channel 4 = 0.303054
Trimmed average of values in readout-channel 1 = 5.329694
Trimmed average of values in readout-channel 2 = 5.246020
Trimmed average of values in readout-channel 3 = 5.602458
Trimmed average of values in readout-channel 4 = 5.204870
Darkdrift background term = 5.345761
...for data plane = 62
Darkdrift correction for readout-channel 1 = -0.159804
Darkdrift correction for readout-channel 2 = 0.191015
Darkdrift correction for readout-channel 3 = -0.219789
Darkdrift correction for readout-channel 4 = 0.188578
Darkdrift uncertainty for readout-channel 1 = 0.303105
Darkdrift uncertainty for readout-channel 2 = 0.303526
Darkdrift uncertainty for readout-channel 3 = 0.303047
Darkdrift uncertainty for readout-channel 4 = 0.302961
Trimmed average of values in readout-channel 1 = 5.414393
Trimmed average of values in readout-channel 2 = 5.765213
Trimmed average of values in readout-channel 3 = 5.354409
Trimmed average of values in readout-channel 4 = 5.762775
Darkdrift background term = 5.574197
...for data plane = 63
Darkdrift correction for readout-channel 1 = 0.287611
Darkdrift correction for readout-channel 2 = -0.464226
Darkdrift correction for readout-channel 3 = -0.125334
Darkdrift correction for readout-channel 4 = 0.301950
Darkdrift uncertainty for readout-channel 1 = 0.303232
Darkdrift uncertainty for readout-channel 2 = 0.302982
Darkdrift uncertainty for readout-channel 3 = 0.303003
Darkdrift uncertainty for readout-channel 4 = 0.302486
Trimmed average of values in readout-channel 1 = 5.845695
Trimmed average of values in readout-channel 2 = 5.093857
Trimmed average of values in readout-channel 3 = 5.432749
Trimmed average of values in readout-channel 4 = 5.860033
Darkdrift background term = 5.558084
...for data plane = 64
Darkdrift correction for readout-channel 1 = 0.149370
Darkdrift correction for readout-channel 2 = 0.042095
Darkdrift correction for readout-channel 3 = -0.124352
Darkdrift correction for readout-channel 4 = -0.067112
Darkdrift uncertainty for readout-channel 1 = 0.302981
Darkdrift uncertainty for readout-channel 2 = 0.302994
Darkdrift uncertainty for readout-channel 3 = 0.302977
Darkdrift uncertainty for readout-channel 4 = 0.302975
Trimmed average of values in readout-channel 1 = 5.579689
Trimmed average of values in readout-channel 2 = 5.472414
Trimmed average of values in readout-channel 3 = 5.305968
Trimmed average of values in readout-channel 4 = 5.363208
Darkdrift background term = 5.430320

Program darkdrift: Status Message: 0x0000
Normal exit from Function 0x0000: LOG_WRITER
darkdrift Warning: NaN's were produced in the results.
A total of     2013   NaN's were produced in the results.
Processing time: 11.470000 seconds
Current date/time: Sat Jan  9 14:59:41 2016
Program darkdrift, version 4.1, terminated.

darkdrift   exit_value =   0    execution_time = 11.580s
******************************************************************
Pipeline executing flatap
flatap -i darkdrift.fits -p cal/pmask.fits -f cal/skyflat.fits -ui sig_darkdrift.fits -uo sig_flatap.fits -d dmask.fits -o flatap.fits -c cal/skyflat_cmask.fits 
******************************************************************
Pipeline Module FLATAP Version 1.5
Processing time Sat Jan  9 14:59:41 2016

flatap_parse_namelist: Information only: Namelist not specified.
Sat Jan  9 14:59:41 2016
flatap_log_writer: Could not open Log File, using stdout
Flatap Version 1.5
Namelist File  = 
Input DCE = darkdrift.fits
Output DCE = !flatap.fits
Flatfield = cal/skyflat.fits
Input Uncertainty = sig_darkdrift.fits
Output Uncertainty = !sig_flatap.fits
Pmask File = cal/pmask.fits
Pmask Mask = 128
Dmask File = dmask.fits
Dmask Mask = 16384
Cmask File = cal/skyflat_cmask.fits
Cmask Mask = 256
Trans CAL File = 
Trans CAL CMask File = 
Processing Log File = 
Time =    0.18 seconds
*********************

Time = 0.180 seconds
exit code 0

flatap   exit_value =   0    execution_time = 0.280s
******************************************************************
Pipeline executing imfliprot
imfliprot -i flatap.fits -n cdf/pn107.nl -a /sos/sw/S19.2.0/STUDIO/downlink/include -o imfliprot.fits 
******************************************************************

imfliprot_log_writer: Printing Log output to stdout

Program imfliprot, Version 1.0
Namelist File  = cdf/pn107.nl
Input File = flatap.fits
Output File = imfliprot.fits
Image has been flipped
Image Rotation (degrees)  = 180
Ancillary Data-File Path = /sos/sw/S19.2.0/STUDIO/downlink/include
Verbose flag = 0
Debug flag = 0
imfliprot Status Message      0x0000: Normal exit from Function 0x0000: LOG_WRITER
Processing time: 0.180000 seconds
Current date/time: Sat Jan  9 14:59:42 2016
Program imfliprot, version 1.0, terminated.


imfliprot   exit_value =   0    execution_time = 0.240s
******************************************************************
Pipeline executing imfliprot
imfliprot -i sig_flatap.fits -n cdf/pn107.nl -a /sos/sw/S19.2.0/STUDIO/downlink/include -o sig_imfliprot.fits 
******************************************************************

imfliprot_log_writer: Printing Log output to stdout

Program imfliprot, Version 1.0
Namelist File  = cdf/pn107.nl
Input File = sig_flatap.fits
Output File = sig_imfliprot.fits
Image has been flipped
Image Rotation (degrees)  = 180
Ancillary Data-File Path = /sos/sw/S19.2.0/STUDIO/downlink/include
Verbose flag = 0
Debug flag = 0
imfliprot Status Message      0x0000: Normal exit from Function 0x0000: LOG_WRITER
Processing time: 0.180000 seconds
Current date/time: Sat Jan  9 14:59:43 2016
Program imfliprot, version 1.0, terminated.


imfliprot   exit_value =   0    execution_time = 0.240s
******************************************************************
Pipeline executing imfliprot
imfliprot -i dmask.fits -n cdf/pn107.nl -a /sos/sw/S19.2.0/STUDIO/downlink/include -o temp_dmask.fits 
******************************************************************

imfliprot_log_writer: Printing Log output to stdout

Program imfliprot, Version 1.0
Namelist File  = cdf/pn107.nl
Input File = dmask.fits
Output File = temp_dmask.fits
Image has been flipped
Image Rotation (degrees)  = 180
Ancillary Data-File Path = /sos/sw/S19.2.0/STUDIO/downlink/include
Verbose flag = 0
Debug flag = 0
imfliprot Status Message      0x0000: Normal exit from Function 0x0000: LOG_WRITER
Processing time: 0.050000 seconds
Current date/time: Sat Jan  9 14:59:43 2016
Program imfliprot, version 1.0, terminated.


imfliprot   exit_value =   0    execution_time = 0.100s
******************************************************************
Pipeline executing imfliprot
imfliprot -i fowlinearize.fits -n cdf/pn107.nl -a /sos/sw/S19.2.0/STUDIO/downlink/include -o temp_fowlinearize.fits 
******************************************************************

imfliprot_log_writer: Printing Log output to stdout

Program imfliprot, Version 1.0
Namelist File  = cdf/pn107.nl
Input File = fowlinearize.fits
Output File = temp_fowlinearize.fits
Image has been flipped
Image Rotation (degrees)  = 180
Ancillary Data-File Path = /sos/sw/S19.2.0/STUDIO/downlink/include
Verbose flag = 0
Debug flag = 0
imfliprot Status Message      0x0000: Normal exit from Function 0x0000: LOG_WRITER
Processing time: 0.090000 seconds
Current date/time: Sat Jan  9 14:59:44 2016
Program imfliprot, version 1.0, terminated.


imfliprot   exit_value =   0    execution_time = 0.130s
******************************************************************
Pipeline executing imfliprot
imfliprot -i sig_fowlinearize.fits -n cdf/pn107.nl -a /sos/sw/S19.2.0/STUDIO/downlink/include -o temp_sig_fowlinearize.fits 
******************************************************************

imfliprot_log_writer: Printing Log output to stdout

Program imfliprot, Version 1.0
Namelist File  = cdf/pn107.nl
Input File = sig_fowlinearize.fits
Output File = temp_sig_fowlinearize.fits
Image has been flipped
Image Rotation (degrees)  = 180
Ancillary Data-File Path = /sos/sw/S19.2.0/STUDIO/downlink/include
Verbose flag = 0
Debug flag = 0
imfliprot Status Message      0x0000: Normal exit from Function 0x0000: LOG_WRITER
Processing time: 0.080000 seconds
Current date/time: Sat Jan  9 14:59:44 2016
Program imfliprot, version 1.0, terminated.


imfliprot   exit_value =   0    execution_time = 0.140s
******************************************************************
Pipeline executing dntoflux
dntoflux -i imfliprot.fits -iu sig_imfliprot.fits -n cdf/pn107.nl -co 0 -c 0.1447 -u 0.0000 -a /sos/sw/S19.2.0/STUDIO/downlink/include -o1 dntoflux.fits -ou sig_dntoflux.fits -t 1 
******************************************************************

Program dntoflux, Version 4.2
Namelist File  = cdf/pn107.nl
Input Image = imfliprot.fits
Output File 1 = dntoflux.fits
Output Uncertainty Image = sig_dntoflux.fits
Operation flag = 0
Conversion factor = 0.144700
Input Uncertainty Image = sig_imfliprot.fits
Conversion-factor uncertainty = 0.000000
Output BUNIT setting = MJy/sr
Normalize-by-EXPTIME Flag = 1
EXPTIME = 1.920000
Data-Plane Flag = 1
Ancillary Data-File Path = /sos/sw/S19.2.0/STUDIO/downlink/include
Verbose flag = 0
Super-verbose flag = 0
Debug flag = 0
Terminating data-units-conversion program.
dntoflux Status Message: 0x0000
Normal exit from Function 0x0000: LOG_WRITER
dntoflux Probs Warning: NaN's were produced in the results.
A total of     4026   NaN's were produced in the results.
Processing time: 0.460000 seconds
Current date/time: Sat Jan  9 14:59:46 2016
Program dntoflux, version 4.2, terminated.

dntoflux   exit_value =   0    execution_time = 0.680s
******************************************************************
Pipeline executing qatool
qatool -i dntoflux.fits -n cdf/pn107.nl -nb QATOOLBCD -a /sos/sw/S19.2.0/STUDIO/downlink/include -o qa/BCD_qatool 
******************************************************************
qatool_parse_namelist: Information only: Namelist block-name = &QATOOLBCD
Program qatool, Version 6.0
Namelist File  = cdf/pn107.nl
Input File = dntoflux.fits
Output Data Filename Base = qa/BCD_qatool
Statistics Group = 0
Percent-Scaling Flag = 0
Calculation Type = 1
(set-up to do additional computations for four readout channels)
Number of Mean Absolute Deviations for Histogram Half-Width Coverage = 5
Number of Bins in Histograms = 41
Central fraction for trimmed average = 0.810000
Central fraction for trimmed std. dev. = 0.720000
Bad-pixel tolerance fraction = 0.900000
Statistics Box X position = 3
Statistics Box Y position = 4
Statistics Box X width = 20
Statistics Box Y height = 23
Input-Image Transpose Flag = 1
Unsigned Integer Flag = 0
Data-Plane Flag = 1
Number Edge Rows/Cols Skipped = 2
Keyword Prefix = bcd
Ancillary Data-File Path = /sos/sw/S19.2.0/STUDIO/downlink/include
Verbose flag = 0
Super-verbose flag = 0
Debug flag = 0
Performed statistical and histogram calculations.
Program qatool: Status Message: 0x0000
Normal exit from Function 0x0000: LOG_WRITER
Processing time: 1.240000 seconds
Current date/time: Sat Jan  9 14:59:48 2016
Program qatool, version 6.0, terminated.

qatool   exit_value =   0    execution_time = 1.350s
******************************************************************
Pipeline executing chkmask
chkmask dmask.fits -q qa/BCD_qatool.qa 
******************************************************************
 chkmask vsn 1.35 A40312
 
 No. of occurrences of the   2 status combinations:
   2269 occurrences of   256 (8)                                 
   7 occurrences of   16 (4)                                 
 
 Status Bit: No. of Pixels
   0:   0
   1:   0
   2:   0
   3:   0
   4:   7
   5:   0
   6:   0
   7:   0
   8:   2269
   9:   0
   10:   0
   11:   0
   12:   0
   13:   0
   14:   0
 

chkmask   exit_value =   0    execution_time = 0.550s
******************************************************************
Loading QA information for DCE and BCD product
Keyword APDUV1E not found in header
Keyword APDUV2E not found in header
Keyword APDUV3E not found in header
Keyword APDUI1E not found in header
Keyword APDUI2E not found in header
Keyword APDUI3E not found in header
Could not append keyword APDUV1E to QA file qa/DCE_qatool.qa
Could not append keyword APDUV2E to QA file qa/DCE_qatool.qa
Could not append keyword APDUV3E to QA file qa/DCE_qatool.qa
Could not append keyword APDUI1E to QA file qa/DCE_qatool.qa
Could not append keyword APDUI2E to QA file qa/DCE_qatool.qa
Could not append keyword APDUI3E to QA file qa/DCE_qatool.qa
******************************************************************
Pipeline executing qaloader
qaloader -i qa/DCE_qatool.qa -tablename qa_iracdce -o qa/qaloader.sql -role pipelineswrole 
******************************************************************
2016/01/09 14:59:52 BEGIN qaloader v1.13
 -i (QA_FILE) qa/DCE_qatool.qa
 -tablename (TABLENAME) qa_iracdce
 -o (SQL_FILE) qa/qaloader.sql
 -role (ROLE) pipelineswrole
Using metadata version 13.0b
table name=qa_iracdce

QA values ingested:
{-4.609130e+01} {}
dceAveFI_1       -4.609130e+01 
{-4.908482e+01} {}
dceAveR1_1       -4.908482e+01 
{-2.909609e+01} {}
dceAveR2_1       -2.909609e+01 
{-3.319678e+01} {}
dceAveR3_1       -3.319678e+01 
{-7.298750e+01} {}
dceAveR4_1       -7.298750e+01 
{-2.200000e+01} {-4.908482e+01}
dceMedFI_1       -2.200000e+01 
{3.084530e+02} {}
dceSdevFI_1      3.084530e+02 
{4.770400e+00} {}
dceDSclFI_1      4.770400e+00 
{-8.887000e+03} {}
dceMinFI_1       -8.887000e+03 
{1.300000e+01} {}
dceMaxFI_1       1.300000e+01 
{147809444} {}
DCEID            147809444 
{2} {-4.609130e+01}
CHNLNUM          2 
{0} {}
ADCEID           0 
{8} {}
AFOWLNUM         8 
{184} {}
AWAITPER         184 
{0} {}
AWEASIDE         0 
{1} {}
AREADMOD         1 
{27.699513} {}
AFPAT1B          27.699513 
{28.671007} {}
AFPAT2B          28.671007 
{0} {}
APEDSIG          0 
{0} {}
ATXSTAT          0 
{0} {}
AFLSTAT          0 
{4} {}
ASHSTAT          4 
{-3.5585} {}
AVRSTBEG         -3.5585 
{-3.0562209} {}
AVDETBEG         -3.0562209 
{-3.618536} {}
AVGG1BEG         -3.618536 
{-3.550644} {}
AVDDUBEG         -3.550644 
{0} {}
AVGGCBEG         0 
{21.656968} {}
ACTENDT          21.656968 
{19.796908} {}
AFPECTE          19.796908 
{23.174509} {}
AFPEATE          23.174509 
{24.064953} {}
ATCTEMPE         24.064953 
{21.596006} {}
ACETEMPE         21.596006 
{21.596006} {}
APDTEMPE         21.596006 
{27.671961} {}
ACATMP2E         27.671961 
2016/01/09 14:59:52 END   qaloader status=0

qaloader   exit_value =   0    execution_time = 0.100s
******************************************************************
Pipeline executing qaloader
qaloader -i qa/BCD_qatool.qa -tablename qa_iracdp -o qa/qaloader.sql 
******************************************************************
2016/01/09 14:59:52 BEGIN qaloader v1.13
 -i (QA_FILE) qa/BCD_qatool.qa
 -tablename (TABLENAME) qa_iracdp
 -o (SQL_FILE) qa/qaloader.sql
Using metadata version 13.0b
table name=qa_iracdp

QA values ingested:
{2.493655e+00} {}
bcdAveFI_1       2.493655e+00 
{3.978155e+00} {}
bcdAveUB_1       3.978155e+00 
{5.278000e-01} {}
bcdMedFI_1       5.278000e-01 
{6.680547e-01} {}
bcdMedUB_1       6.680547e-01 
{2.641776e+01} {}
bcdSdevFI_1      2.641776e+01 
{3.442437e+01} {}
bcdSdevUB_1      3.442437e+01 
{4.352792e-01} {}
bcdDSclFI_1      4.352792e-01 
{5.291295e-01} {}
bcdDSclUB_1      5.291295e-01 
{-5.248089e+00} {}
bcdMinFI_1       -5.248089e+00 
{-6.271353e-01} {}
bcdMinUB_1       -6.271353e-01 
{7.057970e+02} {}
bcdMaxFI_1       7.057970e+02 
{7.057970e+02} {}
bcdMaxUB_1       7.057970e+02 
{5.042418e-01} {}
bcdC68lFI_1      5.042418e-01 
{5.480030e-01} {}
bcdC68uFI_1      5.480030e-01 
{391693373} {}
DPID             391693373 
{2} {2.493655e+00}
CHNLNUM          2 
2016/01/09 14:59:53 END   qaloader status=0

qaloader   exit_value =   0    execution_time = 0.140s
******************************************************************
Pipeline executing dbaccess
dbaccess -e sodb qa/qaloader.sql 
******************************************************************
set role pipelineswrole;
set lock mode to wait 30;
EXECUTE PROCEDURE addQA_iracdce (147809444, NULL, NULL, 2, -4.609130e+01, 
-2.200000e+01, -4.908482e+01, -2.909609e+01, -3.319678e+01, -7.298750e+01, 
3.084530e+02, 4.770400e+00, -8.887000e+03, 1.300000e+01, 0, 8, 184, 0, 1, 
27.699513, 28.671007, 0, 0, 0, 4, -3.5585, -3.0562209, -3.618536, -3.550644, 0, 
21.656968, 19.796908, 23.174509, 24.064953, 21.596006, 21.596006, 27.671961, 
NULL, NULL, NULL, NULL, NULL, NULL);
EXECUTE PROCEDURE addQA_iracdp (391693373, NULL, NULL, 2, 2.493655e+00, 
3.978155e+00, 5.278000e-01, 6.680547e-01, 2.641776e+01, 3.442437e+01, 
4.352792e-01, 5.291295e-01, -5.248089e+00, -6.271353e-01, 7.057970e+02, 
7.057970e+02, 5.042418e-01, 5.480030e-01, NULL, NULL, NULL, NULL, NULL, NULL);
execute procedure setDceTimeParameters (147809444, 1037041240.719, "2012-11-10 18:54:20.418", 1.92, 2.00);

dbaccess   exit_value =   0    execution_time = 0.180s
******************************************************************
Finishing IRAC science pipeline processing
Could not copy cal/firstframe_corr.fits to /sbx20/S19.2.0/archive/proc/full/IRAC033400/bcd/4568/0046471424/2/0022/0000/17/01/1/cal/firstframe_corr.fits
Could not copy imask.fits to /sbx20/S19.2.0/archive/proc/full/IRAC033400/bcd/4568/0046471424/2/0022/0000/17/01/1/imask.fits
Could not copy muxbleedcorr.fits to /sbx20/S19.2.0/archive/proc/full/IRAC033400/bcd/4568/0046471424/2/0022/0000/17/01/1/muxbleedcorr.fits
Could not copy slremove.fits to /sbx20/S19.2.0/archive/proc/full/IRAC033400/bcd/4568/0046471424/2/0022/0000/17/01/1/slremove.fits
******************************************************************
PlScriptID 17 exiting Saturday, January  9, 2016  2:59:56 PM PST
Host: sopipe61
Local Processing Directory: /scr1/S19.2.0/IRAC033400/bcd/4568/0046471424/2/0022/0000/17/01/1
Sandbox Directory: /sbx20/S19.2.0/archive/proc/full/IRAC033400/bcd/4568/0046471424/2/0022/0000/17/01/1
Processing time: total 30.14 s (user 1.05, system 1.03, child user 16.94, child system 11.12)
Pipeline exit code: Normal exit (0)
******************************************************************
