 hdrupd8 vsn 1.6  A70821
******************************************************************
Executing IRAC science pipeline
******************************************************************
Pipeline executing sanity_datatype
sanity_datatype -i ../fos16.fits -t1 cdf/sanity_datatype1.tbl -t2 cdf/sanity_datatype2.tbl -o1 qa/sanity_datatype1.tbl -o2 qa/sanity_datatype2.tbl 
******************************************************************
Program Sanity_datatype is started .... Version 1.0, Sat Jan  9 14:55:52 2016
Input Image File = ../fos16.fits
Input Data Table 1 = cdf/sanity_datatype1.tbl
Input Data Table 2 = cdf/sanity_datatype2.tbl
Output Filename1 = qa/sanity_datatype1.tbl
Output Filename2 = qa/sanity_datatype2.tbl
Log File = stdout
I_Debug = 0
I_Verbose = 0
I_SuperVerbose = 0
Processing time: 0.080000 seconds
Program Sanity_datatype is done. Version 1.0, Sat Jan  9 14:55:52 2016


sanity_datatype   exit_value =   0    execution_time = 0.330s
******************************************************************
Pipeline executing qatool
qatool -i ../fos16.fits -n cdf/pn107.nl -nb QATOOLDCE -a /sos/sw/S19.2.0/STUDIO/downlink/include -o qa/DCE_qatool 
******************************************************************
qatool_parse_namelist: Information only: Namelist block-name = &QATOOLDCE
Program qatool, Version 6.0
Namelist File  = cdf/pn107.nl
Input File = ../fos16.fits
Output Data Filename Base = qa/DCE_qatool
Statistics Group = 0
Percent-Scaling Flag = 0
Calculation Type = 1
(set-up to do additional computations for four readout channels)
Number of Mean Absolute Deviations for Histogram Half-Width Coverage = 5
Number of Bins in Histograms = 41
Central fraction for trimmed average = 0.810000
Central fraction for trimmed std. dev. = 0.720000
Bad-pixel tolerance fraction = 0.340000
Statistics Box X position = 3
Statistics Box Y position = 4
Statistics Box X width = 27
Statistics Box Y height = 33
Input-Image Transpose Flag = 1
Unsigned Integer Flag = 0
Data-Plane Flag = 1
Number Edge Rows/Cols Skipped = 10
Keyword Prefix = dce
Ancillary Data-File Path = /sos/sw/S19.2.0/STUDIO/downlink/include
Verbose flag = 0
Super-verbose flag = 0
Debug flag = 0
Performed statistical and histogram calculations.
Program qatool: Status Message: 0x0000
Normal exit from Function 0x0000: LOG_WRITER
Processing time: 0.720000 seconds
Current date/time: Sat Jan  9 14:55:53 2016
Program qatool, version 6.0, terminated.

qatool   exit_value =   0    execution_time = 0.810s
******************************************************************
Pipeline executing sanity_check
sanity_check -i qa/DCE_qatool.tbl -o qa/sanity_check.tbl 
******************************************************************
Program Sanity_check is started .... Version 1.0, Sat Jan  9 14:55:54 2016

Input File = qa/DCE_qatool.tbl
Output = qa/sanity_check.tbl
Processing time: 0.030000 seconds
Current date/time: Sat Jan  9 14:55:54 2016
Program Sanity_check, version 1.0, terminated.

sanity_check   exit_value =   0    execution_time = 0.280s
******************************************************************
Pipeline executing abad_repair
abad_repair -i ../fos16.fits -o abad_repair.fits 
******************************************************************
Pipeline Module ABAD_REPAIR Version 1.2
Processing time Sat Jan  9 14:55:54 2016

ABAD_READ_DATA: A0752D00 = 0
status from read: 1
npixs = 65536
enter output with 0
files ../fos16.fits !abad_repair.fits 
open output [!abad_repair.fits]
comment [Sat Jan  9 14:55:54 2016]
Time = 0.040 seconds
exit code 0

abad_repair   exit_value =   0    execution_time = 0.080s
******************************************************************
Pipeline executing tranhead
tranhead -i abad_repair.fits -n cdf/pn107.nl -k /scr/S19.2.0/cdf/ctd/telemetry_dictionary.dat -a /sos/sw/S19.2.0/STUDIO/downlink/include -o tranhead.fits -t, cdf/Keyword_Include_List.dat 
******************************************************************

Program tranhead, Version 13.2
Namelist File  = cdf/pn107.nl
Input File = abad_repair.fits
Dictionary File = /scr/S19.2.0/cdf/ctd/telemetry_dictionary.dat
CTD Version String = 3.0.94S
Keyword-Include-List File = cdf/Keyword_Include_List.dat
Translated-Keyword File = tranhead.hdr
CSPICE leapseconds kernel = /scr/S19.2.0/cdf/spice/leapseconds.ker
CSPICE SCLK_SCET kernel = /scr/S19.2.0/cdf/spice/sclk_scet.ker
CSPICE Spitzer Ephemeris = /scr/S19.2.0/cdf/spice/sirtf.bsp
CSPICE Planets Ephemeris = /scr/S19.2.0/cdf/spice/de.bsp
Output File = tranhead.fits
Operation Type = 1
FITS-Header Comment Flag = 1
SCLK correction factor = 1.000380
Ignore Frames (1st) = -1
Ignore Frames (2nd and higher) = -1
Central fraction for trimmed average  = 0.900000
Central fraction for trimmed std. dev. = 0.900000
Gain = 3.710000
Gain_RdOutCh_1 = 3.710000
Gain_RdOutCh_2 = 3.710000
Gain_RdOutCh_3 = 3.710000
Gain_RdOutCh_4 = 3.710000
Ancillary Data-File Path = /sos/sw/S19.2.0/STUDIO/downlink/include
Verbose flag = 0
Super-verbose flag = 0
Debug flag = 0
Configured to perform forward FITS keyword translation.
tranhead Status Message: 0x0000
Normal exit from Function 0x0000: LOG_WRITER
A total of        0   NaN's were produced in the results.
Processing time: 0.340000 seconds
Current date/time: Sat Jan  9 14:55:55 2016
Program tranhead, version 13.2, terminated.

tranhead   exit_value =   0    execution_time = 0.450s
 hdrupd8 vsn 1.6  A70821


LabDark

chan, frametime, hdy, extrpt = 2, 2.00, F, 233
expid  adceid  repidx  =  220,  0,  0 

SkyDarkaor template time = 2
hdy  repidx =  F  0
expid  ext-repeat  =  220  233

******************************************************************
Pipeline executing caltrans
caltrans -n cdf/pn107.nl -m 2 -a 7 -b /scr4/S19.2.0/dlcaldata/irac -s tranhead.fits -o cal -u SUB -jk1 CHNLNUM -jv1 2 -ja1 N -ju1 0 -js1 flip -jk2 CHNLNUM;AFOWLNUM;AWAITPER;FRAMTIME;HDRMODE -jv2 2;8;184;2.00;F -ja2 N;N;N;N;S -ju2 0;0;0;0;0 -js2 sigma;cmask -jk3 CHNLNUM;AFOWLNUM;AWAITPER;FRAMTIME;HDRMODE -jv3 2;8;184;2.00;F -ja3 N;N;N;N;S -ju3 0;0;0;0;0 -js3 cmask -jk4 CHNLNUM -jv4 2 -ja4 N -ju4 0 -js4 cmask -jk5 CHNLNUM -jv5 2 -ja5 N -ju5 0 -js5 cmask -jk6 CHNLNUM -jv6 2 -ja6 N -ju6 0 -jk7 CHNLNUM;AFOWLNUM;AWAITPER -jv7 2;8;184 -ja7 N;N;N -ju7 0;0;0 -jk8 CHNLNUM;AFOWLNUM;AWAITPER -jv8 2;8;184 -ja8 N;N;N -ju8 0;0;0 -e CALTRANSsciSUB 
******************************************************************

Online Namelist file descriptor associated
Online namelist buffer loaded: length = 7422

Warning !:  Ancillary file #1  with full suffix filename  '/sos/archive/fallbacks/IRAC004600/SUB_2s_2sf8d1r1_ch2_v2.0.0_dark_sigma.fits'  NOT in archive/sandbox !!.
Proceed to the next suffix fileprocessing .....

Warning !:  Ancillary file #2  with full suffix filename  '/sos/archive/fallbacks/IRAC004600/SUB_2s_2sf8d1r1_ch2_v2.0.0_dark_cmask.fits'  NOT in archive/sandbox !!.
Proceed to the next suffix fileprocessing .....

Warning !:  Ancillary-suffix file #1: '/scr4/S19.2.0/dlcaldata/irac/fb1502_SUB_2s_2sf8d1r1_ch2_v2.0.0_dark_sigma.fits'  could NOT be identified on cache.
Processing continues ..... 


Warning !:  Ancillary-suffix file #2: '/scr4/S19.2.0/dlcaldata/irac/fb1502_SUB_2s_2sf8d1r1_ch2_v2.0.0_dark_cmask.fits'  could NOT be identified on cache.
Processing continues ..... 


Warning !:  Ancillary file #1  with full suffix filename  '/sos/archive/fallbacks/IRAC005300/lincal_b2_sa_011410_cmask.fits'  NOT in archive/sandbox !!.
Proceed to the next suffix fileprocessing .....

Warning !:  Ancillary-suffix file #1: '/scr4/S19.2.0/dlcaldata/irac/fb1579_lincal_b2_sa_011410_cmask.fits'  could NOT be identified on cache.
Processing continues ..... 

  Printing Log output to stdout...


Program CALTRANS, Version 4.0
Command-Line Namelist Filename  = cdf/pn107.nl
Command-Line Namelist Section = CALTRANSsciSUB
CalTrans Execution Mode  = 2
CalID = 7
Input Calibration Type list = pmask;labdark;skydark;lincal;sky_flat;fluxconv;muxbleed_lut;muxbleed_coeff
Input Calibration Rule list = 0;0;300;0;0;0;0;0
Input Generic Outfname list = pmask.fits;labdark.fits;skydark.fits;lincal.fits;skyflat.fits;fluxconv;muxbleed_lut;muxbleed_coeff
Science DCE Filename = tranhead.fits
CAL Destination Path = cal
Processing time: 0.430000 seconds
Current date/time: Sat Jan  9 14:56:05 2016
Program CALTRANS, version 4.0, terminated with status = 16

CalTrans exits with status = 16



caltrans   exit_value =  16    execution_time = 0.550s
******************************************************************
Pipeline executing insbposdom
insbposdom -i tranhead.fits -o insbposdom.fits 
******************************************************************
Pipeline Module INSBPOSDOM Version 1.1
Processing time Sat Jan  9 14:56:05 2016

Sat Jan  9 14:56:05 2016
Time = 0.040 seconds
exit code 0

insbposdom   exit_value =   0    execution_time = 0.080s
******************************************************************
Pipeline executing cvti2r4
cvti2r4 -i insbposdom.fits -a 0.5625 -b 0 -d cal/dmask_for_raw.fits -o cvti2r4.fits -m row 
******************************************************************
 SIRTF I*2-to-R*4 Data Cube Conversion program vsn 1.31 A61025
 Input file:  insbposdom.fits
 Using offset =    0.562500
 Using BLANK-fill value:   0
 Output file: cvti2r4.fits
 Missing-data pattern specified as rows

cvti2r4   exit_value =   0    execution_time = 0.300s
Image has barrel shift = 3
Computed truncation correction 0.5*(1-2^-ABARREL) = 0.5625
******************************************************************
Pipeline executing hdrupd8
hdrupd8 cvti2r4.fits -a cdf/hdrupd8_cubify.dat -d cdf/hdrupd8_planify.dat 
******************************************************************
 hdrupd8 vsn 1.6  A70821
 WARNING: keyword to be deleted not found: NAXIS3  

hdrupd8   exit_value =   0    execution_time = 0.240s
******************************************************************
Pipeline executing hdrupd8
hdrupd8 dmask.fits -a cdf/hdrupd8_cubify.dat -d cdf/hdrupd8_planify.dat 
******************************************************************
 hdrupd8 vsn 1.6  A70821
 WARNING: keyword to be deleted not found: NAXIS3  

hdrupd8   exit_value =   0    execution_time = 0.250s
******************************************************************
Pipeline executing iracwrapdet1
iracwrapdet1 -i cvti2r4.fits -n cdf/pn107.nl -p cal/pmask.fits -d dmask.fits -w wmask.fits -v 
******************************************************************
Pipeline Module IRACWRAPDET1 Version 1.4
Processing time Sat Jan  9 14:56:09 2016
iracwrapdet1_parse_args: Namelist File = 	cdf/pn107.nl
iracwrapdet1_parse_args: Pmask File = 	cal/pmask.fits
iracwrapdet1_parse_args: Dmask File = 	dmask.fits
iracwrapdet1_parse_args: Wmask File = 	wmask.fits
iracwrapdet1_parse_args: Input File = 	cvti2r4.fits
iracwrapdet1_parse_args: I_Verbose = 			1
chn 2 framtim 2.000000
iracwrapdet1_read_data: Data read from file:
cvti2r4.fits
iracwrapdet1_read_data: I_NX = 32
iracwrapdet1_read_data: I_NY = 32
iracwrapdet1_read_data: I_NZ = 64
iracwrapdet1_parse_namelist: Namelist File = 	cdf/pn107.nl
Coeff used: 55000.000000 55000.000000 55000.000000 55000.000000
iracwrapdet1_compute_results: Numerical Computations finished
Sat Jan  9 14:56:09 2016
iracwrapdet1_output: Results written to file(s).
Time = 0.030 seconds
iracwrapdet1_error_handler: Error Handler finished.
iracwrapdet1_exit: Memory Deallocated.
exit code 0

iracwrapdet1   exit_value =   0    execution_time = 0.070s
******************************************************************
Pipeline executing iracwrapdet2
iracwrapdet2 -i cvti2r4.fits -n cdf/pn107.nl -p cal/pmask.fits -d dmask.fits -w wmask.fits -a /sos/sw/S19.2.0/STUDIO/downlink/include 
******************************************************************

Program iracwrapdet2, Version 1.4
Namelist File  = cdf/pn107.nl
FITS Input Image = cvti2r4.fits
Pmask File = cal/pmask.fits
Dmask File = dmask.fits
Wmask File = mask.fits
M-Level       chan1     chan2     chan3     chan4
            55000.0   55000.0   55000.0   55000.0
Tolerance     chan1     chan2     chan3     chan4
             1200.0    1200.0    1200.0    1200.0
Pmask Maximum = 65535
Dmask Maximum = 65535
Ancillary Data-File Path = /sos/sw/S19.2.0/STUDIO/downlink/include
Verbose flag = 0
Super-verbose flag = 0
Debug flag = 0
iracwrapdet2 Status Message      0x0000
Normal exit from Function 0x0000: LOG_WRITER
Processing time: 0.100000 seconds
Current date/time: Sat Jan  9 14:56:09 2016
Program iracwrapdet2, version 1.4, terminated


iracwrapdet2   exit_value =   0    execution_time = 0.140s
******************************************************************
Pipeline executing iracwrapcorr
iracwrapcorr -i cvti2r4.fits -p cal/pmask.fits -d dmask.fits -w wmask.fits -o iracwrapcorr.fits 
******************************************************************
Pipeline Module IRACWRAPCORR Version 1.3
Processing time Sat Jan  9 14:56:09 2016
iracwrapcorr_parse_namelist: Information only: Namelist not specified.
Sat Jan  9 14:56:09 2016
Time = 0.030 seconds
exit code 0

iracwrapcorr   exit_value =   0    execution_time = 0.070s
******************************************************************
Pipeline executing iracnorm
iracnorm -i iracwrapcorr.fits -p cal/pmask.fits -d dmask.fits -o iracnorm.fits 
******************************************************************
Pipeline Module IRACWNORM Version 1.10
Processing time Sat Jan  9 14:56:09 2016

Sat Jan  9 14:56:09 2016
Time = 0.040 seconds
exit code 0

iracnorm   exit_value =   0    execution_time = 0.080s
******************************************************************
Pipeline executing iracebwc
iracebwc -i iracnorm.fits -n cdf/pn107.nl -p cal/pmask.fits -d dmask.fits -o iracebwc.fits 
******************************************************************
Pipeline Module IRACEBWC Version 1.2
Processing time Sat Jan  9 14:56:10 2016

Sat Jan  9 14:56:10 2016
Time = 0.040 seconds
exit code 0

iracebwc   exit_value =   0    execution_time = 0.080s
HDR mode   =  f
AOR Template Time     =  2
DCE Frame Time    =  2.00
EXTRpt     =  233
Frame NOBF =  0
From sub determine_delays:
   aottime = 2
   aordelay = 222.190359962807
   stellarmode = f
   expid=220
imdly = 1.37435997806548
frmdly = 1.37435997806548

Immed  Delay = 1.37435997806548
Frame  Delay = 1.37435997806548

 hdrupd8 vsn 1.6  A70821
 hdrupd8 vsn 1.6  A70821
 hdrupd8 vsn 1.6  A70821
 hdrupd8 vsn 1.6  A70821
 hdrupd8 vsn 1.6  A70821
 hdrupd8 vsn 1.6  A70821
 hdrupd8 vsn 1.6  A70821
******************************************************************
Pipeline executing darksubng
darksubng -i iracebwc.fits -a /sos/sw/S19.2.0/STUDIO/downlink/include -p cal/pmask.fits -d dmask.fits -o labdarksub.fits -cc cal/labdark.fits -v 
******************************************************************
/sos/sw/S19.2.0/STUDIO/downlink/bin/darksubng: namelist not given
/sos/sw/S19.2.0/STUDIO/downlink/bin/darksubng: input uncertainty image not given
/sos/sw/S19.2.0/STUDIO/downlink/bin/darksubng: output uncertainty image not given
/sos/sw/S19.2.0/STUDIO/downlink/bin/darksubng: WARNING no uncertainty calculations will be performed
/sos/sw/S19.2.0/STUDIO/downlink/bin/darksubng: Namelist               = []
/sos/sw/S19.2.0/STUDIO/downlink/bin/darksubng: Input image            = [iracebwc.fits]
/sos/sw/S19.2.0/STUDIO/downlink/bin/darksubng: Input uncertainty      = []
/sos/sw/S19.2.0/STUDIO/downlink/bin/darksubng: Output image           = [!labdarksub.fits]
/sos/sw/S19.2.0/STUDIO/downlink/bin/darksubng: Output uncertainty     = []
/sos/sw/S19.2.0/STUDIO/downlink/bin/darksubng: Dark                   = [cal/labdark.fits]
/sos/sw/S19.2.0/STUDIO/downlink/bin/darksubng: Pmask file             = [cal/pmask.fits]
/sos/sw/S19.2.0/STUDIO/downlink/bin/darksubng: Pmask fatality bitmask = [65536]
/sos/sw/S19.2.0/STUDIO/downlink/bin/darksubng: Dmask file             = [dmask.fits]
/sos/sw/S19.2.0/STUDIO/downlink/bin/darksubng: Dmask fatality bitmask = [65536]
/sos/sw/S19.2.0/STUDIO/downlink/bin/darksubng: Cmask file             = []
/sos/sw/S19.2.0/STUDIO/downlink/bin/darksubng: Cmask fatality bitmask = [65536]
/sos/sw/S19.2.0/STUDIO/downlink/bin/darksubng: Logfile                = []
/sos/sw/S19.2.0/STUDIO/downlink/bin/darksubng: Ancillary Path         = [/sos/sw/S19.2.0/STUDIO/downlink/include]
/sos/sw/S19.2.0/STUDIO/downlink/bin/darksubng: Uncertainty calculations will not be made
/sos/sw/S19.2.0/STUDIO/downlink/bin/darksubng: WARNING cal/labdark.fits has no BUNIT key
/sos/sw/S19.2.0/STUDIO/downlink/bin/darksubng: WARNING assuming cal/labdark.fits is in DN
/sos/sw/S19.2.0/STUDIO/downlink/bin/darksubng: WARNING cal/labdark.fits has no EXPTIME key
/sos/sw/S19.2.0/STUDIO/downlink/bin/darksubng: WARNING cal/labdark.fits has no GAIN keywords
/sos/sw/S19.2.0/STUDIO/downlink/bin/darksubng: compute - performing any unit conversions
/sos/sw/S19.2.0/STUDIO/downlink/bin/darksubng: compute - starting subtraction with masking 
/sos/sw/S19.2.0/STUDIO/downlink/bin/darksubng: Processing successful; Exiting

darksubng   exit_value =   0    execution_time = 0.130s
READ Noise !! =  9.4
******************************************************************
Pipeline executing snestimator
snestimator -i labdarksub.fits -n cdf/pn107.nl -a /sos/sw/S19.2.0/STUDIO/downlink/include -p cal/pmask.fits -d dmask.fits -on sig_snestimator.fits -g 3.71 -r 9.4 
******************************************************************
verbose 0

Program SNESTIMATOR, Version 1.5
Namelist File  = cdf/pn107.nl
Input FITS Image = labdarksub.fits
Noise Image = sig_snestimator.fits
Denominator type = IRAC_MODEL
Edge Pixels Excluded = 0
Gain Channel 1 = 3.710000 Channel 2 = 3.710000 Channel 3 = 3.710000 Channel 4 = 3.710000
Read Noise = 9.400000
Confusion Sigma = 0.000000
Ancillary Data-File Path = /sos/sw/S19.2.0/STUDIO/downlink/include
Verbose flag = 0
Super-verbose flag = 0
Debug flag = 0
snestimator Status Message      0x0000
Normal exit from Function 0x0000: LOG_WRITER
Processing time: 0.100000 seconds
Current date/time: Sat Jan  9 14:56:21 2016
Program SNESTIMATOR, version 1.5, terminated


snestimator   exit_value =   0    execution_time = 0.160s
******************************************************************
Pipeline executing darksubng
darksubng -i iracebwc.fits -iu sig_snestimator.fits -a /sos/sw/S19.2.0/STUDIO/downlink/include -p cal/pmask.fits -d dmask.fits -o labdarksub.fits -ou sig_labdarksub.fits -cc cal/labdark.fits -v 
******************************************************************
/sos/sw/S19.2.0/STUDIO/downlink/bin/darksubng: namelist not given
/sos/sw/S19.2.0/STUDIO/downlink/bin/darksubng: Namelist               = []
/sos/sw/S19.2.0/STUDIO/downlink/bin/darksubng: Input image            = [iracebwc.fits]
/sos/sw/S19.2.0/STUDIO/downlink/bin/darksubng: Input uncertainty      = [sig_snestimator.fits]
/sos/sw/S19.2.0/STUDIO/downlink/bin/darksubng: Output image           = [!labdarksub.fits]
/sos/sw/S19.2.0/STUDIO/downlink/bin/darksubng: Output uncertainty     = [!sig_labdarksub.fits]
/sos/sw/S19.2.0/STUDIO/downlink/bin/darksubng: Dark                   = [cal/labdark.fits]
/sos/sw/S19.2.0/STUDIO/downlink/bin/darksubng: Pmask file             = [cal/pmask.fits]
/sos/sw/S19.2.0/STUDIO/downlink/bin/darksubng: Pmask fatality bitmask = [65536]
/sos/sw/S19.2.0/STUDIO/downlink/bin/darksubng: Dmask file             = [dmask.fits]
/sos/sw/S19.2.0/STUDIO/downlink/bin/darksubng: Dmask fatality bitmask = [65536]
/sos/sw/S19.2.0/STUDIO/downlink/bin/darksubng: Cmask file             = []
/sos/sw/S19.2.0/STUDIO/downlink/bin/darksubng: Cmask fatality bitmask = [65536]
/sos/sw/S19.2.0/STUDIO/downlink/bin/darksubng: Logfile                = []
/sos/sw/S19.2.0/STUDIO/downlink/bin/darksubng: Ancillary Path         = [/sos/sw/S19.2.0/STUDIO/downlink/include]
/sos/sw/S19.2.0/STUDIO/downlink/bin/darksubng: Uncertainty calculations will be made
/sos/sw/S19.2.0/STUDIO/downlink/bin/darksubng: WARNING cal/labdark.fits has no BUNIT key
/sos/sw/S19.2.0/STUDIO/downlink/bin/darksubng: WARNING assuming cal/labdark.fits is in DN
/sos/sw/S19.2.0/STUDIO/downlink/bin/darksubng: WARNING cal/labdark.fits has no EXPTIME key
/sos/sw/S19.2.0/STUDIO/downlink/bin/darksubng: WARNING cal/labdark.fits has no GAIN keywords
/sos/sw/S19.2.0/STUDIO/downlink/bin/darksubng: compute - performing any unit conversions
/sos/sw/S19.2.0/STUDIO/downlink/bin/darksubng: compute - starting subtraction with masking 
/sos/sw/S19.2.0/STUDIO/downlink/bin/darksubng: Processing successful; Exiting

darksubng   exit_value =   0    execution_time = 0.180s
******************************************************************
Pipeline executing fowlinearize
fowlinearize -i1 labdarksub.fits -i3 sig_labdarksub.fits -n cdf/pn107.nl -a /sos/sw/S19.2.0/STUDIO/downlink/include -ip cal/pmask.fits -i2 cal/lincal.fits -id dmask.fits -o1 fowlinearize.fits -o2 sig_fowlinearize.fits -c 10 
******************************************************************

Program FOWLINEARIZE, Version 4.9
Namelist File  = cdf/pn107.nl
Input File 1 = labdarksub.fits
Input File 2 = cal/lincal.fits
Input File 3 = sig_labdarksub.fits
Model_Flag(1=quad. 2=cubic) = 1
Clock_Readout(10=sub-array, 200=full-array) = 10.000000
Input PMask Image = cal/pmask.fits
Unusable PMask Bits = 16384
Input DMask Image = dmask.fits
Unusable DMask Bits = 8192
Not-linearized DMask Bit = 4096
Not-linearized DMask Bit due to lincal-model saturation = 8192
Output File 1 = fowlinearize.fits
Output File 2 = sig_fowlinearize.fits
Ancillary Data-File Path = /sos/sw/S19.2.0/STUDIO/downlink/include
Verbose flag = 0
Super-verbose flag = 0
Debug flag = 0
Performed linearity correction.
Program fowlinearize: Status Message: 0x0000
Normal exit from Function 0x0000: LOG_WRITER
Processing time: 0.290000 seconds
Current date/time: Sat Jan  9 14:56:22 2016
Program FOWLINEARIZE, version 4.9, terminated.

fowlinearize   exit_value =   0    execution_time = 0.390s
Read Noise =  9.4
 hdrupd8 vsn 1.6  A70821
******************************************************************
Pipeline executing bgmodel
bgmodel -i fowlinearize.fits -n cdf/pn107.nl -h 
******************************************************************

Online Namelist file descriptor associated
Online namelist buffer loaded: length = 7422
bgmodel_log_writer: Printing Log output to stdout
bgmodel  Version 1.0
Namelist File  = cdf/pn107.nl
Input Image = fowlinearize.fits
Ephemeris = /scr4/S19.2.0/cdf/spice/sirtf.bsp
LeapSec Kernel = /scr4/S19.2.0/cdf/spice/leapseconds.ker
SPK Kernel = /scr4/S19.2.0/cdf/spice/de.bsp

bgmodel  Status Message      0x0000: No error.
Time = 0.090 seconds

Background exits with status = 0


bgmodel   exit_value =   0    execution_time = 0.140s
******************************************************************
Pipeline executing hdrupd8
hdrupd8 fowlinearize.fits -a addkeys.dat 
******************************************************************
 hdrupd8 vsn 1.6  A70821

hdrupd8   exit_value =   0    execution_time = 0.330s
SkyDk Med DN      = 16.56367 
Exposure time     = 1.92
SkyDk Med DN rate = 8.62691145833333
Flux Conv         = 0.1447 
SkyDk Med Flux    = 1.24831408802083
Image File = fowlinearize.fits 

 hdrupd8 vsn 1.6  A70821
 hdrupd8 vsn 1.6  A70821
 hdrupd8 vsn 1.6  A70821
 hdrupd8 vsn 1.6  A70821
 hdrupd8 vsn 1.6  A70821
******************************************************************
Pipeline executing darksubng
darksubng -i fowlinearize.fits -iu sig_fowlinearize.fits -a /sos/sw/S19.2.0/STUDIO/downlink/include -p cal/pmask.fits -d dmask.fits -o skydarksub.fits -ou sig_skydarksub.fits -cc cal/skydark.fits -v -c cal/skydark_cmask.fits 
******************************************************************
/sos/sw/S19.2.0/STUDIO/downlink/bin/darksubng: namelist not given
/sos/sw/S19.2.0/STUDIO/downlink/bin/darksubng: Namelist               = []
/sos/sw/S19.2.0/STUDIO/downlink/bin/darksubng: Input image            = [fowlinearize.fits]
/sos/sw/S19.2.0/STUDIO/downlink/bin/darksubng: Input uncertainty      = [sig_fowlinearize.fits]
/sos/sw/S19.2.0/STUDIO/downlink/bin/darksubng: Output image           = [!skydarksub.fits]
/sos/sw/S19.2.0/STUDIO/downlink/bin/darksubng: Output uncertainty     = [!sig_skydarksub.fits]
/sos/sw/S19.2.0/STUDIO/downlink/bin/darksubng: Dark                   = [cal/skydark.fits]
/sos/sw/S19.2.0/STUDIO/downlink/bin/darksubng: Pmask file             = [cal/pmask.fits]
/sos/sw/S19.2.0/STUDIO/downlink/bin/darksubng: Pmask fatality bitmask = [65536]
/sos/sw/S19.2.0/STUDIO/downlink/bin/darksubng: Dmask file             = [dmask.fits]
/sos/sw/S19.2.0/STUDIO/downlink/bin/darksubng: Dmask fatality bitmask = [65536]
/sos/sw/S19.2.0/STUDIO/downlink/bin/darksubng: Cmask file             = [cal/skydark_cmask.fits]
/sos/sw/S19.2.0/STUDIO/downlink/bin/darksubng: Cmask fatality bitmask = [65536]
/sos/sw/S19.2.0/STUDIO/downlink/bin/darksubng: Logfile                = []
/sos/sw/S19.2.0/STUDIO/downlink/bin/darksubng: Ancillary Path         = [/sos/sw/S19.2.0/STUDIO/downlink/include]
/sos/sw/S19.2.0/STUDIO/downlink/bin/darksubng: Uncertainty calculations will be made
/sos/sw/S19.2.0/STUDIO/downlink/bin/darksubng: compute - performing any unit conversions
/sos/sw/S19.2.0/STUDIO/downlink/bin/darksubng: compute - starting subtraction with masking 
/sos/sw/S19.2.0/STUDIO/downlink/bin/darksubng: Processing successful; Exiting

darksubng   exit_value =   0    execution_time = 0.180s
******************************************************************
Pipeline executing darkdrift
darkdrift -i skydarksub.fits -iu sig_skydarksub.fits -n cdf/pn107.nl -a /sos/sw/S19.2.0/STUDIO/downlink/include -o1 darkdrift.fits -o2 darkdriftcorr.fits -o3 darkdrift.tbl -ou sig_darkdrift.fits 
******************************************************************
Program darkdrift, Version 4.1
Namelist File  = cdf/pn107.nl
Input Image = skydarksub.fits
Input Uncertainty Image = sig_skydarksub.fits
Output Image 1 (corrected image) = darkdrift.fits
Output Image 2 (corrections) = darkdriftcorr.fits
Output Image 3 (uncertainties) = sig_darkdrift.fits
Output File 3 = darkdrift.tbl
Central fraction for trimmed average  = 0.900000
Central fraction for trimmed std. dev. = 0.900000
Time_Input = 0.250000
Time_Before = 0.000000
Time_After = 1.000000
Temp_Input = 270.000000
Temp_Before = 280.000000
Temp_After = 260.000000
Calculation Type = 1
Input-Image Transpose Flag = 1
Multiplicative-Correction Flag (Additive if zero) = 0
Readout Channel to exclude (none if zero) = 0
Data-Plane Flag = 1
Ancillary Data-File Path = /sos/sw/S19.2.0/STUDIO/downlink/include
Verbose flag = 0
Super-verbose flag = 0
Debug flag = 0
Dark-current offsets estimated from input image.

Detailed darkdrift calculational results:
...for data plane = 1
Darkdrift correction for readout-channel 1 = -0.276452
Darkdrift correction for readout-channel 2 = -0.165781
Darkdrift correction for readout-channel 3 = -0.067736
Darkdrift correction for readout-channel 4 = 0.509969
Darkdrift uncertainty for readout-channel 1 = 0.300465
Darkdrift uncertainty for readout-channel 2 = 0.300012
Darkdrift uncertainty for readout-channel 3 = 0.301352
Darkdrift uncertainty for readout-channel 4 = 0.302548
Trimmed average of values in readout-channel 1 = 7.736896
Trimmed average of values in readout-channel 2 = 7.847567
Trimmed average of values in readout-channel 3 = 7.945612
Trimmed average of values in readout-channel 4 = 8.523317
Darkdrift background term = 8.013348
...for data plane = 2
Darkdrift correction for readout-channel 1 = -0.053549
Darkdrift correction for readout-channel 2 = -0.273793
Darkdrift correction for readout-channel 3 = -0.000863
Darkdrift correction for readout-channel 4 = 0.328206
Darkdrift uncertainty for readout-channel 1 = 0.302433
Darkdrift uncertainty for readout-channel 2 = 0.304095
Darkdrift uncertainty for readout-channel 3 = 0.303154
Darkdrift uncertainty for readout-channel 4 = 0.303721
Trimmed average of values in readout-channel 1 = 4.976502
Trimmed average of values in readout-channel 2 = 4.756258
Trimmed average of values in readout-channel 3 = 5.029188
Trimmed average of values in readout-channel 4 = 5.358257
Darkdrift background term = 5.030051
...for data plane = 3
Darkdrift correction for readout-channel 1 = 0.082466
Darkdrift correction for readout-channel 2 = -0.384074
Darkdrift correction for readout-channel 3 = -0.065787
Darkdrift correction for readout-channel 4 = 0.367396
Darkdrift uncertainty for readout-channel 1 = 0.265426
Darkdrift uncertainty for readout-channel 2 = 0.302980
Darkdrift uncertainty for readout-channel 3 = 0.303162
Darkdrift uncertainty for readout-channel 4 = 0.302892
Trimmed average of values in readout-channel 1 = 5.156796
Trimmed average of values in readout-channel 2 = 4.690256
Trimmed average of values in readout-channel 3 = 5.008543
Trimmed average of values in readout-channel 4 = 5.441726
Darkdrift background term = 5.074330
...for data plane = 4
Darkdrift correction for readout-channel 1 = -0.349225
Darkdrift correction for readout-channel 2 = 0.279965
Darkdrift correction for readout-channel 3 = 0.169929
Darkdrift correction for readout-channel 4 = -0.100670
Darkdrift uncertainty for readout-channel 1 = 0.303357
Darkdrift uncertainty for readout-channel 2 = 0.302979
Darkdrift uncertainty for readout-channel 3 = 0.303367
Darkdrift uncertainty for readout-channel 4 = 0.303061
Trimmed average of values in readout-channel 1 = 5.055448
Trimmed average of values in readout-channel 2 = 5.684638
Trimmed average of values in readout-channel 3 = 5.574602
Trimmed average of values in readout-channel 4 = 5.304003
Darkdrift background term = 5.404673
...for data plane = 5
Darkdrift correction for readout-channel 1 = 0.166116
Darkdrift correction for readout-channel 2 = -0.240064
Darkdrift correction for readout-channel 3 = -0.229095
Darkdrift correction for readout-channel 4 = 0.303043
Darkdrift uncertainty for readout-channel 1 = 0.303365
Darkdrift uncertainty for readout-channel 2 = 0.301866
Darkdrift uncertainty for readout-channel 3 = 0.303286
Darkdrift uncertainty for readout-channel 4 = 0.303097
Trimmed average of values in readout-channel 1 = 5.881672
Trimmed average of values in readout-channel 2 = 5.475492
Trimmed average of values in readout-channel 3 = 5.486461
Trimmed average of values in readout-channel 4 = 6.018599
Darkdrift background term = 5.715556
...for data plane = 6
Darkdrift correction for readout-channel 1 = 0.150750
Darkdrift correction for readout-channel 2 = 0.081390
Darkdrift correction for readout-channel 3 = 0.077404
Darkdrift correction for readout-channel 4 = -0.309544
Darkdrift uncertainty for readout-channel 1 = 0.302068
Darkdrift uncertainty for readout-channel 2 = 0.302972
Darkdrift uncertainty for readout-channel 3 = 0.302896
Darkdrift uncertainty for readout-channel 4 = 0.303446
Trimmed average of values in readout-channel 1 = 5.646659
Trimmed average of values in readout-channel 2 = 5.577299
Trimmed average of values in readout-channel 3 = 5.573313
Trimmed average of values in readout-channel 4 = 5.186365
Darkdrift background term = 5.495909
...for data plane = 7
Darkdrift correction for readout-channel 1 = -0.159642
Darkdrift correction for readout-channel 2 = -0.103664
Darkdrift correction for readout-channel 3 = 0.293850
Darkdrift correction for readout-channel 4 = -0.030544
Darkdrift uncertainty for readout-channel 1 = 0.303091
Darkdrift uncertainty for readout-channel 2 = 0.322974
Darkdrift uncertainty for readout-channel 3 = 0.303373
Darkdrift uncertainty for readout-channel 4 = 0.302635
Trimmed average of values in readout-channel 1 = 5.724992
Trimmed average of values in readout-channel 2 = 5.780969
Trimmed average of values in readout-channel 3 = 6.178483
Trimmed average of values in readout-channel 4 = 5.854089
Darkdrift background term = 5.884633
...for data plane = 8
Darkdrift correction for readout-channel 1 = 0.086309
Darkdrift correction for readout-channel 2 = -0.277905
Darkdrift correction for readout-channel 3 = -0.023679
Darkdrift correction for readout-channel 4 = 0.215275
Darkdrift uncertainty for readout-channel 1 = 0.304535
Darkdrift uncertainty for readout-channel 2 = 0.302968
Darkdrift uncertainty for readout-channel 3 = 0.303296
Darkdrift uncertainty for readout-channel 4 = 0.302975
Trimmed average of values in readout-channel 1 = 5.681101
Trimmed average of values in readout-channel 2 = 5.316887
Trimmed average of values in readout-channel 3 = 5.571113
Trimmed average of values in readout-channel 4 = 5.810067
Darkdrift background term = 5.594792
...for data plane = 9
Darkdrift correction for readout-channel 1 = -0.273912
Darkdrift correction for readout-channel 2 = 0.024863
Darkdrift correction for readout-channel 3 = 0.407692
Darkdrift correction for readout-channel 4 = -0.158644
Darkdrift uncertainty for readout-channel 1 = 0.302968
Darkdrift uncertainty for readout-channel 2 = 0.303534
Darkdrift uncertainty for readout-channel 3 = 0.303614
Darkdrift uncertainty for readout-channel 4 = 0.302979
Trimmed average of values in readout-channel 1 = 5.887094
Trimmed average of values in readout-channel 2 = 6.185869
Trimmed average of values in readout-channel 3 = 6.568698
Trimmed average of values in readout-channel 4 = 6.002362
Darkdrift background term = 6.161006
...for data plane = 10
Darkdrift correction for readout-channel 1 = 0.136710
Darkdrift correction for readout-channel 2 = -0.471010
Darkdrift correction for readout-channel 3 = 0.166920
Darkdrift correction for readout-channel 4 = 0.167380
Darkdrift uncertainty for readout-channel 1 = 0.303361
Darkdrift uncertainty for readout-channel 2 = 0.302956
Darkdrift uncertainty for readout-channel 3 = 0.302987
Darkdrift uncertainty for readout-channel 4 = 0.303055
Trimmed average of values in readout-channel 1 = 6.085776
Trimmed average of values in readout-channel 2 = 5.478055
Trimmed average of values in readout-channel 3 = 6.115986
Trimmed average of values in readout-channel 4 = 6.116446
Darkdrift background term = 5.949066
...for data plane = 11
Darkdrift correction for readout-channel 1 = -0.049450
Darkdrift correction for readout-channel 2 = -0.203864
Darkdrift correction for readout-channel 3 = 0.332051
Darkdrift correction for readout-channel 4 = -0.078738
Darkdrift uncertainty for readout-channel 1 = 0.302993
Darkdrift uncertainty for readout-channel 2 = 0.302980
Darkdrift uncertainty for readout-channel 3 = 0.303294
Darkdrift uncertainty for readout-channel 4 = 0.302891
Trimmed average of values in readout-channel 1 = 5.958250
Trimmed average of values in readout-channel 2 = 5.803836
Trimmed average of values in readout-channel 3 = 6.339751
Trimmed average of values in readout-channel 4 = 5.928961
Darkdrift background term = 6.007699
...for data plane = 12
Darkdrift correction for readout-channel 1 = -0.061623
Darkdrift correction for readout-channel 2 = -0.458974
Darkdrift correction for readout-channel 3 = 0.332923
Darkdrift correction for readout-channel 4 = 0.187674
Darkdrift uncertainty for readout-channel 1 = 0.303475
Darkdrift uncertainty for readout-channel 2 = 0.303803
Darkdrift uncertainty for readout-channel 3 = 0.303545
Darkdrift uncertainty for readout-channel 4 = 0.302800
Trimmed average of values in readout-channel 1 = 5.770343
Trimmed average of values in readout-channel 2 = 5.372993
Trimmed average of values in readout-channel 3 = 6.164889
Trimmed average of values in readout-channel 4 = 6.019641
Darkdrift background term = 5.831966
...for data plane = 13
Darkdrift correction for readout-channel 1 = 0.334536
Darkdrift correction for readout-channel 2 = -0.151934
Darkdrift correction for readout-channel 3 = -0.384495
Darkdrift correction for readout-channel 4 = 0.201893
Darkdrift uncertainty for readout-channel 1 = 0.302714
Darkdrift uncertainty for readout-channel 2 = 0.304628
Darkdrift uncertainty for readout-channel 3 = 0.303006
Darkdrift uncertainty for readout-channel 4 = 0.302734
Trimmed average of values in readout-channel 1 = 6.245512
Trimmed average of values in readout-channel 2 = 5.759041
Trimmed average of values in readout-channel 3 = 5.526480
Trimmed average of values in readout-channel 4 = 6.112869
Darkdrift background term = 5.910976
...for data plane = 14
Darkdrift correction for readout-channel 1 = -0.172563
Darkdrift correction for readout-channel 2 = 0.030573
Darkdrift correction for readout-channel 3 = 0.162403
Darkdrift correction for readout-channel 4 = -0.020413
Darkdrift uncertainty for readout-channel 1 = 0.302999
Darkdrift uncertainty for readout-channel 2 = 0.303514
Darkdrift uncertainty for readout-channel 3 = 0.301690
Darkdrift uncertainty for readout-channel 4 = 0.302971
Trimmed average of values in readout-channel 1 = 5.497566
Trimmed average of values in readout-channel 2 = 5.700702
Trimmed average of values in readout-channel 3 = 5.832532
Trimmed average of values in readout-channel 4 = 5.649716
Darkdrift background term = 5.670129
...for data plane = 15
Darkdrift correction for readout-channel 1 = -0.332320
Darkdrift correction for readout-channel 2 = 0.012780
Darkdrift correction for readout-channel 3 = 0.221441
Darkdrift correction for readout-channel 4 = 0.098098
Darkdrift uncertainty for readout-channel 1 = 0.303361
Darkdrift uncertainty for readout-channel 2 = 0.302711
Darkdrift uncertainty for readout-channel 3 = 0.302964
Darkdrift uncertainty for readout-channel 4 = 0.302984
Trimmed average of values in readout-channel 1 = 5.771992
Trimmed average of values in readout-channel 2 = 6.117092
Trimmed average of values in readout-channel 3 = 6.325753
Trimmed average of values in readout-channel 4 = 6.202410
Darkdrift background term = 6.104312
...for data plane = 16
Darkdrift correction for readout-channel 1 = 0.256423
Darkdrift correction for readout-channel 2 = -0.323400
Darkdrift correction for readout-channel 3 = -0.042419
Darkdrift correction for readout-channel 4 = 0.109397
Darkdrift uncertainty for readout-channel 1 = 0.304134
Darkdrift uncertainty for readout-channel 2 = 0.303525
Darkdrift uncertainty for readout-channel 3 = 0.303054
Darkdrift uncertainty for readout-channel 4 = 0.301876
Trimmed average of values in readout-channel 1 = 5.912865
Trimmed average of values in readout-channel 2 = 5.333042
Trimmed average of values in readout-channel 3 = 5.614023
Trimmed average of values in readout-channel 4 = 5.765840
Darkdrift background term = 5.656443
...for data plane = 17
Darkdrift correction for readout-channel 1 = -0.132835
Darkdrift correction for readout-channel 2 = -0.046858
Darkdrift correction for readout-channel 3 = 0.232809
Darkdrift correction for readout-channel 4 = -0.053116
Darkdrift uncertainty for readout-channel 1 = 0.302964
Darkdrift uncertainty for readout-channel 2 = 0.303244
Darkdrift uncertainty for readout-channel 3 = 0.302971
Darkdrift uncertainty for readout-channel 4 = 0.302727
Trimmed average of values in readout-channel 1 = 5.312688
Trimmed average of values in readout-channel 2 = 5.398666
Trimmed average of values in readout-channel 3 = 5.678333
Trimmed average of values in readout-channel 4 = 5.392407
Darkdrift background term = 5.445523
...for data plane = 18
Darkdrift correction for readout-channel 1 = 0.064475
Darkdrift correction for readout-channel 2 = -0.262932
Darkdrift correction for readout-channel 3 = -0.069791
Darkdrift correction for readout-channel 4 = 0.268248
Darkdrift uncertainty for readout-channel 1 = 0.302132
Darkdrift uncertainty for readout-channel 2 = 0.302965
Darkdrift uncertainty for readout-channel 3 = 0.303051
Darkdrift uncertainty for readout-channel 4 = 0.303229
Trimmed average of values in readout-channel 1 = 6.158964
Trimmed average of values in readout-channel 2 = 5.831558
Trimmed average of values in readout-channel 3 = 6.024699
Trimmed average of values in readout-channel 4 = 6.362737
Darkdrift background term = 6.094490
...for data plane = 19
Darkdrift correction for readout-channel 1 = -0.394334
Darkdrift correction for readout-channel 2 = -0.069495
Darkdrift correction for readout-channel 3 = -0.123833
Darkdrift correction for readout-channel 4 = 0.587662
Darkdrift uncertainty for readout-channel 1 = 0.303365
Darkdrift uncertainty for readout-channel 2 = 0.302982
Darkdrift uncertainty for readout-channel 3 = 0.302895
Darkdrift uncertainty for readout-channel 4 = 0.302981
Trimmed average of values in readout-channel 1 = 5.383124
Trimmed average of values in readout-channel 2 = 5.707964
Trimmed average of values in readout-channel 3 = 5.653626
Trimmed average of values in readout-channel 4 = 6.365121
Darkdrift background term = 5.777459
...for data plane = 20
Darkdrift correction for readout-channel 1 = 0.258935
Darkdrift correction for readout-channel 2 = 0.073278
Darkdrift correction for readout-channel 3 = -0.392766
Darkdrift correction for readout-channel 4 = 0.060553
Darkdrift uncertainty for readout-channel 1 = 0.303491
Darkdrift uncertainty for readout-channel 2 = 0.302979
Darkdrift uncertainty for readout-channel 3 = 0.303620
Darkdrift uncertainty for readout-channel 4 = 0.302977
Trimmed average of values in readout-channel 1 = 6.066445
Trimmed average of values in readout-channel 2 = 5.880789
Trimmed average of values in readout-channel 3 = 5.414745
Trimmed average of values in readout-channel 4 = 5.868064
Darkdrift background term = 5.807511
...for data plane = 21
Darkdrift correction for readout-channel 1 = 0.313135
Darkdrift correction for readout-channel 2 = -0.695158
Darkdrift correction for readout-channel 3 = 0.208659
Darkdrift correction for readout-channel 4 = 0.173364
Darkdrift uncertainty for readout-channel 1 = 0.377159
Darkdrift uncertainty for readout-channel 2 = 0.302961
Darkdrift uncertainty for readout-channel 3 = 0.302978
Darkdrift uncertainty for readout-channel 4 = 0.303395
Trimmed average of values in readout-channel 1 = 6.240906
Trimmed average of values in readout-channel 2 = 5.232613
Trimmed average of values in readout-channel 3 = 6.136430
Trimmed average of values in readout-channel 4 = 6.101135
Darkdrift background term = 5.927771
...for data plane = 22
Darkdrift correction for readout-channel 1 = -0.324022
Darkdrift correction for readout-channel 2 = -0.033755
Darkdrift correction for readout-channel 3 = 0.256148
Darkdrift correction for readout-channel 4 = 0.101629
Darkdrift uncertainty for readout-channel 1 = 0.303226
Darkdrift uncertainty for readout-channel 2 = 0.301312
Darkdrift uncertainty for readout-channel 3 = 0.228765
Darkdrift uncertainty for readout-channel 4 = 0.303046
Trimmed average of values in readout-channel 1 = 5.645153
Trimmed average of values in readout-channel 2 = 5.935420
Trimmed average of values in readout-channel 3 = 6.225324
Trimmed average of values in readout-channel 4 = 6.070804
Darkdrift background term = 5.969175
...for data plane = 23
Darkdrift correction for readout-channel 1 = 0.364392
Darkdrift correction for readout-channel 2 = -0.465408
Darkdrift correction for readout-channel 3 = 0.228537
Darkdrift correction for readout-channel 4 = -0.127520
Darkdrift uncertainty for readout-channel 1 = 0.303467
Darkdrift uncertainty for readout-channel 2 = 0.304071
Darkdrift uncertainty for readout-channel 3 = 0.303609
Darkdrift uncertainty for readout-channel 4 = 0.338491
Trimmed average of values in readout-channel 1 = 6.169133
Trimmed average of values in readout-channel 2 = 5.339333
Trimmed average of values in readout-channel 3 = 6.033278
Trimmed average of values in readout-channel 4 = 5.677221
Darkdrift background term = 5.804741
...for data plane = 24
Darkdrift correction for readout-channel 1 = -0.063179
Darkdrift correction for readout-channel 2 = -0.150647
Darkdrift correction for readout-channel 3 = -0.184931
Darkdrift correction for readout-channel 4 = 0.398757
Darkdrift uncertainty for readout-channel 1 = 0.302977
Darkdrift uncertainty for readout-channel 2 = 0.302435
Darkdrift uncertainty for readout-channel 3 = 0.302563
Darkdrift uncertainty for readout-channel 4 = 0.302878
Trimmed average of values in readout-channel 1 = 6.315717
Trimmed average of values in readout-channel 2 = 6.228249
Trimmed average of values in readout-channel 3 = 6.193965
Trimmed average of values in readout-channel 4 = 6.777653
Darkdrift background term = 6.378896
...for data plane = 25
Darkdrift correction for readout-channel 1 = -0.038287
Darkdrift correction for readout-channel 2 = -0.413480
Darkdrift correction for readout-channel 3 = 0.268049
Darkdrift correction for readout-channel 4 = 0.183719
Darkdrift uncertainty for readout-channel 1 = 0.303593
Darkdrift uncertainty for readout-channel 2 = 0.304908
Darkdrift uncertainty for readout-channel 3 = 0.302921
Darkdrift uncertainty for readout-channel 4 = 0.302897
Trimmed average of values in readout-channel 1 = 5.709137
Trimmed average of values in readout-channel 2 = 5.333944
Trimmed average of values in readout-channel 3 = 6.015473
Trimmed average of values in readout-channel 4 = 5.931143
Darkdrift background term = 5.747424
...for data plane = 26
Darkdrift correction for readout-channel 1 = 0.061277
Darkdrift correction for readout-channel 2 = 0.134445
Darkdrift correction for readout-channel 3 = -0.194387
Darkdrift correction for readout-channel 4 = -0.001335
Darkdrift uncertainty for readout-channel 1 = 0.301025
Darkdrift uncertainty for readout-channel 2 = 0.302431
Darkdrift uncertainty for readout-channel 3 = 0.302971
Darkdrift uncertainty for readout-channel 4 = 0.302966
Trimmed average of values in readout-channel 1 = 5.741768
Trimmed average of values in readout-channel 2 = 5.814937
Trimmed average of values in readout-channel 3 = 5.486104
Trimmed average of values in readout-channel 4 = 5.679156
Darkdrift background term = 5.680491
...for data plane = 27
Darkdrift correction for readout-channel 1 = -0.006676
Darkdrift correction for readout-channel 2 = -0.005426
Darkdrift correction for readout-channel 3 = -0.265901
Darkdrift correction for readout-channel 4 = 0.278003
Darkdrift uncertainty for readout-channel 1 = 0.303237
Darkdrift uncertainty for readout-channel 2 = 0.302979
Darkdrift uncertainty for readout-channel 3 = 0.302974
Darkdrift uncertainty for readout-channel 4 = 0.303158
Trimmed average of values in readout-channel 1 = 6.147584
Trimmed average of values in readout-channel 2 = 6.148833
Trimmed average of values in readout-channel 3 = 5.888358
Trimmed average of values in readout-channel 4 = 6.432262
Darkdrift background term = 6.154259
...for data plane = 28
Darkdrift correction for readout-channel 1 = -0.297745
Darkdrift correction for readout-channel 2 = 0.356586
Darkdrift correction for readout-channel 3 = 0.219296
Darkdrift correction for readout-channel 4 = -0.278137
Darkdrift uncertainty for readout-channel 1 = 0.303880
Darkdrift uncertainty for readout-channel 2 = 0.303797
Darkdrift uncertainty for readout-channel 3 = 0.302981
Darkdrift uncertainty for readout-channel 4 = 0.302975
Trimmed average of values in readout-channel 1 = 5.194389
Trimmed average of values in readout-channel 2 = 5.848720
Trimmed average of values in readout-channel 3 = 5.711429
Trimmed average of values in readout-channel 4 = 5.213997
Darkdrift background term = 5.492134
...for data plane = 29
Darkdrift correction for readout-channel 1 = 0.111974
Darkdrift correction for readout-channel 2 = 0.000761
Darkdrift correction for readout-channel 3 = 0.116740
Darkdrift correction for readout-channel 4 = -0.229475
Darkdrift uncertainty for readout-channel 1 = 0.303103
Darkdrift uncertainty for readout-channel 2 = 0.302971
Darkdrift uncertainty for readout-channel 3 = 0.303231
Darkdrift uncertainty for readout-channel 4 = 0.303126
Trimmed average of values in readout-channel 1 = 6.246838
Trimmed average of values in readout-channel 2 = 6.135625
Trimmed average of values in readout-channel 3 = 6.251604
Trimmed average of values in readout-channel 4 = 5.905388
Darkdrift background term = 6.134864
...for data plane = 30
Darkdrift correction for readout-channel 1 = -0.007556
Darkdrift correction for readout-channel 2 = -0.370497
Darkdrift correction for readout-channel 3 = 0.192799
Darkdrift correction for readout-channel 4 = 0.185254
Darkdrift uncertainty for readout-channel 1 = 0.302585
Darkdrift uncertainty for readout-channel 2 = 0.302976
Darkdrift uncertainty for readout-channel 3 = 0.303041
Darkdrift uncertainty for readout-channel 4 = 0.378457
Trimmed average of values in readout-channel 1 = 5.977964
Trimmed average of values in readout-channel 2 = 5.615023
Trimmed average of values in readout-channel 3 = 6.178319
Trimmed average of values in readout-channel 4 = 6.170775
Darkdrift background term = 5.985520
...for data plane = 31
Darkdrift correction for readout-channel 1 = 0.109279
Darkdrift correction for readout-channel 2 = -0.187409
Darkdrift correction for readout-channel 3 = -0.383777
Darkdrift correction for readout-channel 4 = 0.461908
Darkdrift uncertainty for readout-channel 1 = 0.303370
Darkdrift uncertainty for readout-channel 2 = 0.302975
Darkdrift uncertainty for readout-channel 3 = 0.303617
Darkdrift uncertainty for readout-channel 4 = 0.302969
Trimmed average of values in readout-channel 1 = 5.952710
Trimmed average of values in readout-channel 2 = 5.656022
Trimmed average of values in readout-channel 3 = 5.459654
Trimmed average of values in readout-channel 4 = 6.305339
Darkdrift background term = 5.843431
...for data plane = 32
Darkdrift correction for readout-channel 1 = 0.175262
Darkdrift correction for readout-channel 2 = -0.070368
Darkdrift correction for readout-channel 3 = -0.303331
Darkdrift correction for readout-channel 4 = 0.198437
Darkdrift uncertainty for readout-channel 1 = 0.303095
Darkdrift uncertainty for readout-channel 2 = 0.302964
Darkdrift uncertainty for readout-channel 3 = 0.302970
Darkdrift uncertainty for readout-channel 4 = 0.302997
Trimmed average of values in readout-channel 1 = 6.092108
Trimmed average of values in readout-channel 2 = 5.846478
Trimmed average of values in readout-channel 3 = 5.613514
Trimmed average of values in readout-channel 4 = 6.115282
Darkdrift background term = 5.916845
...for data plane = 33
Darkdrift correction for readout-channel 1 = -0.070819
Darkdrift correction for readout-channel 2 = -0.560703
Darkdrift correction for readout-channel 3 = 0.019456
Darkdrift correction for readout-channel 4 = 0.612067
Darkdrift uncertainty for readout-channel 1 = 0.302979
Darkdrift uncertainty for readout-channel 2 = 0.302979
Darkdrift uncertainty for readout-channel 3 = 0.302984
Darkdrift uncertainty for readout-channel 4 = 0.303306
Trimmed average of values in readout-channel 1 = 5.820147
Trimmed average of values in readout-channel 2 = 5.330262
Trimmed average of values in readout-channel 3 = 5.910422
Trimmed average of values in readout-channel 4 = 6.503033
Darkdrift background term = 5.890966
...for data plane = 34
Darkdrift correction for readout-channel 1 = -0.105637
Darkdrift correction for readout-channel 2 = 0.108375
Darkdrift correction for readout-channel 3 = -0.048784
Darkdrift correction for readout-channel 4 = 0.046046
Darkdrift uncertainty for readout-channel 1 = 0.302835
Darkdrift uncertainty for readout-channel 2 = 0.303258
Darkdrift uncertainty for readout-channel 3 = 0.303293
Darkdrift uncertainty for readout-channel 4 = 0.303231
Trimmed average of values in readout-channel 1 = 5.538882
Trimmed average of values in readout-channel 2 = 5.752894
Trimmed average of values in readout-channel 3 = 5.595735
Trimmed average of values in readout-channel 4 = 5.690565
Darkdrift background term = 5.644519
...for data plane = 35
Darkdrift correction for readout-channel 1 = 0.091353
Darkdrift correction for readout-channel 2 = 0.285814
Darkdrift correction for readout-channel 3 = -0.401634
Darkdrift correction for readout-channel 4 = 0.024467
Darkdrift uncertainty for readout-channel 1 = 0.302718
Darkdrift uncertainty for readout-channel 2 = 0.302686
Darkdrift uncertainty for readout-channel 3 = 0.378716
Darkdrift uncertainty for readout-channel 4 = 0.303438
Trimmed average of values in readout-channel 1 = 5.820505
Trimmed average of values in readout-channel 2 = 6.014966
Trimmed average of values in readout-channel 3 = 5.327518
Trimmed average of values in readout-channel 4 = 5.753619
Darkdrift background term = 5.729152
...for data plane = 36
Darkdrift correction for readout-channel 1 = -0.198857
Darkdrift correction for readout-channel 2 = -0.190834
Darkdrift correction for readout-channel 3 = 0.099944
Darkdrift correction for readout-channel 4 = 0.289747
Darkdrift uncertainty for readout-channel 1 = 0.228525
Darkdrift uncertainty for readout-channel 2 = 0.302964
Darkdrift uncertainty for readout-channel 3 = 0.302968
Darkdrift uncertainty for readout-channel 4 = 0.302990
Trimmed average of values in readout-channel 1 = 5.656382
Trimmed average of values in readout-channel 2 = 5.664404
Trimmed average of values in readout-channel 3 = 5.955183
Trimmed average of values in readout-channel 4 = 6.144985
Darkdrift background term = 5.855239
...for data plane = 37
Darkdrift correction for readout-channel 1 = 0.117996
Darkdrift correction for readout-channel 2 = -0.262940
Darkdrift correction for readout-channel 3 = 0.465584
Darkdrift correction for readout-channel 4 = -0.320640
Darkdrift uncertainty for readout-channel 1 = 0.303485
Darkdrift uncertainty for readout-channel 2 = 0.303790
Darkdrift uncertainty for readout-channel 3 = 0.303368
Darkdrift uncertainty for readout-channel 4 = 0.303296
Trimmed average of values in readout-channel 1 = 5.629739
Trimmed average of values in readout-channel 2 = 5.248803
Trimmed average of values in readout-channel 3 = 5.977327
Trimmed average of values in readout-channel 4 = 5.191103
Darkdrift background term = 5.511743
...for data plane = 38
Darkdrift correction for readout-channel 1 = 0.070448
Darkdrift correction for readout-channel 2 = -0.592053
Darkdrift correction for readout-channel 3 = 0.219550
Darkdrift correction for readout-channel 4 = 0.302055
Darkdrift uncertainty for readout-channel 1 = 0.302847
Darkdrift uncertainty for readout-channel 2 = 0.303247
Darkdrift uncertainty for readout-channel 3 = 0.303389
Darkdrift uncertainty for readout-channel 4 = 0.302960
Trimmed average of values in readout-channel 1 = 5.978123
Trimmed average of values in readout-channel 2 = 5.315622
Trimmed average of values in readout-channel 3 = 6.127225
Trimmed average of values in readout-channel 4 = 6.209731
Darkdrift background term = 5.907675
...for data plane = 39
Darkdrift correction for readout-channel 1 = 0.107733
Darkdrift correction for readout-channel 2 = -0.265907
Darkdrift correction for readout-channel 3 = -0.068378
Darkdrift correction for readout-channel 4 = 0.226551
Darkdrift uncertainty for readout-channel 1 = 0.303880
Darkdrift uncertainty for readout-channel 2 = 0.302972
Darkdrift uncertainty for readout-channel 3 = 0.303528
Darkdrift uncertainty for readout-channel 4 = 0.303487
Trimmed average of values in readout-channel 1 = 5.549006
Trimmed average of values in readout-channel 2 = 5.175366
Trimmed average of values in readout-channel 3 = 5.372895
Trimmed average of values in readout-channel 4 = 5.667824
Darkdrift background term = 5.441273
...for data plane = 40
Darkdrift correction for readout-channel 1 = 0.097796
Darkdrift correction for readout-channel 2 = -0.430337
Darkdrift correction for readout-channel 3 = -0.135058
Darkdrift correction for readout-channel 4 = 0.467598
Darkdrift uncertainty for readout-channel 1 = 0.303104
Darkdrift uncertainty for readout-channel 2 = 0.302968
Darkdrift uncertainty for readout-channel 3 = 0.302985
Darkdrift uncertainty for readout-channel 4 = 0.302981
Trimmed average of values in readout-channel 1 = 5.730558
Trimmed average of values in readout-channel 2 = 5.202426
Trimmed average of values in readout-channel 3 = 5.497705
Trimmed average of values in readout-channel 4 = 6.100361
Darkdrift background term = 5.632762
...for data plane = 41
Darkdrift correction for readout-channel 1 = -0.143990
Darkdrift correction for readout-channel 2 = -0.029913
Darkdrift correction for readout-channel 3 = -0.056647
Darkdrift correction for readout-channel 4 = 0.230550
Darkdrift uncertainty for readout-channel 1 = 0.302978
Darkdrift uncertainty for readout-channel 2 = 0.303260
Darkdrift uncertainty for readout-channel 3 = 0.303308
Darkdrift uncertainty for readout-channel 4 = 0.227251
Trimmed average of values in readout-channel 1 = 5.841073
Trimmed average of values in readout-channel 2 = 5.955151
Trimmed average of values in readout-channel 3 = 5.928417
Trimmed average of values in readout-channel 4 = 6.215614
Darkdrift background term = 5.985064
...for data plane = 42
Darkdrift correction for readout-channel 1 = 0.397384
Darkdrift correction for readout-channel 2 = -0.344322
Darkdrift correction for readout-channel 3 = 0.017205
Darkdrift correction for readout-channel 4 = -0.070267
Darkdrift uncertainty for readout-channel 1 = 0.303233
Darkdrift uncertainty for readout-channel 2 = 0.302966
Darkdrift uncertainty for readout-channel 3 = 0.303048
Darkdrift uncertainty for readout-channel 4 = 0.302971
Trimmed average of values in readout-channel 1 = 6.114224
Trimmed average of values in readout-channel 2 = 5.372517
Trimmed average of values in readout-channel 3 = 5.734045
Trimmed average of values in readout-channel 4 = 5.646572
Darkdrift background term = 5.716839
...for data plane = 43
Darkdrift correction for readout-channel 1 = -0.215502
Darkdrift correction for readout-channel 2 = -0.567990
Darkdrift correction for readout-channel 3 = 0.297077
Darkdrift correction for readout-channel 4 = 0.486415
Darkdrift uncertainty for readout-channel 1 = 0.303367
Darkdrift uncertainty for readout-channel 2 = 0.302982
Darkdrift uncertainty for readout-channel 3 = 0.302734
Darkdrift uncertainty for readout-channel 4 = 0.303003
Trimmed average of values in readout-channel 1 = 5.262135
Trimmed average of values in readout-channel 2 = 4.909647
Trimmed average of values in readout-channel 3 = 5.774714
Trimmed average of values in readout-channel 4 = 5.964052
Darkdrift background term = 5.477637
...for data plane = 44
Darkdrift correction for readout-channel 1 = -0.269967
Darkdrift correction for readout-channel 2 = 0.142398
Darkdrift correction for readout-channel 3 = -0.092726
Darkdrift correction for readout-channel 4 = 0.220296
Darkdrift uncertainty for readout-channel 1 = 0.302978
Darkdrift uncertainty for readout-channel 2 = 0.302957
Darkdrift uncertainty for readout-channel 3 = 0.303121
Darkdrift uncertainty for readout-channel 4 = 0.303479
Trimmed average of values in readout-channel 1 = 5.588236
Trimmed average of values in readout-channel 2 = 6.000601
Trimmed average of values in readout-channel 3 = 5.765477
Trimmed average of values in readout-channel 4 = 6.078499
Darkdrift background term = 5.858203
...for data plane = 45
Darkdrift correction for readout-channel 1 = -0.337851
Darkdrift correction for readout-channel 2 = -0.210500
Darkdrift correction for readout-channel 3 = 0.261975
Darkdrift correction for readout-channel 4 = 0.286376
Darkdrift uncertainty for readout-channel 1 = 0.302441
Darkdrift uncertainty for readout-channel 2 = 0.303248
Darkdrift uncertainty for readout-channel 3 = 0.338706
Darkdrift uncertainty for readout-channel 4 = 0.378375
Trimmed average of values in readout-channel 1 = 5.295077
Trimmed average of values in readout-channel 2 = 5.422428
Trimmed average of values in readout-channel 3 = 5.894903
Trimmed average of values in readout-channel 4 = 5.919304
Darkdrift background term = 5.632928
...for data plane = 46
Darkdrift correction for readout-channel 1 = 0.571283
Darkdrift correction for readout-channel 2 = -0.290926
Darkdrift correction for readout-channel 3 = -0.135486
Darkdrift correction for readout-channel 4 = -0.144872
Darkdrift uncertainty for readout-channel 1 = 0.377940
Darkdrift uncertainty for readout-channel 2 = 0.302412
Darkdrift uncertainty for readout-channel 3 = 0.265217
Darkdrift uncertainty for readout-channel 4 = 0.302971
Trimmed average of values in readout-channel 1 = 6.289319
Trimmed average of values in readout-channel 2 = 5.427110
Trimmed average of values in readout-channel 3 = 5.582549
Trimmed average of values in readout-channel 4 = 5.573163
Darkdrift background term = 5.718035
...for data plane = 47
Darkdrift correction for readout-channel 1 = 0.024931
Darkdrift correction for readout-channel 2 = -0.321237
Darkdrift correction for readout-channel 3 = 0.088012
Darkdrift correction for readout-channel 4 = 0.208294
Darkdrift uncertainty for readout-channel 1 = 0.303456
Darkdrift uncertainty for readout-channel 2 = 0.303258
Darkdrift uncertainty for readout-channel 3 = 0.303298
Darkdrift uncertainty for readout-channel 4 = 0.303057
Trimmed average of values in readout-channel 1 = 5.724856
Trimmed average of values in readout-channel 2 = 5.378688
Trimmed average of values in readout-channel 3 = 5.787937
Trimmed average of values in readout-channel 4 = 5.908219
Darkdrift background term = 5.699925
...for data plane = 48
Darkdrift correction for readout-channel 1 = 0.159994
Darkdrift correction for readout-channel 2 = -0.228172
Darkdrift correction for readout-channel 3 = -0.145713
Darkdrift correction for readout-channel 4 = 0.213892
Darkdrift uncertainty for readout-channel 1 = 0.303109
Darkdrift uncertainty for readout-channel 2 = 0.302976
Darkdrift uncertainty for readout-channel 3 = 0.227801
Darkdrift uncertainty for readout-channel 4 = 0.303179
Trimmed average of values in readout-channel 1 = 5.725060
Trimmed average of values in readout-channel 2 = 5.336894
Trimmed average of values in readout-channel 3 = 5.419353
Trimmed average of values in readout-channel 4 = 5.778958
Darkdrift background term = 5.565066
...for data plane = 49
Darkdrift correction for readout-channel 1 = -0.278101
Darkdrift correction for readout-channel 2 = -0.152554
Darkdrift correction for readout-channel 3 = 0.238396
Darkdrift correction for readout-channel 4 = 0.192259
Darkdrift uncertainty for readout-channel 1 = 0.303879
Darkdrift uncertainty for readout-channel 2 = 0.302971
Darkdrift uncertainty for readout-channel 3 = 0.303075
Darkdrift uncertainty for readout-channel 4 = 0.303055
Trimmed average of values in readout-channel 1 = 5.752768
Trimmed average of values in readout-channel 2 = 5.878315
Trimmed average of values in readout-channel 3 = 6.269265
Trimmed average of values in readout-channel 4 = 6.223128
Darkdrift background term = 6.030869
...for data plane = 50
Darkdrift correction for readout-channel 1 = -0.155569
Darkdrift correction for readout-channel 2 = -0.446407
Darkdrift correction for readout-channel 3 = 0.214229
Darkdrift correction for readout-channel 4 = 0.387746
Darkdrift uncertainty for readout-channel 1 = 0.303496
Darkdrift uncertainty for readout-channel 2 = 0.304350
Darkdrift uncertainty for readout-channel 3 = 0.303050
Darkdrift uncertainty for readout-channel 4 = 0.303133
Trimmed average of values in readout-channel 1 = 5.675067
Trimmed average of values in readout-channel 2 = 5.384229
Trimmed average of values in readout-channel 3 = 6.044865
Trimmed average of values in readout-channel 4 = 6.218382
Darkdrift background term = 5.830636
...for data plane = 51
Darkdrift correction for readout-channel 1 = 0.244954
Darkdrift correction for readout-channel 2 = -0.167156
Darkdrift correction for readout-channel 3 = 0.090930
Darkdrift correction for readout-channel 4 = -0.168728
Darkdrift uncertainty for readout-channel 1 = 0.302959
Darkdrift uncertainty for readout-channel 2 = 0.302694
Darkdrift uncertainty for readout-channel 3 = 0.304500
Darkdrift uncertainty for readout-channel 4 = 0.302378
Trimmed average of values in readout-channel 1 = 5.801142
Trimmed average of values in readout-channel 2 = 5.389032
Trimmed average of values in readout-channel 3 = 5.647117
Trimmed average of values in readout-channel 4 = 5.387459
Darkdrift background term = 5.556188
...for data plane = 52
Darkdrift correction for readout-channel 1 = -0.232918
Darkdrift correction for readout-channel 2 = 0.239533
Darkdrift correction for readout-channel 3 = -0.051878
Darkdrift correction for readout-channel 4 = 0.045263
Darkdrift uncertainty for readout-channel 1 = 0.303738
Darkdrift uncertainty for readout-channel 2 = 0.303525
Darkdrift uncertainty for readout-channel 3 = 0.303445
Darkdrift uncertainty for readout-channel 4 = 0.302982
Trimmed average of values in readout-channel 1 = 5.742713
Trimmed average of values in readout-channel 2 = 6.215165
Trimmed average of values in readout-channel 3 = 5.923753
Trimmed average of values in readout-channel 4 = 6.020895
Darkdrift background term = 5.975632
...for data plane = 53
Darkdrift correction for readout-channel 1 = -0.070729
Darkdrift correction for readout-channel 2 = -0.604028
Darkdrift correction for readout-channel 3 = 0.438348
Darkdrift correction for readout-channel 4 = 0.236408
Darkdrift uncertainty for readout-channel 1 = 0.303101
Darkdrift uncertainty for readout-channel 2 = 0.303518
Darkdrift uncertainty for readout-channel 3 = 0.303531
Darkdrift uncertainty for readout-channel 4 = 0.302867
Trimmed average of values in readout-channel 1 = 5.529066
Trimmed average of values in readout-channel 2 = 4.995766
Trimmed average of values in readout-channel 3 = 6.038143
Trimmed average of values in readout-channel 4 = 5.836203
Darkdrift background term = 5.599794
...for data plane = 54
Darkdrift correction for readout-channel 1 = 0.411730
Darkdrift correction for readout-channel 2 = -0.082674
Darkdrift correction for readout-channel 3 = -0.357973
Darkdrift correction for readout-channel 4 = 0.028917
Darkdrift uncertainty for readout-channel 1 = 0.303490
Darkdrift uncertainty for readout-channel 2 = 0.302978
Darkdrift uncertainty for readout-channel 3 = 0.302973
Darkdrift uncertainty for readout-channel 4 = 0.302961
Trimmed average of values in readout-channel 1 = 6.066224
Trimmed average of values in readout-channel 2 = 5.571820
Trimmed average of values in readout-channel 3 = 5.296521
Trimmed average of values in readout-channel 4 = 5.683411
Darkdrift background term = 5.654494
...for data plane = 55
Darkdrift correction for readout-channel 1 = -0.318479
Darkdrift correction for readout-channel 2 = -0.506373
Darkdrift correction for readout-channel 3 = 0.981949
Darkdrift correction for readout-channel 4 = -0.157097
Darkdrift uncertainty for readout-channel 1 = 0.302869
Darkdrift uncertainty for readout-channel 2 = 0.302414
Darkdrift uncertainty for readout-channel 3 = 0.303142
Darkdrift uncertainty for readout-channel 4 = 0.302964
Trimmed average of values in readout-channel 1 = 5.337476
Trimmed average of values in readout-channel 2 = 5.149582
Trimmed average of values in readout-channel 3 = 6.637904
Trimmed average of values in readout-channel 4 = 5.498859
Darkdrift background term = 5.655955
...for data plane = 56
Darkdrift correction for readout-channel 1 = -0.237530
Darkdrift correction for readout-channel 2 = -0.055163
Darkdrift correction for readout-channel 3 = 0.076965
Darkdrift correction for readout-channel 4 = 0.215728
Darkdrift uncertainty for readout-channel 1 = 0.303740
Darkdrift uncertainty for readout-channel 2 = 0.302146
Darkdrift uncertainty for readout-channel 3 = 0.378630
Darkdrift uncertainty for readout-channel 4 = 0.303636
Trimmed average of values in readout-channel 1 = 5.553846
Trimmed average of values in readout-channel 2 = 5.736213
Trimmed average of values in readout-channel 3 = 5.868340
Trimmed average of values in readout-channel 4 = 6.007104
Darkdrift background term = 5.791376
...for data plane = 57
Darkdrift correction for readout-channel 1 = 0.218668
Darkdrift correction for readout-channel 2 = -0.217745
Darkdrift correction for readout-channel 3 = 0.109445
Darkdrift correction for readout-channel 4 = -0.110369
Darkdrift uncertainty for readout-channel 1 = 0.303485
Darkdrift uncertainty for readout-channel 2 = 0.302699
Darkdrift uncertainty for readout-channel 3 = 0.303530
Darkdrift uncertainty for readout-channel 4 = 0.302984
Trimmed average of values in readout-channel 1 = 5.979315
Trimmed average of values in readout-channel 2 = 5.542902
Trimmed average of values in readout-channel 3 = 5.870091
Trimmed average of values in readout-channel 4 = 5.650278
Darkdrift background term = 5.760647
...for data plane = 58
Darkdrift correction for readout-channel 1 = 0.093426
Darkdrift correction for readout-channel 2 = -0.114712
Darkdrift correction for readout-channel 3 = 0.111640
Darkdrift correction for readout-channel 4 = -0.090354
Darkdrift uncertainty for readout-channel 1 = 0.303596
Darkdrift uncertainty for readout-channel 2 = 0.302980
Darkdrift uncertainty for readout-channel 3 = 0.378477
Darkdrift uncertainty for readout-channel 4 = 0.378290
Trimmed average of values in readout-channel 1 = 1.000992
Trimmed average of values in readout-channel 2 = 0.792854
Trimmed average of values in readout-channel 3 = 1.019206
Trimmed average of values in readout-channel 4 = 0.817212
Darkdrift background term = 0.907566
...for data plane = 59
Darkdrift correction for readout-channel 1 = -0.668037
Darkdrift correction for readout-channel 2 = -0.018967
Darkdrift correction for readout-channel 3 = 0.424278
Darkdrift correction for readout-channel 4 = 0.262726
Darkdrift uncertainty for readout-channel 1 = 0.302966
Darkdrift uncertainty for readout-channel 2 = 0.302145
Darkdrift uncertainty for readout-channel 3 = 0.302984
Darkdrift uncertainty for readout-channel 4 = 0.302972
Trimmed average of values in readout-channel 1 = 4.608599
Trimmed average of values in readout-channel 2 = 5.257669
Trimmed average of values in readout-channel 3 = 5.700914
Trimmed average of values in readout-channel 4 = 5.539362
Darkdrift background term = 5.276636
...for data plane = 60
Darkdrift correction for readout-channel 1 = 0.359974
Darkdrift correction for readout-channel 2 = -0.067881
Darkdrift correction for readout-channel 3 = 0.036842
Darkdrift correction for readout-channel 4 = -0.328935
Darkdrift uncertainty for readout-channel 1 = 0.303006
Darkdrift uncertainty for readout-channel 2 = 0.302964
Darkdrift uncertainty for readout-channel 3 = 0.303140
Darkdrift uncertainty for readout-channel 4 = 0.303471
Trimmed average of values in readout-channel 1 = 5.749229
Trimmed average of values in readout-channel 2 = 5.321373
Trimmed average of values in readout-channel 3 = 5.426096
Trimmed average of values in readout-channel 4 = 5.060319
Darkdrift background term = 5.389254
...for data plane = 61
Darkdrift correction for readout-channel 1 = -0.036190
Darkdrift correction for readout-channel 2 = -0.255668
Darkdrift correction for readout-channel 3 = 0.146110
Darkdrift correction for readout-channel 4 = 0.145748
Darkdrift uncertainty for readout-channel 1 = 0.302969
Darkdrift uncertainty for readout-channel 2 = 0.302991
Darkdrift uncertainty for readout-channel 3 = 0.303780
Darkdrift uncertainty for readout-channel 4 = 0.303320
Trimmed average of values in readout-channel 1 = 5.754806
Trimmed average of values in readout-channel 2 = 5.535328
Trimmed average of values in readout-channel 3 = 5.937106
Trimmed average of values in readout-channel 4 = 5.936744
Darkdrift background term = 5.790996
...for data plane = 62
Darkdrift correction for readout-channel 1 = 0.076521
Darkdrift correction for readout-channel 2 = -0.089754
Darkdrift correction for readout-channel 3 = 0.038544
Darkdrift correction for readout-channel 4 = -0.025310
Darkdrift uncertainty for readout-channel 1 = 0.303231
Darkdrift uncertainty for readout-channel 2 = 0.302973
Darkdrift uncertainty for readout-channel 3 = 0.303140
Darkdrift uncertainty for readout-channel 4 = 0.303055
Trimmed average of values in readout-channel 1 = 5.370275
Trimmed average of values in readout-channel 2 = 5.204000
Trimmed average of values in readout-channel 3 = 5.332298
Trimmed average of values in readout-channel 4 = 5.268444
Darkdrift background term = 5.293754
...for data plane = 63
Darkdrift correction for readout-channel 1 = 0.228153
Darkdrift correction for readout-channel 2 = -0.320671
Darkdrift correction for readout-channel 3 = 0.069498
Darkdrift correction for readout-channel 4 = 0.023019
Darkdrift uncertainty for readout-channel 1 = 0.302983
Darkdrift uncertainty for readout-channel 2 = 0.302138
Darkdrift uncertainty for readout-channel 3 = 0.302969
Darkdrift uncertainty for readout-channel 4 = 0.302717
Trimmed average of values in readout-channel 1 = 5.931026
Trimmed average of values in readout-channel 2 = 5.382202
Trimmed average of values in readout-channel 3 = 5.772371
Trimmed average of values in readout-channel 4 = 5.725892
Darkdrift background term = 5.702873
...for data plane = 64
Darkdrift correction for readout-channel 1 = 0.085836
Darkdrift correction for readout-channel 2 = -0.022754
Darkdrift correction for readout-channel 3 = -0.309076
Darkdrift correction for readout-channel 4 = 0.245994
Darkdrift uncertainty for readout-channel 1 = 0.297776
Darkdrift uncertainty for readout-channel 2 = 0.303536
Darkdrift uncertainty for readout-channel 3 = 0.303214
Darkdrift uncertainty for readout-channel 4 = 0.303721
Trimmed average of values in readout-channel 1 = 5.849250
Trimmed average of values in readout-channel 2 = 5.740660
Trimmed average of values in readout-channel 3 = 5.454338
Trimmed average of values in readout-channel 4 = 6.009409
Darkdrift background term = 5.763414

Program darkdrift: Status Message: 0x0000
Normal exit from Function 0x0000: LOG_WRITER
darkdrift Warning: NaN's were produced in the results.
A total of     2013   NaN's were produced in the results.
Processing time: 11.270000 seconds
Current date/time: Sat Jan  9 14:56:45 2016
Program darkdrift, version 4.1, terminated.

darkdrift   exit_value =   0    execution_time = 11.370s
******************************************************************
Pipeline executing flatap
flatap -i darkdrift.fits -p cal/pmask.fits -f cal/skyflat.fits -ui sig_darkdrift.fits -uo sig_flatap.fits -d dmask.fits -o flatap.fits -c cal/skyflat_cmask.fits 
******************************************************************
Pipeline Module FLATAP Version 1.5
Processing time Sat Jan  9 14:56:45 2016

flatap_parse_namelist: Information only: Namelist not specified.
Sat Jan  9 14:56:45 2016
flatap_log_writer: Could not open Log File, using stdout
Flatap Version 1.5
Namelist File  = 
Input DCE = darkdrift.fits
Output DCE = !flatap.fits
Flatfield = cal/skyflat.fits
Input Uncertainty = sig_darkdrift.fits
Output Uncertainty = !sig_flatap.fits
Pmask File = cal/pmask.fits
Pmask Mask = 128
Dmask File = dmask.fits
Dmask Mask = 16384
Cmask File = cal/skyflat_cmask.fits
Cmask Mask = 256
Trans CAL File = 
Trans CAL CMask File = 
Processing Log File = 
Time =    0.17 seconds
*********************

Time = 0.170 seconds
exit code 0

flatap   exit_value =   0    execution_time = 0.240s
******************************************************************
Pipeline executing imfliprot
imfliprot -i flatap.fits -n cdf/pn107.nl -a /sos/sw/S19.2.0/STUDIO/downlink/include -o imfliprot.fits 
******************************************************************

imfliprot_log_writer: Printing Log output to stdout

Program imfliprot, Version 1.0
Namelist File  = cdf/pn107.nl
Input File = flatap.fits
Output File = imfliprot.fits
Image has been flipped
Image Rotation (degrees)  = 180
Ancillary Data-File Path = /sos/sw/S19.2.0/STUDIO/downlink/include
Verbose flag = 0
Debug flag = 0
imfliprot Status Message      0x0000: Normal exit from Function 0x0000: LOG_WRITER
Processing time: 0.190000 seconds
Current date/time: Sat Jan  9 14:56:45 2016
Program imfliprot, version 1.0, terminated.


imfliprot   exit_value =   0    execution_time = 0.220s
******************************************************************
Pipeline executing imfliprot
imfliprot -i sig_flatap.fits -n cdf/pn107.nl -a /sos/sw/S19.2.0/STUDIO/downlink/include -o sig_imfliprot.fits 
******************************************************************

imfliprot_log_writer: Printing Log output to stdout

Program imfliprot, Version 1.0
Namelist File  = cdf/pn107.nl
Input File = sig_flatap.fits
Output File = sig_imfliprot.fits
Image has been flipped
Image Rotation (degrees)  = 180
Ancillary Data-File Path = /sos/sw/S19.2.0/STUDIO/downlink/include
Verbose flag = 0
Debug flag = 0
imfliprot Status Message      0x0000: Normal exit from Function 0x0000: LOG_WRITER
Processing time: 0.180000 seconds
Current date/time: Sat Jan  9 14:56:46 2016
Program imfliprot, version 1.0, terminated.


imfliprot   exit_value =   0    execution_time = 0.230s
******************************************************************
Pipeline executing imfliprot
imfliprot -i dmask.fits -n cdf/pn107.nl -a /sos/sw/S19.2.0/STUDIO/downlink/include -o temp_dmask.fits 
******************************************************************

imfliprot_log_writer: Printing Log output to stdout

Program imfliprot, Version 1.0
Namelist File  = cdf/pn107.nl
Input File = dmask.fits
Output File = temp_dmask.fits
Image has been flipped
Image Rotation (degrees)  = 180
Ancillary Data-File Path = /sos/sw/S19.2.0/STUDIO/downlink/include
Verbose flag = 0
Debug flag = 0
imfliprot Status Message      0x0000: Normal exit from Function 0x0000: LOG_WRITER
Processing time: 0.060000 seconds
Current date/time: Sat Jan  9 14:56:46 2016
Program imfliprot, version 1.0, terminated.


imfliprot   exit_value =   0    execution_time = 0.100s
******************************************************************
Pipeline executing imfliprot
imfliprot -i fowlinearize.fits -n cdf/pn107.nl -a /sos/sw/S19.2.0/STUDIO/downlink/include -o temp_fowlinearize.fits 
******************************************************************

imfliprot_log_writer: Printing Log output to stdout

Program imfliprot, Version 1.0
Namelist File  = cdf/pn107.nl
Input File = fowlinearize.fits
Output File = temp_fowlinearize.fits
Image has been flipped
Image Rotation (degrees)  = 180
Ancillary Data-File Path = /sos/sw/S19.2.0/STUDIO/downlink/include
Verbose flag = 0
Debug flag = 0
imfliprot Status Message      0x0000: Normal exit from Function 0x0000: LOG_WRITER
Processing time: 0.090000 seconds
Current date/time: Sat Jan  9 14:56:46 2016
Program imfliprot, version 1.0, terminated.


imfliprot   exit_value =   0    execution_time = 0.130s
******************************************************************
Pipeline executing imfliprot
imfliprot -i sig_fowlinearize.fits -n cdf/pn107.nl -a /sos/sw/S19.2.0/STUDIO/downlink/include -o temp_sig_fowlinearize.fits 
******************************************************************

imfliprot_log_writer: Printing Log output to stdout

Program imfliprot, Version 1.0
Namelist File  = cdf/pn107.nl
Input File = sig_fowlinearize.fits
Output File = temp_sig_fowlinearize.fits
Image has been flipped
Image Rotation (degrees)  = 180
Ancillary Data-File Path = /sos/sw/S19.2.0/STUDIO/downlink/include
Verbose flag = 0
Debug flag = 0
imfliprot Status Message      0x0000: Normal exit from Function 0x0000: LOG_WRITER
Processing time: 0.100000 seconds
Current date/time: Sat Jan  9 14:56:46 2016
Program imfliprot, version 1.0, terminated.


imfliprot   exit_value =   0    execution_time = 0.140s
******************************************************************
Pipeline executing dntoflux
dntoflux -i imfliprot.fits -iu sig_imfliprot.fits -n cdf/pn107.nl -co 0 -c 0.1447 -u 0.0000 -a /sos/sw/S19.2.0/STUDIO/downlink/include -o1 dntoflux.fits -ou sig_dntoflux.fits -t 1 
******************************************************************

Program dntoflux, Version 4.2
Namelist File  = cdf/pn107.nl
Input Image = imfliprot.fits
Output File 1 = dntoflux.fits
Output Uncertainty Image = sig_dntoflux.fits
Operation flag = 0
Conversion factor = 0.144700
Input Uncertainty Image = sig_imfliprot.fits
Conversion-factor uncertainty = 0.000000
Output BUNIT setting = MJy/sr
Normalize-by-EXPTIME Flag = 1
EXPTIME = 1.920000
Data-Plane Flag = 1
Ancillary Data-File Path = /sos/sw/S19.2.0/STUDIO/downlink/include
Verbose flag = 0
Super-verbose flag = 0
Debug flag = 0
Terminating data-units-conversion program.
dntoflux Status Message: 0x0000
Normal exit from Function 0x0000: LOG_WRITER
dntoflux Probs Warning: NaN's were produced in the results.
A total of     4026   NaN's were produced in the results.
Processing time: 0.430000 seconds
Current date/time: Sat Jan  9 14:56:47 2016
Program dntoflux, version 4.2, terminated.

dntoflux   exit_value =   0    execution_time = 0.560s
******************************************************************
Pipeline executing qatool
qatool -i dntoflux.fits -n cdf/pn107.nl -nb QATOOLBCD -a /sos/sw/S19.2.0/STUDIO/downlink/include -o qa/BCD_qatool 
******************************************************************
qatool_parse_namelist: Information only: Namelist block-name = &QATOOLBCD
Program qatool, Version 6.0
Namelist File  = cdf/pn107.nl
Input File = dntoflux.fits
Output Data Filename Base = qa/BCD_qatool
Statistics Group = 0
Percent-Scaling Flag = 0
Calculation Type = 1
(set-up to do additional computations for four readout channels)
Number of Mean Absolute Deviations for Histogram Half-Width Coverage = 5
Number of Bins in Histograms = 41
Central fraction for trimmed average = 0.810000
Central fraction for trimmed std. dev. = 0.720000
Bad-pixel tolerance fraction = 0.900000
Statistics Box X position = 3
Statistics Box Y position = 4
Statistics Box X width = 20
Statistics Box Y height = 23
Input-Image Transpose Flag = 1
Unsigned Integer Flag = 0
Data-Plane Flag = 1
Number Edge Rows/Cols Skipped = 2
Keyword Prefix = bcd
Ancillary Data-File Path = /sos/sw/S19.2.0/STUDIO/downlink/include
Verbose flag = 0
Super-verbose flag = 0
Debug flag = 0
Performed statistical and histogram calculations.
Program qatool: Status Message: 0x0000
Normal exit from Function 0x0000: LOG_WRITER
Processing time: 1.190000 seconds
Current date/time: Sat Jan  9 14:56:48 2016
Program qatool, version 6.0, terminated.

qatool   exit_value =   0    execution_time = 1.270s
******************************************************************
Pipeline executing chkmask
chkmask dmask.fits -q qa/BCD_qatool.qa 
******************************************************************
 chkmask vsn 1.35 A40312
 
 No. of occurrences of the   2 status combinations:
   2269 occurrences of   256 (8)                                 
   8 occurrences of   16 (4)                                 
 
 Status Bit: No. of Pixels
   0:   0
   1:   0
   2:   0
   3:   0
   4:   8
   5:   0
   6:   0
   7:   0
   8:   2269
   9:   0
   10:   0
   11:   0
   12:   0
   13:   0
   14:   0
 

chkmask   exit_value =   0    execution_time = 0.260s
******************************************************************
Loading QA information for DCE and BCD product
Keyword APDUV1E not found in header
Keyword APDUV2E not found in header
Keyword APDUV3E not found in header
Keyword APDUI1E not found in header
Keyword APDUI2E not found in header
Keyword APDUI3E not found in header
Could not append keyword APDUV1E to QA file qa/DCE_qatool.qa
Could not append keyword APDUV2E to QA file qa/DCE_qatool.qa
Could not append keyword APDUV3E to QA file qa/DCE_qatool.qa
Could not append keyword APDUI1E to QA file qa/DCE_qatool.qa
Could not append keyword APDUI2E to QA file qa/DCE_qatool.qa
Could not append keyword APDUI3E to QA file qa/DCE_qatool.qa
******************************************************************
Pipeline executing qaloader
qaloader -i qa/DCE_qatool.qa -tablename qa_iracdce -o qa/qaloader.sql -role pipelineswrole 
******************************************************************
2016/01/09 14:56:50 BEGIN qaloader v1.13
 -i (QA_FILE) qa/DCE_qatool.qa
 -tablename (TABLENAME) qa_iracdce
 -o (SQL_FILE) qa/qaloader.sql
 -role (ROLE) pipelineswrole
Using metadata version 13.0b
table name=qa_iracdce

QA values ingested:
{-4.621030e+01} {}
dceAveFI_1       -4.621030e+01 
{-5.007893e+01} {}
dceAveR1_1       -5.007893e+01 
{-2.971646e+01} {}
dceAveR2_1       -2.971646e+01 
{-3.282203e+01} {}
dceAveR3_1       -3.282203e+01 
{-7.222379e+01} {}
dceAveR4_1       -7.222379e+01 
{-2.200000e+01} {-5.007893e+01}
dceMedFI_1       -2.200000e+01 
{3.037933e+02} {}
dceSdevFI_1      3.037933e+02 
{4.770400e+00} {}
dceDSclFI_1      4.770400e+00 
{-8.828000e+03} {}
dceMinFI_1       -8.828000e+03 
{1.400000e+01} {}
dceMaxFI_1       1.400000e+01 
{147809642} {}
DCEID            147809642 
{2} {-4.621030e+01}
CHNLNUM          2 
{0} {}
ADCEID           0 
{8} {}
AFOWLNUM         8 
{184} {}
AWAITPER         184 
{0} {}
AWEASIDE         0 
{1} {}
AREADMOD         1 
{27.699513} {}
AFPAT1B          27.699513 
{28.669623} {}
AFPAT2B          28.669623 
{0} {}
APEDSIG          0 
{0} {}
ATXSTAT          0 
{0} {}
AFLSTAT          0 
{4} {}
ASHSTAT          4 
{-3.5591532} {}
AVRSTBEG         -3.5591532 
{-3.056874} {}
AVDETBEG         -3.056874 
{-3.6191892} {}
AVGG1BEG         -3.6191892 
{-3.550644} {}
AVDDUBEG         -3.550644 
{0} {}
AVGGCBEG         0 
{20.925428} {}
ACTENDT          20.925428 
{19.138934} {}
AFPECTE          19.138934 
{22.47267} {}
AFPEATE          22.47267 
{23.394375} {}
ATCTEMPE         23.394375 
{20.894947} {}
ACETEMPE         20.894947 
{20.803505} {}
APDTEMPE         20.803505 
{27.671961} {}
ACATMP2E         27.671961 
2016/01/09 14:56:50 END   qaloader status=0

qaloader   exit_value =   0    execution_time = 0.090s
******************************************************************
Pipeline executing qaloader
qaloader -i qa/BCD_qatool.qa -tablename qa_iracdp -o qa/qaloader.sql 
******************************************************************
2016/01/09 14:56:50 BEGIN qaloader v1.13
 -i (QA_FILE) qa/BCD_qatool.qa
 -tablename (TABLENAME) qa_iracdp
 -o (SQL_FILE) qa/qaloader.sql
Using metadata version 13.0b
table name=qa_iracdp

QA values ingested:
{2.579734e+00} {}
bcdAveFI_1       2.579734e+00 
{4.019410e+00} {}
bcdAveUB_1       4.019410e+00 
{5.850980e-01} {}
bcdMedFI_1       5.850980e-01 
{6.574937e-01} {}
bcdMedUB_1       6.574937e-01 
{2.547036e+01} {}
bcdSdevFI_1      2.547036e+01 
{3.318392e+01} {}
bcdSdevUB_1      3.318392e+01 
{4.295760e-01} {}
bcdDSclFI_1      4.295760e-01 
{5.028175e-01} {}
bcdDSclUB_1      5.028175e-01 
{-4.566473e-01} {}
bcdMinFI_1       -4.566473e-01 
{-3.876761e-01} {}
bcdMinUB_1       -3.876761e-01 
{6.716251e+02} {}
bcdMaxFI_1       6.716251e+02 
{6.716251e+02} {}
bcdMaxUB_1       6.716251e+02 
{5.696020e-01} {}
bcdC68lFI_1      5.696020e-01 
{6.133283e-01} {}
bcdC68uFI_1      6.133283e-01 
{391692963} {}
DPID             391692963 
{2} {2.579734e+00}
CHNLNUM          2 
2016/01/09 14:56:50 END   qaloader status=0

qaloader   exit_value =   0    execution_time = 0.130s
******************************************************************
Pipeline executing dbaccess
dbaccess -e sodb qa/qaloader.sql 
******************************************************************
set role pipelineswrole;
set lock mode to wait 30;
EXECUTE PROCEDURE addQA_iracdce (147809642, NULL, NULL, 2, -4.621030e+01, 
-2.200000e+01, -5.007893e+01, -2.971646e+01, -3.282203e+01, -7.222379e+01, 
3.037933e+02, 4.770400e+00, -8.828000e+03, 1.400000e+01, 0, 8, 184, 0, 1, 
27.699513, 28.669623, 0, 0, 0, 4, -3.5591532, -3.056874, -3.6191892, -3.550644, 
0, 20.925428, 19.138934, 22.47267, 23.394375, 20.894947, 20.803505, 27.671961, 
NULL, NULL, NULL, NULL, NULL, NULL);
EXECUTE PROCEDURE addQA_iracdp (391692963, NULL, NULL, 2, 2.579734e+00, 
4.019410e+00, 5.850980e-01, 6.574937e-01, 2.547036e+01, 3.318392e+01, 
4.295760e-01, 5.028175e-01, -4.566473e-01, -3.876761e-01, 6.716251e+02, 
6.716251e+02, 5.696020e-01, 6.133283e-01, NULL, NULL, NULL, NULL, NULL, NULL);
execute procedure setDceTimeParameters (147809642, 1037066861.880, "2012-11-11 02:01:21.547", 1.92, 2.00);

dbaccess   exit_value =   0    execution_time = 0.140s
******************************************************************
Finishing IRAC science pipeline processing
Could not copy cal/firstframe_corr.fits to /sbx20/S19.2.0/archive/proc/full/IRAC033400/bcd/4568/0046471424/2/0220/0000/17/01/1/cal/firstframe_corr.fits
Could not copy imask.fits to /sbx20/S19.2.0/archive/proc/full/IRAC033400/bcd/4568/0046471424/2/0220/0000/17/01/1/imask.fits
Could not copy muxbleedcorr.fits to /sbx20/S19.2.0/archive/proc/full/IRAC033400/bcd/4568/0046471424/2/0220/0000/17/01/1/muxbleedcorr.fits
Could not copy slremove.fits to /sbx20/S19.2.0/archive/proc/full/IRAC033400/bcd/4568/0046471424/2/0220/0000/17/01/1/slremove.fits
******************************************************************
PlScriptID 17 exiting Saturday, January  9, 2016  2:56:52 PM PST
Host: sopipe89
Local Processing Directory: /scr4/S19.2.0/IRAC033400/bcd/4568/0046471424/2/0220/0000/17/01/1
Sandbox Directory: /sbx20/S19.2.0/archive/proc/full/IRAC033400/bcd/4568/0046471424/2/0220/0000/17/01/1
Processing time: total 27.12 s (user 0.97, system 1.14, child user 16.34, child system 8.67)
Pipeline exit code: Normal exit (0)
******************************************************************
